2020-07-14 20:55:11,811	INFO	--width 160 --height 160 --ball 1.0 --ball-size 2.0 --snell 1.0 --snell-width 80.0 --snell-change 0.0 --snell-visible none --paddle-speed 1.0 --paddle-angle 60.0 --paddle-length 20.0 --update-prob 0.3 --state binary --learning-rate 0.0001 --network dqn_pong_model --render False --epsdecay 1000 --episodes 4000 --replay 10000 --checkpoint dqn_pong_model --history history.p --store-dir ../experiments/paddle_angle.60.0-update_prob.0.3-snell.1.0 
2020-07-14 20:55:11,811	INFO	Device: cuda
2020-07-14 20:58:42,818	INFO	Total steps: 14509	Episode: 20/760	Avg reward: -18.30	Avg steps: 724
2020-07-14 21:06:37,267	INFO	Total steps: 28633	Episode: 40/661	Avg reward: -18.40	Avg steps: 705
2020-07-14 21:15:18,086	INFO	Total steps: 44066	Episode: 60/623	Avg reward: -18.45	Avg steps: 770
2020-07-14 21:24:18,108	INFO	Total steps: 60037	Episode: 80/847	Avg reward: -18.85	Avg steps: 797
2020-07-14 21:33:26,307	INFO	Total steps: 76308	Episode: 100/599	Avg reward: -18.15	Avg steps: 812
2020-07-14 21:41:43,149	INFO	Total steps: 91054	Episode: 120/946	Avg reward: -19.00	Avg steps: 736
2020-07-14 21:49:20,763	INFO	Total steps: 106576	Episode: 140/668	Avg reward: -17.85	Avg steps: 775
2020-07-14 21:57:20,371	INFO	Total steps: 123862	Episode: 160/771	Avg reward: -18.40	Avg steps: 863
2020-07-14 22:05:02,504	INFO	Total steps: 140355	Episode: 180/887	Avg reward: -18.50	Avg steps: 823
2020-07-14 22:13:35,770	INFO	Total steps: 158656	Episode: 200/1566	Avg reward: -18.05	Avg steps: 914
2020-07-14 22:22:09,860	INFO	Total steps: 177020	Episode: 220/834	Avg reward: -17.60	Avg steps: 917
2020-07-14 22:30:39,413	INFO	Total steps: 195167	Episode: 240/673	Avg reward: -17.60	Avg steps: 906
2020-07-14 22:39:06,844	INFO	Total steps: 213236	Episode: 260/826	Avg reward: -17.55	Avg steps: 902
2020-07-14 22:47:41,331	INFO	Total steps: 231643	Episode: 280/667	Avg reward: -17.45	Avg steps: 919
2020-07-14 22:56:52,399	INFO	Total steps: 251420	Episode: 300/922	Avg reward: -17.00	Avg steps: 987
2020-07-14 23:08:01,742	INFO	Total steps: 275329	Episode: 320/1235	Avg reward: -16.35	Avg steps: 1194
2020-07-14 23:18:51,556	INFO	Total steps: 298569	Episode: 340/764	Avg reward: -15.80	Avg steps: 1161
2020-07-14 23:29:03,302	INFO	Total steps: 320352	Episode: 360/808	Avg reward: -16.10	Avg steps: 1088
2020-07-14 23:39:27,969	INFO	Total steps: 342541	Episode: 380/1187	Avg reward: -16.45	Avg steps: 1108
2020-07-14 23:49:41,546	INFO	Total steps: 364464	Episode: 400/1349	Avg reward: -15.15	Avg steps: 1095
2020-07-15 00:00:34,768	INFO	Total steps: 387676	Episode: 420/1334	Avg reward: -16.25	Avg steps: 1159
2020-07-15 00:11:34,219	INFO	Total steps: 411155	Episode: 440/1245	Avg reward: -14.95	Avg steps: 1172
2020-07-15 00:23:09,072	INFO	Total steps: 435882	Episode: 460/741	Avg reward: -14.95	Avg steps: 1235
2020-07-15 00:34:27,310	INFO	Total steps: 460012	Episode: 480/1036	Avg reward: -15.40	Avg steps: 1205
2020-07-15 00:47:44,625	INFO	Total steps: 488396	Episode: 500/969	Avg reward: -14.00	Avg steps: 1418
2020-07-15 00:59:41,720	INFO	Total steps: 513773	Episode: 520/1526	Avg reward: -14.35	Avg steps: 1267
2020-07-15 01:12:58,966	INFO	Total steps: 542064	Episode: 540/1717	Avg reward: -13.65	Avg steps: 1413
2020-07-15 01:25:46,281	INFO	Total steps: 569148	Episode: 560/1648	Avg reward: -13.45	Avg steps: 1353
2020-07-15 01:39:21,078	INFO	Total steps: 597861	Episode: 580/1275	Avg reward: -13.55	Avg steps: 1434
2020-07-15 01:53:52,136	INFO	Total steps: 628525	Episode: 600/1205	Avg reward: -13.15	Avg steps: 1532
2020-07-15 02:07:19,548	INFO	Total steps: 656916	Episode: 620/1851	Avg reward: -12.85	Avg steps: 1418
2020-07-15 02:22:02,578	INFO	Total steps: 688031	Episode: 640/1433	Avg reward: -12.60	Avg steps: 1554
2020-07-15 02:36:16,484	INFO	Total steps: 718323	Episode: 660/1426	Avg reward: -13.35	Avg steps: 1513
2020-07-15 02:49:23,688	INFO	Total steps: 746377	Episode: 680/1562	Avg reward: -14.20	Avg steps: 1401
2020-07-15 03:05:17,978	INFO	Total steps: 780223	Episode: 700/1991	Avg reward: -9.70	Avg steps: 1691
2020-07-15 03:20:50,940	INFO	Total steps: 813270	Episode: 720/1525	Avg reward: -11.30	Avg steps: 1651
2020-07-15 03:37:17,905	INFO	Total steps: 848285	Episode: 740/1640	Avg reward: -9.85	Avg steps: 1749
2020-07-15 03:55:28,153	INFO	Total steps: 886914	Episode: 760/1487	Avg reward: -8.70	Avg steps: 1930
2020-07-15 04:15:58,939	INFO	Total steps: 930544	Episode: 780/2479	Avg reward: -7.50	Avg steps: 2180
2020-07-15 04:34:29,913	INFO	Total steps: 969907	Episode: 800/2438	Avg reward: -8.10	Avg steps: 1967
2020-07-15 04:52:40,628	INFO	Total steps: 1008498	Episode: 820/2478	Avg reward: -8.80	Avg steps: 1928
2020-07-15 05:11:38,422	INFO	Total steps: 1049062	Episode: 840/2150	Avg reward: -7.15	Avg steps: 2027
2020-07-15 05:30:50,474	INFO	Total steps: 1089888	Episode: 860/3064	Avg reward: -7.40	Avg steps: 2040
2020-07-15 05:50:25,190	INFO	Total steps: 1131055	Episode: 880/2107	Avg reward: -5.50	Avg steps: 2057
2020-07-15 06:09:28,169	INFO	Total steps: 1170944	Episode: 900/2802	Avg reward: -6.90	Avg steps: 1993
2020-07-15 06:29:11,239	INFO	Total steps: 1212490	Episode: 920/2071	Avg reward: -5.25	Avg steps: 2076
2020-07-15 06:50:14,878	INFO	Total steps: 1257068	Episode: 940/1702	Avg reward: -3.55	Avg steps: 2227
2020-07-15 07:11:18,875	INFO	Total steps: 1301676	Episode: 960/2057	Avg reward: -3.10	Avg steps: 2229
2020-07-15 07:31:17,610	INFO	Total steps: 1344117	Episode: 980/2014	Avg reward: -3.40	Avg steps: 2121
2020-07-15 07:52:37,907	INFO	Total steps: 1389863	Episode: 1000/2636	Avg reward: -2.75	Avg steps: 2286
2020-07-15 08:12:59,304	INFO	Total steps: 1433335	Episode: 1020/1814	Avg reward: -2.05	Avg steps: 2172
2020-07-15 08:32:33,513	INFO	Total steps: 1475086	Episode: 1040/1859	Avg reward: -5.05	Avg steps: 2086
2020-07-15 08:55:43,755	INFO	Total steps: 1524547	Episode: 1060/2289	Avg reward: -0.70	Avg steps: 2472
2020-07-15 09:15:14,554	INFO	Total steps: 1565858	Episode: 1080/1671	Avg reward: -3.30	Avg steps: 2064
2020-07-15 09:35:46,789	INFO	Total steps: 1609592	Episode: 1100/1724	Avg reward: -3.70	Avg steps: 2185
2020-07-15 09:58:49,495	INFO	Total steps: 1658555	Episode: 1120/2566	Avg reward: -0.50	Avg steps: 2447
2020-07-15 10:19:41,488	INFO	Total steps: 1702735	Episode: 1140/2308	Avg reward: -1.25	Avg steps: 2208
2020-07-15 10:42:54,084	INFO	Total steps: 1751615	Episode: 1160/2470	Avg reward: -0.60	Avg steps: 2443
2020-07-15 11:05:52,435	INFO	Total steps: 1799786	Episode: 1180/2865	Avg reward: 2.55	Avg steps: 2407
2020-07-15 11:29:15,981	INFO	Total steps: 1848935	Episode: 1200/1590	Avg reward: 1.55	Avg steps: 2456
2020-07-15 11:52:33,889	INFO	Total steps: 1897883	Episode: 1220/2405	Avg reward: 0.75	Avg steps: 2446
2020-07-15 12:15:55,710	INFO	Total steps: 1946874	Episode: 1240/2766	Avg reward: 1.60	Avg steps: 2448
2020-07-15 12:39:37,524	INFO	Total steps: 1996689	Episode: 1260/2386	Avg reward: 1.90	Avg steps: 2489
2020-07-15 13:02:17,598	INFO	Total steps: 2044337	Episode: 1280/2976	Avg reward: 5.00	Avg steps: 2381
2020-07-15 13:25:48,188	INFO	Total steps: 2093720	Episode: 1300/2003	Avg reward: 3.90	Avg steps: 2468
2020-07-15 13:49:21,839	INFO	Total steps: 2143201	Episode: 1320/2423	Avg reward: 6.15	Avg steps: 2473
2020-07-15 14:12:00,018	INFO	Total steps: 2190346	Episode: 1340/2570	Avg reward: 6.35	Avg steps: 2356
2020-07-15 14:34:49,746	INFO	Total steps: 2237600	Episode: 1360/2953	Avg reward: 7.60	Avg steps: 2361
2020-07-15 14:57:58,847	INFO	Total steps: 2285754	Episode: 1380/2256	Avg reward: 7.20	Avg steps: 2406
2020-07-15 15:18:28,985	INFO	Total steps: 2328904	Episode: 1400/1747	Avg reward: 6.15	Avg steps: 2156
2020-07-15 15:39:15,431	INFO	Total steps: 2372658	Episode: 1420/2087	Avg reward: 5.45	Avg steps: 2186
2020-07-15 16:01:19,950	INFO	Total steps: 2419188	Episode: 1440/3382	Avg reward: 8.00	Avg steps: 2325
2020-07-15 16:23:14,045	INFO	Total steps: 2464951	Episode: 1460/1772	Avg reward: 6.90	Avg steps: 2287
2020-07-15 16:47:37,440	INFO	Total steps: 2515873	Episode: 1480/2677	Avg reward: 5.40	Avg steps: 2545
2020-07-15 17:07:56,460	INFO	Total steps: 2558413	Episode: 1500/2211	Avg reward: 8.05	Avg steps: 2126
2020-07-15 17:30:19,027	INFO	Total steps: 2604790	Episode: 1520/2835	Avg reward: 7.50	Avg steps: 2317
2020-07-15 17:51:53,458	INFO	Total steps: 2649447	Episode: 1540/1628	Avg reward: 9.40	Avg steps: 2231
2020-07-15 18:13:06,170	INFO	Total steps: 2693758	Episode: 1560/2127	Avg reward: 9.55	Avg steps: 2214
2020-07-15 18:34:50,875	INFO	Total steps: 2738869	Episode: 1580/2009	Avg reward: 8.45	Avg steps: 2254
2020-07-15 18:56:21,821	INFO	Total steps: 2784165	Episode: 1600/1713	Avg reward: 8.20	Avg steps: 2263
2020-07-15 19:19:17,965	INFO	Total steps: 2832046	Episode: 1620/2731	Avg reward: 7.00	Avg steps: 2393
2020-07-15 19:42:16,060	INFO	Total steps: 2879996	Episode: 1640/2424	Avg reward: 8.25	Avg steps: 2396
2020-07-15 20:04:17,804	INFO	Total steps: 2925962	Episode: 1660/2286	Avg reward: 8.80	Avg steps: 2297
2020-07-15 20:23:58,332	INFO	Total steps: 2967140	Episode: 1680/2353	Avg reward: 11.05	Avg steps: 2057
2020-07-15 20:44:15,876	INFO	Total steps: 3009665	Episode: 1700/2020	Avg reward: 11.50	Avg steps: 2125
2020-07-15 21:05:02,370	INFO	Total steps: 3053150	Episode: 1720/1905	Avg reward: 9.00	Avg steps: 2173
2020-07-15 21:26:24,947	INFO	Total steps: 3097994	Episode: 1740/1889	Avg reward: 10.00	Avg steps: 2241
2020-07-15 21:48:35,487	INFO	Total steps: 3144565	Episode: 1760/2234	Avg reward: 11.55	Avg steps: 2327
2020-07-15 22:08:35,990	INFO	Total steps: 3186873	Episode: 1780/2394	Avg reward: 10.95	Avg steps: 2114
2020-07-15 22:29:11,239	INFO	Total steps: 3229916	Episode: 1800/2186	Avg reward: 10.05	Avg steps: 2151
2020-07-15 22:50:33,870	INFO	Total steps: 3274329	Episode: 1820/1975	Avg reward: 13.50	Avg steps: 2219
2020-07-15 23:11:43,098	INFO	Total steps: 3316594	Episode: 1840/1990	Avg reward: 12.30	Avg steps: 2112
2020-07-15 23:32:23,952	INFO	Total steps: 3357964	Episode: 1860/2097	Avg reward: 11.80	Avg steps: 2067
2020-07-15 23:54:20,644	INFO	Total steps: 3402183	Episode: 1880/2132	Avg reward: 11.75	Avg steps: 2209
2020-07-16 00:16:24,408	INFO	Total steps: 3446804	Episode: 1900/2368	Avg reward: 11.35	Avg steps: 2230
2020-07-16 00:38:23,782	INFO	Total steps: 3491356	Episode: 1920/2649	Avg reward: 11.10	Avg steps: 2226
2020-07-16 00:57:34,001	INFO	Total steps: 3530262	Episode: 1940/1396	Avg reward: 12.90	Avg steps: 1944
2020-07-16 01:18:41,061	INFO	Total steps: 3572665	Episode: 1960/1942	Avg reward: 13.05	Avg steps: 2119
2020-07-16 01:39:02,986	INFO	Total steps: 3613822	Episode: 1980/2240	Avg reward: 13.25	Avg steps: 2056
2020-07-16 02:00:56,861	INFO	Total steps: 3657590	Episode: 2000/1870	Avg reward: 12.40	Avg steps: 2187
2020-07-16 02:21:53,726	INFO	Total steps: 3700037	Episode: 2020/1881	Avg reward: 13.60	Avg steps: 2121
2020-07-16 02:41:09,770	INFO	Total steps: 3739185	Episode: 2040/2424	Avg reward: 14.65	Avg steps: 1956
2020-07-16 03:01:05,516	INFO	Total steps: 3779199	Episode: 2060/1931	Avg reward: 13.00	Avg steps: 1999
2020-07-16 03:20:50,074	INFO	Total steps: 3818748	Episode: 2080/1730	Avg reward: 14.00	Avg steps: 1976
2020-07-16 03:43:36,137	INFO	Total steps: 3864191	Episode: 2100/2447	Avg reward: 13.40	Avg steps: 2271
2020-07-16 04:04:53,102	INFO	Total steps: 3907042	Episode: 2120/1996	Avg reward: 12.90	Avg steps: 2141
2020-07-16 04:25:29,081	INFO	Total steps: 3948790	Episode: 2140/2148	Avg reward: 13.40	Avg steps: 2086
2020-07-16 04:44:22,201	INFO	Total steps: 3986758	Episode: 2160/1864	Avg reward: 14.70	Avg steps: 1897
2020-07-16 05:03:32,619	INFO	Total steps: 4025341	Episode: 2180/1888	Avg reward: 14.10	Avg steps: 1928
2020-07-16 05:22:43,654	INFO	Total steps: 4064160	Episode: 2200/1903	Avg reward: 14.65	Avg steps: 1939
2020-07-16 05:42:57,926	INFO	Total steps: 4105002	Episode: 2220/1506	Avg reward: 14.60	Avg steps: 2041
2020-07-16 06:03:06,788	INFO	Total steps: 4145560	Episode: 2240/2069	Avg reward: 14.15	Avg steps: 2026
2020-07-16 06:22:25,057	INFO	Total steps: 4184243	Episode: 2260/1537	Avg reward: 15.20	Avg steps: 1933
2020-07-16 06:42:06,794	INFO	Total steps: 4223465	Episode: 2280/2530	Avg reward: 14.25	Avg steps: 1960
2020-07-16 07:02:44,380	INFO	Total steps: 4264607	Episode: 2300/2186	Avg reward: 14.05	Avg steps: 2056
2020-07-16 07:22:04,246	INFO	Total steps: 4303113	Episode: 2320/2542	Avg reward: 14.75	Avg steps: 1924
2020-07-16 07:40:51,978	INFO	Total steps: 4340538	Episode: 2340/1572	Avg reward: 14.70	Avg steps: 1870
2020-07-16 08:00:23,101	INFO	Total steps: 4379639	Episode: 2360/2055	Avg reward: 15.55	Avg steps: 1954
2020-07-16 08:19:40,308	INFO	Total steps: 4418320	Episode: 2380/2282	Avg reward: 15.05	Avg steps: 1933
2020-07-16 08:41:34,384	INFO	Total steps: 4462136	Episode: 2400/1900	Avg reward: 13.20	Avg steps: 2189
2020-07-16 09:01:03,339	INFO	Total steps: 4501107	Episode: 2420/2472	Avg reward: 14.80	Avg steps: 1947
2020-07-16 09:20:34,604	INFO	Total steps: 4540228	Episode: 2440/1842	Avg reward: 14.85	Avg steps: 1955
2020-07-16 09:39:35,377	INFO	Total steps: 4578093	Episode: 2460/2266	Avg reward: 16.30	Avg steps: 1892
2020-07-16 09:59:10,035	INFO	Total steps: 4617707	Episode: 2480/1691	Avg reward: 14.90	Avg steps: 1979
2020-07-16 10:18:30,128	INFO	Total steps: 4656853	Episode: 2500/1949	Avg reward: 15.90	Avg steps: 1956
2020-07-16 10:37:18,121	INFO	Total steps: 4694708	Episode: 2520/2581	Avg reward: 15.00	Avg steps: 1891
2020-07-16 10:55:52,970	INFO	Total steps: 4731943	Episode: 2540/1867	Avg reward: 14.85	Avg steps: 1860
2020-07-16 11:14:48,689	INFO	Total steps: 4769800	Episode: 2560/1840	Avg reward: 15.00	Avg steps: 1891
2020-07-16 11:36:21,693	INFO	Total steps: 4812737	Episode: 2580/2164	Avg reward: 14.55	Avg steps: 2145
2020-07-16 11:55:46,673	INFO	Total steps: 4851340	Episode: 2600/1978	Avg reward: 16.10	Avg steps: 1929
2020-07-16 12:15:35,370	INFO	Total steps: 4890731	Episode: 2620/2116	Avg reward: 14.90	Avg steps: 1968
2020-07-16 12:35:49,757	INFO	Total steps: 4931115	Episode: 2640/2011	Avg reward: 15.65	Avg steps: 2018
2020-07-16 12:55:54,617	INFO	Total steps: 4971534	Episode: 2660/2078	Avg reward: 13.95	Avg steps: 2019
2020-07-16 13:15:30,916	INFO	Total steps: 5010859	Episode: 2680/1948	Avg reward: 15.25	Avg steps: 1965
2020-07-16 13:33:08,817	INFO	Total steps: 5046232	Episode: 2700/1571	Avg reward: 15.90	Avg steps: 1767
2020-07-16 13:51:28,240	INFO	Total steps: 5083116	Episode: 2720/1963	Avg reward: 15.75	Avg steps: 1843
2020-07-16 14:09:22,011	INFO	Total steps: 5118958	Episode: 2740/2139	Avg reward: 15.75	Avg steps: 1791
2020-07-16 14:28:48,293	INFO	Total steps: 5158106	Episode: 2760/1864	Avg reward: 16.20	Avg steps: 1956
2020-07-16 14:47:24,140	INFO	Total steps: 5195321	Episode: 2780/1675	Avg reward: 15.60	Avg steps: 1859
2020-07-16 15:06:44,591	INFO	Total steps: 5233728	Episode: 2800/2196	Avg reward: 15.65	Avg steps: 1919
2020-07-16 15:26:38,826	INFO	Total steps: 5272939	Episode: 2820/2518	Avg reward: 15.95	Avg steps: 1959
2020-07-16 15:45:20,582	INFO	Total steps: 5310395	Episode: 2840/2213	Avg reward: 14.45	Avg steps: 1871
2020-07-16 16:03:10,198	INFO	Total steps: 5346195	Episode: 2860/1624	Avg reward: 16.30	Avg steps: 1789
2020-07-16 16:22:27,468	INFO	Total steps: 5384651	Episode: 2880/1993	Avg reward: 15.90	Avg steps: 1921
2020-07-16 16:42:38,553	INFO	Total steps: 5424926	Episode: 2900/2176	Avg reward: 15.50	Avg steps: 2012
2020-07-16 17:01:08,248	INFO	Total steps: 5461932	Episode: 2920/1714	Avg reward: 15.80	Avg steps: 1849
2020-07-16 17:20:14,845	INFO	Total steps: 5500161	Episode: 2940/1941	Avg reward: 16.20	Avg steps: 1910
2020-07-16 17:38:28,842	INFO	Total steps: 5536722	Episode: 2960/2232	Avg reward: 15.20	Avg steps: 1827
2020-07-16 17:57:08,547	INFO	Total steps: 5573715	Episode: 2980/1546	Avg reward: 16.35	Avg steps: 1848
2020-07-16 18:14:59,336	INFO	Total steps: 5609411	Episode: 3000/1572	Avg reward: 15.60	Avg steps: 1783
2020-07-16 18:35:14,371	INFO	Total steps: 5649741	Episode: 3020/2009	Avg reward: 15.40	Avg steps: 2015
2020-07-16 18:55:37,529	INFO	Total steps: 5689947	Episode: 3040/1748	Avg reward: 15.15	Avg steps: 2009
2020-07-16 19:15:29,888	INFO	Total steps: 5729101	Episode: 3060/1864	Avg reward: 15.85	Avg steps: 1956
2020-07-16 19:34:07,656	INFO	Total steps: 5765412	Episode: 3080/1993	Avg reward: 16.50	Avg steps: 1814
2020-07-16 19:54:03,621	INFO	Total steps: 5804542	Episode: 3100/1775	Avg reward: 15.20	Avg steps: 1955
2020-07-16 20:13:47,586	INFO	Total steps: 5843316	Episode: 3120/1983	Avg reward: 15.95	Avg steps: 1937
2020-07-16 20:31:35,377	INFO	Total steps: 5878458	Episode: 3140/1605	Avg reward: 16.55	Avg steps: 1756
2020-07-16 20:46:46,398	INFO	Total steps: 5914491	Episode: 3160/1734	Avg reward: 15.95	Avg steps: 1800
2020-07-16 21:02:19,180	INFO	Total steps: 5951763	Episode: 3180/1827	Avg reward: 16.95	Avg steps: 1862
2020-07-16 21:17:41,570	INFO	Total steps: 5988744	Episode: 3200/1613	Avg reward: 15.70	Avg steps: 1848
2020-07-16 21:32:43,182	INFO	Total steps: 6024842	Episode: 3220/1753	Avg reward: 16.60	Avg steps: 1803
2020-07-16 21:47:33,260	INFO	Total steps: 6060079	Episode: 3240/2135	Avg reward: 16.25	Avg steps: 1760
2020-07-16 22:03:02,514	INFO	Total steps: 6096762	Episode: 3260/1733	Avg reward: 16.55	Avg steps: 1833
2020-07-16 22:19:00,035	INFO	Total steps: 6134532	Episode: 3280/2069	Avg reward: 16.95	Avg steps: 1887
2020-07-16 22:35:08,386	INFO	Total steps: 6171997	Episode: 3300/1511	Avg reward: 16.45	Avg steps: 1872
2020-07-16 22:51:16,984	INFO	Total steps: 6208542	Episode: 3320/1791	Avg reward: 15.25	Avg steps: 1826
2020-07-16 23:07:57,691	INFO	Total steps: 6247105	Episode: 3340/1964	Avg reward: 15.65	Avg steps: 1927
2020-07-16 23:24:29,769	INFO	Total steps: 6285324	Episode: 3360/2284	Avg reward: 15.65	Avg steps: 1909
2020-07-16 23:41:10,692	INFO	Total steps: 6323823	Episode: 3380/1938	Avg reward: 16.25	Avg steps: 1923
2020-07-16 23:57:51,216	INFO	Total steps: 6362925	Episode: 3400/2275	Avg reward: 15.15	Avg steps: 1954
2020-07-17 00:13:33,026	INFO	Total steps: 6399487	Episode: 3420/1838	Avg reward: 15.80	Avg steps: 1827
2020-07-17 00:28:43,209	INFO	Total steps: 6435109	Episode: 3440/1670	Avg reward: 17.20	Avg steps: 1780
2020-07-17 00:45:50,139	INFO	Total steps: 6475532	Episode: 3460/1807	Avg reward: 14.90	Avg steps: 2020
2020-07-17 01:00:57,933	INFO	Total steps: 6511382	Episode: 3480/2529	Avg reward: 16.85	Avg steps: 1791
2020-07-17 01:15:53,176	INFO	Total steps: 6546744	Episode: 3500/1586	Avg reward: 17.05	Avg steps: 1767
2020-07-17 01:31:59,960	INFO	Total steps: 6584410	Episode: 3520/1617	Avg reward: 17.00	Avg steps: 1882
2020-07-17 01:46:08,544	INFO	Total steps: 6617763	Episode: 3540/1379	Avg reward: 17.25	Avg steps: 1666
2020-07-17 02:01:52,594	INFO	Total steps: 6655054	Episode: 3560/2308	Avg reward: 17.30	Avg steps: 1863
2020-07-17 02:18:38,619	INFO	Total steps: 6694202	Episode: 3580/1770	Avg reward: 15.75	Avg steps: 1956
2020-07-17 02:34:57,395	INFO	Total steps: 6731199	Episode: 3600/1607	Avg reward: 16.25	Avg steps: 1848
2020-07-17 02:51:43,077	INFO	Total steps: 6769542	Episode: 3620/2019	Avg reward: 16.05	Avg steps: 1916
2020-07-17 03:07:08,495	INFO	Total steps: 6805316	Episode: 3640/1802	Avg reward: 16.15	Avg steps: 1787
2020-07-17 03:23:30,023	INFO	Total steps: 6843790	Episode: 3660/1687	Avg reward: 16.90	Avg steps: 1922
2020-07-17 03:39:22,574	INFO	Total steps: 6881014	Episode: 3680/2274	Avg reward: 17.10	Avg steps: 1860
2020-07-17 03:55:52,448	INFO	Total steps: 6919396	Episode: 3700/1389	Avg reward: 16.90	Avg steps: 1918
2020-07-17 04:10:54,918	INFO	Total steps: 6954398	Episode: 3720/1651	Avg reward: 17.60	Avg steps: 1749
2020-07-17 04:26:03,444	INFO	Total steps: 6989362	Episode: 3740/1473	Avg reward: 17.35	Avg steps: 1747
2020-07-17 04:42:39,703	INFO	Total steps: 7027236	Episode: 3760/2489	Avg reward: 17.05	Avg steps: 1892
2020-07-17 04:59:00,846	INFO	Total steps: 7064385	Episode: 3780/2074	Avg reward: 16.70	Avg steps: 1856
2020-07-17 05:16:11,086	INFO	Total steps: 7104017	Episode: 3800/1617	Avg reward: 16.30	Avg steps: 1980
2020-07-17 05:31:58,048	INFO	Total steps: 7140537	Episode: 3820/1793	Avg reward: 16.80	Avg steps: 1825
2020-07-17 05:48:11,918	INFO	Total steps: 7178669	Episode: 3840/1557	Avg reward: 17.15	Avg steps: 1905
2020-07-17 06:04:35,556	INFO	Total steps: 7216491	Episode: 3860/2106	Avg reward: 16.55	Avg steps: 1890
2020-07-17 06:21:19,379	INFO	Total steps: 7255404	Episode: 3880/2388	Avg reward: 16.25	Avg steps: 1944
2020-07-17 06:37:24,263	INFO	Total steps: 7292407	Episode: 3900/1750	Avg reward: 16.75	Avg steps: 1849
2020-07-17 06:53:31,389	INFO	Total steps: 7329630	Episode: 3920/1642	Avg reward: 16.40	Avg steps: 1860
2020-07-17 07:08:48,666	INFO	Total steps: 7365345	Episode: 3940/1597	Avg reward: 16.65	Avg steps: 1784
2020-07-17 07:26:07,065	INFO	Total steps: 7405727	Episode: 3960/2117	Avg reward: 15.45	Avg steps: 2018
2020-07-17 07:42:30,771	INFO	Total steps: 7444578	Episode: 3980/2616	Avg reward: 16.55	Avg steps: 1941
2020-07-17 07:57:58,620	INFO	Total steps: 7480697	Episode: 4000/1767	Avg reward: 16.80	Avg steps: 1804
2020-07-21 20:17:08,337	INFO	--width 160 --height 160 --ball 1.0 --ball-size 2.0 --snell 1.0 --snell-width 80.0 --snell-change 0.0 --snell-visible none --paddle-speed 1.0 --paddle-angle 60.0 --paddle-length 20.0 --update-prob 0.3 --state binary --learning-rate 0.0001 --network dqn_pong_model --render False --epsdecay 1000 --episodes 4000 --replay 10000 --batch-size 32 --checkpoint dqn_pong_model --history history.p --store-dir ../experiments/paddle_angle.60.0-update_prob.0.3-snell.1.0 
2020-07-21 20:17:08,695	INFO	Device: cuda
2020-07-21 20:22:39,379	INFO	Total steps: 13964	Episode: 20/805	Avg reward: -18.75	Avg steps: 697
2020-07-21 20:28:49,765	INFO	Total steps: 28909	Episode: 40/671	Avg reward: -18.10	Avg steps: 746
2020-07-21 20:35:16,617	INFO	Total steps: 44559	Episode: 60/894	Avg reward: -18.95	Avg steps: 781
2020-07-21 20:41:52,464	INFO	Total steps: 60517	Episode: 80/1046	Avg reward: -18.55	Avg steps: 796
2020-07-21 20:49:00,514	INFO	Total steps: 77733	Episode: 100/842	Avg reward: -17.65	Avg steps: 859
2020-07-21 20:56:24,546	INFO	Total steps: 95486	Episode: 120/946	Avg reward: -18.30	Avg steps: 886
2020-07-21 21:03:21,329	INFO	Total steps: 112123	Episode: 140/765	Avg reward: -18.55	Avg steps: 830
2020-07-21 21:10:53,179	INFO	Total steps: 130124	Episode: 160/1098	Avg reward: -18.05	Avg steps: 899
2020-07-21 21:18:46,665	INFO	Total steps: 149011	Episode: 180/1355	Avg reward: -18.20	Avg steps: 943
2020-07-21 21:27:36,309	INFO	Total steps: 170033	Episode: 200/992	Avg reward: -17.40	Avg steps: 1050
2020-07-21 21:36:45,736	INFO	Total steps: 191899	Episode: 220/1448	Avg reward: -17.10	Avg steps: 1092
2020-07-21 21:45:09,555	INFO	Total steps: 211857	Episode: 240/1293	Avg reward: -18.05	Avg steps: 996
2020-07-21 21:53:21,765	INFO	Total steps: 231554	Episode: 260/866	Avg reward: -17.55	Avg steps: 983
2020-07-21 22:03:04,838	INFO	Total steps: 254520	Episode: 280/1154	Avg reward: -17.80	Avg steps: 1147
2020-07-21 22:12:10,847	INFO	Total steps: 275978	Episode: 300/1350	Avg reward: -17.75	Avg steps: 1071
2020-07-21 22:21:35,170	INFO	Total steps: 298100	Episode: 320/1174	Avg reward: -17.95	Avg steps: 1105
2020-07-21 22:31:06,749	INFO	Total steps: 320724	Episode: 340/1042	Avg reward: -17.00	Avg steps: 1130
2020-07-21 22:39:23,570	INFO	Total steps: 340260	Episode: 360/1436	Avg reward: -17.90	Avg steps: 975
2020-07-21 22:50:12,269	INFO	Total steps: 365882	Episode: 380/1139	Avg reward: -17.05	Avg steps: 1280
2020-07-21 23:02:46,089	INFO	Total steps: 395477	Episode: 400/1587	Avg reward: -17.20	Avg steps: 1478
2020-07-21 23:14:50,807	INFO	Total steps: 423813	Episode: 420/1751	Avg reward: -16.40	Avg steps: 1415
2020-07-21 23:26:41,710	INFO	Total steps: 451747	Episode: 440/1322	Avg reward: -16.30	Avg steps: 1395
2020-07-21 23:40:00,339	INFO	Total steps: 482983	Episode: 460/1505	Avg reward: -16.20	Avg steps: 1560
2020-07-21 23:55:04,874	INFO	Total steps: 518270	Episode: 480/2293	Avg reward: -15.35	Avg steps: 1763
2020-07-22 00:08:30,609	INFO	Total steps: 550819	Episode: 500/1720	Avg reward: -15.40	Avg steps: 1626
2020-07-22 00:23:43,832	INFO	Total steps: 587585	Episode: 520/1103	Avg reward: -14.25	Avg steps: 1837
2020-07-22 00:37:58,428	INFO	Total steps: 621112	Episode: 540/2096	Avg reward: -15.55	Avg steps: 1675
2020-07-22 00:51:22,922	INFO	Total steps: 652461	Episode: 560/2206	Avg reward: -14.95	Avg steps: 1566
2020-07-22 01:05:39,555	INFO	Total steps: 686065	Episode: 580/1481	Avg reward: -13.90	Avg steps: 1679
2020-07-22 01:21:25,445	INFO	Total steps: 722726	Episode: 600/2023	Avg reward: -15.55	Avg steps: 1832
2020-07-22 01:36:23,443	INFO	Total steps: 757870	Episode: 620/1447	Avg reward: -13.45	Avg steps: 1756
2020-07-22 01:52:54,156	INFO	Total steps: 796540	Episode: 640/2279	Avg reward: -14.55	Avg steps: 1932
2020-07-22 02:10:18,490	INFO	Total steps: 837354	Episode: 660/2220	Avg reward: -14.60	Avg steps: 2039
2020-07-22 02:25:00,900	INFO	Total steps: 871823	Episode: 680/1599	Avg reward: -14.60	Avg steps: 1722
2020-07-22 02:42:13,746	INFO	Total steps: 912428	Episode: 700/3216	Avg reward: -13.40	Avg steps: 2029
2020-07-22 02:59:07,783	INFO	Total steps: 952320	Episode: 720/1764	Avg reward: -13.35	Avg steps: 1993
2020-07-22 03:16:11,735	INFO	Total steps: 992469	Episode: 740/2229	Avg reward: -13.45	Avg steps: 2006
2020-07-22 03:34:28,409	INFO	Total steps: 1035514	Episode: 760/2126	Avg reward: -11.90	Avg steps: 2151
2020-07-22 03:52:44,243	INFO	Total steps: 1078473	Episode: 780/3037	Avg reward: -12.05	Avg steps: 2146
2020-07-22 04:08:29,352	INFO	Total steps: 1115640	Episode: 800/1733	Avg reward: -13.30	Avg steps: 1857
2020-07-22 04:26:25,696	INFO	Total steps: 1157451	Episode: 820/2073	Avg reward: -12.50	Avg steps: 2089
2020-07-22 04:44:15,805	INFO	Total steps: 1199720	Episode: 840/2639	Avg reward: -13.00	Avg steps: 2112
2020-07-22 05:03:15,053	INFO	Total steps: 1244346	Episode: 860/2010	Avg reward: -11.95	Avg steps: 2230
2020-07-22 05:22:00,292	INFO	Total steps: 1288796	Episode: 880/1580	Avg reward: -10.60	Avg steps: 2221
2020-07-22 05:38:30,371	INFO	Total steps: 1327890	Episode: 900/2740	Avg reward: -12.35	Avg steps: 1953
2020-07-22 05:56:34,879	INFO	Total steps: 1370628	Episode: 920/2541	Avg reward: -12.95	Avg steps: 2135
2020-07-22 06:15:55,885	INFO	Total steps: 1416444	Episode: 940/2661	Avg reward: -11.50	Avg steps: 2289
2020-07-22 06:35:28,779	INFO	Total steps: 1462389	Episode: 960/2646	Avg reward: -10.90	Avg steps: 2296
2020-07-22 06:57:55,361	INFO	Total steps: 1515182	Episode: 980/2409	Avg reward: -10.10	Avg steps: 2638
2020-07-22 07:22:53,648	INFO	Total steps: 1573707	Episode: 1000/2120	Avg reward: -10.70	Avg steps: 2925
2020-07-22 07:45:17,061	INFO	Total steps: 1626171	Episode: 1020/2288	Avg reward: -10.85	Avg steps: 2622
2020-07-22 08:06:24,234	INFO	Total steps: 1675756	Episode: 1040/2859	Avg reward: -10.80	Avg steps: 2478
2020-07-22 08:29:08,526	INFO	Total steps: 1728837	Episode: 1060/3673	Avg reward: -9.00	Avg steps: 2653
2020-07-22 08:55:12,665	INFO	Total steps: 1789742	Episode: 1080/3587	Avg reward: -8.15	Avg steps: 3044
2020-07-22 09:22:10,866	INFO	Total steps: 1852701	Episode: 1100/2669	Avg reward: -7.00	Avg steps: 3146
2020-07-22 09:47:44,441	INFO	Total steps: 1912409	Episode: 1120/2529	Avg reward: -6.90	Avg steps: 2984
2020-07-22 10:13:00,034	INFO	Total steps: 1971234	Episode: 1140/2969	Avg reward: -8.25	Avg steps: 2940
2020-07-22 10:38:26,992	INFO	Total steps: 2030543	Episode: 1160/5653	Avg reward: -10.25	Avg steps: 2964
2020-07-22 11:05:39,852	INFO	Total steps: 2093275	Episode: 1180/4382	Avg reward: -5.90	Avg steps: 3135
2020-07-22 11:31:57,272	INFO	Total steps: 2153883	Episode: 1200/2100	Avg reward: -6.25	Avg steps: 3029
2020-07-22 12:00:50,677	INFO	Total steps: 2220168	Episode: 1220/3660	Avg reward: -5.60	Avg steps: 3313
2020-07-22 12:29:46,207	INFO	Total steps: 2287451	Episode: 1240/2167	Avg reward: -4.50	Avg steps: 3363
2020-07-22 12:57:04,327	INFO	Total steps: 2351294	Episode: 1260/3250	Avg reward: -5.65	Avg steps: 3191
2020-07-22 13:23:04,393	INFO	Total steps: 2412280	Episode: 1280/3411	Avg reward: -5.80	Avg steps: 3048
2020-07-22 13:46:10,738	INFO	Total steps: 2466331	Episode: 1300/3467	Avg reward: -6.25	Avg steps: 2701
2020-07-22 14:10:12,312	INFO	Total steps: 2522533	Episode: 1320/3775	Avg reward: -7.05	Avg steps: 2809
2020-07-22 14:39:11,452	INFO	Total steps: 2589709	Episode: 1340/3265	Avg reward: -5.25	Avg steps: 3357
2020-07-22 15:03:14,522	INFO	Total steps: 2645476	Episode: 1360/1789	Avg reward: -7.30	Avg steps: 2787
2020-07-22 15:34:59,718	INFO	Total steps: 2719158	Episode: 1380/3424	Avg reward: -3.70	Avg steps: 3683
2020-07-22 16:05:28,520	INFO	Total steps: 2789682	Episode: 1400/4366	Avg reward: -4.15	Avg steps: 3525
2020-07-22 16:35:10,155	INFO	Total steps: 2858573	Episode: 1420/3679	Avg reward: -4.45	Avg steps: 3443
2020-07-22 17:03:40,060	INFO	Total steps: 2924357	Episode: 1440/4373	Avg reward: -7.05	Avg steps: 3288
2020-07-22 17:32:14,018	INFO	Total steps: 2989655	Episode: 1460/3656	Avg reward: -6.50	Avg steps: 3263
2020-07-22 18:03:07,826	INFO	Total steps: 3060266	Episode: 1480/2858	Avg reward: -2.40	Avg steps: 3529
2020-07-22 18:33:08,472	INFO	Total steps: 3129066	Episode: 1500/4424	Avg reward: -3.55	Avg steps: 3439
2020-07-22 19:04:24,623	INFO	Total steps: 3201199	Episode: 1520/4062	Avg reward: -1.85	Avg steps: 3605
2020-07-22 19:36:35,228	INFO	Total steps: 3275335	Episode: 1540/5078	Avg reward: -4.65	Avg steps: 3705
2020-07-22 20:04:48,774	INFO	Total steps: 3340165	Episode: 1560/2901	Avg reward: -2.00	Avg steps: 3240
2020-07-22 20:33:23,968	INFO	Total steps: 3405023	Episode: 1580/2573	Avg reward: -4.25	Avg steps: 3241
2020-07-22 21:04:27,331	INFO	Total steps: 3475741	Episode: 1600/2378	Avg reward: -4.15	Avg steps: 3534
2020-07-22 21:37:16,375	INFO	Total steps: 3551583	Episode: 1620/4992	Avg reward: -3.05	Avg steps: 3791
2020-07-22 22:08:39,162	INFO	Total steps: 3624439	Episode: 1640/2339	Avg reward: -0.25	Avg steps: 3641
2020-07-22 22:41:14,225	INFO	Total steps: 3700048	Episode: 1660/3180	Avg reward: -2.30	Avg steps: 3779
2020-07-22 23:14:36,427	INFO	Total steps: 3775102	Episode: 1680/4211	Avg reward: 0.75	Avg steps: 3751
2020-07-22 23:45:16,725	INFO	Total steps: 3844131	Episode: 1700/3937	Avg reward: 0.90	Avg steps: 3450
2020-07-23 00:15:05,689	INFO	Total steps: 3911431	Episode: 1720/2824	Avg reward: -1.90	Avg steps: 3364
2020-07-23 00:49:40,326	INFO	Total steps: 3988742	Episode: 1740/3549	Avg reward: -2.65	Avg steps: 3864
2020-07-23 01:23:05,516	INFO	Total steps: 4063647	Episode: 1760/3943	Avg reward: -1.05	Avg steps: 3744
2020-07-23 01:56:54,450	INFO	Total steps: 4139658	Episode: 1780/3580	Avg reward: -3.50	Avg steps: 3799
2020-07-23 02:32:46,443	INFO	Total steps: 4219753	Episode: 1800/4259	Avg reward: 2.25	Avg steps: 4003
2020-07-23 03:04:33,113	INFO	Total steps: 4291147	Episode: 1820/3165	Avg reward: -1.55	Avg steps: 3568
2020-07-23 03:39:06,617	INFO	Total steps: 4368923	Episode: 1840/3883	Avg reward: 1.65	Avg steps: 3887
2020-07-23 04:10:24,821	INFO	Total steps: 4439196	Episode: 1860/3058	Avg reward: 1.65	Avg steps: 3512
2020-07-23 04:44:49,302	INFO	Total steps: 4516664	Episode: 1880/3817	Avg reward: -0.20	Avg steps: 3872
2020-07-23 05:14:44,400	INFO	Total steps: 4583972	Episode: 1900/3882	Avg reward: -2.10	Avg steps: 3364
2020-07-23 05:47:22,810	INFO	Total steps: 4657404	Episode: 1920/3565	Avg reward: -1.25	Avg steps: 3670
2020-07-23 06:22:06,937	INFO	Total steps: 4734809	Episode: 1940/3777	Avg reward: 1.35	Avg steps: 3869
2020-07-23 06:55:51,816	INFO	Total steps: 4810352	Episode: 1960/4585	Avg reward: 1.80	Avg steps: 3776
2020-07-23 07:28:30,531	INFO	Total steps: 4883334	Episode: 1980/4528	Avg reward: 4.05	Avg steps: 3648
2020-07-23 08:05:40,102	INFO	Total steps: 4966362	Episode: 2000/3184	Avg reward: 0.85	Avg steps: 4150
2020-07-23 08:40:44,400	INFO	Total steps: 5044902	Episode: 2020/2556	Avg reward: -0.50	Avg steps: 3926
2020-07-23 09:16:49,773	INFO	Total steps: 5125794	Episode: 2040/4926	Avg reward: 1.50	Avg steps: 4043
2020-07-23 09:51:32,708	INFO	Total steps: 5203437	Episode: 2060/4465	Avg reward: -0.40	Avg steps: 3881
2020-07-23 10:28:56,578	INFO	Total steps: 5287050	Episode: 2080/3523	Avg reward: 0.95	Avg steps: 4179
2020-07-23 11:03:58,747	INFO	Total steps: 5365493	Episode: 2100/5944	Avg reward: 3.15	Avg steps: 3921
2020-07-23 11:39:19,446	INFO	Total steps: 5444088	Episode: 2120/4341	Avg reward: 4.50	Avg steps: 3928
2020-07-23 12:14:40,319	INFO	Total steps: 5523023	Episode: 2140/4812	Avg reward: 4.35	Avg steps: 3945
2020-07-23 12:49:10,208	INFO	Total steps: 5600262	Episode: 2160/3908	Avg reward: 2.85	Avg steps: 3860
2020-07-23 13:22:45,591	INFO	Total steps: 5675519	Episode: 2180/3412	Avg reward: 5.35	Avg steps: 3761
2020-07-23 13:59:56,967	INFO	Total steps: 5758969	Episode: 2200/3722	Avg reward: 0.70	Avg steps: 4171
2020-07-23 14:33:06,680	INFO	Total steps: 5833183	Episode: 2220/3404	Avg reward: 0.60	Avg steps: 3709
2020-07-23 15:07:32,887	INFO	Total steps: 5910299	Episode: 2240/5795	Avg reward: 1.30	Avg steps: 3854
2020-07-23 15:48:31,073	INFO	Total steps: 6001767	Episode: 2260/4631	Avg reward: 3.65	Avg steps: 4572
2020-07-23 16:25:06,919	INFO	Total steps: 6083535	Episode: 2280/2499	Avg reward: 5.00	Avg steps: 4087
2020-07-23 16:59:36,405	INFO	Total steps: 6160613	Episode: 2300/2549	Avg reward: 5.15	Avg steps: 3852
2020-07-23 17:31:59,507	INFO	Total steps: 6232977	Episode: 2320/4631	Avg reward: 7.05	Avg steps: 3617
2020-07-23 18:07:14,186	INFO	Total steps: 6311584	Episode: 2340/3582	Avg reward: 5.65	Avg steps: 3929
2020-07-23 18:47:18,213	INFO	Total steps: 6401227	Episode: 2360/3709	Avg reward: 6.55	Avg steps: 4481
2020-07-23 19:24:16,177	INFO	Total steps: 6483762	Episode: 2380/3925	Avg reward: 6.90	Avg steps: 4125
2020-07-23 20:00:48,728	INFO	Total steps: 6565481	Episode: 2400/4066	Avg reward: 7.90	Avg steps: 4084
2020-07-23 20:37:55,261	INFO	Total steps: 6647296	Episode: 2420/4366	Avg reward: 5.25	Avg steps: 4089
2020-07-23 21:10:02,396	INFO	Total steps: 6718368	Episode: 2440/3741	Avg reward: 3.90	Avg steps: 3552
2020-07-23 21:39:00,354	INFO	Total steps: 6782494	Episode: 2460/4065	Avg reward: 8.35	Avg steps: 3205
2020-07-23 22:13:52,965	INFO	Total steps: 6860113	Episode: 2480/3864	Avg reward: 8.00	Avg steps: 3879
2020-07-23 22:50:13,944	INFO	Total steps: 6940829	Episode: 2500/4395	Avg reward: 4.40	Avg steps: 4034
2020-07-23 23:31:40,420	INFO	Total steps: 7033083	Episode: 2520/4453	Avg reward: 5.45	Avg steps: 4611
2020-07-24 00:14:21,257	INFO	Total steps: 7128356	Episode: 2540/4261	Avg reward: 7.25	Avg steps: 4762
2020-07-24 00:50:49,409	INFO	Total steps: 7209707	Episode: 2560/3075	Avg reward: 5.25	Avg steps: 4066
2020-07-24 01:29:56,681	INFO	Total steps: 7297264	Episode: 2580/4967	Avg reward: 6.00	Avg steps: 4376
2020-07-24 02:04:47,297	INFO	Total steps: 7374821	Episode: 2600/4280	Avg reward: 0.30	Avg steps: 3876
2020-07-24 02:43:30,366	INFO	Total steps: 7461342	Episode: 2620/3248	Avg reward: 8.15	Avg steps: 4325
2020-07-24 03:22:41,094	INFO	Total steps: 7548934	Episode: 2640/3770	Avg reward: 2.95	Avg steps: 4378
2020-07-24 04:00:44,052	INFO	Total steps: 7633972	Episode: 2660/3590	Avg reward: 7.70	Avg steps: 4250
2020-07-24 04:41:06,605	INFO	Total steps: 7724097	Episode: 2680/5070	Avg reward: 6.05	Avg steps: 4505
2020-07-24 05:19:49,108	INFO	Total steps: 7810494	Episode: 2700/4233	Avg reward: 3.85	Avg steps: 4318
2020-07-24 05:58:41,862	INFO	Total steps: 7898697	Episode: 2720/3783	Avg reward: 9.10	Avg steps: 4409
2020-07-24 06:31:12,395	INFO	Total steps: 7982095	Episode: 2740/2960	Avg reward: 2.70	Avg steps: 4168
2020-07-24 07:02:09,635	INFO	Total steps: 8061253	Episode: 2760/3370	Avg reward: 4.70	Avg steps: 3956
2020-07-24 07:33:28,724	INFO	Total steps: 8141488	Episode: 2780/4169	Avg reward: 1.40	Avg steps: 4010
2020-07-24 08:08:18,277	INFO	Total steps: 8229757	Episode: 2800/5025	Avg reward: 2.90	Avg steps: 4412
2020-07-24 08:42:52,002	INFO	Total steps: 8317454	Episode: 2820/4513	Avg reward: -2.10	Avg steps: 4383
2020-07-24 09:14:54,627	INFO	Total steps: 8399422	Episode: 2840/3415	Avg reward: 8.05	Avg steps: 4097
2020-07-24 09:45:35,707	INFO	Total steps: 8477403	Episode: 2860/4223	Avg reward: 6.95	Avg steps: 3898
2020-07-24 10:21:01,050	INFO	Total steps: 8567819	Episode: 2880/5591	Avg reward: 3.55	Avg steps: 4519
2020-07-24 11:00:13,096	INFO	Total steps: 8667699	Episode: 2900/5809	Avg reward: 5.80	Avg steps: 4993
2020-07-24 11:32:14,553	INFO	Total steps: 8749091	Episode: 2920/2583	Avg reward: -1.20	Avg steps: 4068
2020-07-24 11:59:48,132	INFO	Total steps: 8819325	Episode: 2940/5463	Avg reward: -7.75	Avg steps: 3510
2020-07-24 12:23:19,833	INFO	Total steps: 8878393	Episode: 2960/2946	Avg reward: -5.50	Avg steps: 2952
2020-07-24 12:47:50,160	INFO	Total steps: 8940325	Episode: 2980/2836	Avg reward: -5.75	Avg steps: 3095
2020-07-24 13:10:38,006	INFO	Total steps: 8998200	Episode: 3000/4660	Avg reward: -5.10	Avg steps: 2892
2020-07-24 13:37:39,982	INFO	Total steps: 9067093	Episode: 3020/2826	Avg reward: -3.00	Avg steps: 3443
2020-07-24 14:04:02,137	INFO	Total steps: 9134445	Episode: 3040/2698	Avg reward: 0.70	Avg steps: 3366
2020-07-24 14:27:23,928	INFO	Total steps: 9194188	Episode: 3060/2260	Avg reward: -4.15	Avg steps: 2986
2020-07-24 14:55:20,086	INFO	Total steps: 9265656	Episode: 3080/2825	Avg reward: 1.85	Avg steps: 3572
2020-07-24 15:19:49,462	INFO	Total steps: 9329968	Episode: 3100/2461	Avg reward: -1.35	Avg steps: 3214
2020-07-24 15:44:09,312	INFO	Total steps: 9401134	Episode: 3120/3100	Avg reward: 1.75	Avg steps: 3557
2020-07-24 16:04:14,882	INFO	Total steps: 9460295	Episode: 3140/2993	Avg reward: -4.55	Avg steps: 2957
2020-07-24 16:27:13,998	INFO	Total steps: 9527903	Episode: 3160/2492	Avg reward: 0.95	Avg steps: 3379
2020-07-24 16:48:40,651	INFO	Total steps: 9590652	Episode: 3180/2589	Avg reward: 0.75	Avg steps: 3136
2020-07-24 17:08:13,357	INFO	Total steps: 9647426	Episode: 3200/3671	Avg reward: -4.60	Avg steps: 2837
2020-07-24 17:33:47,085	INFO	Total steps: 9721541	Episode: 3220/3784	Avg reward: -3.95	Avg steps: 3704
2020-07-24 17:57:28,944	INFO	Total steps: 9790746	Episode: 3240/3051	Avg reward: -4.05	Avg steps: 3459
2020-07-24 18:27:45,013	INFO	Total steps: 9879527	Episode: 3260/3873	Avg reward: -0.80	Avg steps: 4438
2020-07-24 18:44:05,667	INFO	Total steps: 9927341	Episode: 3280/1646	Avg reward: -10.60	Avg steps: 2389
2020-07-24 19:10:06,328	INFO	Total steps: 10003427	Episode: 3300/3155	Avg reward: -0.70	Avg steps: 3803
2020-07-24 19:29:47,837	INFO	Total steps: 10061031	Episode: 3320/4077	Avg reward: -9.40	Avg steps: 2879
2020-07-24 19:49:18,212	INFO	Total steps: 10117959	Episode: 3340/4168	Avg reward: -8.95	Avg steps: 2845
2020-07-24 20:11:37,693	INFO	Total steps: 10183628	Episode: 3360/1774	Avg reward: -7.20	Avg steps: 3282
2020-07-24 20:30:02,391	INFO	Total steps: 10237692	Episode: 3380/1414	Avg reward: -6.95	Avg steps: 2702
2020-07-24 20:45:27,073	INFO	Total steps: 10282532	Episode: 3400/2798	Avg reward: -9.80	Avg steps: 2241
2020-07-24 21:06:51,797	INFO	Total steps: 10345120	Episode: 3420/3187	Avg reward: -5.55	Avg steps: 3128
2020-07-24 21:27:26,982	INFO	Total steps: 10405132	Episode: 3440/1982	Avg reward: -5.70	Avg steps: 2999
2020-07-24 21:42:57,040	INFO	Total steps: 10450662	Episode: 3460/2226	Avg reward: -13.60	Avg steps: 2275
2020-07-24 22:01:00,730	INFO	Total steps: 10503804	Episode: 3480/2832	Avg reward: -9.65	Avg steps: 2656
2020-07-24 22:16:48,104	INFO	Total steps: 10550255	Episode: 3500/2147	Avg reward: -11.85	Avg steps: 2321
2020-07-24 22:31:40,002	INFO	Total steps: 10593910	Episode: 3520/2253	Avg reward: -10.40	Avg steps: 2181
2020-07-24 22:51:08,316	INFO	Total steps: 10651052	Episode: 3540/3810	Avg reward: -8.30	Avg steps: 2856
2020-07-24 23:03:47,920	INFO	Total steps: 10688327	Episode: 3560/2643	Avg reward: -12.10	Avg steps: 1862
2020-07-24 23:16:08,563	INFO	Total steps: 10724685	Episode: 3580/1223	Avg reward: -13.40	Avg steps: 1816
2020-07-24 23:29:14,080	INFO	Total steps: 10762929	Episode: 3600/2127	Avg reward: -12.10	Avg steps: 1911
2020-07-24 23:42:42,094	INFO	Total steps: 10801996	Episode: 3620/1868	Avg reward: -12.95	Avg steps: 1952
2020-07-24 23:56:22,626	INFO	Total steps: 10842032	Episode: 3640/2275	Avg reward: -11.95	Avg steps: 2000
2020-07-25 00:08:45,876	INFO	Total steps: 10878420	Episode: 3660/2366	Avg reward: -13.15	Avg steps: 1818
2020-07-25 00:20:06,269	INFO	Total steps: 10911740	Episode: 3680/1922	Avg reward: -14.25	Avg steps: 1665
2020-07-25 00:31:51,386	INFO	Total steps: 10946282	Episode: 3700/2017	Avg reward: -13.10	Avg steps: 1726
2020-07-25 00:43:04,117	INFO	Total steps: 10979061	Episode: 3720/1340	Avg reward: -13.90	Avg steps: 1637
2020-07-25 00:53:28,013	INFO	Total steps: 11009583	Episode: 3740/1672	Avg reward: -14.55	Avg steps: 1525
2020-07-25 01:07:53,107	INFO	Total steps: 11051894	Episode: 3760/1717	Avg reward: -8.90	Avg steps: 2114
2020-07-25 01:23:08,643	INFO	Total steps: 11096764	Episode: 3780/2511	Avg reward: -9.45	Avg steps: 2242
2020-07-25 01:39:24,173	INFO	Total steps: 11144380	Episode: 3800/2156	Avg reward: -9.00	Avg steps: 2379
2020-07-25 01:53:33,542	INFO	Total steps: 11185984	Episode: 3820/2480	Avg reward: -13.50	Avg steps: 2079
2020-07-25 02:09:53,876	INFO	Total steps: 11233700	Episode: 3840/1743	Avg reward: -9.25	Avg steps: 2384
2020-07-25 02:26:05,841	INFO	Total steps: 11280772	Episode: 3860/1898	Avg reward: -9.95	Avg steps: 2352
2020-07-25 02:41:39,862	INFO	Total steps: 11326043	Episode: 3880/1911	Avg reward: -11.55	Avg steps: 2262
2020-07-25 02:56:51,604	INFO	Total steps: 11370514	Episode: 3900/2197	Avg reward: -11.00	Avg steps: 2222
2020-07-25 03:13:26,965	INFO	Total steps: 11419153	Episode: 3920/2624	Avg reward: -9.80	Avg steps: 2430
2020-07-25 03:32:12,812	INFO	Total steps: 11474171	Episode: 3940/3332	Avg reward: -8.95	Avg steps: 2749
2020-07-25 03:54:22,125	INFO	Total steps: 11539323	Episode: 3960/2941	Avg reward: -5.85	Avg steps: 3256
2020-07-25 04:15:05,383	INFO	Total steps: 11599927	Episode: 3980/2227	Avg reward: -7.25	Avg steps: 3029
2020-07-25 04:32:29,448	INFO	Total steps: 11650766	Episode: 4000/3856	Avg reward: -10.95	Avg steps: 2540
