2020-07-14 20:49:20,862	INFO	--width 160 --height 160 --ball 1.0 --ball-size 2.0 --snell 1.8 --snell-width 80.0 --snell-change 0.0 --snell-visible none --paddle-speed 1.0 --paddle-angle 50.0 --paddle-length 20.0 --update-prob 0.5 --state binary --learning-rate 0.0001 --network dqn_pong_model --render False --epsdecay 1000 --episodes 4000 --replay 10000 --checkpoint dqn_pong_model --history history.p --store-dir ../experiments/paddle_angle.50.0-update_prob.0.5-snell.1.8 
2020-07-14 20:49:20,862	INFO	Device: cuda
2020-07-14 20:50:22,816	INFO	Total steps: 9809	Episode: 20/461	Avg reward: -19.70	Avg steps: 489
2020-07-14 20:55:11,372	INFO	Total steps: 20964	Episode: 40/824	Avg reward: -19.40	Avg steps: 556
2020-07-14 21:00:26,409	INFO	Total steps: 32779	Episode: 60/622	Avg reward: -18.90	Avg steps: 589
2020-07-14 21:05:34,530	INFO	Total steps: 44814	Episode: 80/467	Avg reward: -19.00	Avg steps: 600
2020-07-14 21:11:09,250	INFO	Total steps: 57355	Episode: 100/499	Avg reward: -19.00	Avg steps: 626
2020-07-14 21:16:38,268	INFO	Total steps: 69586	Episode: 120/848	Avg reward: -19.10	Avg steps: 610
2020-07-14 21:22:39,007	INFO	Total steps: 82944	Episode: 140/618	Avg reward: -18.65	Avg steps: 666
2020-07-14 21:28:24,094	INFO	Total steps: 95725	Episode: 160/624	Avg reward: -18.15	Avg steps: 638
2020-07-14 21:34:31,290	INFO	Total steps: 109522	Episode: 180/784	Avg reward: -18.40	Avg steps: 688
2020-07-14 21:40:55,828	INFO	Total steps: 123849	Episode: 200/687	Avg reward: -17.85	Avg steps: 715
2020-07-14 21:46:56,220	INFO	Total steps: 137294	Episode: 220/761	Avg reward: -18.30	Avg steps: 671
2020-07-14 21:53:24,015	INFO	Total steps: 151792	Episode: 240/641	Avg reward: -17.95	Avg steps: 723
2020-07-14 21:59:54,271	INFO	Total steps: 166303	Episode: 260/800	Avg reward: -17.65	Avg steps: 724
2020-07-14 22:07:21,676	INFO	Total steps: 182938	Episode: 280/602	Avg reward: -17.75	Avg steps: 830
2020-07-14 22:12:56,339	INFO	Total steps: 195849	Episode: 300/730	Avg reward: -18.55	Avg steps: 644
2020-07-14 22:19:14,887	INFO	Total steps: 210900	Episode: 320/843	Avg reward: -17.85	Avg steps: 751
2020-07-14 22:26:07,985	INFO	Total steps: 227287	Episode: 340/609	Avg reward: -16.65	Avg steps: 818
2020-07-14 22:32:29,548	INFO	Total steps: 242296	Episode: 360/798	Avg reward: -17.65	Avg steps: 749
2020-07-14 22:39:27,632	INFO	Total steps: 258755	Episode: 380/822	Avg reward: -16.50	Avg steps: 821
2020-07-14 22:46:22,799	INFO	Total steps: 275179	Episode: 400/697	Avg reward: -17.40	Avg steps: 820
2020-07-14 22:53:58,786	INFO	Total steps: 292813	Episode: 420/691	Avg reward: -16.20	Avg steps: 880
2020-07-14 23:02:17,405	INFO	Total steps: 312242	Episode: 440/676	Avg reward: -15.35	Avg steps: 970
2020-07-14 23:10:48,662	INFO	Total steps: 332392	Episode: 460/1392	Avg reward: -15.45	Avg steps: 1006
2020-07-14 23:18:45,154	INFO	Total steps: 351264	Episode: 480/832	Avg reward: -15.80	Avg steps: 942
2020-07-14 23:26:37,295	INFO	Total steps: 370463	Episode: 500/850	Avg reward: -16.25	Avg steps: 958
2020-07-14 23:34:35,834	INFO	Total steps: 389188	Episode: 520/724	Avg reward: -16.40	Avg steps: 935
2020-07-14 23:43:08,316	INFO	Total steps: 409599	Episode: 540/792	Avg reward: -14.95	Avg steps: 1019
2020-07-14 23:51:55,499	INFO	Total steps: 430914	Episode: 560/1284	Avg reward: -14.45	Avg steps: 1064
2020-07-15 00:02:17,201	INFO	Total steps: 455628	Episode: 580/835	Avg reward: -13.25	Avg steps: 1234
2020-07-15 00:11:21,452	INFO	Total steps: 477163	Episode: 600/1661	Avg reward: -14.35	Avg steps: 1075
2020-07-15 00:22:41,445	INFO	Total steps: 503937	Episode: 620/1432	Avg reward: -12.00	Avg steps: 1337
2020-07-15 00:32:23,886	INFO	Total steps: 526821	Episode: 640/774	Avg reward: -13.75	Avg steps: 1143
2020-07-15 00:42:56,932	INFO	Total steps: 551910	Episode: 660/1101	Avg reward: -13.65	Avg steps: 1253
2020-07-15 00:54:42,047	INFO	Total steps: 579759	Episode: 680/1574	Avg reward: -12.15	Avg steps: 1391
2020-07-15 01:06:28,085	INFO	Total steps: 607658	Episode: 700/1773	Avg reward: -10.90	Avg steps: 1393
2020-07-15 01:18:34,734	INFO	Total steps: 636224	Episode: 720/1098	Avg reward: -10.60	Avg steps: 1427
2020-07-15 01:29:43,484	INFO	Total steps: 662766	Episode: 740/1097	Avg reward: -11.80	Avg steps: 1326
2020-07-15 01:40:28,755	INFO	Total steps: 688281	Episode: 760/1243	Avg reward: -11.50	Avg steps: 1274
2020-07-15 01:53:12,249	INFO	Total steps: 718717	Episode: 780/1553	Avg reward: -9.65	Avg steps: 1520
2020-07-15 02:06:33,325	INFO	Total steps: 750004	Episode: 800/1463	Avg reward: -7.80	Avg steps: 1563
2020-07-15 02:18:22,344	INFO	Total steps: 778186	Episode: 820/1645	Avg reward: -10.25	Avg steps: 1408
2020-07-15 02:32:37,533	INFO	Total steps: 811631	Episode: 840/1680	Avg reward: -8.05	Avg steps: 1671
2020-07-15 02:45:21,608	INFO	Total steps: 841756	Episode: 860/1613	Avg reward: -9.15	Avg steps: 1505
2020-07-15 02:57:56,347	INFO	Total steps: 871287	Episode: 880/1905	Avg reward: -10.15	Avg steps: 1475
2020-07-15 03:08:53,097	INFO	Total steps: 897255	Episode: 900/1141	Avg reward: -9.45	Avg steps: 1297
2020-07-15 03:23:14,494	INFO	Total steps: 931440	Episode: 920/1572	Avg reward: -6.65	Avg steps: 1708
2020-07-15 03:37:02,829	INFO	Total steps: 963994	Episode: 940/1560	Avg reward: -8.20	Avg steps: 1626
2020-07-15 03:51:29,647	INFO	Total steps: 997919	Episode: 960/2092	Avg reward: -7.40	Avg steps: 1695
2020-07-15 04:05:56,527	INFO	Total steps: 1030959	Episode: 980/1108	Avg reward: -6.45	Avg steps: 1651
2020-07-15 04:21:19,112	INFO	Total steps: 1065840	Episode: 1000/1202	Avg reward: -5.30	Avg steps: 1743
2020-07-15 04:35:45,249	INFO	Total steps: 1098169	Episode: 1020/2059	Avg reward: -7.55	Avg steps: 1615
2020-07-15 04:50:16,671	INFO	Total steps: 1131150	Episode: 1040/1491	Avg reward: -5.05	Avg steps: 1648
2020-07-15 05:05:59,583	INFO	Total steps: 1167466	Episode: 1060/1754	Avg reward: -3.45	Avg steps: 1814
2020-07-15 05:22:28,067	INFO	Total steps: 1205386	Episode: 1080/1901	Avg reward: -4.90	Avg steps: 1895
2020-07-15 05:39:49,159	INFO	Total steps: 1244992	Episode: 1100/1972	Avg reward: -1.10	Avg steps: 1979
2020-07-15 05:57:23,197	INFO	Total steps: 1284641	Episode: 1120/1734	Avg reward: -1.30	Avg steps: 1981
2020-07-15 06:13:56,520	INFO	Total steps: 1321843	Episode: 1140/1405	Avg reward: -1.50	Avg steps: 1859
2020-07-15 06:31:39,085	INFO	Total steps: 1361619	Episode: 1160/2111	Avg reward: -0.45	Avg steps: 1987
2020-07-15 06:49:25,901	INFO	Total steps: 1401954	Episode: 1180/2031	Avg reward: 2.80	Avg steps: 2015
2020-07-15 07:07:35,990	INFO	Total steps: 1443782	Episode: 1200/1844	Avg reward: 3.50	Avg steps: 2090
2020-07-15 07:25:11,776	INFO	Total steps: 1484161	Episode: 1220/1935	Avg reward: -0.70	Avg steps: 2017
2020-07-15 07:42:13,407	INFO	Total steps: 1523227	Episode: 1240/2114	Avg reward: 3.40	Avg steps: 1952
2020-07-15 07:59:12,918	INFO	Total steps: 1562716	Episode: 1260/1644	Avg reward: 2.40	Avg steps: 1973
2020-07-15 08:17:27,175	INFO	Total steps: 1604488	Episode: 1280/1709	Avg reward: 4.90	Avg steps: 2087
2020-07-15 08:33:43,175	INFO	Total steps: 1641840	Episode: 1300/2325	Avg reward: 3.30	Avg steps: 1866
2020-07-15 08:50:29,324	INFO	Total steps: 1680207	Episode: 1320/1825	Avg reward: 5.65	Avg steps: 1917
2020-07-15 09:06:47,248	INFO	Total steps: 1717611	Episode: 1340/1768	Avg reward: 5.95	Avg steps: 1869
2020-07-15 09:23:53,402	INFO	Total steps: 1757234	Episode: 1360/1986	Avg reward: 5.90	Avg steps: 1980
2020-07-15 09:39:56,020	INFO	Total steps: 1794067	Episode: 1380/1601	Avg reward: 6.70	Avg steps: 1840
2020-07-15 09:56:56,826	INFO	Total steps: 1833049	Episode: 1400/2006	Avg reward: 4.25	Avg steps: 1948
2020-07-15 10:13:54,956	INFO	Total steps: 1872306	Episode: 1420/1984	Avg reward: 6.30	Avg steps: 1961
2020-07-15 10:31:12,919	INFO	Total steps: 1912016	Episode: 1440/1948	Avg reward: 6.45	Avg steps: 1984
2020-07-15 10:47:18,689	INFO	Total steps: 1948776	Episode: 1460/1952	Avg reward: 6.55	Avg steps: 1837
2020-07-15 11:03:59,086	INFO	Total steps: 1987119	Episode: 1480/2441	Avg reward: 8.85	Avg steps: 1916
2020-07-15 11:20:02,829	INFO	Total steps: 2023820	Episode: 1500/1650	Avg reward: 8.55	Avg steps: 1834
2020-07-15 11:36:17,644	INFO	Total steps: 2060587	Episode: 1520/1859	Avg reward: 10.25	Avg steps: 1837
2020-07-15 11:53:27,853	INFO	Total steps: 2099843	Episode: 1540/1724	Avg reward: 6.75	Avg steps: 1961
2020-07-15 12:11:11,828	INFO	Total steps: 2140466	Episode: 1560/2007	Avg reward: 8.90	Avg steps: 2030
2020-07-15 12:27:37,423	INFO	Total steps: 2178036	Episode: 1580/2786	Avg reward: 9.85	Avg steps: 1877
2020-07-15 12:44:08,411	INFO	Total steps: 2215406	Episode: 1600/2018	Avg reward: 10.70	Avg steps: 1867
2020-07-15 13:01:37,249	INFO	Total steps: 2253479	Episode: 1620/2016	Avg reward: 10.55	Avg steps: 1902
2020-07-15 13:18:13,512	INFO	Total steps: 2289005	Episode: 1640/1770	Avg reward: 11.25	Avg steps: 1775
2020-07-15 13:35:40,962	INFO	Total steps: 2326268	Episode: 1660/2006	Avg reward: 11.30	Avg steps: 1862
2020-07-15 13:52:43,724	INFO	Total steps: 2363318	Episode: 1680/1914	Avg reward: 11.45	Avg steps: 1851
2020-07-15 14:09:25,949	INFO	Total steps: 2399154	Episode: 1700/1272	Avg reward: 10.60	Avg steps: 1790
2020-07-15 14:27:28,205	INFO	Total steps: 2437950	Episode: 1720/1361	Avg reward: 10.85	Avg steps: 1938
2020-07-15 14:44:07,360	INFO	Total steps: 2474393	Episode: 1740/1873	Avg reward: 11.95	Avg steps: 1821
2020-07-15 15:01:20,888	INFO	Total steps: 2511674	Episode: 1760/1739	Avg reward: 10.95	Avg steps: 1863
2020-07-15 15:19:02,386	INFO	Total steps: 2550300	Episode: 1780/1730	Avg reward: 9.75	Avg steps: 1930
2020-07-15 15:35:43,912	INFO	Total steps: 2586629	Episode: 1800/1877	Avg reward: 11.75	Avg steps: 1815
2020-07-15 15:52:41,690	INFO	Total steps: 2623257	Episode: 1820/1699	Avg reward: 12.95	Avg steps: 1830
2020-07-15 16:08:35,428	INFO	Total steps: 2657270	Episode: 1840/1374	Avg reward: 13.95	Avg steps: 1699
2020-07-15 16:24:14,552	INFO	Total steps: 2691115	Episode: 1860/1622	Avg reward: 12.05	Avg steps: 1691
2020-07-15 16:40:49,564	INFO	Total steps: 2726973	Episode: 1880/2122	Avg reward: 13.05	Avg steps: 1791
2020-07-15 16:57:47,906	INFO	Total steps: 2763711	Episode: 1900/1759	Avg reward: 12.45	Avg steps: 1835
2020-07-15 17:14:56,032	INFO	Total steps: 2800317	Episode: 1920/1716	Avg reward: 12.10	Avg steps: 1829
2020-07-15 17:31:36,918	INFO	Total steps: 2835691	Episode: 1940/1679	Avg reward: 13.90	Avg steps: 1767
2020-07-15 17:47:46,857	INFO	Total steps: 2869700	Episode: 1960/1587	Avg reward: 12.55	Avg steps: 1699
2020-07-15 18:02:55,517	INFO	Total steps: 2902169	Episode: 1980/1638	Avg reward: 14.60	Avg steps: 1622
2020-07-15 18:11:45,796	INFO	--width 160 --height 160 --ball 1.0 --ball-size 2.0 --snell 1.8 --snell-width 80.0 --snell-change 0.0 --snell-visible none --paddle-speed 1.0 --paddle-angle 50.0 --paddle-length 20.0 --update-prob 0.5 --state binary --learning-rate 0.0001 --network dqn_pong_model --render False --epsdecay 1000 --episodes 4000 --replay 10000 --checkpoint dqn_pong_model --history history.p --store-dir ../experiments/paddle_angle.50.0-update_prob.0.5-snell.1.8 
2020-07-15 18:11:45,856	INFO	Device: cuda
2020-07-15 18:12:56,031	INFO	Total steps: 10210	Episode: 20/473	Avg reward: -19.05	Avg steps: 509
2020-07-15 18:19:47,752	INFO	Total steps: 22621	Episode: 40/703	Avg reward: -19.10	Avg steps: 619
2020-07-15 18:26:26,027	INFO	Total steps: 34561	Episode: 60/737	Avg reward: -19.00	Avg steps: 596
2020-07-15 18:32:51,167	INFO	Total steps: 46105	Episode: 80/582	Avg reward: -19.15	Avg steps: 576
2020-07-15 18:39:17,706	INFO	Total steps: 57671	Episode: 100/627	Avg reward: -19.10	Avg steps: 577
2020-07-15 18:45:51,559	INFO	Total steps: 69501	Episode: 120/725	Avg reward: -18.80	Avg steps: 590
2020-07-15 18:52:29,852	INFO	Total steps: 81478	Episode: 140/402	Avg reward: -19.05	Avg steps: 597
2020-07-15 18:59:17,451	INFO	Total steps: 93667	Episode: 160/345	Avg reward: -18.55	Avg steps: 608
2020-07-15 19:05:58,408	INFO	Total steps: 107821	Episode: 180/865	Avg reward: -18.30	Avg steps: 706
2020-07-15 19:11:59,419	INFO	Total steps: 121272	Episode: 200/389	Avg reward: -18.20	Avg steps: 671
2020-07-15 19:18:39,671	INFO	Total steps: 136042	Episode: 220/683	Avg reward: -18.00	Avg steps: 737
2020-07-15 19:25:14,545	INFO	Total steps: 150709	Episode: 240/702	Avg reward: -17.85	Avg steps: 732
2020-07-15 19:32:04,066	INFO	Total steps: 165980	Episode: 260/575	Avg reward: -17.60	Avg steps: 762
2020-07-15 19:39:11,903	INFO	Total steps: 181883	Episode: 280/809	Avg reward: -17.85	Avg steps: 794
2020-07-15 19:46:30,350	INFO	Total steps: 198203	Episode: 300/645	Avg reward: -16.95	Avg steps: 815
2020-07-15 19:53:06,893	INFO	Total steps: 212931	Episode: 320/687	Avg reward: -17.65	Avg steps: 735
2020-07-15 20:00:11,068	INFO	Total steps: 228618	Episode: 340/663	Avg reward: -17.00	Avg steps: 783
2020-07-15 20:06:50,479	INFO	Total steps: 243444	Episode: 360/632	Avg reward: -17.55	Avg steps: 740
2020-07-15 20:13:44,413	INFO	Total steps: 258810	Episode: 380/619	Avg reward: -16.95	Avg steps: 767
2020-07-15 20:21:03,073	INFO	Total steps: 275108	Episode: 400/506	Avg reward: -17.30	Avg steps: 813
2020-07-15 20:29:13,554	INFO	Total steps: 293233	Episode: 420/880	Avg reward: -16.55	Avg steps: 905
2020-07-15 20:37:32,510	INFO	Total steps: 311691	Episode: 440/732	Avg reward: -15.95	Avg steps: 921
2020-07-15 20:45:18,617	INFO	Total steps: 328985	Episode: 460/682	Avg reward: -16.65	Avg steps: 863
2020-07-15 20:53:18,437	INFO	Total steps: 346684	Episode: 480/1599	Avg reward: -16.30	Avg steps: 883
2020-07-15 21:01:26,607	INFO	Total steps: 364688	Episode: 500/999	Avg reward: -16.30	Avg steps: 899
2020-07-15 21:09:29,936	INFO	Total steps: 382502	Episode: 520/637	Avg reward: -16.10	Avg steps: 889
2020-07-15 21:18:11,120	INFO	Total steps: 401785	Episode: 540/909	Avg reward: -15.10	Avg steps: 963
2020-07-15 21:26:54,373	INFO	Total steps: 421008	Episode: 560/855	Avg reward: -15.30	Avg steps: 960
2020-07-15 21:37:47,570	INFO	Total steps: 445047	Episode: 580/942	Avg reward: -13.70	Avg steps: 1200
2020-07-15 21:48:22,259	INFO	Total steps: 468435	Episode: 600/1046	Avg reward: -14.05	Avg steps: 1168
2020-07-15 21:58:16,436	INFO	Total steps: 490324	Episode: 620/1509	Avg reward: -13.90	Avg steps: 1093
2020-07-15 22:08:42,818	INFO	Total steps: 513331	Episode: 640/1215	Avg reward: -12.45	Avg steps: 1149
2020-07-15 22:19:06,259	INFO	Total steps: 536285	Episode: 660/1507	Avg reward: -13.75	Avg steps: 1146
2020-07-15 22:30:09,872	INFO	Total steps: 560781	Episode: 680/1161	Avg reward: -12.60	Avg steps: 1223
2020-07-15 22:41:19,099	INFO	Total steps: 585516	Episode: 700/681	Avg reward: -12.45	Avg steps: 1235
2020-07-15 22:52:09,000	INFO	Total steps: 609505	Episode: 720/936	Avg reward: -12.35	Avg steps: 1198
2020-07-15 23:04:07,039	INFO	Total steps: 636001	Episode: 740/1536	Avg reward: -11.65	Avg steps: 1323
2020-07-15 23:16:10,102	INFO	Total steps: 662695	Episode: 760/1444	Avg reward: -11.10	Avg steps: 1333
2020-07-15 23:28:44,794	INFO	Total steps: 690570	Episode: 780/2416	Avg reward: -10.70	Avg steps: 1392
2020-07-15 23:40:45,526	INFO	Total steps: 717195	Episode: 800/988	Avg reward: -11.05	Avg steps: 1330
2020-07-15 23:54:23,431	INFO	Total steps: 747407	Episode: 820/1070	Avg reward: -9.60	Avg steps: 1509
2020-07-16 00:09:28,015	INFO	Total steps: 780702	Episode: 840/1572	Avg reward: -5.50	Avg steps: 1663
2020-07-16 00:24:10,807	INFO	Total steps: 813358	Episode: 860/2108	Avg reward: -6.90	Avg steps: 1631
2020-07-16 00:40:40,266	INFO	Total steps: 850013	Episode: 880/2426	Avg reward: -5.25	Avg steps: 1831
2020-07-16 00:57:18,456	INFO	Total steps: 886827	Episode: 900/1444	Avg reward: -4.05	Avg steps: 1839
2020-07-16 01:13:05,112	INFO	Total steps: 921702	Episode: 920/2136	Avg reward: -6.85	Avg steps: 1742
2020-07-16 01:29:40,775	INFO	Total steps: 958300	Episode: 940/2265	Avg reward: -3.80	Avg steps: 1828
2020-07-16 01:47:06,926	INFO	Total steps: 996664	Episode: 960/2025	Avg reward: -2.70	Avg steps: 1917
2020-07-16 02:04:46,222	INFO	Total steps: 1035486	Episode: 980/2387	Avg reward: -2.85	Avg steps: 1940
2020-07-16 02:20:55,856	INFO	Total steps: 1070895	Episode: 1000/1520	Avg reward: -6.20	Avg steps: 1769
2020-07-16 02:37:58,405	INFO	Total steps: 1108183	Episode: 1020/1344	Avg reward: -2.35	Avg steps: 1863
2020-07-16 02:56:12,068	INFO	Total steps: 1148019	Episode: 1040/1733	Avg reward: -2.75	Avg steps: 1990
2020-07-16 03:16:42,080	INFO	Total steps: 1192978	Episode: 1060/3013	Avg reward: 4.15	Avg steps: 2246
2020-07-16 03:36:22,832	INFO	Total steps: 1236444	Episode: 1080/1799	Avg reward: 3.85	Avg steps: 2172
2020-07-16 03:53:43,814	INFO	Total steps: 1274815	Episode: 1100/1759	Avg reward: 2.00	Avg steps: 1917
2020-07-16 04:13:38,461	INFO	Total steps: 1318490	Episode: 1120/2048	Avg reward: 1.15	Avg steps: 2182
2020-07-16 04:33:08,612	INFO	Total steps: 1361245	Episode: 1140/2214	Avg reward: 1.70	Avg steps: 2136
2020-07-16 04:52:10,950	INFO	Total steps: 1402969	Episode: 1160/2645	Avg reward: 2.30	Avg steps: 2085
2020-07-16 05:11:08,639	INFO	Total steps: 1444247	Episode: 1180/2014	Avg reward: 3.85	Avg steps: 2062
2020-07-16 05:30:34,092	INFO	Total steps: 1486210	Episode: 1200/2365	Avg reward: 2.60	Avg steps: 2097
2020-07-16 05:49:13,066	INFO	Total steps: 1526857	Episode: 1220/2291	Avg reward: 6.15	Avg steps: 2031
2020-07-16 06:07:12,151	INFO	Total steps: 1566172	Episode: 1240/2280	Avg reward: 4.05	Avg steps: 1964
2020-07-16 06:25:08,354	INFO	Total steps: 1605493	Episode: 1260/1916	Avg reward: 3.20	Avg steps: 1965
2020-07-16 06:42:25,478	INFO	Total steps: 1643392	Episode: 1280/1565	Avg reward: 5.10	Avg steps: 1893
2020-07-16 07:00:03,217	INFO	Total steps: 1682102	Episode: 1300/1715	Avg reward: 5.35	Avg steps: 1934
2020-07-16 07:18:27,880	INFO	Total steps: 1722513	Episode: 1320/2369	Avg reward: 4.85	Avg steps: 2019
2020-07-16 07:37:11,369	INFO	Total steps: 1763407	Episode: 1340/2205	Avg reward: 4.70	Avg steps: 2043
2020-07-16 07:55:15,522	INFO	Total steps: 1802921	Episode: 1360/1873	Avg reward: 6.40	Avg steps: 1974
2020-07-16 08:12:45,316	INFO	Total steps: 1841129	Episode: 1380/1721	Avg reward: 7.40	Avg steps: 1909
2020-07-16 08:30:48,649	INFO	Total steps: 1880739	Episode: 1400/1824	Avg reward: 7.05	Avg steps: 1979
2020-07-16 08:48:31,467	INFO	Total steps: 1919424	Episode: 1420/2272	Avg reward: 8.05	Avg steps: 1933
2020-07-16 09:05:20,707	INFO	Total steps: 1956124	Episode: 1440/2463	Avg reward: 7.75	Avg steps: 1834
2020-07-16 09:23:24,765	INFO	Total steps: 1995657	Episode: 1460/2569	Avg reward: 6.80	Avg steps: 1975
2020-07-16 09:40:38,060	INFO	Total steps: 2033181	Episode: 1480/1470	Avg reward: 9.45	Avg steps: 1875
2020-07-16 09:57:21,696	INFO	Total steps: 2069632	Episode: 1500/1963	Avg reward: 7.35	Avg steps: 1821
2020-07-16 10:13:49,503	INFO	Total steps: 2105519	Episode: 1520/2186	Avg reward: 9.75	Avg steps: 1793
2020-07-16 10:30:17,980	INFO	Total steps: 2141398	Episode: 1540/2473	Avg reward: 11.55	Avg steps: 1792
2020-07-16 10:46:25,448	INFO	Total steps: 2176476	Episode: 1560/1586	Avg reward: 10.85	Avg steps: 1752
2020-07-16 11:02:47,583	INFO	Total steps: 2212234	Episode: 1580/2086	Avg reward: 10.10	Avg steps: 1786
2020-07-16 11:18:48,378	INFO	Total steps: 2247229	Episode: 1600/1727	Avg reward: 11.65	Avg steps: 1748
2020-07-16 11:36:29,750	INFO	Total steps: 2285758	Episode: 1620/1728	Avg reward: 9.20	Avg steps: 1925
2020-07-16 11:51:51,662	INFO	Total steps: 2319183	Episode: 1640/1798	Avg reward: 13.20	Avg steps: 1670
2020-07-16 12:08:12,459	INFO	Total steps: 2354648	Episode: 1660/1946	Avg reward: 11.65	Avg steps: 1772
2020-07-16 12:24:26,361	INFO	Total steps: 2389792	Episode: 1680/1828	Avg reward: 12.15	Avg steps: 1756
2020-07-16 12:40:30,530	INFO	Total steps: 2424361	Episode: 1700/2277	Avg reward: 11.70	Avg steps: 1727
2020-07-16 12:56:27,094	INFO	Total steps: 2458764	Episode: 1720/1749	Avg reward: 11.90	Avg steps: 1719
2020-07-16 13:12:17,691	INFO	Total steps: 2492954	Episode: 1740/1589	Avg reward: 12.05	Avg steps: 1708
2020-07-16 13:28:08,867	INFO	Total steps: 2527277	Episode: 1760/1366	Avg reward: 12.85	Avg steps: 1715
2020-07-16 13:43:38,930	INFO	Total steps: 2560788	Episode: 1780/2264	Avg reward: 13.20	Avg steps: 1674
2020-07-16 13:58:07,104	INFO	Total steps: 2592276	Episode: 1800/1505	Avg reward: 14.35	Avg steps: 1573
2020-07-16 14:12:49,358	INFO	Total steps: 2624204	Episode: 1820/1420	Avg reward: 15.10	Avg steps: 1595
2020-07-16 14:28:36,017	INFO	Total steps: 2658344	Episode: 1840/1518	Avg reward: 12.50	Avg steps: 1706
2020-07-16 14:44:28,663	INFO	Total steps: 2692856	Episode: 1860/1255	Avg reward: 12.95	Avg steps: 1724
2020-07-16 14:59:44,386	INFO	Total steps: 2725937	Episode: 1880/1416	Avg reward: 14.20	Avg steps: 1653
2020-07-16 15:15:38,622	INFO	Total steps: 2760404	Episode: 1900/1733	Avg reward: 14.05	Avg steps: 1722
2020-07-16 15:30:34,775	INFO	Total steps: 2792899	Episode: 1920/1519	Avg reward: 14.20	Avg steps: 1623
2020-07-16 15:46:00,337	INFO	Total steps: 2826415	Episode: 1940/1531	Avg reward: 12.05	Avg steps: 1674
2020-07-16 16:00:48,145	INFO	Total steps: 2858440	Episode: 1960/1519	Avg reward: 13.80	Avg steps: 1600
2020-07-16 16:15:57,039	INFO	Total steps: 2890828	Episode: 1980/1349	Avg reward: 14.50	Avg steps: 1618
2020-07-16 16:31:18,530	INFO	Total steps: 2923931	Episode: 2000/1771	Avg reward: 13.65	Avg steps: 1654
2020-07-16 16:46:54,290	INFO	Total steps: 2957805	Episode: 2020/1905	Avg reward: 14.35	Avg steps: 1692
2020-07-16 17:02:56,336	INFO	Total steps: 2992018	Episode: 2040/1568	Avg reward: 12.95	Avg steps: 1709
2020-07-16 17:18:42,349	INFO	Total steps: 3025622	Episode: 2060/1643	Avg reward: 13.85	Avg steps: 1679
2020-07-16 17:34:01,158	INFO	Total steps: 3058743	Episode: 2080/2088	Avg reward: 14.70	Avg steps: 1655
2020-07-16 17:48:39,318	INFO	Total steps: 3090263	Episode: 2100/1296	Avg reward: 15.05	Avg steps: 1575
2020-07-16 18:03:13,664	INFO	Total steps: 3121687	Episode: 2120/1317	Avg reward: 13.90	Avg steps: 1570
2020-07-16 18:17:50,074	INFO	Total steps: 3153045	Episode: 2140/1647	Avg reward: 14.10	Avg steps: 1566
2020-07-16 18:31:47,140	INFO	Total steps: 3183043	Episode: 2160/1415	Avg reward: 14.80	Avg steps: 1498
2020-07-16 18:45:59,887	INFO	Total steps: 3213795	Episode: 2180/1513	Avg reward: 16.25	Avg steps: 1536
2020-07-16 19:00:39,164	INFO	Total steps: 3245478	Episode: 2200/1335	Avg reward: 15.55	Avg steps: 1583
2020-07-16 19:16:23,498	INFO	Total steps: 3279145	Episode: 2220/1717	Avg reward: 14.00	Avg steps: 1682
2020-07-16 19:31:52,897	INFO	Total steps: 3312669	Episode: 2240/2092	Avg reward: 14.20	Avg steps: 1675
2020-07-16 19:46:50,872	INFO	Total steps: 3345055	Episode: 2260/1404	Avg reward: 14.95	Avg steps: 1618
2020-07-16 20:02:03,579	INFO	Total steps: 3377926	Episode: 2280/1930	Avg reward: 15.60	Avg steps: 1642
2020-07-16 20:16:43,399	INFO	Total steps: 3409484	Episode: 2300/1972	Avg reward: 15.25	Avg steps: 1576
2020-07-16 20:30:04,525	INFO	Total steps: 3438289	Episode: 2320/1375	Avg reward: 15.35	Avg steps: 1439
2020-07-16 20:44:23,261	INFO	Total steps: 3469186	Episode: 2340/1439	Avg reward: 15.30	Avg steps: 1543
2020-07-16 20:58:46,524	INFO	Total steps: 3500325	Episode: 2360/1641	Avg reward: 14.75	Avg steps: 1555
2020-07-16 21:13:49,050	INFO	Total steps: 3532884	Episode: 2380/1599	Avg reward: 14.85	Avg steps: 1626
2020-07-16 21:27:43,770	INFO	Total steps: 3563190	Episode: 2400/1520	Avg reward: 16.10	Avg steps: 1514
2020-07-16 21:41:32,082	INFO	Total steps: 3593256	Episode: 2420/1370	Avg reward: 14.80	Avg steps: 1502
2020-07-16 21:55:26,821	INFO	Total steps: 3623497	Episode: 2440/1634	Avg reward: 15.55	Avg steps: 1511
2020-07-16 22:10:05,676	INFO	Total steps: 3655306	Episode: 2460/1596	Avg reward: 15.30	Avg steps: 1589
2020-07-16 22:23:53,558	INFO	Total steps: 3685076	Episode: 2480/1482	Avg reward: 16.45	Avg steps: 1487
2020-07-16 22:37:43,546	INFO	Total steps: 3714720	Episode: 2500/1177	Avg reward: 15.75	Avg steps: 1481
2020-07-16 22:51:28,292	INFO	Total steps: 3744247	Episode: 2520/1316	Avg reward: 15.65	Avg steps: 1475
2020-07-16 23:05:17,191	INFO	Total steps: 3773818	Episode: 2540/1171	Avg reward: 16.55	Avg steps: 1477
2020-07-16 23:19:28,745	INFO	Total steps: 3804095	Episode: 2560/1691	Avg reward: 16.25	Avg steps: 1512
2020-07-16 23:33:29,123	INFO	Total steps: 3833936	Episode: 2580/1184	Avg reward: 16.70	Avg steps: 1491
2020-07-16 23:47:42,065	INFO	Total steps: 3864238	Episode: 2600/1499	Avg reward: 16.20	Avg steps: 1514
2020-07-17 00:01:57,432	INFO	Total steps: 3894809	Episode: 2620/1336	Avg reward: 15.80	Avg steps: 1527
2020-07-17 00:16:52,045	INFO	Total steps: 3926406	Episode: 2640/1236	Avg reward: 15.25	Avg steps: 1578
2020-07-17 00:30:56,771	INFO	Total steps: 3956150	Episode: 2660/995	Avg reward: 16.70	Avg steps: 1486
2020-07-17 00:45:03,721	INFO	Total steps: 3985785	Episode: 2680/1209	Avg reward: 16.25	Avg steps: 1480
2020-07-17 00:59:15,876	INFO	Total steps: 4015405	Episode: 2700/1756	Avg reward: 16.30	Avg steps: 1480
2020-07-17 01:14:25,383	INFO	Total steps: 4047347	Episode: 2720/1610	Avg reward: 15.70	Avg steps: 1596
2020-07-17 01:28:39,400	INFO	Total steps: 4077545	Episode: 2740/1257	Avg reward: 17.25	Avg steps: 1508
2020-07-17 01:43:20,802	INFO	Total steps: 4108712	Episode: 2760/1843	Avg reward: 16.70	Avg steps: 1557
2020-07-17 01:56:27,681	INFO	Total steps: 4136508	Episode: 2780/1393	Avg reward: 17.15	Avg steps: 1388
2020-07-17 02:10:52,527	INFO	Total steps: 4166972	Episode: 2800/1483	Avg reward: 16.30	Avg steps: 1522
2020-07-17 02:24:45,588	INFO	Total steps: 4196495	Episode: 2820/1280	Avg reward: 16.50	Avg steps: 1475
2020-07-17 02:39:09,297	INFO	Total steps: 4226819	Episode: 2840/1682	Avg reward: 15.65	Avg steps: 1515
2020-07-17 02:53:14,283	INFO	Total steps: 4256601	Episode: 2860/1651	Avg reward: 15.10	Avg steps: 1488
2020-07-17 03:07:11,828	INFO	Total steps: 4286183	Episode: 2880/1503	Avg reward: 16.10	Avg steps: 1478
2020-07-17 03:21:01,969	INFO	Total steps: 4315948	Episode: 2900/1658	Avg reward: 16.35	Avg steps: 1487
2020-07-17 03:34:26,486	INFO	Total steps: 4344966	Episode: 2920/1471	Avg reward: 17.05	Avg steps: 1449
2020-07-17 03:47:47,336	INFO	Total steps: 4373725	Episode: 2940/1584	Avg reward: 16.95	Avg steps: 1436
2020-07-17 04:01:34,546	INFO	Total steps: 4403432	Episode: 2960/2022	Avg reward: 16.35	Avg steps: 1484
2020-07-17 04:15:23,505	INFO	Total steps: 4432929	Episode: 2980/1422	Avg reward: 16.75	Avg steps: 1473
2020-07-17 04:29:04,454	INFO	Total steps: 4462210	Episode: 3000/1488	Avg reward: 17.50	Avg steps: 1463
2020-07-17 04:42:53,028	INFO	Total steps: 4491584	Episode: 3020/1564	Avg reward: 17.65	Avg steps: 1467
2020-07-17 04:56:10,255	INFO	Total steps: 4519749	Episode: 3040/1233	Avg reward: 17.10	Avg steps: 1407
2020-07-17 05:10:31,775	INFO	Total steps: 4550195	Episode: 3060/1570	Avg reward: 17.05	Avg steps: 1521
2020-07-17 05:24:24,920	INFO	Total steps: 4579841	Episode: 3080/1450	Avg reward: 16.65	Avg steps: 1481
2020-07-17 05:39:12,838	INFO	Total steps: 4611444	Episode: 3100/1810	Avg reward: 16.10	Avg steps: 1579
2020-07-17 05:52:45,550	INFO	Total steps: 4640295	Episode: 3120/1308	Avg reward: 16.85	Avg steps: 1441
2020-07-17 06:06:35,752	INFO	Total steps: 4669851	Episode: 3140/1509	Avg reward: 16.90	Avg steps: 1476
2020-07-17 06:21:35,548	INFO	Total steps: 4701779	Episode: 3160/1757	Avg reward: 15.65	Avg steps: 1595
2020-07-17 06:35:56,198	INFO	Total steps: 4732314	Episode: 3180/1423	Avg reward: 16.30	Avg steps: 1525
2020-07-17 06:50:38,102	INFO	Total steps: 4763754	Episode: 3200/1361	Avg reward: 16.05	Avg steps: 1571
2020-07-17 07:05:08,843	INFO	Total steps: 4794459	Episode: 3220/1565	Avg reward: 15.75	Avg steps: 1534
2020-07-17 07:19:12,729	INFO	Total steps: 4824312	Episode: 3240/1441	Avg reward: 16.90	Avg steps: 1491
2020-07-17 07:32:38,450	INFO	Total steps: 4852786	Episode: 3260/1674	Avg reward: 16.60	Avg steps: 1422
2020-07-17 07:46:32,433	INFO	Total steps: 4882232	Episode: 3280/1486	Avg reward: 16.90	Avg steps: 1471
2020-07-17 07:59:47,017	INFO	Total steps: 4910389	Episode: 3300/1838	Avg reward: 17.00	Avg steps: 1406
2020-07-17 08:13:11,684	INFO	Total steps: 4939143	Episode: 3320/1416	Avg reward: 17.80	Avg steps: 1436
2020-07-17 08:27:27,346	INFO	Total steps: 4969879	Episode: 3340/1884	Avg reward: 16.40	Avg steps: 1535
2020-07-17 08:42:50,088	INFO	Total steps: 5002828	Episode: 3360/1382	Avg reward: 16.30	Avg steps: 1646
2020-07-17 08:57:07,842	INFO	Total steps: 5033160	Episode: 3380/1754	Avg reward: 17.40	Avg steps: 1515
2020-07-17 09:11:17,278	INFO	Total steps: 5063275	Episode: 3400/1415	Avg reward: 18.10	Avg steps: 1504
2020-07-17 09:26:09,912	INFO	Total steps: 5094756	Episode: 3420/1464	Avg reward: 16.40	Avg steps: 1573
2020-07-17 09:39:58,078	INFO	Total steps: 5124215	Episode: 3440/1531	Avg reward: 17.65	Avg steps: 1471
2020-07-17 09:53:33,844	INFO	Total steps: 5153435	Episode: 3460/1548	Avg reward: 17.15	Avg steps: 1460
2020-07-17 10:08:18,268	INFO	Total steps: 5184995	Episode: 3480/1472	Avg reward: 16.85	Avg steps: 1577
2020-07-17 10:22:15,488	INFO	Total steps: 5214586	Episode: 3500/1176	Avg reward: 17.30	Avg steps: 1478
2020-07-17 10:36:14,311	INFO	Total steps: 5243929	Episode: 3520/1367	Avg reward: 17.30	Avg steps: 1466
2020-07-17 10:51:05,884	INFO	Total steps: 5275443	Episode: 3540/1399	Avg reward: 16.55	Avg steps: 1574
2020-07-17 11:04:37,592	INFO	Total steps: 5304276	Episode: 3560/1622	Avg reward: 17.60	Avg steps: 1440
2020-07-17 11:18:39,361	INFO	Total steps: 5334253	Episode: 3580/1238	Avg reward: 17.50	Avg steps: 1497
2020-07-17 11:32:32,245	INFO	Total steps: 5363901	Episode: 3600/1307	Avg reward: 17.90	Avg steps: 1481
2020-07-17 11:46:30,699	INFO	Total steps: 5393606	Episode: 3620/1421	Avg reward: 17.60	Avg steps: 1484
2020-07-17 12:00:36,483	INFO	Total steps: 5423652	Episode: 3640/1267	Avg reward: 17.80	Avg steps: 1501
2020-07-17 12:14:26,640	INFO	Total steps: 5453254	Episode: 3660/1688	Avg reward: 18.05	Avg steps: 1479
2020-07-17 12:28:20,213	INFO	Total steps: 5482767	Episode: 3680/1345	Avg reward: 18.00	Avg steps: 1474
2020-07-17 12:42:20,633	INFO	Total steps: 5512461	Episode: 3700/1153	Avg reward: 17.50	Avg steps: 1483
2020-07-17 12:56:15,076	INFO	Total steps: 5542034	Episode: 3720/1574	Avg reward: 16.95	Avg steps: 1477
2020-07-17 13:10:43,850	INFO	Total steps: 5572832	Episode: 3740/1344	Avg reward: 17.55	Avg steps: 1538
2020-07-17 13:25:04,432	INFO	Total steps: 5603263	Episode: 3760/1672	Avg reward: 18.00	Avg steps: 1520
2020-07-17 13:38:56,824	INFO	Total steps: 5632782	Episode: 3780/1308	Avg reward: 17.70	Avg steps: 1474
2020-07-17 13:52:52,063	INFO	Total steps: 5662451	Episode: 3800/1699	Avg reward: 17.35	Avg steps: 1482
2020-07-17 14:07:36,822	INFO	Total steps: 5693937	Episode: 3820/1208	Avg reward: 16.95	Avg steps: 1573
2020-07-17 14:21:33,572	INFO	Total steps: 5723487	Episode: 3840/1534	Avg reward: 17.40	Avg steps: 1476
2020-07-17 14:35:25,037	INFO	Total steps: 5752858	Episode: 3860/1340	Avg reward: 17.20	Avg steps: 1467
2020-07-17 14:49:34,285	INFO	Total steps: 5782965	Episode: 3880/1256	Avg reward: 17.85	Avg steps: 1504
2020-07-17 15:03:31,653	INFO	Total steps: 5812687	Episode: 3900/2001	Avg reward: 17.50	Avg steps: 1485
2020-07-17 15:18:24,665	INFO	Total steps: 5844580	Episode: 3920/1416	Avg reward: 16.65	Avg steps: 1593
2020-07-17 15:31:48,369	INFO	Total steps: 5873055	Episode: 3940/1493	Avg reward: 17.50	Avg steps: 1422
2020-07-17 15:45:42,809	INFO	Total steps: 5902367	Episode: 3960/1365	Avg reward: 17.35	Avg steps: 1464
2020-07-17 16:00:07,036	INFO	Total steps: 5932884	Episode: 3980/1515	Avg reward: 17.45	Avg steps: 1524
2020-07-17 16:14:31,883	INFO	Total steps: 5963355	Episode: 4000/1423	Avg reward: 17.55	Avg steps: 1522
2020-07-21 20:19:49,045	INFO	--width 160 --height 160 --ball 1.0 --ball-size 2.0 --snell 1.8 --snell-width 80.0 --snell-change 0.0 --snell-visible none --paddle-speed 1.0 --paddle-angle 50.0 --paddle-length 20.0 --update-prob 0.5 --state binary --learning-rate 0.0001 --network dqn_pong_model --render False --epsdecay 1000 --episodes 4000 --replay 10000 --batch-size 32 --checkpoint dqn_pong_model --history history.p --store-dir ../experiments/paddle_angle.50.0-update_prob.0.5-snell.1.8 
2020-07-21 20:19:49,266	INFO	Device: cuda
2020-07-21 20:24:52,269	INFO	Total steps: 10709	Episode: 20/649	Avg reward: -19.20	Avg steps: 534
2020-07-21 20:31:08,625	INFO	Total steps: 22711	Episode: 40/583	Avg reward: -19.10	Avg steps: 599
2020-07-21 20:36:55,988	INFO	Total steps: 33990	Episode: 60/519	Avg reward: -19.00	Avg steps: 562
2020-07-21 20:42:41,798	INFO	Total steps: 46052	Episode: 80/502	Avg reward: -18.75	Avg steps: 602
2020-07-21 20:48:53,665	INFO	Total steps: 59793	Episode: 100/920	Avg reward: -18.75	Avg steps: 686
2020-07-21 20:54:42,945	INFO	Total steps: 72651	Episode: 120/515	Avg reward: -18.85	Avg steps: 641
2020-07-21 21:01:14,103	INFO	Total steps: 86966	Episode: 140/608	Avg reward: -18.70	Avg steps: 714
2020-07-21 21:08:13,706	INFO	Total steps: 101479	Episode: 160/673	Avg reward: -18.60	Avg steps: 724
2020-07-21 21:15:33,658	INFO	Total steps: 115416	Episode: 180/801	Avg reward: -18.45	Avg steps: 695
2020-07-21 21:22:03,992	INFO	Total steps: 127522	Episode: 200/394	Avg reward: -18.80	Avg steps: 604
2020-07-21 21:28:41,471	INFO	Total steps: 140119	Episode: 220/795	Avg reward: -18.80	Avg steps: 628
2020-07-21 21:36:14,786	INFO	Total steps: 156429	Episode: 240/862	Avg reward: -18.05	Avg steps: 814
2020-07-21 21:42:43,350	INFO	Total steps: 170151	Episode: 260/815	Avg reward: -18.20	Avg steps: 685
2020-07-21 21:50:33,004	INFO	Total steps: 185602	Episode: 280/624	Avg reward: -18.10	Avg steps: 771
2020-07-21 22:00:14,024	INFO	Total steps: 203647	Episode: 300/580	Avg reward: -18.15	Avg steps: 901
2020-07-21 22:08:26,757	INFO	Total steps: 218939	Episode: 320/1203	Avg reward: -18.60	Avg steps: 763
2020-07-21 22:17:33,389	INFO	Total steps: 236017	Episode: 340/653	Avg reward: -18.10	Avg steps: 852
2020-07-21 22:26:41,385	INFO	Total steps: 253019	Episode: 360/1138	Avg reward: -17.45	Avg steps: 849
2020-07-21 22:37:21,527	INFO	Total steps: 272871	Episode: 380/1083	Avg reward: -17.45	Avg steps: 991
2020-07-21 22:48:04,838	INFO	Total steps: 292780	Episode: 400/959	Avg reward: -16.60	Avg steps: 994
2020-07-21 22:58:38,588	INFO	Total steps: 312405	Episode: 420/1067	Avg reward: -16.90	Avg steps: 980
2020-07-21 23:08:12,432	INFO	Total steps: 330177	Episode: 440/626	Avg reward: -17.55	Avg steps: 887
2020-07-21 23:20:07,664	INFO	Total steps: 352275	Episode: 460/977	Avg reward: -16.65	Avg steps: 1103
2020-07-21 23:31:20,029	INFO	Total steps: 373059	Episode: 480/964	Avg reward: -16.75	Avg steps: 1038
2020-07-21 23:44:45,860	INFO	Total steps: 397790	Episode: 500/1451	Avg reward: -15.95	Avg steps: 1235
2020-07-21 23:58:22,662	INFO	Total steps: 423287	Episode: 520/1209	Avg reward: -15.95	Avg steps: 1273
2020-07-22 00:10:20,473	INFO	Total steps: 446869	Episode: 540/1263	Avg reward: -16.30	Avg steps: 1178
2020-07-22 00:22:38,292	INFO	Total steps: 471819	Episode: 560/1137	Avg reward: -15.60	Avg steps: 1246
2020-07-22 00:35:30,090	INFO	Total steps: 497107	Episode: 580/1022	Avg reward: -16.40	Avg steps: 1263
2020-07-22 00:48:09,946	INFO	Total steps: 521690	Episode: 600/1443	Avg reward: -15.50	Avg steps: 1228
2020-07-22 01:03:21,567	INFO	Total steps: 550902	Episode: 620/1743	Avg reward: -15.05	Avg steps: 1459
2020-07-22 01:17:43,784	INFO	Total steps: 578593	Episode: 640/1369	Avg reward: -15.95	Avg steps: 1383
2020-07-22 01:34:32,710	INFO	Total steps: 610889	Episode: 660/1647	Avg reward: -15.00	Avg steps: 1613
2020-07-22 01:50:14,162	INFO	Total steps: 640807	Episode: 680/1412	Avg reward: -13.55	Avg steps: 1494
2020-07-22 02:05:05,986	INFO	Total steps: 669372	Episode: 700/1862	Avg reward: -14.15	Avg steps: 1427
2020-07-22 02:20:30,450	INFO	Total steps: 699043	Episode: 720/1363	Avg reward: -13.75	Avg steps: 1482
2020-07-22 02:34:00,247	INFO	Total steps: 724952	Episode: 740/1523	Avg reward: -14.30	Avg steps: 1294
2020-07-22 02:49:44,309	INFO	Total steps: 755220	Episode: 760/2284	Avg reward: -13.25	Avg steps: 1512
2020-07-22 03:07:34,308	INFO	Total steps: 789404	Episode: 780/1796	Avg reward: -12.55	Avg steps: 1708
2020-07-22 03:24:16,018	INFO	Total steps: 821324	Episode: 800/1396	Avg reward: -12.00	Avg steps: 1595
2020-07-22 03:43:28,821	INFO	Total steps: 858267	Episode: 820/1722	Avg reward: -10.60	Avg steps: 1846
2020-07-22 04:05:00,963	INFO	Total steps: 899578	Episode: 840/2148	Avg reward: -9.70	Avg steps: 2064
2020-07-22 04:23:16,632	INFO	Total steps: 934758	Episode: 860/1520	Avg reward: -11.65	Avg steps: 1758
2020-07-22 04:42:03,955	INFO	Total steps: 971211	Episode: 880/2334	Avg reward: -11.30	Avg steps: 1821
2020-07-22 05:04:20,499	INFO	Total steps: 1014454	Episode: 900/1852	Avg reward: -6.75	Avg steps: 2161
2020-07-22 05:23:33,981	INFO	Total steps: 1052006	Episode: 920/2639	Avg reward: -10.65	Avg steps: 1876
2020-07-22 05:45:13,644	INFO	Total steps: 1093576	Episode: 940/1661	Avg reward: -7.20	Avg steps: 2077
2020-07-22 06:08:18,002	INFO	Total steps: 1137902	Episode: 960/2895	Avg reward: -7.60	Avg steps: 2215
2020-07-22 06:30:29,586	INFO	Total steps: 1180486	Episode: 980/2283	Avg reward: -7.75	Avg steps: 2128
2020-07-22 06:53:31,224	INFO	Total steps: 1224453	Episode: 1000/1341	Avg reward: -7.20	Avg steps: 2197
2020-07-22 07:15:04,140	INFO	Total steps: 1265483	Episode: 1020/1704	Avg reward: -8.65	Avg steps: 2050
2020-07-22 07:34:58,811	INFO	Total steps: 1303463	Episode: 1040/2028	Avg reward: -8.90	Avg steps: 1898
2020-07-22 07:55:08,788	INFO	Total steps: 1342006	Episode: 1060/1819	Avg reward: -6.75	Avg steps: 1926
2020-07-22 08:18:03,306	INFO	Total steps: 1385832	Episode: 1080/1396	Avg reward: -6.10	Avg steps: 2190
2020-07-22 08:39:16,226	INFO	Total steps: 1426371	Episode: 1100/2163	Avg reward: -7.40	Avg steps: 2025
2020-07-22 09:03:03,270	INFO	Total steps: 1471739	Episode: 1120/1454	Avg reward: -5.80	Avg steps: 2267
2020-07-22 09:26:12,490	INFO	Total steps: 1515696	Episode: 1140/2312	Avg reward: -5.70	Avg steps: 2196
2020-07-22 09:50:55,650	INFO	Total steps: 1562830	Episode: 1160/2602	Avg reward: -4.35	Avg steps: 2355
2020-07-22 10:16:42,769	INFO	Total steps: 1611989	Episode: 1180/2839	Avg reward: -2.00	Avg steps: 2456
2020-07-22 10:45:14,854	INFO	Total steps: 1666637	Episode: 1200/2360	Avg reward: -2.30	Avg steps: 2731
2020-07-22 11:09:30,758	INFO	Total steps: 1712805	Episode: 1220/2006	Avg reward: -4.95	Avg steps: 2307
2020-07-22 11:33:12,322	INFO	Total steps: 1757890	Episode: 1240/3056	Avg reward: -2.20	Avg steps: 2253
2020-07-22 11:59:15,211	INFO	Total steps: 1807460	Episode: 1260/2185	Avg reward: -1.80	Avg steps: 2477
2020-07-22 12:23:13,702	INFO	Total steps: 1852936	Episode: 1280/2516	Avg reward: -2.20	Avg steps: 2272
2020-07-22 12:50:12,805	INFO	Total steps: 1904388	Episode: 1300/2432	Avg reward: 0.45	Avg steps: 2571
2020-07-22 13:18:28,695	INFO	Total steps: 1958233	Episode: 1320/2641	Avg reward: -1.65	Avg steps: 2691
2020-07-22 13:43:52,636	INFO	Total steps: 2006374	Episode: 1340/3017	Avg reward: -1.85	Avg steps: 2406
2020-07-22 14:11:14,605	INFO	Total steps: 2057950	Episode: 1360/2896	Avg reward: -1.95	Avg steps: 2577
2020-07-22 14:39:56,005	INFO	Total steps: 2112667	Episode: 1380/2579	Avg reward: 1.55	Avg steps: 2734
2020-07-22 15:04:29,019	INFO	Total steps: 2159708	Episode: 1400/2108	Avg reward: 3.70	Avg steps: 2351
2020-07-22 15:33:41,501	INFO	Total steps: 2215328	Episode: 1420/2529	Avg reward: 3.15	Avg steps: 2780
2020-07-22 15:59:28,005	INFO	Total steps: 2266643	Episode: 1440/2176	Avg reward: 2.00	Avg steps: 2564
2020-07-22 16:25:39,297	INFO	Total steps: 2318869	Episode: 1460/2535	Avg reward: 3.40	Avg steps: 2610
2020-07-22 16:54:04,924	INFO	Total steps: 2375301	Episode: 1480/2446	Avg reward: 2.50	Avg steps: 2820
2020-07-22 17:18:42,505	INFO	Total steps: 2424634	Episode: 1500/2090	Avg reward: 0.50	Avg steps: 2465
2020-07-22 17:43:18,319	INFO	Total steps: 2473608	Episode: 1520/1952	Avg reward: -0.30	Avg steps: 2447
2020-07-22 18:08:57,222	INFO	Total steps: 2524766	Episode: 1540/1851	Avg reward: 2.90	Avg steps: 2556
2020-07-22 18:35:22,359	INFO	Total steps: 2574906	Episode: 1560/2374	Avg reward: 3.20	Avg steps: 2506
2020-07-22 19:03:03,859	INFO	Total steps: 2627716	Episode: 1580/3011	Avg reward: 3.15	Avg steps: 2639
2020-07-22 19:30:34,306	INFO	Total steps: 2679907	Episode: 1600/1924	Avg reward: 4.00	Avg steps: 2608
2020-07-22 19:59:25,046	INFO	Total steps: 2734758	Episode: 1620/2632	Avg reward: 3.90	Avg steps: 2741
2020-07-22 20:28:05,971	INFO	Total steps: 2789183	Episode: 1640/2872	Avg reward: 2.55	Avg steps: 2720
2020-07-22 20:54:27,606	INFO	Total steps: 2839392	Episode: 1660/2451	Avg reward: 4.40	Avg steps: 2509
2020-07-22 21:18:21,734	INFO	Total steps: 2885059	Episode: 1680/1874	Avg reward: 8.00	Avg steps: 2282
2020-07-22 21:46:08,392	INFO	Total steps: 2937984	Episode: 1700/2250	Avg reward: 5.55	Avg steps: 2645
2020-07-22 22:14:09,970	INFO	Total steps: 2991754	Episode: 1720/2865	Avg reward: 7.20	Avg steps: 2687
2020-07-22 22:40:26,301	INFO	Total steps: 3041794	Episode: 1740/2356	Avg reward: 6.80	Avg steps: 2501
2020-07-22 23:05:03,942	INFO	Total steps: 3088570	Episode: 1760/1424	Avg reward: 8.30	Avg steps: 2337
2020-07-22 23:29:30,982	INFO	Total steps: 3135068	Episode: 1780/2869	Avg reward: 8.30	Avg steps: 2323
2020-07-22 23:54:32,749	INFO	Total steps: 3182340	Episode: 1800/2054	Avg reward: 6.80	Avg steps: 2362
2020-07-23 00:20:29,420	INFO	Total steps: 3231047	Episode: 1820/2650	Avg reward: 8.60	Avg steps: 2434
2020-07-23 00:46:20,528	INFO	Total steps: 3279707	Episode: 1840/2537	Avg reward: 7.30	Avg steps: 2432
2020-07-23 01:11:33,748	INFO	Total steps: 3327608	Episode: 1860/2100	Avg reward: 7.90	Avg steps: 2394
2020-07-23 01:36:02,468	INFO	Total steps: 3373252	Episode: 1880/2626	Avg reward: 9.45	Avg steps: 2281
2020-07-23 01:59:56,708	INFO	Total steps: 3418439	Episode: 1900/1688	Avg reward: 9.65	Avg steps: 2258
2020-07-23 02:22:57,198	INFO	Total steps: 3463457	Episode: 1920/2440	Avg reward: 10.15	Avg steps: 2249
2020-07-23 02:44:45,597	INFO	Total steps: 3506223	Episode: 1940/2258	Avg reward: 10.50	Avg steps: 2137
2020-07-23 03:05:11,956	INFO	Total steps: 3546191	Episode: 1960/1646	Avg reward: 11.60	Avg steps: 1997
2020-07-23 03:27:19,336	INFO	Total steps: 3589775	Episode: 1980/1898	Avg reward: 10.80	Avg steps: 2178
2020-07-23 03:51:23,788	INFO	Total steps: 3636708	Episode: 2000/2925	Avg reward: 9.85	Avg steps: 2345
2020-07-23 04:13:52,249	INFO	Total steps: 3680275	Episode: 2020/2494	Avg reward: 6.20	Avg steps: 2177
2020-07-23 04:34:16,777	INFO	Total steps: 3720117	Episode: 2040/2233	Avg reward: 11.85	Avg steps: 1991
2020-07-23 04:56:58,770	INFO	Total steps: 3764253	Episode: 2060/2419	Avg reward: 7.80	Avg steps: 2205
2020-07-23 05:19:03,211	INFO	Total steps: 3807549	Episode: 2080/1795	Avg reward: 11.05	Avg steps: 2163
2020-07-23 05:43:09,994	INFO	Total steps: 3854943	Episode: 2100/2916	Avg reward: 8.30	Avg steps: 2368
2020-07-23 06:05:53,634	INFO	Total steps: 3899285	Episode: 2120/2006	Avg reward: 8.95	Avg steps: 2216
2020-07-23 06:27:46,491	INFO	Total steps: 3942581	Episode: 2140/2656	Avg reward: 8.55	Avg steps: 2163
2020-07-23 06:50:48,264	INFO	Total steps: 3987866	Episode: 2160/2793	Avg reward: 10.50	Avg steps: 2263
2020-07-23 07:13:12,716	INFO	Total steps: 4032005	Episode: 2180/2002	Avg reward: 10.15	Avg steps: 2205
2020-07-23 07:34:19,876	INFO	Total steps: 4073604	Episode: 2200/2811	Avg reward: 11.15	Avg steps: 2078
2020-07-23 07:56:10,244	INFO	Total steps: 4116570	Episode: 2220/2123	Avg reward: 10.60	Avg steps: 2147
2020-07-23 08:19:43,322	INFO	Total steps: 4162697	Episode: 2240/2622	Avg reward: 9.65	Avg steps: 2305
2020-07-23 08:43:28,545	INFO	Total steps: 4209106	Episode: 2260/2012	Avg reward: 9.75	Avg steps: 2319
2020-07-23 09:06:07,085	INFO	Total steps: 4253309	Episode: 2280/2003	Avg reward: 9.75	Avg steps: 2209
2020-07-23 09:27:11,224	INFO	Total steps: 4294387	Episode: 2300/1765	Avg reward: 13.30	Avg steps: 2052
2020-07-23 09:50:19,569	INFO	Total steps: 4340073	Episode: 2320/2637	Avg reward: 7.70	Avg steps: 2283
2020-07-23 10:13:24,115	INFO	Total steps: 4384893	Episode: 2340/1769	Avg reward: 7.20	Avg steps: 2240
2020-07-23 10:34:13,442	INFO	Total steps: 4425210	Episode: 2360/2151	Avg reward: 8.65	Avg steps: 2014
2020-07-23 10:56:47,436	INFO	Total steps: 4469346	Episode: 2380/2516	Avg reward: 7.00	Avg steps: 2205
2020-07-23 11:17:49,326	INFO	Total steps: 4510275	Episode: 2400/2362	Avg reward: 10.25	Avg steps: 2045
2020-07-23 11:38:36,561	INFO	Total steps: 4550700	Episode: 2420/2272	Avg reward: 11.30	Avg steps: 2020
2020-07-23 12:01:15,431	INFO	Total steps: 4595235	Episode: 2440/1672	Avg reward: 10.75	Avg steps: 2225
2020-07-23 12:22:37,428	INFO	Total steps: 4636904	Episode: 2460/2393	Avg reward: 7.15	Avg steps: 2082
2020-07-23 12:44:27,393	INFO	Total steps: 4679686	Episode: 2480/2772	Avg reward: 11.90	Avg steps: 2138
2020-07-23 13:04:23,500	INFO	Total steps: 4718516	Episode: 2500/2357	Avg reward: 11.30	Avg steps: 1940
2020-07-23 13:25:51,571	INFO	Total steps: 4760456	Episode: 2520/2009	Avg reward: 12.55	Avg steps: 2096
2020-07-23 13:45:39,953	INFO	Total steps: 4799207	Episode: 2540/1750	Avg reward: 11.10	Avg steps: 1936
2020-07-23 14:05:19,059	INFO	Total steps: 4837366	Episode: 2560/2386	Avg reward: 13.35	Avg steps: 1906
2020-07-23 14:26:53,361	INFO	Total steps: 4879204	Episode: 2580/2874	Avg reward: 12.00	Avg steps: 2090
2020-07-23 14:49:48,928	INFO	Total steps: 4923960	Episode: 2600/1845	Avg reward: 12.00	Avg steps: 2236
2020-07-23 15:11:15,288	INFO	Total steps: 4965755	Episode: 2620/2198	Avg reward: 12.00	Avg steps: 2088
2020-07-23 15:32:16,545	INFO	Total steps: 5006499	Episode: 2640/2080	Avg reward: 13.40	Avg steps: 2036
2020-07-23 15:53:23,624	INFO	Total steps: 5047542	Episode: 2660/2012	Avg reward: 14.05	Avg steps: 2051
2020-07-23 16:15:09,415	INFO	Total steps: 5089625	Episode: 2680/2718	Avg reward: 12.45	Avg steps: 2103
2020-07-23 16:36:18,455	INFO	Total steps: 5130704	Episode: 2700/2431	Avg reward: 13.05	Avg steps: 2052
2020-07-23 17:00:37,089	INFO	Total steps: 5177712	Episode: 2720/1790	Avg reward: 10.35	Avg steps: 2349
2020-07-23 17:25:35,530	INFO	Total steps: 5225828	Episode: 2740/2335	Avg reward: 11.10	Avg steps: 2404
2020-07-23 17:49:27,585	INFO	Total steps: 5271744	Episode: 2760/2128	Avg reward: 11.40	Avg steps: 2294
2020-07-23 18:12:54,710	INFO	Total steps: 5317055	Episode: 2780/1863	Avg reward: 10.85	Avg steps: 2264
2020-07-23 18:35:47,137	INFO	Total steps: 5361066	Episode: 2800/2559	Avg reward: 11.65	Avg steps: 2199
2020-07-23 18:58:27,742	INFO	Total steps: 5404887	Episode: 2820/1911	Avg reward: 11.05	Avg steps: 2190
2020-07-23 19:20:24,100	INFO	Total steps: 5447094	Episode: 2840/1971	Avg reward: 13.35	Avg steps: 2109
2020-07-23 19:40:32,864	INFO	Total steps: 5485816	Episode: 2860/2329	Avg reward: 12.60	Avg steps: 1935
2020-07-23 20:02:46,767	INFO	Total steps: 5528799	Episode: 2880/2100	Avg reward: 12.55	Avg steps: 2148
2020-07-23 20:23:39,906	INFO	Total steps: 5569211	Episode: 2900/1861	Avg reward: 13.35	Avg steps: 2019
2020-07-23 20:45:19,542	INFO	Total steps: 5610987	Episode: 2920/3301	Avg reward: 12.55	Avg steps: 2087
2020-07-23 21:06:58,614	INFO	Total steps: 5652793	Episode: 2940/1516	Avg reward: 12.35	Avg steps: 2089
2020-07-23 21:28:51,969	INFO	Total steps: 5694843	Episode: 2960/1753	Avg reward: 8.15	Avg steps: 2101
2020-07-23 21:50:32,136	INFO	Total steps: 5736346	Episode: 2980/3584	Avg reward: 11.60	Avg steps: 2074
2020-07-23 22:18:41,926	INFO	Total steps: 5790270	Episode: 3000/3761	Avg reward: 6.20	Avg steps: 2695
2020-07-23 22:42:19,731	INFO	Total steps: 5835594	Episode: 3020/2218	Avg reward: 7.40	Avg steps: 2265
2020-07-23 23:05:55,027	INFO	Total steps: 5881067	Episode: 3040/2461	Avg reward: 5.05	Avg steps: 2272
2020-07-23 23:28:22,078	INFO	Total steps: 5924249	Episode: 3060/1937	Avg reward: 13.10	Avg steps: 2158
2020-07-23 23:53:53,813	INFO	Total steps: 5973424	Episode: 3080/2438	Avg reward: 5.40	Avg steps: 2457
2020-07-24 00:18:30,829	INFO	Total steps: 6020822	Episode: 3100/2496	Avg reward: 6.80	Avg steps: 2368
2020-07-24 00:42:52,116	INFO	Total steps: 6067381	Episode: 3120/2766	Avg reward: 6.30	Avg steps: 2326
2020-07-24 01:09:39,088	INFO	Total steps: 6119146	Episode: 3140/3370	Avg reward: 3.20	Avg steps: 2587
2020-07-24 01:31:54,499	INFO	Total steps: 6162330	Episode: 3160/1925	Avg reward: 9.45	Avg steps: 2158
2020-07-24 01:55:39,986	INFO	Total steps: 6208554	Episode: 3180/2535	Avg reward: 4.55	Avg steps: 2310
2020-07-24 02:18:57,437	INFO	Total steps: 6254100	Episode: 3200/1751	Avg reward: 6.45	Avg steps: 2276
2020-07-24 02:42:25,732	INFO	Total steps: 6299794	Episode: 3220/2438	Avg reward: 6.90	Avg steps: 2283
2020-07-24 03:05:13,574	INFO	Total steps: 6344308	Episode: 3240/2476	Avg reward: 6.60	Avg steps: 2224
2020-07-24 03:25:51,821	INFO	Total steps: 6384600	Episode: 3260/1155	Avg reward: 3.25	Avg steps: 2013
2020-07-24 03:47:30,839	INFO	Total steps: 6426799	Episode: 3280/2179	Avg reward: 3.50	Avg steps: 2108
2020-07-24 04:10:43,351	INFO	Total steps: 6471742	Episode: 3300/2901	Avg reward: 6.10	Avg steps: 2246
2020-07-24 04:32:58,212	INFO	Total steps: 6515106	Episode: 3320/1829	Avg reward: 6.10	Avg steps: 2167
2020-07-24 04:55:08,599	INFO	Total steps: 6558132	Episode: 3340/2414	Avg reward: 4.20	Avg steps: 2150
2020-07-24 05:16:20,245	INFO	Total steps: 6599001	Episode: 3360/2109	Avg reward: 9.95	Avg steps: 2042
2020-07-24 05:39:08,825	INFO	Total steps: 6643563	Episode: 3380/2656	Avg reward: 7.45	Avg steps: 2227
2020-07-24 05:59:37,033	INFO	Total steps: 6683308	Episode: 3400/2393	Avg reward: 9.50	Avg steps: 1986
2020-07-24 06:19:18,766	INFO	Total steps: 6722451	Episode: 3420/1637	Avg reward: 7.70	Avg steps: 1956
2020-07-24 06:39:12,947	INFO	Total steps: 6761883	Episode: 3440/2089	Avg reward: 0.15	Avg steps: 1970
2020-07-24 06:55:27,690	INFO	Total steps: 6794068	Episode: 3460/1233	Avg reward: -5.35	Avg steps: 1608
2020-07-24 07:11:10,599	INFO	Total steps: 6825153	Episode: 3480/2437	Avg reward: -7.95	Avg steps: 1553
2020-07-24 07:27:29,723	INFO	Total steps: 6857616	Episode: 3500/1657	Avg reward: -8.55	Avg steps: 1622
2020-07-24 07:40:26,981	INFO	Total steps: 6883028	Episode: 3520/919	Avg reward: -10.90	Avg steps: 1269
2020-07-24 07:52:38,765	INFO	Total steps: 6907108	Episode: 3540/1844	Avg reward: -11.15	Avg steps: 1203
2020-07-24 08:05:04,289	INFO	Total steps: 6931786	Episode: 3560/1110	Avg reward: -11.60	Avg steps: 1232
2020-07-24 08:18:28,031	INFO	Total steps: 6958075	Episode: 3580/1946	Avg reward: -9.05	Avg steps: 1313
2020-07-24 08:31:54,838	INFO	Total steps: 6984435	Episode: 3600/1540	Avg reward: -10.80	Avg steps: 1317
2020-07-24 08:44:40,202	INFO	Total steps: 7009416	Episode: 3620/1179	Avg reward: -9.80	Avg steps: 1248
2020-07-24 08:58:04,094	INFO	Total steps: 7035733	Episode: 3640/1579	Avg reward: -8.50	Avg steps: 1314
2020-07-24 09:10:58,092	INFO	Total steps: 7061087	Episode: 3660/1339	Avg reward: -8.90	Avg steps: 1266
2020-07-24 09:24:15,837	INFO	Total steps: 7087266	Episode: 3680/1253	Avg reward: -9.50	Avg steps: 1307
2020-07-24 09:36:44,933	INFO	Total steps: 7111831	Episode: 3700/944	Avg reward: -9.75	Avg steps: 1227
2020-07-24 09:47:14,928	INFO	Total steps: 7132277	Episode: 3720/1145	Avg reward: -12.75	Avg steps: 1021
2020-07-24 09:58:45,078	INFO	Total steps: 7154653	Episode: 3740/1725	Avg reward: -11.55	Avg steps: 1117
2020-07-24 10:11:36,414	INFO	Total steps: 7179821	Episode: 3760/828	Avg reward: -9.70	Avg steps: 1257
2020-07-24 10:22:27,791	INFO	Total steps: 7200876	Episode: 3780/1286	Avg reward: -11.90	Avg steps: 1051
2020-07-24 10:32:50,034	INFO	Total steps: 7221211	Episode: 3800/1077	Avg reward: -13.65	Avg steps: 1015
2020-07-24 10:47:24,616	INFO	Total steps: 7249518	Episode: 3820/1300	Avg reward: -10.75	Avg steps: 1414
2020-07-24 11:01:02,727	INFO	Total steps: 7276197	Episode: 3840/1284	Avg reward: -10.05	Avg steps: 1332
2020-07-24 11:16:31,459	INFO	Total steps: 7306673	Episode: 3860/1559	Avg reward: -8.70	Avg steps: 1522
2020-07-24 11:31:10,653	INFO	Total steps: 7335483	Episode: 3880/1834	Avg reward: -8.65	Avg steps: 1439
2020-07-24 11:41:31,249	INFO	Total steps: 7355830	Episode: 3900/585	Avg reward: -13.30	Avg steps: 1016
2020-07-24 11:54:14,075	INFO	Total steps: 7380932	Episode: 3920/1669	Avg reward: -12.40	Avg steps: 1254
2020-07-24 12:04:54,156	INFO	Total steps: 7401943	Episode: 3940/939	Avg reward: -12.55	Avg steps: 1049
2020-07-24 12:14:52,117	INFO	Total steps: 7421381	Episode: 3960/1061	Avg reward: -12.85	Avg steps: 970
2020-07-24 12:27:31,875	INFO	Total steps: 7445755	Episode: 3980/1583	Avg reward: -12.00	Avg steps: 1217
2020-07-24 12:38:02,064	INFO	Total steps: 7466007	Episode: 4000/1008	Avg reward: -12.90	Avg steps: 1011
