2020-06-27 00:04:11,635	INFO	--width 160 --height 160 --ball 3.0 --ball-size 2.0 --snell 2.0 --snell-width 40.0 --snell-change 0 --snell-visible none --ps 3.0 --paddle-speed 3.0 --pa 45 --paddle-angle 45 --pl 45 --paddle-length 45 --lr 0.0001 --learning-rate 0.0001 --state binary --network dqn_pong_model --render False --epsdecay 1000 --replay 10000 --update-prob 0.2 --episodes 4000 --checkpoint ../experiments/baseline-1-t3/dqn_pong_model --history ../experiments/baseline-1-t3/history.p --store-dir ../experiments/59 
2020-06-27 00:04:11,635	INFO	Device: cuda
2020-06-27 00:04:15,493	INFO	Loading the trained model
2020-06-27 00:16:01,002	INFO	Total steps: 6223699	Episode: 8020/5313	Avg reward: -14.25	Avg steps: 1687
2020-06-27 01:08:13,340	INFO	Total steps: 6369100	Episode: 8040/3271	Avg reward: -6.05	Avg steps: 7269
2020-06-27 01:44:19,698	INFO	Total steps: 6469247	Episode: 8060/2052	Avg reward: -6.45	Avg steps: 5006
2020-06-27 02:17:08,594	INFO	Total steps: 6559212	Episode: 8080/4574	Avg reward: -8.15	Avg steps: 4497
2020-06-27 03:01:26,242	INFO	Total steps: 6681016	Episode: 8100/6938	Avg reward: -6.85	Avg steps: 6089
2020-06-27 03:35:12,542	INFO	Total steps: 6773921	Episode: 8120/6927	Avg reward: -9.75	Avg steps: 4644
2020-06-27 04:01:35,241	INFO	Total steps: 6846911	Episode: 8140/3258	Avg reward: -9.05	Avg steps: 3648
2020-06-27 04:25:11,242	INFO	Total steps: 6912149	Episode: 8160/2295	Avg reward: -8.30	Avg steps: 3260
2020-06-27 04:49:48,984	INFO	Total steps: 6979876	Episode: 8180/2923	Avg reward: -7.80	Avg steps: 3385
2020-06-27 05:15:47,424	INFO	Total steps: 7051291	Episode: 8200/4517	Avg reward: -7.90	Avg steps: 3569
2020-06-27 05:37:48,514	INFO	Total steps: 7111739	Episode: 8220/2948	Avg reward: -6.40	Avg steps: 3021
2020-06-27 06:05:03,770	INFO	Total steps: 7186311	Episode: 8240/3657	Avg reward: -7.15	Avg steps: 3727
2020-06-27 06:32:32,290	INFO	Total steps: 7260900	Episode: 8260/3793	Avg reward: -6.85	Avg steps: 3728
2020-06-27 06:57:48,285	INFO	Total steps: 7329121	Episode: 8280/1554	Avg reward: -6.95	Avg steps: 3410
2020-06-27 07:25:55,275	INFO	Total steps: 7404835	Episode: 8300/3363	Avg reward: -5.55	Avg steps: 3784
2020-06-27 07:44:44,834	INFO	Total steps: 7455038	Episode: 8320/2771	Avg reward: -9.85	Avg steps: 2509
2020-06-27 08:12:09,746	INFO	Total steps: 7528639	Episode: 8340/3322	Avg reward: -6.50	Avg steps: 3679
2020-06-27 08:32:08,048	INFO	Total steps: 7582807	Episode: 8360/2872	Avg reward: -8.25	Avg steps: 2707
2020-06-27 08:53:47,303	INFO	Total steps: 7641276	Episode: 8380/3569	Avg reward: -8.60	Avg steps: 2922
2020-06-27 09:23:31,861	INFO	Total steps: 7721468	Episode: 8400/3707	Avg reward: -4.75	Avg steps: 4008
2020-06-27 09:52:16,779	INFO	Total steps: 7799216	Episode: 8420/3361	Avg reward: -3.80	Avg steps: 3886
2020-06-27 10:14:26,427	INFO	Total steps: 7859098	Episode: 8440/2764	Avg reward: -8.25	Avg steps: 2993
2020-06-27 10:36:41,843	INFO	Total steps: 7920428	Episode: 8460/5024	Avg reward: -9.10	Avg steps: 3065
2020-06-27 11:04:53,166	INFO	Total steps: 7997735	Episode: 8480/3555	Avg reward: -8.75	Avg steps: 3864
2020-06-27 11:38:00,553	INFO	Total steps: 8088551	Episode: 8500/3605	Avg reward: -6.70	Avg steps: 4539
2020-06-27 12:05:01,735	INFO	Total steps: 8162996	Episode: 8520/4114	Avg reward: -8.70	Avg steps: 3721
2020-06-27 12:34:49,941	INFO	Total steps: 8244833	Episode: 8540/3126	Avg reward: -6.90	Avg steps: 4090
2020-06-27 13:01:19,722	INFO	Total steps: 8317476	Episode: 8560/2581	Avg reward: -7.80	Avg steps: 3631
2020-06-27 13:27:00,480	INFO	Total steps: 8387738	Episode: 8580/4668	Avg reward: -6.60	Avg steps: 3512
2020-06-27 13:55:03,180	INFO	Total steps: 8464529	Episode: 8600/3633	Avg reward: -5.00	Avg steps: 3838
2020-06-27 14:15:50,904	INFO	Total steps: 8521057	Episode: 8620/2493	Avg reward: -8.50	Avg steps: 2825
2020-06-27 14:44:09,006	INFO	Total steps: 8598271	Episode: 8640/3960	Avg reward: -6.50	Avg steps: 3859
2020-06-27 14:58:23,020	INFO	Total steps: 8637173	Episode: 8660/1472	Avg reward: -7.80	Avg steps: 1944
2020-06-27 15:13:45,572	INFO	Total steps: 8679180	Episode: 8680/3202	Avg reward: -8.85	Avg steps: 2099
2020-06-27 15:36:40,453	INFO	Total steps: 8741935	Episode: 8700/3261	Avg reward: -5.45	Avg steps: 3136
2020-06-27 15:58:15,485	INFO	Total steps: 8800874	Episode: 8720/2421	Avg reward: -6.65	Avg steps: 2945
2020-06-27 16:13:21,376	INFO	Total steps: 8842319	Episode: 8740/2312	Avg reward: -7.45	Avg steps: 2071
2020-06-27 16:28:59,472	INFO	Total steps: 8889233	Episode: 8760/2077	Avg reward: -8.05	Avg steps: 2344
2020-06-27 16:44:37,614	INFO	Total steps: 8939927	Episode: 8780/1789	Avg reward: -8.10	Avg steps: 2533
2020-06-27 16:58:46,441	INFO	Total steps: 8986263	Episode: 8800/2067	Avg reward: -6.70	Avg steps: 2315
2020-06-27 17:15:51,662	INFO	Total steps: 9042512	Episode: 8820/2920	Avg reward: -6.90	Avg steps: 2811
2020-06-27 17:36:48,882	INFO	Total steps: 9111144	Episode: 8840/3831	Avg reward: -4.60	Avg steps: 3430
2020-06-27 17:56:52,605	INFO	Total steps: 9177039	Episode: 8860/2954	Avg reward: -4.90	Avg steps: 3293
2020-06-27 18:15:30,832	INFO	Total steps: 9238431	Episode: 8880/3949	Avg reward: -5.55	Avg steps: 3068
2020-06-27 18:31:06,669	INFO	Total steps: 9289508	Episode: 8900/1723	Avg reward: -6.45	Avg steps: 2552
2020-06-27 18:51:18,203	INFO	Total steps: 9355541	Episode: 8920/3322	Avg reward: -5.05	Avg steps: 3300
2020-06-27 19:13:44,717	INFO	Total steps: 9429003	Episode: 8940/4810	Avg reward: -4.85	Avg steps: 3672
2020-06-27 19:34:05,307	INFO	Total steps: 9495856	Episode: 8960/2877	Avg reward: -2.40	Avg steps: 3341
2020-06-27 19:54:17,531	INFO	Total steps: 9562319	Episode: 8980/2964	Avg reward: -3.80	Avg steps: 3322
2020-06-27 20:17:58,433	INFO	Total steps: 9640021	Episode: 9000/3648	Avg reward: -2.55	Avg steps: 3884
2020-06-27 20:40:53,274	INFO	Total steps: 9715095	Episode: 9020/3974	Avg reward: -2.35	Avg steps: 3752
2020-06-27 21:01:47,335	INFO	Total steps: 9784074	Episode: 9040/1860	Avg reward: -4.50	Avg steps: 3447
2020-06-27 21:23:13,255	INFO	Total steps: 9853492	Episode: 9060/4914	Avg reward: -6.35	Avg steps: 3469
2020-06-27 21:42:22,179	INFO	Total steps: 9915550	Episode: 9080/2685	Avg reward: -6.65	Avg steps: 3101
2020-06-27 22:05:57,004	INFO	Total steps: 9992127	Episode: 9100/4023	Avg reward: -3.45	Avg steps: 3827
2020-06-27 22:29:27,534	INFO	Total steps: 10068119	Episode: 9120/4787	Avg reward: -2.80	Avg steps: 3798
2020-06-27 22:54:09,910	INFO	Total steps: 10148122	Episode: 9140/5920	Avg reward: -2.80	Avg steps: 3999
2020-06-27 23:25:54,845	INFO	Total steps: 10250806	Episode: 9160/6346	Avg reward: -2.40	Avg steps: 5133
2020-06-27 23:54:05,433	INFO	Total steps: 10342313	Episode: 9180/2506	Avg reward: -1.25	Avg steps: 4574
2020-06-28 00:14:26,833	INFO	Total steps: 10408196	Episode: 9200/5562	Avg reward: -4.45	Avg steps: 3293
2020-06-28 00:42:29,533	INFO	Total steps: 10498768	Episode: 9220/2512	Avg reward: -1.65	Avg steps: 4527
2020-06-28 01:09:57,389	INFO	Total steps: 10587322	Episode: 9240/7891	Avg reward: -4.60	Avg steps: 4426
2020-06-28 01:41:04,242	INFO	Total steps: 10687967	Episode: 9260/3889	Avg reward: 0.65	Avg steps: 5031
2020-06-28 02:06:26,105	INFO	Total steps: 10769642	Episode: 9280/4405	Avg reward: 1.00	Avg steps: 4082
2020-06-28 02:38:58,747	INFO	Total steps: 10874786	Episode: 9300/3942	Avg reward: -2.15	Avg steps: 5256
2020-06-28 03:07:28,793	INFO	Total steps: 10966276	Episode: 9320/5137	Avg reward: -2.70	Avg steps: 4573
2020-06-28 03:38:24,854	INFO	Total steps: 11071942	Episode: 9340/6458	Avg reward: -0.25	Avg steps: 5282
2020-06-28 04:06:13,790	INFO	Total steps: 11177213	Episode: 9360/5182	Avg reward: 0.30	Avg steps: 5262
2020-06-28 04:33:45,475	INFO	Total steps: 11281534	Episode: 9380/4199	Avg reward: -2.65	Avg steps: 5215
2020-06-28 04:54:49,095	INFO	Total steps: 11361118	Episode: 9400/4413	Avg reward: 1.10	Avg steps: 3978
2020-06-28 05:19:26,564	INFO	Total steps: 11454299	Episode: 9420/3294	Avg reward: -0.90	Avg steps: 4658
2020-06-28 05:32:10,437	INFO	Total steps: 11502641	Episode: 9440/3710	Avg reward: -10.50	Avg steps: 2416
2020-06-28 05:54:01,229	INFO	Total steps: 11585201	Episode: 9460/2127	Avg reward: -3.00	Avg steps: 4127
2020-06-28 06:14:42,003	INFO	Total steps: 11663191	Episode: 9480/3405	Avg reward: -1.95	Avg steps: 3898
2020-06-28 06:37:27,586	INFO	Total steps: 11749472	Episode: 9500/4959	Avg reward: -1.40	Avg steps: 4313
2020-06-28 07:00:19,065	INFO	Total steps: 11835913	Episode: 9520/3941	Avg reward: -1.25	Avg steps: 4321
2020-06-28 07:20:17,860	INFO	Total steps: 11911815	Episode: 9540/3863	Avg reward: -2.45	Avg steps: 3794
2020-06-28 07:42:30,904	INFO	Total steps: 11995772	Episode: 9560/3060	Avg reward: -2.15	Avg steps: 4196
2020-06-28 08:10:21,279	INFO	Total steps: 12100808	Episode: 9580/7050	Avg reward: -1.15	Avg steps: 5250
2020-06-28 08:35:33,218	INFO	Total steps: 12195332	Episode: 9600/3867	Avg reward: -2.05	Avg steps: 4725
2020-06-28 08:58:02,998	INFO	Total steps: 12280234	Episode: 9620/4824	Avg reward: -4.90	Avg steps: 4244
2020-06-28 09:28:15,115	INFO	Total steps: 12394763	Episode: 9640/2846	Avg reward: -0.10	Avg steps: 5725
2020-06-28 09:52:38,294	INFO	Total steps: 12487345	Episode: 9660/4699	Avg reward: 0.20	Avg steps: 4628
2020-06-28 10:19:03,531	INFO	Total steps: 12587085	Episode: 9680/6377	Avg reward: -4.30	Avg steps: 4986
2020-06-28 10:42:25,615	INFO	Total steps: 12675462	Episode: 9700/1915	Avg reward: -4.20	Avg steps: 4417
2020-06-28 11:02:18,263	INFO	Total steps: 12750611	Episode: 9720/4202	Avg reward: -8.30	Avg steps: 3756
2020-06-28 11:27:01,049	INFO	Total steps: 12844008	Episode: 9740/5623	Avg reward: -1.05	Avg steps: 4668
2020-06-28 11:51:44,471	INFO	Total steps: 12937445	Episode: 9760/4781	Avg reward: -2.95	Avg steps: 4670
2020-06-28 12:18:21,888	INFO	Total steps: 13038193	Episode: 9780/3876	Avg reward: -0.70	Avg steps: 5036
2020-06-28 12:46:20,828	INFO	Total steps: 13144185	Episode: 9800/7837	Avg reward: 1.50	Avg steps: 5298
2020-06-28 13:15:42,045	INFO	Total steps: 13255547	Episode: 9820/4307	Avg reward: 0.10	Avg steps: 5567
2020-06-28 13:34:05,145	INFO	Total steps: 13324952	Episode: 9840/8029	Avg reward: -8.40	Avg steps: 3469
2020-06-28 14:03:10,427	INFO	Total steps: 13435260	Episode: 9860/4404	Avg reward: -3.45	Avg steps: 5514
2020-06-28 14:29:44,790	INFO	Total steps: 13535809	Episode: 9880/7105	Avg reward: -1.70	Avg steps: 5026
2020-06-28 14:59:15,200	INFO	Total steps: 13647488	Episode: 9900/5659	Avg reward: -1.05	Avg steps: 5582
2020-06-28 15:30:36,456	INFO	Total steps: 13766722	Episode: 9920/10021	Avg reward: -0.80	Avg steps: 5960
2020-06-28 16:00:30,830	INFO	Total steps: 13880705	Episode: 9940/6259	Avg reward: 0.05	Avg steps: 5698
2020-06-28 16:28:39,424	INFO	Total steps: 13988485	Episode: 9960/4954	Avg reward: 0.30	Avg steps: 5388
2020-06-28 16:55:32,735	INFO	Total steps: 14092040	Episode: 9980/5116	Avg reward: 1.40	Avg steps: 5176
2020-06-28 17:26:54,126	INFO	Total steps: 14212859	Episode: 10000/9137	Avg reward: -0.85	Avg steps: 6039
2020-06-28 18:05:00,831	INFO	Total steps: 14359873	Episode: 10020/7311	Avg reward: 1.90	Avg steps: 7349
2020-06-28 18:41:56,034	INFO	Total steps: 14502559	Episode: 10040/5861	Avg reward: -2.40	Avg steps: 7133
2020-06-28 19:19:31,208	INFO	Total steps: 14663139	Episode: 10060/6033	Avg reward: 1.35	Avg steps: 8028
2020-06-28 19:45:07,925	INFO	Total steps: 14784035	Episode: 10080/7759	Avg reward: 0.85	Avg steps: 6043
2020-06-28 20:13:37,754	INFO	Total steps: 14918716	Episode: 10100/5889	Avg reward: 2.10	Avg steps: 6733
2020-06-28 20:38:18,654	INFO	Total steps: 15035486	Episode: 10120/7761	Avg reward: 1.15	Avg steps: 5837
2020-06-28 21:01:47,313	INFO	Total steps: 15146726	Episode: 10140/7267	Avg reward: -2.00	Avg steps: 5561
2020-06-28 21:26:23,436	INFO	Total steps: 15267407	Episode: 10160/6265	Avg reward: 0.75	Avg steps: 6033
2020-06-28 21:47:51,971	INFO	Total steps: 15372474	Episode: 10180/7058	Avg reward: -2.35	Avg steps: 5252
2020-06-28 22:08:46,776	INFO	Total steps: 15473023	Episode: 10200/5302	Avg reward: 1.70	Avg steps: 5026
2020-06-28 22:32:16,611	INFO	Total steps: 15585106	Episode: 10220/5456	Avg reward: 0.40	Avg steps: 5603
2020-06-28 22:58:34,669	INFO	Total steps: 15710908	Episode: 10240/5591	Avg reward: -0.90	Avg steps: 6289
2020-06-28 23:22:47,782	INFO	Total steps: 15826783	Episode: 10260/1906	Avg reward: -1.85	Avg steps: 5792
2020-06-28 23:46:20,379	INFO	Total steps: 15939352	Episode: 10280/6673	Avg reward: -5.40	Avg steps: 5627
2020-06-29 00:11:16,554	INFO	Total steps: 16058693	Episode: 10300/7710	Avg reward: -0.35	Avg steps: 5966
2020-06-29 00:37:16,418	INFO	Total steps: 16183136	Episode: 10320/7895	Avg reward: 2.30	Avg steps: 6221
2020-06-29 01:05:05,705	INFO	Total steps: 16315681	Episode: 10340/7291	Avg reward: 3.20	Avg steps: 6626
2020-06-29 01:33:07,961	INFO	Total steps: 16450118	Episode: 10360/3706	Avg reward: 1.90	Avg steps: 6720
2020-06-29 02:00:39,976	INFO	Total steps: 16581783	Episode: 10380/6756	Avg reward: 3.00	Avg steps: 6582
2020-06-29 02:25:15,765	INFO	Total steps: 16700492	Episode: 10400/7213	Avg reward: 2.10	Avg steps: 5934
2020-06-29 02:52:25,708	INFO	Total steps: 16831270	Episode: 10420/5764	Avg reward: 0.50	Avg steps: 6537
2020-06-29 03:13:13,409	INFO	Total steps: 16931081	Episode: 10440/6148	Avg reward: -4.30	Avg steps: 4989
2020-06-29 03:43:27,647	INFO	Total steps: 17076108	Episode: 10460/4886	Avg reward: 0.35	Avg steps: 7250
2020-06-29 04:13:06,944	INFO	Total steps: 17218292	Episode: 10480/6144	Avg reward: 2.10	Avg steps: 7108
2020-06-29 04:35:09,346	INFO	Total steps: 17323385	Episode: 10500/4228	Avg reward: -0.85	Avg steps: 5253
2020-06-29 05:07:34,834	INFO	Total steps: 17479058	Episode: 10520/10432	Avg reward: 1.00	Avg steps: 7782
2020-06-29 05:32:33,319	INFO	Total steps: 17598402	Episode: 10540/7074	Avg reward: 0.80	Avg steps: 5966
2020-06-29 05:56:55,783	INFO	Total steps: 17714998	Episode: 10560/8295	Avg reward: -1.85	Avg steps: 5828
2020-06-29 06:26:39,228	INFO	Total steps: 17858160	Episode: 10580/7508	Avg reward: -1.10	Avg steps: 7157
2020-06-29 06:48:54,441	INFO	Total steps: 17964270	Episode: 10600/5698	Avg reward: -1.90	Avg steps: 5304
2020-06-29 07:16:08,026	INFO	Total steps: 18094791	Episode: 10620/4691	Avg reward: 0.00	Avg steps: 6525
2020-06-29 07:37:22,878	INFO	Total steps: 18196740	Episode: 10640/5454	Avg reward: -3.45	Avg steps: 5096
2020-06-29 07:58:19,015	INFO	Total steps: 18296943	Episode: 10660/7754	Avg reward: -1.40	Avg steps: 5009
2020-06-29 08:19:03,133	INFO	Total steps: 18396606	Episode: 10680/5426	Avg reward: -1.05	Avg steps: 4982
2020-06-29 08:47:25,277	INFO	Total steps: 18532340	Episode: 10700/5147	Avg reward: 1.20	Avg steps: 6785
2020-06-29 09:16:44,707	INFO	Total steps: 18672598	Episode: 10720/8416	Avg reward: 0.80	Avg steps: 7011
2020-06-29 09:42:05,545	INFO	Total steps: 18794049	Episode: 10740/6310	Avg reward: -0.45	Avg steps: 6071
2020-06-29 10:06:46,793	INFO	Total steps: 18912646	Episode: 10760/5343	Avg reward: 2.30	Avg steps: 5928
2020-06-29 10:35:10,105	INFO	Total steps: 19048154	Episode: 10780/9207	Avg reward: 1.40	Avg steps: 6774
2020-06-29 10:58:00,137	INFO	Total steps: 19156520	Episode: 10800/2887	Avg reward: -0.50	Avg steps: 5417
2020-06-29 11:24:47,056	INFO	Total steps: 19284562	Episode: 10820/6352	Avg reward: -2.70	Avg steps: 6401
2020-06-29 11:53:31,059	INFO	Total steps: 19421854	Episode: 10840/10386	Avg reward: 1.65	Avg steps: 6863
2020-06-29 12:22:04,724	INFO	Total steps: 19558581	Episode: 10860/6642	Avg reward: 1.60	Avg steps: 6835
2020-06-29 12:49:13,964	INFO	Total steps: 19688321	Episode: 10880/5696	Avg reward: 0.55	Avg steps: 6486
2020-06-29 13:12:45,609	INFO	Total steps: 19801212	Episode: 10900/5695	Avg reward: -1.35	Avg steps: 5643
2020-06-29 13:33:32,909	INFO	Total steps: 19900193	Episode: 10920/5847	Avg reward: -0.30	Avg steps: 4948
2020-06-29 13:56:50,444	INFO	Total steps: 20011402	Episode: 10940/3044	Avg reward: 2.05	Avg steps: 5559
2020-06-29 14:18:20,014	INFO	Total steps: 20113537	Episode: 10960/6458	Avg reward: -0.90	Avg steps: 5105
2020-06-29 14:37:51,973	INFO	Total steps: 20207074	Episode: 10980/2435	Avg reward: 3.05	Avg steps: 4675
2020-06-29 14:55:55,447	INFO	Total steps: 20293079	Episode: 11000/2036	Avg reward: -3.10	Avg steps: 4299
2020-06-29 15:19:35,973	INFO	Total steps: 20405861	Episode: 11020/5694	Avg reward: -2.25	Avg steps: 5638
2020-06-29 15:43:23,437	INFO	Total steps: 20519598	Episode: 11040/6466	Avg reward: 3.40	Avg steps: 5685
2020-06-29 16:04:01,547	INFO	Total steps: 20617738	Episode: 11060/4700	Avg reward: 0.60	Avg steps: 4906
2020-06-29 16:25:08,619	INFO	Total steps: 20719148	Episode: 11080/5747	Avg reward: 1.65	Avg steps: 5069
2020-06-29 16:44:51,228	INFO	Total steps: 20813680	Episode: 11100/3800	Avg reward: 0.65	Avg steps: 4725
2020-06-29 17:07:52,606	INFO	Total steps: 20924052	Episode: 11120/5160	Avg reward: 1.05	Avg steps: 5517
2020-06-29 17:28:22,919	INFO	Total steps: 21022790	Episode: 11140/4436	Avg reward: 0.00	Avg steps: 4935
2020-06-29 17:48:54,730	INFO	Total steps: 21121460	Episode: 11160/7530	Avg reward: 1.15	Avg steps: 4932
2020-06-29 18:09:07,524	INFO	Total steps: 21218636	Episode: 11180/6063	Avg reward: -0.15	Avg steps: 4857
2020-06-29 18:30:22,791	INFO	Total steps: 21320678	Episode: 11200/4229	Avg reward: 0.40	Avg steps: 5101
2020-06-29 18:50:44,730	INFO	Total steps: 21417699	Episode: 11220/3021	Avg reward: -1.95	Avg steps: 4850
2020-06-29 19:11:33,002	INFO	Total steps: 21516853	Episode: 11240/5428	Avg reward: -1.20	Avg steps: 4956
2020-06-29 19:32:01,389	INFO	Total steps: 21615464	Episode: 11260/4279	Avg reward: -3.55	Avg steps: 4929
2020-06-29 19:54:51,281	INFO	Total steps: 21724764	Episode: 11280/5947	Avg reward: 0.85	Avg steps: 5464
2020-06-29 20:20:52,357	INFO	Total steps: 21849709	Episode: 11300/5198	Avg reward: 0.25	Avg steps: 6246
2020-06-29 20:42:16,036	INFO	Total steps: 21953338	Episode: 11320/5354	Avg reward: 1.25	Avg steps: 5180
2020-06-29 21:06:25,967	INFO	Total steps: 22070290	Episode: 11340/4719	Avg reward: 2.70	Avg steps: 5846
2020-06-29 21:23:30,380	INFO	Total steps: 22152765	Episode: 11360/4075	Avg reward: -1.80	Avg steps: 4122
2020-06-29 21:45:56,468	INFO	Total steps: 22261275	Episode: 11380/7687	Avg reward: 3.90	Avg steps: 5424
2020-06-29 22:08:23,286	INFO	Total steps: 22370336	Episode: 11400/6136	Avg reward: 0.90	Avg steps: 5452
2020-06-29 22:28:48,389	INFO	Total steps: 22467964	Episode: 11420/6659	Avg reward: -0.65	Avg steps: 4880
2020-06-29 22:51:03,003	INFO	Total steps: 22574983	Episode: 11440/3192	Avg reward: -1.25	Avg steps: 5349
2020-06-29 23:11:58,509	INFO	Total steps: 22675586	Episode: 11460/3611	Avg reward: -1.45	Avg steps: 5029
2020-06-29 23:33:04,531	INFO	Total steps: 22777246	Episode: 11480/6059	Avg reward: -1.30	Avg steps: 5082
2020-06-29 23:51:00,566	INFO	Total steps: 22863960	Episode: 11500/4231	Avg reward: -1.90	Avg steps: 4334
2020-06-30 00:06:52,420	INFO	Total steps: 22940868	Episode: 11520/4422	Avg reward: -0.40	Avg steps: 3844
2020-06-30 00:26:35,625	INFO	Total steps: 23036230	Episode: 11540/2230	Avg reward: 0.95	Avg steps: 4767
2020-06-30 00:48:20,415	INFO	Total steps: 23141222	Episode: 11560/4265	Avg reward: 0.90	Avg steps: 5248
2020-06-30 01:06:58,572	INFO	Total steps: 23231380	Episode: 11580/2719	Avg reward: -0.20	Avg steps: 4506
2020-06-30 01:24:23,209	INFO	Total steps: 23316163	Episode: 11600/3212	Avg reward: -4.05	Avg steps: 4238
2020-06-30 01:42:33,808	INFO	Total steps: 23403486	Episode: 11620/3301	Avg reward: -1.30	Avg steps: 4365
2020-06-30 02:03:26,345	INFO	Total steps: 23504742	Episode: 11640/7602	Avg reward: -1.75	Avg steps: 5061
2020-06-30 02:23:51,950	INFO	Total steps: 23603760	Episode: 11660/3397	Avg reward: 1.10	Avg steps: 4949
2020-06-30 02:43:39,022	INFO	Total steps: 23699384	Episode: 11680/4345	Avg reward: 1.65	Avg steps: 4780
2020-06-30 03:04:12,604	INFO	Total steps: 23798632	Episode: 11700/4853	Avg reward: -0.95	Avg steps: 4961
2020-06-30 03:23:49,073	INFO	Total steps: 23893470	Episode: 11720/3265	Avg reward: -0.85	Avg steps: 4740
2020-06-30 03:41:50,036	INFO	Total steps: 23981296	Episode: 11740/3381	Avg reward: 3.20	Avg steps: 4390
2020-06-30 03:59:33,775	INFO	Total steps: 24067346	Episode: 11760/4714	Avg reward: -0.65	Avg steps: 4301
2020-06-30 04:18:15,169	INFO	Total steps: 24157615	Episode: 11780/6112	Avg reward: -1.15	Avg steps: 4512
2020-06-30 04:37:08,922	INFO	Total steps: 24248960	Episode: 11800/4307	Avg reward: -0.50	Avg steps: 4566
2020-06-30 04:57:48,887	INFO	Total steps: 24348132	Episode: 11820/4007	Avg reward: -0.15	Avg steps: 4957
2020-06-30 05:15:03,512	INFO	Total steps: 24431539	Episode: 11840/4488	Avg reward: -0.80	Avg steps: 4169
2020-06-30 05:33:01,046	INFO	Total steps: 24518467	Episode: 11860/5412	Avg reward: 0.00	Avg steps: 4345
2020-06-30 05:50:33,288	INFO	Total steps: 24603416	Episode: 11880/3298	Avg reward: -0.80	Avg steps: 4246
2020-06-30 06:10:38,864	INFO	Total steps: 24700826	Episode: 11900/7470	Avg reward: 4.05	Avg steps: 4869
