2020-07-14 20:55:11,811	INFO	--width 160 --height 160 --ball 1.0 --ball-size 2.0 --snell 1.2 --snell-width 80.0 --snell-change 0.0 --snell-visible none --paddle-speed 1.0 --paddle-angle 60.0 --paddle-length 20.0 --update-prob 0.3 --state binary --learning-rate 0.0001 --network dqn_pong_model --render False --epsdecay 1000 --episodes 4000 --replay 10000 --checkpoint dqn_pong_model --history history.p --store-dir ../experiments/paddle_angle.60.0-update_prob.0.3-snell.1.2 
2020-07-14 20:55:11,811	INFO	Device: cuda
2020-07-14 20:57:59,104	INFO	Total steps: 13147	Episode: 20/552	Avg reward: -18.55	Avg steps: 656
2020-07-14 21:04:22,764	INFO	Total steps: 24549	Episode: 40/559	Avg reward: -18.65	Avg steps: 569
2020-07-14 21:12:06,343	INFO	Total steps: 38307	Episode: 60/608	Avg reward: -18.35	Avg steps: 686
2020-07-14 21:21:21,334	INFO	Total steps: 54692	Episode: 80/1346	Avg reward: -17.15	Avg steps: 818
2020-07-14 21:29:06,752	INFO	Total steps: 68480	Episode: 100/747	Avg reward: -17.90	Avg steps: 688
2020-07-14 21:36:53,549	INFO	Total steps: 82300	Episode: 120/773	Avg reward: -18.45	Avg steps: 690
2020-07-14 21:45:16,833	INFO	Total steps: 97726	Episode: 140/812	Avg reward: -18.30	Avg steps: 770
2020-07-14 21:51:59,933	INFO	Total steps: 112216	Episode: 160/806	Avg reward: -17.90	Avg steps: 723
2020-07-14 21:59:14,278	INFO	Total steps: 127770	Episode: 180/929	Avg reward: -17.00	Avg steps: 776
2020-07-14 22:07:24,448	INFO	Total steps: 145250	Episode: 200/807	Avg reward: -16.90	Avg steps: 873
2020-07-14 22:15:19,897	INFO	Total steps: 162137	Episode: 220/1178	Avg reward: -16.75	Avg steps: 843
2020-07-14 22:22:42,807	INFO	Total steps: 177889	Episode: 240/837	Avg reward: -16.70	Avg steps: 786
2020-07-14 22:30:29,417	INFO	Total steps: 194429	Episode: 260/928	Avg reward: -16.75	Avg steps: 826
2020-07-14 22:39:12,815	INFO	Total steps: 213018	Episode: 280/867	Avg reward: -16.05	Avg steps: 928
2020-07-14 22:47:40,304	INFO	Total steps: 230752	Episode: 300/823	Avg reward: -17.00	Avg steps: 885
2020-07-14 22:55:52,240	INFO	Total steps: 247939	Episode: 320/701	Avg reward: -16.40	Avg steps: 858
2020-07-14 23:03:39,253	INFO	Total steps: 264297	Episode: 340/874	Avg reward: -16.90	Avg steps: 816
2020-07-14 23:13:13,936	INFO	Total steps: 284559	Episode: 360/947	Avg reward: -15.00	Avg steps: 1012
2020-07-14 23:23:20,620	INFO	Total steps: 305966	Episode: 380/1136	Avg reward: -14.60	Avg steps: 1069
2020-07-14 23:32:55,527	INFO	Total steps: 326391	Episode: 400/1124	Avg reward: -15.00	Avg steps: 1020
2020-07-14 23:41:58,147	INFO	Total steps: 345547	Episode: 420/953	Avg reward: -14.55	Avg steps: 956
2020-07-14 23:51:07,287	INFO	Total steps: 365146	Episode: 440/703	Avg reward: -14.90	Avg steps: 978
2020-07-15 00:00:43,481	INFO	Total steps: 385458	Episode: 460/1156	Avg reward: -14.00	Avg steps: 1014
2020-07-15 00:10:32,053	INFO	Total steps: 406149	Episode: 480/1695	Avg reward: -14.15	Avg steps: 1033
2020-07-15 00:21:18,351	INFO	Total steps: 428928	Episode: 500/1035	Avg reward: -13.05	Avg steps: 1137
2020-07-15 00:33:05,570	INFO	Total steps: 453862	Episode: 520/1880	Avg reward: -12.50	Avg steps: 1245
2020-07-15 00:45:40,929	INFO	Total steps: 480433	Episode: 540/1085	Avg reward: -11.40	Avg steps: 1327
2020-07-15 00:56:14,461	INFO	Total steps: 502651	Episode: 560/1193	Avg reward: -13.10	Avg steps: 1109
2020-07-15 01:07:09,242	INFO	Total steps: 525740	Episode: 580/1715	Avg reward: -12.85	Avg steps: 1153
2020-07-15 01:19:06,522	INFO	Total steps: 551065	Episode: 600/1296	Avg reward: -11.75	Avg steps: 1265
2020-07-15 01:30:48,067	INFO	Total steps: 575890	Episode: 620/1385	Avg reward: -12.40	Avg steps: 1240
2020-07-15 01:41:53,331	INFO	Total steps: 599447	Episode: 640/1031	Avg reward: -13.00	Avg steps: 1176
2020-07-15 01:55:10,872	INFO	Total steps: 627779	Episode: 660/936	Avg reward: -10.30	Avg steps: 1415
2020-07-15 02:08:40,068	INFO	Total steps: 656500	Episode: 680/1568	Avg reward: -8.85	Avg steps: 1435
2020-07-15 02:20:06,575	INFO	Total steps: 680717	Episode: 700/1360	Avg reward: -11.80	Avg steps: 1209
2020-07-15 02:32:14,121	INFO	Total steps: 706284	Episode: 720/789	Avg reward: -10.90	Avg steps: 1277
2020-07-15 02:47:55,922	INFO	Total steps: 739487	Episode: 740/1806	Avg reward: -8.00	Avg steps: 1659
2020-07-15 03:02:09,627	INFO	Total steps: 769807	Episode: 760/1581	Avg reward: -8.45	Avg steps: 1515
2020-07-15 03:18:31,381	INFO	Total steps: 804379	Episode: 780/1716	Avg reward: -5.50	Avg steps: 1727
2020-07-15 03:35:41,083	INFO	Total steps: 840764	Episode: 800/1184	Avg reward: -4.75	Avg steps: 1818
2020-07-15 03:48:52,259	INFO	Total steps: 868692	Episode: 820/915	Avg reward: -8.85	Avg steps: 1395
2020-07-15 04:04:51,459	INFO	Total steps: 902647	Episode: 840/2232	Avg reward: -6.20	Avg steps: 1696
2020-07-15 04:20:59,643	INFO	Total steps: 936722	Episode: 860/2110	Avg reward: -5.35	Avg steps: 1702
2020-07-15 04:36:33,475	INFO	Total steps: 969343	Episode: 880/1243	Avg reward: -5.90	Avg steps: 1630
2020-07-15 04:54:09,684	INFO	Total steps: 1006282	Episode: 900/2044	Avg reward: -4.75	Avg steps: 1845
2020-07-15 05:10:07,202	INFO	Total steps: 1039754	Episode: 920/1822	Avg reward: -5.55	Avg steps: 1672
2020-07-15 05:25:00,617	INFO	Total steps: 1071153	Episode: 940/964	Avg reward: -7.15	Avg steps: 1568
2020-07-15 05:38:31,766	INFO	Total steps: 1099506	Episode: 960/1582	Avg reward: -8.00	Avg steps: 1416
2020-07-15 05:54:42,259	INFO	Total steps: 1133496	Episode: 980/1846	Avg reward: -4.20	Avg steps: 1698
2020-07-15 06:10:24,045	INFO	Total steps: 1166403	Episode: 1000/1159	Avg reward: -4.05	Avg steps: 1644
2020-07-15 06:29:10,879	INFO	Total steps: 1206023	Episode: 1020/2178	Avg reward: -1.80	Avg steps: 1980
2020-07-15 06:45:08,351	INFO	Total steps: 1239729	Episode: 1040/1293	Avg reward: -3.55	Avg steps: 1684
2020-07-15 07:01:28,653	INFO	Total steps: 1274117	Episode: 1060/2047	Avg reward: -3.70	Avg steps: 1718
2020-07-15 07:19:10,760	INFO	Total steps: 1311046	Episode: 1080/1631	Avg reward: -1.40	Avg steps: 1845
2020-07-15 07:34:27,162	INFO	Total steps: 1342923	Episode: 1100/1232	Avg reward: -5.50	Avg steps: 1592
2020-07-15 07:52:32,405	INFO	Total steps: 1381141	Episode: 1120/2215	Avg reward: 2.15	Avg steps: 1909
2020-07-15 08:10:42,457	INFO	Total steps: 1419532	Episode: 1140/1817	Avg reward: 2.35	Avg steps: 1918
2020-07-15 08:27:39,331	INFO	Total steps: 1455485	Episode: 1160/1908	Avg reward: 5.10	Avg steps: 1796
2020-07-15 08:45:20,231	INFO	Total steps: 1492881	Episode: 1180/2207	Avg reward: 2.20	Avg steps: 1868
2020-07-15 09:01:59,186	INFO	Total steps: 1528249	Episode: 1200/2188	Avg reward: 1.40	Avg steps: 1767
2020-07-15 09:17:59,184	INFO	Total steps: 1561998	Episode: 1220/1657	Avg reward: 0.95	Avg steps: 1686
2020-07-15 09:35:54,736	INFO	Total steps: 1599874	Episode: 1240/2248	Avg reward: 3.35	Avg steps: 1892
2020-07-15 09:53:39,573	INFO	Total steps: 1637493	Episode: 1260/1937	Avg reward: 1.35	Avg steps: 1879
2020-07-15 10:10:28,724	INFO	Total steps: 1673034	Episode: 1280/1637	Avg reward: 7.25	Avg steps: 1776
2020-07-15 10:27:07,617	INFO	Total steps: 1707996	Episode: 1300/1985	Avg reward: 8.40	Avg steps: 1747
2020-07-15 10:44:54,973	INFO	Total steps: 1745031	Episode: 1320/1688	Avg reward: 6.80	Avg steps: 1850
2020-07-15 11:02:29,424	INFO	Total steps: 1781682	Episode: 1340/1911	Avg reward: 6.60	Avg steps: 1831
2020-07-15 11:19:38,621	INFO	Total steps: 1817440	Episode: 1360/1802	Avg reward: 6.65	Avg steps: 1786
2020-07-15 11:36:33,993	INFO	Total steps: 1852890	Episode: 1380/1405	Avg reward: 5.60	Avg steps: 1771
2020-07-15 11:53:18,218	INFO	Total steps: 1887936	Episode: 1400/2005	Avg reward: 7.80	Avg steps: 1751
2020-07-15 12:11:06,769	INFO	Total steps: 1925088	Episode: 1420/2094	Avg reward: 7.60	Avg steps: 1856
2020-07-15 12:28:30,645	INFO	Total steps: 1961156	Episode: 1440/1783	Avg reward: 9.95	Avg steps: 1802
2020-07-15 12:45:29,251	INFO	Total steps: 1996107	Episode: 1460/1714	Avg reward: 8.30	Avg steps: 1746
2020-07-15 13:02:08,929	INFO	Total steps: 2030360	Episode: 1480/1585	Avg reward: 7.35	Avg steps: 1711
2020-07-15 13:19:02,522	INFO	Total steps: 2065259	Episode: 1500/2116	Avg reward: 11.15	Avg steps: 1743
2020-07-15 13:35:34,317	INFO	Total steps: 2099466	Episode: 1520/1511	Avg reward: 9.80	Avg steps: 1709
2020-07-15 13:52:59,078	INFO	Total steps: 2135651	Episode: 1540/1628	Avg reward: 9.00	Avg steps: 1808
2020-07-15 14:10:29,729	INFO	Total steps: 2172105	Episode: 1560/1866	Avg reward: 11.35	Avg steps: 1821
2020-07-15 14:26:50,317	INFO	Total steps: 2206195	Episode: 1580/1838	Avg reward: 10.30	Avg steps: 1703
2020-07-15 14:43:00,561	INFO	Total steps: 2239790	Episode: 1600/1827	Avg reward: 10.40	Avg steps: 1678
2020-07-15 14:59:39,988	INFO	Total steps: 2274743	Episode: 1620/1526	Avg reward: 11.70	Avg steps: 1746
2020-07-15 15:15:43,696	INFO	Total steps: 2308540	Episode: 1640/2043	Avg reward: 11.50	Avg steps: 1688
2020-07-15 15:31:44,232	INFO	Total steps: 2342329	Episode: 1660/1613	Avg reward: 10.55	Avg steps: 1688
2020-07-15 15:48:29,261	INFO	Total steps: 2377189	Episode: 1680/1989	Avg reward: 12.25	Avg steps: 1742
2020-07-15 16:03:57,751	INFO	Total steps: 2408899	Episode: 1700/1943	Avg reward: 13.70	Avg steps: 1584
2020-07-15 16:19:44,912	INFO	Total steps: 2441216	Episode: 1720/1521	Avg reward: 12.85	Avg steps: 1614
2020-07-15 16:35:38,710	INFO	Total steps: 2474042	Episode: 1740/1751	Avg reward: 13.00	Avg steps: 1640
2020-07-15 16:50:35,764	INFO	Total steps: 2504978	Episode: 1760/1365	Avg reward: 14.50	Avg steps: 1545
2020-07-15 17:05:59,914	INFO	Total steps: 2537066	Episode: 1780/1555	Avg reward: 14.55	Avg steps: 1603
2020-07-15 17:21:29,393	INFO	Total steps: 2569279	Episode: 1800/1718	Avg reward: 12.90	Avg steps: 1609
2020-07-15 17:36:57,340	INFO	Total steps: 2601624	Episode: 1820/1750	Avg reward: 13.60	Avg steps: 1616
2020-07-15 17:52:14,906	INFO	Total steps: 2633795	Episode: 1840/2008	Avg reward: 12.90	Avg steps: 1607
2020-07-15 18:06:49,579	INFO	Total steps: 2664358	Episode: 1860/2091	Avg reward: 14.30	Avg steps: 1527
2020-07-15 18:21:09,541	INFO	Total steps: 2694389	Episode: 1880/1500	Avg reward: 15.05	Avg steps: 1500
2020-07-15 18:36:36,387	INFO	Total steps: 2726639	Episode: 1900/2093	Avg reward: 13.95	Avg steps: 1611
2020-07-15 18:51:37,050	INFO	Total steps: 2757472	Episode: 1920/1608	Avg reward: 14.80	Avg steps: 1540
2020-07-15 19:07:18,789	INFO	Total steps: 2789878	Episode: 1940/1590	Avg reward: 13.70	Avg steps: 1619
2020-07-15 19:22:13,058	INFO	Total steps: 2820914	Episode: 1960/1524	Avg reward: 15.45	Avg steps: 1550
2020-07-15 19:38:11,515	INFO	Total steps: 2854047	Episode: 1980/1435	Avg reward: 13.15	Avg steps: 1655
2020-07-15 19:52:39,278	INFO	Total steps: 2884083	Episode: 2000/1612	Avg reward: 15.40	Avg steps: 1500
2020-07-15 20:07:54,167	INFO	Total steps: 2915758	Episode: 2020/1517	Avg reward: 14.90	Avg steps: 1582
2020-07-15 20:22:56,883	INFO	Total steps: 2947163	Episode: 2040/1672	Avg reward: 16.30	Avg steps: 1569
2020-07-15 20:37:56,444	INFO	Total steps: 2978228	Episode: 2060/1605	Avg reward: 15.05	Avg steps: 1552
2020-07-15 20:54:08,307	INFO	Total steps: 3011807	Episode: 2080/1444	Avg reward: 15.45	Avg steps: 1677
2020-07-15 21:08:32,850	INFO	Total steps: 3041939	Episode: 2100/1677	Avg reward: 15.30	Avg steps: 1505
2020-07-15 21:23:54,072	INFO	Total steps: 3074132	Episode: 2120/1415	Avg reward: 14.45	Avg steps: 1608
2020-07-15 21:39:08,824	INFO	Total steps: 3105805	Episode: 2140/1747	Avg reward: 15.15	Avg steps: 1582
2020-07-15 21:53:47,636	INFO	Total steps: 3136435	Episode: 2160/1571	Avg reward: 16.65	Avg steps: 1530
2020-07-15 22:09:02,651	INFO	Total steps: 3168114	Episode: 2180/1857	Avg reward: 15.60	Avg steps: 1582
2020-07-15 22:23:50,559	INFO	Total steps: 3198888	Episode: 2200/1741	Avg reward: 15.45	Avg steps: 1537
2020-07-15 22:38:09,891	INFO	Total steps: 3228589	Episode: 2220/1400	Avg reward: 16.65	Avg steps: 1484
2020-07-15 22:52:23,922	INFO	Total steps: 3258276	Episode: 2240/1191	Avg reward: 16.95	Avg steps: 1483
2020-07-15 23:07:41,464	INFO	Total steps: 3289359	Episode: 2260/1773	Avg reward: 14.95	Avg steps: 1553
2020-07-15 23:23:14,951	INFO	Total steps: 3320724	Episode: 2280/1330	Avg reward: 15.60	Avg steps: 1567
2020-07-15 23:38:04,691	INFO	Total steps: 3350950	Episode: 2300/1519	Avg reward: 16.65	Avg steps: 1510
2020-07-15 23:52:06,963	INFO	Total steps: 3379455	Episode: 2320/1333	Avg reward: 16.95	Avg steps: 1424
2020-07-16 00:06:48,950	INFO	Total steps: 3408936	Episode: 2340/1467	Avg reward: 15.80	Avg steps: 1473
2020-07-16 00:21:35,851	INFO	Total steps: 3438348	Episode: 2360/1187	Avg reward: 16.40	Avg steps: 1469
2020-07-16 00:36:07,264	INFO	Total steps: 3467294	Episode: 2380/1631	Avg reward: 16.85	Avg steps: 1446
2020-07-16 00:50:42,092	INFO	Total steps: 3496292	Episode: 2400/1372	Avg reward: 17.10	Avg steps: 1448
2020-07-16 01:05:28,786	INFO	Total steps: 3526080	Episode: 2420/1307	Avg reward: 16.55	Avg steps: 1488
2020-07-16 01:20:47,733	INFO	Total steps: 3556713	Episode: 2440/1507	Avg reward: 16.50	Avg steps: 1530
2020-07-16 01:35:21,351	INFO	Total steps: 3586239	Episode: 2460/1386	Avg reward: 17.15	Avg steps: 1475
2020-07-16 01:49:17,876	INFO	Total steps: 3614579	Episode: 2480/1445	Avg reward: 17.50	Avg steps: 1416
2020-07-16 02:04:39,015	INFO	Total steps: 3645461	Episode: 2500/1353	Avg reward: 16.30	Avg steps: 1543
2020-07-16 02:20:32,353	INFO	Total steps: 3676943	Episode: 2520/1442	Avg reward: 16.50	Avg steps: 1573
2020-07-16 02:35:23,414	INFO	Total steps: 3706951	Episode: 2540/1581	Avg reward: 17.15	Avg steps: 1499
2020-07-16 02:50:49,834	INFO	Total steps: 3738107	Episode: 2560/1612	Avg reward: 16.40	Avg steps: 1556
2020-07-16 03:05:51,279	INFO	Total steps: 3768151	Episode: 2580/1544	Avg reward: 16.50	Avg steps: 1501
2020-07-16 03:20:48,792	INFO	Total steps: 3797722	Episode: 2600/1438	Avg reward: 16.55	Avg steps: 1477
2020-07-16 03:35:20,566	INFO	Total steps: 3826806	Episode: 2620/1298	Avg reward: 17.55	Avg steps: 1453
2020-07-16 03:50:02,130	INFO	Total steps: 3856322	Episode: 2640/1551	Avg reward: 16.95	Avg steps: 1474
2020-07-16 04:04:52,198	INFO	Total steps: 3886031	Episode: 2660/1543	Avg reward: 16.65	Avg steps: 1484
2020-07-16 04:19:46,687	INFO	Total steps: 3915922	Episode: 2680/1963	Avg reward: 17.35	Avg steps: 1493
2020-07-16 04:34:19,199	INFO	Total steps: 3945147	Episode: 2700/1261	Avg reward: 17.65	Avg steps: 1460
2020-07-16 04:49:42,348	INFO	Total steps: 3975983	Episode: 2720/1591	Avg reward: 16.40	Avg steps: 1540
2020-07-16 05:04:04,043	INFO	Total steps: 4004663	Episode: 2740/1733	Avg reward: 17.70	Avg steps: 1433
2020-07-16 05:19:12,998	INFO	Total steps: 4034733	Episode: 2760/1420	Avg reward: 16.85	Avg steps: 1502
2020-07-16 05:34:23,454	INFO	Total steps: 4065047	Episode: 2780/1345	Avg reward: 17.70	Avg steps: 1514
2020-07-16 05:49:16,503	INFO	Total steps: 4094791	Episode: 2800/1462	Avg reward: 16.70	Avg steps: 1486
2020-07-16 06:03:39,364	INFO	Total steps: 4123754	Episode: 2820/1735	Avg reward: 16.65	Avg steps: 1447
2020-07-16 06:18:12,678	INFO	Total steps: 4152972	Episode: 2840/1470	Avg reward: 18.30	Avg steps: 1459
2020-07-16 06:33:00,539	INFO	Total steps: 4182312	Episode: 2860/1390	Avg reward: 17.50	Avg steps: 1466
2020-07-16 06:47:54,180	INFO	Total steps: 4211822	Episode: 2880/1488	Avg reward: 17.55	Avg steps: 1474
2020-07-16 07:03:13,084	INFO	Total steps: 4242437	Episode: 2900/1953	Avg reward: 17.40	Avg steps: 1529
2020-07-16 07:17:44,504	INFO	Total steps: 4271574	Episode: 2920/1375	Avg reward: 17.15	Avg steps: 1455
2020-07-16 07:32:20,640	INFO	Total steps: 4300963	Episode: 2940/1328	Avg reward: 17.20	Avg steps: 1468
2020-07-16 07:46:54,381	INFO	Total steps: 4330234	Episode: 2960/1600	Avg reward: 17.90	Avg steps: 1462
2020-07-16 08:01:29,661	INFO	Total steps: 4359142	Episode: 2980/1264	Avg reward: 17.55	Avg steps: 1444
2020-07-16 08:15:32,322	INFO	Total steps: 4387322	Episode: 3000/1178	Avg reward: 17.85	Avg steps: 1408
2020-07-16 08:30:52,361	INFO	Total steps: 4417764	Episode: 3020/1215	Avg reward: 17.10	Avg steps: 1521
2020-07-16 08:45:51,013	INFO	Total steps: 4447533	Episode: 3040/1618	Avg reward: 18.15	Avg steps: 1487
2020-07-16 09:00:56,869	INFO	Total steps: 4477577	Episode: 3060/1234	Avg reward: 17.95	Avg steps: 1501
2020-07-16 09:15:51,698	INFO	Total steps: 4507182	Episode: 3080/1418	Avg reward: 17.45	Avg steps: 1479
2020-07-16 09:31:07,304	INFO	Total steps: 4537502	Episode: 3100/1633	Avg reward: 17.10	Avg steps: 1515
2020-07-16 09:46:40,288	INFO	Total steps: 4568376	Episode: 3120/1503	Avg reward: 17.15	Avg steps: 1542
2020-07-16 10:01:43,314	INFO	Total steps: 4598479	Episode: 3140/1493	Avg reward: 18.35	Avg steps: 1504
2020-07-16 10:16:46,587	INFO	Total steps: 4628967	Episode: 3160/1794	Avg reward: 17.80	Avg steps: 1523
2020-07-16 10:31:15,413	INFO	Total steps: 4657885	Episode: 3180/1487	Avg reward: 18.25	Avg steps: 1444
2020-07-16 10:45:21,816	INFO	Total steps: 4686395	Episode: 3200/1454	Avg reward: 17.25	Avg steps: 1424
2020-07-16 10:59:40,240	INFO	Total steps: 4715155	Episode: 3220/1584	Avg reward: 17.50	Avg steps: 1437
2020-07-16 11:13:56,287	INFO	Total steps: 4743781	Episode: 3240/1638	Avg reward: 18.00	Avg steps: 1430
2020-07-16 11:28:22,194	INFO	Total steps: 4772471	Episode: 3260/1317	Avg reward: 18.10	Avg steps: 1433
2020-07-16 11:42:34,504	INFO	Total steps: 4800719	Episode: 3280/1198	Avg reward: 17.65	Avg steps: 1411
2020-07-16 11:57:39,515	INFO	Total steps: 4830890	Episode: 3300/1772	Avg reward: 18.40	Avg steps: 1507
2020-07-16 12:11:42,076	INFO	Total steps: 4858834	Episode: 3320/1325	Avg reward: 18.65	Avg steps: 1396
2020-07-16 12:26:43,301	INFO	Total steps: 4889068	Episode: 3340/1518	Avg reward: 17.70	Avg steps: 1510
2020-07-16 12:42:06,083	INFO	Total steps: 4919499	Episode: 3360/1690	Avg reward: 16.90	Avg steps: 1520
2020-07-16 12:57:18,564	INFO	Total steps: 4949498	Episode: 3380/1701	Avg reward: 17.55	Avg steps: 1498
2020-07-16 13:12:13,712	INFO	Total steps: 4979050	Episode: 3400/1845	Avg reward: 17.85	Avg steps: 1476
2020-07-16 13:26:51,554	INFO	Total steps: 5008185	Episode: 3420/1496	Avg reward: 17.90	Avg steps: 1455
2020-07-16 13:40:49,046	INFO	Total steps: 5036151	Episode: 3440/1446	Avg reward: 18.15	Avg steps: 1397
2020-07-16 13:55:32,516	INFO	Total steps: 5065889	Episode: 3460/1531	Avg reward: 16.90	Avg steps: 1485
2020-07-16 14:10:10,978	INFO	Total steps: 5095337	Episode: 3480/1435	Avg reward: 17.50	Avg steps: 1471
2020-07-16 14:24:48,418	INFO	Total steps: 5124811	Episode: 3500/1561	Avg reward: 17.65	Avg steps: 1472
2020-07-16 14:38:51,709	INFO	Total steps: 5153059	Episode: 3520/1303	Avg reward: 17.80	Avg steps: 1411
2020-07-16 14:53:14,157	INFO	Total steps: 5181745	Episode: 3540/1307	Avg reward: 17.35	Avg steps: 1433
2020-07-16 15:07:42,557	INFO	Total steps: 5210699	Episode: 3560/1190	Avg reward: 18.00	Avg steps: 1446
2020-07-16 15:21:42,046	INFO	Total steps: 5238240	Episode: 3580/1430	Avg reward: 17.85	Avg steps: 1376
2020-07-16 15:36:08,097	INFO	Total steps: 5266798	Episode: 3600/1281	Avg reward: 18.05	Avg steps: 1426
2020-07-16 15:50:31,504	INFO	Total steps: 5295245	Episode: 3620/1351	Avg reward: 17.65	Avg steps: 1421
2020-07-16 16:05:41,629	INFO	Total steps: 5325336	Episode: 3640/1576	Avg reward: 17.10	Avg steps: 1503
2020-07-16 16:20:33,465	INFO	Total steps: 5354736	Episode: 3660/1545	Avg reward: 17.25	Avg steps: 1469
2020-07-16 16:35:01,178	INFO	Total steps: 5383438	Episode: 3680/1644	Avg reward: 17.60	Avg steps: 1434
2020-07-16 16:49:28,863	INFO	Total steps: 5412428	Episode: 3700/1401	Avg reward: 17.85	Avg steps: 1448
2020-07-16 17:04:22,231	INFO	Total steps: 5442141	Episode: 3720/1327	Avg reward: 17.55	Avg steps: 1484
2020-07-16 17:19:40,497	INFO	Total steps: 5472584	Episode: 3740/1116	Avg reward: 17.15	Avg steps: 1521
2020-07-16 17:33:21,700	INFO	Total steps: 5500009	Episode: 3760/1492	Avg reward: 18.55	Avg steps: 1370
2020-07-16 17:48:11,860	INFO	Total steps: 5529380	Episode: 3780/1440	Avg reward: 17.30	Avg steps: 1467
2020-07-16 18:02:27,602	INFO	Total steps: 5557894	Episode: 3800/1357	Avg reward: 18.40	Avg steps: 1424
2020-07-16 18:17:22,923	INFO	Total steps: 5587446	Episode: 3820/1568	Avg reward: 17.40	Avg steps: 1476
2020-07-16 18:32:15,076	INFO	Total steps: 5616924	Episode: 3840/1320	Avg reward: 17.30	Avg steps: 1472
2020-07-16 18:47:14,262	INFO	Total steps: 5646496	Episode: 3860/1667	Avg reward: 17.45	Avg steps: 1477
2020-07-16 19:02:25,722	INFO	Total steps: 5676218	Episode: 3880/1506	Avg reward: 17.65	Avg steps: 1485
2020-07-16 19:17:47,487	INFO	Total steps: 5706176	Episode: 3900/1607	Avg reward: 16.90	Avg steps: 1496
2020-07-16 19:32:12,232	INFO	Total steps: 5734230	Episode: 3920/1342	Avg reward: 17.65	Avg steps: 1401
2020-07-16 19:46:42,234	INFO	Total steps: 5762541	Episode: 3940/1385	Avg reward: 18.15	Avg steps: 1414
2020-07-16 20:00:51,592	INFO	Total steps: 5790519	Episode: 3960/1264	Avg reward: 17.90	Avg steps: 1397
2020-07-16 20:15:43,595	INFO	Total steps: 5820060	Episode: 3980/1337	Avg reward: 17.75	Avg steps: 1476
2020-07-16 20:31:15,456	INFO	Total steps: 5850537	Episode: 4000/1208	Avg reward: 17.35	Avg steps: 1522
2020-07-21 20:17:08,344	INFO	--width 160 --height 160 --ball 1.0 --ball-size 2.0 --snell 1.2 --snell-width 80.0 --snell-change 0.0 --snell-visible none --paddle-speed 1.0 --paddle-angle 60.0 --paddle-length 20.0 --update-prob 0.3 --state binary --learning-rate 0.0001 --network dqn_pong_model --render False --epsdecay 1000 --episodes 4000 --replay 10000 --batch-size 32 --checkpoint dqn_pong_model --history history.p --store-dir ../experiments/paddle_angle.60.0-update_prob.0.3-snell.1.2 
2020-07-21 20:17:08,694	INFO	Device: cuda
2020-07-21 20:22:04,393	INFO	Total steps: 12562	Episode: 20/820	Avg reward: -18.30	Avg steps: 627
2020-07-21 20:27:28,213	INFO	Total steps: 25577	Episode: 40/774	Avg reward: -18.30	Avg steps: 649
2020-07-21 20:33:14,252	INFO	Total steps: 39412	Episode: 60/489	Avg reward: -18.65	Avg steps: 690
2020-07-21 20:39:02,194	INFO	Total steps: 53501	Episode: 80/538	Avg reward: -17.85	Avg steps: 703
2020-07-21 20:45:39,151	INFO	Total steps: 69466	Episode: 100/1201	Avg reward: -17.75	Avg steps: 797
2020-07-21 20:52:05,001	INFO	Total steps: 85052	Episode: 120/896	Avg reward: -17.85	Avg steps: 778
2020-07-21 20:58:15,689	INFO	Total steps: 99943	Episode: 140/720	Avg reward: -17.90	Avg steps: 743
2020-07-21 21:04:51,356	INFO	Total steps: 115805	Episode: 160/997	Avg reward: -17.40	Avg steps: 792
2020-07-21 21:11:30,145	INFO	Total steps: 131800	Episode: 180/520	Avg reward: -16.95	Avg steps: 798
2020-07-21 21:18:36,180	INFO	Total steps: 148913	Episode: 200/654	Avg reward: -17.55	Avg steps: 854
2020-07-21 21:26:45,751	INFO	Total steps: 168527	Episode: 220/814	Avg reward: -16.55	Avg steps: 979
2020-07-21 21:34:39,849	INFO	Total steps: 187523	Episode: 240/910	Avg reward: -16.95	Avg steps: 948
2020-07-21 21:41:55,410	INFO	Total steps: 205021	Episode: 260/1026	Avg reward: -17.10	Avg steps: 873
2020-07-21 21:50:29,368	INFO	Total steps: 225545	Episode: 280/1306	Avg reward: -15.65	Avg steps: 1025
2020-07-21 21:59:10,826	INFO	Total steps: 246321	Episode: 300/975	Avg reward: -16.30	Avg steps: 1037
2020-07-21 22:08:34,647	INFO	Total steps: 268713	Episode: 320/1042	Avg reward: -15.00	Avg steps: 1118
2020-07-21 22:17:09,727	INFO	Total steps: 289195	Episode: 340/1182	Avg reward: -16.05	Avg steps: 1023
2020-07-21 22:26:29,244	INFO	Total steps: 311495	Episode: 360/847	Avg reward: -14.90	Avg steps: 1114
2020-07-21 22:35:42,069	INFO	Total steps: 333567	Episode: 380/925	Avg reward: -15.40	Avg steps: 1102
2020-07-21 22:44:15,467	INFO	Total steps: 354033	Episode: 400/981	Avg reward: -15.30	Avg steps: 1022
2020-07-21 22:54:33,139	INFO	Total steps: 378629	Episode: 420/896	Avg reward: -14.75	Avg steps: 1228
2020-07-21 23:04:24,064	INFO	Total steps: 402115	Episode: 440/874	Avg reward: -15.15	Avg steps: 1173
2020-07-21 23:15:07,601	INFO	Total steps: 427702	Episode: 460/1282	Avg reward: -14.95	Avg steps: 1278
2020-07-21 23:27:11,298	INFO	Total steps: 456448	Episode: 480/1526	Avg reward: -13.60	Avg steps: 1436
2020-07-21 23:39:43,169	INFO	Total steps: 486237	Episode: 500/1509	Avg reward: -14.45	Avg steps: 1488
2020-07-21 23:52:11,254	INFO	Total steps: 516004	Episode: 520/1286	Avg reward: -13.50	Avg steps: 1487
2020-07-22 00:05:13,498	INFO	Total steps: 547691	Episode: 540/1558	Avg reward: -11.80	Avg steps: 1583
2020-07-22 00:16:33,523	INFO	Total steps: 575361	Episode: 560/1448	Avg reward: -14.20	Avg steps: 1382
2020-07-22 00:30:14,536	INFO	Total steps: 608140	Episode: 580/2366	Avg reward: -11.65	Avg steps: 1637
2020-07-22 00:42:53,626	INFO	Total steps: 638098	Episode: 600/2233	Avg reward: -11.75	Avg steps: 1496
2020-07-22 00:56:09,245	INFO	Total steps: 669416	Episode: 620/1222	Avg reward: -12.25	Avg steps: 1564
2020-07-22 01:10:43,873	INFO	Total steps: 704076	Episode: 640/1403	Avg reward: -10.70	Avg steps: 1732
2020-07-22 01:27:24,396	INFO	Total steps: 743728	Episode: 660/2898	Avg reward: -10.75	Avg steps: 1981
2020-07-22 01:44:17,487	INFO	Total steps: 783609	Episode: 680/1206	Avg reward: -9.75	Avg steps: 1993
2020-07-22 01:57:56,884	INFO	Total steps: 815986	Episode: 700/2210	Avg reward: -10.55	Avg steps: 1617
2020-07-22 02:13:50,671	INFO	Total steps: 853355	Episode: 720/1867	Avg reward: -7.75	Avg steps: 1867
2020-07-22 02:29:03,017	INFO	Total steps: 889170	Episode: 740/1741	Avg reward: -8.20	Avg steps: 1789
2020-07-22 02:45:05,090	INFO	Total steps: 927049	Episode: 760/2290	Avg reward: -8.80	Avg steps: 1892
2020-07-22 03:02:09,293	INFO	Total steps: 967207	Episode: 780/1685	Avg reward: -7.30	Avg steps: 2006
2020-07-22 03:19:44,870	INFO	Total steps: 1008599	Episode: 800/2159	Avg reward: -8.20	Avg steps: 2068
2020-07-22 03:36:55,667	INFO	Total steps: 1048990	Episode: 820/2436	Avg reward: -8.25	Avg steps: 2018
2020-07-22 03:53:26,847	INFO	Total steps: 1087880	Episode: 840/2585	Avg reward: -9.85	Avg steps: 1943
2020-07-22 04:11:48,443	INFO	Total steps: 1131137	Episode: 860/2022	Avg reward: -5.70	Avg steps: 2161
2020-07-22 04:30:39,535	INFO	Total steps: 1176086	Episode: 880/2843	Avg reward: -3.80	Avg steps: 2246
2020-07-22 04:50:35,177	INFO	Total steps: 1223319	Episode: 900/2948	Avg reward: -3.65	Avg steps: 2360
2020-07-22 05:10:02,370	INFO	Total steps: 1269248	Episode: 920/2415	Avg reward: -4.60	Avg steps: 2295
2020-07-22 05:29:47,224	INFO	Total steps: 1315661	Episode: 940/2693	Avg reward: -4.50	Avg steps: 2319
2020-07-22 05:48:43,078	INFO	Total steps: 1360146	Episode: 960/2392	Avg reward: -2.25	Avg steps: 2223
2020-07-22 06:07:47,326	INFO	Total steps: 1404885	Episode: 980/1974	Avg reward: -0.80	Avg steps: 2235
2020-07-22 06:25:31,372	INFO	Total steps: 1446594	Episode: 1000/2174	Avg reward: -5.40	Avg steps: 2084
2020-07-22 06:46:18,226	INFO	Total steps: 1495308	Episode: 1020/2722	Avg reward: -0.90	Avg steps: 2434
2020-07-22 07:07:11,010	INFO	Total steps: 1544182	Episode: 1040/2387	Avg reward: -1.35	Avg steps: 2442
2020-07-22 07:28:52,170	INFO	Total steps: 1594910	Episode: 1060/2663	Avg reward: -0.95	Avg steps: 2535
2020-07-22 07:49:21,056	INFO	Total steps: 1642920	Episode: 1080/2153	Avg reward: -1.10	Avg steps: 2399
2020-07-22 08:10:37,020	INFO	Total steps: 1692727	Episode: 1100/2646	Avg reward: -0.05	Avg steps: 2489
2020-07-22 08:31:49,710	INFO	Total steps: 1742346	Episode: 1120/2751	Avg reward: 0.90	Avg steps: 2479
2020-07-22 08:51:38,069	INFO	Total steps: 1788644	Episode: 1140/2760	Avg reward: 0.10	Avg steps: 2313
2020-07-22 09:13:01,124	INFO	Total steps: 1838637	Episode: 1160/2430	Avg reward: 0.05	Avg steps: 2498
2020-07-22 09:33:55,403	INFO	Total steps: 1887415	Episode: 1180/1908	Avg reward: -0.40	Avg steps: 2437
2020-07-22 09:56:20,079	INFO	Total steps: 1939833	Episode: 1200/1984	Avg reward: 0.30	Avg steps: 2619
2020-07-22 10:18:11,912	INFO	Total steps: 1990816	Episode: 1220/2066	Avg reward: -0.40	Avg steps: 2548
2020-07-22 10:40:23,697	INFO	Total steps: 2042406	Episode: 1240/3147	Avg reward: 1.80	Avg steps: 2578
2020-07-22 11:02:22,792	INFO	Total steps: 2093684	Episode: 1260/2808	Avg reward: 1.25	Avg steps: 2562
2020-07-22 11:22:45,555	INFO	Total steps: 2141364	Episode: 1280/2757	Avg reward: 3.35	Avg steps: 2383
2020-07-22 11:44:02,113	INFO	Total steps: 2191092	Episode: 1300/1912	Avg reward: 1.70	Avg steps: 2485
2020-07-22 12:06:30,388	INFO	Total steps: 2243883	Episode: 1320/1873	Avg reward: 1.95	Avg steps: 2638
2020-07-22 12:27:14,682	INFO	Total steps: 2292462	Episode: 1340/2156	Avg reward: 2.10	Avg steps: 2427
2020-07-22 12:48:40,607	INFO	Total steps: 2342630	Episode: 1360/2725	Avg reward: 4.80	Avg steps: 2507
2020-07-22 13:08:36,977	INFO	Total steps: 2389305	Episode: 1380/2733	Avg reward: 7.10	Avg steps: 2332
2020-07-22 13:29:18,920	INFO	Total steps: 2437753	Episode: 1400/2633	Avg reward: 5.75	Avg steps: 2421
2020-07-22 13:49:09,732	INFO	Total steps: 2484143	Episode: 1420/2435	Avg reward: 6.15	Avg steps: 2318
2020-07-22 14:10:12,732	INFO	Total steps: 2532906	Episode: 1440/2680	Avg reward: 4.60	Avg steps: 2437
2020-07-22 14:32:18,982	INFO	Total steps: 2584474	Episode: 1460/2512	Avg reward: 3.70	Avg steps: 2577
2020-07-22 14:54:18,810	INFO	Total steps: 2635712	Episode: 1480/2705	Avg reward: 4.55	Avg steps: 2560
2020-07-22 15:14:38,254	INFO	Total steps: 2683277	Episode: 1500/2530	Avg reward: 7.85	Avg steps: 2377
2020-07-22 15:35:33,115	INFO	Total steps: 2732093	Episode: 1520/2981	Avg reward: 4.65	Avg steps: 2439
2020-07-22 15:56:26,090	INFO	Total steps: 2780826	Episode: 1540/2951	Avg reward: 6.55	Avg steps: 2435
2020-07-22 16:16:52,581	INFO	Total steps: 2828474	Episode: 1560/2187	Avg reward: 5.60	Avg steps: 2381
2020-07-22 16:36:34,508	INFO	Total steps: 2874520	Episode: 1580/2333	Avg reward: 6.00	Avg steps: 2301
2020-07-22 16:56:46,979	INFO	Total steps: 2921580	Episode: 1600/2309	Avg reward: 5.60	Avg steps: 2352
2020-07-22 17:16:49,885	INFO	Total steps: 2967876	Episode: 1620/2590	Avg reward: 5.60	Avg steps: 2313
2020-07-22 17:35:47,202	INFO	Total steps: 3011522	Episode: 1640/2518	Avg reward: 8.60	Avg steps: 2181
2020-07-22 17:54:40,011	INFO	Total steps: 3054904	Episode: 1660/2388	Avg reward: 10.30	Avg steps: 2168
2020-07-22 18:13:02,200	INFO	Total steps: 3097062	Episode: 1680/1846	Avg reward: 10.50	Avg steps: 2106
2020-07-22 18:33:03,217	INFO	Total steps: 3143228	Episode: 1700/2515	Avg reward: 7.45	Avg steps: 2307
2020-07-22 18:53:02,127	INFO	Total steps: 3189397	Episode: 1720/1862	Avg reward: 8.30	Avg steps: 2307
2020-07-22 19:13:38,317	INFO	Total steps: 3236740	Episode: 1740/2305	Avg reward: 7.65	Avg steps: 2366
2020-07-22 19:33:04,654	INFO	Total steps: 3281636	Episode: 1760/2254	Avg reward: 5.75	Avg steps: 2243
2020-07-22 19:52:37,556	INFO	Total steps: 3326630	Episode: 1780/2516	Avg reward: 8.00	Avg steps: 2248
2020-07-22 20:12:13,189	INFO	Total steps: 3371663	Episode: 1800/1770	Avg reward: 8.80	Avg steps: 2250
2020-07-22 20:31:36,925	INFO	Total steps: 3416259	Episode: 1820/2065	Avg reward: 11.15	Avg steps: 2228
2020-07-22 20:52:08,644	INFO	Total steps: 3463363	Episode: 1840/1882	Avg reward: 8.45	Avg steps: 2354
2020-07-22 21:13:07,286	INFO	Total steps: 3511226	Episode: 1860/1588	Avg reward: 9.40	Avg steps: 2392
2020-07-22 21:31:00,763	INFO	Total steps: 3552671	Episode: 1880/1743	Avg reward: 11.35	Avg steps: 2071
2020-07-22 21:51:04,665	INFO	Total steps: 3598729	Episode: 1900/2318	Avg reward: 11.90	Avg steps: 2301
2020-07-22 22:10:03,356	INFO	Total steps: 3642294	Episode: 1920/2266	Avg reward: 10.45	Avg steps: 2177
2020-07-22 22:28:34,274	INFO	Total steps: 3684853	Episode: 1940/2718	Avg reward: 11.30	Avg steps: 2126
2020-07-22 22:46:17,596	INFO	Total steps: 3724867	Episode: 1960/2246	Avg reward: 10.95	Avg steps: 1999
2020-07-22 23:04:03,842	INFO	Total steps: 3764635	Episode: 1980/2097	Avg reward: 11.20	Avg steps: 1987
2020-07-22 23:21:44,124	INFO	Total steps: 3804334	Episode: 2000/2330	Avg reward: 11.10	Avg steps: 1983
2020-07-22 23:40:39,199	INFO	Total steps: 3846816	Episode: 2020/2099	Avg reward: 11.80	Avg steps: 2123
2020-07-22 23:59:31,841	INFO	Total steps: 3889274	Episode: 2040/2304	Avg reward: 11.25	Avg steps: 2121
2020-07-23 00:18:50,378	INFO	Total steps: 3932714	Episode: 2060/2286	Avg reward: 11.95	Avg steps: 2171
2020-07-23 00:37:13,607	INFO	Total steps: 3974288	Episode: 2080/1518	Avg reward: 11.15	Avg steps: 2077
2020-07-23 00:56:31,251	INFO	Total steps: 4017691	Episode: 2100/2294	Avg reward: 9.15	Avg steps: 2169
2020-07-23 01:15:44,449	INFO	Total steps: 4060864	Episode: 2120/1655	Avg reward: 9.65	Avg steps: 2157
2020-07-23 01:34:32,667	INFO	Total steps: 4103093	Episode: 2140/1802	Avg reward: 11.35	Avg steps: 2110
2020-07-23 01:52:41,495	INFO	Total steps: 4143715	Episode: 2160/2418	Avg reward: 12.00	Avg steps: 2030
2020-07-23 02:11:30,162	INFO	Total steps: 4185788	Episode: 2180/2147	Avg reward: 12.70	Avg steps: 2102
2020-07-23 02:30:15,070	INFO	Total steps: 4227780	Episode: 2200/2459	Avg reward: 12.10	Avg steps: 2098
2020-07-23 02:49:42,563	INFO	Total steps: 4271396	Episode: 2220/1852	Avg reward: 11.50	Avg steps: 2179
2020-07-23 03:08:31,355	INFO	Total steps: 4313568	Episode: 2240/2139	Avg reward: 12.95	Avg steps: 2107
2020-07-23 03:26:14,775	INFO	Total steps: 4353326	Episode: 2260/2165	Avg reward: 13.75	Avg steps: 1986
2020-07-23 03:44:22,546	INFO	Total steps: 4393946	Episode: 2280/2240	Avg reward: 12.70	Avg steps: 2030
2020-07-23 04:03:13,514	INFO	Total steps: 4436317	Episode: 2300/1676	Avg reward: 13.10	Avg steps: 2117
2020-07-23 04:20:48,915	INFO	Total steps: 4475765	Episode: 2320/2334	Avg reward: 13.85	Avg steps: 1971
2020-07-23 04:39:38,767	INFO	Total steps: 4517998	Episode: 2340/2039	Avg reward: 12.85	Avg steps: 2110
2020-07-23 04:58:11,501	INFO	Total steps: 4559631	Episode: 2360/1853	Avg reward: 12.85	Avg steps: 2080
2020-07-23 05:16:05,698	INFO	Total steps: 4599886	Episode: 2380/1453	Avg reward: 13.80	Avg steps: 2011
2020-07-23 05:35:11,527	INFO	Total steps: 4642726	Episode: 2400/1856	Avg reward: 13.30	Avg steps: 2141
2020-07-23 05:54:07,429	INFO	Total steps: 4685137	Episode: 2420/1895	Avg reward: 12.45	Avg steps: 2119
2020-07-23 06:12:21,779	INFO	Total steps: 4726025	Episode: 2440/2371	Avg reward: 15.05	Avg steps: 2043
2020-07-23 06:33:08,155	INFO	Total steps: 4772525	Episode: 2460/1570	Avg reward: 13.65	Avg steps: 2324
2020-07-23 06:54:23,190	INFO	Total steps: 4819941	Episode: 2480/1581	Avg reward: 11.85	Avg steps: 2369
2020-07-23 07:14:34,317	INFO	Total steps: 4864976	Episode: 2500/2486	Avg reward: 12.65	Avg steps: 2250
2020-07-23 07:33:09,081	INFO	Total steps: 4906414	Episode: 2520/2869	Avg reward: 13.70	Avg steps: 2070
2020-07-23 07:52:25,716	INFO	Total steps: 4949339	Episode: 2540/2248	Avg reward: 12.10	Avg steps: 2145
2020-07-23 08:11:21,560	INFO	Total steps: 4991224	Episode: 2560/2021	Avg reward: 12.55	Avg steps: 2093
2020-07-23 08:30:31,372	INFO	Total steps: 5033808	Episode: 2580/2046	Avg reward: 13.35	Avg steps: 2128
2020-07-23 08:49:29,947	INFO	Total steps: 5075987	Episode: 2600/2510	Avg reward: 12.60	Avg steps: 2107
2020-07-23 09:08:34,750	INFO	Total steps: 5118366	Episode: 2620/1904	Avg reward: 12.70	Avg steps: 2117
2020-07-23 09:28:55,555	INFO	Total steps: 5163577	Episode: 2640/2145	Avg reward: 11.55	Avg steps: 2259
2020-07-23 09:48:16,319	INFO	Total steps: 5206627	Episode: 2660/2199	Avg reward: 13.20	Avg steps: 2151
2020-07-23 10:08:49,313	INFO	Total steps: 5252290	Episode: 2680/2280	Avg reward: 11.95	Avg steps: 2282
2020-07-23 10:28:16,061	INFO	Total steps: 5295238	Episode: 2700/2373	Avg reward: 13.40	Avg steps: 2146
2020-07-23 10:46:58,860	INFO	Total steps: 5336630	Episode: 2720/1717	Avg reward: 13.60	Avg steps: 2068
2020-07-23 11:04:03,240	INFO	Total steps: 5374479	Episode: 2740/2062	Avg reward: 13.80	Avg steps: 1891
2020-07-23 11:24:04,494	INFO	Total steps: 5418900	Episode: 2760/1977	Avg reward: 12.35	Avg steps: 2220
2020-07-23 11:41:32,630	INFO	Total steps: 5457761	Episode: 2780/1773	Avg reward: 13.25	Avg steps: 1942
2020-07-23 11:58:40,875	INFO	Total steps: 5495844	Episode: 2800/2070	Avg reward: 15.05	Avg steps: 1903
2020-07-23 12:18:04,151	INFO	Total steps: 5538989	Episode: 2820/2027	Avg reward: 14.80	Avg steps: 2156
2020-07-23 12:36:56,113	INFO	Total steps: 5580876	Episode: 2840/2662	Avg reward: 8.15	Avg steps: 2093
2020-07-23 12:56:54,590	INFO	Total steps: 5625256	Episode: 2860/3023	Avg reward: 13.70	Avg steps: 2218
2020-07-23 13:16:01,102	INFO	Total steps: 5667865	Episode: 2880/2163	Avg reward: 12.80	Avg steps: 2129
2020-07-23 13:33:50,550	INFO	Total steps: 5707599	Episode: 2900/1697	Avg reward: 15.35	Avg steps: 1985
2020-07-23 13:51:52,425	INFO	Total steps: 5747755	Episode: 2920/1622	Avg reward: 14.65	Avg steps: 2006
2020-07-23 14:10:08,983	INFO	Total steps: 5788474	Episode: 2940/1810	Avg reward: 15.50	Avg steps: 2034
2020-07-23 14:28:36,815	INFO	Total steps: 5829508	Episode: 2960/1968	Avg reward: 14.50	Avg steps: 2050
2020-07-23 14:46:06,916	INFO	Total steps: 5868482	Episode: 2980/2119	Avg reward: 15.50	Avg steps: 1947
2020-07-23 15:05:01,345	INFO	Total steps: 5910637	Episode: 3000/2173	Avg reward: 14.30	Avg steps: 2106
2020-07-23 15:22:19,704	INFO	Total steps: 5949190	Episode: 3020/2209	Avg reward: 15.65	Avg steps: 1926
2020-07-23 15:39:55,011	INFO	Total steps: 5988323	Episode: 3040/1890	Avg reward: 15.70	Avg steps: 1955
2020-07-23 15:58:25,335	INFO	Total steps: 6029420	Episode: 3060/1627	Avg reward: 14.80	Avg steps: 2053
2020-07-23 16:18:00,838	INFO	Total steps: 6072967	Episode: 3080/2136	Avg reward: 13.65	Avg steps: 2176
2020-07-23 16:36:48,970	INFO	Total steps: 6114817	Episode: 3100/2533	Avg reward: 12.50	Avg steps: 2091
2020-07-23 16:56:13,441	INFO	Total steps: 6157971	Episode: 3120/2402	Avg reward: 13.10	Avg steps: 2156
2020-07-23 17:14:38,013	INFO	Total steps: 6198887	Episode: 3140/2149	Avg reward: 13.80	Avg steps: 2044
2020-07-23 17:31:28,664	INFO	Total steps: 6236373	Episode: 3160/1410	Avg reward: 13.25	Avg steps: 1873
2020-07-23 17:49:17,208	INFO	Total steps: 6275921	Episode: 3180/2102	Avg reward: 14.30	Avg steps: 1976
2020-07-23 18:05:44,045	INFO	Total steps: 6312498	Episode: 3200/1706	Avg reward: 16.05	Avg steps: 1827
2020-07-23 18:22:30,957	INFO	Total steps: 6349910	Episode: 3220/1722	Avg reward: 14.10	Avg steps: 1869
2020-07-23 18:38:09,689	INFO	Total steps: 6384624	Episode: 3240/1657	Avg reward: 15.05	Avg steps: 1734
2020-07-23 18:54:07,441	INFO	Total steps: 6420058	Episode: 3260/1451	Avg reward: 16.80	Avg steps: 1770
2020-07-23 19:09:38,335	INFO	Total steps: 6454555	Episode: 3280/1770	Avg reward: 16.30	Avg steps: 1723
2020-07-23 19:26:07,956	INFO	Total steps: 6491214	Episode: 3300/1596	Avg reward: 15.65	Avg steps: 1831
2020-07-23 19:42:39,682	INFO	Total steps: 6528012	Episode: 3320/1660	Avg reward: 16.15	Avg steps: 1838
2020-07-23 19:59:35,925	INFO	Total steps: 6565604	Episode: 3340/1784	Avg reward: 15.55	Avg steps: 1878
2020-07-23 20:19:43,616	INFO	Total steps: 6610416	Episode: 3360/1902	Avg reward: 13.40	Avg steps: 2239
2020-07-23 20:39:07,033	INFO	Total steps: 6653559	Episode: 3380/2028	Avg reward: 14.60	Avg steps: 2156
2020-07-23 20:55:08,420	INFO	Total steps: 6689174	Episode: 3400/1479	Avg reward: 13.35	Avg steps: 1779
2020-07-23 21:13:03,543	INFO	Total steps: 6729059	Episode: 3420/2210	Avg reward: 13.15	Avg steps: 1993
2020-07-23 21:32:03,158	INFO	Total steps: 6771442	Episode: 3440/2037	Avg reward: 11.50	Avg steps: 2118
2020-07-23 21:49:30,614	INFO	Total steps: 6810249	Episode: 3460/1776	Avg reward: 15.15	Avg steps: 1939
2020-07-23 22:07:03,336	INFO	Total steps: 6849235	Episode: 3480/1737	Avg reward: 14.65	Avg steps: 1948
2020-07-23 22:24:17,847	INFO	Total steps: 6887625	Episode: 3500/2526	Avg reward: 15.95	Avg steps: 1918
2020-07-23 22:42:43,468	INFO	Total steps: 6928577	Episode: 3520/1637	Avg reward: 14.30	Avg steps: 2046
2020-07-23 22:59:53,133	INFO	Total steps: 6966624	Episode: 3540/1849	Avg reward: 14.45	Avg steps: 1901
2020-07-23 23:18:09,144	INFO	Total steps: 7007221	Episode: 3560/1415	Avg reward: 13.40	Avg steps: 2028
2020-07-23 23:35:33,682	INFO	Total steps: 7046030	Episode: 3580/2067	Avg reward: 14.75	Avg steps: 1939
2020-07-23 23:52:59,129	INFO	Total steps: 7084817	Episode: 3600/1582	Avg reward: 11.40	Avg steps: 1938
2020-07-24 00:09:22,009	INFO	Total steps: 7121229	Episode: 3620/1515	Avg reward: 15.20	Avg steps: 1819
2020-07-24 00:27:47,749	INFO	Total steps: 7161795	Episode: 3640/2054	Avg reward: 13.30	Avg steps: 2027
2020-07-24 00:46:07,939	INFO	Total steps: 7202388	Episode: 3660/2332	Avg reward: 11.00	Avg steps: 2028
2020-07-24 01:05:35,219	INFO	Total steps: 7245568	Episode: 3680/1895	Avg reward: 11.35	Avg steps: 2158
2020-07-24 01:24:42,605	INFO	Total steps: 7288176	Episode: 3700/2595	Avg reward: 10.05	Avg steps: 2129
2020-07-24 01:43:42,699	INFO	Total steps: 7330481	Episode: 3720/1573	Avg reward: 11.40	Avg steps: 2114
2020-07-24 02:04:55,711	INFO	Total steps: 7377800	Episode: 3740/2924	Avg reward: 8.30	Avg steps: 2364
2020-07-24 02:24:25,389	INFO	Total steps: 7421294	Episode: 3760/2330	Avg reward: 2.50	Avg steps: 2173
2020-07-24 02:40:06,945	INFO	Total steps: 7456277	Episode: 3780/1847	Avg reward: -7.75	Avg steps: 1748
2020-07-24 02:57:19,060	INFO	Total steps: 7494544	Episode: 3800/1462	Avg reward: -7.00	Avg steps: 1912
2020-07-24 03:11:20,966	INFO	Total steps: 7525767	Episode: 3820/1219	Avg reward: -11.25	Avg steps: 1560
2020-07-24 03:30:50,735	INFO	Total steps: 7568762	Episode: 3840/2399	Avg reward: -6.75	Avg steps: 2148
2020-07-24 03:46:03,929	INFO	Total steps: 7602415	Episode: 3860/2144	Avg reward: -9.45	Avg steps: 1681
2020-07-24 04:01:16,716	INFO	Total steps: 7636279	Episode: 3880/2476	Avg reward: -9.55	Avg steps: 1692
2020-07-24 04:16:42,759	INFO	Total steps: 7670640	Episode: 3900/1930	Avg reward: -8.15	Avg steps: 1717
2020-07-24 04:33:38,162	INFO	Total steps: 7708354	Episode: 3920/2937	Avg reward: -7.85	Avg steps: 1884
2020-07-24 04:53:29,998	INFO	Total steps: 7752564	Episode: 3940/2456	Avg reward: -3.15	Avg steps: 2209
2020-07-24 05:13:27,967	INFO	Total steps: 7797024	Episode: 3960/2119	Avg reward: 0.95	Avg steps: 2222
2020-07-24 05:31:54,077	INFO	Total steps: 7838027	Episode: 3980/2097	Avg reward: 0.40	Avg steps: 2049
2020-07-24 05:54:35,690	INFO	Total steps: 7888487	Episode: 4000/2668	Avg reward: -2.30	Avg steps: 2522
