2020-07-14 20:49:20,861	INFO	--width 160 --height 160 --ball 1.0 --ball-size 2.0 --snell 1.4 --snell-width 80.0 --snell-change 0.0 --snell-visible none --paddle-speed 1.0 --paddle-angle 50.0 --paddle-length 20.0 --update-prob 0.5 --state binary --learning-rate 0.0001 --network dqn_pong_model --render False --epsdecay 1000 --episodes 4000 --replay 10000 --checkpoint dqn_pong_model --history history.p --store-dir ../experiments/paddle_angle.50.0-update_prob.0.5-snell.1.4 
2020-07-14 20:49:20,862	INFO	Device: cuda
2020-07-14 20:51:22,295	INFO	Total steps: 12198	Episode: 20/582	Avg reward: -19.90	Avg steps: 608
2020-07-14 20:56:15,184	INFO	Total steps: 23052	Episode: 40/652	Avg reward: -19.60	Avg steps: 541
2020-07-14 21:02:38,445	INFO	Total steps: 37327	Episode: 60/785	Avg reward: -19.45	Avg steps: 712
2020-07-14 21:08:23,129	INFO	Total steps: 49969	Episode: 80/445	Avg reward: -19.75	Avg steps: 631
2020-07-14 21:14:19,018	INFO	Total steps: 63135	Episode: 100/517	Avg reward: -19.80	Avg steps: 657
2020-07-14 21:21:04,325	INFO	Total steps: 78167	Episode: 120/703	Avg reward: -19.60	Avg steps: 750
2020-07-14 21:27:19,711	INFO	Total steps: 92156	Episode: 140/904	Avg reward: -19.45	Avg steps: 698
2020-07-14 21:33:46,743	INFO	Total steps: 106942	Episode: 160/774	Avg reward: -19.35	Avg steps: 738
2020-07-14 21:40:03,241	INFO	Total steps: 121697	Episode: 180/650	Avg reward: -19.60	Avg steps: 736
2020-07-14 21:45:43,924	INFO	Total steps: 134980	Episode: 200/1157	Avg reward: -19.55	Avg steps: 663
2020-07-14 21:52:06,627	INFO	Total steps: 149763	Episode: 220/754	Avg reward: -19.60	Avg steps: 738
2020-07-14 21:58:42,495	INFO	Total steps: 164906	Episode: 240/647	Avg reward: -19.50	Avg steps: 756
2020-07-14 22:05:29,079	INFO	Total steps: 180576	Episode: 260/654	Avg reward: -19.45	Avg steps: 782
2020-07-14 22:13:08,881	INFO	Total steps: 197809	Episode: 280/514	Avg reward: -19.30	Avg steps: 860
2020-07-14 22:20:40,736	INFO	Total steps: 213200	Episode: 300/911	Avg reward: -18.80	Avg steps: 768
2020-07-14 22:28:49,175	INFO	Total steps: 229601	Episode: 320/643	Avg reward: -18.85	Avg steps: 819
2020-07-14 22:38:59,583	INFO	Total steps: 250044	Episode: 340/1098	Avg reward: -19.20	Avg steps: 1021
2020-07-14 22:49:20,761	INFO	Total steps: 270897	Episode: 360/1473	Avg reward: -19.15	Avg steps: 1041
2020-07-14 22:58:27,828	INFO	Total steps: 289303	Episode: 380/748	Avg reward: -18.35	Avg steps: 919
2020-07-14 23:07:41,704	INFO	Total steps: 307874	Episode: 400/903	Avg reward: -19.20	Avg steps: 927
2020-07-14 23:16:43,646	INFO	Total steps: 326161	Episode: 420/1271	Avg reward: -19.05	Avg steps: 913
2020-07-14 23:27:12,706	INFO	Total steps: 347853	Episode: 440/829	Avg reward: -18.70	Avg steps: 1083
2020-07-14 23:37:13,437	INFO	Total steps: 368346	Episode: 460/772	Avg reward: -18.20	Avg steps: 1023
2020-07-14 23:47:32,558	INFO	Total steps: 389531	Episode: 480/1297	Avg reward: -18.20	Avg steps: 1058
2020-07-14 23:58:31,114	INFO	Total steps: 412750	Episode: 500/951	Avg reward: -17.75	Avg steps: 1159
2020-07-15 00:08:27,901	INFO	Total steps: 434387	Episode: 520/1042	Avg reward: -18.15	Avg steps: 1080
2020-07-15 00:19:31,885	INFO	Total steps: 458376	Episode: 540/1572	Avg reward: -17.95	Avg steps: 1198
2020-07-15 00:30:22,846	INFO	Total steps: 481851	Episode: 560/757	Avg reward: -17.90	Avg steps: 1172
2020-07-15 00:42:02,529	INFO	Total steps: 507143	Episode: 580/1135	Avg reward: -17.70	Avg steps: 1263
2020-07-15 00:52:58,945	INFO	Total steps: 530971	Episode: 600/1793	Avg reward: -17.10	Avg steps: 1190
2020-07-15 01:03:32,549	INFO	Total steps: 553895	Episode: 620/1097	Avg reward: -17.05	Avg steps: 1145
2020-07-15 01:15:03,020	INFO	Total steps: 579122	Episode: 640/1238	Avg reward: -17.40	Avg steps: 1260
2020-07-15 01:27:08,199	INFO	Total steps: 605860	Episode: 660/1160	Avg reward: -17.00	Avg steps: 1335
2020-07-15 01:38:11,825	INFO	Total steps: 629747	Episode: 680/1214	Avg reward: -17.00	Avg steps: 1193
2020-07-15 01:50:56,882	INFO	Total steps: 657255	Episode: 700/1754	Avg reward: -15.70	Avg steps: 1374
2020-07-15 02:04:18,554	INFO	Total steps: 686681	Episode: 720/1143	Avg reward: -15.90	Avg steps: 1470
2020-07-15 02:18:33,325	INFO	Total steps: 717943	Episode: 740/1883	Avg reward: -15.90	Avg steps: 1562
2020-07-15 02:33:08,478	INFO	Total steps: 749404	Episode: 760/1700	Avg reward: -16.95	Avg steps: 1572
2020-07-15 02:49:35,103	INFO	Total steps: 785476	Episode: 780/1637	Avg reward: -14.85	Avg steps: 1802
2020-07-15 03:04:14,081	INFO	Total steps: 817460	Episode: 800/1746	Avg reward: -15.20	Avg steps: 1598
2020-07-15 03:19:35,471	INFO	Total steps: 850547	Episode: 820/1859	Avg reward: -15.00	Avg steps: 1653
2020-07-15 03:34:44,116	INFO	Total steps: 883008	Episode: 840/1373	Avg reward: -14.45	Avg steps: 1622
2020-07-15 03:50:24,460	INFO	Total steps: 917765	Episode: 860/1371	Avg reward: -14.60	Avg steps: 1736
2020-07-15 04:06:23,947	INFO	Total steps: 953879	Episode: 880/1807	Avg reward: -14.25	Avg steps: 1804
2020-07-15 04:22:40,682	INFO	Total steps: 990254	Episode: 900/1577	Avg reward: -13.40	Avg steps: 1817
2020-07-15 04:42:02,389	INFO	Total steps: 1031464	Episode: 920/3304	Avg reward: -12.40	Avg steps: 2059
2020-07-15 05:01:58,043	INFO	Total steps: 1073466	Episode: 940/2961	Avg reward: -13.30	Avg steps: 2099
2020-07-15 05:18:59,169	INFO	Total steps: 1110342	Episode: 960/1459	Avg reward: -13.45	Avg steps: 1842
2020-07-15 05:36:03,493	INFO	Total steps: 1147180	Episode: 980/1965	Avg reward: -12.75	Avg steps: 1840
2020-07-15 05:53:48,090	INFO	Total steps: 1185645	Episode: 1000/2378	Avg reward: -12.75	Avg steps: 1922
2020-07-15 06:11:22,575	INFO	Total steps: 1223535	Episode: 1020/1536	Avg reward: -11.85	Avg steps: 1893
2020-07-15 06:32:29,276	INFO	Total steps: 1269072	Episode: 1040/1831	Avg reward: -11.15	Avg steps: 2275
2020-07-15 06:54:33,920	INFO	Total steps: 1316720	Episode: 1060/2076	Avg reward: -10.20	Avg steps: 2381
2020-07-15 07:14:39,959	INFO	Total steps: 1359993	Episode: 1080/3043	Avg reward: -12.00	Avg steps: 2162
2020-07-15 07:35:31,638	INFO	Total steps: 1404849	Episode: 1100/2212	Avg reward: -11.50	Avg steps: 2241
2020-07-15 07:58:20,521	INFO	Total steps: 1453199	Episode: 1120/2169	Avg reward: -10.55	Avg steps: 2416
2020-07-15 08:21:07,658	INFO	Total steps: 1501428	Episode: 1140/3316	Avg reward: -8.10	Avg steps: 2410
2020-07-15 08:42:37,930	INFO	Total steps: 1547307	Episode: 1160/3358	Avg reward: -10.85	Avg steps: 2292
2020-07-15 09:03:25,394	INFO	Total steps: 1591950	Episode: 1180/2569	Avg reward: -10.85	Avg steps: 2231
2020-07-15 09:25:52,718	INFO	Total steps: 1640136	Episode: 1200/2634	Avg reward: -9.10	Avg steps: 2408
2020-07-15 09:48:07,283	INFO	Total steps: 1687486	Episode: 1220/2782	Avg reward: -10.65	Avg steps: 2366
2020-07-15 10:14:07,840	INFO	Total steps: 1743475	Episode: 1240/3740	Avg reward: -7.55	Avg steps: 2798
2020-07-15 10:40:34,644	INFO	Total steps: 1800131	Episode: 1260/2397	Avg reward: -8.00	Avg steps: 2831
2020-07-15 11:04:27,525	INFO	Total steps: 1851927	Episode: 1280/2871	Avg reward: -9.80	Avg steps: 2588
2020-07-15 11:29:59,214	INFO	Total steps: 1906625	Episode: 1300/2443	Avg reward: -7.55	Avg steps: 2733
2020-07-15 11:57:20,125	INFO	Total steps: 1964829	Episode: 1320/2119	Avg reward: -6.50	Avg steps: 2909
2020-07-15 12:24:09,650	INFO	Total steps: 2022752	Episode: 1340/2350	Avg reward: -7.25	Avg steps: 2895
2020-07-15 12:53:27,011	INFO	Total steps: 2086843	Episode: 1360/2542	Avg reward: -5.30	Avg steps: 3203
2020-07-15 13:19:59,001	INFO	Total steps: 2144788	Episode: 1380/2562	Avg reward: -8.75	Avg steps: 2896
2020-07-15 13:48:25,637	INFO	Total steps: 2207043	Episode: 1400/2053	Avg reward: -5.85	Avg steps: 3111
2020-07-15 14:16:42,798	INFO	Total steps: 2269190	Episode: 1420/2446	Avg reward: -3.05	Avg steps: 3106
2020-07-15 14:42:07,440	INFO	Total steps: 2325121	Episode: 1440/2555	Avg reward: -5.35	Avg steps: 2795
2020-07-15 15:09:17,723	INFO	Total steps: 2384961	Episode: 1460/3193	Avg reward: -4.80	Avg steps: 2991
2020-07-15 15:36:16,058	INFO	Total steps: 2443890	Episode: 1480/2232	Avg reward: -4.70	Avg steps: 2945
2020-07-15 16:06:03,626	INFO	Total steps: 2508792	Episode: 1500/2239	Avg reward: -3.85	Avg steps: 3244
2020-07-15 16:34:44,899	INFO	Total steps: 2571103	Episode: 1520/2518	Avg reward: -2.75	Avg steps: 3114
2020-07-15 17:08:09,466	INFO	Total steps: 2644141	Episode: 1540/3051	Avg reward: -1.20	Avg steps: 3650
2020-07-15 17:38:58,355	INFO	Total steps: 2711148	Episode: 1560/3215	Avg reward: -1.55	Avg steps: 3349
2020-07-15 18:11:45,796	INFO	--width 160 --height 160 --ball 1.0 --ball-size 2.0 --snell 1.4 --snell-width 80.0 --snell-change 0.0 --snell-visible none --paddle-speed 1.0 --paddle-angle 50.0 --paddle-length 20.0 --update-prob 0.5 --state binary --learning-rate 0.0001 --network dqn_pong_model --render False --epsdecay 1000 --episodes 4000 --replay 10000 --checkpoint dqn_pong_model --history history.p --store-dir ../experiments/paddle_angle.50.0-update_prob.0.5-snell.1.4 
2020-07-15 18:11:45,850	INFO	Device: cuda
2020-07-15 18:13:50,321	INFO	Total steps: 11950	Episode: 20/568	Avg reward: -19.60	Avg steps: 596
2020-07-15 18:20:26,670	INFO	Total steps: 23905	Episode: 40/792	Avg reward: -19.75	Avg steps: 596
2020-07-15 18:28:22,626	INFO	Total steps: 38187	Episode: 60/510	Avg reward: -19.80	Avg steps: 713
2020-07-15 18:36:11,445	INFO	Total steps: 52240	Episode: 80/708	Avg reward: -19.65	Avg steps: 701
2020-07-15 18:44:03,498	INFO	Total steps: 66415	Episode: 100/966	Avg reward: -19.60	Avg steps: 707
2020-07-15 18:52:02,003	INFO	Total steps: 80809	Episode: 120/577	Avg reward: -19.75	Avg steps: 718
2020-07-15 19:00:16,765	INFO	Total steps: 95630	Episode: 140/585	Avg reward: -19.55	Avg steps: 740
2020-07-15 19:07:37,848	INFO	Total steps: 111665	Episode: 160/708	Avg reward: -19.25	Avg steps: 800
2020-07-15 19:14:36,614	INFO	Total steps: 127239	Episode: 180/844	Avg reward: -19.20	Avg steps: 777
2020-07-15 19:21:33,549	INFO	Total steps: 142613	Episode: 200/1034	Avg reward: -19.30	Avg steps: 767
2020-07-15 19:28:03,632	INFO	Total steps: 157016	Episode: 220/639	Avg reward: -19.20	Avg steps: 719
2020-07-15 19:35:42,837	INFO	Total steps: 174024	Episode: 240/781	Avg reward: -19.50	Avg steps: 849
2020-07-15 19:43:50,216	INFO	Total steps: 192076	Episode: 260/1072	Avg reward: -19.20	Avg steps: 901
2020-07-15 19:51:31,573	INFO	Total steps: 209029	Episode: 280/1156	Avg reward: -19.40	Avg steps: 846
2020-07-15 19:58:53,865	INFO	Total steps: 225218	Episode: 300/582	Avg reward: -19.30	Avg steps: 808
2020-07-15 20:06:42,566	INFO	Total steps: 242422	Episode: 320/1359	Avg reward: -19.35	Avg steps: 859
2020-07-15 20:15:42,629	INFO	Total steps: 262272	Episode: 340/1184	Avg reward: -18.85	Avg steps: 991
2020-07-15 20:23:54,943	INFO	Total steps: 280409	Episode: 360/1142	Avg reward: -18.70	Avg steps: 905
2020-07-15 20:31:49,645	INFO	Total steps: 297851	Episode: 380/634	Avg reward: -18.60	Avg steps: 871
2020-07-15 20:39:41,490	INFO	Total steps: 315229	Episode: 400/880	Avg reward: -18.85	Avg steps: 867
2020-07-15 20:49:16,461	INFO	Total steps: 336345	Episode: 420/1133	Avg reward: -18.50	Avg steps: 1054
2020-07-15 20:58:42,512	INFO	Total steps: 357139	Episode: 440/1062	Avg reward: -18.05	Avg steps: 1038
2020-07-15 21:08:38,055	INFO	Total steps: 379042	Episode: 460/1299	Avg reward: -18.65	Avg steps: 1094
2020-07-15 21:18:15,690	INFO	Total steps: 400255	Episode: 480/1000	Avg reward: -18.15	Avg steps: 1059
2020-07-15 21:28:00,011	INFO	Total steps: 421802	Episode: 500/1860	Avg reward: -17.85	Avg steps: 1076
2020-07-15 21:38:58,247	INFO	Total steps: 446036	Episode: 520/912	Avg reward: -17.35	Avg steps: 1210
2020-07-15 21:50:59,609	INFO	Total steps: 472646	Episode: 540/1028	Avg reward: -17.65	Avg steps: 1329
2020-07-15 22:03:47,661	INFO	Total steps: 500823	Episode: 560/1565	Avg reward: -17.35	Avg steps: 1407
2020-07-15 22:14:53,900	INFO	Total steps: 525459	Episode: 580/1499	Avg reward: -17.50	Avg steps: 1230
2020-07-15 22:28:29,105	INFO	Total steps: 555506	Episode: 600/2052	Avg reward: -16.05	Avg steps: 1501
2020-07-15 22:40:52,007	INFO	Total steps: 582915	Episode: 620/2028	Avg reward: -16.30	Avg steps: 1369
2020-07-15 22:52:41,891	INFO	Total steps: 608779	Episode: 640/1903	Avg reward: -17.00	Avg steps: 1292
2020-07-15 23:05:33,699	INFO	Total steps: 636583	Episode: 660/1251	Avg reward: -16.80	Avg steps: 1389
2020-07-15 23:18:44,449	INFO	Total steps: 665076	Episode: 680/1317	Avg reward: -16.30	Avg steps: 1423
2020-07-15 23:30:25,019	INFO	Total steps: 690560	Episode: 700/1587	Avg reward: -17.00	Avg steps: 1273
2020-07-15 23:43:29,983	INFO	Total steps: 719057	Episode: 720/2041	Avg reward: -15.00	Avg steps: 1423
2020-07-15 23:56:09,592	INFO	Total steps: 746774	Episode: 740/1945	Avg reward: -15.30	Avg steps: 1384
2020-07-16 00:10:16,330	INFO	Total steps: 777490	Episode: 760/2060	Avg reward: -14.70	Avg steps: 1534
2020-07-16 00:24:32,252	INFO	Total steps: 808872	Episode: 780/1743	Avg reward: -14.90	Avg steps: 1568
2020-07-16 00:38:41,378	INFO	Total steps: 840160	Episode: 800/1654	Avg reward: -14.25	Avg steps: 1563
2020-07-16 00:52:48,866	INFO	Total steps: 871231	Episode: 820/1196	Avg reward: -14.50	Avg steps: 1552
2020-07-16 01:06:41,745	INFO	Total steps: 901726	Episode: 840/1672	Avg reward: -15.15	Avg steps: 1523
2020-07-16 01:21:59,747	INFO	Total steps: 935280	Episode: 860/1070	Avg reward: -13.95	Avg steps: 1676
2020-07-16 01:38:32,759	INFO	Total steps: 971686	Episode: 880/2088	Avg reward: -13.80	Avg steps: 1819
2020-07-16 01:54:38,559	INFO	Total steps: 1007244	Episode: 900/1822	Avg reward: -15.20	Avg steps: 1776
2020-07-16 02:11:47,948	INFO	Total steps: 1044896	Episode: 920/1870	Avg reward: -12.60	Avg steps: 1881
2020-07-16 02:27:01,808	INFO	Total steps: 1078178	Episode: 940/1747	Avg reward: -14.15	Avg steps: 1663
2020-07-16 02:42:48,021	INFO	Total steps: 1112597	Episode: 960/1788	Avg reward: -14.55	Avg steps: 1719
2020-07-16 03:00:25,026	INFO	Total steps: 1151067	Episode: 980/1776	Avg reward: -12.35	Avg steps: 1922
2020-07-16 03:16:00,299	INFO	Total steps: 1185076	Episode: 1000/1066	Avg reward: -13.45	Avg steps: 1699
2020-07-16 03:33:37,294	INFO	Total steps: 1223516	Episode: 1020/2030	Avg reward: -12.60	Avg steps: 1921
2020-07-16 03:51:02,381	INFO	Total steps: 1261726	Episode: 1040/2350	Avg reward: -13.40	Avg steps: 1909
2020-07-16 04:08:54,159	INFO	Total steps: 1300656	Episode: 1060/2373	Avg reward: -11.85	Avg steps: 1945
2020-07-16 04:27:53,177	INFO	Total steps: 1341945	Episode: 1080/1910	Avg reward: -11.20	Avg steps: 2063
2020-07-16 04:48:06,630	INFO	Total steps: 1386194	Episode: 1100/2288	Avg reward: -10.15	Avg steps: 2211
2020-07-16 05:06:25,014	INFO	Total steps: 1426356	Episode: 1120/1924	Avg reward: -12.45	Avg steps: 2007
2020-07-16 05:28:03,765	INFO	Total steps: 1473534	Episode: 1140/2793	Avg reward: -9.80	Avg steps: 2357
2020-07-16 05:49:35,381	INFO	Total steps: 1520731	Episode: 1160/2236	Avg reward: -9.75	Avg steps: 2358
2020-07-16 06:07:52,009	INFO	Total steps: 1561043	Episode: 1180/3182	Avg reward: -12.60	Avg steps: 2014
2020-07-16 06:28:38,412	INFO	Total steps: 1606832	Episode: 1200/2616	Avg reward: -10.15	Avg steps: 2288
2020-07-16 06:52:41,072	INFO	Total steps: 1659813	Episode: 1220/2073	Avg reward: -8.85	Avg steps: 2648
2020-07-16 07:18:39,954	INFO	Total steps: 1717240	Episode: 1240/2620	Avg reward: -6.35	Avg steps: 2870
2020-07-16 07:43:32,676	INFO	Total steps: 1771764	Episode: 1260/3258	Avg reward: -8.85	Avg steps: 2725
2020-07-16 08:09:22,540	INFO	Total steps: 1828332	Episode: 1280/3687	Avg reward: -6.50	Avg steps: 2827
2020-07-16 08:36:46,873	INFO	Total steps: 1887641	Episode: 1300/2500	Avg reward: -8.30	Avg steps: 2964
2020-07-16 09:01:26,855	INFO	Total steps: 1940968	Episode: 1320/2063	Avg reward: -7.80	Avg steps: 2665
2020-07-16 09:23:15,739	INFO	Total steps: 1988492	Episode: 1340/2527	Avg reward: -9.25	Avg steps: 2375
2020-07-16 09:51:41,565	INFO	Total steps: 2050114	Episode: 1360/2297	Avg reward: -5.95	Avg steps: 3080
2020-07-16 10:20:30,602	INFO	Total steps: 2112858	Episode: 1380/2953	Avg reward: -6.60	Avg steps: 3136
2020-07-16 10:49:40,124	INFO	Total steps: 2176453	Episode: 1400/3792	Avg reward: -5.00	Avg steps: 3178
2020-07-16 11:16:19,206	INFO	Total steps: 2234826	Episode: 1420/3658	Avg reward: -5.75	Avg steps: 2917
2020-07-16 11:42:23,977	INFO	Total steps: 2291765	Episode: 1440/2760	Avg reward: -6.00	Avg steps: 2845
2020-07-16 12:11:07,564	INFO	Total steps: 2354486	Episode: 1460/3288	Avg reward: -4.45	Avg steps: 3135
2020-07-16 12:37:33,156	INFO	Total steps: 2412245	Episode: 1480/2280	Avg reward: -6.90	Avg steps: 2886
2020-07-16 13:02:47,614	INFO	Total steps: 2467793	Episode: 1500/2129	Avg reward: -6.00	Avg steps: 2776
2020-07-16 13:32:29,300	INFO	Total steps: 2532631	Episode: 1520/3473	Avg reward: -2.80	Avg steps: 3240
2020-07-16 14:01:45,098	INFO	Total steps: 2596021	Episode: 1540/2912	Avg reward: -3.90	Avg steps: 3168
2020-07-16 14:30:17,130	INFO	Total steps: 2657533	Episode: 1560/2348	Avg reward: -4.20	Avg steps: 3074
2020-07-16 15:01:00,250	INFO	Total steps: 2722907	Episode: 1580/2790	Avg reward: -2.20	Avg steps: 3267
2020-07-16 15:31:04,346	INFO	Total steps: 2787081	Episode: 1600/4446	Avg reward: -1.60	Avg steps: 3207
2020-07-16 16:00:45,833	INFO	Total steps: 2850414	Episode: 1620/2963	Avg reward: -2.10	Avg steps: 3165
2020-07-16 16:31:26,609	INFO	Total steps: 2916168	Episode: 1640/3685	Avg reward: -1.50	Avg steps: 3286
2020-07-16 17:02:54,103	INFO	Total steps: 2983931	Episode: 1660/3324	Avg reward: -1.60	Avg steps: 3387
2020-07-16 17:36:46,949	INFO	Total steps: 3057478	Episode: 1680/3235	Avg reward: -0.15	Avg steps: 3676
2020-07-16 18:09:04,779	INFO	Total steps: 3128572	Episode: 1700/3918	Avg reward: -0.05	Avg steps: 3553
2020-07-16 18:38:30,027	INFO	Total steps: 3192735	Episode: 1720/3100	Avg reward: -0.85	Avg steps: 3207
2020-07-16 19:10:02,273	INFO	Total steps: 3261965	Episode: 1740/4963	Avg reward: -0.70	Avg steps: 3460
2020-07-16 19:42:20,434	INFO	Total steps: 3332253	Episode: 1760/4286	Avg reward: 2.40	Avg steps: 3513
2020-07-16 20:14:09,821	INFO	Total steps: 3400962	Episode: 1780/3335	Avg reward: 2.35	Avg steps: 3434
2020-07-16 20:43:57,263	INFO	Total steps: 3464887	Episode: 1800/4055	Avg reward: 1.90	Avg steps: 3195
2020-07-16 21:13:46,764	INFO	Total steps: 3529082	Episode: 1820/3539	Avg reward: 1.20	Avg steps: 3208
2020-07-16 21:48:56,335	INFO	Total steps: 3604814	Episode: 1840/2855	Avg reward: 3.45	Avg steps: 3785
2020-07-16 22:21:17,248	INFO	Total steps: 3674668	Episode: 1860/3696	Avg reward: 0.90	Avg steps: 3491
2020-07-16 22:53:59,239	INFO	Total steps: 3744902	Episode: 1880/3004	Avg reward: -0.25	Avg steps: 3510
2020-07-16 23:26:55,266	INFO	Total steps: 3815832	Episode: 1900/3665	Avg reward: 2.30	Avg steps: 3545
2020-07-16 23:57:12,751	INFO	Total steps: 3880805	Episode: 1920/3263	Avg reward: 4.10	Avg steps: 3247
2020-07-17 00:29:18,180	INFO	Total steps: 3949537	Episode: 1940/3891	Avg reward: 0.65	Avg steps: 3435
2020-07-17 01:03:42,217	INFO	Total steps: 4022836	Episode: 1960/3495	Avg reward: 1.70	Avg steps: 3663
2020-07-17 01:37:36,059	INFO	Total steps: 4094526	Episode: 1980/3541	Avg reward: 2.10	Avg steps: 3583
2020-07-17 02:07:28,757	INFO	Total steps: 4158030	Episode: 2000/2389	Avg reward: -2.70	Avg steps: 3174
2020-07-17 02:41:15,793	INFO	Total steps: 4230113	Episode: 2020/4771	Avg reward: 0.55	Avg steps: 3603
2020-07-17 03:14:48,365	INFO	Total steps: 4302293	Episode: 2040/3633	Avg reward: 3.85	Avg steps: 3608
2020-07-17 03:48:05,041	INFO	Total steps: 4373896	Episode: 2060/3787	Avg reward: 3.35	Avg steps: 3579
2020-07-17 04:19:38,045	INFO	Total steps: 4441415	Episode: 2080/3122	Avg reward: 6.10	Avg steps: 3374
2020-07-17 04:49:23,545	INFO	Total steps: 4505386	Episode: 2100/2580	Avg reward: 3.35	Avg steps: 3197
2020-07-17 05:22:56,639	INFO	Total steps: 4577466	Episode: 2120/4834	Avg reward: 4.00	Avg steps: 3603
2020-07-17 05:59:27,378	INFO	Total steps: 4656021	Episode: 2140/4171	Avg reward: 4.50	Avg steps: 3926
2020-07-17 06:32:49,872	INFO	Total steps: 4727700	Episode: 2160/4301	Avg reward: 6.20	Avg steps: 3582
2020-07-17 07:05:25,271	INFO	Total steps: 4797874	Episode: 2180/2543	Avg reward: 1.45	Avg steps: 3507
2020-07-17 07:40:20,788	INFO	Total steps: 4872464	Episode: 2200/4048	Avg reward: 3.90	Avg steps: 3728
2020-07-17 08:17:30,106	INFO	Total steps: 4951017	Episode: 2220/3547	Avg reward: 4.30	Avg steps: 3926
2020-07-17 08:50:28,864	INFO	Total steps: 5022327	Episode: 2240/3014	Avg reward: 4.25	Avg steps: 3564
2020-07-17 09:24:12,342	INFO	Total steps: 5094334	Episode: 2260/4081	Avg reward: 6.50	Avg steps: 3599
2020-07-17 09:56:28,850	INFO	Total steps: 5163800	Episode: 2280/2674	Avg reward: 7.15	Avg steps: 3472
2020-07-17 10:28:10,713	INFO	Total steps: 5231876	Episode: 2300/3681	Avg reward: 3.90	Avg steps: 3402
2020-07-17 10:59:16,600	INFO	Total steps: 5298604	Episode: 2320/3365	Avg reward: 7.55	Avg steps: 3335
2020-07-17 11:31:17,424	INFO	Total steps: 5367603	Episode: 2340/3669	Avg reward: 4.40	Avg steps: 3448
2020-07-17 12:03:46,241	INFO	Total steps: 5437390	Episode: 2360/4161	Avg reward: 5.55	Avg steps: 3488
2020-07-17 12:36:41,757	INFO	Total steps: 5508145	Episode: 2380/3395	Avg reward: 3.95	Avg steps: 3536
2020-07-17 13:09:10,432	INFO	Total steps: 5578249	Episode: 2400/4636	Avg reward: 3.05	Avg steps: 3504
2020-07-17 13:40:11,991	INFO	Total steps: 5645010	Episode: 2420/3482	Avg reward: 4.25	Avg steps: 3337
2020-07-17 14:12:55,222	INFO	Total steps: 5715282	Episode: 2440/3412	Avg reward: 8.05	Avg steps: 3512
2020-07-17 14:48:55,080	INFO	Total steps: 5792027	Episode: 2460/2730	Avg reward: 5.25	Avg steps: 3836
2020-07-17 15:21:57,792	INFO	Total steps: 5863167	Episode: 2480/3253	Avg reward: 8.10	Avg steps: 3556
2020-07-17 15:56:05,533	INFO	Total steps: 5935846	Episode: 2500/5317	Avg reward: 5.35	Avg steps: 3632
2020-07-17 16:26:46,747	INFO	Total steps: 6005814	Episode: 2520/2979	Avg reward: 6.85	Avg steps: 3497
2020-07-17 16:53:34,487	INFO	Total steps: 6075567	Episode: 2540/4876	Avg reward: 8.45	Avg steps: 3486
2020-07-17 17:21:50,937	INFO	Total steps: 6147252	Episode: 2560/2004	Avg reward: 6.95	Avg steps: 3583
2020-07-17 17:44:56,661	INFO	Total steps: 6207759	Episode: 2580/2386	Avg reward: 8.55	Avg steps: 3024
2020-07-17 18:09:07,899	INFO	Total steps: 6270795	Episode: 2600/1914	Avg reward: 7.45	Avg steps: 3150
2020-07-17 18:35:37,518	INFO	Total steps: 6341838	Episode: 2620/3467	Avg reward: 5.10	Avg steps: 3551
2020-07-17 19:05:02,930	INFO	Total steps: 6419739	Episode: 2640/3646	Avg reward: 4.05	Avg steps: 3894
2020-07-17 19:33:38,106	INFO	Total steps: 6494817	Episode: 2660/4816	Avg reward: 8.20	Avg steps: 3752
2020-07-17 19:58:04,433	INFO	Total steps: 6558934	Episode: 2680/3174	Avg reward: 9.50	Avg steps: 3204
2020-07-17 20:23:27,370	INFO	Total steps: 6627501	Episode: 2700/4844	Avg reward: 6.65	Avg steps: 3427
2020-07-17 20:51:51,279	INFO	Total steps: 6701382	Episode: 2720/4343	Avg reward: 8.20	Avg steps: 3693
2020-07-17 21:21:41,593	INFO	Total steps: 6779739	Episode: 2740/3969	Avg reward: 7.65	Avg steps: 3916
2020-07-17 21:47:40,789	INFO	Total steps: 6847950	Episode: 2760/2768	Avg reward: 8.55	Avg steps: 3409
2020-07-17 22:13:59,943	INFO	Total steps: 6921488	Episode: 2780/3662	Avg reward: 8.30	Avg steps: 3675
2020-07-17 22:34:25,577	INFO	Total steps: 6991877	Episode: 2800/2577	Avg reward: 6.90	Avg steps: 3518
2020-07-17 22:57:09,762	INFO	Total steps: 7070631	Episode: 2820/2829	Avg reward: 5.35	Avg steps: 3936
2020-07-17 23:16:45,288	INFO	Total steps: 7139339	Episode: 2840/4709	Avg reward: 7.05	Avg steps: 3434
2020-07-17 23:37:38,776	INFO	Total steps: 7211076	Episode: 2860/2982	Avg reward: 9.50	Avg steps: 3585
2020-07-17 23:56:48,737	INFO	Total steps: 7277336	Episode: 2880/3187	Avg reward: 8.90	Avg steps: 3312
2020-07-18 00:16:41,676	INFO	Total steps: 7345754	Episode: 2900/3379	Avg reward: 7.10	Avg steps: 3419
2020-07-18 00:36:04,962	INFO	Total steps: 7412163	Episode: 2920/3834	Avg reward: 8.85	Avg steps: 3319
2020-07-18 00:58:24,015	INFO	Total steps: 7489548	Episode: 2940/5031	Avg reward: 9.40	Avg steps: 3868
2020-07-18 01:21:04,507	INFO	Total steps: 7568009	Episode: 2960/4063	Avg reward: 8.00	Avg steps: 3922
2020-07-18 01:40:41,324	INFO	Total steps: 7635287	Episode: 2980/3241	Avg reward: 8.00	Avg steps: 3362
2020-07-18 02:00:42,366	INFO	Total steps: 7704164	Episode: 3000/3327	Avg reward: 8.30	Avg steps: 3442
2020-07-18 02:20:48,246	INFO	Total steps: 7773338	Episode: 3020/3070	Avg reward: 7.75	Avg steps: 3457
2020-07-18 02:41:26,905	INFO	Total steps: 7844199	Episode: 3040/2567	Avg reward: 8.85	Avg steps: 3542
2020-07-18 03:01:53,674	INFO	Total steps: 7914737	Episode: 3060/2387	Avg reward: 6.85	Avg steps: 3525
2020-07-18 03:23:50,209	INFO	Total steps: 7990275	Episode: 3080/3355	Avg reward: 6.75	Avg steps: 3775
2020-07-18 03:42:14,175	INFO	Total steps: 8053882	Episode: 3100/4023	Avg reward: 7.45	Avg steps: 3179
2020-07-18 04:05:53,524	INFO	Total steps: 8134873	Episode: 3120/4159	Avg reward: 7.10	Avg steps: 4048
2020-07-18 04:26:34,417	INFO	Total steps: 8205674	Episode: 3140/4058	Avg reward: 7.80	Avg steps: 3539
2020-07-18 04:47:41,613	INFO	Total steps: 8277738	Episode: 3160/4087	Avg reward: 6.90	Avg steps: 3602
2020-07-18 05:09:59,918	INFO	Total steps: 8353418	Episode: 3180/4288	Avg reward: 6.85	Avg steps: 3783
2020-07-18 05:30:17,284	INFO	Total steps: 8422302	Episode: 3200/4010	Avg reward: 9.55	Avg steps: 3443
2020-07-18 05:52:43,259	INFO	Total steps: 8498916	Episode: 3220/3307	Avg reward: 7.90	Avg steps: 3829
2020-07-18 06:12:12,458	INFO	Total steps: 8566211	Episode: 3240/3255	Avg reward: 7.85	Avg steps: 3363
2020-07-18 06:31:15,431	INFO	Total steps: 8631983	Episode: 3260/2192	Avg reward: 8.10	Avg steps: 3287
2020-07-18 06:50:41,949	INFO	Total steps: 8699106	Episode: 3280/3438	Avg reward: 6.90	Avg steps: 3355
2020-07-18 07:11:01,925	INFO	Total steps: 8769343	Episode: 3300/2916	Avg reward: 6.05	Avg steps: 3510
2020-07-18 07:31:01,073	INFO	Total steps: 8838281	Episode: 3320/5615	Avg reward: 4.10	Avg steps: 3445
2020-07-18 07:49:49,204	INFO	Total steps: 8902918	Episode: 3340/2173	Avg reward: 9.05	Avg steps: 3230
2020-07-18 08:08:56,497	INFO	Total steps: 8969518	Episode: 3360/2333	Avg reward: 8.75	Avg steps: 3329
2020-07-18 08:26:58,061	INFO	Total steps: 9031962	Episode: 3380/3937	Avg reward: 8.80	Avg steps: 3121
2020-07-18 08:46:25,868	INFO	Total steps: 9098765	Episode: 3400/4007	Avg reward: 8.25	Avg steps: 3339
2020-07-18 09:07:16,576	INFO	Total steps: 9170684	Episode: 3420/2794	Avg reward: 5.10	Avg steps: 3594
2020-07-18 09:25:43,634	INFO	Total steps: 9234314	Episode: 3440/3380	Avg reward: 8.75	Avg steps: 3180
2020-07-18 09:43:34,604	INFO	Total steps: 9295848	Episode: 3460/2688	Avg reward: 8.45	Avg steps: 3075
2020-07-18 10:02:53,522	INFO	Total steps: 9361716	Episode: 3480/3238	Avg reward: 10.05	Avg steps: 3292
2020-07-18 10:20:56,774	INFO	Total steps: 9424099	Episode: 3500/2755	Avg reward: 8.85	Avg steps: 3118
2020-07-18 10:40:25,149	INFO	Total steps: 9491404	Episode: 3520/2556	Avg reward: 8.10	Avg steps: 3364
2020-07-18 10:58:02,909	INFO	Total steps: 9552442	Episode: 3540/4405	Avg reward: 9.20	Avg steps: 3050
2020-07-18 11:15:39,117	INFO	Total steps: 9613368	Episode: 3560/2301	Avg reward: 10.80	Avg steps: 3045
2020-07-18 11:34:48,396	INFO	Total steps: 9679816	Episode: 3580/3419	Avg reward: 7.40	Avg steps: 3321
2020-07-18 11:54:12,641	INFO	Total steps: 9746675	Episode: 3600/4592	Avg reward: 8.45	Avg steps: 3341
2020-07-18 12:10:53,591	INFO	Total steps: 9804128	Episode: 3620/3720	Avg reward: 9.15	Avg steps: 2871
2020-07-18 12:26:32,871	INFO	Total steps: 9857682	Episode: 3640/2286	Avg reward: 10.35	Avg steps: 2676
2020-07-18 12:46:18,626	INFO	Total steps: 9925816	Episode: 3660/3454	Avg reward: 6.15	Avg steps: 3405
2020-07-18 13:04:37,131	INFO	Total steps: 9989002	Episode: 3680/3948	Avg reward: 8.25	Avg steps: 3158
2020-07-18 13:23:22,252	INFO	Total steps: 10054545	Episode: 3700/4146	Avg reward: 8.40	Avg steps: 3276
2020-07-18 13:43:26,037	INFO	Total steps: 10124529	Episode: 3720/3380	Avg reward: 9.50	Avg steps: 3498
2020-07-18 14:02:18,094	INFO	Total steps: 10189777	Episode: 3740/3428	Avg reward: 9.05	Avg steps: 3261
2020-07-18 14:21:10,077	INFO	Total steps: 10255013	Episode: 3760/2093	Avg reward: 8.90	Avg steps: 3260
2020-07-18 14:37:37,453	INFO	Total steps: 10311965	Episode: 3780/2140	Avg reward: 10.25	Avg steps: 2846
2020-07-18 14:55:22,019	INFO	Total steps: 10373083	Episode: 3800/2431	Avg reward: 7.30	Avg steps: 3054
2020-07-18 15:14:59,230	INFO	Total steps: 10440611	Episode: 3820/3164	Avg reward: 8.30	Avg steps: 3375
2020-07-18 15:34:02,302	INFO	Total steps: 10506236	Episode: 3840/3737	Avg reward: 8.20	Avg steps: 3280
2020-07-18 15:52:25,589	INFO	Total steps: 10569284	Episode: 3860/3482	Avg reward: 8.55	Avg steps: 3151
2020-07-18 16:11:07,529	INFO	Total steps: 10633701	Episode: 3880/3857	Avg reward: 7.60	Avg steps: 3219
2020-07-18 16:28:52,311	INFO	Total steps: 10695692	Episode: 3900/3923	Avg reward: 8.90	Avg steps: 3098
2020-07-18 16:46:10,307	INFO	Total steps: 10755722	Episode: 3920/2180	Avg reward: 9.85	Avg steps: 3000
2020-07-18 17:02:29,931	INFO	Total steps: 10811679	Episode: 3940/2658	Avg reward: 11.20	Avg steps: 2796
2020-07-18 17:20:39,823	INFO	Total steps: 10873696	Episode: 3960/3827	Avg reward: 10.05	Avg steps: 3099
2020-07-18 17:38:22,862	INFO	Total steps: 10934940	Episode: 3980/3089	Avg reward: 10.05	Avg steps: 3061
2020-07-18 17:56:19,430	INFO	Total steps: 10997930	Episode: 4000/3964	Avg reward: 10.20	Avg steps: 3148
2020-07-21 20:19:49,047	INFO	--width 160 --height 160 --ball 1.0 --ball-size 2.0 --snell 1.4 --snell-width 80.0 --snell-change 0.0 --snell-visible none --paddle-speed 1.0 --paddle-angle 50.0 --paddle-length 20.0 --update-prob 0.5 --state binary --learning-rate 0.0001 --network dqn_pong_model --render False --epsdecay 1000 --episodes 4000 --replay 10000 --batch-size 32 --checkpoint dqn_pong_model --history history.p --store-dir ../experiments/paddle_angle.50.0-update_prob.0.5-snell.1.4 
2020-07-21 20:19:49,276	INFO	Device: cuda
2020-07-21 20:25:16,387	INFO	Total steps: 11828	Episode: 20/651	Avg reward: -19.55	Avg steps: 590
2020-07-21 20:31:18,482	INFO	Total steps: 24684	Episode: 40/842	Avg reward: -19.75	Avg steps: 641
2020-07-21 20:37:37,695	INFO	Total steps: 37107	Episode: 60/582	Avg reward: -19.70	Avg steps: 620
2020-07-21 20:44:34,911	INFO	Total steps: 50500	Episode: 80/764	Avg reward: -19.70	Avg steps: 668
2020-07-21 20:52:55,411	INFO	Total steps: 66622	Episode: 100/776	Avg reward: -19.50	Avg steps: 805
2020-07-21 20:59:13,386	INFO	Total steps: 78953	Episode: 120/833	Avg reward: -19.45	Avg steps: 615
2020-07-21 21:06:25,840	INFO	Total steps: 93852	Episode: 140/710	Avg reward: -19.55	Avg steps: 743
2020-07-21 21:13:07,234	INFO	Total steps: 107516	Episode: 160/646	Avg reward: -19.60	Avg steps: 682
2020-07-21 21:20:59,776	INFO	Total steps: 123393	Episode: 180/842	Avg reward: -19.55	Avg steps: 792
2020-07-21 21:28:35,705	INFO	Total steps: 139313	Episode: 200/582	Avg reward: -19.45	Avg steps: 795
2020-07-21 21:37:54,932	INFO	Total steps: 157215	Episode: 220/582	Avg reward: -19.55	Avg steps: 894
2020-07-21 21:47:39,166	INFO	Total steps: 175946	Episode: 240/714	Avg reward: -19.35	Avg steps: 935
2020-07-21 21:56:36,625	INFO	Total steps: 193505	Episode: 260/970	Avg reward: -19.10	Avg steps: 876
2020-07-21 22:04:17,716	INFO	Total steps: 208538	Episode: 280/584	Avg reward: -19.50	Avg steps: 750
2020-07-21 22:12:27,024	INFO	Total steps: 224739	Episode: 300/849	Avg reward: -19.65	Avg steps: 809
2020-07-21 22:20:47,651	INFO	Total steps: 240941	Episode: 320/970	Avg reward: -19.15	Avg steps: 809
2020-07-21 22:31:49,661	INFO	Total steps: 262361	Episode: 340/773	Avg reward: -19.25	Avg steps: 1070
2020-07-21 22:41:30,858	INFO	Total steps: 281264	Episode: 360/635	Avg reward: -19.15	Avg steps: 944
2020-07-21 22:52:24,770	INFO	Total steps: 302480	Episode: 380/2021	Avg reward: -19.10	Avg steps: 1059
2020-07-21 23:04:48,523	INFO	Total steps: 326699	Episode: 400/1487	Avg reward: -19.35	Avg steps: 1209
2020-07-21 23:15:42,851	INFO	Total steps: 347858	Episode: 420/827	Avg reward: -19.30	Avg steps: 1056
2020-07-21 23:27:27,522	INFO	Total steps: 371282	Episode: 440/850	Avg reward: -19.40	Avg steps: 1170
2020-07-21 23:41:33,361	INFO	Total steps: 399308	Episode: 460/1101	Avg reward: -18.75	Avg steps: 1400
2020-07-21 23:56:34,663	INFO	Total steps: 428621	Episode: 480/2148	Avg reward: -18.80	Avg steps: 1464
2020-07-22 00:11:31,028	INFO	Total steps: 459288	Episode: 500/1417	Avg reward: -19.10	Avg steps: 1532
2020-07-22 00:24:04,946	INFO	Total steps: 484929	Episode: 520/1480	Avg reward: -18.95	Avg steps: 1281
2020-07-22 00:38:38,755	INFO	Total steps: 513392	Episode: 540/1070	Avg reward: -18.75	Avg steps: 1422
2020-07-22 00:52:36,023	INFO	Total steps: 540373	Episode: 560/1487	Avg reward: -18.55	Avg steps: 1348
2020-07-22 01:06:05,817	INFO	Total steps: 566554	Episode: 580/2325	Avg reward: -18.75	Avg steps: 1308
2020-07-22 01:21:12,506	INFO	Total steps: 595791	Episode: 600/1861	Avg reward: -18.45	Avg steps: 1460
2020-07-22 01:35:12,209	INFO	Total steps: 622836	Episode: 620/1613	Avg reward: -18.50	Avg steps: 1351
2020-07-22 01:49:24,280	INFO	Total steps: 650361	Episode: 640/1023	Avg reward: -18.05	Avg steps: 1375
2020-07-22 02:03:38,006	INFO	Total steps: 677923	Episode: 660/1302	Avg reward: -18.35	Avg steps: 1377
2020-07-22 02:20:42,725	INFO	Total steps: 710812	Episode: 680/1839	Avg reward: -17.85	Avg steps: 1643
2020-07-22 02:37:00,291	INFO	Total steps: 742116	Episode: 700/1685	Avg reward: -18.50	Avg steps: 1564
2020-07-22 02:54:38,496	INFO	Total steps: 776116	Episode: 720/954	Avg reward: -17.55	Avg steps: 1699
2020-07-22 03:10:16,605	INFO	Total steps: 806209	Episode: 740/2656	Avg reward: -18.00	Avg steps: 1503
2020-07-22 03:25:52,172	INFO	Total steps: 836208	Episode: 760/1436	Avg reward: -18.30	Avg steps: 1498
2020-07-22 03:43:11,065	INFO	Total steps: 869644	Episode: 780/1498	Avg reward: -18.00	Avg steps: 1670
2020-07-22 04:01:25,389	INFO	Total steps: 904747	Episode: 800/1231	Avg reward: -18.80	Avg steps: 1754
2020-07-22 04:21:07,332	INFO	Total steps: 942719	Episode: 820/2080	Avg reward: -18.20	Avg steps: 1897
2020-07-22 04:41:08,085	INFO	Total steps: 981663	Episode: 840/1840	Avg reward: -17.55	Avg steps: 1946
2020-07-22 05:00:31,797	INFO	Total steps: 1019197	Episode: 860/1833	Avg reward: -17.10	Avg steps: 1875
2020-07-22 05:19:38,456	INFO	Total steps: 1056461	Episode: 880/2082	Avg reward: -17.05	Avg steps: 1862
2020-07-22 05:39:45,940	INFO	Total steps: 1095177	Episode: 900/2220	Avg reward: -17.45	Avg steps: 1934
2020-07-22 06:02:04,445	INFO	Total steps: 1137922	Episode: 920/1373	Avg reward: -17.60	Avg steps: 2136
2020-07-22 06:21:00,409	INFO	Total steps: 1174315	Episode: 940/1352	Avg reward: -17.60	Avg steps: 1818
2020-07-22 06:44:19,718	INFO	Total steps: 1219068	Episode: 960/1914	Avg reward: -16.30	Avg steps: 2236
2020-07-22 07:06:54,708	INFO	Total steps: 1262335	Episode: 980/2257	Avg reward: -16.30	Avg steps: 2162
2020-07-22 07:29:27,528	INFO	Total steps: 1305570	Episode: 1000/1693	Avg reward: -17.40	Avg steps: 2160
2020-07-22 07:55:22,589	INFO	Total steps: 1355038	Episode: 1020/1959	Avg reward: -17.45	Avg steps: 2472
2020-07-22 08:19:33,409	INFO	Total steps: 1401341	Episode: 1040/2566	Avg reward: -15.85	Avg steps: 2314
2020-07-22 08:41:31,817	INFO	Total steps: 1443311	Episode: 1060/2333	Avg reward: -16.25	Avg steps: 2097
2020-07-22 09:03:47,609	INFO	Total steps: 1485738	Episode: 1080/1787	Avg reward: -16.25	Avg steps: 2120
2020-07-22 09:30:36,346	INFO	Total steps: 1537370	Episode: 1100/2959	Avg reward: -17.00	Avg steps: 2580
2020-07-22 09:57:54,160	INFO	Total steps: 1589867	Episode: 1120/2462	Avg reward: -16.35	Avg steps: 2623
2020-07-22 10:24:14,561	INFO	Total steps: 1640595	Episode: 1140/2798	Avg reward: -15.25	Avg steps: 2535
2020-07-22 10:46:29,498	INFO	Total steps: 1683666	Episode: 1160/2132	Avg reward: -15.80	Avg steps: 2152
2020-07-22 11:11:06,190	INFO	Total steps: 1730973	Episode: 1180/2596	Avg reward: -14.45	Avg steps: 2364
2020-07-22 11:38:53,214	INFO	Total steps: 1784396	Episode: 1200/4156	Avg reward: -14.50	Avg steps: 2670
2020-07-22 12:06:04,451	INFO	Total steps: 1836473	Episode: 1220/2143	Avg reward: -13.65	Avg steps: 2602
2020-07-22 12:31:47,342	INFO	Total steps: 1885788	Episode: 1240/4405	Avg reward: -14.55	Avg steps: 2464
2020-07-22 12:57:11,558	INFO	Total steps: 1934565	Episode: 1260/3561	Avg reward: -15.20	Avg steps: 2437
2020-07-22 13:30:30,087	INFO	Total steps: 1998798	Episode: 1280/2388	Avg reward: -14.05	Avg steps: 3210
2020-07-22 14:02:41,988	INFO	Total steps: 2060954	Episode: 1300/2876	Avg reward: -14.50	Avg steps: 3106
2020-07-22 14:32:46,589	INFO	Total steps: 2119047	Episode: 1320/3628	Avg reward: -13.60	Avg steps: 2903
2020-07-22 15:10:37,560	INFO	Total steps: 2191991	Episode: 1340/8145	Avg reward: -15.80	Avg steps: 3646
2020-07-22 16:03:22,579	INFO	Total steps: 2293658	Episode: 1360/1807	Avg reward: -15.40	Avg steps: 5082
2020-07-22 16:48:59,250	INFO	Total steps: 2381197	Episode: 1380/4089	Avg reward: -16.60	Avg steps: 4375
2020-07-22 17:35:21,519	INFO	Total steps: 2470366	Episode: 1400/3358	Avg reward: -15.40	Avg steps: 4457
2020-07-22 18:12:12,185	INFO	Total steps: 2541088	Episode: 1420/3363	Avg reward: -15.95	Avg steps: 3535
2020-07-22 18:50:40,826	INFO	Total steps: 2615028	Episode: 1440/3271	Avg reward: -15.10	Avg steps: 3696
2020-07-22 19:30:36,267	INFO	Total steps: 2691907	Episode: 1460/4928	Avg reward: -15.60	Avg steps: 3842
2020-07-22 20:08:17,356	INFO	Total steps: 2764648	Episode: 1480/3165	Avg reward: -16.20	Avg steps: 3636
2020-07-22 20:45:12,108	INFO	Total steps: 2836342	Episode: 1500/6083	Avg reward: -16.15	Avg steps: 3583
2020-07-22 21:26:06,725	INFO	Total steps: 2915636	Episode: 1520/2473	Avg reward: -15.55	Avg steps: 3963
2020-07-22 21:56:07,450	INFO	Total steps: 2973809	Episode: 1540/2278	Avg reward: -16.40	Avg steps: 2907
2020-07-22 22:32:22,397	INFO	Total steps: 3044103	Episode: 1560/3353	Avg reward: -15.15	Avg steps: 3513
2020-07-22 23:11:22,580	INFO	Total steps: 3119425	Episode: 1580/2315	Avg reward: -14.00	Avg steps: 3765
2020-07-22 23:53:38,434	INFO	Total steps: 3201075	Episode: 1600/3736	Avg reward: -13.75	Avg steps: 4081
2020-07-23 00:30:58,180	INFO	Total steps: 3273372	Episode: 1620/3711	Avg reward: -13.55	Avg steps: 3613
2020-07-23 01:08:21,652	INFO	Total steps: 3345664	Episode: 1640/2592	Avg reward: -14.65	Avg steps: 3613
2020-07-23 01:49:34,461	INFO	Total steps: 3424131	Episode: 1660/5229	Avg reward: -13.65	Avg steps: 3922
2020-07-23 02:42:41,715	INFO	Total steps: 3525140	Episode: 1680/2183	Avg reward: -14.75	Avg steps: 5049
2020-07-23 03:23:11,491	INFO	Total steps: 3602385	Episode: 1700/5985	Avg reward: -14.80	Avg steps: 3861
2020-07-23 04:08:19,079	INFO	Total steps: 3688524	Episode: 1720/2189	Avg reward: -14.35	Avg steps: 4305
2020-07-23 04:45:13,173	INFO	Total steps: 3759101	Episode: 1740/4934	Avg reward: -14.20	Avg steps: 3527
2020-07-23 05:24:42,367	INFO	Total steps: 3834526	Episode: 1760/3749	Avg reward: -14.90	Avg steps: 3770
2020-07-23 06:19:08,660	INFO	Total steps: 3938754	Episode: 1780/2900	Avg reward: -12.30	Avg steps: 5210
2020-07-23 07:03:24,179	INFO	Total steps: 4023708	Episode: 1800/3059	Avg reward: -12.55	Avg steps: 4246
2020-07-23 08:08:41,922	INFO	Total steps: 4148126	Episode: 1820/6588	Avg reward: -12.05	Avg steps: 6219
2020-07-23 08:57:00,420	INFO	Total steps: 4239440	Episode: 1840/5371	Avg reward: -14.70	Avg steps: 4564
2020-07-23 09:51:25,631	INFO	Total steps: 4342585	Episode: 1860/6281	Avg reward: -13.70	Avg steps: 5156
2020-07-23 10:46:11,844	INFO	Total steps: 4446295	Episode: 1880/2731	Avg reward: -13.85	Avg steps: 5184
2020-07-23 11:41:08,149	INFO	Total steps: 4550302	Episode: 1900/5528	Avg reward: -13.05	Avg steps: 5199
2020-07-23 12:43:49,605	INFO	Total steps: 4669228	Episode: 1920/7174	Avg reward: -13.60	Avg steps: 5945
2020-07-23 13:38:48,455	INFO	Total steps: 4773381	Episode: 1940/8106	Avg reward: -14.30	Avg steps: 5206
2020-07-23 14:28:07,020	INFO	Total steps: 4867049	Episode: 1960/5068	Avg reward: -13.85	Avg steps: 4682
2020-07-23 15:29:34,788	INFO	Total steps: 4983086	Episode: 1980/5912	Avg reward: -14.75	Avg steps: 5800
2020-07-23 16:27:21,483	INFO	Total steps: 5091590	Episode: 2000/4773	Avg reward: -13.55	Avg steps: 5424
2020-07-23 17:18:50,398	INFO	Total steps: 5188146	Episode: 2020/6742	Avg reward: -12.15	Avg steps: 4826
2020-07-23 18:07:26,542	INFO	Total steps: 5279364	Episode: 2040/4291	Avg reward: -11.05	Avg steps: 4559
2020-07-23 18:58:06,903	INFO	Total steps: 5374529	Episode: 2060/4183	Avg reward: -12.70	Avg steps: 4757
2020-07-23 19:58:19,446	INFO	Total steps: 5487740	Episode: 2080/2997	Avg reward: -14.10	Avg steps: 5659
2020-07-23 21:14:55,228	INFO	Total steps: 5631634	Episode: 2100/11040	Avg reward: -15.25	Avg steps: 7193
2020-07-23 22:27:38,385	INFO	Total steps: 5768133	Episode: 2120/11376	Avg reward: -15.00	Avg steps: 6823
2020-07-23 23:45:58,644	INFO	Total steps: 5915386	Episode: 2140/6845	Avg reward: -13.95	Avg steps: 7361
2020-07-24 00:56:07,950	INFO	Total steps: 6047265	Episode: 2160/7486	Avg reward: -13.65	Avg steps: 6592
2020-07-24 02:13:05,356	INFO	Total steps: 6192824	Episode: 2180/10455	Avg reward: -14.85	Avg steps: 7276
2020-07-24 03:18:52,309	INFO	Total steps: 6317487	Episode: 2200/5514	Avg reward: -12.60	Avg steps: 6232
2020-07-24 04:16:30,022	INFO	Total steps: 6426617	Episode: 2220/3314	Avg reward: -13.85	Avg steps: 5455
2020-07-24 05:05:45,207	INFO	Total steps: 6519696	Episode: 2240/5991	Avg reward: -15.90	Avg steps: 4652
2020-07-24 06:20:13,159	INFO	Total steps: 6660758	Episode: 2260/6289	Avg reward: -14.00	Avg steps: 7052
2020-07-24 07:41:41,481	INFO	Total steps: 6817114	Episode: 2280/10238	Avg reward: -13.75	Avg steps: 7816
2020-07-24 08:51:12,531	INFO	Total steps: 6949662	Episode: 2300/5564	Avg reward: -15.50	Avg steps: 6626
2020-07-24 09:52:07,075	INFO	Total steps: 7066161	Episode: 2320/4226	Avg reward: -14.50	Avg steps: 5823
2020-07-24 11:15:51,601	INFO	Total steps: 7225968	Episode: 2340/6600	Avg reward: -14.40	Avg steps: 7989
2020-07-24 12:43:12,038	INFO	Total steps: 7393585	Episode: 2360/9355	Avg reward: -13.95	Avg steps: 8379
2020-07-24 13:39:17,158	INFO	Total steps: 7523952	Episode: 2380/2285	Avg reward: -16.00	Avg steps: 6517
2020-07-24 14:46:59,732	INFO	Total steps: 7681479	Episode: 2400/5014	Avg reward: -13.90	Avg steps: 7875
2020-07-24 15:49:40,816	INFO	Total steps: 7827182	Episode: 2420/5840	Avg reward: -13.30	Avg steps: 7284
2020-07-24 16:41:41,115	INFO	Total steps: 7948036	Episode: 2440/3735	Avg reward: -13.20	Avg steps: 6041
2020-07-24 17:57:19,614	INFO	Total steps: 8123347	Episode: 2460/3935	Avg reward: -12.35	Avg steps: 8764
2020-07-24 18:53:12,747	INFO	Total steps: 8253255	Episode: 2480/4452	Avg reward: -13.00	Avg steps: 6494
2020-07-24 19:45:41,968	INFO	Total steps: 8375567	Episode: 2500/4841	Avg reward: -11.65	Avg steps: 6114
2020-07-24 20:36:56,380	INFO	Total steps: 8495116	Episode: 2520/4006	Avg reward: -13.40	Avg steps: 5976
2020-07-24 21:23:15,130	INFO	Total steps: 8602541	Episode: 2540/5271	Avg reward: -12.75	Avg steps: 5370
2020-07-24 22:11:50,064	INFO	Total steps: 8715447	Episode: 2560/3962	Avg reward: -12.95	Avg steps: 5644
2020-07-24 23:00:28,259	INFO	Total steps: 8828944	Episode: 2580/2998	Avg reward: -13.20	Avg steps: 5673
2020-07-24 23:41:54,341	INFO	Total steps: 8928465	Episode: 2600/5600	Avg reward: -14.00	Avg steps: 4975
2020-07-25 00:32:41,176	INFO	Total steps: 9050757	Episode: 2620/6638	Avg reward: -13.55	Avg steps: 6113
2020-07-25 01:20:38,895	INFO	Total steps: 9167142	Episode: 2640/7302	Avg reward: -14.00	Avg steps: 5818
2020-07-25 02:02:30,262	INFO	Total steps: 9268607	Episode: 2660/6566	Avg reward: -15.10	Avg steps: 5072
2020-07-25 02:44:24,512	INFO	Total steps: 9370290	Episode: 2680/5357	Avg reward: -14.05	Avg steps: 5083
2020-07-25 03:32:37,253	INFO	Total steps: 9487551	Episode: 2700/6599	Avg reward: -13.30	Avg steps: 5862
2020-07-25 04:13:41,337	INFO	Total steps: 9587287	Episode: 2720/5493	Avg reward: -14.85	Avg steps: 4985
2020-07-25 04:56:35,360	INFO	Total steps: 9691577	Episode: 2740/6625	Avg reward: -14.75	Avg steps: 5213
2020-07-25 05:40:00,770	INFO	Total steps: 9796766	Episode: 2760/4518	Avg reward: -14.85	Avg steps: 5258
2020-07-25 06:25:00,684	INFO	Total steps: 9904344	Episode: 2780/3979	Avg reward: -15.25	Avg steps: 5377
2020-07-25 07:08:52,659	INFO	Total steps: 10009030	Episode: 2800/3151	Avg reward: -13.55	Avg steps: 5233
2020-07-25 07:55:09,563	INFO	Total steps: 10120807	Episode: 2820/4256	Avg reward: -14.05	Avg steps: 5587
2020-07-25 08:37:57,370	INFO	Total steps: 10225470	Episode: 2840/4070	Avg reward: -13.25	Avg steps: 5232
2020-07-25 09:23:59,830	INFO	Total steps: 10338916	Episode: 2860/5703	Avg reward: -13.90	Avg steps: 5671
2020-07-25 10:15:00,635	INFO	Total steps: 10464082	Episode: 2880/3340	Avg reward: -13.35	Avg steps: 6257
2020-07-25 11:10:00,801	INFO	Total steps: 10599871	Episode: 2900/4223	Avg reward: -12.70	Avg steps: 6788
2020-07-25 11:53:37,711	INFO	Total steps: 10707430	Episode: 2920/5919	Avg reward: -13.45	Avg steps: 5376
2020-07-25 12:42:36,258	INFO	Total steps: 10827869	Episode: 2940/7288	Avg reward: -13.45	Avg steps: 6020
2020-07-25 13:35:53,393	INFO	Total steps: 10958594	Episode: 2960/7918	Avg reward: -13.00	Avg steps: 6535
2020-07-25 14:43:42,007	INFO	Total steps: 11126703	Episode: 2980/9688	Avg reward: -12.45	Avg steps: 8404
2020-07-25 15:25:41,224	INFO	Total steps: 11230570	Episode: 3000/4046	Avg reward: -14.40	Avg steps: 5192
2020-07-25 16:07:35,408	INFO	Total steps: 11333521	Episode: 3020/3839	Avg reward: -12.75	Avg steps: 5146
2020-07-25 16:48:14,597	INFO	Total steps: 11433506	Episode: 3040/2228	Avg reward: -13.55	Avg steps: 4998
2020-07-25 17:35:54,789	INFO	Total steps: 11550251	Episode: 3060/4960	Avg reward: -14.65	Avg steps: 5836
2020-07-25 18:20:41,964	INFO	Total steps: 11660538	Episode: 3080/1359	Avg reward: -14.45	Avg steps: 5513
2020-07-25 19:14:27,299	INFO	Total steps: 11792356	Episode: 3100/5787	Avg reward: -13.70	Avg steps: 6589
2020-07-25 19:59:27,961	INFO	Total steps: 11900664	Episode: 3120/2013	Avg reward: -14.05	Avg steps: 5414
2020-07-25 20:52:54,005	INFO	Total steps: 12028872	Episode: 3140/8207	Avg reward: -14.10	Avg steps: 6409
2020-07-25 21:45:21,456	INFO	Total steps: 12156191	Episode: 3160/9617	Avg reward: -13.60	Avg steps: 6364
2020-07-25 22:35:26,922	INFO	Total steps: 12279088	Episode: 3180/6448	Avg reward: -13.10	Avg steps: 6143
2020-07-25 23:28:52,271	INFO	Total steps: 12409152	Episode: 3200/8320	Avg reward: -13.70	Avg steps: 6502
2020-07-26 00:34:28,962	INFO	Total steps: 12566191	Episode: 3220/9963	Avg reward: -11.75	Avg steps: 7850
2020-07-26 01:52:43,275	INFO	Total steps: 12753540	Episode: 3240/8611	Avg reward: -13.05	Avg steps: 9366
2020-07-26 03:09:37,471	INFO	Total steps: 12938593	Episode: 3260/7264	Avg reward: -13.75	Avg steps: 9251
2020-07-26 04:13:21,327	INFO	Total steps: 13090575	Episode: 3280/10688	Avg reward: -16.00	Avg steps: 7598
2020-07-26 05:00:44,629	INFO	Total steps: 13203350	Episode: 3300/2661	Avg reward: -15.90	Avg steps: 5637
2020-07-26 05:26:19,993	INFO	Total steps: 13264993	Episode: 3320/3476	Avg reward: -17.15	Avg steps: 3081
2020-07-26 05:51:31,168	INFO	Total steps: 13326266	Episode: 3340/1629	Avg reward: -16.60	Avg steps: 3062
2020-07-26 06:16:22,778	INFO	Total steps: 13386287	Episode: 3360/4761	Avg reward: -16.45	Avg steps: 3000
2020-07-26 06:45:34,065	INFO	Total steps: 13456538	Episode: 3380/4251	Avg reward: -16.45	Avg steps: 3511
2020-07-26 07:13:54,914	INFO	Total steps: 13528069	Episode: 3400/4408	Avg reward: -17.60	Avg steps: 3575
2020-07-26 07:43:29,248	INFO	Total steps: 13607402	Episode: 3420/5685	Avg reward: -17.10	Avg steps: 3965
2020-07-26 08:23:33,407	INFO	Total steps: 13713988	Episode: 3440/5108	Avg reward: -16.90	Avg steps: 5328
2020-07-26 09:05:26,059	INFO	Total steps: 13826153	Episode: 3460/2301	Avg reward: -15.90	Avg steps: 5607
2020-07-26 09:51:40,553	INFO	Total steps: 13948048	Episode: 3480/5161	Avg reward: -15.60	Avg steps: 6093
2020-07-26 10:46:02,180	INFO	Total steps: 14099294	Episode: 3500/6360	Avg reward: -15.15	Avg steps: 7561
2020-07-26 11:35:59,063	INFO	Total steps: 14247201	Episode: 3520/14171	Avg reward: -15.45	Avg steps: 7394
2020-07-26 12:28:33,282	INFO	Total steps: 14403708	Episode: 3540/14226	Avg reward: -15.55	Avg steps: 7824
2020-07-26 13:25:00,291	INFO	Total steps: 14571269	Episode: 3560/4954	Avg reward: -14.75	Avg steps: 8377
2020-07-26 14:18:23,771	INFO	Total steps: 14729045	Episode: 3580/10505	Avg reward: -14.95	Avg steps: 7887
2020-07-26 14:54:32,565	INFO	Total steps: 14835929	Episode: 3600/6868	Avg reward: -17.25	Avg steps: 5343
2020-07-26 15:31:02,481	INFO	Total steps: 14943495	Episode: 3620/6098	Avg reward: -17.10	Avg steps: 5377
2020-07-26 16:17:55,252	INFO	Total steps: 15082626	Episode: 3640/6455	Avg reward: -16.00	Avg steps: 6955
2020-07-26 16:57:56,441	INFO	Total steps: 15201431	Episode: 3660/6643	Avg reward: -16.90	Avg steps: 5939
2020-07-26 17:37:13,770	INFO	Total steps: 15318403	Episode: 3680/5843	Avg reward: -16.90	Avg steps: 5847
2020-07-26 18:14:00,079	INFO	Total steps: 15427874	Episode: 3700/8996	Avg reward: -16.60	Avg steps: 5472
2020-07-26 18:57:38,271	INFO	Total steps: 15557026	Episode: 3720/3585	Avg reward: -15.40	Avg steps: 6456
2020-07-26 19:32:55,887	INFO	Total steps: 15661444	Episode: 3740/5039	Avg reward: -16.80	Avg steps: 5219
2020-07-26 20:19:37,068	INFO	Total steps: 15799711	Episode: 3760/11472	Avg reward: -15.65	Avg steps: 6912
2020-07-26 21:07:55,734	INFO	Total steps: 15943581	Episode: 3780/4992	Avg reward: -15.25	Avg steps: 7192
2020-07-26 22:00:14,748	INFO	Total steps: 16103868	Episode: 3800/6566	Avg reward: -16.00	Avg steps: 8013
2020-07-26 23:00:00,743	INFO	Total steps: 16265599	Episode: 3820/8821	Avg reward: -15.35	Avg steps: 8085
2020-07-26 23:54:37,172	INFO	Total steps: 16413145	Episode: 3840/8096	Avg reward: -14.95	Avg steps: 7376
2020-07-27 00:44:08,169	INFO	Total steps: 16547251	Episode: 3860/8389	Avg reward: -15.15	Avg steps: 6704
2020-07-27 01:40:49,379	INFO	Total steps: 16700861	Episode: 3880/13856	Avg reward: -15.10	Avg steps: 7679
2020-07-27 02:21:42,648	INFO	Total steps: 16812793	Episode: 3900/7970	Avg reward: -16.60	Avg steps: 5595
2020-07-27 03:14:16,418	INFO	Total steps: 16955135	Episode: 3920/3604	Avg reward: -15.45	Avg steps: 7116
2020-07-27 04:14:27,126	INFO	Total steps: 17117784	Episode: 3940/3372	Avg reward: -15.40	Avg steps: 8131
2020-07-27 05:03:05,528	INFO	Total steps: 17249225	Episode: 3960/5565	Avg reward: -15.15	Avg steps: 6571
2020-07-27 05:45:14,432	INFO	Total steps: 17362985	Episode: 3980/6712	Avg reward: -15.90	Avg steps: 5687
2020-07-27 06:25:03,168	INFO	Total steps: 17470823	Episode: 4000/7413	Avg reward: -15.80	Avg steps: 5390
