2020-06-23 16:57:44,429	INFO	--width 160 --height 160 --ball 3.0 --snell 3.0 --ps 3.0 --paddle-speed 3.0 --pa 89.0 --paddle-angle 89.0 --pl 45 --paddle-length 45 --lr 0.0001 --learning-rate 0.0001 --network dqn_pong_model --pretrain False --render False --update-prob 0.4 --episodes 4000 --checkpoint dqn_pong_model --history history.p --store-dir ../experiments/19 
2020-06-23 16:58:03,401	INFO	Total steps: 7967	Episode: 20/320	Avg reward: -18.60	Avg steps: 397
2020-06-23 16:59:22,558	INFO	Total steps: 15635	Episode: 40/283	Avg reward: -18.80	Avg steps: 382
2020-06-23 17:01:20,448	INFO	Total steps: 24196	Episode: 60/400	Avg reward: -18.70	Avg steps: 427
2020-06-23 17:03:11,223	INFO	Total steps: 32022	Episode: 80/328	Avg reward: -18.70	Avg steps: 390
2020-06-23 17:05:08,739	INFO	Total steps: 40434	Episode: 100/468	Avg reward: -18.95	Avg steps: 419
2020-06-23 17:07:00,320	INFO	Total steps: 48705	Episode: 120/203	Avg reward: -18.90	Avg steps: 412
2020-06-23 17:08:48,417	INFO	Total steps: 56710	Episode: 140/440	Avg reward: -18.85	Avg steps: 399
2020-06-23 17:10:49,300	INFO	Total steps: 65625	Episode: 160/387	Avg reward: -18.75	Avg steps: 444
2020-06-23 17:12:47,458	INFO	Total steps: 74348	Episode: 180/428	Avg reward: -18.80	Avg steps: 435
2020-06-23 17:14:56,843	INFO	Total steps: 83893	Episode: 200/185	Avg reward: -18.70	Avg steps: 476
2020-06-23 17:16:51,368	INFO	Total steps: 92335	Episode: 220/279	Avg reward: -18.55	Avg steps: 421
2020-06-23 17:19:02,861	INFO	Total steps: 102099	Episode: 240/558	Avg reward: -18.60	Avg steps: 487
2020-06-23 17:21:04,419	INFO	Total steps: 112128	Episode: 260/373	Avg reward: -18.85	Avg steps: 500
2020-06-23 17:22:52,427	INFO	Total steps: 120930	Episode: 280/389	Avg reward: -18.40	Avg steps: 439
2020-06-23 17:24:47,119	INFO	Total steps: 130008	Episode: 300/385	Avg reward: -18.80	Avg steps: 452
2020-06-23 17:26:54,508	INFO	Total steps: 140154	Episode: 320/544	Avg reward: -18.20	Avg steps: 506
2020-06-23 17:29:06,033	INFO	Total steps: 150609	Episode: 340/417	Avg reward: -18.20	Avg steps: 521
2020-06-23 17:31:18,962	INFO	Total steps: 161381	Episode: 360/477	Avg reward: -18.20	Avg steps: 537
2020-06-23 17:33:34,807	INFO	Total steps: 171097	Episode: 380/428	Avg reward: -18.70	Avg steps: 484
2020-06-23 17:36:02,393	INFO	Total steps: 181005	Episode: 400/396	Avg reward: -17.80	Avg steps: 494
2020-06-23 17:38:39,528	INFO	Total steps: 191719	Episode: 420/575	Avg reward: -17.75	Avg steps: 534
2020-06-23 17:41:01,464	INFO	Total steps: 201745	Episode: 440/491	Avg reward: -18.35	Avg steps: 500
2020-06-23 17:43:32,794	INFO	Total steps: 212584	Episode: 460/392	Avg reward: -17.75	Avg steps: 540
2020-06-23 17:45:53,804	INFO	Total steps: 222671	Episode: 480/300	Avg reward: -18.30	Avg steps: 503
2020-06-23 17:48:54,294	INFO	Total steps: 235479	Episode: 500/815	Avg reward: -17.30	Avg steps: 639
2020-06-23 17:51:28,035	INFO	Total steps: 246303	Episode: 520/452	Avg reward: -18.00	Avg steps: 540
2020-06-23 17:53:56,414	INFO	Total steps: 256757	Episode: 540/507	Avg reward: -18.35	Avg steps: 521
2020-06-23 17:56:36,976	INFO	Total steps: 267896	Episode: 560/724	Avg reward: -17.90	Avg steps: 555
2020-06-23 17:59:01,050	INFO	Total steps: 277767	Episode: 580/640	Avg reward: -18.25	Avg steps: 492
2020-06-23 18:01:46,739	INFO	Total steps: 289233	Episode: 600/573	Avg reward: -18.05	Avg steps: 572
2020-06-23 18:04:49,801	INFO	Total steps: 301955	Episode: 620/690	Avg reward: -17.95	Avg steps: 635
2020-06-23 18:07:50,011	INFO	Total steps: 314420	Episode: 640/749	Avg reward: -17.10	Avg steps: 622
2020-06-23 18:10:42,280	INFO	Total steps: 326306	Episode: 660/671	Avg reward: -18.05	Avg steps: 593
2020-06-23 18:13:45,563	INFO	Total steps: 338935	Episode: 680/769	Avg reward: -17.25	Avg steps: 630
2020-06-23 18:16:49,349	INFO	Total steps: 351666	Episode: 700/648	Avg reward: -17.15	Avg steps: 635
2020-06-23 18:20:08,819	INFO	Total steps: 365390	Episode: 720/784	Avg reward: -16.55	Avg steps: 685
2020-06-23 18:23:09,899	INFO	Total steps: 377880	Episode: 740/538	Avg reward: -17.00	Avg steps: 623
2020-06-23 18:26:25,800	INFO	Total steps: 391474	Episode: 760/450	Avg reward: -16.65	Avg steps: 678
2020-06-23 18:29:38,870	INFO	Total steps: 405002	Episode: 780/642	Avg reward: -17.15	Avg steps: 675
2020-06-23 18:32:53,880	INFO	Total steps: 418473	Episode: 800/767	Avg reward: -16.95	Avg steps: 672
2020-06-23 18:36:15,901	INFO	Total steps: 432293	Episode: 820/663	Avg reward: -16.75	Avg steps: 690
2020-06-23 18:39:48,479	INFO	Total steps: 446879	Episode: 840/875	Avg reward: -17.00	Avg steps: 728
2020-06-23 18:43:32,762	INFO	Total steps: 462495	Episode: 860/600	Avg reward: -15.50	Avg steps: 779
2020-06-23 18:47:11,768	INFO	Total steps: 477525	Episode: 880/822	Avg reward: -15.25	Avg steps: 750
2020-06-23 18:50:49,597	INFO	Total steps: 492424	Episode: 900/488	Avg reward: -15.35	Avg steps: 743
2020-06-23 18:54:50,162	INFO	Total steps: 509027	Episode: 920/1097	Avg reward: -15.50	Avg steps: 829
2020-06-23 18:59:06,162	INFO	Total steps: 526399	Episode: 940/825	Avg reward: -15.95	Avg steps: 867
2020-06-23 19:03:25,236	INFO	Total steps: 544143	Episode: 960/608	Avg reward: -15.65	Avg steps: 886
2020-06-23 19:07:28,711	INFO	Total steps: 560724	Episode: 980/740	Avg reward: -15.45	Avg steps: 828
2020-06-23 19:12:29,560	INFO	Total steps: 581036	Episode: 1000/797	Avg reward: -14.10	Avg steps: 1014
2020-06-23 19:17:08,908	INFO	Total steps: 600003	Episode: 1020/973	Avg reward: -15.60	Avg steps: 947
2020-06-23 19:22:03,028	INFO	Total steps: 620295	Episode: 1040/628	Avg reward: -14.60	Avg steps: 1013
2020-06-23 19:27:00,326	INFO	Total steps: 640577	Episode: 1060/916	Avg reward: -13.15	Avg steps: 1013
2020-06-23 19:32:19,798	INFO	Total steps: 662270	Episode: 1080/756	Avg reward: -13.75	Avg steps: 1083
2020-06-23 19:37:07,181	INFO	Total steps: 681840	Episode: 1100/1540	Avg reward: -13.85	Avg steps: 977
2020-06-23 19:42:32,267	INFO	Total steps: 703999	Episode: 1120/760	Avg reward: -12.75	Avg steps: 1106
2020-06-23 19:47:14,135	INFO	Total steps: 723309	Episode: 1140/971	Avg reward: -14.45	Avg steps: 964
2020-06-23 19:52:54,828	INFO	Total steps: 746688	Episode: 1160/1866	Avg reward: -13.70	Avg steps: 1167
2020-06-23 19:58:18,770	INFO	Total steps: 768860	Episode: 1180/1073	Avg reward: -13.15	Avg steps: 1107
2020-06-23 20:03:52,751	INFO	Total steps: 791836	Episode: 1200/1067	Avg reward: -11.85	Avg steps: 1147
2020-06-23 20:08:54,571	INFO	Total steps: 812312	Episode: 1220/1102	Avg reward: -13.20	Avg steps: 1022
2020-06-23 20:15:34,876	INFO	Total steps: 839680	Episode: 1240/1169	Avg reward: -10.65	Avg steps: 1367
2020-06-23 20:21:34,095	INFO	Total steps: 864307	Episode: 1260/1528	Avg reward: -10.55	Avg steps: 1230
2020-06-23 20:28:33,509	INFO	Total steps: 892043	Episode: 1280/1227	Avg reward: -9.80	Avg steps: 1385
2020-06-23 20:34:54,133	INFO	Total steps: 917362	Episode: 1300/1050	Avg reward: -11.20	Avg steps: 1264
2020-06-23 20:41:22,942	INFO	Total steps: 943277	Episode: 1320/1359	Avg reward: -9.85	Avg steps: 1294
2020-06-23 20:47:54,437	INFO	Total steps: 969343	Episode: 1340/1288	Avg reward: -10.40	Avg steps: 1302
2020-06-23 20:55:41,116	INFO	Total steps: 1000242	Episode: 1360/1524	Avg reward: -7.95	Avg steps: 1543
2020-06-23 21:02:53,822	INFO	Total steps: 1029099	Episode: 1380/1595	Avg reward: -9.30	Avg steps: 1441
2020-06-23 21:10:11,639	INFO	Total steps: 1058189	Episode: 1400/1374	Avg reward: -8.75	Avg steps: 1453
2020-06-23 21:18:30,071	INFO	Total steps: 1090997	Episode: 1420/1072	Avg reward: -6.70	Avg steps: 1639
2020-06-23 21:27:00,355	INFO	Total steps: 1124636	Episode: 1440/1791	Avg reward: -6.05	Avg steps: 1680
2020-06-23 21:34:55,542	INFO	Total steps: 1155795	Episode: 1460/1550	Avg reward: -5.60	Avg steps: 1556
2020-06-23 21:43:19,492	INFO	Total steps: 1188806	Episode: 1480/1872	Avg reward: -4.60	Avg steps: 1649
2020-06-23 21:51:48,154	INFO	Total steps: 1222517	Episode: 1500/1586	Avg reward: -4.50	Avg steps: 1684
2020-06-23 22:00:18,624	INFO	Total steps: 1256041	Episode: 1520/1825	Avg reward: -4.95	Avg steps: 1675
2020-06-23 22:09:56,533	INFO	Total steps: 1293984	Episode: 1540/2146	Avg reward: -1.15	Avg steps: 1896
2020-06-23 22:19:25,153	INFO	Total steps: 1331280	Episode: 1560/1459	Avg reward: -1.90	Avg steps: 1863
2020-06-23 22:29:14,205	INFO	Total steps: 1370013	Episode: 1580/2377	Avg reward: -3.10	Avg steps: 1935
2020-06-23 22:38:19,556	INFO	Total steps: 1405743	Episode: 1600/2173	Avg reward: -1.40	Avg steps: 1785
2020-06-23 22:47:59,300	INFO	Total steps: 1443702	Episode: 1620/2100	Avg reward: 2.50	Avg steps: 1896
2020-06-23 23:15:51,519	INFO	--width 160 --height 160 --ball 3.0 --snell 3.0 --ps 3.0 --paddle-speed 3.0 --pa 89.0 --paddle-angle 89.0 --pl 45 --paddle-length 45 --lr 0.0001 --learning-rate 0.0001 --network dqn_pong_model --pretrain False --render False --update-prob 0.4 --episodes 4000 --checkpoint dqn_pong_model --history history.p --store-dir ../experiments/19 
2020-06-23 23:16:09,716	INFO	Total steps: 7643	Episode: 20/427	Avg reward: -19.35	Avg steps: 381
2020-06-23 23:17:39,586	INFO	Total steps: 16350	Episode: 40/415	Avg reward: -18.85	Avg steps: 434
2020-06-24 00:12:12,687	INFO	--width 160 --height 160 --ball 3.0 --snell 3.0 --ps 3.0 --paddle-speed 3.0 --pa 89.0 --paddle-angle 89.0 --pl 45 --paddle-length 45 --lr 0.0001 --learning-rate 0.0001 --network dqn_pong_model --pretrain False --render False --update-prob 0.4 --episodes 4000 --checkpoint dqn_pong_model --history history.p --store-dir ../experiments/19 
2020-06-24 00:12:12,925	INFO	Device: cuda
2020-06-24 00:12:44,356	INFO	Total steps: 7346	Episode: 20/397	Avg reward: -19.20	Avg steps: 366
2020-06-24 00:20:55,388	INFO	--width 160 --height 160 --ball 3.0 --snell 3.0 --ps 3.0 --paddle-speed 3.0 --pa 89.0 --paddle-angle 89.0 --pl 45 --paddle-length 45 --lr 0.0001 --learning-rate 0.0001 --network dqn_pong_model --pretrain False --render False --update-prob 0.4 --episodes 4000 --checkpoint dqn_pong_model --history history.p --store-dir ../experiments/19 
2020-06-24 00:20:55,665	INFO	Device: cuda
2020-06-24 00:21:18,238	INFO	Total steps: 7761	Episode: 20/560	Avg reward: -19.20	Avg steps: 387
2020-06-24 00:24:34,748	INFO	Total steps: 15485	Episode: 40/472	Avg reward: -18.45	Avg steps: 385
2020-06-24 00:29:19,691	INFO	Total steps: 23601	Episode: 60/348	Avg reward: -19.25	Avg steps: 404
2020-06-24 03:38:19,608	INFO	--width 160 --height 160 --ball 3.0 --snell 3.0 --ps 3.0 --paddle-speed 3.0 --pa 89.0 --paddle-angle 89.0 --pl 45 --paddle-length 45 --lr 0.0001 --learning-rate 0.0001 --network dqn_pong_model --pretrain False --render False --update-prob 0.4 --episodes 4000 --checkpoint dqn_pong_model --history history.p --store-dir ../experiments/19 
2020-06-24 03:38:19,769	INFO	Device: cuda
2020-06-24 03:38:43,666	INFO	Total steps: 7573	Episode: 20/332	Avg reward: -18.75	Avg steps: 377
2020-06-24 03:41:59,014	INFO	Total steps: 15451	Episode: 40/303	Avg reward: -19.05	Avg steps: 392
2020-06-24 03:46:28,288	INFO	Total steps: 23094	Episode: 60/233	Avg reward: -18.65	Avg steps: 381
2020-06-24 03:50:50,369	INFO	Total steps: 30535	Episode: 80/392	Avg reward: -18.90	Avg steps: 371
2020-06-24 03:55:49,602	INFO	Total steps: 39011	Episode: 100/329	Avg reward: -18.70	Avg steps: 422
2020-06-24 04:00:51,603	INFO	Total steps: 47687	Episode: 120/337	Avg reward: -18.50	Avg steps: 432
2020-06-24 04:06:11,296	INFO	Total steps: 56823	Episode: 140/424	Avg reward: -18.75	Avg steps: 455
2020-06-24 04:11:01,832	INFO	Total steps: 65065	Episode: 160/411	Avg reward: -18.90	Avg steps: 411
2020-06-24 04:16:31,577	INFO	Total steps: 74424	Episode: 180/439	Avg reward: -18.50	Avg steps: 466
2020-06-24 04:21:34,044	INFO	Total steps: 82969	Episode: 200/300	Avg reward: -19.00	Avg steps: 426
2020-06-24 04:27:24,609	INFO	Total steps: 92893	Episode: 220/654	Avg reward: -18.50	Avg steps: 495
2020-06-24 04:32:49,358	INFO	Total steps: 101973	Episode: 240/749	Avg reward: -18.00	Avg steps: 453
2020-06-24 04:38:35,021	INFO	Total steps: 111551	Episode: 260/444	Avg reward: -18.60	Avg steps: 477
2020-06-24 04:44:33,942	INFO	Total steps: 121469	Episode: 280/437	Avg reward: -18.40	Avg steps: 494
2020-06-24 04:50:14,484	INFO	Total steps: 130936	Episode: 300/601	Avg reward: -18.65	Avg steps: 472
2020-06-24 04:55:22,696	INFO	Total steps: 139461	Episode: 320/438	Avg reward: -19.00	Avg steps: 425
2020-06-24 05:01:20,671	INFO	Total steps: 149288	Episode: 340/476	Avg reward: -18.25	Avg steps: 490
2020-06-24 05:07:19,034	INFO	Total steps: 159099	Episode: 360/310	Avg reward: -18.70	Avg steps: 489
2020-06-24 05:12:50,664	INFO	Total steps: 168163	Episode: 380/442	Avg reward: -18.30	Avg steps: 452
2020-06-24 05:18:49,525	INFO	Total steps: 177938	Episode: 400/388	Avg reward: -18.40	Avg steps: 487
2020-06-24 05:24:56,427	INFO	Total steps: 187918	Episode: 420/681	Avg reward: -18.30	Avg steps: 498
2020-06-24 05:31:25,417	INFO	Total steps: 198504	Episode: 440/409	Avg reward: -17.75	Avg steps: 528
2020-06-24 05:37:39,210	INFO	Total steps: 208884	Episode: 460/499	Avg reward: -18.50	Avg steps: 518
2020-06-24 05:43:37,817	INFO	Total steps: 218905	Episode: 480/768	Avg reward: -18.10	Avg steps: 500
2020-06-24 05:50:23,604	INFO	Total steps: 230190	Episode: 500/525	Avg reward: -18.15	Avg steps: 563
2020-06-24 05:56:47,698	INFO	Total steps: 240888	Episode: 520/544	Avg reward: -17.95	Avg steps: 533
2020-06-24 06:02:49,368	INFO	Total steps: 250887	Episode: 540/364	Avg reward: -17.90	Avg steps: 498
2020-06-24 06:10:06,266	INFO	Total steps: 262968	Episode: 560/750	Avg reward: -17.30	Avg steps: 603
2020-06-24 06:17:00,025	INFO	Total steps: 274464	Episode: 580/543	Avg reward: -17.50	Avg steps: 573
2020-06-24 06:23:38,503	INFO	Total steps: 285574	Episode: 600/441	Avg reward: -18.25	Avg steps: 554
2020-06-24 06:31:02,453	INFO	Total steps: 297954	Episode: 620/361	Avg reward: -17.70	Avg steps: 618
2020-06-24 06:38:11,586	INFO	Total steps: 309764	Episode: 640/499	Avg reward: -17.70	Avg steps: 589
2020-06-24 06:45:49,986	INFO	Total steps: 322438	Episode: 660/463	Avg reward: -17.35	Avg steps: 632
2020-06-24 06:53:04,527	INFO	Total steps: 334482	Episode: 680/589	Avg reward: -16.95	Avg steps: 601
2020-06-24 07:01:21,047	INFO	Total steps: 348212	Episode: 700/712	Avg reward: -17.90	Avg steps: 685
2020-06-24 07:09:40,700	INFO	Total steps: 361981	Episode: 720/734	Avg reward: -17.45	Avg steps: 687
2020-06-24 07:17:47,980	INFO	Total steps: 375390	Episode: 740/902	Avg reward: -16.95	Avg steps: 669
2020-06-24 07:26:17,288	INFO	Total steps: 389330	Episode: 760/709	Avg reward: -17.35	Avg steps: 696
2020-06-24 07:34:02,119	INFO	Total steps: 402279	Episode: 780/680	Avg reward: -16.90	Avg steps: 646
2020-06-24 07:43:00,942	INFO	Total steps: 417611	Episode: 800/684	Avg reward: -16.85	Avg steps: 765
2020-06-24 07:51:32,003	INFO	Total steps: 432191	Episode: 820/566	Avg reward: -16.75	Avg steps: 728
2020-06-24 07:59:31,495	INFO	Total steps: 445868	Episode: 840/430	Avg reward: -16.75	Avg steps: 682
2020-06-24 08:08:22,524	INFO	Total steps: 460977	Episode: 860/453	Avg reward: -16.55	Avg steps: 754
2020-06-24 08:17:48,149	INFO	Total steps: 477100	Episode: 880/620	Avg reward: -15.80	Avg steps: 805
2020-06-24 08:26:55,835	INFO	Total steps: 492735	Episode: 900/808	Avg reward: -15.60	Avg steps: 780
2020-06-24 08:36:24,333	INFO	Total steps: 508902	Episode: 920/931	Avg reward: -15.95	Avg steps: 807
2020-06-24 08:46:04,410	INFO	Total steps: 525379	Episode: 940/915	Avg reward: -16.25	Avg steps: 822
2020-06-24 08:55:07,931	INFO	Total steps: 540816	Episode: 960/484	Avg reward: -16.10	Avg steps: 770
2020-06-24 09:06:00,776	INFO	Total steps: 559348	Episode: 980/509	Avg reward: -15.15	Avg steps: 925
2020-06-24 09:15:50,539	INFO	Total steps: 576044	Episode: 1000/729	Avg reward: -15.15	Avg steps: 833
2020-06-24 09:26:07,882	INFO	Total steps: 593554	Episode: 1020/1229	Avg reward: -15.50	Avg steps: 874
2020-06-24 09:37:28,344	INFO	Total steps: 612533	Episode: 1040/962	Avg reward: -14.50	Avg steps: 947
2020-06-24 09:49:45,832	INFO	Total steps: 632875	Episode: 1060/911	Avg reward: -13.60	Avg steps: 1016
2020-06-24 10:01:34,134	INFO	Total steps: 652970	Episode: 1080/834	Avg reward: -14.75	Avg steps: 1003
2020-06-24 10:15:09,956	INFO	Total steps: 676153	Episode: 1100/925	Avg reward: -13.55	Avg steps: 1158
2020-06-24 10:27:28,242	INFO	Total steps: 697167	Episode: 1120/1027	Avg reward: -14.65	Avg steps: 1049
2020-06-24 10:39:16,663	INFO	Total steps: 717460	Episode: 1140/1322	Avg reward: -13.45	Avg steps: 1013
2020-06-24 10:53:20,197	INFO	Total steps: 741231	Episode: 1160/1006	Avg reward: -12.55	Avg steps: 1187
2020-06-24 11:06:25,899	INFO	Total steps: 762830	Episode: 1180/1179	Avg reward: -13.10	Avg steps: 1078
2020-06-24 11:19:21,974	INFO	Total steps: 784200	Episode: 1200/779	Avg reward: -12.30	Avg steps: 1067
2020-06-24 11:33:30,590	INFO	Total steps: 807892	Episode: 1220/1486	Avg reward: -12.80	Avg steps: 1183
2020-06-24 11:47:51,327	INFO	Total steps: 832205	Episode: 1240/1561	Avg reward: -12.00	Avg steps: 1214
2020-06-24 12:03:40,188	INFO	Total steps: 859002	Episode: 1260/1435	Avg reward: -11.05	Avg steps: 1338
2020-06-24 12:19:25,769	INFO	Total steps: 885739	Episode: 1280/1657	Avg reward: -10.60	Avg steps: 1335
2020-06-24 12:35:24,811	INFO	Total steps: 912831	Episode: 1300/1268	Avg reward: -10.70	Avg steps: 1353
2020-06-24 12:50:08,818	INFO	Total steps: 937811	Episode: 1320/1321	Avg reward: -10.80	Avg steps: 1248
2020-06-24 13:08:16,404	INFO	Total steps: 968541	Episode: 1340/1139	Avg reward: -9.30	Avg steps: 1535
2020-06-24 13:24:33,204	INFO	Total steps: 996166	Episode: 1360/1590	Avg reward: -9.15	Avg steps: 1380
2020-06-24 13:41:03,378	INFO	Total steps: 1024296	Episode: 1380/1965	Avg reward: -9.90	Avg steps: 1405
2020-06-24 13:58:55,095	INFO	Total steps: 1054718	Episode: 1400/1872	Avg reward: -7.90	Avg steps: 1520
2020-06-24 14:17:07,059	INFO	Total steps: 1085637	Episode: 1420/1964	Avg reward: -7.80	Avg steps: 1544
2020-06-24 14:37:10,725	INFO	Total steps: 1119564	Episode: 1440/1446	Avg reward: -9.40	Avg steps: 1695
2020-06-24 14:58:10,650	INFO	Total steps: 1155071	Episode: 1460/1893	Avg reward: -3.85	Avg steps: 1774
2020-06-24 15:19:04,594	INFO	Total steps: 1190463	Episode: 1480/1524	Avg reward: -3.80	Avg steps: 1768
2020-06-24 15:41:27,346	INFO	Total steps: 1228322	Episode: 1500/1929	Avg reward: -2.85	Avg steps: 1891
2020-06-24 16:02:54,839	INFO	Total steps: 1264561	Episode: 1520/1803	Avg reward: -3.30	Avg steps: 1810
2020-06-24 16:26:32,795	INFO	Total steps: 1304650	Episode: 1540/2344	Avg reward: -0.65	Avg steps: 2003
2020-06-24 16:49:34,093	INFO	Total steps: 1343457	Episode: 1560/1555	Avg reward: -1.05	Avg steps: 1939
2020-06-24 17:12:42,389	INFO	Total steps: 1382658	Episode: 1580/2028	Avg reward: -0.25	Avg steps: 1959
2020-06-24 17:34:50,650	INFO	Total steps: 1420469	Episode: 1600/1260	Avg reward: -0.10	Avg steps: 1889
2020-06-24 17:56:52,387	INFO	Total steps: 1457744	Episode: 1620/1687	Avg reward: 0.05	Avg steps: 1862
2020-06-24 18:20:21,158	INFO	Total steps: 1497427	Episode: 1640/2017	Avg reward: 3.50	Avg steps: 1983
2020-06-24 18:43:54,208	INFO	Total steps: 1537497	Episode: 1660/2039	Avg reward: 2.75	Avg steps: 2002
2020-06-24 19:05:07,890	INFO	Total steps: 1573698	Episode: 1680/1847	Avg reward: 4.15	Avg steps: 1809
2020-06-24 19:28:20,590	INFO	Total steps: 1613356	Episode: 1700/1839	Avg reward: 4.45	Avg steps: 1981
2020-06-24 19:51:13,565	INFO	Total steps: 1652593	Episode: 1720/2350	Avg reward: 6.20	Avg steps: 1960
2020-06-24 20:13:47,827	INFO	Total steps: 1691242	Episode: 1740/2109	Avg reward: 8.05	Avg steps: 1931
2020-06-24 20:35:59,435	INFO	Total steps: 1729271	Episode: 1760/1723	Avg reward: 8.80	Avg steps: 1900
2020-06-24 20:55:51,073	INFO	Total steps: 1763123	Episode: 1780/1561	Avg reward: 10.10	Avg steps: 1691
2020-06-24 21:18:50,189	INFO	Total steps: 1800634	Episode: 1800/1834	Avg reward: 9.15	Avg steps: 1874
2020-06-24 21:42:24,904	INFO	Total steps: 1838967	Episode: 1820/1743	Avg reward: 10.20	Avg steps: 1915
2020-06-24 22:06:03,868	INFO	Total steps: 1877390	Episode: 1840/1960	Avg reward: 8.40	Avg steps: 1920
2020-06-24 22:27:55,220	INFO	Total steps: 1912886	Episode: 1860/1619	Avg reward: 10.00	Avg steps: 1773
2020-06-24 22:51:19,853	INFO	Total steps: 1950989	Episode: 1880/1913	Avg reward: 9.40	Avg steps: 1904
2020-06-24 23:14:29,126	INFO	Total steps: 1988708	Episode: 1900/1805	Avg reward: 8.75	Avg steps: 1884
2020-06-26 23:09:45,628	INFO	--width 160 --height 160 --ball 3.0 --ball-size 2.0 --snell 3.0 --snell-width 40.0 --snell-change 0 --snell-visible none --ps 3.0 --paddle-speed 3.0 --pa 89.0 --paddle-angle 89.0 --pl 45 --paddle-length 45 --lr 0.0001 --learning-rate 0.0001 --state binary --network dqn_pong_model --render False --epsdecay 1000 --replay 10000 --update-prob 0.4 --episodes 4000 --checkpoint dqn_pong_model --history history.p --store-dir ../experiments/19 
2020-06-26 23:09:45,628	INFO	Device: cuda
2020-06-26 23:10:40,823	INFO	Total steps: 7952	Episode: 20/387	Avg reward: -18.80	Avg steps: 396
2020-06-26 23:13:31,862	INFO	Total steps: 15762	Episode: 40/454	Avg reward: -18.75	Avg steps: 389
2020-06-26 23:17:30,265	INFO	Total steps: 24440	Episode: 60/438	Avg reward: -19.15	Avg steps: 432
2020-06-26 23:22:07,938	INFO	Total steps: 34238	Episode: 80/443	Avg reward: -18.30	Avg steps: 488
2020-06-26 23:26:37,113	INFO	Total steps: 43790	Episode: 100/327	Avg reward: -18.35	Avg steps: 476
2020-06-26 23:31:02,016	INFO	Total steps: 53348	Episode: 120/735	Avg reward: -18.95	Avg steps: 476
2020-06-26 23:35:52,645	INFO	Total steps: 63621	Episode: 140/663	Avg reward: -18.45	Avg steps: 512
2020-06-26 23:40:22,681	INFO	Total steps: 73167	Episode: 160/559	Avg reward: -18.50	Avg steps: 476
2020-06-26 23:45:01,563	INFO	Total steps: 83198	Episode: 180/716	Avg reward: -18.45	Avg steps: 500
2020-06-26 23:49:55,174	INFO	Total steps: 93771	Episode: 200/651	Avg reward: -17.90	Avg steps: 527
2020-06-26 23:55:37,785	INFO	Total steps: 105510	Episode: 220/861	Avg reward: -17.85	Avg steps: 585
2020-06-27 00:01:06,570	INFO	Total steps: 116485	Episode: 240/523	Avg reward: -18.30	Avg steps: 547
2020-06-27 00:07:14,058	INFO	Total steps: 128526	Episode: 260/719	Avg reward: -17.95	Avg steps: 601
2020-06-27 00:12:47,896	INFO	Total steps: 139647	Episode: 280/666	Avg reward: -18.00	Avg steps: 555
2020-06-27 00:18:55,398	INFO	Total steps: 151766	Episode: 300/615	Avg reward: -17.15	Avg steps: 604
2020-06-27 00:25:16,937	INFO	Total steps: 164439	Episode: 320/757	Avg reward: -17.50	Avg steps: 632
2020-06-27 00:32:34,388	INFO	Total steps: 178943	Episode: 340/534	Avg reward: -16.90	Avg steps: 724
2020-06-27 00:39:07,332	INFO	Total steps: 191746	Episode: 360/694	Avg reward: -17.80	Avg steps: 639
2020-06-27 00:46:12,709	INFO	Total steps: 205756	Episode: 380/672	Avg reward: -16.20	Avg steps: 699
2020-06-27 00:53:30,018	INFO	Total steps: 220112	Episode: 400/644	Avg reward: -17.05	Avg steps: 716
2020-06-27 01:00:14,131	INFO	Total steps: 233556	Episode: 420/630	Avg reward: -16.55	Avg steps: 671
2020-06-27 01:07:46,628	INFO	Total steps: 248590	Episode: 440/972	Avg reward: -16.30	Avg steps: 750
2020-06-27 01:14:27,880	INFO	Total steps: 262262	Episode: 460/593	Avg reward: -16.30	Avg steps: 682
2020-06-27 01:22:21,817	INFO	Total steps: 278285	Episode: 480/1202	Avg reward: -16.55	Avg steps: 800
2020-06-27 01:30:33,597	INFO	Total steps: 295083	Episode: 500/736	Avg reward: -15.40	Avg steps: 838
2020-06-27 01:38:32,899	INFO	Total steps: 310692	Episode: 520/757	Avg reward: -16.15	Avg steps: 779
2020-06-27 01:47:15,833	INFO	Total steps: 327506	Episode: 540/982	Avg reward: -15.85	Avg steps: 839
2020-06-27 01:55:22,931	INFO	Total steps: 343406	Episode: 560/962	Avg reward: -16.70	Avg steps: 794
2020-06-27 02:03:35,830	INFO	Total steps: 359506	Episode: 580/1183	Avg reward: -15.50	Avg steps: 804
2020-06-27 02:12:36,542	INFO	Total steps: 377158	Episode: 600/1027	Avg reward: -15.85	Avg steps: 881
2020-06-27 02:22:40,789	INFO	Total steps: 396645	Episode: 620/1578	Avg reward: -14.15	Avg steps: 973
2020-06-27 02:32:44,406	INFO	Total steps: 416143	Episode: 640/1321	Avg reward: -15.00	Avg steps: 973
2020-06-27 02:43:20,189	INFO	Total steps: 436696	Episode: 660/1045	Avg reward: -14.65	Avg steps: 1026
2020-06-27 02:54:23,604	INFO	Total steps: 458129	Episode: 680/1884	Avg reward: -14.10	Avg steps: 1070
2020-06-27 03:04:40,724	INFO	Total steps: 477639	Episode: 700/1044	Avg reward: -14.30	Avg steps: 974
2020-06-27 03:15:42,870	INFO	Total steps: 498512	Episode: 720/1012	Avg reward: -13.70	Avg steps: 1042
2020-06-27 03:27:51,404	INFO	Total steps: 521794	Episode: 740/1335	Avg reward: -12.75	Avg steps: 1163
2020-06-27 03:39:43,587	INFO	Total steps: 544653	Episode: 760/1493	Avg reward: -13.55	Avg steps: 1141
2020-06-27 03:50:51,881	INFO	Total steps: 566182	Episode: 780/932	Avg reward: -13.35	Avg steps: 1075
2020-06-27 04:04:53,236	INFO	Total steps: 592979	Episode: 800/1051	Avg reward: -10.35	Avg steps: 1338
2020-06-27 04:17:12,770	INFO	Total steps: 616451	Episode: 820/843	Avg reward: -12.30	Avg steps: 1172
2020-06-27 04:30:33,083	INFO	Total steps: 641805	Episode: 840/1455	Avg reward: -12.80	Avg steps: 1266
2020-06-27 04:43:01,128	INFO	Total steps: 665691	Episode: 860/1238	Avg reward: -11.80	Avg steps: 1193
2020-06-27 04:57:35,821	INFO	Total steps: 693513	Episode: 880/1592	Avg reward: -9.70	Avg steps: 1390
2020-06-27 05:11:48,023	INFO	Total steps: 720595	Episode: 900/1376	Avg reward: -10.80	Avg steps: 1353
2020-06-27 05:25:56,054	INFO	Total steps: 747342	Episode: 920/1378	Avg reward: -10.00	Avg steps: 1336
2020-06-27 05:40:17,094	INFO	Total steps: 774584	Episode: 940/1641	Avg reward: -9.50	Avg steps: 1361
2020-06-27 05:56:15,684	INFO	Total steps: 805036	Episode: 960/1774	Avg reward: -8.60	Avg steps: 1521
2020-06-27 06:12:29,810	INFO	Total steps: 836035	Episode: 980/1544	Avg reward: -7.55	Avg steps: 1548
2020-06-27 06:28:19,861	INFO	Total steps: 866288	Episode: 1000/1248	Avg reward: -8.40	Avg steps: 1511
2020-06-27 06:45:58,871	INFO	Total steps: 899945	Episode: 1020/1433	Avg reward: -5.50	Avg steps: 1681
2020-06-27 07:02:03,650	INFO	Total steps: 930410	Episode: 1040/1118	Avg reward: -8.35	Avg steps: 1522
2020-06-27 07:19:41,909	INFO	Total steps: 964343	Episode: 1060/1408	Avg reward: -6.40	Avg steps: 1695
2020-06-27 07:36:48,812	INFO	Total steps: 998269	Episode: 1080/1881	Avg reward: -6.75	Avg steps: 1695
2020-06-27 07:53:45,261	INFO	Total steps: 1035767	Episode: 1100/2731	Avg reward: -3.75	Avg steps: 1873
2020-06-27 08:08:37,019	INFO	Total steps: 1069149	Episode: 1120/2005	Avg reward: -6.30	Avg steps: 1668
2020-06-27 08:24:37,639	INFO	Total steps: 1105290	Episode: 1140/2423	Avg reward: -3.40	Avg steps: 1806
2020-06-27 08:39:34,614	INFO	Total steps: 1138768	Episode: 1160/1906	Avg reward: -5.05	Avg steps: 1672
2020-06-27 08:55:58,409	INFO	Total steps: 1175801	Episode: 1180/2237	Avg reward: -2.00	Avg steps: 1850
2020-06-27 09:12:50,980	INFO	Total steps: 1214273	Episode: 1200/1722	Avg reward: -1.25	Avg steps: 1922
2020-06-27 09:29:44,030	INFO	Total steps: 1251837	Episode: 1220/2050	Avg reward: -2.50	Avg steps: 1877
2020-06-27 09:45:50,843	INFO	Total steps: 1288039	Episode: 1240/1617	Avg reward: -1.15	Avg steps: 1809
2020-06-27 10:02:37,426	INFO	Total steps: 1325694	Episode: 1260/1985	Avg reward: -0.95	Avg steps: 1881
2020-06-27 10:18:58,638	INFO	Total steps: 1362712	Episode: 1280/2217	Avg reward: 2.20	Avg steps: 1849
2020-06-27 10:35:37,856	INFO	Total steps: 1397642	Episode: 1300/2188	Avg reward: 0.40	Avg steps: 1745
2020-06-27 10:54:41,797	INFO	Total steps: 1434209	Episode: 1320/1419	Avg reward: 2.35	Avg steps: 1827
2020-06-27 11:14:24,192	INFO	Total steps: 1474092	Episode: 1340/1883	Avg reward: 1.55	Avg steps: 1993
2020-06-27 11:33:44,179	INFO	Total steps: 1513175	Episode: 1360/1407	Avg reward: 1.70	Avg steps: 1953
2020-06-27 11:55:07,912	INFO	Total steps: 1554327	Episode: 1380/2167	Avg reward: 2.75	Avg steps: 2056
2020-06-27 12:12:44,479	INFO	Total steps: 1592591	Episode: 1400/2320	Avg reward: 1.70	Avg steps: 1912
2020-06-27 12:29:09,246	INFO	Total steps: 1628805	Episode: 1420/1714	Avg reward: 1.05	Avg steps: 1809
2020-06-27 12:47:45,315	INFO	Total steps: 1669836	Episode: 1440/1754	Avg reward: 3.35	Avg steps: 2050
2020-06-27 13:06:24,259	INFO	Total steps: 1710398	Episode: 1460/1761	Avg reward: 1.45	Avg steps: 2027
2020-06-27 13:23:46,220	INFO	Total steps: 1748696	Episode: 1480/2157	Avg reward: 3.75	Avg steps: 1913
2020-06-27 13:40:41,687	INFO	Total steps: 1786128	Episode: 1500/2180	Avg reward: 5.35	Avg steps: 1870
2020-06-27 13:59:27,650	INFO	Total steps: 1826135	Episode: 1520/1401	Avg reward: 4.90	Avg steps: 1999
2020-06-27 14:18:35,614	INFO	Total steps: 1862468	Episode: 1540/1605	Avg reward: 4.05	Avg steps: 1815
2020-06-27 14:37:38,649	INFO	Total steps: 1900667	Episode: 1560/1641	Avg reward: 4.85	Avg steps: 1908
2020-06-27 14:53:46,012	INFO	Total steps: 1936451	Episode: 1580/1159	Avg reward: 7.20	Avg steps: 1788
2020-06-27 15:11:54,144	INFO	Total steps: 1976629	Episode: 1600/1954	Avg reward: 5.15	Avg steps: 2007
2020-06-27 15:29:30,884	INFO	Total steps: 2016221	Episode: 1620/1990	Avg reward: 6.10	Avg steps: 1978
2020-06-27 15:46:39,926	INFO	Total steps: 2054391	Episode: 1640/1826	Avg reward: 5.10	Avg steps: 1907
2020-06-27 16:02:36,669	INFO	Total steps: 2090127	Episode: 1660/1741	Avg reward: 8.65	Avg steps: 1785
2020-06-27 16:19:16,902	INFO	Total steps: 2127510	Episode: 1680/1359	Avg reward: 7.45	Avg steps: 1868
2020-06-27 16:35:39,442	INFO	Total steps: 2163939	Episode: 1700/1903	Avg reward: 8.90	Avg steps: 1820
2020-06-27 16:52:03,527	INFO	Total steps: 2201184	Episode: 1720/1693	Avg reward: 8.20	Avg steps: 1861
2020-06-27 17:09:03,599	INFO	Total steps: 2239239	Episode: 1740/1787	Avg reward: 6.55	Avg steps: 1901
2020-06-27 17:26:50,639	INFO	Total steps: 2279194	Episode: 1760/2087	Avg reward: 6.80	Avg steps: 1996
2020-06-27 17:44:37,945	INFO	Total steps: 2318719	Episode: 1780/1636	Avg reward: 8.05	Avg steps: 1975
2020-06-27 18:01:29,451	INFO	Total steps: 2356485	Episode: 1800/2236	Avg reward: 9.45	Avg steps: 1887
2020-06-27 18:17:06,622	INFO	Total steps: 2391764	Episode: 1820/1791	Avg reward: 10.35	Avg steps: 1762
2020-06-27 18:32:31,792	INFO	Total steps: 2426850	Episode: 1840/1925	Avg reward: 10.25	Avg steps: 1753
2020-06-27 18:48:06,080	INFO	Total steps: 2462409	Episode: 1860/2124	Avg reward: 10.00	Avg steps: 1776
2020-06-27 19:03:45,060	INFO	Total steps: 2497891	Episode: 1880/2047	Avg reward: 9.90	Avg steps: 1773
2020-06-27 19:20:31,677	INFO	Total steps: 2536115	Episode: 1900/2022	Avg reward: 9.50	Avg steps: 1910
2020-06-27 19:36:11,850	INFO	Total steps: 2571880	Episode: 1920/1724	Avg reward: 9.60	Avg steps: 1787
2020-06-27 19:52:23,730	INFO	Total steps: 2608696	Episode: 1940/1559	Avg reward: 9.55	Avg steps: 1839
2020-06-27 20:07:37,463	INFO	Total steps: 2643745	Episode: 1960/1977	Avg reward: 10.50	Avg steps: 1751
2020-06-27 20:21:55,140	INFO	Total steps: 2678823	Episode: 1980/1849	Avg reward: 10.15	Avg steps: 1752
2020-06-27 20:35:42,314	INFO	Total steps: 2714266	Episode: 2000/1473	Avg reward: 10.60	Avg steps: 1771
2020-06-27 20:49:24,511	INFO	Total steps: 2750939	Episode: 2020/1448	Avg reward: 9.70	Avg steps: 1832
2020-06-27 21:02:30,341	INFO	Total steps: 2787545	Episode: 2040/1584	Avg reward: 10.15	Avg steps: 1829
2020-06-27 21:15:02,037	INFO	Total steps: 2822209	Episode: 2060/2139	Avg reward: 11.30	Avg steps: 1732
2020-06-27 21:27:39,678	INFO	Total steps: 2857535	Episode: 2080/1415	Avg reward: 11.60	Avg steps: 1765
2020-06-27 21:40:00,995	INFO	Total steps: 2891886	Episode: 2100/1915	Avg reward: 10.00	Avg steps: 1716
2020-06-27 21:53:28,516	INFO	Total steps: 2926784	Episode: 2120/1601	Avg reward: 11.50	Avg steps: 1743
2020-06-27 22:06:01,418	INFO	Total steps: 2961308	Episode: 2140/1458	Avg reward: 12.00	Avg steps: 1725
2020-06-27 22:19:00,342	INFO	Total steps: 2996951	Episode: 2160/1945	Avg reward: 11.50	Avg steps: 1781
2020-06-27 22:31:55,466	INFO	Total steps: 3032248	Episode: 2180/1699	Avg reward: 12.40	Avg steps: 1763
2020-06-27 22:44:15,347	INFO	Total steps: 3066207	Episode: 2200/1459	Avg reward: 11.60	Avg steps: 1696
2020-06-27 22:56:50,558	INFO	Total steps: 3099866	Episode: 2220/1529	Avg reward: 13.30	Avg steps: 1681
2020-06-27 23:09:33,078	INFO	Total steps: 3134458	Episode: 2240/1588	Avg reward: 12.20	Avg steps: 1728
2020-06-27 23:21:32,808	INFO	Total steps: 3167358	Episode: 2260/1926	Avg reward: 11.75	Avg steps: 1644
2020-06-27 23:35:36,158	INFO	Total steps: 3205040	Episode: 2280/2291	Avg reward: 12.15	Avg steps: 1883
2020-06-27 23:49:32,416	INFO	Total steps: 3239659	Episode: 2300/1897	Avg reward: 12.90	Avg steps: 1729
2020-06-28 00:03:14,328	INFO	Total steps: 3274261	Episode: 2320/1693	Avg reward: 13.05	Avg steps: 1729
2020-06-28 00:16:19,338	INFO	Total steps: 3306520	Episode: 2340/1867	Avg reward: 13.15	Avg steps: 1611
2020-06-28 00:29:45,032	INFO	Total steps: 3339683	Episode: 2360/1992	Avg reward: 13.30	Avg steps: 1657
2020-06-28 00:43:11,463	INFO	Total steps: 3373563	Episode: 2380/1734	Avg reward: 13.80	Avg steps: 1693
2020-06-28 00:57:01,613	INFO	Total steps: 3407740	Episode: 2400/2456	Avg reward: 12.20	Avg steps: 1707
2020-06-28 01:10:50,096	INFO	Total steps: 3441930	Episode: 2420/1507	Avg reward: 12.15	Avg steps: 1708
2020-06-28 01:23:56,470	INFO	Total steps: 3474422	Episode: 2440/1626	Avg reward: 13.25	Avg steps: 1623
2020-06-28 01:38:33,073	INFO	Total steps: 3510312	Episode: 2460/1368	Avg reward: 12.95	Avg steps: 1793
2020-06-28 01:51:28,853	INFO	Total steps: 3542676	Episode: 2480/1596	Avg reward: 13.60	Avg steps: 1617
2020-06-28 02:04:34,482	INFO	Total steps: 3575164	Episode: 2500/1839	Avg reward: 13.90	Avg steps: 1623
2020-06-28 02:18:50,185	INFO	Total steps: 3610730	Episode: 2520/1825	Avg reward: 12.90	Avg steps: 1777
2020-06-28 02:32:21,211	INFO	Total steps: 3643883	Episode: 2540/1870	Avg reward: 13.65	Avg steps: 1656
2020-06-28 02:45:35,547	INFO	Total steps: 3676611	Episode: 2560/1374	Avg reward: 14.00	Avg steps: 1635
2020-06-28 02:59:09,342	INFO	Total steps: 3710371	Episode: 2580/1358	Avg reward: 14.30	Avg steps: 1687
2020-06-28 03:12:19,568	INFO	Total steps: 3743704	Episode: 2600/1963	Avg reward: 14.30	Avg steps: 1665
2020-06-28 03:26:10,923	INFO	Total steps: 3778075	Episode: 2620/1796	Avg reward: 14.00	Avg steps: 1717
2020-06-28 03:39:33,407	INFO	Total steps: 3811210	Episode: 2640/1584	Avg reward: 14.15	Avg steps: 1655
2020-06-28 03:51:49,152	INFO	Total steps: 3841865	Episode: 2660/1273	Avg reward: 14.25	Avg steps: 1531
2020-06-28 04:05:42,706	INFO	Total steps: 3876647	Episode: 2680/1525	Avg reward: 12.80	Avg steps: 1738
2020-06-28 04:19:22,723	INFO	Total steps: 3910678	Episode: 2700/1828	Avg reward: 13.10	Avg steps: 1700
2020-06-28 04:32:41,588	INFO	Total steps: 3943721	Episode: 2720/1457	Avg reward: 14.75	Avg steps: 1651
2020-06-28 04:46:31,563	INFO	Total steps: 3977964	Episode: 2740/2115	Avg reward: 14.50	Avg steps: 1711
2020-06-28 05:00:17,399	INFO	Total steps: 4011956	Episode: 2760/1716	Avg reward: 13.25	Avg steps: 1698
2020-06-28 05:13:32,724	INFO	Total steps: 4045052	Episode: 2780/1527	Avg reward: 13.45	Avg steps: 1653
2020-06-28 05:26:16,171	INFO	Total steps: 4076588	Episode: 2800/1365	Avg reward: 15.35	Avg steps: 1575
2020-06-28 05:39:23,820	INFO	Total steps: 4108986	Episode: 2820/1593	Avg reward: 14.05	Avg steps: 1618
2020-06-28 05:52:00,076	INFO	Total steps: 4140030	Episode: 2840/1406	Avg reward: 14.40	Avg steps: 1551
2020-06-28 06:04:25,802	INFO	Total steps: 4170776	Episode: 2860/1423	Avg reward: 15.35	Avg steps: 1536
2020-06-28 06:17:27,476	INFO	Total steps: 4203380	Episode: 2880/1372	Avg reward: 14.30	Avg steps: 1629
2020-06-28 06:30:37,477	INFO	Total steps: 4236432	Episode: 2900/1863	Avg reward: 15.10	Avg steps: 1651
2020-06-28 06:44:06,434	INFO	Total steps: 4270277	Episode: 2920/1153	Avg reward: 15.15	Avg steps: 1691
2020-06-28 06:57:37,622	INFO	Total steps: 4303698	Episode: 2940/1285	Avg reward: 15.70	Avg steps: 1670
2020-06-28 07:10:49,635	INFO	Total steps: 4336369	Episode: 2960/1434	Avg reward: 13.55	Avg steps: 1632
2020-06-28 07:24:20,471	INFO	Total steps: 4369666	Episode: 2980/2121	Avg reward: 14.75	Avg steps: 1663
2020-06-28 07:38:19,004	INFO	Total steps: 4404063	Episode: 3000/1183	Avg reward: 14.75	Avg steps: 1718
2020-06-28 07:51:33,036	INFO	Total steps: 4436583	Episode: 3020/1558	Avg reward: 14.70	Avg steps: 1625
2020-06-28 08:04:24,366	INFO	Total steps: 4467826	Episode: 3040/1355	Avg reward: 14.95	Avg steps: 1561
2020-06-28 08:17:24,138	INFO	Total steps: 4499550	Episode: 3060/1493	Avg reward: 15.30	Avg steps: 1585
2020-06-28 08:30:30,940	INFO	Total steps: 4531498	Episode: 3080/1538	Avg reward: 15.30	Avg steps: 1596
2020-06-28 08:44:21,978	INFO	Total steps: 4565953	Episode: 3100/2281	Avg reward: 14.00	Avg steps: 1721
2020-06-28 08:57:43,104	INFO	Total steps: 4598799	Episode: 3120/1863	Avg reward: 14.90	Avg steps: 1641
2020-06-28 09:11:11,182	INFO	Total steps: 4632378	Episode: 3140/2004	Avg reward: 14.55	Avg steps: 1677
2020-06-28 09:25:31,485	INFO	Total steps: 4668126	Episode: 3160/1570	Avg reward: 13.50	Avg steps: 1786
2020-06-28 09:37:41,080	INFO	Total steps: 4698314	Episode: 3180/1489	Avg reward: 15.15	Avg steps: 1508
2020-06-28 09:51:12,054	INFO	Total steps: 4732035	Episode: 3200/1712	Avg reward: 14.85	Avg steps: 1685
2020-06-28 10:04:42,986	INFO	Total steps: 4765386	Episode: 3220/2052	Avg reward: 15.50	Avg steps: 1666
2020-06-28 10:18:05,910	INFO	Total steps: 4798291	Episode: 3240/1378	Avg reward: 16.10	Avg steps: 1644
2020-06-28 10:31:36,353	INFO	Total steps: 4832138	Episode: 3260/1983	Avg reward: 15.75	Avg steps: 1691
2020-06-28 10:44:50,868	INFO	Total steps: 4864999	Episode: 3280/1243	Avg reward: 14.70	Avg steps: 1642
2020-06-28 10:57:48,072	INFO	Total steps: 4897165	Episode: 3300/1411	Avg reward: 15.85	Avg steps: 1607
2020-06-28 11:10:41,525	INFO	Total steps: 4929166	Episode: 3320/1408	Avg reward: 15.35	Avg steps: 1599
2020-06-28 11:24:13,440	INFO	Total steps: 4962579	Episode: 3340/1291	Avg reward: 15.15	Avg steps: 1669
2020-06-28 11:37:07,964	INFO	Total steps: 4994432	Episode: 3360/1599	Avg reward: 16.00	Avg steps: 1591
2020-06-28 11:49:56,135	INFO	Total steps: 5025999	Episode: 3380/1571	Avg reward: 16.20	Avg steps: 1577
2020-06-28 12:02:52,718	INFO	Total steps: 5057950	Episode: 3400/1966	Avg reward: 16.20	Avg steps: 1596
2020-06-28 12:16:52,716	INFO	Total steps: 5092095	Episode: 3420/1835	Avg reward: 15.70	Avg steps: 1706
2020-06-28 12:29:51,980	INFO	Total steps: 5124261	Episode: 3440/1662	Avg reward: 16.65	Avg steps: 1607
2020-06-28 12:42:59,759	INFO	Total steps: 5156484	Episode: 3460/1653	Avg reward: 15.60	Avg steps: 1610
2020-06-28 12:56:09,957	INFO	Total steps: 5188758	Episode: 3480/1952	Avg reward: 15.75	Avg steps: 1612
2020-06-28 13:09:40,530	INFO	Total steps: 5222067	Episode: 3500/1975	Avg reward: 16.35	Avg steps: 1664
2020-06-28 13:23:05,142	INFO	Total steps: 5255090	Episode: 3520/1706	Avg reward: 16.20	Avg steps: 1650
2020-06-28 13:37:04,263	INFO	Total steps: 5290174	Episode: 3540/1601	Avg reward: 15.05	Avg steps: 1753
2020-06-28 13:50:21,823	INFO	Total steps: 5322112	Episode: 3560/1271	Avg reward: 15.90	Avg steps: 1595
2020-06-28 14:03:30,232	INFO	Total steps: 5353487	Episode: 3580/2078	Avg reward: 16.85	Avg steps: 1567
2020-06-28 14:17:35,164	INFO	Total steps: 5387555	Episode: 3600/2347	Avg reward: 15.70	Avg steps: 1702
2020-06-28 14:30:42,161	INFO	Total steps: 5419770	Episode: 3620/1579	Avg reward: 16.30	Avg steps: 1609
2020-06-28 14:44:46,128	INFO	Total steps: 5455182	Episode: 3640/1972	Avg reward: 15.60	Avg steps: 1769
2020-06-28 14:58:37,065	INFO	Total steps: 5489496	Episode: 3660/1520	Avg reward: 15.80	Avg steps: 1714
2020-06-28 15:11:15,840	INFO	Total steps: 5521018	Episode: 3680/1576	Avg reward: 16.10	Avg steps: 1575
2020-06-28 15:24:05,215	INFO	Total steps: 5552941	Episode: 3700/1419	Avg reward: 16.15	Avg steps: 1595
2020-06-28 15:37:08,393	INFO	Total steps: 5584974	Episode: 3720/1359	Avg reward: 15.90	Avg steps: 1600
2020-06-28 15:49:54,210	INFO	Total steps: 5616337	Episode: 3740/1797	Avg reward: 15.40	Avg steps: 1567
2020-06-28 16:03:20,728	INFO	Total steps: 5649497	Episode: 3760/1999	Avg reward: 15.55	Avg steps: 1657
2020-06-28 16:16:26,568	INFO	Total steps: 5681902	Episode: 3780/1847	Avg reward: 15.00	Avg steps: 1619
2020-06-28 16:30:40,319	INFO	Total steps: 5717204	Episode: 3800/1494	Avg reward: 15.20	Avg steps: 1764
2020-06-28 16:45:17,171	INFO	Total steps: 5753333	Episode: 3820/2622	Avg reward: 13.95	Avg steps: 1805
2020-06-28 16:59:12,040	INFO	Total steps: 5787996	Episode: 3840/1304	Avg reward: 14.45	Avg steps: 1732
2020-06-28 17:13:26,625	INFO	Total steps: 5823427	Episode: 3860/1719	Avg reward: 14.85	Avg steps: 1770
2020-06-28 17:27:03,691	INFO	Total steps: 5857110	Episode: 3880/1511	Avg reward: 14.95	Avg steps: 1683
2020-06-28 17:40:53,035	INFO	Total steps: 5891321	Episode: 3900/1757	Avg reward: 15.25	Avg steps: 1709
2020-06-28 17:56:04,194	INFO	Total steps: 5928959	Episode: 3920/3471	Avg reward: 13.70	Avg steps: 1880
2020-06-28 18:10:04,584	INFO	Total steps: 5963567	Episode: 3940/1252	Avg reward: 15.20	Avg steps: 1729
2020-06-28 18:25:00,539	INFO	Total steps: 6000256	Episode: 3960/1822	Avg reward: 14.90	Avg steps: 1833
2020-06-28 18:39:12,594	INFO	Total steps: 6035065	Episode: 3980/2029	Avg reward: 15.60	Avg steps: 1739
2020-06-28 18:53:04,031	INFO	Total steps: 6069189	Episode: 4000/1263	Avg reward: 15.40	Avg steps: 1705
