2020-06-30 21:22:36,614	INFO	--width 160 --height 160 --ball 3.0 --ball-size 2.0 --snell 3.0 --snell-width 40.0 --snell-change 0.0 --snell-visible none --paddle-speed 3.0 --paddle-angle 45.0 --paddle-length 45 --update-prob 0.2 --state binary --learning-rate 0.0001 --network dqn_pong_model --render False --epsdecay 1000 --episodes 4000 --replay 10000 --checkpoint ../experiments/2-t2/dqn_pong_model --history ../experiments/2-t2/history.p --store-dir ../experiments/61 
2020-06-30 21:22:36,615	INFO	Device: cuda
2020-06-30 21:28:56,410	INFO	--width 160 --height 160 --ball 3.0 --ball-size 2.0 --snell 3.0 --snell-width 40.0 --snell-change 0.0 --snell-visible none --paddle-speed 3.0 --paddle-angle 45.0 --paddle-length 45.0 --update-prob 0.2 --state binary --learning-rate 0.0001 --network dqn_pong_model --render False --epsdecay 1000 --episodes 4000 --replay 10000 --checkpoint ../experiments/2-t2/dqn_pong_model --history ../experiments/2-t2/history.p --store-dir ../experiments/61 
2020-06-30 21:28:56,543	INFO	Device: cuda
2020-06-30 21:31:21,919	INFO	--width 160 --height 160 --ball 3.0 --ball-size 2.0 --snell 3.0 --snell-width 40.0 --snell-change 0.0 --snell-visible none --paddle-speed 3.0 --paddle-angle 45.0 --paddle-length 45.0 --update-prob 0.2 --state binary --learning-rate 0.0001 --network dqn_pong_model --render False --epsdecay 1000 --episodes 4000 --replay 10000 --checkpoint ../experiments/5-t2/dqn_pong_model --history ../experiments/5-t2/history.p --store-dir ../experiments/61 
2020-06-30 21:31:22,013	INFO	Device: cuda
2020-06-30 21:31:28,552	INFO	Loading the trained model
2020-06-30 21:38:08,140	INFO	Total steps: 8397596	Episode: 8020/629	Avg reward: -8.70	Avg steps: 806
2020-06-30 21:44:45,668	INFO	Total steps: 8413578	Episode: 8040/984	Avg reward: -8.35	Avg steps: 798
2020-06-30 21:52:16,158	INFO	Total steps: 8431645	Episode: 8060/1063	Avg reward: -4.65	Avg steps: 902
2020-06-30 21:59:41,674	INFO	Total steps: 8449606	Episode: 8080/957	Avg reward: -5.50	Avg steps: 897
2020-06-30 22:07:09,384	INFO	Total steps: 8467721	Episode: 8100/966	Avg reward: -3.45	Avg steps: 904
2020-06-30 22:15:04,190	INFO	Total steps: 8486930	Episode: 8120/1006	Avg reward: -1.05	Avg steps: 959
2020-06-30 22:22:52,346	INFO	Total steps: 8505781	Episode: 8140/1059	Avg reward: -1.60	Avg steps: 941
2020-06-30 22:30:47,736	INFO	Total steps: 8524918	Episode: 8160/839	Avg reward: 0.10	Avg steps: 955
2020-06-30 22:37:56,551	INFO	Total steps: 8542237	Episode: 8180/977	Avg reward: -2.45	Avg steps: 864
2020-06-30 22:45:44,519	INFO	Total steps: 8561162	Episode: 8200/850	Avg reward: -1.85	Avg steps: 945
2020-06-30 22:53:35,233	INFO	Total steps: 8580728	Episode: 8220/1158	Avg reward: -2.60	Avg steps: 977
2020-06-30 23:01:01,171	INFO	Total steps: 8599686	Episode: 8240/1065	Avg reward: 0.30	Avg steps: 946
2020-06-30 23:09:05,520	INFO	Total steps: 8620317	Episode: 8260/1172	Avg reward: 0.95	Avg steps: 1030
2020-06-30 23:16:48,869	INFO	Total steps: 8639962	Episode: 8280/890	Avg reward: -0.10	Avg steps: 981
2020-06-30 23:24:08,325	INFO	Total steps: 8658921	Episode: 8300/1076	Avg reward: -1.75	Avg steps: 946
2020-06-30 23:31:34,720	INFO	Total steps: 8678278	Episode: 8320/977	Avg reward: 1.40	Avg steps: 966
2020-06-30 23:38:49,827	INFO	Total steps: 8697008	Episode: 8340/962	Avg reward: 0.70	Avg steps: 935
2020-06-30 23:46:17,168	INFO	Total steps: 8716428	Episode: 8360/895	Avg reward: 0.05	Avg steps: 970
2020-06-30 23:53:37,222	INFO	Total steps: 8735483	Episode: 8380/884	Avg reward: 0.75	Avg steps: 951
2020-07-01 00:00:41,923	INFO	Total steps: 8753295	Episode: 8400/783	Avg reward: 2.15	Avg steps: 889
2020-07-01 00:07:44,979	INFO	Total steps: 8771036	Episode: 8420/831	Avg reward: -1.30	Avg steps: 886
2020-07-01 00:14:35,587	INFO	Total steps: 8787937	Episode: 8440/761	Avg reward: 1.00	Avg steps: 844
2020-07-01 00:22:04,938	INFO	Total steps: 8805873	Episode: 8460/586	Avg reward: 1.40	Avg steps: 895
2020-07-01 00:29:15,810	INFO	Total steps: 8823072	Episode: 8480/776	Avg reward: 1.75	Avg steps: 858
2020-07-01 00:35:53,440	INFO	Total steps: 8838585	Episode: 8500/586	Avg reward: 5.10	Avg steps: 774
2020-07-01 00:42:46,625	INFO	Total steps: 8854608	Episode: 8520/751	Avg reward: 3.65	Avg steps: 800
2020-07-01 00:49:49,229	INFO	Total steps: 8871063	Episode: 8540/762	Avg reward: 2.05	Avg steps: 821
2020-07-01 00:56:40,523	INFO	Total steps: 8887046	Episode: 8560/706	Avg reward: 3.45	Avg steps: 798
2020-07-01 01:03:55,174	INFO	Total steps: 8904005	Episode: 8580/933	Avg reward: 2.00	Avg steps: 846
2020-07-01 01:11:16,128	INFO	Total steps: 8921211	Episode: 8600/838	Avg reward: 0.20	Avg steps: 859
2020-07-01 01:18:13,040	INFO	Total steps: 8937357	Episode: 8620/903	Avg reward: 4.30	Avg steps: 806
2020-07-01 01:25:04,277	INFO	Total steps: 8953332	Episode: 8640/890	Avg reward: 3.00	Avg steps: 797
2020-07-01 01:32:26,905	INFO	Total steps: 8970476	Episode: 8660/784	Avg reward: 1.50	Avg steps: 856
2020-07-01 01:39:50,690	INFO	Total steps: 8987565	Episode: 8680/1004	Avg reward: 2.95	Avg steps: 853
2020-07-01 01:46:46,649	INFO	Total steps: 9003912	Episode: 8700/855	Avg reward: 1.65	Avg steps: 816
2020-07-01 01:54:24,932	INFO	Total steps: 9021718	Episode: 8720/981	Avg reward: 2.35	Avg steps: 889
2020-07-01 02:01:57,418	INFO	Total steps: 9039262	Episode: 8740/938	Avg reward: 2.65	Avg steps: 876
2020-07-01 02:09:15,400	INFO	Total steps: 9056240	Episode: 8760/564	Avg reward: 2.70	Avg steps: 847
2020-07-01 02:16:21,554	INFO	Total steps: 9072709	Episode: 8780/730	Avg reward: 2.05	Avg steps: 822
2020-07-01 02:23:14,339	INFO	Total steps: 9088756	Episode: 8800/841	Avg reward: 4.90	Avg steps: 801
2020-07-01 02:30:29,565	INFO	Total steps: 9105570	Episode: 8820/690	Avg reward: 3.45	Avg steps: 839
2020-07-01 02:37:29,208	INFO	Total steps: 9121739	Episode: 8840/731	Avg reward: 2.25	Avg steps: 807
2020-07-01 02:44:18,751	INFO	Total steps: 9137425	Episode: 8860/560	Avg reward: 4.05	Avg steps: 783
2020-07-01 02:51:28,166	INFO	Total steps: 9153942	Episode: 8880/980	Avg reward: 5.10	Avg steps: 824
2020-07-01 02:58:32,037	INFO	Total steps: 9170427	Episode: 8900/674	Avg reward: 3.60	Avg steps: 823
2020-07-01 03:05:51,765	INFO	Total steps: 9187454	Episode: 8920/719	Avg reward: 0.80	Avg steps: 850
2020-07-01 03:12:54,003	INFO	Total steps: 9203725	Episode: 8940/751	Avg reward: 3.10	Avg steps: 812
2020-07-01 03:19:39,401	INFO	Total steps: 9219502	Episode: 8960/786	Avg reward: 5.50	Avg steps: 787
2020-07-01 03:26:46,510	INFO	Total steps: 9236229	Episode: 8980/733	Avg reward: 4.30	Avg steps: 835
2020-07-01 03:33:44,517	INFO	Total steps: 9252587	Episode: 9000/1086	Avg reward: 3.65	Avg steps: 816
2020-07-01 03:40:35,844	INFO	Total steps: 9268721	Episode: 9020/1040	Avg reward: 3.15	Avg steps: 805
2020-07-01 03:48:01,610	INFO	Total steps: 9286188	Episode: 9040/1016	Avg reward: 3.30	Avg steps: 872
2020-07-01 03:55:09,324	INFO	Total steps: 9302935	Episode: 9060/692	Avg reward: 3.70	Avg steps: 836
2020-07-01 04:02:12,712	INFO	Total steps: 9319626	Episode: 9080/912	Avg reward: 2.95	Avg steps: 833
2020-07-01 04:09:07,633	INFO	Total steps: 9336069	Episode: 9100/685	Avg reward: 2.80	Avg steps: 821
2020-07-01 04:16:12,016	INFO	Total steps: 9352754	Episode: 9120/771	Avg reward: 4.00	Avg steps: 833
2020-07-01 04:23:12,769	INFO	Total steps: 9369223	Episode: 9140/743	Avg reward: 1.90	Avg steps: 822
2020-07-01 04:30:29,223	INFO	Total steps: 9386328	Episode: 9160/1065	Avg reward: 3.75	Avg steps: 854
2020-07-01 04:37:11,930	INFO	Total steps: 9401967	Episode: 9180/812	Avg reward: 2.40	Avg steps: 780
2020-07-01 04:44:26,954	INFO	Total steps: 9418722	Episode: 9200/589	Avg reward: 3.95	Avg steps: 836
2020-07-01 04:51:15,054	INFO	Total steps: 9434397	Episode: 9220/915	Avg reward: 5.85	Avg steps: 782
2020-07-01 04:58:07,360	INFO	Total steps: 9450324	Episode: 9240/515	Avg reward: 1.90	Avg steps: 795
2020-07-01 05:04:53,385	INFO	Total steps: 9466102	Episode: 9260/704	Avg reward: 4.40	Avg steps: 787
2020-07-01 05:11:57,130	INFO	Total steps: 9482660	Episode: 9280/999	Avg reward: 4.50	Avg steps: 826
2020-07-01 05:19:14,589	INFO	Total steps: 9499682	Episode: 9300/679	Avg reward: 2.00	Avg steps: 850
2020-07-01 05:25:55,717	INFO	Total steps: 9515388	Episode: 9320/662	Avg reward: 5.30	Avg steps: 784
2020-07-01 05:33:03,385	INFO	Total steps: 9532283	Episode: 9340/796	Avg reward: 3.35	Avg steps: 843
2020-07-01 05:40:19,235	INFO	Total steps: 9549382	Episode: 9360/831	Avg reward: 4.15	Avg steps: 853
2020-07-01 05:47:07,661	INFO	Total steps: 9565551	Episode: 9380/768	Avg reward: 2.65	Avg steps: 807
2020-07-01 05:54:08,628	INFO	Total steps: 9581461	Episode: 9400/785	Avg reward: 3.10	Avg steps: 794
2020-07-01 06:00:54,078	INFO	Total steps: 9597455	Episode: 9420/616	Avg reward: 3.00	Avg steps: 798
2020-07-01 06:07:11,496	INFO	Total steps: 9612421	Episode: 9440/836	Avg reward: 3.85	Avg steps: 747
2020-07-01 06:13:32,649	INFO	Total steps: 9627387	Episode: 9460/672	Avg reward: 2.90	Avg steps: 747
2020-07-01 06:20:17,190	INFO	Total steps: 9643304	Episode: 9480/805	Avg reward: 4.55	Avg steps: 794
2020-07-01 06:27:32,008	INFO	Total steps: 9660370	Episode: 9500/888	Avg reward: 3.80	Avg steps: 852
2020-07-01 06:34:27,903	INFO	Total steps: 9676724	Episode: 9520/962	Avg reward: 4.15	Avg steps: 816
2020-07-01 06:41:29,579	INFO	Total steps: 9693505	Episode: 9540/1066	Avg reward: 3.50	Avg steps: 838
2020-07-01 06:48:25,060	INFO	Total steps: 9709996	Episode: 9560/722	Avg reward: 3.80	Avg steps: 823
2020-07-01 06:55:27,926	INFO	Total steps: 9726863	Episode: 9580/830	Avg reward: 1.25	Avg steps: 842
2020-07-01 07:02:16,262	INFO	Total steps: 9743186	Episode: 9600/930	Avg reward: 0.40	Avg steps: 815
2020-07-01 07:09:02,642	INFO	Total steps: 9758437	Episode: 9620/818	Avg reward: 3.90	Avg steps: 761
2020-07-01 07:16:09,748	INFO	Total steps: 9773914	Episode: 9640/743	Avg reward: 2.45	Avg steps: 772
2020-07-01 07:23:19,250	INFO	Total steps: 9789790	Episode: 9660/745	Avg reward: 1.55	Avg steps: 792
2020-07-01 07:30:38,673	INFO	Total steps: 9806206	Episode: 9680/1102	Avg reward: 4.30	Avg steps: 819
2020-07-01 07:37:32,061	INFO	Total steps: 9821402	Episode: 9700/571	Avg reward: 3.65	Avg steps: 758
2020-07-01 07:44:42,283	INFO	Total steps: 9837064	Episode: 9720/808	Avg reward: 2.55	Avg steps: 782
2020-07-01 07:52:17,086	INFO	Total steps: 9853964	Episode: 9740/687	Avg reward: 3.55	Avg steps: 844
2020-07-01 08:00:42,788	INFO	Total steps: 9872783	Episode: 9760/918	Avg reward: 1.85	Avg steps: 939
2020-07-01 08:08:39,424	INFO	Total steps: 9890515	Episode: 9780/934	Avg reward: 3.95	Avg steps: 885
2020-07-01 08:15:28,352	INFO	Total steps: 9905704	Episode: 9800/1165	Avg reward: 5.70	Avg steps: 758
2020-07-01 08:22:37,965	INFO	Total steps: 9921619	Episode: 9820/768	Avg reward: 3.80	Avg steps: 794
2020-07-01 08:29:36,381	INFO	Total steps: 9937088	Episode: 9840/919	Avg reward: 5.20	Avg steps: 772
2020-07-01 08:36:56,606	INFO	Total steps: 9953407	Episode: 9860/893	Avg reward: 2.35	Avg steps: 814
2020-07-01 08:43:57,405	INFO	Total steps: 9968728	Episode: 9880/767	Avg reward: 6.05	Avg steps: 765
2020-07-01 08:51:03,460	INFO	Total steps: 9984187	Episode: 9900/797	Avg reward: 3.55	Avg steps: 771
2020-07-01 08:58:43,381	INFO	Total steps: 10000877	Episode: 9920/834	Avg reward: 2.15	Avg steps: 833
2020-07-01 09:05:45,692	INFO	Total steps: 10016388	Episode: 9940/760	Avg reward: 6.55	Avg steps: 774
2020-07-01 09:13:25,980	INFO	Total steps: 10033311	Episode: 9960/948	Avg reward: 3.60	Avg steps: 845
2020-07-01 09:20:22,790	INFO	Total steps: 10048615	Episode: 9980/736	Avg reward: 6.60	Avg steps: 764
2020-07-01 09:27:49,709	INFO	Total steps: 10065000	Episode: 10000/846	Avg reward: 2.75	Avg steps: 818
2020-07-01 09:35:05,311	INFO	Total steps: 10080941	Episode: 10020/805	Avg reward: 3.40	Avg steps: 796
2020-07-01 09:42:39,315	INFO	Total steps: 10097589	Episode: 10040/635	Avg reward: 1.95	Avg steps: 831
2020-07-01 09:49:48,974	INFO	Total steps: 10113206	Episode: 10060/808	Avg reward: 2.70	Avg steps: 779
2020-07-01 09:57:04,444	INFO	Total steps: 10129228	Episode: 10080/855	Avg reward: 3.60	Avg steps: 800
2020-07-01 10:04:35,840	INFO	Total steps: 10145843	Episode: 10100/679	Avg reward: 5.30	Avg steps: 829
2020-07-01 10:11:47,523	INFO	Total steps: 10161838	Episode: 10120/901	Avg reward: 3.85	Avg steps: 798
2020-07-01 10:19:05,671	INFO	Total steps: 10177814	Episode: 10140/820	Avg reward: 2.50	Avg steps: 797
2020-07-01 10:26:33,568	INFO	Total steps: 10194149	Episode: 10160/623	Avg reward: 3.80	Avg steps: 815
2020-07-01 10:34:01,968	INFO	Total steps: 10210270	Episode: 10180/625	Avg reward: 1.95	Avg steps: 805
2020-07-01 10:41:15,888	INFO	Total steps: 10225773	Episode: 10200/732	Avg reward: 1.70	Avg steps: 774
2020-07-01 10:48:53,092	INFO	Total steps: 10242091	Episode: 10220/1019	Avg reward: 2.40	Avg steps: 814
2020-07-01 10:56:09,284	INFO	Total steps: 10257811	Episode: 10240/940	Avg reward: 2.85	Avg steps: 785
2020-07-01 11:03:21,621	INFO	Total steps: 10273539	Episode: 10260/731	Avg reward: 6.50	Avg steps: 785
2020-07-01 11:10:51,214	INFO	Total steps: 10290036	Episode: 10280/1067	Avg reward: 4.10	Avg steps: 823
2020-07-01 11:18:15,605	INFO	Total steps: 10306412	Episode: 10300/862	Avg reward: 3.95	Avg steps: 817
2020-07-01 11:25:38,580	INFO	Total steps: 10322653	Episode: 10320/670	Avg reward: 3.45	Avg steps: 811
2020-07-01 11:32:51,606	INFO	Total steps: 10338574	Episode: 10340/818	Avg reward: 3.85	Avg steps: 795
2020-07-01 11:39:52,882	INFO	Total steps: 10354105	Episode: 10360/819	Avg reward: 4.85	Avg steps: 775
2020-07-01 11:46:42,153	INFO	Total steps: 10369229	Episode: 10380/793	Avg reward: 4.45	Avg steps: 755
2020-07-01 11:53:52,085	INFO	Total steps: 10385031	Episode: 10400/610	Avg reward: 3.90	Avg steps: 789
2020-07-01 12:00:43,142	INFO	Total steps: 10400090	Episode: 10420/546	Avg reward: 6.80	Avg steps: 751
2020-07-01 12:08:28,017	INFO	Total steps: 10417165	Episode: 10440/605	Avg reward: 4.20	Avg steps: 852
2020-07-01 12:16:08,970	INFO	Total steps: 10434088	Episode: 10460/764	Avg reward: 4.80	Avg steps: 845
2020-07-01 12:23:44,178	INFO	Total steps: 10450868	Episode: 10480/711	Avg reward: 5.55	Avg steps: 838
2020-07-01 12:31:11,337	INFO	Total steps: 10467260	Episode: 10500/725	Avg reward: 4.55	Avg steps: 818
2020-07-01 12:38:59,855	INFO	Total steps: 10484445	Episode: 10520/811	Avg reward: 5.00	Avg steps: 858
2020-07-01 12:45:49,346	INFO	Total steps: 10499522	Episode: 10540/619	Avg reward: 7.25	Avg steps: 752
2020-07-01 12:53:34,701	INFO	Total steps: 10516507	Episode: 10560/727	Avg reward: 4.60	Avg steps: 848
2020-07-01 13:00:59,679	INFO	Total steps: 10532787	Episode: 10580/712	Avg reward: 5.85	Avg steps: 813
2020-07-01 13:08:51,916	INFO	Total steps: 10549862	Episode: 10600/912	Avg reward: 3.70	Avg steps: 852
2020-07-01 13:17:05,229	INFO	Total steps: 10567729	Episode: 10620/877	Avg reward: 2.55	Avg steps: 892
2020-07-01 13:24:21,639	INFO	Total steps: 10583589	Episode: 10640/1087	Avg reward: 6.85	Avg steps: 792
2020-07-01 13:31:53,411	INFO	Total steps: 10599979	Episode: 10660/770	Avg reward: 4.45	Avg steps: 818
2020-07-01 13:39:06,954	INFO	Total steps: 10615666	Episode: 10680/828	Avg reward: 4.70	Avg steps: 783
2020-07-01 13:46:59,428	INFO	Total steps: 10632820	Episode: 10700/898	Avg reward: 6.25	Avg steps: 856
2020-07-01 13:54:54,601	INFO	Total steps: 10649895	Episode: 10720/694	Avg reward: 4.00	Avg steps: 852
2020-07-01 14:02:22,340	INFO	Total steps: 10666026	Episode: 10740/822	Avg reward: 3.15	Avg steps: 805
2020-07-01 14:10:24,497	INFO	Total steps: 10683566	Episode: 10760/789	Avg reward: 3.35	Avg steps: 876
2020-07-01 14:18:05,012	INFO	Total steps: 10700453	Episode: 10780/909	Avg reward: 4.60	Avg steps: 843
2020-07-01 14:25:51,749	INFO	Total steps: 10717628	Episode: 10800/1141	Avg reward: 2.90	Avg steps: 857
2020-07-01 14:33:23,104	INFO	Total steps: 10734196	Episode: 10820/841	Avg reward: 3.75	Avg steps: 827
2020-07-01 14:41:03,339	INFO	Total steps: 10751260	Episode: 10840/663	Avg reward: 4.25	Avg steps: 852
2020-07-01 14:48:13,998	INFO	Total steps: 10767803	Episode: 10860/980	Avg reward: 4.75	Avg steps: 826
2020-07-01 14:55:34,710	INFO	Total steps: 10784024	Episode: 10880/614	Avg reward: 4.90	Avg steps: 810
2020-07-01 15:02:45,817	INFO	Total steps: 10799802	Episode: 10900/1075	Avg reward: 3.85	Avg steps: 787
2020-07-01 15:09:13,244	INFO	Total steps: 10816743	Episode: 10920/1044	Avg reward: 4.80	Avg steps: 846
2020-07-01 15:15:32,400	INFO	Total steps: 10833964	Episode: 10940/839	Avg reward: 1.90	Avg steps: 860
2020-07-01 15:21:47,551	INFO	Total steps: 10850901	Episode: 10960/753	Avg reward: 5.60	Avg steps: 845
2020-07-01 15:28:07,654	INFO	Total steps: 10867940	Episode: 10980/851	Avg reward: 4.35	Avg steps: 850
2020-07-01 15:34:15,203	INFO	Total steps: 10884478	Episode: 11000/862	Avg reward: 3.85	Avg steps: 825
2020-07-01 15:40:09,933	INFO	Total steps: 10900381	Episode: 11020/911	Avg reward: 4.95	Avg steps: 794
2020-07-01 15:46:36,059	INFO	Total steps: 10917695	Episode: 11040/894	Avg reward: 5.05	Avg steps: 864
2020-07-01 15:52:53,620	INFO	Total steps: 10934558	Episode: 11060/721	Avg reward: 3.65	Avg steps: 842
2020-07-01 15:59:09,193	INFO	Total steps: 10951295	Episode: 11080/833	Avg reward: 4.00	Avg steps: 835
2020-07-01 16:05:03,529	INFO	Total steps: 10967153	Episode: 11100/698	Avg reward: 4.30	Avg steps: 791
2020-07-01 16:11:09,197	INFO	Total steps: 10983268	Episode: 11120/838	Avg reward: 6.55	Avg steps: 804
2020-07-01 16:17:01,047	INFO	Total steps: 10998767	Episode: 11140/819	Avg reward: 6.30	Avg steps: 773
2020-07-01 16:23:25,466	INFO	Total steps: 11015884	Episode: 11160/832	Avg reward: 4.20	Avg steps: 854
2020-07-01 16:29:09,455	INFO	Total steps: 11031270	Episode: 11180/854	Avg reward: 6.10	Avg steps: 768
2020-07-01 16:35:17,612	INFO	Total steps: 11047696	Episode: 11200/814	Avg reward: 4.65	Avg steps: 820
2020-07-01 16:41:26,700	INFO	Total steps: 11064093	Episode: 11220/1019	Avg reward: 4.85	Avg steps: 818
2020-07-01 16:47:27,487	INFO	Total steps: 11080244	Episode: 11240/699	Avg reward: 3.95	Avg steps: 806
2020-07-01 16:53:21,981	INFO	Total steps: 11096098	Episode: 11260/813	Avg reward: 5.65	Avg steps: 791
2020-07-01 16:59:33,125	INFO	Total steps: 11112668	Episode: 11280/733	Avg reward: 3.65	Avg steps: 827
2020-07-01 17:05:34,185	INFO	Total steps: 11128846	Episode: 11300/800	Avg reward: 4.30	Avg steps: 807
2020-07-01 17:11:58,391	INFO	Total steps: 11145779	Episode: 11320/1038	Avg reward: 5.55	Avg steps: 845
2020-07-01 17:18:27,471	INFO	Total steps: 11162925	Episode: 11340/988	Avg reward: 3.85	Avg steps: 856
2020-07-01 17:25:08,246	INFO	Total steps: 11180630	Episode: 11360/695	Avg reward: 5.25	Avg steps: 884
2020-07-01 17:31:36,123	INFO	Total steps: 11197672	Episode: 11380/668	Avg reward: 5.75	Avg steps: 851
2020-07-01 17:38:13,701	INFO	Total steps: 11214431	Episode: 11400/713	Avg reward: 4.70	Avg steps: 836
2020-07-01 17:44:44,960	INFO	Total steps: 11230667	Episode: 11420/966	Avg reward: 5.10	Avg steps: 810
2020-07-01 17:51:36,637	INFO	Total steps: 11247718	Episode: 11440/800	Avg reward: 3.75	Avg steps: 851
2020-07-01 17:58:26,133	INFO	Total steps: 11264619	Episode: 11460/697	Avg reward: 4.85	Avg steps: 844
2020-07-01 18:05:08,561	INFO	Total steps: 11281474	Episode: 11480/854	Avg reward: 4.15	Avg steps: 841
2020-07-01 18:11:29,775	INFO	Total steps: 11297417	Episode: 11500/913	Avg reward: 4.95	Avg steps: 796
2020-07-01 18:17:55,616	INFO	Total steps: 11314190	Episode: 11520/1208	Avg reward: 2.70	Avg steps: 837
2020-07-01 18:24:17,912	INFO	Total steps: 11331119	Episode: 11540/956	Avg reward: 3.15	Avg steps: 845
2020-07-01 18:30:41,927	INFO	Total steps: 11348094	Episode: 11560/756	Avg reward: 5.50	Avg steps: 847
2020-07-01 18:36:48,493	INFO	Total steps: 11364321	Episode: 11580/813	Avg reward: 4.25	Avg steps: 810
2020-07-01 18:42:45,421	INFO	Total steps: 11380279	Episode: 11600/807	Avg reward: 6.05	Avg steps: 796
2020-07-01 18:49:22,798	INFO	Total steps: 11397977	Episode: 11620/1180	Avg reward: 4.10	Avg steps: 883
2020-07-01 18:56:02,313	INFO	Total steps: 11415746	Episode: 11640/988	Avg reward: 3.55	Avg steps: 887
2020-07-01 19:02:12,155	INFO	Total steps: 11432117	Episode: 11660/822	Avg reward: 3.75	Avg steps: 817
2020-07-01 19:08:44,207	INFO	Total steps: 11449063	Episode: 11680/774	Avg reward: 4.60	Avg steps: 846
2020-07-01 19:15:36,834	INFO	Total steps: 11466984	Episode: 11700/1016	Avg reward: 2.60	Avg steps: 895
2020-07-01 19:22:00,612	INFO	Total steps: 11483648	Episode: 11720/752	Avg reward: 6.55	Avg steps: 832
2020-07-01 19:28:28,730	INFO	Total steps: 11500402	Episode: 11740/799	Avg reward: 5.60	Avg steps: 836
2020-07-01 19:35:45,833	INFO	Total steps: 11518715	Episode: 11760/731	Avg reward: 3.30	Avg steps: 914
2020-07-01 19:42:39,413	INFO	Total steps: 11535364	Episode: 11780/961	Avg reward: 5.35	Avg steps: 831
2020-07-01 19:50:17,703	INFO	Total steps: 11553641	Episode: 11800/735	Avg reward: 4.60	Avg steps: 912
2020-07-01 19:58:21,870	INFO	Total steps: 11572703	Episode: 11820/852	Avg reward: 4.05	Avg steps: 952
2020-07-01 20:05:51,014	INFO	Total steps: 11590762	Episode: 11840/1054	Avg reward: 7.80	Avg steps: 901
2020-07-01 20:13:25,956	INFO	Total steps: 11608952	Episode: 11860/1016	Avg reward: 7.60	Avg steps: 908
2020-07-01 20:21:45,081	INFO	Total steps: 11628962	Episode: 11880/846	Avg reward: 6.90	Avg steps: 999
2020-07-01 20:29:51,581	INFO	Total steps: 11648340	Episode: 11900/1162	Avg reward: 7.20	Avg steps: 967
2020-07-01 20:38:05,183	INFO	Total steps: 11668344	Episode: 11920/1426	Avg reward: 8.30	Avg steps: 999
2020-07-01 20:46:07,716	INFO	Total steps: 11687728	Episode: 11940/1049	Avg reward: 7.20	Avg steps: 968
2020-07-01 20:53:58,026	INFO	Total steps: 11706515	Episode: 11960/879	Avg reward: 6.45	Avg steps: 938
2020-07-01 21:01:39,367	INFO	Total steps: 11724993	Episode: 11980/794	Avg reward: 7.75	Avg steps: 922
2020-07-01 21:09:47,193	INFO	Total steps: 11744803	Episode: 12000/758	Avg reward: 5.55	Avg steps: 989
