2020-06-27 00:04:11,635	INFO	--width 160 --height 160 --ball 3.0 --ball-size 2.0 --snell 4.0 --snell-width 40.0 --snell-change 0 --snell-visible none --ps 3.0 --paddle-speed 3.0 --pa 45 --paddle-angle 45 --pl 45 --paddle-length 45 --lr 0.0001 --learning-rate 0.0001 --state binary --network dqn_pong_model --render False --epsdecay 1000 --replay 10000 --update-prob 0.2 --episodes 8000 --checkpoint dqn_pong_model --history history.p --store-dir ../experiments/4-t2 
2020-06-27 00:04:11,635	INFO	Device: cuda
2020-06-27 00:04:44,243	INFO	Total steps: 6437	Episode: 20/329	Avg reward: -17.70	Avg steps: 320
2020-06-27 00:06:04,373	INFO	Total steps: 13116	Episode: 40/391	Avg reward: -17.80	Avg steps: 332
2020-06-27 00:08:39,731	INFO	Total steps: 20797	Episode: 60/368	Avg reward: -17.30	Avg steps: 383
2020-06-27 00:11:19,402	INFO	Total steps: 28471	Episode: 80/362	Avg reward: -17.05	Avg steps: 382
2020-06-27 00:13:51,034	INFO	Total steps: 35768	Episode: 100/300	Avg reward: -17.40	Avg steps: 363
2020-06-27 00:16:44,785	INFO	Total steps: 44143	Episode: 120/331	Avg reward: -16.35	Avg steps: 417
2020-06-27 00:19:40,416	INFO	Total steps: 52572	Episode: 140/315	Avg reward: -16.50	Avg steps: 420
2020-06-27 00:22:31,005	INFO	Total steps: 60764	Episode: 160/461	Avg reward: -15.85	Avg steps: 408
2020-06-27 00:25:30,332	INFO	Total steps: 69414	Episode: 180/491	Avg reward: -15.55	Avg steps: 431
2020-06-27 00:28:35,283	INFO	Total steps: 78304	Episode: 200/428	Avg reward: -15.10	Avg steps: 443
2020-06-27 00:31:16,383	INFO	Total steps: 86120	Episode: 220/426	Avg reward: -15.35	Avg steps: 389
2020-06-27 00:34:14,522	INFO	Total steps: 94717	Episode: 240/418	Avg reward: -15.55	Avg steps: 428
2020-06-27 00:37:03,193	INFO	Total steps: 102765	Episode: 260/326	Avg reward: -14.85	Avg steps: 401
2020-06-27 00:40:23,752	INFO	Total steps: 112412	Episode: 280/540	Avg reward: -13.65	Avg steps: 481
2020-06-27 00:43:44,896	INFO	Total steps: 121973	Episode: 300/726	Avg reward: -13.30	Avg steps: 477
2020-06-27 00:47:24,219	INFO	Total steps: 132382	Episode: 320/364	Avg reward: -12.85	Avg steps: 519
2020-06-27 00:50:51,208	INFO	Total steps: 142174	Episode: 340/545	Avg reward: -12.70	Avg steps: 488
2020-06-27 00:54:30,445	INFO	Total steps: 152606	Episode: 360/384	Avg reward: -11.80	Avg steps: 520
2020-06-27 00:58:09,318	INFO	Total steps: 162953	Episode: 380/669	Avg reward: -12.75	Avg steps: 516
2020-06-27 01:01:48,910	INFO	Total steps: 173327	Episode: 400/418	Avg reward: -13.25	Avg steps: 517
2020-06-27 01:05:24,201	INFO	Total steps: 183502	Episode: 420/365	Avg reward: -12.25	Avg steps: 507
2020-06-27 01:09:30,605	INFO	Total steps: 195184	Episode: 440/460	Avg reward: -8.90	Avg steps: 583
2020-06-27 01:13:24,118	INFO	Total steps: 206230	Episode: 460/379	Avg reward: -9.90	Avg steps: 551
2020-06-27 01:17:20,833	INFO	Total steps: 217465	Episode: 480/493	Avg reward: -10.50	Avg steps: 560
2020-06-27 01:21:21,454	INFO	Total steps: 228865	Episode: 500/522	Avg reward: -11.05	Avg steps: 569
2020-06-27 01:25:23,960	INFO	Total steps: 240300	Episode: 520/635	Avg reward: -9.70	Avg steps: 570
2020-06-27 01:29:26,585	INFO	Total steps: 251757	Episode: 540/417	Avg reward: -8.85	Avg steps: 571
2020-06-27 01:33:36,666	INFO	Total steps: 263659	Episode: 560/631	Avg reward: -8.65	Avg steps: 594
2020-06-27 01:37:58,963	INFO	Total steps: 276034	Episode: 580/922	Avg reward: -7.70	Avg steps: 617
2020-06-27 01:42:12,435	INFO	Total steps: 288066	Episode: 600/798	Avg reward: -9.15	Avg steps: 600
2020-06-27 01:47:07,680	INFO	Total steps: 301883	Episode: 620/898	Avg reward: -5.15	Avg steps: 689
2020-06-27 01:51:45,726	INFO	Total steps: 314966	Episode: 640/760	Avg reward: -7.25	Avg steps: 653
2020-06-27 01:56:27,651	INFO	Total steps: 328227	Episode: 660/685	Avg reward: -7.45	Avg steps: 662
2020-06-27 02:01:08,546	INFO	Total steps: 341390	Episode: 680/712	Avg reward: -6.80	Avg steps: 657
2020-06-27 02:05:54,367	INFO	Total steps: 354834	Episode: 700/729	Avg reward: -6.90	Avg steps: 671
2020-06-27 02:10:54,234	INFO	Total steps: 368943	Episode: 720/602	Avg reward: -3.65	Avg steps: 704
2020-06-27 02:15:57,423	INFO	Total steps: 383040	Episode: 740/822	Avg reward: -4.00	Avg steps: 703
2020-06-27 02:21:01,707	INFO	Total steps: 397256	Episode: 760/580	Avg reward: -4.45	Avg steps: 709
2020-06-27 02:25:54,481	INFO	Total steps: 410943	Episode: 780/585	Avg reward: -5.35	Avg steps: 683
2020-06-27 02:31:12,396	INFO	Total steps: 425569	Episode: 800/647	Avg reward: -1.65	Avg steps: 730
2020-06-27 02:36:31,601	INFO	Total steps: 440242	Episode: 820/684	Avg reward: -0.40	Avg steps: 732
2020-06-27 02:42:01,277	INFO	Total steps: 455394	Episode: 840/751	Avg reward: -2.65	Avg steps: 756
2020-06-27 02:47:16,251	INFO	Total steps: 469879	Episode: 860/747	Avg reward: -3.85	Avg steps: 723
2020-06-27 02:52:40,467	INFO	Total steps: 484750	Episode: 880/874	Avg reward: -1.65	Avg steps: 742
2020-06-27 02:57:49,976	INFO	Total steps: 499059	Episode: 900/723	Avg reward: -1.65	Avg steps: 714
2020-06-27 03:03:25,878	INFO	Total steps: 514596	Episode: 920/603	Avg reward: -1.70	Avg steps: 775
2020-06-27 03:09:20,449	INFO	Total steps: 530965	Episode: 940/940	Avg reward: 2.10	Avg steps: 817
2020-06-27 03:15:21,016	INFO	Total steps: 547662	Episode: 960/1056	Avg reward: 0.55	Avg steps: 833
2020-06-27 03:20:39,755	INFO	Total steps: 562421	Episode: 980/721	Avg reward: 1.10	Avg steps: 736
2020-06-27 03:25:47,181	INFO	Total steps: 576696	Episode: 1000/598	Avg reward: 0.75	Avg steps: 712
2020-06-27 03:31:08,506	INFO	Total steps: 591647	Episode: 1020/446	Avg reward: 0.65	Avg steps: 746
2020-06-27 03:36:47,129	INFO	Total steps: 607327	Episode: 1040/729	Avg reward: 2.00	Avg steps: 783
2020-06-27 03:42:18,700	INFO	Total steps: 622712	Episode: 1060/580	Avg reward: 2.90	Avg steps: 768
2020-06-27 03:48:03,677	INFO	Total steps: 638768	Episode: 1080/729	Avg reward: 3.50	Avg steps: 801
2020-06-27 03:53:22,795	INFO	Total steps: 653553	Episode: 1100/916	Avg reward: 2.45	Avg steps: 738
2020-06-27 03:58:46,308	INFO	Total steps: 668592	Episode: 1120/686	Avg reward: 3.25	Avg steps: 750
2020-06-27 04:04:18,955	INFO	Total steps: 684078	Episode: 1140/711	Avg reward: 3.45	Avg steps: 773
2020-06-27 04:09:54,620	INFO	Total steps: 699673	Episode: 1160/893	Avg reward: 5.60	Avg steps: 778
2020-06-27 04:15:05,812	INFO	Total steps: 714149	Episode: 1180/682	Avg reward: 3.25	Avg steps: 722
2020-06-27 04:20:23,659	INFO	Total steps: 728966	Episode: 1200/585	Avg reward: 4.10	Avg steps: 739
2020-06-27 04:25:55,387	INFO	Total steps: 744364	Episode: 1220/1014	Avg reward: 6.40	Avg steps: 768
2020-06-27 04:31:44,869	INFO	Total steps: 760543	Episode: 1240/681	Avg reward: 5.15	Avg steps: 807
2020-06-27 04:37:30,659	INFO	Total steps: 776531	Episode: 1260/826	Avg reward: 6.30	Avg steps: 798
2020-06-27 04:42:55,089	INFO	Total steps: 791503	Episode: 1280/765	Avg reward: 7.05	Avg steps: 747
2020-06-27 04:48:06,259	INFO	Total steps: 805881	Episode: 1300/648	Avg reward: 7.70	Avg steps: 717
2020-06-27 04:53:39,434	INFO	Total steps: 821286	Episode: 1320/882	Avg reward: 5.85	Avg steps: 769
2020-06-27 04:58:33,025	INFO	Total steps: 834880	Episode: 1340/711	Avg reward: 8.05	Avg steps: 678
2020-06-27 05:03:22,912	INFO	Total steps: 848318	Episode: 1360/586	Avg reward: 9.55	Avg steps: 670
2020-06-27 05:08:34,574	INFO	Total steps: 862773	Episode: 1380/735	Avg reward: 10.25	Avg steps: 721
2020-06-27 05:13:34,657	INFO	Total steps: 876628	Episode: 1400/576	Avg reward: 7.00	Avg steps: 691
2020-06-27 05:18:53,048	INFO	Total steps: 891366	Episode: 1420/713	Avg reward: 7.80	Avg steps: 735
2020-06-27 05:23:51,918	INFO	Total steps: 905147	Episode: 1440/676	Avg reward: 7.90	Avg steps: 688
2020-06-27 05:28:50,392	INFO	Total steps: 918988	Episode: 1460/740	Avg reward: 9.25	Avg steps: 691
2020-06-27 05:34:07,129	INFO	Total steps: 933650	Episode: 1480/856	Avg reward: 9.00	Avg steps: 732
2020-06-27 05:39:13,708	INFO	Total steps: 947811	Episode: 1500/1104	Avg reward: 9.40	Avg steps: 707
2020-06-27 05:44:32,082	INFO	Total steps: 962550	Episode: 1520/721	Avg reward: 9.60	Avg steps: 735
2020-06-27 05:49:10,114	INFO	Total steps: 975574	Episode: 1540/812	Avg reward: 11.50	Avg steps: 650
2020-06-27 05:54:43,183	INFO	Total steps: 990948	Episode: 1560/707	Avg reward: 9.50	Avg steps: 767
2020-06-27 05:59:33,677	INFO	Total steps: 1004319	Episode: 1580/591	Avg reward: 11.50	Avg steps: 667
2020-06-27 06:04:19,583	INFO	Total steps: 1017552	Episode: 1600/650	Avg reward: 11.05	Avg steps: 660
2020-06-27 06:09:21,716	INFO	Total steps: 1031403	Episode: 1620/669	Avg reward: 11.60	Avg steps: 691
2020-06-27 06:14:16,611	INFO	Total steps: 1044832	Episode: 1640/771	Avg reward: 9.90	Avg steps: 670
2020-06-27 06:19:05,531	INFO	Total steps: 1057869	Episode: 1660/524	Avg reward: 11.60	Avg steps: 650
2020-06-27 06:24:01,908	INFO	Total steps: 1071255	Episode: 1680/483	Avg reward: 11.65	Avg steps: 668
2020-06-27 06:29:15,893	INFO	Total steps: 1085502	Episode: 1700/601	Avg reward: 10.15	Avg steps: 711
2020-06-27 06:34:02,686	INFO	Total steps: 1098466	Episode: 1720/546	Avg reward: 11.50	Avg steps: 647
2020-06-27 06:39:03,227	INFO	Total steps: 1111980	Episode: 1740/581	Avg reward: 11.90	Avg steps: 674
2020-06-27 06:43:48,863	INFO	Total steps: 1125259	Episode: 1760/558	Avg reward: 12.15	Avg steps: 662
2020-06-27 06:48:35,300	INFO	Total steps: 1138435	Episode: 1780/564	Avg reward: 11.20	Avg steps: 657
2020-06-27 06:53:30,137	INFO	Total steps: 1151693	Episode: 1800/770	Avg reward: 13.05	Avg steps: 661
2020-06-27 06:58:15,495	INFO	Total steps: 1164564	Episode: 1820/711	Avg reward: 11.55	Avg steps: 642
2020-06-27 07:03:10,697	INFO	Total steps: 1177868	Episode: 1840/792	Avg reward: 11.90	Avg steps: 664
2020-06-27 07:07:54,400	INFO	Total steps: 1190912	Episode: 1860/539	Avg reward: 11.90	Avg steps: 651
2020-06-27 07:12:55,945	INFO	Total steps: 1204548	Episode: 1880/868	Avg reward: 12.45	Avg steps: 680
2020-06-27 07:17:41,152	INFO	Total steps: 1217403	Episode: 1900/547	Avg reward: 13.05	Avg steps: 641
2020-06-27 07:22:34,247	INFO	Total steps: 1230542	Episode: 1920/679	Avg reward: 12.30	Avg steps: 655
2020-06-27 07:27:14,431	INFO	Total steps: 1243459	Episode: 1940/661	Avg reward: 12.95	Avg steps: 644
2020-06-27 07:31:55,416	INFO	Total steps: 1256348	Episode: 1960/866	Avg reward: 12.45	Avg steps: 643
2020-06-27 07:36:53,439	INFO	Total steps: 1269950	Episode: 1980/866	Avg reward: 12.35	Avg steps: 679
2020-06-27 07:41:50,011	INFO	Total steps: 1283409	Episode: 2000/618	Avg reward: 10.80	Avg steps: 671
2020-06-27 07:46:26,519	INFO	Total steps: 1295881	Episode: 2020/718	Avg reward: 12.25	Avg steps: 622
2020-06-27 07:51:25,790	INFO	Total steps: 1309561	Episode: 2040/768	Avg reward: 12.90	Avg steps: 683
2020-06-27 07:56:30,465	INFO	Total steps: 1323241	Episode: 2060/975	Avg reward: 12.85	Avg steps: 683
2020-06-27 08:01:19,897	INFO	Total steps: 1336442	Episode: 2080/646	Avg reward: 12.45	Avg steps: 659
2020-06-27 08:05:55,220	INFO	Total steps: 1348929	Episode: 2100/712	Avg reward: 12.75	Avg steps: 623
2020-06-27 08:10:45,785	INFO	Total steps: 1361938	Episode: 2120/544	Avg reward: 12.70	Avg steps: 649
2020-06-27 08:15:46,920	INFO	Total steps: 1375698	Episode: 2140/702	Avg reward: 11.70	Avg steps: 687
2020-06-27 08:20:02,743	INFO	Total steps: 1387440	Episode: 2160/733	Avg reward: 14.55	Avg steps: 586
2020-06-27 08:24:46,914	INFO	Total steps: 1400452	Episode: 2180/716	Avg reward: 13.25	Avg steps: 649
2020-06-27 08:29:20,218	INFO	Total steps: 1413025	Episode: 2200/498	Avg reward: 14.45	Avg steps: 627
2020-06-27 08:33:46,512	INFO	Total steps: 1425432	Episode: 2220/546	Avg reward: 12.90	Avg steps: 619
2020-06-27 08:38:22,828	INFO	Total steps: 1437825	Episode: 2240/578	Avg reward: 13.60	Avg steps: 618
2020-06-27 08:42:48,962	INFO	Total steps: 1449961	Episode: 2260/675	Avg reward: 14.45	Avg steps: 605
2020-06-27 08:47:37,179	INFO	Total steps: 1462908	Episode: 2280/696	Avg reward: 13.75	Avg steps: 646
2020-06-27 08:52:01,440	INFO	Total steps: 1474801	Episode: 2300/711	Avg reward: 14.15	Avg steps: 593
2020-06-27 08:56:22,465	INFO	Total steps: 1486836	Episode: 2320/737	Avg reward: 14.35	Avg steps: 600
2020-06-27 09:01:05,628	INFO	Total steps: 1499610	Episode: 2340/783	Avg reward: 13.75	Avg steps: 637
2020-06-27 09:05:43,778	INFO	Total steps: 1512166	Episode: 2360/571	Avg reward: 14.30	Avg steps: 626
2020-06-27 09:10:24,169	INFO	Total steps: 1524814	Episode: 2380/723	Avg reward: 14.40	Avg steps: 631
2020-06-27 09:15:04,717	INFO	Total steps: 1537346	Episode: 2400/635	Avg reward: 14.65	Avg steps: 625
2020-06-27 09:19:34,874	INFO	Total steps: 1549699	Episode: 2420/552	Avg reward: 14.85	Avg steps: 616
2020-06-27 09:24:11,327	INFO	Total steps: 1562172	Episode: 2440/522	Avg reward: 13.95	Avg steps: 622
2020-06-27 09:28:39,485	INFO	Total steps: 1574208	Episode: 2460/701	Avg reward: 15.30	Avg steps: 600
2020-06-27 09:33:12,820	INFO	Total steps: 1586541	Episode: 2480/526	Avg reward: 13.80	Avg steps: 615
2020-06-27 09:37:55,984	INFO	Total steps: 1599134	Episode: 2500/659	Avg reward: 14.65	Avg steps: 628
2020-06-27 09:42:21,475	INFO	Total steps: 1611429	Episode: 2520/650	Avg reward: 14.80	Avg steps: 613
2020-06-27 09:46:52,026	INFO	Total steps: 1623710	Episode: 2540/426	Avg reward: 14.90	Avg steps: 613
2020-06-27 09:51:16,443	INFO	Total steps: 1635543	Episode: 2560/564	Avg reward: 14.45	Avg steps: 590
2020-06-27 09:55:58,044	INFO	Total steps: 1648285	Episode: 2580/598	Avg reward: 14.45	Avg steps: 636
2020-06-27 10:00:33,107	INFO	Total steps: 1660711	Episode: 2600/634	Avg reward: 14.45	Avg steps: 620
2020-06-27 10:05:12,830	INFO	Total steps: 1673316	Episode: 2620/572	Avg reward: 13.05	Avg steps: 629
2020-06-27 10:09:46,787	INFO	Total steps: 1685453	Episode: 2640/580	Avg reward: 15.20	Avg steps: 605
2020-06-27 10:14:35,208	INFO	Total steps: 1698509	Episode: 2660/530	Avg reward: 13.85	Avg steps: 651
2020-06-27 10:19:07,964	INFO	Total steps: 1710971	Episode: 2680/570	Avg reward: 14.65	Avg steps: 622
2020-06-27 10:23:39,887	INFO	Total steps: 1723439	Episode: 2700/674	Avg reward: 14.60	Avg steps: 622
2020-06-27 10:28:05,411	INFO	Total steps: 1735609	Episode: 2720/518	Avg reward: 13.65	Avg steps: 607
2020-06-27 10:32:34,966	INFO	Total steps: 1748042	Episode: 2740/482	Avg reward: 14.65	Avg steps: 620
2020-06-27 10:36:49,368	INFO	Total steps: 1759737	Episode: 2760/507	Avg reward: 15.15	Avg steps: 583
2020-06-27 10:41:14,991	INFO	Total steps: 1771943	Episode: 2780/539	Avg reward: 14.35	Avg steps: 609
2020-06-27 10:45:25,613	INFO	Total steps: 1783442	Episode: 2800/516	Avg reward: 14.90	Avg steps: 573
2020-06-27 10:49:45,197	INFO	Total steps: 1795302	Episode: 2820/617	Avg reward: 13.55	Avg steps: 592
2020-06-27 10:54:13,260	INFO	Total steps: 1807567	Episode: 2840/567	Avg reward: 14.05	Avg steps: 612
2020-06-27 10:58:30,568	INFO	Total steps: 1819340	Episode: 2860/602	Avg reward: 14.75	Avg steps: 587
2020-06-27 11:02:49,562	INFO	Total steps: 1831225	Episode: 2880/557	Avg reward: 14.45	Avg steps: 593
2020-06-27 11:07:04,878	INFO	Total steps: 1842908	Episode: 2900/645	Avg reward: 15.05	Avg steps: 583
2020-06-27 11:11:18,876	INFO	Total steps: 1854502	Episode: 2920/419	Avg reward: 15.05	Avg steps: 578
2020-06-27 11:15:35,442	INFO	Total steps: 1866231	Episode: 2940/504	Avg reward: 15.55	Avg steps: 585
2020-06-27 11:19:54,895	INFO	Total steps: 1878109	Episode: 2960/545	Avg reward: 14.55	Avg steps: 592
2020-06-27 11:24:05,483	INFO	Total steps: 1889548	Episode: 2980/514	Avg reward: 14.90	Avg steps: 570
2020-06-27 11:28:36,398	INFO	Total steps: 1901951	Episode: 3000/587	Avg reward: 14.15	Avg steps: 619
2020-06-27 11:32:36,521	INFO	Total steps: 1912958	Episode: 3020/715	Avg reward: 15.45	Avg steps: 549
2020-06-27 11:36:45,967	INFO	Total steps: 1924354	Episode: 3040/672	Avg reward: 15.85	Avg steps: 568
2020-06-27 11:41:02,762	INFO	Total steps: 1935977	Episode: 3060/483	Avg reward: 16.10	Avg steps: 580
2020-06-27 11:45:35,792	INFO	Total steps: 1948392	Episode: 3080/754	Avg reward: 15.15	Avg steps: 619
2020-06-27 11:49:57,246	INFO	Total steps: 1960276	Episode: 3100/511	Avg reward: 15.10	Avg steps: 593
2020-06-27 11:54:37,085	INFO	Total steps: 1973004	Episode: 3120/684	Avg reward: 15.15	Avg steps: 635
2020-06-27 11:59:15,825	INFO	Total steps: 1985619	Episode: 3140/569	Avg reward: 14.95	Avg steps: 629
2020-06-27 12:03:48,963	INFO	Total steps: 1998047	Episode: 3160/725	Avg reward: 14.80	Avg steps: 620
2020-06-27 12:08:05,777	INFO	Total steps: 2009795	Episode: 3180/487	Avg reward: 14.75	Avg steps: 586
2020-06-27 12:12:19,740	INFO	Total steps: 2021398	Episode: 3200/597	Avg reward: 15.50	Avg steps: 579
2020-06-27 12:16:30,859	INFO	Total steps: 2032829	Episode: 3220/697	Avg reward: 14.90	Avg steps: 570
2020-06-27 12:21:03,822	INFO	Total steps: 2045284	Episode: 3240/449	Avg reward: 15.10	Avg steps: 621
2020-06-27 12:25:13,698	INFO	Total steps: 2056727	Episode: 3260/509	Avg reward: 15.55	Avg steps: 571
2020-06-27 12:29:24,264	INFO	Total steps: 2068181	Episode: 3280/602	Avg reward: 15.70	Avg steps: 571
2020-06-27 12:33:44,098	INFO	Total steps: 2080076	Episode: 3300/487	Avg reward: 14.70	Avg steps: 593
2020-06-27 12:38:05,343	INFO	Total steps: 2091993	Episode: 3320/584	Avg reward: 14.95	Avg steps: 594
2020-06-27 12:42:32,709	INFO	Total steps: 2104193	Episode: 3340/432	Avg reward: 14.80	Avg steps: 609
2020-06-27 12:46:39,717	INFO	Total steps: 2115427	Episode: 3360/689	Avg reward: 16.25	Avg steps: 560
2020-06-27 12:50:56,261	INFO	Total steps: 2127119	Episode: 3380/583	Avg reward: 15.35	Avg steps: 583
2020-06-27 12:55:13,783	INFO	Total steps: 2138882	Episode: 3400/670	Avg reward: 14.75	Avg steps: 587
2020-06-27 12:59:33,475	INFO	Total steps: 2150740	Episode: 3420/473	Avg reward: 15.05	Avg steps: 591
2020-06-27 13:03:51,406	INFO	Total steps: 2162533	Episode: 3440/724	Avg reward: 15.15	Avg steps: 588
2020-06-27 13:08:18,474	INFO	Total steps: 2174737	Episode: 3460/616	Avg reward: 14.05	Avg steps: 609
2020-06-27 13:12:57,070	INFO	Total steps: 2187430	Episode: 3480/717	Avg reward: 14.55	Avg steps: 633
2020-06-27 13:17:08,073	INFO	Total steps: 2198910	Episode: 3500/519	Avg reward: 15.00	Avg steps: 573
2020-06-27 13:21:17,705	INFO	Total steps: 2210337	Episode: 3520/534	Avg reward: 15.20	Avg steps: 570
2020-06-27 13:25:38,008	INFO	Total steps: 2222186	Episode: 3540/464	Avg reward: 14.75	Avg steps: 591
2020-06-27 13:29:45,459	INFO	Total steps: 2233503	Episode: 3560/720	Avg reward: 15.45	Avg steps: 564
2020-06-27 13:34:01,595	INFO	Total steps: 2245230	Episode: 3580/593	Avg reward: 15.10	Avg steps: 585
2020-06-27 13:38:33,134	INFO	Total steps: 2257693	Episode: 3600/501	Avg reward: 15.40	Avg steps: 622
2020-06-27 13:42:37,683	INFO	Total steps: 2268846	Episode: 3620/687	Avg reward: 16.25	Avg steps: 556
2020-06-27 13:46:53,517	INFO	Total steps: 2280491	Episode: 3640/518	Avg reward: 15.70	Avg steps: 581
2020-06-27 13:51:02,692	INFO	Total steps: 2291892	Episode: 3660/570	Avg reward: 15.95	Avg steps: 569
2020-06-27 13:55:13,476	INFO	Total steps: 2303329	Episode: 3680/626	Avg reward: 16.00	Avg steps: 570
2020-06-27 13:59:33,296	INFO	Total steps: 2315165	Episode: 3700/625	Avg reward: 14.75	Avg steps: 590
2020-06-27 14:04:17,844	INFO	Total steps: 2327958	Episode: 3720/548	Avg reward: 15.40	Avg steps: 638
2020-06-27 14:08:32,975	INFO	Total steps: 2339485	Episode: 3740/525	Avg reward: 15.50	Avg steps: 575
2020-06-27 14:12:32,763	INFO	Total steps: 2350330	Episode: 3760/478	Avg reward: 15.85	Avg steps: 541
2020-06-27 14:16:50,127	INFO	Total steps: 2361943	Episode: 3780/530	Avg reward: 15.95	Avg steps: 579
2020-06-27 14:21:22,017	INFO	Total steps: 2374293	Episode: 3800/582	Avg reward: 15.40	Avg steps: 616
2020-06-27 14:25:32,279	INFO	Total steps: 2385555	Episode: 3820/572	Avg reward: 15.70	Avg steps: 562
2020-06-27 14:29:46,885	INFO	Total steps: 2397053	Episode: 3840/717	Avg reward: 16.00	Avg steps: 573
2020-06-27 14:34:09,120	INFO	Total steps: 2409015	Episode: 3860/492	Avg reward: 15.65	Avg steps: 597
2020-06-27 14:38:16,049	INFO	Total steps: 2420237	Episode: 3880/496	Avg reward: 17.15	Avg steps: 560
2020-06-27 14:42:37,130	INFO	Total steps: 2432122	Episode: 3900/505	Avg reward: 15.95	Avg steps: 593
2020-06-27 14:47:00,587	INFO	Total steps: 2444118	Episode: 3920/559	Avg reward: 16.15	Avg steps: 598
2020-06-27 14:51:14,642	INFO	Total steps: 2455675	Episode: 3940/516	Avg reward: 16.85	Avg steps: 576
2020-06-27 14:55:50,872	INFO	Total steps: 2468230	Episode: 3960/631	Avg reward: 14.75	Avg steps: 626
2020-06-27 15:00:00,721	INFO	Total steps: 2479512	Episode: 3980/501	Avg reward: 15.50	Avg steps: 563
2020-06-27 15:04:18,031	INFO	Total steps: 2491093	Episode: 4000/576	Avg reward: 15.60	Avg steps: 578
2020-06-27 15:08:36,813	INFO	Total steps: 2502811	Episode: 4020/694	Avg reward: 15.45	Avg steps: 584
2020-06-27 15:12:45,329	INFO	Total steps: 2514141	Episode: 4040/451	Avg reward: 16.00	Avg steps: 565
2020-06-27 15:17:15,903	INFO	Total steps: 2526477	Episode: 4060/654	Avg reward: 15.35	Avg steps: 615
2020-06-27 15:21:26,599	INFO	Total steps: 2537861	Episode: 4080/458	Avg reward: 15.65	Avg steps: 568
2020-06-27 15:25:29,153	INFO	Total steps: 2548902	Episode: 4100/637	Avg reward: 15.85	Avg steps: 551
2020-06-27 15:29:38,865	INFO	Total steps: 2560195	Episode: 4120/530	Avg reward: 15.35	Avg steps: 563
2020-06-27 15:33:53,365	INFO	Total steps: 2571728	Episode: 4140/732	Avg reward: 16.15	Avg steps: 575
2020-06-27 15:38:04,737	INFO	Total steps: 2583088	Episode: 4160/490	Avg reward: 15.35	Avg steps: 567
2020-06-27 15:42:14,312	INFO	Total steps: 2594356	Episode: 4180/554	Avg reward: 15.95	Avg steps: 562
2020-06-27 15:46:15,184	INFO	Total steps: 2605274	Episode: 4200/572	Avg reward: 16.70	Avg steps: 544
2020-06-27 15:50:27,087	INFO	Total steps: 2616649	Episode: 4220/523	Avg reward: 16.15	Avg steps: 567
2020-06-27 15:54:43,064	INFO	Total steps: 2628200	Episode: 4240/712	Avg reward: 16.15	Avg steps: 576
2020-06-27 15:58:54,225	INFO	Total steps: 2639451	Episode: 4260/613	Avg reward: 15.80	Avg steps: 561
2020-06-27 16:02:58,677	INFO	Total steps: 2650420	Episode: 4280/564	Avg reward: 16.10	Avg steps: 547
2020-06-27 16:07:29,214	INFO	Total steps: 2662531	Episode: 4300/501	Avg reward: 16.00	Avg steps: 604
2020-06-27 16:11:40,953	INFO	Total steps: 2673816	Episode: 4320/501	Avg reward: 16.50	Avg steps: 563
2020-06-27 16:16:19,143	INFO	Total steps: 2686236	Episode: 4340/666	Avg reward: 15.85	Avg steps: 620
2020-06-27 16:20:29,429	INFO	Total steps: 2697482	Episode: 4360/524	Avg reward: 15.75	Avg steps: 561
2020-06-27 16:24:24,167	INFO	Total steps: 2709340	Episode: 4380/588	Avg reward: 15.95	Avg steps: 591
2020-06-27 16:28:00,022	INFO	Total steps: 2720843	Episode: 4400/552	Avg reward: 16.10	Avg steps: 574
2020-06-27 16:31:42,034	INFO	Total steps: 2732772	Episode: 4420/610	Avg reward: 15.20	Avg steps: 595
2020-06-27 16:35:18,995	INFO	Total steps: 2744444	Episode: 4440/518	Avg reward: 15.70	Avg steps: 582
2020-06-27 16:38:52,492	INFO	Total steps: 2755985	Episode: 4460/655	Avg reward: 15.60	Avg steps: 576
2020-06-27 16:42:20,559	INFO	Total steps: 2767292	Episode: 4480/470	Avg reward: 16.60	Avg steps: 564
2020-06-27 16:45:54,618	INFO	Total steps: 2778721	Episode: 4500/497	Avg reward: 15.85	Avg steps: 570
2020-06-27 16:49:31,657	INFO	Total steps: 2790396	Episode: 4520/524	Avg reward: 15.10	Avg steps: 582
2020-06-27 16:53:12,616	INFO	Total steps: 2802260	Episode: 4540/606	Avg reward: 15.60	Avg steps: 592
2020-06-27 16:56:42,897	INFO	Total steps: 2813466	Episode: 4560/464	Avg reward: 15.80	Avg steps: 559
2020-06-27 17:00:10,966	INFO	Total steps: 2824723	Episode: 4580/742	Avg reward: 15.95	Avg steps: 561
2020-06-27 17:03:51,945	INFO	Total steps: 2836478	Episode: 4600/616	Avg reward: 15.85	Avg steps: 586
2020-06-27 17:07:25,664	INFO	Total steps: 2847903	Episode: 4620/617	Avg reward: 15.50	Avg steps: 570
2020-06-27 17:11:05,906	INFO	Total steps: 2859652	Episode: 4640/685	Avg reward: 16.15	Avg steps: 586
2020-06-27 17:14:48,548	INFO	Total steps: 2871576	Episode: 4660/500	Avg reward: 16.10	Avg steps: 595
2020-06-27 17:18:23,334	INFO	Total steps: 2883173	Episode: 4680/674	Avg reward: 15.80	Avg steps: 578
2020-06-27 17:21:56,962	INFO	Total steps: 2894610	Episode: 4700/589	Avg reward: 16.50	Avg steps: 570
2020-06-27 17:25:36,910	INFO	Total steps: 2906337	Episode: 4720/552	Avg reward: 16.15	Avg steps: 585
2020-06-27 17:29:05,899	INFO	Total steps: 2917487	Episode: 4740/506	Avg reward: 16.00	Avg steps: 556
2020-06-27 17:32:45,751	INFO	Total steps: 2929215	Episode: 4760/727	Avg reward: 15.65	Avg steps: 585
2020-06-27 17:36:19,504	INFO	Total steps: 2940581	Episode: 4780/597	Avg reward: 16.10	Avg steps: 567
2020-06-27 17:39:47,895	INFO	Total steps: 2951700	Episode: 4800/759	Avg reward: 16.75	Avg steps: 554
2020-06-27 17:43:11,750	INFO	Total steps: 2962635	Episode: 4820/547	Avg reward: 16.60	Avg steps: 545
2020-06-27 17:46:45,575	INFO	Total steps: 2973998	Episode: 4840/558	Avg reward: 16.00	Avg steps: 567
2020-06-27 17:50:10,740	INFO	Total steps: 2984901	Episode: 4860/458	Avg reward: 16.45	Avg steps: 544
2020-06-27 17:53:46,773	INFO	Total steps: 2996472	Episode: 4880/571	Avg reward: 16.45	Avg steps: 577
2020-06-27 17:57:13,230	INFO	Total steps: 3007464	Episode: 4900/436	Avg reward: 16.40	Avg steps: 548
2020-06-27 18:00:49,946	INFO	Total steps: 3019033	Episode: 4920/468	Avg reward: 15.80	Avg steps: 577
2020-06-27 18:04:23,116	INFO	Total steps: 3030461	Episode: 4940/575	Avg reward: 16.60	Avg steps: 570
2020-06-27 18:08:06,076	INFO	Total steps: 3042325	Episode: 4960/748	Avg reward: 17.15	Avg steps: 592
2020-06-27 18:11:40,430	INFO	Total steps: 3053773	Episode: 4980/603	Avg reward: 16.15	Avg steps: 571
2020-06-27 18:15:27,267	INFO	Total steps: 3065964	Episode: 5000/442	Avg reward: 15.95	Avg steps: 608
2020-06-27 18:19:10,655	INFO	Total steps: 3077850	Episode: 5020/572	Avg reward: 16.20	Avg steps: 593
2020-06-27 18:22:36,453	INFO	Total steps: 3088895	Episode: 5040/695	Avg reward: 17.05	Avg steps: 551
2020-06-27 18:26:23,374	INFO	Total steps: 3101140	Episode: 5060/547	Avg reward: 16.15	Avg steps: 611
2020-06-27 18:29:55,188	INFO	Total steps: 3112455	Episode: 5080/561	Avg reward: 16.00	Avg steps: 564
2020-06-27 18:33:25,693	INFO	Total steps: 3123724	Episode: 5100/631	Avg reward: 16.80	Avg steps: 562
2020-06-27 18:36:57,323	INFO	Total steps: 3135078	Episode: 5120/576	Avg reward: 16.10	Avg steps: 566
2020-06-27 18:40:37,539	INFO	Total steps: 3146742	Episode: 5140/542	Avg reward: 16.20	Avg steps: 582
2020-06-27 18:44:15,810	INFO	Total steps: 3158350	Episode: 5160/419	Avg reward: 17.45	Avg steps: 579
2020-06-27 18:47:49,827	INFO	Total steps: 3169833	Episode: 5180/773	Avg reward: 16.10	Avg steps: 573
2020-06-27 18:51:36,682	INFO	Total steps: 3181920	Episode: 5200/503	Avg reward: 16.70	Avg steps: 603
2020-06-27 18:55:37,743	INFO	Total steps: 3194789	Episode: 5220/452	Avg reward: 16.65	Avg steps: 642
2020-06-27 18:59:14,713	INFO	Total steps: 3206349	Episode: 5240/725	Avg reward: 16.40	Avg steps: 577
2020-06-27 19:02:42,661	INFO	Total steps: 3217436	Episode: 5260/644	Avg reward: 16.95	Avg steps: 553
2020-06-27 19:06:15,440	INFO	Total steps: 3228754	Episode: 5280/867	Avg reward: 16.70	Avg steps: 564
2020-06-27 19:10:10,785	INFO	Total steps: 3241320	Episode: 5300/637	Avg reward: 15.50	Avg steps: 627
2020-06-27 19:13:24,000	INFO	Total steps: 3251581	Episode: 5320/614	Avg reward: 17.20	Avg steps: 512
2020-06-27 19:17:04,945	INFO	Total steps: 3263504	Episode: 5340/488	Avg reward: 16.15	Avg steps: 595
2020-06-27 19:20:31,513	INFO	Total steps: 3274604	Episode: 5360/510	Avg reward: 16.25	Avg steps: 554
2020-06-27 19:24:07,296	INFO	Total steps: 3286077	Episode: 5380/538	Avg reward: 16.35	Avg steps: 572
2020-06-27 19:27:45,832	INFO	Total steps: 3297815	Episode: 5400/505	Avg reward: 16.60	Avg steps: 585
2020-06-27 19:31:15,017	INFO	Total steps: 3308941	Episode: 5420/500	Avg reward: 16.65	Avg steps: 555
2020-06-27 19:34:44,848	INFO	Total steps: 3320052	Episode: 5440/464	Avg reward: 16.60	Avg steps: 554
2020-06-27 19:38:26,432	INFO	Total steps: 3331899	Episode: 5460/764	Avg reward: 16.15	Avg steps: 591
2020-06-27 19:42:13,423	INFO	Total steps: 3343990	Episode: 5480/437	Avg reward: 16.20	Avg steps: 603
2020-06-27 19:45:43,008	INFO	Total steps: 3355132	Episode: 5500/520	Avg reward: 17.20	Avg steps: 556
2020-06-27 19:49:23,140	INFO	Total steps: 3366830	Episode: 5520/482	Avg reward: 16.55	Avg steps: 583
2020-06-27 19:53:06,227	INFO	Total steps: 3378558	Episode: 5540/441	Avg reward: 16.75	Avg steps: 585
2020-06-27 19:56:48,155	INFO	Total steps: 3390336	Episode: 5560/547	Avg reward: 16.35	Avg steps: 587
2020-06-27 20:00:32,411	INFO	Total steps: 3402288	Episode: 5580/613	Avg reward: 17.15	Avg steps: 596
2020-06-27 20:03:58,345	INFO	Total steps: 3413266	Episode: 5600/634	Avg reward: 17.25	Avg steps: 547
2020-06-27 20:07:20,857	INFO	Total steps: 3423998	Episode: 5620/427	Avg reward: 16.75	Avg steps: 535
2020-06-27 20:11:03,472	INFO	Total steps: 3435880	Episode: 5640/480	Avg reward: 16.85	Avg steps: 593
2020-06-27 20:14:46,438	INFO	Total steps: 3447726	Episode: 5660/562	Avg reward: 16.70	Avg steps: 591
2020-06-27 20:18:20,100	INFO	Total steps: 3459119	Episode: 5680/704	Avg reward: 16.00	Avg steps: 568
2020-06-27 20:22:03,003	INFO	Total steps: 3470925	Episode: 5700/449	Avg reward: 15.75	Avg steps: 589
2020-06-27 20:25:46,805	INFO	Total steps: 3482772	Episode: 5720/782	Avg reward: 16.30	Avg steps: 591
2020-06-27 20:29:15,279	INFO	Total steps: 3493897	Episode: 5740/562	Avg reward: 16.05	Avg steps: 555
2020-06-27 20:32:55,934	INFO	Total steps: 3505569	Episode: 5760/725	Avg reward: 16.00	Avg steps: 582
2020-06-27 20:36:29,007	INFO	Total steps: 3516909	Episode: 5780/510	Avg reward: 16.60	Avg steps: 566
2020-06-27 20:40:11,424	INFO	Total steps: 3528686	Episode: 5800/621	Avg reward: 15.35	Avg steps: 587
2020-06-27 20:43:36,730	INFO	Total steps: 3539631	Episode: 5820/437	Avg reward: 16.85	Avg steps: 546
2020-06-27 20:47:21,984	INFO	Total steps: 3551691	Episode: 5840/560	Avg reward: 15.30	Avg steps: 602
2020-06-27 20:50:56,368	INFO	Total steps: 3563213	Episode: 5860/677	Avg reward: 16.60	Avg steps: 575
2020-06-27 20:54:43,139	INFO	Total steps: 3575385	Episode: 5880/476	Avg reward: 15.60	Avg steps: 607
2020-06-27 20:58:29,904	INFO	Total steps: 3587581	Episode: 5900/533	Avg reward: 14.80	Avg steps: 608
2020-06-27 21:02:01,318	INFO	Total steps: 3599030	Episode: 5920/478	Avg reward: 16.35	Avg steps: 571
2020-06-27 21:05:29,302	INFO	Total steps: 3610058	Episode: 5940/671	Avg reward: 16.45	Avg steps: 550
2020-06-27 21:09:00,691	INFO	Total steps: 3621232	Episode: 5960/469	Avg reward: 16.70	Avg steps: 557
2020-06-27 21:12:40,974	INFO	Total steps: 3632877	Episode: 5980/644	Avg reward: 16.25	Avg steps: 581
2020-06-27 21:16:04,356	INFO	Total steps: 3643683	Episode: 6000/455	Avg reward: 16.20	Avg steps: 539
2020-06-27 21:19:36,266	INFO	Total steps: 3654996	Episode: 6020/642	Avg reward: 16.50	Avg steps: 564
2020-06-27 21:23:11,358	INFO	Total steps: 3666444	Episode: 6040/662	Avg reward: 16.50	Avg steps: 571
2020-06-27 21:26:47,088	INFO	Total steps: 3677966	Episode: 6060/623	Avg reward: 15.90	Avg steps: 575
2020-06-27 21:30:36,810	INFO	Total steps: 3690083	Episode: 6080/582	Avg reward: 15.45	Avg steps: 604
2020-06-27 21:33:59,992	INFO	Total steps: 3700750	Episode: 6100/483	Avg reward: 16.35	Avg steps: 532
2020-06-27 21:37:38,310	INFO	Total steps: 3712345	Episode: 6120/455	Avg reward: 16.15	Avg steps: 578
2020-06-27 21:41:24,735	INFO	Total steps: 3724328	Episode: 6140/502	Avg reward: 15.35	Avg steps: 598
2020-06-27 21:44:54,835	INFO	Total steps: 3735376	Episode: 6160/540	Avg reward: 16.55	Avg steps: 551
2020-06-27 21:48:30,194	INFO	Total steps: 3746742	Episode: 6180/513	Avg reward: 15.35	Avg steps: 567
2020-06-27 21:52:10,260	INFO	Total steps: 3758447	Episode: 6200/588	Avg reward: 16.10	Avg steps: 584
2020-06-27 21:55:41,641	INFO	Total steps: 3769638	Episode: 6220/438	Avg reward: 16.15	Avg steps: 558
2020-06-27 21:59:18,047	INFO	Total steps: 3781049	Episode: 6240/630	Avg reward: 16.05	Avg steps: 569
2020-06-27 22:02:41,701	INFO	Total steps: 3791955	Episode: 6260/537	Avg reward: 16.80	Avg steps: 544
2020-06-27 22:06:22,969	INFO	Total steps: 3803809	Episode: 6280/589	Avg reward: 15.75	Avg steps: 591
2020-06-27 22:09:37,595	INFO	Total steps: 3814200	Episode: 6300/670	Avg reward: 16.40	Avg steps: 518
2020-06-27 22:13:17,693	INFO	Total steps: 3825832	Episode: 6320/695	Avg reward: 15.20	Avg steps: 580
2020-06-27 22:16:51,714	INFO	Total steps: 3837262	Episode: 6340/505	Avg reward: 16.20	Avg steps: 570
2020-06-27 22:20:27,032	INFO	Total steps: 3848806	Episode: 6360/417	Avg reward: 16.70	Avg steps: 576
2020-06-27 22:23:59,888	INFO	Total steps: 3860122	Episode: 6380/673	Avg reward: 15.90	Avg steps: 564
2020-06-27 22:27:32,874	INFO	Total steps: 3871416	Episode: 6400/504	Avg reward: 15.20	Avg steps: 563
2020-06-27 22:30:59,883	INFO	Total steps: 3882371	Episode: 6420/579	Avg reward: 16.10	Avg steps: 546
2020-06-27 22:34:47,305	INFO	Total steps: 3894330	Episode: 6440/560	Avg reward: 15.60	Avg steps: 596
2020-06-27 22:38:19,896	INFO	Total steps: 3905666	Episode: 6460/632	Avg reward: 15.80	Avg steps: 565
2020-06-27 22:41:53,026	INFO	Total steps: 3916899	Episode: 6480/455	Avg reward: 15.65	Avg steps: 560
2020-06-27 22:45:32,350	INFO	Total steps: 3928357	Episode: 6500/512	Avg reward: 14.95	Avg steps: 571
2020-06-27 22:49:07,425	INFO	Total steps: 3939729	Episode: 6520/430	Avg reward: 16.25	Avg steps: 567
2020-06-27 22:52:51,005	INFO	Total steps: 3951469	Episode: 6540/460	Avg reward: 15.45	Avg steps: 586
2020-06-27 22:56:29,064	INFO	Total steps: 3962898	Episode: 6560/594	Avg reward: 16.35	Avg steps: 570
2020-06-27 23:00:07,754	INFO	Total steps: 3974395	Episode: 6580/775	Avg reward: 15.80	Avg steps: 573
2020-06-27 23:03:33,937	INFO	Total steps: 3985189	Episode: 6600/453	Avg reward: 16.55	Avg steps: 538
2020-06-27 23:07:13,692	INFO	Total steps: 3996726	Episode: 6620/713	Avg reward: 15.65	Avg steps: 575
2020-06-27 23:10:54,023	INFO	Total steps: 4008418	Episode: 6640/771	Avg reward: 15.00	Avg steps: 583
2020-06-27 23:14:45,068	INFO	Total steps: 4020705	Episode: 6660/464	Avg reward: 14.75	Avg steps: 613
2020-06-27 23:18:23,299	INFO	Total steps: 4032470	Episode: 6680/472	Avg reward: 15.20	Avg steps: 587
2020-06-27 23:21:52,006	INFO	Total steps: 4043689	Episode: 6700/548	Avg reward: 15.60	Avg steps: 559
2020-06-27 23:25:39,943	INFO	Total steps: 4055779	Episode: 6720/512	Avg reward: 14.25	Avg steps: 603
2020-06-27 23:29:26,814	INFO	Total steps: 4067921	Episode: 6740/728	Avg reward: 16.00	Avg steps: 606
2020-06-27 23:33:19,288	INFO	Total steps: 4080363	Episode: 6760/585	Avg reward: 14.90	Avg steps: 621
2020-06-27 23:36:50,413	INFO	Total steps: 4091633	Episode: 6780/816	Avg reward: 15.15	Avg steps: 562
2020-06-27 23:40:47,462	INFO	Total steps: 4104231	Episode: 6800/614	Avg reward: 14.30	Avg steps: 628
2020-06-27 23:44:25,648	INFO	Total steps: 4116030	Episode: 6820/731	Avg reward: 16.10	Avg steps: 588
2020-06-27 23:47:58,368	INFO	Total steps: 4127418	Episode: 6840/449	Avg reward: 15.40	Avg steps: 568
2020-06-27 23:51:35,210	INFO	Total steps: 4139118	Episode: 6860/521	Avg reward: 15.10	Avg steps: 584
2020-06-27 23:55:18,555	INFO	Total steps: 4151235	Episode: 6880/615	Avg reward: 15.50	Avg steps: 604
2020-06-27 23:59:07,783	INFO	Total steps: 4163592	Episode: 6900/648	Avg reward: 14.70	Avg steps: 616
2020-06-28 00:02:49,137	INFO	Total steps: 4175277	Episode: 6920/524	Avg reward: 15.40	Avg steps: 583
2020-06-28 00:06:27,814	INFO	Total steps: 4186977	Episode: 6940/550	Avg reward: 15.25	Avg steps: 584
2020-06-28 00:10:27,252	INFO	Total steps: 4199743	Episode: 6960/621	Avg reward: 15.25	Avg steps: 637
2020-06-28 00:14:06,690	INFO	Total steps: 4211454	Episode: 6980/553	Avg reward: 15.20	Avg steps: 584
2020-06-28 00:17:49,627	INFO	Total steps: 4223352	Episode: 7000/483	Avg reward: 15.50	Avg steps: 593
2020-06-28 00:21:48,773	INFO	Total steps: 4236166	Episode: 7020/564	Avg reward: 14.35	Avg steps: 639
2020-06-28 00:25:40,795	INFO	Total steps: 4248460	Episode: 7040/543	Avg reward: 14.65	Avg steps: 613
2020-06-28 00:29:32,516	INFO	Total steps: 4260867	Episode: 7060/448	Avg reward: 14.70	Avg steps: 619
2020-06-28 00:33:27,835	INFO	Total steps: 4273551	Episode: 7080/665	Avg reward: 14.85	Avg steps: 633
2020-06-28 00:37:06,897	INFO	Total steps: 4285295	Episode: 7100/587	Avg reward: 15.20	Avg steps: 586
2020-06-28 00:40:40,744	INFO	Total steps: 4296737	Episode: 7120/621	Avg reward: 16.10	Avg steps: 571
2020-06-28 00:44:36,509	INFO	Total steps: 4309230	Episode: 7140/596	Avg reward: 15.35	Avg steps: 623
2020-06-28 00:48:15,609	INFO	Total steps: 4320980	Episode: 7160/716	Avg reward: 15.60	Avg steps: 586
2020-06-28 00:52:01,269	INFO	Total steps: 4333015	Episode: 7180/543	Avg reward: 14.95	Avg steps: 600
2020-06-28 00:56:05,058	INFO	Total steps: 4345971	Episode: 7200/705	Avg reward: 14.50	Avg steps: 646
2020-06-28 00:59:44,793	INFO	Total steps: 4357738	Episode: 7220/596	Avg reward: 15.30	Avg steps: 587
2020-06-28 01:03:27,336	INFO	Total steps: 4369717	Episode: 7240/714	Avg reward: 15.25	Avg steps: 597
2020-06-28 01:07:24,823	INFO	Total steps: 4382380	Episode: 7260/555	Avg reward: 14.80	Avg steps: 632
2020-06-28 01:11:29,392	INFO	Total steps: 4395409	Episode: 7280/645	Avg reward: 14.20	Avg steps: 650
2020-06-28 01:15:29,023	INFO	Total steps: 4408265	Episode: 7300/506	Avg reward: 15.20	Avg steps: 641
2020-06-28 01:19:17,715	INFO	Total steps: 4420556	Episode: 7320/583	Avg reward: 13.70	Avg steps: 613
2020-06-28 01:23:32,384	INFO	Total steps: 4434103	Episode: 7340/690	Avg reward: 14.80	Avg steps: 676
2020-06-28 01:27:04,883	INFO	Total steps: 4445427	Episode: 7360/516	Avg reward: 15.75	Avg steps: 565
2020-06-28 01:30:46,724	INFO	Total steps: 4457380	Episode: 7380/614	Avg reward: 15.65	Avg steps: 596
2020-06-28 01:34:22,649	INFO	Total steps: 4469049	Episode: 7400/693	Avg reward: 15.50	Avg steps: 582
2020-06-28 01:38:04,743	INFO	Total steps: 4480886	Episode: 7420/652	Avg reward: 14.80	Avg steps: 590
2020-06-28 01:41:45,411	INFO	Total steps: 4492759	Episode: 7440/709	Avg reward: 15.85	Avg steps: 592
2020-06-28 01:45:38,223	INFO	Total steps: 4505190	Episode: 7460/545	Avg reward: 15.70	Avg steps: 620
2020-06-28 01:49:14,383	INFO	Total steps: 4516789	Episode: 7480/507	Avg reward: 16.25	Avg steps: 578
2020-06-28 01:52:51,769	INFO	Total steps: 4528367	Episode: 7500/580	Avg reward: 16.10	Avg steps: 577
2020-06-28 01:56:27,214	INFO	Total steps: 4539920	Episode: 7520/422	Avg reward: 16.15	Avg steps: 576
2020-06-28 02:00:06,256	INFO	Total steps: 4551618	Episode: 7540/436	Avg reward: 17.45	Avg steps: 583
2020-06-28 02:04:04,911	INFO	Total steps: 4564412	Episode: 7560/855	Avg reward: 15.10	Avg steps: 638
2020-06-28 02:07:51,923	INFO	Total steps: 4576664	Episode: 7580/699	Avg reward: 16.00	Avg steps: 611
2020-06-28 02:12:02,441	INFO	Total steps: 4590063	Episode: 7600/712	Avg reward: 15.90	Avg steps: 668
2020-06-28 02:15:57,628	INFO	Total steps: 4602757	Episode: 7620/540	Avg reward: 15.95	Avg steps: 633
2020-06-28 02:19:26,895	INFO	Total steps: 4614014	Episode: 7640/503	Avg reward: 16.40	Avg steps: 561
2020-06-28 02:22:59,521	INFO	Total steps: 4625369	Episode: 7660/571	Avg reward: 16.45	Avg steps: 566
2020-06-28 02:26:45,681	INFO	Total steps: 4637256	Episode: 7680/460	Avg reward: 16.30	Avg steps: 593
2020-06-28 02:30:33,706	INFO	Total steps: 4649156	Episode: 7700/436	Avg reward: 16.65	Avg steps: 594
2020-06-28 02:34:34,567	INFO	Total steps: 4661605	Episode: 7720/501	Avg reward: 15.85	Avg steps: 621
2020-06-28 02:38:32,025	INFO	Total steps: 4673919	Episode: 7740/677	Avg reward: 16.20	Avg steps: 614
2020-06-28 02:42:29,293	INFO	Total steps: 4686149	Episode: 7760/611	Avg reward: 16.35	Avg steps: 610
2020-06-28 02:46:23,136	INFO	Total steps: 4698313	Episode: 7780/719	Avg reward: 15.40	Avg steps: 607
2020-06-28 02:50:03,135	INFO	Total steps: 4710063	Episode: 7800/499	Avg reward: 15.60	Avg steps: 586
2020-06-28 02:54:00,459	INFO	Total steps: 4722652	Episode: 7820/668	Avg reward: 14.35	Avg steps: 628
2020-06-28 02:57:41,211	INFO	Total steps: 4734399	Episode: 7840/589	Avg reward: 15.50	Avg steps: 586
2020-06-28 03:01:48,468	INFO	Total steps: 4747702	Episode: 7860/582	Avg reward: 15.00	Avg steps: 664
2020-06-28 03:05:46,379	INFO	Total steps: 4760400	Episode: 7880/647	Avg reward: 15.20	Avg steps: 633
2020-06-28 03:09:38,325	INFO	Total steps: 4772833	Episode: 7900/849	Avg reward: 16.05	Avg steps: 620
2020-06-28 03:13:07,477	INFO	Total steps: 4784080	Episode: 7920/458	Avg reward: 16.30	Avg steps: 561
2020-06-28 03:17:00,880	INFO	Total steps: 4796545	Episode: 7940/762	Avg reward: 15.25	Avg steps: 622
2020-06-28 03:20:28,494	INFO	Total steps: 4807582	Episode: 7960/606	Avg reward: 16.95	Avg steps: 550
2020-06-28 03:23:49,776	INFO	Total steps: 4818351	Episode: 7980/558	Avg reward: 16.65	Avg steps: 537
2020-06-28 03:27:22,678	INFO	Total steps: 4829614	Episode: 8000/413	Avg reward: 16.35	Avg steps: 562
