2020-06-23 23:16:22,460	INFO	--width 160 --height 160 --ball 3.0 --snell 3.0 --ps 3.0 --paddle-speed 3.0 --pa 45.0 --paddle-angle 45.0 --pl 30 --paddle-length 30 --lr 0.0001 --learning-rate 0.0001 --network dqn_pong_model --pretrain False --render False --update-prob 0.2 --episodes 4000 --checkpoint dqn_pong_model --history history.p --store-dir ../experiments/22 
2020-06-23 23:16:35,843	INFO	Total steps: 5397	Episode: 20/163	Avg reward: -18.25	Avg steps: 268
2020-06-24 00:12:12,687	INFO	--width 160 --height 160 --ball 3.0 --snell 3.0 --ps 3.0 --paddle-speed 3.0 --pa 45.0 --paddle-angle 45.0 --pl 30 --paddle-length 30 --lr 0.0001 --learning-rate 0.0001 --network dqn_pong_model --pretrain False --render False --update-prob 0.2 --episodes 4000 --checkpoint dqn_pong_model --history history.p --store-dir ../experiments/22 
2020-06-24 00:12:12,882	INFO	Device: cuda
2020-06-24 00:12:38,139	INFO	Total steps: 5618	Episode: 20/290	Avg reward: -17.40	Avg steps: 279
2020-06-24 00:20:55,386	INFO	--width 160 --height 160 --ball 3.0 --snell 3.0 --ps 3.0 --paddle-speed 3.0 --pa 45.0 --paddle-angle 45.0 --pl 30 --paddle-length 30 --lr 0.0001 --learning-rate 0.0001 --network dqn_pong_model --pretrain False --render False --update-prob 0.2 --episodes 4000 --checkpoint dqn_pong_model --history history.p --store-dir ../experiments/22 
2020-06-24 00:20:55,598	INFO	Device: cuda
2020-06-24 00:21:13,173	INFO	Total steps: 5265	Episode: 20/304	Avg reward: -17.75	Avg steps: 262
2020-06-24 00:21:50,151	INFO	Total steps: 10799	Episode: 40/206	Avg reward: -18.50	Avg steps: 275
2020-06-24 00:25:11,281	INFO	Total steps: 16545	Episode: 60/300	Avg reward: -17.50	Avg steps: 286
2020-06-24 00:28:39,465	INFO	Total steps: 22444	Episode: 80/251	Avg reward: -17.65	Avg steps: 293
2020-06-24 03:38:19,608	INFO	--width 160 --height 160 --ball 3.0 --snell 3.0 --ps 3.0 --paddle-speed 3.0 --pa 45.0 --paddle-angle 45.0 --pl 30 --paddle-length 30 --lr 0.0001 --learning-rate 0.0001 --network dqn_pong_model --pretrain False --render False --update-prob 0.2 --episodes 4000 --checkpoint dqn_pong_model --history history.p --store-dir ../experiments/22 
2020-06-24 03:38:19,696	INFO	Device: cuda
2020-06-24 03:38:39,600	INFO	Total steps: 5701	Episode: 20/193	Avg reward: -18.25	Avg steps: 284
2020-06-24 03:39:28,053	INFO	Total steps: 11141	Episode: 40/336	Avg reward: -17.95	Avg steps: 271
2020-06-24 03:42:51,943	INFO	Total steps: 16999	Episode: 60/248	Avg reward: -17.70	Avg steps: 291
2020-06-24 03:46:22,507	INFO	Total steps: 23014	Episode: 80/388	Avg reward: -17.85	Avg steps: 299
2020-06-24 03:49:56,672	INFO	Total steps: 29112	Episode: 100/238	Avg reward: -17.30	Avg steps: 303
2020-06-24 03:53:14,716	INFO	Total steps: 34770	Episode: 120/342	Avg reward: -18.35	Avg steps: 281
2020-06-24 03:56:40,868	INFO	Total steps: 40661	Episode: 140/224	Avg reward: -18.15	Avg steps: 293
2020-06-24 04:00:19,289	INFO	Total steps: 46880	Episode: 160/392	Avg reward: -18.25	Avg steps: 309
2020-06-24 04:03:43,441	INFO	Total steps: 52693	Episode: 180/344	Avg reward: -17.95	Avg steps: 289
2020-06-24 04:07:27,216	INFO	Total steps: 59084	Episode: 200/454	Avg reward: -16.90	Avg steps: 318
2020-06-24 04:11:06,235	INFO	Total steps: 65341	Episode: 220/275	Avg reward: -17.60	Avg steps: 311
2020-06-24 04:14:44,419	INFO	Total steps: 71556	Episode: 240/371	Avg reward: -17.30	Avg steps: 309
2020-06-24 04:18:10,882	INFO	Total steps: 77425	Episode: 260/344	Avg reward: -17.65	Avg steps: 292
2020-06-24 04:21:46,233	INFO	Total steps: 83588	Episode: 280/406	Avg reward: -17.40	Avg steps: 307
2020-06-24 04:25:32,589	INFO	Total steps: 90020	Episode: 300/320	Avg reward: -17.10	Avg steps: 320
2020-06-24 04:29:23,711	INFO	Total steps: 96538	Episode: 320/480	Avg reward: -17.20	Avg steps: 324
2020-06-24 04:32:51,584	INFO	Total steps: 102448	Episode: 340/294	Avg reward: -17.50	Avg steps: 294
2020-06-24 04:36:22,897	INFO	Total steps: 108505	Episode: 360/248	Avg reward: -17.00	Avg steps: 301
2020-06-24 04:40:01,569	INFO	Total steps: 114761	Episode: 380/444	Avg reward: -16.95	Avg steps: 311
2020-06-24 04:43:32,071	INFO	Total steps: 120780	Episode: 400/311	Avg reward: -16.90	Avg steps: 299
2020-06-24 04:47:10,092	INFO	Total steps: 126994	Episode: 420/377	Avg reward: -17.15	Avg steps: 309
2020-06-24 04:50:51,565	INFO	Total steps: 133339	Episode: 440/223	Avg reward: -17.10	Avg steps: 316
2020-06-24 04:54:22,662	INFO	Total steps: 139380	Episode: 460/315	Avg reward: -17.95	Avg steps: 301
2020-06-24 04:58:26,690	INFO	Total steps: 146329	Episode: 480/525	Avg reward: -16.45	Avg steps: 346
2020-06-24 05:02:13,429	INFO	Total steps: 152749	Episode: 500/288	Avg reward: -17.00	Avg steps: 320
2020-06-24 05:05:55,557	INFO	Total steps: 159036	Episode: 520/266	Avg reward: -17.50	Avg steps: 313
2020-06-24 05:09:54,724	INFO	Total steps: 165847	Episode: 540/485	Avg reward: -17.20	Avg steps: 339
2020-06-24 05:14:04,910	INFO	Total steps: 172954	Episode: 560/316	Avg reward: -16.45	Avg steps: 354
2020-06-24 05:18:23,418	INFO	Total steps: 180350	Episode: 580/350	Avg reward: -16.85	Avg steps: 368
2020-06-24 05:22:42,431	INFO	Total steps: 187806	Episode: 600/521	Avg reward: -16.60	Avg steps: 371
2020-06-24 05:26:30,267	INFO	Total steps: 194437	Episode: 620/370	Avg reward: -16.30	Avg steps: 330
2020-06-24 05:30:19,420	INFO	Total steps: 201135	Episode: 640/380	Avg reward: -16.95	Avg steps: 333
2020-06-24 05:33:53,576	INFO	Total steps: 207380	Episode: 660/229	Avg reward: -16.65	Avg steps: 311
2020-06-24 05:37:18,827	INFO	Total steps: 213289	Episode: 680/370	Avg reward: -17.20	Avg steps: 294
2020-06-24 05:41:34,883	INFO	Total steps: 220756	Episode: 700/318	Avg reward: -16.00	Avg steps: 372
2020-06-24 05:45:46,726	INFO	Total steps: 228005	Episode: 720/240	Avg reward: -15.35	Avg steps: 361
2020-06-24 05:49:39,553	INFO	Total steps: 234763	Episode: 740/555	Avg reward: -15.90	Avg steps: 336
2020-06-24 05:54:05,257	INFO	Total steps: 242435	Episode: 760/453	Avg reward: -15.00	Avg steps: 382
2020-06-24 05:58:42,449	INFO	Total steps: 250479	Episode: 780/400	Avg reward: -15.55	Avg steps: 401
2020-06-24 06:02:55,228	INFO	Total steps: 257800	Episode: 800/286	Avg reward: -15.75	Avg steps: 365
2020-06-24 06:06:55,936	INFO	Total steps: 264778	Episode: 820/320	Avg reward: -16.20	Avg steps: 347
2020-06-24 06:11:24,145	INFO	Total steps: 272399	Episode: 840/462	Avg reward: -15.80	Avg steps: 380
2020-06-24 06:16:06,681	INFO	Total steps: 280437	Episode: 860/492	Avg reward: -14.45	Avg steps: 400
2020-06-24 06:20:45,596	INFO	Total steps: 288389	Episode: 880/358	Avg reward: -15.35	Avg steps: 396
2020-06-24 06:25:08,950	INFO	Total steps: 295798	Episode: 900/447	Avg reward: -15.70	Avg steps: 369
2020-06-24 06:29:43,650	INFO	Total steps: 303511	Episode: 920/343	Avg reward: -15.50	Avg steps: 384
2020-06-24 06:34:13,037	INFO	Total steps: 311160	Episode: 940/414	Avg reward: -14.80	Avg steps: 381
2020-06-24 06:39:05,393	INFO	Total steps: 319457	Episode: 960/395	Avg reward: -14.75	Avg steps: 413
2020-06-24 06:43:25,141	INFO	Total steps: 326875	Episode: 980/233	Avg reward: -15.60	Avg steps: 369
2020-06-24 06:48:12,451	INFO	Total steps: 335043	Episode: 1000/405	Avg reward: -15.10	Avg steps: 407
2020-06-24 06:52:58,840	INFO	Total steps: 343170	Episode: 1020/281	Avg reward: -14.35	Avg steps: 405
2020-06-24 06:57:29,898	INFO	Total steps: 350907	Episode: 1040/485	Avg reward: -14.80	Avg steps: 385
2020-06-24 07:02:09,117	INFO	Total steps: 358850	Episode: 1060/308	Avg reward: -14.85	Avg steps: 396
2020-06-24 07:07:12,677	INFO	Total steps: 367416	Episode: 1080/383	Avg reward: -13.50	Avg steps: 427
2020-06-24 07:12:19,876	INFO	Total steps: 376160	Episode: 1100/372	Avg reward: -13.80	Avg steps: 436
2020-06-24 07:17:35,631	INFO	Total steps: 384913	Episode: 1120/467	Avg reward: -14.00	Avg steps: 436
2020-06-24 07:22:49,740	INFO	Total steps: 394034	Episode: 1140/518	Avg reward: -13.55	Avg steps: 455
2020-06-24 07:27:43,331	INFO	Total steps: 402450	Episode: 1160/646	Avg reward: -14.55	Avg steps: 419
2020-06-24 07:33:03,229	INFO	Total steps: 411578	Episode: 1180/457	Avg reward: -13.70	Avg steps: 455
2020-06-24 07:37:45,060	INFO	Total steps: 419584	Episode: 1200/398	Avg reward: -14.85	Avg steps: 399
2020-06-24 07:42:24,442	INFO	Total steps: 427556	Episode: 1220/268	Avg reward: -14.60	Avg steps: 397
2020-06-24 07:47:59,476	INFO	Total steps: 437034	Episode: 1240/532	Avg reward: -13.00	Avg steps: 472
2020-06-24 07:53:28,259	INFO	Total steps: 446346	Episode: 1260/476	Avg reward: -12.95	Avg steps: 464
2020-06-24 07:59:05,597	INFO	Total steps: 455947	Episode: 1280/398	Avg reward: -13.00	Avg steps: 479
2020-06-24 08:04:37,426	INFO	Total steps: 465415	Episode: 1300/440	Avg reward: -12.80	Avg steps: 472
2020-06-24 08:10:07,359	INFO	Total steps: 474715	Episode: 1320/569	Avg reward: -13.20	Avg steps: 464
2020-06-24 08:15:44,845	INFO	Total steps: 484304	Episode: 1340/502	Avg reward: -13.30	Avg steps: 478
2020-06-24 08:21:20,659	INFO	Total steps: 493834	Episode: 1360/459	Avg reward: -13.50	Avg steps: 475
2020-06-24 08:27:27,799	INFO	Total steps: 504281	Episode: 1380/450	Avg reward: -12.55	Avg steps: 521
2020-06-24 08:33:26,124	INFO	Total steps: 514439	Episode: 1400/462	Avg reward: -12.85	Avg steps: 506
2020-06-24 08:39:40,087	INFO	Total steps: 525047	Episode: 1420/484	Avg reward: -11.65	Avg steps: 529
2020-06-24 08:45:10,984	INFO	Total steps: 534406	Episode: 1440/387	Avg reward: -12.75	Avg steps: 466
2020-06-24 08:50:52,238	INFO	Total steps: 544091	Episode: 1460/478	Avg reward: -13.30	Avg steps: 483
2020-06-24 08:57:00,864	INFO	Total steps: 554534	Episode: 1480/507	Avg reward: -11.60	Avg steps: 521
2020-06-24 09:03:41,868	INFO	Total steps: 565907	Episode: 1500/503	Avg reward: -10.75	Avg steps: 567
2020-06-24 09:09:53,382	INFO	Total steps: 576453	Episode: 1520/414	Avg reward: -11.30	Avg steps: 526
2020-06-24 09:15:43,957	INFO	Total steps: 586409	Episode: 1540/656	Avg reward: -12.10	Avg steps: 496
2020-06-24 09:22:03,976	INFO	Total steps: 597080	Episode: 1560/358	Avg reward: -11.20	Avg steps: 532
2020-06-24 09:28:11,178	INFO	Total steps: 607481	Episode: 1580/752	Avg reward: -11.30	Avg steps: 519
2020-06-24 09:34:34,680	INFO	Total steps: 618475	Episode: 1600/426	Avg reward: -10.65	Avg steps: 548
2020-06-24 09:40:16,309	INFO	Total steps: 628249	Episode: 1620/296	Avg reward: -11.95	Avg steps: 487
2020-06-24 09:46:47,155	INFO	Total steps: 639344	Episode: 1640/549	Avg reward: -9.60	Avg steps: 553
2020-06-24 09:53:13,064	INFO	Total steps: 650253	Episode: 1660/627	Avg reward: -10.95	Avg steps: 544
2020-06-24 09:59:42,475	INFO	Total steps: 661368	Episode: 1680/524	Avg reward: -11.00	Avg steps: 554
2020-06-24 10:06:08,742	INFO	Total steps: 672451	Episode: 1700/395	Avg reward: -10.35	Avg steps: 553
2020-06-24 10:14:02,485	INFO	Total steps: 685868	Episode: 1720/782	Avg reward: -8.90	Avg steps: 669
2020-06-24 10:21:18,726	INFO	Total steps: 698318	Episode: 1740/385	Avg reward: -8.30	Avg steps: 621
2020-06-24 10:28:20,165	INFO	Total steps: 710277	Episode: 1760/561	Avg reward: -8.90	Avg steps: 596
2020-06-24 10:36:04,577	INFO	Total steps: 723581	Episode: 1780/578	Avg reward: -9.10	Avg steps: 664
2020-06-24 10:44:07,983	INFO	Total steps: 737281	Episode: 1800/566	Avg reward: -9.15	Avg steps: 684
2020-06-24 10:51:41,795	INFO	Total steps: 750124	Episode: 1820/891	Avg reward: -10.15	Avg steps: 641
2020-06-24 10:58:57,434	INFO	Total steps: 762554	Episode: 1840/685	Avg reward: -9.15	Avg steps: 620
2020-06-24 11:06:09,153	INFO	Total steps: 774763	Episode: 1860/599	Avg reward: -8.50	Avg steps: 609
2020-06-24 11:13:54,869	INFO	Total steps: 787892	Episode: 1880/719	Avg reward: -7.05	Avg steps: 655
2020-06-24 11:21:23,286	INFO	Total steps: 800346	Episode: 1900/514	Avg reward: -9.00	Avg steps: 621
2020-06-24 11:29:02,215	INFO	Total steps: 813347	Episode: 1920/728	Avg reward: -6.50	Avg steps: 649
2020-06-24 11:37:08,389	INFO	Total steps: 827066	Episode: 1940/692	Avg reward: -8.15	Avg steps: 684
2020-06-24 11:44:56,769	INFO	Total steps: 840289	Episode: 1960/726	Avg reward: -7.20	Avg steps: 660
2020-06-24 11:52:53,033	INFO	Total steps: 853742	Episode: 1980/714	Avg reward: -6.15	Avg steps: 671
2020-06-24 12:01:12,672	INFO	Total steps: 867839	Episode: 2000/653	Avg reward: -6.70	Avg steps: 703
2020-06-24 12:09:30,290	INFO	Total steps: 881874	Episode: 2020/603	Avg reward: -6.75	Avg steps: 700
2020-06-24 12:18:07,918	INFO	Total steps: 896452	Episode: 2040/601	Avg reward: -6.50	Avg steps: 727
2020-06-24 12:26:21,631	INFO	Total steps: 910410	Episode: 2060/592	Avg reward: -6.55	Avg steps: 696
2020-06-24 12:33:57,084	INFO	Total steps: 923269	Episode: 2080/894	Avg reward: -7.65	Avg steps: 641
2020-06-24 12:42:14,620	INFO	Total steps: 937309	Episode: 2100/795	Avg reward: -4.80	Avg steps: 701
2020-06-24 12:50:49,890	INFO	Total steps: 951836	Episode: 2120/811	Avg reward: -1.75	Avg steps: 725
2020-06-24 13:00:01,540	INFO	Total steps: 967410	Episode: 2140/793	Avg reward: -2.95	Avg steps: 777
2020-06-24 13:08:56,580	INFO	Total steps: 982504	Episode: 2160/649	Avg reward: -5.35	Avg steps: 753
2020-06-24 13:18:11,573	INFO	Total steps: 998033	Episode: 2180/904	Avg reward: -2.20	Avg steps: 775
2020-06-24 13:28:17,120	INFO	Total steps: 1014539	Episode: 2200/639	Avg reward: -3.15	Avg steps: 824
2020-06-24 13:37:33,220	INFO	Total steps: 1029551	Episode: 2220/794	Avg reward: -4.25	Avg steps: 749
2020-06-24 13:47:19,886	INFO	Total steps: 1045352	Episode: 2240/444	Avg reward: -1.75	Avg steps: 789
2020-06-24 13:56:09,605	INFO	Total steps: 1059777	Episode: 2260/445	Avg reward: -5.25	Avg steps: 720
2020-06-24 14:05:47,346	INFO	Total steps: 1075502	Episode: 2280/710	Avg reward: -1.90	Avg steps: 785
2020-06-24 14:15:34,946	INFO	Total steps: 1091462	Episode: 2300/799	Avg reward: -1.10	Avg steps: 797
2020-06-24 14:25:42,106	INFO	Total steps: 1108384	Episode: 2320/735	Avg reward: 1.65	Avg steps: 845
2020-06-24 14:35:34,886	INFO	Total steps: 1125077	Episode: 2340/710	Avg reward: 0.10	Avg steps: 833
2020-06-24 14:45:14,899	INFO	Total steps: 1141409	Episode: 2360/848	Avg reward: -0.05	Avg steps: 815
2020-06-24 14:55:05,380	INFO	Total steps: 1158011	Episode: 2380/651	Avg reward: 1.95	Avg steps: 829
2020-06-24 15:04:50,348	INFO	Total steps: 1174501	Episode: 2400/869	Avg reward: -1.10	Avg steps: 823
2020-06-24 15:15:14,904	INFO	Total steps: 1192063	Episode: 2420/1183	Avg reward: 1.20	Avg steps: 877
2020-06-24 15:25:42,704	INFO	Total steps: 1209394	Episode: 2440/962	Avg reward: 2.20	Avg steps: 865
2020-06-24 15:35:56,808	INFO	Total steps: 1226619	Episode: 2460/890	Avg reward: 2.00	Avg steps: 860
2020-06-24 15:46:10,556	INFO	Total steps: 1243882	Episode: 2480/706	Avg reward: 1.20	Avg steps: 862
2020-06-24 15:56:00,479	INFO	Total steps: 1260454	Episode: 2500/994	Avg reward: 1.40	Avg steps: 827
2020-06-24 16:06:44,970	INFO	Total steps: 1278543	Episode: 2520/936	Avg reward: 1.40	Avg steps: 903
2020-06-24 16:16:36,782	INFO	Total steps: 1295176	Episode: 2540/489	Avg reward: 3.60	Avg steps: 830
2020-06-24 16:27:11,323	INFO	Total steps: 1313013	Episode: 2560/1259	Avg reward: 1.90	Avg steps: 890
2020-06-24 16:37:33,696	INFO	Total steps: 1330469	Episode: 2580/939	Avg reward: 2.80	Avg steps: 871
2020-06-24 16:47:41,414	INFO	Total steps: 1347518	Episode: 2600/953	Avg reward: 1.25	Avg steps: 851
2020-06-24 16:57:04,503	INFO	Total steps: 1363337	Episode: 2620/734	Avg reward: 3.65	Avg steps: 789
2020-06-24 17:06:53,285	INFO	Total steps: 1379921	Episode: 2640/733	Avg reward: 4.05	Avg steps: 828
2020-06-24 17:17:21,291	INFO	Total steps: 1397450	Episode: 2660/843	Avg reward: 3.10	Avg steps: 875
2020-06-24 17:28:43,606	INFO	Total steps: 1416761	Episode: 2680/963	Avg reward: 2.30	Avg steps: 964
2020-06-24 17:38:34,527	INFO	Total steps: 1433469	Episode: 2700/562	Avg reward: 4.10	Avg steps: 834
2020-06-24 17:48:11,109	INFO	Total steps: 1449660	Episode: 2720/838	Avg reward: 7.85	Avg steps: 808
2020-06-24 17:57:34,453	INFO	Total steps: 1465469	Episode: 2740/606	Avg reward: 4.90	Avg steps: 789
2020-06-24 18:07:14,289	INFO	Total steps: 1481688	Episode: 2760/865	Avg reward: 6.90	Avg steps: 809
2020-06-24 18:16:56,612	INFO	Total steps: 1497992	Episode: 2780/496	Avg reward: 6.55	Avg steps: 814
2020-06-24 18:27:41,698	INFO	Total steps: 1516080	Episode: 2800/912	Avg reward: 5.35	Avg steps: 903
2020-06-24 18:37:06,099	INFO	Total steps: 1532025	Episode: 2820/722	Avg reward: 8.40	Avg steps: 796
2020-06-24 18:47:11,292	INFO	Total steps: 1549070	Episode: 2840/1127	Avg reward: 7.45	Avg steps: 851
2020-06-24 18:56:20,889	INFO	Total steps: 1564680	Episode: 2860/570	Avg reward: 7.90	Avg steps: 779
2020-06-24 19:06:22,608	INFO	Total steps: 1581766	Episode: 2880/850	Avg reward: 6.60	Avg steps: 853
2020-06-24 19:16:00,248	INFO	Total steps: 1598195	Episode: 2900/799	Avg reward: 8.85	Avg steps: 820
2020-06-24 19:25:49,289	INFO	Total steps: 1614985	Episode: 2920/1039	Avg reward: 8.85	Avg steps: 838
2020-06-24 19:35:07,602	INFO	Total steps: 1630828	Episode: 2940/812	Avg reward: 7.85	Avg steps: 791
2020-06-24 19:45:13,417	INFO	Total steps: 1648008	Episode: 2960/947	Avg reward: 8.50	Avg steps: 858
2020-06-24 19:54:45,284	INFO	Total steps: 1664338	Episode: 2980/820	Avg reward: 7.70	Avg steps: 815
2020-06-24 20:04:37,181	INFO	Total steps: 1681288	Episode: 3000/706	Avg reward: 10.15	Avg steps: 846
2020-06-24 20:13:45,199	INFO	Total steps: 1696940	Episode: 3020/561	Avg reward: 10.00	Avg steps: 781
2020-06-24 20:22:52,406	INFO	Total steps: 1712603	Episode: 3040/798	Avg reward: 8.65	Avg steps: 782
2020-06-24 20:32:57,864	INFO	Total steps: 1729896	Episode: 3060/878	Avg reward: 8.60	Avg steps: 863
2020-06-24 20:42:11,325	INFO	Total steps: 1745623	Episode: 3080/954	Avg reward: 9.50	Avg steps: 785
2020-06-24 20:51:35,228	INFO	Total steps: 1761709	Episode: 3100/667	Avg reward: 10.35	Avg steps: 803
2020-06-24 21:00:33,350	INFO	Total steps: 1777189	Episode: 3120/683	Avg reward: 9.10	Avg steps: 773
2020-06-24 21:09:55,856	INFO	Total steps: 1793531	Episode: 3140/1016	Avg reward: 10.05	Avg steps: 816
2020-06-24 21:19:40,464	INFO	Total steps: 1810490	Episode: 3160/1100	Avg reward: 9.95	Avg steps: 846
2020-06-24 21:29:35,932	INFO	Total steps: 1827773	Episode: 3180/704	Avg reward: 9.75	Avg steps: 863
2020-06-24 21:39:02,891	INFO	Total steps: 1844352	Episode: 3200/738	Avg reward: 10.80	Avg steps: 827
2020-06-24 21:48:39,220	INFO	Total steps: 1860976	Episode: 3220/695	Avg reward: 8.75	Avg steps: 830
2020-06-24 21:58:00,362	INFO	Total steps: 1877395	Episode: 3240/624	Avg reward: 10.75	Avg steps: 819
2020-06-24 22:06:47,582	INFO	Total steps: 1892685	Episode: 3260/750	Avg reward: 11.05	Avg steps: 763
2020-06-24 22:15:57,935	INFO	Total steps: 1908615	Episode: 3280/934	Avg reward: 10.30	Avg steps: 795
2020-06-24 22:25:21,122	INFO	Total steps: 1924737	Episode: 3300/652	Avg reward: 10.40	Avg steps: 805
2020-06-24 22:34:42,290	INFO	Total steps: 1940952	Episode: 3320/1032	Avg reward: 10.70	Avg steps: 809
2020-06-24 22:43:37,449	INFO	Total steps: 1956369	Episode: 3340/778	Avg reward: 12.00	Avg steps: 769
2020-06-24 22:52:50,789	INFO	Total steps: 1972211	Episode: 3360/701	Avg reward: 10.40	Avg steps: 791
2020-06-24 23:01:51,539	INFO	Total steps: 1987824	Episode: 3380/1037	Avg reward: 11.35	Avg steps: 779
2020-06-24 23:10:55,661	INFO	Total steps: 2003439	Episode: 3400/814	Avg reward: 11.50	Avg steps: 779
2020-06-24 23:20:09,080	INFO	Total steps: 2019288	Episode: 3420/777	Avg reward: 11.55	Avg steps: 791
2020-06-26 23:09:45,653	INFO	--width 160 --height 160 --ball 3.0 --ball-size 2.0 --snell 3.0 --snell-width 40.0 --snell-change 0 --snell-visible none --ps 3.0 --paddle-speed 3.0 --pa 45.0 --paddle-angle 45.0 --pl 30 --paddle-length 30 --lr 0.0001 --learning-rate 0.0001 --state binary --network dqn_pong_model --render False --epsdecay 1000 --replay 10000 --update-prob 0.2 --episodes 4000 --checkpoint dqn_pong_model --history history.p --store-dir ../experiments/22 
2020-06-26 23:09:45,653	INFO	Device: cuda
2020-06-26 23:10:26,323	INFO	Total steps: 5594	Episode: 20/422	Avg reward: -17.65	Avg steps: 278
2020-06-26 23:11:13,498	INFO	Total steps: 10786	Episode: 40/362	Avg reward: -18.40	Avg steps: 258
2020-06-26 23:13:36,657	INFO	Total steps: 16055	Episode: 60/213	Avg reward: -17.85	Avg steps: 262
2020-06-26 23:16:46,348	INFO	Total steps: 22848	Episode: 80/298	Avg reward: -17.15	Avg steps: 338
2020-06-26 23:19:52,293	INFO	Total steps: 29525	Episode: 100/249	Avg reward: -18.00	Avg steps: 332
2020-06-26 23:22:41,475	INFO	Total steps: 35765	Episode: 120/356	Avg reward: -17.35	Avg steps: 311
2020-06-26 23:25:39,488	INFO	Total steps: 42029	Episode: 140/312	Avg reward: -17.45	Avg steps: 312
2020-06-26 23:28:58,614	INFO	Total steps: 49152	Episode: 160/328	Avg reward: -16.60	Avg steps: 355
2020-06-26 23:32:17,533	INFO	Total steps: 56283	Episode: 180/330	Avg reward: -17.20	Avg steps: 355
2020-06-26 23:35:24,810	INFO	Total steps: 63002	Episode: 200/206	Avg reward: -17.60	Avg steps: 334
2020-06-26 23:38:35,080	INFO	Total steps: 69783	Episode: 220/367	Avg reward: -17.35	Avg steps: 338
2020-06-26 23:41:48,328	INFO	Total steps: 76712	Episode: 240/272	Avg reward: -16.90	Avg steps: 345
2020-06-26 23:45:10,748	INFO	Total steps: 83993	Episode: 260/239	Avg reward: -16.50	Avg steps: 363
2020-06-26 23:48:42,584	INFO	Total steps: 91556	Episode: 280/450	Avg reward: -16.25	Avg steps: 377
2020-06-26 23:52:20,086	INFO	Total steps: 99327	Episode: 300/493	Avg reward: -15.90	Avg steps: 387
2020-06-26 23:56:18,251	INFO	Total steps: 107600	Episode: 320/397	Avg reward: -15.55	Avg steps: 412
2020-06-27 00:00:00,836	INFO	Total steps: 115142	Episode: 340/429	Avg reward: -15.70	Avg steps: 376
2020-06-27 00:03:38,237	INFO	Total steps: 123268	Episode: 360/305	Avg reward: -14.25	Avg steps: 405
2020-06-27 00:07:36,283	INFO	Total steps: 131571	Episode: 380/442	Avg reward: -15.30	Avg steps: 414
2020-06-27 00:11:35,358	INFO	Total steps: 139614	Episode: 400/370	Avg reward: -14.80	Avg steps: 401
2020-06-27 00:15:19,675	INFO	Total steps: 147853	Episode: 420/375	Avg reward: -14.65	Avg steps: 410
2020-06-27 00:20:02,582	INFO	Total steps: 157233	Episode: 440/544	Avg reward: -12.90	Avg steps: 468
2020-06-27 00:24:08,353	INFO	Total steps: 165826	Episode: 460/443	Avg reward: -13.80	Avg steps: 428
2020-06-27 00:28:22,538	INFO	Total steps: 174700	Episode: 480/492	Avg reward: -13.45	Avg steps: 442
2020-06-27 00:33:05,434	INFO	Total steps: 184444	Episode: 500/526	Avg reward: -12.55	Avg steps: 486
2020-06-27 00:37:11,274	INFO	Total steps: 193895	Episode: 520/623	Avg reward: -12.30	Avg steps: 471
2020-06-27 00:41:42,352	INFO	Total steps: 204608	Episode: 540/658	Avg reward: -11.30	Avg steps: 534
2020-06-27 00:45:40,649	INFO	Total steps: 214021	Episode: 560/427	Avg reward: -12.45	Avg steps: 469
2020-06-27 00:50:01,896	INFO	Total steps: 224065	Episode: 580/347	Avg reward: -11.95	Avg steps: 501
2020-06-27 00:54:20,911	INFO	Total steps: 234211	Episode: 600/907	Avg reward: -12.25	Avg steps: 506
2020-06-27 00:58:48,383	INFO	Total steps: 244627	Episode: 620/482	Avg reward: -11.85	Avg steps: 519
2020-06-27 01:03:55,232	INFO	Total steps: 256598	Episode: 640/755	Avg reward: -9.60	Avg steps: 597
2020-06-27 01:08:38,482	INFO	Total steps: 266704	Episode: 660/499	Avg reward: -11.45	Avg steps: 504
2020-06-27 01:13:48,307	INFO	Total steps: 277903	Episode: 680/619	Avg reward: -10.15	Avg steps: 558
2020-06-27 01:18:36,751	INFO	Total steps: 288144	Episode: 700/583	Avg reward: -10.65	Avg steps: 511
2020-06-27 01:23:28,683	INFO	Total steps: 298624	Episode: 720/364	Avg reward: -10.70	Avg steps: 523
2020-06-27 01:28:34,065	INFO	Total steps: 309452	Episode: 740/567	Avg reward: -10.80	Avg steps: 540
2020-06-27 01:34:59,329	INFO	Total steps: 322303	Episode: 760/453	Avg reward: -9.30	Avg steps: 641
2020-06-27 01:40:33,701	INFO	Total steps: 334207	Episode: 780/407	Avg reward: -9.10	Avg steps: 594
2020-06-27 01:46:20,225	INFO	Total steps: 347123	Episode: 800/850	Avg reward: -8.65	Avg steps: 644
2020-06-27 01:51:52,016	INFO	Total steps: 359667	Episode: 820/370	Avg reward: -7.95	Avg steps: 626
2020-06-27 01:57:42,431	INFO	Total steps: 371992	Episode: 840/529	Avg reward: -7.60	Avg steps: 615
2020-06-27 02:03:52,138	INFO	Total steps: 384349	Episode: 860/769	Avg reward: -8.40	Avg steps: 616
2020-06-27 02:10:13,375	INFO	Total steps: 396737	Episode: 880/475	Avg reward: -8.40	Avg steps: 618
2020-06-27 02:17:00,127	INFO	Total steps: 411235	Episode: 900/662	Avg reward: -7.20	Avg steps: 723
2020-06-27 02:22:40,287	INFO	Total steps: 424097	Episode: 920/370	Avg reward: -6.40	Avg steps: 642
2020-06-27 02:28:32,838	INFO	Total steps: 437489	Episode: 940/875	Avg reward: -4.50	Avg steps: 668
2020-06-27 02:34:37,969	INFO	Total steps: 451499	Episode: 960/573	Avg reward: -6.10	Avg steps: 699
2020-06-27 02:40:15,451	INFO	Total steps: 464495	Episode: 980/770	Avg reward: -5.35	Avg steps: 648
2020-06-27 02:47:01,682	INFO	Total steps: 480120	Episode: 1000/730	Avg reward: -4.05	Avg steps: 780
2020-06-27 02:53:58,495	INFO	Total steps: 496078	Episode: 1020/772	Avg reward: -2.55	Avg steps: 796
2020-06-27 03:00:05,309	INFO	Total steps: 509819	Episode: 1040/485	Avg reward: -4.55	Avg steps: 686
2020-06-27 03:06:42,471	INFO	Total steps: 524751	Episode: 1060/641	Avg reward: -3.70	Avg steps: 745
2020-06-27 03:13:53,156	INFO	Total steps: 540910	Episode: 1080/897	Avg reward: -4.10	Avg steps: 806
2020-06-27 03:20:35,511	INFO	Total steps: 556039	Episode: 1100/630	Avg reward: -3.00	Avg steps: 755
2020-06-27 03:27:34,049	INFO	Total steps: 571640	Episode: 1120/495	Avg reward: -2.55	Avg steps: 779
2020-06-27 03:34:43,511	INFO	Total steps: 587594	Episode: 1140/1111	Avg reward: -2.70	Avg steps: 796
2020-06-27 03:41:45,863	INFO	Total steps: 603608	Episode: 1160/830	Avg reward: -2.80	Avg steps: 799
2020-06-27 03:48:58,453	INFO	Total steps: 619834	Episode: 1180/720	Avg reward: -0.70	Avg steps: 810
2020-06-27 03:55:50,933	INFO	Total steps: 635243	Episode: 1200/792	Avg reward: -0.70	Avg steps: 769
2020-06-27 04:03:23,624	INFO	Total steps: 652429	Episode: 1220/749	Avg reward: -1.60	Avg steps: 858
2020-06-27 04:10:41,406	INFO	Total steps: 668674	Episode: 1240/770	Avg reward: 1.25	Avg steps: 811
2020-06-27 04:18:26,889	INFO	Total steps: 685974	Episode: 1260/684	Avg reward: -0.80	Avg steps: 864
2020-06-27 04:25:58,094	INFO	Total steps: 702960	Episode: 1280/903	Avg reward: 0.95	Avg steps: 848
2020-06-27 04:33:46,621	INFO	Total steps: 720577	Episode: 1300/680	Avg reward: 1.90	Avg steps: 879
2020-06-27 04:41:36,204	INFO	Total steps: 738153	Episode: 1320/837	Avg reward: 1.40	Avg steps: 877
2020-06-27 04:48:49,252	INFO	Total steps: 754377	Episode: 1340/1017	Avg reward: 4.05	Avg steps: 810
2020-06-27 04:56:30,717	INFO	Total steps: 771668	Episode: 1360/901	Avg reward: 3.70	Avg steps: 863
2020-06-27 05:04:16,005	INFO	Total steps: 789142	Episode: 1380/1095	Avg reward: 3.35	Avg steps: 872
2020-06-27 05:11:44,864	INFO	Total steps: 805847	Episode: 1400/780	Avg reward: 5.00	Avg steps: 834
2020-06-27 05:19:41,836	INFO	Total steps: 823448	Episode: 1420/710	Avg reward: 2.20	Avg steps: 879
2020-06-27 05:27:09,879	INFO	Total steps: 840051	Episode: 1440/920	Avg reward: 5.15	Avg steps: 829
2020-06-27 05:34:46,929	INFO	Total steps: 857078	Episode: 1460/674	Avg reward: 5.05	Avg steps: 850
2020-06-27 05:42:01,229	INFO	Total steps: 873252	Episode: 1480/578	Avg reward: 5.85	Avg steps: 807
2020-06-27 05:49:46,794	INFO	Total steps: 890623	Episode: 1500/1093	Avg reward: 6.15	Avg steps: 867
2020-06-27 05:56:58,240	INFO	Total steps: 906769	Episode: 1520/902	Avg reward: 6.40	Avg steps: 806
2020-06-27 06:04:04,489	INFO	Total steps: 922664	Episode: 1540/638	Avg reward: 5.95	Avg steps: 793
2020-06-27 06:11:23,205	INFO	Total steps: 939155	Episode: 1560/749	Avg reward: 6.95	Avg steps: 823
2020-06-27 06:18:32,043	INFO	Total steps: 955501	Episode: 1580/807	Avg reward: 6.95	Avg steps: 816
2020-06-27 06:25:53,496	INFO	Total steps: 972086	Episode: 1600/619	Avg reward: 6.55	Avg steps: 828
2020-06-27 06:32:42,149	INFO	Total steps: 987400	Episode: 1620/752	Avg reward: 7.50	Avg steps: 764
2020-06-27 06:40:20,290	INFO	Total steps: 1004644	Episode: 1640/823	Avg reward: 6.05	Avg steps: 861
2020-06-27 06:47:54,934	INFO	Total steps: 1021853	Episode: 1660/849	Avg reward: 6.55	Avg steps: 859
2020-06-27 06:55:18,444	INFO	Total steps: 1038512	Episode: 1680/617	Avg reward: 8.10	Avg steps: 831
2020-06-27 07:02:46,465	INFO	Total steps: 1054998	Episode: 1700/1173	Avg reward: 8.00	Avg steps: 823
2020-06-27 07:09:50,834	INFO	Total steps: 1071236	Episode: 1720/734	Avg reward: 8.55	Avg steps: 810
2020-06-27 07:17:21,493	INFO	Total steps: 1088429	Episode: 1740/683	Avg reward: 7.30	Avg steps: 858
2020-06-27 07:24:31,598	INFO	Total steps: 1104617	Episode: 1760/792	Avg reward: 7.80	Avg steps: 808
2020-06-27 07:31:47,084	INFO	Total steps: 1120999	Episode: 1780/902	Avg reward: 7.65	Avg steps: 818
2020-06-27 07:38:46,359	INFO	Total steps: 1136547	Episode: 1800/612	Avg reward: 10.20	Avg steps: 776
2020-06-27 07:45:39,988	INFO	Total steps: 1151859	Episode: 1820/759	Avg reward: 10.45	Avg steps: 764
2020-06-27 07:52:55,348	INFO	Total steps: 1168114	Episode: 1840/953	Avg reward: 7.50	Avg steps: 811
2020-06-27 08:00:11,776	INFO	Total steps: 1184536	Episode: 1860/651	Avg reward: 6.80	Avg steps: 820
2020-06-27 08:06:53,888	INFO	Total steps: 1199364	Episode: 1880/838	Avg reward: 10.70	Avg steps: 740
2020-06-27 08:13:59,206	INFO	Total steps: 1215100	Episode: 1900/627	Avg reward: 8.15	Avg steps: 785
2020-06-27 08:21:11,292	INFO	Total steps: 1230957	Episode: 1920/1007	Avg reward: 9.10	Avg steps: 791
2020-06-27 08:28:41,232	INFO	Total steps: 1247566	Episode: 1940/1087	Avg reward: 8.65	Avg steps: 829
2020-06-27 08:35:38,623	INFO	Total steps: 1263048	Episode: 1960/1039	Avg reward: 9.60	Avg steps: 773
2020-06-27 08:42:35,066	INFO	Total steps: 1278452	Episode: 1980/679	Avg reward: 10.90	Avg steps: 769
2020-06-27 08:49:27,093	INFO	Total steps: 1293847	Episode: 2000/775	Avg reward: 11.50	Avg steps: 768
2020-06-27 08:57:03,354	INFO	Total steps: 1309821	Episode: 2020/882	Avg reward: 10.95	Avg steps: 797
2020-06-27 09:04:40,335	INFO	Total steps: 1325263	Episode: 2040/758	Avg reward: 11.30	Avg steps: 771
2020-06-27 09:12:06,035	INFO	Total steps: 1340461	Episode: 2060/712	Avg reward: 12.75	Avg steps: 758
2020-06-27 09:19:51,326	INFO	Total steps: 1356170	Episode: 2080/920	Avg reward: 11.70	Avg steps: 784
2020-06-27 09:27:22,316	INFO	Total steps: 1371611	Episode: 2100/712	Avg reward: 11.45	Avg steps: 771
2020-06-27 09:34:35,565	INFO	Total steps: 1386533	Episode: 2120/878	Avg reward: 12.10	Avg steps: 745
2020-06-27 09:42:00,648	INFO	Total steps: 1402185	Episode: 2140/931	Avg reward: 11.90	Avg steps: 781
2020-06-27 09:48:59,590	INFO	Total steps: 1417659	Episode: 2160/633	Avg reward: 11.50	Avg steps: 772
2020-06-27 09:56:32,546	INFO	Total steps: 1434405	Episode: 2180/773	Avg reward: 11.55	Avg steps: 836
2020-06-27 10:04:17,098	INFO	Total steps: 1451429	Episode: 2200/1166	Avg reward: 10.95	Avg steps: 850
2020-06-27 10:11:15,551	INFO	Total steps: 1466604	Episode: 2220/647	Avg reward: 12.35	Avg steps: 757
2020-06-27 10:18:55,866	INFO	Total steps: 1483271	Episode: 2240/800	Avg reward: 10.90	Avg steps: 832
2020-06-27 10:26:00,778	INFO	Total steps: 1498607	Episode: 2260/783	Avg reward: 13.15	Avg steps: 765
2020-06-27 10:33:44,277	INFO	Total steps: 1514194	Episode: 2280/961	Avg reward: 12.15	Avg steps: 778
2020-06-27 10:42:31,549	INFO	Total steps: 1530944	Episode: 2300/935	Avg reward: 11.25	Avg steps: 836
2020-06-27 10:50:40,766	INFO	Total steps: 1546335	Episode: 2320/928	Avg reward: 12.45	Avg steps: 768
2020-06-27 10:58:50,012	INFO	Total steps: 1561942	Episode: 2340/806	Avg reward: 12.10	Avg steps: 779
2020-06-27 11:07:08,028	INFO	Total steps: 1577828	Episode: 2360/636	Avg reward: 12.85	Avg steps: 793
2020-06-27 11:14:20,792	INFO	Total steps: 1593137	Episode: 2380/786	Avg reward: 13.05	Avg steps: 764
2020-06-27 11:20:52,361	INFO	Total steps: 1607455	Episode: 2400/792	Avg reward: 12.80	Avg steps: 714
2020-06-27 11:28:51,568	INFO	Total steps: 1622474	Episode: 2420/460	Avg reward: 13.35	Avg steps: 749
2020-06-27 11:37:22,331	INFO	Total steps: 1638438	Episode: 2440/928	Avg reward: 11.90	Avg steps: 797
2020-06-27 11:45:14,084	INFO	Total steps: 1653208	Episode: 2460/787	Avg reward: 12.15	Avg steps: 737
2020-06-27 11:53:25,782	INFO	Total steps: 1668682	Episode: 2480/766	Avg reward: 13.60	Avg steps: 772
2020-06-27 12:01:35,396	INFO	Total steps: 1684697	Episode: 2500/802	Avg reward: 12.45	Avg steps: 799
2020-06-27 12:08:40,050	INFO	Total steps: 1699940	Episode: 2520/787	Avg reward: 12.90	Avg steps: 761
2020-06-27 12:15:42,203	INFO	Total steps: 1715303	Episode: 2540/1183	Avg reward: 12.80	Avg steps: 767
2020-06-27 12:22:10,106	INFO	Total steps: 1729524	Episode: 2560/654	Avg reward: 14.45	Avg steps: 710
2020-06-27 12:28:48,630	INFO	Total steps: 1744183	Episode: 2580/746	Avg reward: 13.85	Avg steps: 731
2020-06-27 12:35:36,349	INFO	Total steps: 1759175	Episode: 2600/905	Avg reward: 14.05	Avg steps: 748
2020-06-27 12:43:00,919	INFO	Total steps: 1775307	Episode: 2620/707	Avg reward: 12.40	Avg steps: 805
2020-06-27 12:50:09,315	INFO	Total steps: 1790998	Episode: 2640/743	Avg reward: 13.10	Avg steps: 783
2020-06-27 12:57:04,311	INFO	Total steps: 1806180	Episode: 2660/650	Avg reward: 12.55	Avg steps: 758
2020-06-27 13:03:55,100	INFO	Total steps: 1820927	Episode: 2680/747	Avg reward: 12.80	Avg steps: 736
2020-06-27 13:10:50,985	INFO	Total steps: 1836086	Episode: 2700/636	Avg reward: 14.85	Avg steps: 756
2020-06-27 13:17:36,674	INFO	Total steps: 1851134	Episode: 2720/897	Avg reward: 13.60	Avg steps: 751
2020-06-27 13:24:43,144	INFO	Total steps: 1866633	Episode: 2740/954	Avg reward: 14.40	Avg steps: 773
2020-06-27 13:32:08,124	INFO	Total steps: 1882920	Episode: 2760/666	Avg reward: 13.90	Avg steps: 813
2020-06-27 13:39:30,474	INFO	Total steps: 1899000	Episode: 2780/739	Avg reward: 14.40	Avg steps: 803
2020-06-27 13:46:33,864	INFO	Total steps: 1914371	Episode: 2800/555	Avg reward: 14.05	Avg steps: 767
2020-06-27 13:54:02,497	INFO	Total steps: 1930416	Episode: 2820/802	Avg reward: 11.75	Avg steps: 801
2020-06-27 14:01:15,171	INFO	Total steps: 1944568	Episode: 2840/696	Avg reward: 13.70	Avg steps: 706
2020-06-27 14:08:59,594	INFO	Total steps: 1959029	Episode: 2860/703	Avg reward: 14.30	Avg steps: 722
2020-06-27 14:17:38,327	INFO	Total steps: 1975238	Episode: 2880/905	Avg reward: 13.55	Avg steps: 809
2020-06-27 14:25:54,639	INFO	Total steps: 1990929	Episode: 2900/787	Avg reward: 13.35	Avg steps: 783
2020-06-27 14:33:31,650	INFO	Total steps: 2006111	Episode: 2920/870	Avg reward: 14.65	Avg steps: 758
2020-06-27 14:40:08,920	INFO	Total steps: 2020753	Episode: 2940/753	Avg reward: 14.80	Avg steps: 731
2020-06-27 14:46:36,389	INFO	Total steps: 2035151	Episode: 2960/636	Avg reward: 14.15	Avg steps: 718
2020-06-27 14:52:59,768	INFO	Total steps: 2049137	Episode: 2980/861	Avg reward: 14.45	Avg steps: 698
2020-06-27 15:00:10,240	INFO	Total steps: 2064725	Episode: 3000/1007	Avg reward: 14.30	Avg steps: 778
2020-06-27 15:06:59,049	INFO	Total steps: 2079770	Episode: 3020/531	Avg reward: 15.15	Avg steps: 751
2020-06-27 15:13:29,110	INFO	Total steps: 2093981	Episode: 3040/596	Avg reward: 14.55	Avg steps: 709
2020-06-27 15:20:28,190	INFO	Total steps: 2109385	Episode: 3060/925	Avg reward: 14.45	Avg steps: 769
2020-06-27 15:27:19,648	INFO	Total steps: 2124442	Episode: 3080/802	Avg reward: 13.85	Avg steps: 751
2020-06-27 15:33:53,866	INFO	Total steps: 2138902	Episode: 3100/788	Avg reward: 15.15	Avg steps: 722
2020-06-27 15:40:29,585	INFO	Total steps: 2153254	Episode: 3120/650	Avg reward: 15.20	Avg steps: 716
2020-06-27 15:47:45,966	INFO	Total steps: 2169209	Episode: 3140/1154	Avg reward: 15.10	Avg steps: 796
2020-06-27 15:55:05,359	INFO	Total steps: 2185363	Episode: 3160/622	Avg reward: 12.75	Avg steps: 806
2020-06-27 16:01:47,387	INFO	Total steps: 2200164	Episode: 3180/585	Avg reward: 15.70	Avg steps: 739
2020-06-27 16:08:33,027	INFO	Total steps: 2214782	Episode: 3200/581	Avg reward: 13.95	Avg steps: 729
2020-06-27 16:15:04,762	INFO	Total steps: 2229175	Episode: 3220/946	Avg reward: 15.65	Avg steps: 718
2020-06-27 16:21:27,600	INFO	Total steps: 2243385	Episode: 3240/569	Avg reward: 14.95	Avg steps: 709
2020-06-27 16:28:05,440	INFO	Total steps: 2258177	Episode: 3260/825	Avg reward: 14.60	Avg steps: 738
2020-06-27 16:34:32,423	INFO	Total steps: 2272519	Episode: 3280/777	Avg reward: 14.95	Avg steps: 716
2020-06-27 16:41:04,027	INFO	Total steps: 2287155	Episode: 3300/544	Avg reward: 14.40	Avg steps: 730
2020-06-27 16:47:22,802	INFO	Total steps: 2301063	Episode: 3320/841	Avg reward: 16.00	Avg steps: 694
2020-06-27 16:54:33,948	INFO	Total steps: 2316795	Episode: 3340/820	Avg reward: 14.90	Avg steps: 785
2020-06-27 17:01:52,708	INFO	Total steps: 2333083	Episode: 3360/799	Avg reward: 15.00	Avg steps: 813
2020-06-27 17:08:16,941	INFO	Total steps: 2347233	Episode: 3380/856	Avg reward: 14.95	Avg steps: 706
2020-06-27 17:14:33,859	INFO	Total steps: 2361084	Episode: 3400/653	Avg reward: 15.10	Avg steps: 691
2020-06-27 17:20:49,992	INFO	Total steps: 2374831	Episode: 3420/620	Avg reward: 15.25	Avg steps: 686
2020-06-27 17:27:23,856	INFO	Total steps: 2389311	Episode: 3440/703	Avg reward: 14.85	Avg steps: 723
2020-06-27 17:33:44,833	INFO	Total steps: 2403427	Episode: 3460/1031	Avg reward: 15.60	Avg steps: 704
2020-06-27 17:40:42,161	INFO	Total steps: 2418596	Episode: 3480/687	Avg reward: 14.65	Avg steps: 757
2020-06-27 17:47:20,814	INFO	Total steps: 2433411	Episode: 3500/623	Avg reward: 15.15	Avg steps: 739
2020-06-27 17:54:28,594	INFO	Total steps: 2449180	Episode: 3520/694	Avg reward: 14.45	Avg steps: 787
2020-06-27 18:01:17,939	INFO	Total steps: 2464207	Episode: 3540/667	Avg reward: 14.75	Avg steps: 750
2020-06-27 18:07:37,035	INFO	Total steps: 2478248	Episode: 3560/624	Avg reward: 14.65	Avg steps: 701
2020-06-27 18:13:44,027	INFO	Total steps: 2491934	Episode: 3580/470	Avg reward: 14.75	Avg steps: 683
2020-06-27 18:20:10,054	INFO	Total steps: 2506264	Episode: 3600/593	Avg reward: 15.45	Avg steps: 715
2020-06-27 18:26:48,713	INFO	Total steps: 2519911	Episode: 3620/781	Avg reward: 15.80	Avg steps: 681
2020-06-27 18:33:50,506	INFO	Total steps: 2534346	Episode: 3640/610	Avg reward: 15.85	Avg steps: 720
2020-06-27 18:41:26,451	INFO	Total steps: 2549688	Episode: 3660/659	Avg reward: 15.40	Avg steps: 766
2020-06-27 18:49:06,947	INFO	Total steps: 2565438	Episode: 3680/493	Avg reward: 15.35	Avg steps: 786
2020-06-27 18:56:42,404	INFO	Total steps: 2580926	Episode: 3700/1006	Avg reward: 15.45	Avg steps: 773
2020-06-27 19:04:04,480	INFO	Total steps: 2595708	Episode: 3720/700	Avg reward: 15.05	Avg steps: 738
2020-06-27 19:11:03,095	INFO	Total steps: 2609844	Episode: 3740/831	Avg reward: 15.40	Avg steps: 705
2020-06-27 19:18:07,802	INFO	Total steps: 2624108	Episode: 3760/890	Avg reward: 15.45	Avg steps: 712
2020-06-27 19:25:30,238	INFO	Total steps: 2638729	Episode: 3780/811	Avg reward: 15.90	Avg steps: 730
2020-06-27 19:32:26,959	INFO	Total steps: 2652498	Episode: 3800/457	Avg reward: 15.30	Avg steps: 687
2020-06-27 19:39:41,242	INFO	Total steps: 2666999	Episode: 3820/936	Avg reward: 14.60	Avg steps: 724
2020-06-27 19:46:40,946	INFO	Total steps: 2681024	Episode: 3840/904	Avg reward: 15.80	Avg steps: 700
2020-06-27 19:54:00,719	INFO	Total steps: 2695802	Episode: 3860/632	Avg reward: 15.75	Avg steps: 737
2020-06-27 20:01:48,283	INFO	Total steps: 2711381	Episode: 3880/1266	Avg reward: 14.95	Avg steps: 777
2020-06-27 20:09:12,879	INFO	Total steps: 2726124	Episode: 3900/647	Avg reward: 15.70	Avg steps: 736
2020-06-27 20:15:50,192	INFO	Total steps: 2739873	Episode: 3920/577	Avg reward: 16.25	Avg steps: 686
2020-06-27 20:22:42,357	INFO	Total steps: 2755066	Episode: 3940/514	Avg reward: 15.15	Avg steps: 758
2020-06-27 20:28:58,311	INFO	Total steps: 2768893	Episode: 3960/543	Avg reward: 16.00	Avg steps: 690
2020-06-27 20:35:16,715	INFO	Total steps: 2782866	Episode: 3980/825	Avg reward: 15.15	Avg steps: 697
2020-06-27 20:41:34,890	INFO	Total steps: 2796697	Episode: 4000/980	Avg reward: 16.25	Avg steps: 690
