2020-06-24 04:22:23,262	INFO	--width 160 --height 160 --ball 0.5 --snell 0.5 --ps 0.5 --paddle-speed 0.5 --pa 45.0 --paddle-angle 45.0 --pl 45 --paddle-length 45 --lr 0.0001 --learning-rate 0.0001 --network dqn_pong_model --pretrain False --render False --update-prob 0.2 --episodes 4000 --checkpoint dqn_pong_model --history history.p --store-dir ../experiments/25 
2020-06-24 04:22:23,263	INFO	Device: cuda
2020-06-24 04:49:36,802	INFO	Total steps: 57414	Episode: 20/4063	Avg reward: -17.15	Avg steps: 2869
2020-06-24 05:21:43,598	INFO	Total steps: 113863	Episode: 40/2549	Avg reward: -17.05	Avg steps: 2821
2020-06-24 05:54:42,318	INFO	Total steps: 171547	Episode: 60/2343	Avg reward: -17.20	Avg steps: 2883
2020-06-24 06:29:22,206	INFO	Total steps: 232129	Episode: 80/2364	Avg reward: -14.65	Avg steps: 3028
2020-06-24 07:08:17,754	INFO	Total steps: 300184	Episode: 100/4889	Avg reward: -13.60	Avg steps: 3401
2020-06-24 07:45:00,715	INFO	Total steps: 364517	Episode: 120/3195	Avg reward: -13.75	Avg steps: 3215
2020-06-24 08:23:45,434	INFO	Total steps: 432634	Episode: 140/4127	Avg reward: -12.95	Avg steps: 3404
2020-06-24 09:07:52,937	INFO	Total steps: 509984	Episode: 160/4888	Avg reward: -11.95	Avg steps: 3866
2020-06-24 09:54:13,103	INFO	Total steps: 591132	Episode: 180/3937	Avg reward: -11.05	Avg steps: 4056
2020-06-24 10:42:04,371	INFO	Total steps: 674977	Episode: 200/3166	Avg reward: -8.95	Avg steps: 4191
2020-06-24 11:29:30,347	INFO	Total steps: 757917	Episode: 220/4138	Avg reward: -8.45	Avg steps: 4146
2020-06-24 12:26:13,584	INFO	Total steps: 857092	Episode: 240/5840	Avg reward: -7.90	Avg steps: 4957
2020-06-24 13:23:46,741	INFO	Total steps: 957628	Episode: 260/5785	Avg reward: -6.50	Avg steps: 5025
2020-06-24 14:30:26,961	INFO	Total steps: 1073873	Episode: 280/6375	Avg reward: -1.55	Avg steps: 5811
2020-06-24 15:36:15,813	INFO	Total steps: 1187356	Episode: 300/3554	Avg reward: -1.75	Avg steps: 5673
2020-06-24 16:56:35,630	INFO	Total steps: 1326881	Episode: 320/7203	Avg reward: 3.40	Avg steps: 6975
2020-06-24 18:07:29,285	INFO	Total steps: 1450610	Episode: 340/4279	Avg reward: 7.15	Avg steps: 6185
2020-06-24 19:23:30,876	INFO	Total steps: 1582953	Episode: 360/7143	Avg reward: 8.55	Avg steps: 6616
2020-06-24 20:58:12,703	INFO	Total steps: 1747771	Episode: 380/7118	Avg reward: 6.60	Avg steps: 8239
2020-06-24 22:20:02,041	INFO	Total steps: 1889953	Episode: 400/7979	Avg reward: 10.80	Avg steps: 7108
2020-06-24 23:51:01,335	INFO	Total steps: 2047302	Episode: 420/7067	Avg reward: 10.30	Avg steps: 7866
2020-06-25 01:25:45,661	INFO	Total steps: 2211555	Episode: 440/7942	Avg reward: 10.60	Avg steps: 8211
2020-06-25 02:44:53,783	INFO	Total steps: 2348891	Episode: 460/4387	Avg reward: 11.85	Avg steps: 6865
2020-06-25 03:58:44,393	INFO	Total steps: 2476497	Episode: 480/3429	Avg reward: 13.35	Avg steps: 6379
2020-06-26 23:29:40,311	INFO	--width 160 --height 160 --ball 0.5 --ball-size 2.0 --snell 0.5 --snell-width 40.0 --snell-change 0 --snell-visible none --ps 0.5 --paddle-speed 0.5 --pa 45.0 --paddle-angle 45.0 --pl 45 --paddle-length 45 --lr 0.0001 --learning-rate 0.0001 --state binary --network dqn_pong_model --render False --epsdecay 1000 --replay 10000 --update-prob 0.2 --episodes 4000 --checkpoint dqn_pong_model --history history.p --store-dir ../experiments/25 
2020-06-26 23:29:40,311	INFO	Device: cuda
2020-06-26 23:51:10,719	INFO	Total steps: 52427	Episode: 20/3445	Avg reward: -18.05	Avg steps: 2620
2020-06-27 00:17:49,075	INFO	Total steps: 107903	Episode: 40/2897	Avg reward: -17.00	Avg steps: 2772
2020-06-27 00:46:07,105	INFO	Total steps: 165907	Episode: 60/2800	Avg reward: -16.95	Avg steps: 2899
2020-06-27 01:15:01,127	INFO	Total steps: 223787	Episode: 80/2600	Avg reward: -16.50	Avg steps: 2893
2020-06-27 01:46:37,563	INFO	Total steps: 286479	Episode: 100/3717	Avg reward: -15.80	Avg steps: 3133
2020-06-27 02:19:33,718	INFO	Total steps: 350124	Episode: 120/2957	Avg reward: -16.15	Avg steps: 3181
2020-06-27 02:51:28,341	INFO	Total steps: 414763	Episode: 140/3314	Avg reward: -15.00	Avg steps: 3230
2020-06-27 03:22:10,039	INFO	Total steps: 476849	Episode: 160/3089	Avg reward: -15.75	Avg steps: 3103
2020-06-27 03:57:10,975	INFO	Total steps: 549401	Episode: 180/2944	Avg reward: -14.00	Avg steps: 3626
2020-06-27 04:27:10,044	INFO	Total steps: 610143	Episode: 200/2988	Avg reward: -16.10	Avg steps: 3036
2020-06-27 05:01:09,102	INFO	Total steps: 680112	Episode: 220/3165	Avg reward: -14.10	Avg steps: 3497
2020-06-27 05:36:49,578	INFO	Total steps: 748125	Episode: 240/2206	Avg reward: -13.30	Avg steps: 3399
2020-06-27 06:09:55,870	INFO	Total steps: 818952	Episode: 260/3637	Avg reward: -14.10	Avg steps: 3540
2020-06-27 06:43:52,041	INFO	Total steps: 887705	Episode: 280/3198	Avg reward: -13.20	Avg steps: 3436
2020-06-27 07:22:19,148	INFO	Total steps: 960169	Episode: 300/5179	Avg reward: -13.30	Avg steps: 3622
2020-06-27 07:59:19,019	INFO	Total steps: 1033376	Episode: 320/2868	Avg reward: -13.35	Avg steps: 3659
2020-06-27 08:36:08,060	INFO	Total steps: 1106160	Episode: 340/3040	Avg reward: -12.90	Avg steps: 3638
2020-06-27 09:13:38,900	INFO	Total steps: 1180997	Episode: 360/3636	Avg reward: -12.25	Avg steps: 3740
2020-06-27 09:49:39,641	INFO	Total steps: 1251117	Episode: 380/4625	Avg reward: -12.65	Avg steps: 3505
2020-06-27 10:25:12,838	INFO	Total steps: 1318412	Episode: 400/4315	Avg reward: -13.80	Avg steps: 3363
2020-06-27 11:00:47,119	INFO	Total steps: 1390288	Episode: 420/3244	Avg reward: -11.35	Avg steps: 3592
2020-06-27 11:41:33,484	INFO	Total steps: 1473365	Episode: 440/5531	Avg reward: -8.85	Avg steps: 4152
2020-06-27 12:20:12,877	INFO	Total steps: 1552527	Episode: 460/3640	Avg reward: -11.10	Avg steps: 3957
2020-06-27 12:59:12,010	INFO	Total steps: 1635261	Episode: 480/4293	Avg reward: -9.75	Avg steps: 4135
2020-06-27 13:39:22,281	INFO	Total steps: 1717737	Episode: 500/4207	Avg reward: -9.95	Avg steps: 4122
2020-06-27 14:26:40,547	INFO	Total steps: 1809066	Episode: 520/6581	Avg reward: -8.30	Avg steps: 4565
2020-06-27 15:14:21,130	INFO	Total steps: 1899557	Episode: 540/3911	Avg reward: -8.95	Avg steps: 4523
2020-06-27 15:55:57,397	INFO	Total steps: 1990411	Episode: 560/4636	Avg reward: -6.65	Avg steps: 4541
2020-06-27 16:35:56,774	INFO	Total steps: 2078128	Episode: 580/4549	Avg reward: -8.30	Avg steps: 4384
2020-06-27 17:20:38,738	INFO	Total steps: 2174956	Episode: 600/4592	Avg reward: -7.60	Avg steps: 4840
2020-06-27 18:14:53,582	INFO	Total steps: 2283985	Episode: 620/5262	Avg reward: -7.35	Avg steps: 5450
2020-06-27 19:05:39,110	INFO	Total steps: 2394494	Episode: 640/7131	Avg reward: -6.25	Avg steps: 5524
2020-06-27 19:56:56,975	INFO	Total steps: 2495538	Episode: 660/4472	Avg reward: -5.80	Avg steps: 5051
2020-06-27 20:54:15,117	INFO	Total steps: 2603056	Episode: 680/6105	Avg reward: -7.00	Avg steps: 5374
2020-06-27 21:48:32,170	INFO	Total steps: 2705735	Episode: 700/6828	Avg reward: -3.80	Avg steps: 5132
2020-06-27 22:46:58,480	INFO	Total steps: 2827987	Episode: 720/7023	Avg reward: -6.20	Avg steps: 6111
2020-06-27 23:33:06,817	INFO	Total steps: 2927835	Episode: 740/4220	Avg reward: -4.30	Avg steps: 4991
2020-06-28 00:20:37,031	INFO	Total steps: 3028436	Episode: 760/6655	Avg reward: -6.15	Avg steps: 5029
2020-06-28 01:14:08,211	INFO	Total steps: 3137779	Episode: 780/6061	Avg reward: -2.30	Avg steps: 5466
2020-06-28 02:09:58,705	INFO	Total steps: 3252054	Episode: 800/6387	Avg reward: -3.05	Avg steps: 5712
2020-06-28 02:59:44,561	INFO	Total steps: 3365328	Episode: 820/2774	Avg reward: -5.20	Avg steps: 5662
2020-06-28 03:49:58,714	INFO	Total steps: 3481927	Episode: 840/7278	Avg reward: -1.55	Avg steps: 5828
2020-06-28 04:37:57,405	INFO	Total steps: 3596041	Episode: 860/5025	Avg reward: -3.20	Avg steps: 5704
2020-06-28 05:28:28,882	INFO	Total steps: 3716145	Episode: 880/5612	Avg reward: -2.65	Avg steps: 6004
2020-06-28 06:14:20,533	INFO	Total steps: 3825703	Episode: 900/4658	Avg reward: -1.65	Avg steps: 5476
2020-06-28 07:11:08,148	INFO	Total steps: 3961408	Episode: 920/7965	Avg reward: -0.65	Avg steps: 6784
2020-06-28 08:07:43,803	INFO	Total steps: 4095686	Episode: 940/7271	Avg reward: 1.55	Avg steps: 6712
2020-06-28 09:01:13,486	INFO	Total steps: 4223534	Episode: 960/8794	Avg reward: -1.05	Avg steps: 6391
2020-06-28 09:55:57,285	INFO	Total steps: 4350982	Episode: 980/6268	Avg reward: 1.70	Avg steps: 6371
2020-06-28 10:52:31,095	INFO	Total steps: 4480400	Episode: 1000/6873	Avg reward: 1.20	Avg steps: 6469
2020-06-28 11:46:30,525	INFO	Total steps: 4600845	Episode: 1020/6146	Avg reward: 2.10	Avg steps: 6021
2020-06-28 12:50:01,374	INFO	Total steps: 4734582	Episode: 1040/6803	Avg reward: 3.20	Avg steps: 6685
2020-06-28 13:53:32,407	INFO	Total steps: 4869623	Episode: 1060/7603	Avg reward: 2.95	Avg steps: 6751
2020-06-28 14:48:03,819	INFO	Total steps: 4986757	Episode: 1080/6225	Avg reward: -0.15	Avg steps: 5855
2020-06-28 15:54:39,258	INFO	Total steps: 5125865	Episode: 1100/7879	Avg reward: 3.65	Avg steps: 6954
2020-06-28 17:03:03,131	INFO	Total steps: 5267989	Episode: 1120/5089	Avg reward: 5.15	Avg steps: 7105
2020-06-28 18:04:37,178	INFO	Total steps: 5405502	Episode: 1140/7467	Avg reward: 4.75	Avg steps: 6874
2020-06-28 19:05:54,363	INFO	Total steps: 5529460	Episode: 1160/6024	Avg reward: 5.20	Avg steps: 6196
2020-06-28 20:12:07,095	INFO	Total steps: 5663682	Episode: 1180/6165	Avg reward: 6.50	Avg steps: 6710
2020-06-28 21:22:17,829	INFO	Total steps: 5805762	Episode: 1200/6312	Avg reward: 4.65	Avg steps: 7103
2020-06-28 22:31:13,224	INFO	Total steps: 5944545	Episode: 1220/9845	Avg reward: 4.70	Avg steps: 6938
2020-06-28 23:38:30,817	INFO	Total steps: 6081731	Episode: 1240/5619	Avg reward: 3.05	Avg steps: 6858
2020-06-29 00:37:33,672	INFO	Total steps: 6209783	Episode: 1260/6719	Avg reward: 5.85	Avg steps: 6401
2020-06-29 01:47:16,231	INFO	Total steps: 6352001	Episode: 1280/8274	Avg reward: 4.95	Avg steps: 7109
2020-06-29 02:58:36,527	INFO	Total steps: 6499269	Episode: 1300/8838	Avg reward: 4.75	Avg steps: 7362
2020-06-29 04:00:58,465	INFO	Total steps: 6634936	Episode: 1320/4097	Avg reward: 8.15	Avg steps: 6782
2020-06-29 05:03:43,454	INFO	Total steps: 6771781	Episode: 1340/10453	Avg reward: 7.95	Avg steps: 6841
2020-06-29 06:13:36,265	INFO	Total steps: 6924845	Episode: 1360/5642	Avg reward: 7.95	Avg steps: 7652
2020-06-29 07:17:25,795	INFO	Total steps: 7065146	Episode: 1380/7629	Avg reward: 6.85	Avg steps: 7014
2020-06-29 08:11:04,001	INFO	Total steps: 7189502	Episode: 1400/7628	Avg reward: 6.00	Avg steps: 6216
2020-06-29 09:02:35,788	INFO	Total steps: 7314460	Episode: 1420/6116	Avg reward: 7.65	Avg steps: 6246
2020-06-29 09:54:18,313	INFO	Total steps: 7440278	Episode: 1440/3623	Avg reward: 7.85	Avg steps: 6289
2020-06-29 10:52:27,621	INFO	Total steps: 7575439	Episode: 1460/6652	Avg reward: 9.90	Avg steps: 6757
2020-06-29 11:55:40,020	INFO	Total steps: 7710632	Episode: 1480/5858	Avg reward: 9.60	Avg steps: 6758
2020-06-29 13:00:28,641	INFO	Total steps: 7849758	Episode: 1500/12158	Avg reward: 7.40	Avg steps: 6955
2020-06-29 14:04:49,475	INFO	Total steps: 7987451	Episode: 1520/8905	Avg reward: 8.70	Avg steps: 6883
2020-06-29 15:10:37,322	INFO	Total steps: 8128004	Episode: 1540/5939	Avg reward: 9.45	Avg steps: 7026
2020-06-29 16:15:58,152	INFO	Total steps: 8275538	Episode: 1560/6663	Avg reward: 10.20	Avg steps: 7375
2020-06-29 17:15:46,597	INFO	Total steps: 8417819	Episode: 1580/4905	Avg reward: 9.50	Avg steps: 7113
2020-06-29 18:17:59,189	INFO	Total steps: 8565834	Episode: 1600/5614	Avg reward: 8.55	Avg steps: 7399
2020-06-29 19:26:04,692	INFO	Total steps: 8727599	Episode: 1620/8631	Avg reward: 7.85	Avg steps: 8087
2020-06-29 20:25:59,820	INFO	Total steps: 8869928	Episode: 1640/6114	Avg reward: 8.05	Avg steps: 7115
2020-06-29 21:30:19,393	INFO	Total steps: 9022523	Episode: 1660/7235	Avg reward: 9.35	Avg steps: 7628
2020-06-29 22:30:08,541	INFO	Total steps: 9165487	Episode: 1680/7793	Avg reward: 10.50	Avg steps: 7147
2020-06-29 23:26:36,094	INFO	Total steps: 9295789	Episode: 1700/7166	Avg reward: 10.15	Avg steps: 6514
2020-06-30 00:31:40,523	INFO	Total steps: 9442923	Episode: 1720/4318	Avg reward: 8.75	Avg steps: 7355
2020-06-30 01:41:31,999	INFO	Total steps: 9603164	Episode: 1740/6163	Avg reward: 8.95	Avg steps: 8011
2020-06-30 02:40:04,685	INFO	Total steps: 9738288	Episode: 1760/6643	Avg reward: 11.10	Avg steps: 6755
2020-06-30 03:46:00,330	INFO	Total steps: 9889704	Episode: 1780/5762	Avg reward: 10.90	Avg steps: 7569
2020-06-30 04:48:47,444	INFO	Total steps: 10034801	Episode: 1800/9314	Avg reward: 9.90	Avg steps: 7253
2020-06-30 05:52:42,746	INFO	Total steps: 10178881	Episode: 1820/5845	Avg reward: 10.20	Avg steps: 7203
2020-06-30 06:49:09,797	INFO	Total steps: 10306272	Episode: 1840/8067	Avg reward: 10.30	Avg steps: 6368
2020-06-30 07:53:34,225	INFO	Total steps: 10451638	Episode: 1860/7407	Avg reward: 8.70	Avg steps: 7267
2020-06-30 08:46:46,961	INFO	Total steps: 10572294	Episode: 1880/4915	Avg reward: 10.65	Avg steps: 6031
2020-06-30 09:44:34,009	INFO	Total steps: 10704023	Episode: 1900/7637	Avg reward: 11.15	Avg steps: 6585
2020-06-30 10:48:11,950	INFO	Total steps: 10848901	Episode: 1920/6111	Avg reward: 10.05	Avg steps: 7242
2020-06-30 11:49:16,623	INFO	Total steps: 10987626	Episode: 1940/7539	Avg reward: 10.75	Avg steps: 6935
2020-06-30 12:52:18,226	INFO	Total steps: 11130760	Episode: 1960/6719	Avg reward: 11.50	Avg steps: 7155
2020-06-30 13:51:17,543	INFO	Total steps: 11264794	Episode: 1980/5723	Avg reward: 10.05	Avg steps: 6700
2020-06-30 14:55:58,054	INFO	Total steps: 11412291	Episode: 2000/7746	Avg reward: 11.50	Avg steps: 7373
2020-06-30 16:03:47,977	INFO	Total steps: 11566485	Episode: 2020/12573	Avg reward: 10.90	Avg steps: 7708
2020-06-30 16:58:36,531	INFO	Total steps: 11691736	Episode: 2040/7977	Avg reward: 11.90	Avg steps: 6261
