2020-06-23 16:57:43,139	INFO	--width 160 --height 160 --ball 3.0 --snell 3.0 --ps 3.0 --paddle-speed 3.0 --pa 89.0 --paddle-angle 89.0 --pl 45 --paddle-length 45 --lr 0.0001 --learning-rate 0.0001 --network dqn_pong_model --pretrain False --render False --update-prob 0.2 --episodes 4000 --checkpoint dqn_pong_model --history history.p --store-dir ../experiments/18 
2020-06-23 16:58:03,196	INFO	Total steps: 7903	Episode: 20/465	Avg reward: -16.50	Avg steps: 394
2020-06-23 16:59:26,651	INFO	Total steps: 15828	Episode: 40/327	Avg reward: -16.20	Avg steps: 395
2020-06-23 17:01:15,821	INFO	Total steps: 24238	Episode: 60/404	Avg reward: -15.15	Avg steps: 419
2020-06-23 17:03:16,250	INFO	Total steps: 32662	Episode: 80/318	Avg reward: -14.90	Avg steps: 420
2020-06-23 17:05:06,348	INFO	Total steps: 40838	Episode: 100/267	Avg reward: -15.70	Avg steps: 407
2020-06-23 17:07:06,053	INFO	Total steps: 49397	Episode: 120/432	Avg reward: -15.50	Avg steps: 426
2020-06-23 17:09:01,817	INFO	Total steps: 57622	Episode: 140/426	Avg reward: -15.20	Avg steps: 410
2020-06-23 17:11:04,580	INFO	Total steps: 66951	Episode: 160/515	Avg reward: -14.50	Avg steps: 465
2020-06-23 17:13:02,690	INFO	Total steps: 75855	Episode: 180/476	Avg reward: -14.75	Avg steps: 444
2020-06-23 17:14:54,555	INFO	Total steps: 84345	Episode: 200/355	Avg reward: -15.05	Avg steps: 423
2020-06-23 17:16:51,844	INFO	Total steps: 93087	Episode: 220/469	Avg reward: -15.25	Avg steps: 436
2020-06-23 17:18:48,539	INFO	Total steps: 101991	Episode: 240/477	Avg reward: -14.35	Avg steps: 444
2020-06-23 17:20:34,276	INFO	Total steps: 110642	Episode: 260/452	Avg reward: -15.25	Avg steps: 431
2020-06-23 17:22:25,327	INFO	Total steps: 119662	Episode: 280/405	Avg reward: -14.15	Avg steps: 450
2020-06-23 17:24:19,788	INFO	Total steps: 128772	Episode: 300/673	Avg reward: -14.75	Avg steps: 454
2020-06-23 17:26:23,977	INFO	Total steps: 138413	Episode: 320/521	Avg reward: -14.75	Avg steps: 481
2020-06-23 17:28:25,648	INFO	Total steps: 147946	Episode: 340/492	Avg reward: -13.70	Avg steps: 475
2020-06-23 17:30:30,952	INFO	Total steps: 157756	Episode: 360/621	Avg reward: -13.75	Avg steps: 489
2020-06-23 17:32:57,702	INFO	Total steps: 169468	Episode: 380/714	Avg reward: -11.70	Avg steps: 584
2020-06-23 17:35:11,637	INFO	Total steps: 180190	Episode: 400/379	Avg reward: -12.90	Avg steps: 535
2020-06-23 17:37:20,676	INFO	Total steps: 190263	Episode: 420/434	Avg reward: -13.70	Avg steps: 502
2020-06-23 17:39:41,533	INFO	Total steps: 201565	Episode: 440/847	Avg reward: -12.35	Avg steps: 564
2020-06-23 17:41:55,225	INFO	Total steps: 212284	Episode: 460/584	Avg reward: -12.85	Avg steps: 534
2020-06-23 17:44:12,392	INFO	Total steps: 223277	Episode: 480/292	Avg reward: -12.70	Avg steps: 548
2020-06-23 17:46:38,213	INFO	Total steps: 234960	Episode: 500/542	Avg reward: -12.00	Avg steps: 583
2020-06-23 17:49:11,348	INFO	Total steps: 247066	Episode: 520/720	Avg reward: -12.10	Avg steps: 604
2020-06-23 17:51:36,006	INFO	Total steps: 258323	Episode: 540/509	Avg reward: -12.75	Avg steps: 561
2020-06-23 17:54:10,927	INFO	Total steps: 270544	Episode: 560/531	Avg reward: -9.65	Avg steps: 610
2020-06-23 17:56:47,556	INFO	Total steps: 282905	Episode: 580/478	Avg reward: -9.00	Avg steps: 617
2020-06-23 17:59:27,657	INFO	Total steps: 295230	Episode: 600/518	Avg reward: -11.00	Avg steps: 615
2020-06-23 18:02:28,766	INFO	Total steps: 309003	Episode: 620/595	Avg reward: -9.45	Avg steps: 687
2020-06-23 18:05:11,645	INFO	Total steps: 321429	Episode: 640/766	Avg reward: -10.00	Avg steps: 620
2020-06-23 18:08:00,099	INFO	Total steps: 334217	Episode: 660/392	Avg reward: -10.75	Avg steps: 638
2020-06-23 18:11:00,870	INFO	Total steps: 348166	Episode: 680/660	Avg reward: -8.90	Avg steps: 696
2020-06-23 18:14:02,449	INFO	Total steps: 362199	Episode: 700/795	Avg reward: -8.20	Avg steps: 700
2020-06-23 18:16:50,166	INFO	Total steps: 374969	Episode: 720/611	Avg reward: -10.30	Avg steps: 637
2020-06-23 18:20:01,870	INFO	Total steps: 389444	Episode: 740/947	Avg reward: -6.45	Avg steps: 722
2020-06-23 18:23:08,291	INFO	Total steps: 402794	Episode: 760/638	Avg reward: -10.05	Avg steps: 666
2020-06-23 18:26:59,191	INFO	Total steps: 417416	Episode: 780/952	Avg reward: -7.55	Avg steps: 730
2020-06-23 18:31:03,554	INFO	Total steps: 432934	Episode: 800/637	Avg reward: -5.20	Avg steps: 774
2020-06-23 18:35:02,677	INFO	Total steps: 448114	Episode: 820/947	Avg reward: -5.75	Avg steps: 758
2020-06-23 18:39:33,934	INFO	Total steps: 465176	Episode: 840/1010	Avg reward: -4.45	Avg steps: 852
2020-06-23 18:43:36,052	INFO	Total steps: 480578	Episode: 860/829	Avg reward: -5.10	Avg steps: 769
2020-06-23 18:47:40,927	INFO	Total steps: 496179	Episode: 880/898	Avg reward: -5.70	Avg steps: 779
2020-06-23 18:51:44,315	INFO	Total steps: 511530	Episode: 900/891	Avg reward: -5.85	Avg steps: 766
2020-06-23 18:56:04,511	INFO	Total steps: 527842	Episode: 920/831	Avg reward: -1.25	Avg steps: 814
2020-06-23 19:00:18,930	INFO	Total steps: 543903	Episode: 940/719	Avg reward: -2.95	Avg steps: 802
2020-06-23 19:05:01,598	INFO	Total steps: 561766	Episode: 960/709	Avg reward: -2.10	Avg steps: 892
2020-06-23 19:09:40,801	INFO	Total steps: 579322	Episode: 980/864	Avg reward: -0.80	Avg steps: 876
2020-06-23 19:14:16,657	INFO	Total steps: 596762	Episode: 1000/662	Avg reward: -0.55	Avg steps: 871
2020-06-23 19:18:08,745	INFO	Total steps: 614137	Episode: 1020/1169	Avg reward: -0.80	Avg steps: 867
2020-06-23 19:22:03,597	INFO	Total steps: 632031	Episode: 1040/1150	Avg reward: 1.45	Avg steps: 893
2020-06-23 19:25:36,397	INFO	Total steps: 648359	Episode: 1060/894	Avg reward: -0.85	Avg steps: 815
2020-06-23 19:29:36,501	INFO	Total steps: 666503	Episode: 1080/793	Avg reward: 0.85	Avg steps: 906
2020-06-23 19:33:41,889	INFO	Total steps: 685348	Episode: 1100/881	Avg reward: 1.35	Avg steps: 941
2020-06-23 19:37:33,204	INFO	Total steps: 703150	Episode: 1120/766	Avg reward: 3.85	Avg steps: 889
2020-06-23 19:41:11,447	INFO	Total steps: 719890	Episode: 1140/740	Avg reward: 5.80	Avg steps: 836
2020-06-23 19:45:15,095	INFO	Total steps: 738610	Episode: 1160/651	Avg reward: 2.70	Avg steps: 935
2020-06-23 19:48:53,820	INFO	Total steps: 755505	Episode: 1180/926	Avg reward: 5.40	Avg steps: 843
2020-06-23 19:52:50,042	INFO	Total steps: 773858	Episode: 1200/770	Avg reward: 5.55	Avg steps: 916
2020-06-23 19:56:36,647	INFO	Total steps: 791409	Episode: 1220/841	Avg reward: 4.65	Avg steps: 876
2020-06-23 20:00:19,908	INFO	Total steps: 808606	Episode: 1240/622	Avg reward: 5.35	Avg steps: 858
2020-06-23 20:03:54,657	INFO	Total steps: 825278	Episode: 1260/750	Avg reward: 4.95	Avg steps: 832
2020-06-23 20:07:32,237	INFO	Total steps: 842062	Episode: 1280/739	Avg reward: 4.65	Avg steps: 838
2020-06-23 20:11:02,366	INFO	Total steps: 858222	Episode: 1300/913	Avg reward: 8.00	Avg steps: 807
2020-06-23 20:14:55,311	INFO	Total steps: 876068	Episode: 1320/990	Avg reward: 6.15	Avg steps: 891
2020-06-23 20:18:34,130	INFO	Total steps: 892864	Episode: 1340/966	Avg reward: 6.00	Avg steps: 838
2020-06-23 20:22:21,843	INFO	Total steps: 910349	Episode: 1360/1068	Avg reward: 6.25	Avg steps: 873
2020-06-23 20:25:41,386	INFO	Total steps: 925848	Episode: 1380/767	Avg reward: 9.15	Avg steps: 773
2020-06-23 20:29:04,811	INFO	Total steps: 941527	Episode: 1400/754	Avg reward: 8.65	Avg steps: 782
2020-06-23 20:32:41,011	INFO	Total steps: 958228	Episode: 1420/919	Avg reward: 7.95	Avg steps: 834
2020-06-23 20:36:27,338	INFO	Total steps: 975613	Episode: 1440/999	Avg reward: 9.30	Avg steps: 868
2020-06-23 20:40:01,780	INFO	Total steps: 992057	Episode: 1460/843	Avg reward: 9.85	Avg steps: 821
2020-06-23 20:43:25,775	INFO	Total steps: 1007716	Episode: 1480/936	Avg reward: 10.60	Avg steps: 781
2020-06-23 20:46:53,879	INFO	Total steps: 1023709	Episode: 1500/751	Avg reward: 9.65	Avg steps: 798
2020-06-23 20:50:22,673	INFO	Total steps: 1039697	Episode: 1520/501	Avg reward: 11.30	Avg steps: 798
2020-06-23 20:53:40,913	INFO	Total steps: 1054923	Episode: 1540/727	Avg reward: 11.45	Avg steps: 760
2020-06-23 20:56:55,343	INFO	Total steps: 1069851	Episode: 1560/496	Avg reward: 12.20	Avg steps: 745
2020-06-23 21:00:07,032	INFO	Total steps: 1084542	Episode: 1580/708	Avg reward: 11.10	Avg steps: 733
2020-06-23 21:03:47,563	INFO	Total steps: 1101297	Episode: 1600/761	Avg reward: 10.30	Avg steps: 836
2020-06-23 21:07:00,553	INFO	Total steps: 1116008	Episode: 1620/800	Avg reward: 12.55	Avg steps: 734
2020-06-23 21:10:39,940	INFO	Total steps: 1132794	Episode: 1640/750	Avg reward: 10.40	Avg steps: 838
2020-06-23 21:13:57,661	INFO	Total steps: 1147859	Episode: 1660/748	Avg reward: 11.95	Avg steps: 752
2020-06-23 21:17:20,142	INFO	Total steps: 1163170	Episode: 1680/925	Avg reward: 11.85	Avg steps: 764
2020-06-23 21:20:39,812	INFO	Total steps: 1178297	Episode: 1700/643	Avg reward: 11.95	Avg steps: 755
2020-06-23 21:23:53,350	INFO	Total steps: 1192904	Episode: 1720/674	Avg reward: 11.15	Avg steps: 729
2020-06-23 21:26:58,907	INFO	Total steps: 1206878	Episode: 1740/869	Avg reward: 12.50	Avg steps: 697
2020-06-23 21:30:21,927	INFO	Total steps: 1222246	Episode: 1760/814	Avg reward: 12.50	Avg steps: 767
2020-06-23 21:33:42,089	INFO	Total steps: 1237343	Episode: 1780/754	Avg reward: 13.20	Avg steps: 753
2020-06-23 21:37:10,120	INFO	Total steps: 1253050	Episode: 1800/790	Avg reward: 12.00	Avg steps: 784
2020-06-23 21:40:25,479	INFO	Total steps: 1267833	Episode: 1820/571	Avg reward: 13.25	Avg steps: 738
2020-06-23 21:43:53,865	INFO	Total steps: 1283664	Episode: 1840/707	Avg reward: 12.50	Avg steps: 790
2020-06-23 21:47:07,870	INFO	Total steps: 1298399	Episode: 1860/890	Avg reward: 13.45	Avg steps: 735
2020-06-23 21:50:16,203	INFO	Total steps: 1312639	Episode: 1880/740	Avg reward: 12.95	Avg steps: 711
2020-06-23 21:53:21,760	INFO	Total steps: 1326740	Episode: 1900/454	Avg reward: 13.90	Avg steps: 704
2020-06-23 21:56:37,930	INFO	Total steps: 1341575	Episode: 1920/717	Avg reward: 14.65	Avg steps: 740
2020-06-23 21:59:49,754	INFO	Total steps: 1356076	Episode: 1940/725	Avg reward: 14.35	Avg steps: 724
2020-06-23 22:03:07,916	INFO	Total steps: 1371000	Episode: 1960/923	Avg reward: 15.00	Avg steps: 745
2020-06-23 22:06:21,152	INFO	Total steps: 1385640	Episode: 1980/750	Avg reward: 13.85	Avg steps: 731
2020-06-23 22:09:26,838	INFO	Total steps: 1399650	Episode: 2000/685	Avg reward: 14.70	Avg steps: 699
2020-06-23 22:12:26,404	INFO	Total steps: 1413192	Episode: 2020/561	Avg reward: 14.05	Avg steps: 676
2020-06-23 22:15:29,411	INFO	Total steps: 1427029	Episode: 2040/788	Avg reward: 14.60	Avg steps: 690
2020-06-23 22:18:44,777	INFO	Total steps: 1441828	Episode: 2060/659	Avg reward: 12.85	Avg steps: 738
2020-06-23 22:21:51,924	INFO	Total steps: 1455974	Episode: 2080/651	Avg reward: 15.05	Avg steps: 706
2020-06-23 22:25:05,012	INFO	Total steps: 1470494	Episode: 2100/897	Avg reward: 15.05	Avg steps: 725
2020-06-23 22:28:07,257	INFO	Total steps: 1484200	Episode: 2120/754	Avg reward: 15.20	Avg steps: 684
2020-06-23 22:31:17,756	INFO	Total steps: 1498552	Episode: 2140/668	Avg reward: 14.50	Avg steps: 716
2020-06-23 22:34:24,674	INFO	Total steps: 1512683	Episode: 2160/580	Avg reward: 15.15	Avg steps: 705
2020-06-23 22:37:24,603	INFO	Total steps: 1526261	Episode: 2180/677	Avg reward: 14.65	Avg steps: 677
2020-06-23 22:40:25,975	INFO	Total steps: 1539891	Episode: 2200/647	Avg reward: 15.25	Avg steps: 680
2020-06-23 22:43:23,815	INFO	Total steps: 1553241	Episode: 2220/742	Avg reward: 15.50	Avg steps: 666
2020-06-23 22:46:20,920	INFO	Total steps: 1566548	Episode: 2240/650	Avg reward: 15.40	Avg steps: 664
2020-06-23 22:49:33,606	INFO	Total steps: 1580971	Episode: 2260/782	Avg reward: 15.75	Avg steps: 720
2020-06-23 22:52:24,286	INFO	Total steps: 1593995	Episode: 2280/651	Avg reward: 15.80	Avg steps: 650
2020-06-23 22:55:24,234	INFO	Total steps: 1607496	Episode: 2300/678	Avg reward: 15.40	Avg steps: 674
2020-06-23 22:58:12,746	INFO	Total steps: 1620123	Episode: 2320/828	Avg reward: 15.75	Avg steps: 630
2020-06-23 23:01:07,376	INFO	Total steps: 1633136	Episode: 2340/744	Avg reward: 16.60	Avg steps: 649
2020-06-23 23:03:56,849	INFO	Total steps: 1645849	Episode: 2360/606	Avg reward: 16.25	Avg steps: 634
2020-06-23 23:06:45,221	INFO	Total steps: 1658549	Episode: 2380/838	Avg reward: 16.15	Avg steps: 634
2020-06-23 23:09:43,374	INFO	Total steps: 1671920	Episode: 2400/651	Avg reward: 15.95	Avg steps: 667
2020-06-23 23:12:32,671	INFO	Total steps: 1684542	Episode: 2420/625	Avg reward: 16.30	Avg steps: 630
2020-06-23 23:15:24,242	INFO	Total steps: 1697520	Episode: 2440/684	Avg reward: 15.65	Avg steps: 647
2020-06-23 23:18:21,795	INFO	Total steps: 1710715	Episode: 2460/740	Avg reward: 16.30	Avg steps: 658
2020-06-23 23:21:16,333	INFO	Total steps: 1723788	Episode: 2480/654	Avg reward: 15.95	Avg steps: 652
2020-06-23 23:24:14,459	INFO	Total steps: 1737251	Episode: 2500/674	Avg reward: 16.20	Avg steps: 672
2020-06-23 23:27:08,286	INFO	Total steps: 1750282	Episode: 2520/630	Avg reward: 16.75	Avg steps: 650
2020-06-23 23:30:05,049	INFO	Total steps: 1763568	Episode: 2540/615	Avg reward: 16.85	Avg steps: 663
2020-06-23 23:33:06,045	INFO	Total steps: 1777207	Episode: 2560/817	Avg reward: 16.75	Avg steps: 680
2020-06-23 23:35:54,976	INFO	Total steps: 1789924	Episode: 2580/622	Avg reward: 17.15	Avg steps: 634
2020-06-23 23:38:42,859	INFO	Total steps: 1802575	Episode: 2600/489	Avg reward: 16.95	Avg steps: 631
2020-06-23 23:41:46,405	INFO	Total steps: 1816396	Episode: 2620/606	Avg reward: 16.30	Avg steps: 690
2020-06-23 23:44:44,275	INFO	Total steps: 1829913	Episode: 2640/573	Avg reward: 16.15	Avg steps: 674
2020-06-23 23:47:38,286	INFO	Total steps: 1843194	Episode: 2660/620	Avg reward: 16.65	Avg steps: 663
2020-06-23 23:50:37,964	INFO	Total steps: 1856931	Episode: 2680/702	Avg reward: 16.45	Avg steps: 685
2020-06-23 23:53:31,548	INFO	Total steps: 1870059	Episode: 2700/656	Avg reward: 16.80	Avg steps: 655
2020-06-23 23:56:25,333	INFO	Total steps: 1883066	Episode: 2720/827	Avg reward: 16.10	Avg steps: 649
2020-06-23 23:59:12,280	INFO	Total steps: 1895604	Episode: 2740/551	Avg reward: 17.50	Avg steps: 625
2020-06-24 00:02:10,203	INFO	Total steps: 1908785	Episode: 2760/726	Avg reward: 17.40	Avg steps: 658
2020-06-24 00:05:06,634	INFO	Total steps: 1921512	Episode: 2780/665	Avg reward: 17.00	Avg steps: 635
2020-06-24 00:07:51,217	INFO	Total steps: 1933892	Episode: 2800/528	Avg reward: 16.50	Avg steps: 618
2020-06-24 00:10:49,415	INFO	Total steps: 1947419	Episode: 2820/534	Avg reward: 17.30	Avg steps: 675
2020-06-24 00:13:25,080	INFO	Total steps: 1959205	Episode: 2840/579	Avg reward: 17.55	Avg steps: 588
2020-06-24 00:16:08,476	INFO	Total steps: 1971672	Episode: 2860/685	Avg reward: 17.60	Avg steps: 622
2020-06-24 00:18:59,821	INFO	Total steps: 1984496	Episode: 2880/730	Avg reward: 17.70	Avg steps: 640
2020-06-24 00:21:39,508	INFO	Total steps: 1996502	Episode: 2900/558	Avg reward: 18.05	Avg steps: 599
2020-06-24 00:24:26,485	INFO	Total steps: 2008918	Episode: 2920/507	Avg reward: 18.00	Avg steps: 619
2020-06-24 00:27:24,959	INFO	Total steps: 2022317	Episode: 2940/898	Avg reward: 17.50	Avg steps: 668
2020-06-24 00:30:16,193	INFO	Total steps: 2035196	Episode: 2960/544	Avg reward: 16.90	Avg steps: 642
2020-06-24 00:33:19,478	INFO	Total steps: 2048978	Episode: 2980/681	Avg reward: 16.05	Avg steps: 688
2020-06-24 00:36:03,961	INFO	Total steps: 2061431	Episode: 3000/573	Avg reward: 17.30	Avg steps: 621
2020-06-24 00:38:51,514	INFO	Total steps: 2074007	Episode: 3020/578	Avg reward: 17.20	Avg steps: 627
2020-06-24 00:41:42,095	INFO	Total steps: 2086856	Episode: 3040/647	Avg reward: 17.20	Avg steps: 641
2020-06-24 00:44:20,889	INFO	Total steps: 2098932	Episode: 3060/564	Avg reward: 17.65	Avg steps: 602
2020-06-24 00:47:14,480	INFO	Total steps: 2112068	Episode: 3080/553	Avg reward: 17.35	Avg steps: 655
2020-06-24 00:50:05,640	INFO	Total steps: 2124986	Episode: 3100/672	Avg reward: 17.65	Avg steps: 644
2020-06-24 00:53:01,771	INFO	Total steps: 2138228	Episode: 3120/722	Avg reward: 17.55	Avg steps: 661
2020-06-24 00:55:41,009	INFO	Total steps: 2150243	Episode: 3140/615	Avg reward: 17.35	Avg steps: 599
2020-06-24 00:58:14,478	INFO	Total steps: 2161763	Episode: 3160/517	Avg reward: 18.10	Avg steps: 575
2020-06-24 01:01:00,109	INFO	Total steps: 2174280	Episode: 3180/636	Avg reward: 16.80	Avg steps: 624
2020-06-24 01:03:41,611	INFO	Total steps: 2186433	Episode: 3200/441	Avg reward: 17.75	Avg steps: 606
2020-06-24 01:06:27,534	INFO	Total steps: 2198704	Episode: 3220/605	Avg reward: 17.15	Avg steps: 612
2020-06-24 01:09:43,559	INFO	Total steps: 2210959	Episode: 3240/602	Avg reward: 17.35	Avg steps: 611
2020-06-24 01:13:05,705	INFO	Total steps: 2223444	Episode: 3260/672	Avg reward: 18.20	Avg steps: 623
2020-06-24 01:16:17,745	INFO	Total steps: 2235289	Episode: 3280/578	Avg reward: 17.15	Avg steps: 591
2020-06-24 01:19:33,034	INFO	Total steps: 2247407	Episode: 3300/500	Avg reward: 17.75	Avg steps: 604
2020-06-24 01:22:58,620	INFO	Total steps: 2260171	Episode: 3320/560	Avg reward: 16.90	Avg steps: 637
2020-06-24 01:26:10,470	INFO	Total steps: 2272064	Episode: 3340/614	Avg reward: 17.75	Avg steps: 593
2020-06-24 01:29:22,347	INFO	Total steps: 2284052	Episode: 3360/626	Avg reward: 17.80	Avg steps: 598
2020-06-24 01:32:42,016	INFO	Total steps: 2296835	Episode: 3380/650	Avg reward: 17.40	Avg steps: 638
2020-06-24 01:36:13,136	INFO	Total steps: 2309836	Episode: 3400/725	Avg reward: 17.35	Avg steps: 649
2020-06-24 01:39:28,989	INFO	Total steps: 2321853	Episode: 3420/564	Avg reward: 17.30	Avg steps: 599
2020-06-24 01:42:57,189	INFO	Total steps: 2334617	Episode: 3440/662	Avg reward: 17.45	Avg steps: 637
2020-06-24 01:46:10,494	INFO	Total steps: 2346666	Episode: 3460/491	Avg reward: 17.35	Avg steps: 601
2020-06-24 01:49:26,060	INFO	Total steps: 2358747	Episode: 3480/585	Avg reward: 18.35	Avg steps: 603
2020-06-24 01:52:36,802	INFO	Total steps: 2370570	Episode: 3500/549	Avg reward: 17.35	Avg steps: 590
2020-06-24 01:55:55,316	INFO	Total steps: 2382820	Episode: 3520/589	Avg reward: 18.35	Avg steps: 611
2020-06-24 01:59:05,984	INFO	Total steps: 2394810	Episode: 3540/756	Avg reward: 17.55	Avg steps: 598
2020-06-24 02:02:39,275	INFO	Total steps: 2407987	Episode: 3560/774	Avg reward: 17.40	Avg steps: 657
2020-06-24 02:05:47,412	INFO	Total steps: 2419634	Episode: 3580/488	Avg reward: 17.70	Avg steps: 581
2020-06-24 02:09:04,108	INFO	Total steps: 2431998	Episode: 3600/594	Avg reward: 18.00	Avg steps: 617
2020-06-24 02:12:21,140	INFO	Total steps: 2444171	Episode: 3620/545	Avg reward: 18.20	Avg steps: 607
2020-06-24 02:15:32,461	INFO	Total steps: 2456006	Episode: 3640/580	Avg reward: 18.30	Avg steps: 590
2020-06-24 02:18:48,995	INFO	Total steps: 2468244	Episode: 3660/799	Avg reward: 17.25	Avg steps: 610
2020-06-24 02:22:03,196	INFO	Total steps: 2480478	Episode: 3680/453	Avg reward: 18.25	Avg steps: 610
2020-06-24 02:25:13,707	INFO	Total steps: 2492406	Episode: 3700/577	Avg reward: 17.95	Avg steps: 595
2020-06-24 02:28:21,657	INFO	Total steps: 2504144	Episode: 3720/571	Avg reward: 18.15	Avg steps: 585
2020-06-24 02:31:18,554	INFO	Total steps: 2515370	Episode: 3740/781	Avg reward: 18.10	Avg steps: 560
2020-06-24 02:34:34,396	INFO	Total steps: 2527743	Episode: 3760/687	Avg reward: 17.55	Avg steps: 617
2020-06-24 02:37:57,457	INFO	Total steps: 2540451	Episode: 3780/612	Avg reward: 17.95	Avg steps: 634
2020-06-24 02:41:10,263	INFO	Total steps: 2552275	Episode: 3800/582	Avg reward: 18.55	Avg steps: 590
2020-06-24 02:44:12,222	INFO	Total steps: 2563777	Episode: 3820/620	Avg reward: 18.40	Avg steps: 574
2020-06-24 02:47:17,479	INFO	Total steps: 2575465	Episode: 3840/548	Avg reward: 18.05	Avg steps: 583
2020-06-24 02:50:31,795	INFO	Total steps: 2587802	Episode: 3860/623	Avg reward: 18.40	Avg steps: 615
2020-06-24 02:53:37,892	INFO	Total steps: 2599605	Episode: 3880/580	Avg reward: 17.95	Avg steps: 589
2020-06-24 02:56:44,969	INFO	Total steps: 2611505	Episode: 3900/674	Avg reward: 18.00	Avg steps: 594
2020-06-24 02:59:51,360	INFO	Total steps: 2623333	Episode: 3920/599	Avg reward: 18.15	Avg steps: 590
2020-06-24 03:02:55,124	INFO	Total steps: 2634969	Episode: 3940/599	Avg reward: 17.90	Avg steps: 580
2020-06-24 03:05:59,323	INFO	Total steps: 2646664	Episode: 3960/499	Avg reward: 18.25	Avg steps: 583
2020-06-24 03:08:51,795	INFO	Total steps: 2657607	Episode: 3980/584	Avg reward: 18.50	Avg steps: 546
2020-06-24 03:11:58,347	INFO	Total steps: 2669389	Episode: 4000/600	Avg reward: 19.05	Avg steps: 588
2020-06-24 03:59:03,993	INFO	--width 160 --height 160 --ball 3.0 --snell 3.0 --ps 3.0 --paddle-speed 3.0 --pa 89.0 --paddle-angle 89.0 --pl 45 --paddle-length 45 --lr 0.0001 --learning-rate 0.0001 --network dqn_pong_model --pretrain False --render False --update-prob 0.2 --episodes 4000 --checkpoint ../experiments/18/dqn_pong_model --history ../experiments/18/history.p --store-dir ../experiments/18 
2020-06-24 03:59:04,425	INFO	Device: cuda
2020-06-24 03:59:11,359	INFO	Loading the trained model
2020-06-24 04:02:42,898	INFO	Total steps: 2681617	Episode: 4020/638	Avg reward: 17.25	Avg steps: 610
2020-06-24 04:06:17,568	INFO	Total steps: 2694014	Episode: 4040/683	Avg reward: 17.40	Avg steps: 618
2020-06-24 04:09:58,800	INFO	Total steps: 2706768	Episode: 4060/600	Avg reward: 18.70	Avg steps: 636
2020-06-24 04:13:36,753	INFO	Total steps: 2719322	Episode: 4080/471	Avg reward: 17.90	Avg steps: 626
2020-06-24 04:16:56,534	INFO	Total steps: 2730792	Episode: 4100/613	Avg reward: 18.75	Avg steps: 572
2020-06-24 04:20:25,808	INFO	Total steps: 2742797	Episode: 4120/627	Avg reward: 17.85	Avg steps: 599
2020-06-24 04:24:02,422	INFO	Total steps: 2755230	Episode: 4140/639	Avg reward: 18.75	Avg steps: 620
2020-06-24 04:27:44,889	INFO	Total steps: 2767998	Episode: 4160/683	Avg reward: 17.85	Avg steps: 637
2020-06-24 04:31:16,015	INFO	Total steps: 2780055	Episode: 4180/617	Avg reward: 17.95	Avg steps: 601
2020-06-24 04:34:42,330	INFO	Total steps: 2791803	Episode: 4200/742	Avg reward: 18.50	Avg steps: 586
2020-06-24 04:38:02,876	INFO	Total steps: 2803158	Episode: 4220/713	Avg reward: 18.10	Avg steps: 566
2020-06-24 04:41:27,574	INFO	Total steps: 2814814	Episode: 4240/520	Avg reward: 18.50	Avg steps: 581
2020-06-24 04:44:48,524	INFO	Total steps: 2826224	Episode: 4260/529	Avg reward: 17.75	Avg steps: 569
2020-06-24 04:48:15,900	INFO	Total steps: 2838024	Episode: 4280/474	Avg reward: 19.05	Avg steps: 589
2020-06-24 04:51:44,779	INFO	Total steps: 2849908	Episode: 4300/508	Avg reward: 17.70	Avg steps: 593
2020-06-24 04:55:17,513	INFO	Total steps: 2861961	Episode: 4320/535	Avg reward: 18.80	Avg steps: 601
2020-06-24 04:58:47,145	INFO	Total steps: 2873879	Episode: 4340/498	Avg reward: 18.45	Avg steps: 594
2020-06-24 05:02:18,031	INFO	Total steps: 2885867	Episode: 4360/630	Avg reward: 18.10	Avg steps: 598
2020-06-24 05:05:34,459	INFO	Total steps: 2897043	Episode: 4380/505	Avg reward: 18.75	Avg steps: 557
2020-06-24 05:08:51,801	INFO	Total steps: 2908233	Episode: 4400/542	Avg reward: 18.80	Avg steps: 558
2020-06-24 05:12:19,114	INFO	Total steps: 2919958	Episode: 4420/678	Avg reward: 18.15	Avg steps: 585
2020-06-24 05:15:42,446	INFO	Total steps: 2931500	Episode: 4440/740	Avg reward: 18.00	Avg steps: 576
2020-06-24 05:18:54,486	INFO	Total steps: 2942402	Episode: 4460/514	Avg reward: 18.95	Avg steps: 544
2020-06-24 05:22:17,446	INFO	Total steps: 2953919	Episode: 4480/575	Avg reward: 18.60	Avg steps: 574
2020-06-24 05:25:35,698	INFO	Total steps: 2965182	Episode: 4500/605	Avg reward: 18.65	Avg steps: 562
2020-06-24 05:29:03,973	INFO	Total steps: 2976959	Episode: 4520/577	Avg reward: 18.40	Avg steps: 587
2020-06-24 05:32:28,495	INFO	Total steps: 2988551	Episode: 4540/651	Avg reward: 18.60	Avg steps: 578
2020-06-24 05:35:48,948	INFO	Total steps: 2999927	Episode: 4560/568	Avg reward: 18.70	Avg steps: 567
2020-06-24 05:39:15,824	INFO	Total steps: 3011653	Episode: 4580/584	Avg reward: 17.95	Avg steps: 585
2020-06-24 05:42:37,970	INFO	Total steps: 3023121	Episode: 4600/546	Avg reward: 18.55	Avg steps: 572
2020-06-24 05:45:51,319	INFO	Total steps: 3034029	Episode: 4620/730	Avg reward: 18.20	Avg steps: 544
2020-06-24 05:49:13,352	INFO	Total steps: 3045475	Episode: 4640/664	Avg reward: 18.40	Avg steps: 571
2020-06-24 05:52:24,386	INFO	Total steps: 3056301	Episode: 4660/579	Avg reward: 18.40	Avg steps: 540
2020-06-24 05:55:41,571	INFO	Total steps: 3067484	Episode: 4680/635	Avg reward: 18.95	Avg steps: 558
2020-06-24 05:59:13,769	INFO	Total steps: 3079486	Episode: 4700/617	Avg reward: 18.20	Avg steps: 599
2020-06-24 06:02:27,226	INFO	Total steps: 3090403	Episode: 4720/466	Avg reward: 18.30	Avg steps: 544
2020-06-24 06:05:55,845	INFO	Total steps: 3102195	Episode: 4740/591	Avg reward: 18.15	Avg steps: 588
2020-06-24 06:09:27,630	INFO	Total steps: 3114168	Episode: 4760/723	Avg reward: 18.35	Avg steps: 597
2020-06-24 06:12:46,565	INFO	Total steps: 3125400	Episode: 4780/550	Avg reward: 18.40	Avg steps: 560
2020-06-24 06:16:03,443	INFO	Total steps: 3136542	Episode: 4800/590	Avg reward: 18.65	Avg steps: 556
2020-06-24 06:19:23,838	INFO	Total steps: 3147860	Episode: 4820/454	Avg reward: 18.10	Avg steps: 564
2020-06-24 06:22:50,917	INFO	Total steps: 3159588	Episode: 4840/554	Avg reward: 18.25	Avg steps: 585
2020-06-24 06:26:14,980	INFO	Total steps: 3171215	Episode: 4860/627	Avg reward: 19.20	Avg steps: 580
2020-06-24 06:29:28,938	INFO	Total steps: 3182149	Episode: 4880/537	Avg reward: 18.55	Avg steps: 545
2020-06-24 06:32:55,280	INFO	Total steps: 3193786	Episode: 4900/535	Avg reward: 18.55	Avg steps: 580
2020-06-24 06:36:23,205	INFO	Total steps: 3205471	Episode: 4920/522	Avg reward: 18.35	Avg steps: 583
2020-06-24 06:39:45,536	INFO	Total steps: 3216870	Episode: 4940/529	Avg reward: 18.15	Avg steps: 568
2020-06-24 06:43:06,841	INFO	Total steps: 3228208	Episode: 4960/634	Avg reward: 18.90	Avg steps: 565
2020-06-24 06:46:36,986	INFO	Total steps: 3240058	Episode: 4980/521	Avg reward: 18.25	Avg steps: 591
2020-06-24 06:50:13,325	INFO	Total steps: 3252232	Episode: 5000/491	Avg reward: 18.00	Avg steps: 607
2020-06-24 06:53:27,607	INFO	Total steps: 3263167	Episode: 5020/470	Avg reward: 18.65	Avg steps: 545
2020-06-24 06:57:00,748	INFO	Total steps: 3275152	Episode: 5040/706	Avg reward: 18.40	Avg steps: 598
2020-06-24 07:00:22,949	INFO	Total steps: 3286564	Episode: 5060/510	Avg reward: 18.65	Avg steps: 569
2020-06-24 07:03:46,587	INFO	Total steps: 3298046	Episode: 5080/503	Avg reward: 18.40	Avg steps: 573
2020-06-24 07:07:19,270	INFO	Total steps: 3310033	Episode: 5100/574	Avg reward: 18.50	Avg steps: 598
2020-06-24 07:10:46,129	INFO	Total steps: 3321661	Episode: 5120/564	Avg reward: 18.45	Avg steps: 580
2020-06-24 07:14:16,245	INFO	Total steps: 3333492	Episode: 5140/748	Avg reward: 18.20	Avg steps: 590
2020-06-24 07:17:29,544	INFO	Total steps: 3344387	Episode: 5160/650	Avg reward: 18.50	Avg steps: 543
2020-06-24 07:21:00,234	INFO	Total steps: 3356257	Episode: 5180/512	Avg reward: 18.55	Avg steps: 592
2020-06-24 07:24:38,926	INFO	Total steps: 3368596	Episode: 5200/738	Avg reward: 18.70	Avg steps: 615
2020-06-24 07:28:08,441	INFO	Total steps: 3380367	Episode: 5220/701	Avg reward: 18.95	Avg steps: 587
2020-06-24 07:31:36,406	INFO	Total steps: 3392087	Episode: 5240/481	Avg reward: 18.85	Avg steps: 585
2020-06-24 07:34:58,018	INFO	Total steps: 3403431	Episode: 5260/505	Avg reward: 19.10	Avg steps: 566
2020-06-24 07:38:24,457	INFO	Total steps: 3415048	Episode: 5280/667	Avg reward: 18.85	Avg steps: 579
2020-06-24 07:41:37,921	INFO	Total steps: 3425941	Episode: 5300/516	Avg reward: 18.85	Avg steps: 543
2020-06-24 07:45:05,671	INFO	Total steps: 3437625	Episode: 5320/586	Avg reward: 18.80	Avg steps: 583
2020-06-24 07:48:21,151	INFO	Total steps: 3448633	Episode: 5340/526	Avg reward: 18.50	Avg steps: 549
2020-06-24 07:51:46,690	INFO	Total steps: 3460204	Episode: 5360/652	Avg reward: 18.15	Avg steps: 577
2020-06-24 07:55:03,043	INFO	Total steps: 3471259	Episode: 5380/506	Avg reward: 18.75	Avg steps: 551
2020-06-24 07:58:24,668	INFO	Total steps: 3482592	Episode: 5400/651	Avg reward: 18.55	Avg steps: 565
2020-06-24 08:01:37,220	INFO	Total steps: 3493410	Episode: 5420/606	Avg reward: 18.95	Avg steps: 539
2020-06-24 08:04:57,694	INFO	Total steps: 3504700	Episode: 5440/613	Avg reward: 18.75	Avg steps: 563
2020-06-24 08:08:27,401	INFO	Total steps: 3516511	Episode: 5460/592	Avg reward: 18.45	Avg steps: 589
2020-06-24 08:11:44,265	INFO	Total steps: 3527567	Episode: 5480/528	Avg reward: 18.45	Avg steps: 551
2020-06-24 08:15:02,350	INFO	Total steps: 3538725	Episode: 5500/666	Avg reward: 19.25	Avg steps: 556
2020-06-24 08:18:28,386	INFO	Total steps: 3550293	Episode: 5520/589	Avg reward: 18.40	Avg steps: 577
2020-06-24 08:21:57,364	INFO	Total steps: 3562064	Episode: 5540/547	Avg reward: 18.55	Avg steps: 587
2020-06-24 08:25:17,721	INFO	Total steps: 3573343	Episode: 5560/479	Avg reward: 18.50	Avg steps: 562
2020-06-24 08:28:34,087	INFO	Total steps: 3584392	Episode: 5580/495	Avg reward: 18.40	Avg steps: 551
2020-06-24 08:32:02,845	INFO	Total steps: 3596124	Episode: 5600/577	Avg reward: 18.45	Avg steps: 585
2020-06-24 08:35:21,178	INFO	Total steps: 3607268	Episode: 5620/655	Avg reward: 19.05	Avg steps: 556
2020-06-24 08:38:39,204	INFO	Total steps: 3618425	Episode: 5640/516	Avg reward: 19.40	Avg steps: 556
2020-06-24 08:41:59,652	INFO	Total steps: 3629669	Episode: 5660/655	Avg reward: 18.90	Avg steps: 561
2020-06-24 08:45:18,197	INFO	Total steps: 3640859	Episode: 5680/581	Avg reward: 19.10	Avg steps: 558
2020-06-24 08:48:23,287	INFO	Total steps: 3651280	Episode: 5700/535	Avg reward: 18.90	Avg steps: 520
2020-06-24 08:51:34,758	INFO	Total steps: 3662042	Episode: 5720/630	Avg reward: 18.65	Avg steps: 537
2020-06-24 08:55:09,113	INFO	Total steps: 3674094	Episode: 5740/630	Avg reward: 18.60	Avg steps: 601
2020-06-24 08:58:25,286	INFO	Total steps: 3685151	Episode: 5760/505	Avg reward: 18.85	Avg steps: 551
2020-06-24 09:01:43,506	INFO	Total steps: 3696315	Episode: 5780/682	Avg reward: 18.80	Avg steps: 557
2020-06-24 09:05:04,718	INFO	Total steps: 3707629	Episode: 5800/551	Avg reward: 19.20	Avg steps: 564
2020-06-24 09:08:15,798	INFO	Total steps: 3718357	Episode: 5820/544	Avg reward: 19.40	Avg steps: 535
2020-06-24 09:11:33,060	INFO	Total steps: 3729450	Episode: 5840/576	Avg reward: 18.75	Avg steps: 553
2020-06-24 09:14:54,648	INFO	Total steps: 3740786	Episode: 5860/446	Avg reward: 19.00	Avg steps: 565
2020-06-24 09:18:10,696	INFO	Total steps: 3751807	Episode: 5880/655	Avg reward: 18.45	Avg steps: 550
2020-06-24 09:21:27,051	INFO	Total steps: 3762867	Episode: 5900/593	Avg reward: 19.15	Avg steps: 552
2020-06-24 09:24:48,359	INFO	Total steps: 3774063	Episode: 5920/666	Avg reward: 19.25	Avg steps: 558
2020-06-24 09:27:59,205	INFO	Total steps: 3784816	Episode: 5940/474	Avg reward: 18.95	Avg steps: 536
2020-06-24 09:31:22,764	INFO	Total steps: 3796263	Episode: 5960/652	Avg reward: 18.55	Avg steps: 571
2020-06-24 09:34:37,063	INFO	Total steps: 3807209	Episode: 5980/577	Avg reward: 18.40	Avg steps: 546
2020-06-24 09:37:53,343	INFO	Total steps: 3818253	Episode: 6000/611	Avg reward: 18.65	Avg steps: 551
2020-06-24 09:41:24,392	INFO	Total steps: 3830063	Episode: 6020/513	Avg reward: 18.30	Avg steps: 589
2020-06-24 09:44:38,510	INFO	Total steps: 3840971	Episode: 6040/460	Avg reward: 18.70	Avg steps: 544
2020-06-24 09:48:04,387	INFO	Total steps: 3852539	Episode: 6060/548	Avg reward: 18.35	Avg steps: 577
2020-06-24 09:51:23,957	INFO	Total steps: 3863746	Episode: 6080/636	Avg reward: 18.45	Avg steps: 559
2020-06-24 09:54:46,922	INFO	Total steps: 3875143	Episode: 6100/596	Avg reward: 18.45	Avg steps: 568
2020-06-24 09:58:08,296	INFO	Total steps: 3886456	Episode: 6120/503	Avg reward: 18.30	Avg steps: 564
2020-06-24 10:01:28,278	INFO	Total steps: 3897699	Episode: 6140/530	Avg reward: 18.35	Avg steps: 561
2020-06-24 10:04:57,608	INFO	Total steps: 3909466	Episode: 6160/640	Avg reward: 18.80	Avg steps: 587
2020-06-24 10:08:23,573	INFO	Total steps: 3921016	Episode: 6180/690	Avg reward: 18.65	Avg steps: 576
2020-06-24 10:11:47,661	INFO	Total steps: 3932500	Episode: 6200/680	Avg reward: 18.85	Avg steps: 573
2020-06-24 10:15:10,010	INFO	Total steps: 3943848	Episode: 6220/585	Avg reward: 18.95	Avg steps: 566
2020-06-24 10:18:21,882	INFO	Total steps: 3954627	Episode: 6240/482	Avg reward: 18.95	Avg steps: 537
2020-06-24 10:21:27,584	INFO	Total steps: 3965055	Episode: 6260/627	Avg reward: 18.95	Avg steps: 520
2020-06-24 10:24:50,474	INFO	Total steps: 3976438	Episode: 6280/468	Avg reward: 18.65	Avg steps: 568
2020-06-24 10:28:13,113	INFO	Total steps: 3987809	Episode: 6300/738	Avg reward: 18.55	Avg steps: 567
2020-06-24 10:31:27,241	INFO	Total steps: 3998690	Episode: 6320/568	Avg reward: 18.90	Avg steps: 543
2020-06-24 10:34:45,807	INFO	Total steps: 4009835	Episode: 6340/625	Avg reward: 18.95	Avg steps: 556
2020-06-24 10:37:45,666	INFO	Total steps: 4019941	Episode: 6360/528	Avg reward: 19.30	Avg steps: 504
2020-06-24 10:40:57,141	INFO	Total steps: 4030704	Episode: 6380/497	Avg reward: 19.05	Avg steps: 537
2020-06-24 10:44:21,450	INFO	Total steps: 4042168	Episode: 6400/577	Avg reward: 18.70	Avg steps: 572
2020-06-24 10:47:32,652	INFO	Total steps: 4052899	Episode: 6420/495	Avg reward: 19.30	Avg steps: 535
2020-06-24 10:50:48,340	INFO	Total steps: 4063906	Episode: 6440/603	Avg reward: 18.75	Avg steps: 549
2020-06-24 10:53:56,099	INFO	Total steps: 4074444	Episode: 6460/547	Avg reward: 19.05	Avg steps: 525
2020-06-24 10:57:10,696	INFO	Total steps: 4085379	Episode: 6480/596	Avg reward: 19.25	Avg steps: 545
2020-06-24 11:00:32,979	INFO	Total steps: 4096748	Episode: 6500/493	Avg reward: 19.50	Avg steps: 567
2020-06-24 11:03:46,320	INFO	Total steps: 4107556	Episode: 6520/503	Avg reward: 19.25	Avg steps: 539
2020-06-24 11:06:56,699	INFO	Total steps: 4118225	Episode: 6540/558	Avg reward: 18.75	Avg steps: 532
2020-06-24 11:10:11,292	INFO	Total steps: 4129162	Episode: 6560/483	Avg reward: 18.65	Avg steps: 545
2020-06-24 11:13:39,013	INFO	Total steps: 4140836	Episode: 6580/603	Avg reward: 18.80	Avg steps: 582
2020-06-24 11:17:01,140	INFO	Total steps: 4152195	Episode: 6600/555	Avg reward: 18.90	Avg steps: 566
2020-06-24 11:20:27,389	INFO	Total steps: 4163779	Episode: 6620/620	Avg reward: 18.60	Avg steps: 578
2020-06-24 11:23:35,710	INFO	Total steps: 4174345	Episode: 6640/580	Avg reward: 18.95	Avg steps: 527
2020-06-24 11:26:57,728	INFO	Total steps: 4185745	Episode: 6660/636	Avg reward: 18.60	Avg steps: 569
2020-06-24 11:30:17,418	INFO	Total steps: 4196995	Episode: 6680/526	Avg reward: 18.80	Avg steps: 561
2020-06-24 11:33:40,895	INFO	Total steps: 4208412	Episode: 6700/452	Avg reward: 18.45	Avg steps: 569
2020-06-24 11:37:04,948	INFO	Total steps: 4219838	Episode: 6720/711	Avg reward: 18.50	Avg steps: 570
2020-06-24 11:40:29,521	INFO	Total steps: 4231317	Episode: 6740/598	Avg reward: 18.40	Avg steps: 572
2020-06-24 11:43:54,793	INFO	Total steps: 4242864	Episode: 6760/497	Avg reward: 18.65	Avg steps: 576
2020-06-24 11:47:11,778	INFO	Total steps: 4253936	Episode: 6780/591	Avg reward: 19.00	Avg steps: 552
2020-06-24 11:50:29,200	INFO	Total steps: 4265023	Episode: 6800/562	Avg reward: 18.90	Avg steps: 553
2020-06-24 11:53:50,598	INFO	Total steps: 4276305	Episode: 6820/524	Avg reward: 18.75	Avg steps: 563
2020-06-24 11:57:19,926	INFO	Total steps: 4288098	Episode: 6840/910	Avg reward: 18.50	Avg steps: 588
2020-06-24 12:00:33,312	INFO	Total steps: 4299014	Episode: 6860/631	Avg reward: 18.70	Avg steps: 544
2020-06-24 12:03:48,184	INFO	Total steps: 4310015	Episode: 6880/560	Avg reward: 18.95	Avg steps: 549
2020-06-24 12:07:07,848	INFO	Total steps: 4321287	Episode: 6900/614	Avg reward: 18.55	Avg steps: 562
2020-06-24 12:10:15,762	INFO	Total steps: 4331877	Episode: 6920/530	Avg reward: 19.25	Avg steps: 528
2020-06-24 12:13:35,669	INFO	Total steps: 4343161	Episode: 6940/498	Avg reward: 19.05	Avg steps: 563
2020-06-24 12:16:52,735	INFO	Total steps: 4354296	Episode: 6960/683	Avg reward: 19.15	Avg steps: 555
2020-06-24 12:20:08,912	INFO	Total steps: 4365367	Episode: 6980/520	Avg reward: 19.00	Avg steps: 552
2020-06-24 12:23:30,345	INFO	Total steps: 4376750	Episode: 7000/479	Avg reward: 18.80	Avg steps: 568
2020-06-24 12:26:47,656	INFO	Total steps: 4387857	Episode: 7020/704	Avg reward: 18.40	Avg steps: 554
2020-06-24 12:30:04,370	INFO	Total steps: 4398897	Episode: 7040/465	Avg reward: 18.70	Avg steps: 551
2020-06-24 12:33:25,835	INFO	Total steps: 4410218	Episode: 7060/561	Avg reward: 18.85	Avg steps: 565
2020-06-24 12:36:48,810	INFO	Total steps: 4421616	Episode: 7080/631	Avg reward: 18.55	Avg steps: 568
2020-06-24 12:40:03,638	INFO	Total steps: 4432569	Episode: 7100/585	Avg reward: 19.15	Avg steps: 546
2020-06-24 12:43:16,288	INFO	Total steps: 4443314	Episode: 7120/498	Avg reward: 19.10	Avg steps: 536
2020-06-24 12:46:34,853	INFO	Total steps: 4454464	Episode: 7140/538	Avg reward: 18.85	Avg steps: 556
2020-06-24 12:49:44,049	INFO	Total steps: 4465069	Episode: 7160/536	Avg reward: 19.45	Avg steps: 529
2020-06-24 12:52:54,360	INFO	Total steps: 4475772	Episode: 7180/531	Avg reward: 19.25	Avg steps: 534
2020-06-24 12:56:14,001	INFO	Total steps: 4486991	Episode: 7200/672	Avg reward: 18.70	Avg steps: 559
2020-06-24 12:59:38,122	INFO	Total steps: 4498423	Episode: 7220/454	Avg reward: 18.40	Avg steps: 570
2020-06-24 13:02:47,919	INFO	Total steps: 4509099	Episode: 7240/497	Avg reward: 19.10	Avg steps: 532
2020-06-24 13:05:57,797	INFO	Total steps: 4519746	Episode: 7260/462	Avg reward: 19.15	Avg steps: 531
2020-06-24 13:09:04,218	INFO	Total steps: 4530225	Episode: 7280/506	Avg reward: 18.45	Avg steps: 522
2020-06-24 13:12:15,469	INFO	Total steps: 4540959	Episode: 7300/527	Avg reward: 18.90	Avg steps: 535
2020-06-24 13:15:19,442	INFO	Total steps: 4551242	Episode: 7320/589	Avg reward: 19.35	Avg steps: 513
2020-06-24 13:18:28,301	INFO	Total steps: 4561843	Episode: 7340/541	Avg reward: 19.20	Avg steps: 529
2020-06-24 13:21:44,451	INFO	Total steps: 4572849	Episode: 7360/462	Avg reward: 18.95	Avg steps: 549
2020-06-24 13:25:00,685	INFO	Total steps: 4583910	Episode: 7380/643	Avg reward: 19.05	Avg steps: 552
2020-06-24 13:28:18,570	INFO	Total steps: 4595037	Episode: 7400/552	Avg reward: 18.80	Avg steps: 555
2020-06-24 13:31:37,079	INFO	Total steps: 4606048	Episode: 7420/598	Avg reward: 18.90	Avg steps: 549
2020-06-24 13:34:50,699	INFO	Total steps: 4616896	Episode: 7440/532	Avg reward: 18.60	Avg steps: 541
2020-06-24 13:38:04,219	INFO	Total steps: 4627769	Episode: 7460/492	Avg reward: 19.10	Avg steps: 542
2020-06-24 13:41:10,233	INFO	Total steps: 4638209	Episode: 7480/515	Avg reward: 19.45	Avg steps: 521
2020-06-24 13:44:33,650	INFO	Total steps: 4649639	Episode: 7500/494	Avg reward: 18.45	Avg steps: 570
2020-06-24 13:47:41,116	INFO	Total steps: 4660146	Episode: 7520/513	Avg reward: 18.80	Avg steps: 524
2020-06-24 13:50:53,488	INFO	Total steps: 4670939	Episode: 7540/557	Avg reward: 18.80	Avg steps: 538
2020-06-24 13:54:12,651	INFO	Total steps: 4682142	Episode: 7560/613	Avg reward: 18.85	Avg steps: 559
2020-06-24 13:57:30,007	INFO	Total steps: 4693226	Episode: 7580/718	Avg reward: 19.00	Avg steps: 553
2020-06-24 14:00:51,691	INFO	Total steps: 4704562	Episode: 7600/599	Avg reward: 18.80	Avg steps: 565
2020-06-24 14:04:02,135	INFO	Total steps: 4715226	Episode: 7620/448	Avg reward: 18.60	Avg steps: 532
2020-06-24 14:07:17,926	INFO	Total steps: 4726236	Episode: 7640/556	Avg reward: 18.60	Avg steps: 549
2020-06-24 14:10:41,311	INFO	Total steps: 4737658	Episode: 7660/557	Avg reward: 19.15	Avg steps: 570
2020-06-24 14:13:53,152	INFO	Total steps: 4748454	Episode: 7680/507	Avg reward: 19.15	Avg steps: 538
2020-06-24 14:17:12,285	INFO	Total steps: 4759639	Episode: 7700/663	Avg reward: 18.95	Avg steps: 558
2020-06-24 14:20:26,643	INFO	Total steps: 4770517	Episode: 7720/727	Avg reward: 18.95	Avg steps: 542
2020-06-24 14:23:46,247	INFO	Total steps: 4781730	Episode: 7740/488	Avg reward: 18.80	Avg steps: 559
2020-06-24 14:26:56,812	INFO	Total steps: 4792423	Episode: 7760/549	Avg reward: 19.20	Avg steps: 533
2020-06-24 14:30:09,885	INFO	Total steps: 4803274	Episode: 7780/497	Avg reward: 19.15	Avg steps: 541
2020-06-24 14:33:21,348	INFO	Total steps: 4814010	Episode: 7800/644	Avg reward: 19.65	Avg steps: 535
2020-06-24 14:36:32,364	INFO	Total steps: 4824682	Episode: 7820/485	Avg reward: 19.15	Avg steps: 532
2020-06-24 14:39:53,785	INFO	Total steps: 4835980	Episode: 7840/606	Avg reward: 18.95	Avg steps: 563
2020-06-24 14:42:59,951	INFO	Total steps: 4846428	Episode: 7860/475	Avg reward: 18.75	Avg steps: 521
2020-06-24 14:46:11,840	INFO	Total steps: 4857185	Episode: 7880/470	Avg reward: 18.85	Avg steps: 536
2020-06-24 14:49:24,683	INFO	Total steps: 4867982	Episode: 7900/647	Avg reward: 18.85	Avg steps: 538
2020-06-24 14:52:42,190	INFO	Total steps: 4879065	Episode: 7920/515	Avg reward: 18.85	Avg steps: 553
2020-06-24 14:55:56,049	INFO	Total steps: 4889931	Episode: 7940/482	Avg reward: 18.75	Avg steps: 542
2020-06-24 14:59:00,649	INFO	Total steps: 4900301	Episode: 7960/489	Avg reward: 19.40	Avg steps: 517
2020-06-24 15:02:11,805	INFO	Total steps: 4911025	Episode: 7980/521	Avg reward: 19.35	Avg steps: 535
2020-06-24 15:05:23,058	INFO	Total steps: 4921783	Episode: 8000/638	Avg reward: 19.00	Avg steps: 536
