2020-07-01 22:22:33,971	INFO	--width 160 --height 160 --ball 1.0 --ball-size 2.0 --snell 1.0 --snell-width 40.0 --snell-change 0.0 --snell-visible none --paddle-speed 1.0 --paddle-angle 60.0 --paddle-length 20.0 --update-prob 0.2 --state binary --learning-rate 0.0001 --network dqn_pong_model --render False --epsdecay 1000 --episodes 4000 --replay 10000 --checkpoint dqn_pong_model --history history.p --store-dir ../experiments/snell_width.40.0-paddle_length.20.0-paddle_angle.60.0-update_prob.0.2 
2020-07-01 22:22:33,971	INFO	Device: cuda
2020-07-01 22:25:10,581	INFO	Total steps: 12641	Episode: 20/497	Avg reward: -17.85	Avg steps: 631
2020-07-01 22:33:03,664	INFO	Total steps: 26363	Episode: 40/733	Avg reward: -17.85	Avg steps: 685
2020-07-01 22:43:08,805	INFO	Total steps: 43868	Episode: 60/1088	Avg reward: -16.75	Avg steps: 874
2020-07-01 22:52:18,976	INFO	Total steps: 59739	Episode: 80/897	Avg reward: -17.45	Avg steps: 792
2020-07-01 23:01:09,378	INFO	Total steps: 75016	Episode: 100/653	Avg reward: -17.05	Avg steps: 762
2020-07-01 23:09:32,735	INFO	Total steps: 89325	Episode: 120/948	Avg reward: -17.45	Avg steps: 714
2020-07-01 23:17:46,778	INFO	Total steps: 105524	Episode: 140/1095	Avg reward: -16.70	Avg steps: 808
2020-07-01 23:25:30,631	INFO	Total steps: 121489	Episode: 160/813	Avg reward: -16.90	Avg steps: 797
2020-07-01 23:33:40,296	INFO	Total steps: 138206	Episode: 180/1045	Avg reward: -16.60	Avg steps: 834
2020-07-01 23:42:16,380	INFO	Total steps: 154661	Episode: 200/1093	Avg reward: -16.60	Avg steps: 821
2020-07-01 23:51:46,049	INFO	Total steps: 172882	Episode: 220/1083	Avg reward: -15.50	Avg steps: 910
2020-07-02 00:01:38,001	INFO	Total steps: 191917	Episode: 240/765	Avg reward: -15.55	Avg steps: 950
2020-07-02 00:10:37,772	INFO	Total steps: 209269	Episode: 260/727	Avg reward: -15.75	Avg steps: 866
2020-07-02 00:19:54,843	INFO	Total steps: 227564	Episode: 280/1310	Avg reward: -15.85	Avg steps: 913
2020-07-02 00:29:15,189	INFO	Total steps: 245730	Episode: 300/584	Avg reward: -15.50	Avg steps: 907
2020-07-02 00:39:32,207	INFO	Total steps: 265184	Episode: 320/1353	Avg reward: -14.80	Avg steps: 971
2020-07-02 00:49:12,840	INFO	Total steps: 284305	Episode: 340/1456	Avg reward: -14.90	Avg steps: 955
2020-07-02 00:59:54,969	INFO	Total steps: 304800	Episode: 360/894	Avg reward: -14.50	Avg steps: 1023
2020-07-02 01:10:57,459	INFO	Total steps: 325911	Episode: 380/839	Avg reward: -13.15	Avg steps: 1054
2020-07-02 01:22:01,975	INFO	Total steps: 347922	Episode: 400/1536	Avg reward: -12.85	Avg steps: 1099
2020-07-02 01:31:47,772	INFO	Total steps: 367186	Episode: 420/1103	Avg reward: -14.15	Avg steps: 962
2020-07-02 01:42:46,765	INFO	Total steps: 388209	Episode: 440/1358	Avg reward: -13.20	Avg steps: 1050
2020-07-02 01:53:20,693	INFO	Total steps: 408624	Episode: 460/944	Avg reward: -12.80	Avg steps: 1019
2020-07-02 02:03:57,990	INFO	Total steps: 428847	Episode: 480/762	Avg reward: -13.95	Avg steps: 1010
2020-07-02 02:15:28,478	INFO	Total steps: 450802	Episode: 500/1125	Avg reward: -13.30	Avg steps: 1096
2020-07-02 02:26:27,606	INFO	Total steps: 471674	Episode: 520/822	Avg reward: -13.15	Avg steps: 1042
2020-07-02 02:37:46,176	INFO	Total steps: 493104	Episode: 540/1151	Avg reward: -12.60	Avg steps: 1070
2020-07-02 02:49:51,808	INFO	Total steps: 516473	Episode: 560/1207	Avg reward: -12.90	Avg steps: 1167
2020-07-02 03:01:33,183	INFO	Total steps: 539009	Episode: 580/888	Avg reward: -11.95	Avg steps: 1125
2020-07-02 03:13:07,494	INFO	Total steps: 560963	Episode: 600/956	Avg reward: -12.15	Avg steps: 1096
2020-07-02 03:25:36,678	INFO	Total steps: 584589	Episode: 620/1457	Avg reward: -11.05	Avg steps: 1180
2020-07-02 03:38:56,062	INFO	Total steps: 609586	Episode: 640/1281	Avg reward: -11.35	Avg steps: 1248
2020-07-02 03:53:41,672	INFO	Total steps: 636726	Episode: 660/1533	Avg reward: -10.25	Avg steps: 1356
2020-07-02 04:08:44,602	INFO	Total steps: 664686	Episode: 680/1259	Avg reward: -9.65	Avg steps: 1397
2020-07-02 04:22:33,091	INFO	Total steps: 689501	Episode: 700/1042	Avg reward: -10.10	Avg steps: 1239
2020-07-02 04:35:45,817	INFO	Total steps: 713636	Episode: 720/1362	Avg reward: -11.15	Avg steps: 1205
2020-07-02 04:47:42,321	INFO	Total steps: 735373	Episode: 740/1330	Avg reward: -11.80	Avg steps: 1085
2020-07-02 05:01:20,927	INFO	Total steps: 760407	Episode: 760/950	Avg reward: -10.75	Avg steps: 1250
2020-07-02 05:15:44,766	INFO	Total steps: 787159	Episode: 780/1568	Avg reward: -9.80	Avg steps: 1336
2020-07-02 05:30:49,589	INFO	Total steps: 815544	Episode: 800/1793	Avg reward: -8.90	Avg steps: 1418
2020-07-02 05:44:15,174	INFO	Total steps: 840730	Episode: 820/1325	Avg reward: -10.55	Avg steps: 1258
2020-07-02 05:57:53,686	INFO	Total steps: 866170	Episode: 840/1874	Avg reward: -10.10	Avg steps: 1271
2020-07-02 06:13:18,237	INFO	Total steps: 894720	Episode: 860/1508	Avg reward: -8.45	Avg steps: 1426
2020-07-02 06:27:51,882	INFO	Total steps: 921592	Episode: 880/1337	Avg reward: -10.05	Avg steps: 1342
2020-07-02 06:41:50,661	INFO	Total steps: 948926	Episode: 900/1322	Avg reward: -8.05	Avg steps: 1365
2020-07-02 06:55:33,815	INFO	Total steps: 977866	Episode: 920/1546	Avg reward: -7.40	Avg steps: 1446
2020-07-02 07:11:10,024	INFO	Total steps: 1010032	Episode: 940/1503	Avg reward: -4.80	Avg steps: 1607
2020-07-02 07:26:25,504	INFO	Total steps: 1041321	Episode: 960/1777	Avg reward: -5.35	Avg steps: 1563
2020-07-02 07:41:07,514	INFO	Total steps: 1071434	Episode: 980/1011	Avg reward: -5.20	Avg steps: 1504
2020-07-02 07:56:30,338	INFO	Total steps: 1102728	Episode: 1000/1875	Avg reward: -5.10	Avg steps: 1563
2020-07-02 08:14:18,030	INFO	Total steps: 1137640	Episode: 1020/1594	Avg reward: -1.05	Avg steps: 1744
2020-07-02 08:34:09,172	INFO	Total steps: 1173895	Episode: 1040/1483	Avg reward: 1.10	Avg steps: 1811
2020-07-02 08:54:22,749	INFO	Total steps: 1211490	Episode: 1060/2118	Avg reward: 0.85	Avg steps: 1878
2020-07-02 09:13:23,465	INFO	Total steps: 1246875	Episode: 1080/1841	Avg reward: -1.05	Avg steps: 1768
2020-07-02 09:32:08,112	INFO	Total steps: 1281754	Episode: 1100/1178	Avg reward: -0.10	Avg steps: 1742
2020-07-02 09:51:47,327	INFO	Total steps: 1318336	Episode: 1120/1581	Avg reward: 1.20	Avg steps: 1828
2020-07-02 10:11:54,614	INFO	Total steps: 1356511	Episode: 1140/1907	Avg reward: 3.45	Avg steps: 1907
2020-07-02 10:30:17,230	INFO	Total steps: 1392369	Episode: 1160/1702	Avg reward: 0.05	Avg steps: 1791
2020-07-02 10:51:06,346	INFO	Total steps: 1431446	Episode: 1180/1898	Avg reward: 4.45	Avg steps: 1952
2020-07-02 11:10:58,681	INFO	Total steps: 1468367	Episode: 1200/2158	Avg reward: 2.10	Avg steps: 1845
2020-07-02 11:31:52,613	INFO	Total steps: 1507335	Episode: 1220/1922	Avg reward: 2.95	Avg steps: 1947
2020-07-02 11:51:37,038	INFO	Total steps: 1544626	Episode: 1240/1712	Avg reward: 2.15	Avg steps: 1863
2020-07-02 12:09:51,098	INFO	Total steps: 1581072	Episode: 1260/2218	Avg reward: 6.00	Avg steps: 1821
2020-07-02 12:28:20,809	INFO	Total steps: 1618651	Episode: 1280/1730	Avg reward: 5.05	Avg steps: 1877
2020-07-02 12:46:50,794	INFO	Total steps: 1656430	Episode: 1300/2284	Avg reward: 3.80	Avg steps: 1887
2020-07-02 13:05:05,510	INFO	Total steps: 1693132	Episode: 1320/1732	Avg reward: 7.45	Avg steps: 1834
2020-07-02 13:24:16,002	INFO	Total steps: 1732057	Episode: 1340/1679	Avg reward: 3.15	Avg steps: 1945
2020-07-02 13:41:40,678	INFO	Total steps: 1768042	Episode: 1360/1808	Avg reward: 4.55	Avg steps: 1798
2020-07-02 14:00:14,107	INFO	Total steps: 1805195	Episode: 1380/1878	Avg reward: 4.30	Avg steps: 1856
2020-07-02 14:19:11,443	INFO	Total steps: 1840835	Episode: 1400/2274	Avg reward: 4.65	Avg steps: 1781
2020-07-02 14:38:36,705	INFO	Total steps: 1877158	Episode: 1420/1901	Avg reward: 6.60	Avg steps: 1815
2020-07-02 14:58:59,583	INFO	Total steps: 1914816	Episode: 1440/1923	Avg reward: 5.15	Avg steps: 1881
2020-07-02 15:18:59,990	INFO	Total steps: 1951839	Episode: 1460/1504	Avg reward: 4.65	Avg steps: 1850
2020-07-02 15:37:49,317	INFO	Total steps: 1987778	Episode: 1480/1961	Avg reward: 5.60	Avg steps: 1795
2020-07-02 15:56:45,893	INFO	Total steps: 2023521	Episode: 1500/2400	Avg reward: 8.40	Avg steps: 1786
2020-07-02 16:16:39,925	INFO	Total steps: 2060873	Episode: 1520/1583	Avg reward: 7.45	Avg steps: 1866
2020-07-02 16:36:11,752	INFO	Total steps: 2097526	Episode: 1540/1868	Avg reward: 8.15	Avg steps: 1831
2020-07-02 16:54:12,667	INFO	Total steps: 2131392	Episode: 1560/1695	Avg reward: 9.65	Avg steps: 1692
2020-07-02 17:13:36,525	INFO	Total steps: 2168143	Episode: 1580/1824	Avg reward: 7.60	Avg steps: 1836
2020-07-02 17:31:11,207	INFO	Total steps: 2202050	Episode: 1600/1799	Avg reward: 11.80	Avg steps: 1694
2020-07-02 17:49:31,863	INFO	Total steps: 2236899	Episode: 1620/2189	Avg reward: 9.65	Avg steps: 1741
2020-07-02 18:07:11,609	INFO	Total steps: 2270441	Episode: 1640/1806	Avg reward: 11.10	Avg steps: 1676
2020-07-02 18:25:48,465	INFO	Total steps: 2305776	Episode: 1660/1588	Avg reward: 10.45	Avg steps: 1765
2020-07-02 18:43:24,803	INFO	Total steps: 2339750	Episode: 1680/1477	Avg reward: 11.15	Avg steps: 1697
2020-07-02 19:01:27,893	INFO	Total steps: 2374245	Episode: 1700/1577	Avg reward: 11.00	Avg steps: 1723
2020-07-02 19:20:05,921	INFO	Total steps: 2409792	Episode: 1720/1983	Avg reward: 10.65	Avg steps: 1776
2020-07-02 19:37:29,161	INFO	Total steps: 2442248	Episode: 1740/1646	Avg reward: 11.10	Avg steps: 1621
2020-07-02 19:55:46,489	INFO	Total steps: 2476488	Episode: 1760/1478	Avg reward: 10.10	Avg steps: 1711
2020-07-02 20:14:21,557	INFO	Total steps: 2512890	Episode: 1780/1616	Avg reward: 10.00	Avg steps: 1819
2020-07-02 20:31:45,353	INFO	Total steps: 2547940	Episode: 1800/1586	Avg reward: 11.70	Avg steps: 1751
2020-07-02 20:49:44,785	INFO	Total steps: 2584025	Episode: 1820/2040	Avg reward: 10.25	Avg steps: 1803
2020-07-02 21:06:43,711	INFO	Total steps: 2617187	Episode: 1840/1766	Avg reward: 11.70	Avg steps: 1657
2020-07-02 21:22:05,152	INFO	Total steps: 2648255	Episode: 1860/1379	Avg reward: 13.55	Avg steps: 1552
2020-07-02 21:37:56,712	INFO	Total steps: 2680511	Episode: 1880/1510	Avg reward: 13.40	Avg steps: 1611
2020-07-02 21:53:43,016	INFO	Total steps: 2712359	Episode: 1900/1731	Avg reward: 13.40	Avg steps: 1591
2020-07-02 22:10:16,120	INFO	Total steps: 2745583	Episode: 1920/1531	Avg reward: 12.30	Avg steps: 1660
2020-07-02 22:26:21,303	INFO	Total steps: 2777875	Episode: 1940/1702	Avg reward: 13.60	Avg steps: 1613
2020-07-02 22:42:49,467	INFO	Total steps: 2812190	Episode: 1960/1463	Avg reward: 14.60	Avg steps: 1714
2020-07-02 23:01:06,303	INFO	Total steps: 2847403	Episode: 1980/1784	Avg reward: 12.20	Avg steps: 1759
2020-07-02 23:19:03,223	INFO	Total steps: 2883346	Episode: 2000/2178	Avg reward: 11.70	Avg steps: 1796
2020-07-02 23:35:20,867	INFO	Total steps: 2916133	Episode: 2020/1331	Avg reward: 14.00	Avg steps: 1638
2020-07-02 23:51:54,525	INFO	Total steps: 2948635	Episode: 2040/1590	Avg reward: 14.25	Avg steps: 1624
2020-07-03 00:09:19,080	INFO	Total steps: 2981446	Episode: 2060/1573	Avg reward: 15.05	Avg steps: 1639
2020-07-03 00:26:22,571	INFO	Total steps: 3013250	Episode: 2080/1243	Avg reward: 12.90	Avg steps: 1589
2020-07-03 00:43:59,741	INFO	Total steps: 3046216	Episode: 2100/1728	Avg reward: 14.20	Avg steps: 1647
2020-07-03 01:01:31,581	INFO	Total steps: 3078929	Episode: 2120/1500	Avg reward: 14.00	Avg steps: 1634
2020-07-03 01:17:31,356	INFO	Total steps: 3109363	Episode: 2140/1478	Avg reward: 14.60	Avg steps: 1520
2020-07-03 01:35:18,587	INFO	Total steps: 3142921	Episode: 2160/1622	Avg reward: 12.25	Avg steps: 1676
2020-07-03 01:52:44,709	INFO	Total steps: 3175688	Episode: 2180/1443	Avg reward: 14.00	Avg steps: 1637
2020-07-03 02:09:49,769	INFO	Total steps: 3208477	Episode: 2200/1746	Avg reward: 14.30	Avg steps: 1638
2020-07-03 02:27:17,477	INFO	Total steps: 3241368	Episode: 2220/1443	Avg reward: 14.85	Avg steps: 1643
2020-07-03 02:45:14,224	INFO	Total steps: 3274959	Episode: 2240/1698	Avg reward: 14.80	Avg steps: 1678
2020-07-03 03:02:09,077	INFO	Total steps: 3307219	Episode: 2260/1541	Avg reward: 15.15	Avg steps: 1612
2020-07-03 03:18:47,824	INFO	Total steps: 3338233	Episode: 2280/1420	Avg reward: 14.90	Avg steps: 1549
2020-07-03 03:35:27,044	INFO	Total steps: 3369571	Episode: 2300/1467	Avg reward: 15.40	Avg steps: 1565
2020-07-03 03:52:36,622	INFO	Total steps: 3401832	Episode: 2320/1770	Avg reward: 14.70	Avg steps: 1612
2020-07-03 04:10:14,238	INFO	Total steps: 3434373	Episode: 2340/1341	Avg reward: 15.40	Avg steps: 1626
2020-07-03 04:26:54,939	INFO	Total steps: 3465393	Episode: 2360/1887	Avg reward: 15.30	Avg steps: 1550
2020-07-03 04:44:01,860	INFO	Total steps: 3497185	Episode: 2380/1362	Avg reward: 15.00	Avg steps: 1588
2020-07-03 05:01:51,077	INFO	Total steps: 3530294	Episode: 2400/1679	Avg reward: 14.50	Avg steps: 1654
2020-07-03 05:19:39,798	INFO	Total steps: 3563420	Episode: 2420/1777	Avg reward: 16.35	Avg steps: 1655
2020-07-03 05:37:15,524	INFO	Total steps: 3596980	Episode: 2440/1749	Avg reward: 14.95	Avg steps: 1677
2020-07-03 05:54:03,948	INFO	Total steps: 3628077	Episode: 2460/1657	Avg reward: 16.00	Avg steps: 1553
2020-07-03 06:11:37,946	INFO	Total steps: 3660415	Episode: 2480/1651	Avg reward: 14.55	Avg steps: 1615
2020-07-03 06:28:43,756	INFO	Total steps: 3691993	Episode: 2500/1581	Avg reward: 16.00	Avg steps: 1577
2020-07-03 06:45:44,143	INFO	Total steps: 3723366	Episode: 2520/1680	Avg reward: 15.35	Avg steps: 1567
2020-07-03 07:02:20,620	INFO	Total steps: 3754305	Episode: 2540/1534	Avg reward: 16.10	Avg steps: 1545
2020-07-03 07:19:08,784	INFO	Total steps: 3786142	Episode: 2560/1329	Avg reward: 15.75	Avg steps: 1590
2020-07-03 07:35:49,558	INFO	Total steps: 3817226	Episode: 2580/1706	Avg reward: 16.00	Avg steps: 1553
2020-07-03 07:52:33,858	INFO	Total steps: 3848842	Episode: 2600/1860	Avg reward: 15.70	Avg steps: 1579
2020-07-03 08:08:30,094	INFO	Total steps: 3878548	Episode: 2620/1610	Avg reward: 16.75	Avg steps: 1484
2020-07-03 08:25:00,458	INFO	Total steps: 3909161	Episode: 2640/1515	Avg reward: 16.05	Avg steps: 1529
2020-07-03 08:42:20,562	INFO	Total steps: 3941412	Episode: 2660/1422	Avg reward: 15.35	Avg steps: 1611
2020-07-03 08:58:52,796	INFO	Total steps: 3972819	Episode: 2680/1556	Avg reward: 15.50	Avg steps: 1569
2020-07-03 09:15:28,746	INFO	Total steps: 4005931	Episode: 2700/1292	Avg reward: 15.10	Avg steps: 1654
2020-07-03 09:32:04,331	INFO	Total steps: 4038593	Episode: 2720/1645	Avg reward: 17.25	Avg steps: 1632
2020-07-03 09:47:57,789	INFO	Total steps: 4069812	Episode: 2740/1381	Avg reward: 16.50	Avg steps: 1559
2020-07-03 10:03:25,545	INFO	Total steps: 4101124	Episode: 2760/1493	Avg reward: 17.20	Avg steps: 1564
2020-07-03 10:18:30,114	INFO	Total steps: 4131508	Episode: 2780/1496	Avg reward: 16.95	Avg steps: 1518
2020-07-03 10:34:00,088	INFO	Total steps: 4162674	Episode: 2800/1369	Avg reward: 17.00	Avg steps: 1557
2020-07-03 10:49:14,167	INFO	Total steps: 4193756	Episode: 2820/1720	Avg reward: 16.60	Avg steps: 1553
2020-07-03 11:04:31,636	INFO	Total steps: 4225501	Episode: 2840/1512	Avg reward: 16.30	Avg steps: 1586
2020-07-03 11:20:12,143	INFO	Total steps: 4257621	Episode: 2860/1518	Avg reward: 17.20	Avg steps: 1605
2020-07-03 11:35:23,661	INFO	Total steps: 4288725	Episode: 2880/1434	Avg reward: 17.10	Avg steps: 1554
2020-07-03 11:50:27,713	INFO	Total steps: 4320573	Episode: 2900/1202	Avg reward: 17.45	Avg steps: 1591
2020-07-03 12:05:13,698	INFO	Total steps: 4351844	Episode: 2920/1624	Avg reward: 17.75	Avg steps: 1562
2020-07-03 12:19:44,912	INFO	Total steps: 4383297	Episode: 2940/1584	Avg reward: 17.85	Avg steps: 1571
2020-07-03 12:34:09,926	INFO	Total steps: 4413944	Episode: 2960/1478	Avg reward: 16.95	Avg steps: 1531
2020-07-03 12:48:35,189	INFO	Total steps: 4443933	Episode: 2980/1603	Avg reward: 17.15	Avg steps: 1498
2020-07-03 13:04:32,909	INFO	Total steps: 4475100	Episode: 3000/2036	Avg reward: 16.90	Avg steps: 1557
2020-07-03 13:21:06,213	INFO	Total steps: 4507221	Episode: 3020/1699	Avg reward: 17.35	Avg steps: 1605
2020-07-03 13:37:22,987	INFO	Total steps: 4538430	Episode: 3040/1591	Avg reward: 16.30	Avg steps: 1559
2020-07-03 13:53:03,786	INFO	Total steps: 4568770	Episode: 3060/1521	Avg reward: 16.95	Avg steps: 1516
2020-07-03 14:09:27,393	INFO	Total steps: 4600636	Episode: 3080/1471	Avg reward: 17.15	Avg steps: 1592
2020-07-03 14:24:50,772	INFO	Total steps: 4630714	Episode: 3100/1368	Avg reward: 17.35	Avg steps: 1502
2020-07-03 14:40:30,384	INFO	Total steps: 4660960	Episode: 3120/1418	Avg reward: 17.20	Avg steps: 1511
2020-07-03 14:55:30,692	INFO	Total steps: 4690188	Episode: 3140/1449	Avg reward: 17.90	Avg steps: 1460
2020-07-03 15:11:54,713	INFO	Total steps: 4721511	Episode: 3160/1515	Avg reward: 17.40	Avg steps: 1565
2020-07-03 15:28:43,423	INFO	Total steps: 4753954	Episode: 3180/1857	Avg reward: 17.00	Avg steps: 1621
2020-07-03 15:44:07,137	INFO	Total steps: 4783685	Episode: 3200/1577	Avg reward: 17.85	Avg steps: 1485
2020-07-03 16:01:16,512	INFO	Total steps: 4816545	Episode: 3220/1828	Avg reward: 16.85	Avg steps: 1642
2020-07-03 16:18:49,343	INFO	Total steps: 4850560	Episode: 3240/1578	Avg reward: 17.50	Avg steps: 1699
2020-07-03 16:34:52,176	INFO	Total steps: 4881075	Episode: 3260/1677	Avg reward: 18.15	Avg steps: 1524
2020-07-03 16:51:39,956	INFO	Total steps: 4912643	Episode: 3280/1713	Avg reward: 17.10	Avg steps: 1577
2020-07-03 17:07:18,431	INFO	Total steps: 4941972	Episode: 3300/1372	Avg reward: 18.20	Avg steps: 1465
2020-07-03 17:23:12,063	INFO	Total steps: 4971797	Episode: 3320/1308	Avg reward: 18.05	Avg steps: 1490
2020-07-03 17:39:31,906	INFO	Total steps: 5002526	Episode: 3340/1536	Avg reward: 17.75	Avg steps: 1535
2020-07-03 17:55:18,276	INFO	Total steps: 5033627	Episode: 3360/1812	Avg reward: 17.60	Avg steps: 1554
2020-07-03 18:11:32,071	INFO	Total steps: 5065527	Episode: 3380/1788	Avg reward: 17.90	Avg steps: 1594
2020-07-03 18:27:52,895	INFO	Total steps: 5097673	Episode: 3400/1550	Avg reward: 17.55	Avg steps: 1606
2020-07-03 18:43:16,460	INFO	Total steps: 5127566	Episode: 3420/1698	Avg reward: 17.75	Avg steps: 1493
2020-07-03 18:59:29,796	INFO	Total steps: 5158591	Episode: 3440/1388	Avg reward: 17.25	Avg steps: 1550
2020-07-03 19:16:09,256	INFO	Total steps: 5190603	Episode: 3460/1597	Avg reward: 17.80	Avg steps: 1599
2020-07-03 19:31:14,384	INFO	Total steps: 5221006	Episode: 3480/1644	Avg reward: 18.65	Avg steps: 1519
2020-07-03 19:46:59,327	INFO	Total steps: 5251654	Episode: 3500/1293	Avg reward: 17.70	Avg steps: 1531
2020-07-03 20:04:06,005	INFO	Total steps: 5284327	Episode: 3520/1661	Avg reward: 17.45	Avg steps: 1632
2020-07-03 20:20:25,959	INFO	Total steps: 5316141	Episode: 3540/1531	Avg reward: 17.60	Avg steps: 1589
2020-07-03 20:35:26,601	INFO	Total steps: 5345629	Episode: 3560/1388	Avg reward: 17.40	Avg steps: 1473
2020-07-03 20:50:43,874	INFO	Total steps: 5375887	Episode: 3580/1347	Avg reward: 17.20	Avg steps: 1511
2020-07-03 21:06:00,153	INFO	Total steps: 5406128	Episode: 3600/1577	Avg reward: 17.50	Avg steps: 1511
2020-07-03 21:22:39,682	INFO	Total steps: 5438602	Episode: 3620/1938	Avg reward: 17.35	Avg steps: 1622
2020-07-03 21:38:34,766	INFO	Total steps: 5469423	Episode: 3640/1283	Avg reward: 17.90	Avg steps: 1540
2020-07-03 21:53:58,094	INFO	Total steps: 5499811	Episode: 3660/1623	Avg reward: 17.90	Avg steps: 1518
2020-07-03 22:09:09,906	INFO	Total steps: 5529311	Episode: 3680/1363	Avg reward: 17.95	Avg steps: 1474
2020-07-03 22:24:13,210	INFO	Total steps: 5558776	Episode: 3700/1632	Avg reward: 18.05	Avg steps: 1472
2020-07-03 22:39:51,824	INFO	Total steps: 5589425	Episode: 3720/1490	Avg reward: 17.75	Avg steps: 1531
2020-07-03 22:55:40,240	INFO	Total steps: 5619896	Episode: 3740/1738	Avg reward: 17.90	Avg steps: 1522
2020-07-03 23:12:57,953	INFO	Total steps: 5653480	Episode: 3760/1716	Avg reward: 17.55	Avg steps: 1678
2020-07-03 23:29:32,804	INFO	Total steps: 5686789	Episode: 3780/1655	Avg reward: 17.30	Avg steps: 1664
2020-07-03 23:44:41,782	INFO	Total steps: 5717173	Episode: 3800/1451	Avg reward: 18.15	Avg steps: 1518
2020-07-03 23:59:46,448	INFO	Total steps: 5746911	Episode: 3820/1457	Avg reward: 17.60	Avg steps: 1485
2020-07-04 00:16:08,315	INFO	Total steps: 5778605	Episode: 3840/1565	Avg reward: 17.85	Avg steps: 1583
2020-07-04 00:32:01,726	INFO	Total steps: 5809545	Episode: 3860/1986	Avg reward: 17.75	Avg steps: 1546
2020-07-04 00:48:35,980	INFO	Total steps: 5841865	Episode: 3880/1192	Avg reward: 17.35	Avg steps: 1615
2020-07-04 01:04:41,321	INFO	Total steps: 5874105	Episode: 3900/1389	Avg reward: 16.65	Avg steps: 1611
2020-07-04 01:20:07,811	INFO	Total steps: 5905051	Episode: 3920/1648	Avg reward: 17.50	Avg steps: 1546
2020-07-04 01:35:23,989	INFO	Total steps: 5935795	Episode: 3940/1604	Avg reward: 18.25	Avg steps: 1536
2020-07-04 01:51:44,156	INFO	Total steps: 5967319	Episode: 3960/1412	Avg reward: 17.45	Avg steps: 1575
2020-07-04 02:07:57,634	INFO	Total steps: 5998308	Episode: 3980/1521	Avg reward: 17.60	Avg steps: 1548
2020-07-04 02:25:05,640	INFO	Total steps: 6030952	Episode: 4000/1897	Avg reward: 18.00	Avg steps: 1631
2020-07-06 17:19:28,751	INFO	--width 160 --height 160 --ball 1.0 --ball-size 2.0 --snell 1.0 --snell-width 40.0 --snell-change 0.0 --snell-visible none --paddle-speed 1.0 --paddle-angle 60.0 --paddle-length 20.0 --update-prob 0.2 --state binary --learning-rate 0.0001 --network dqn_pong_model --render False --epsdecay 1000 --episodes 4000 --replay 10000 --checkpoint dqn_pong_model --history history.p --store-dir ../experiments/snell_width.40.0-paddle_length.20.0-paddle_angle.60.0-update_prob.0.2 
2020-07-06 17:19:28,890	INFO	Device: cuda
2020-07-06 17:22:37,051	INFO	Total steps: 13602	Episode: 20/499	Avg reward: -18.00	Avg steps: 679
2020-07-06 17:30:29,832	INFO	Total steps: 28560	Episode: 40/947	Avg reward: -17.60	Avg steps: 746
2020-07-06 17:38:36,508	INFO	Total steps: 43963	Episode: 60/747	Avg reward: -17.30	Avg steps: 769
2020-07-06 17:46:07,528	INFO	Total steps: 58305	Episode: 80/745	Avg reward: -17.60	Avg steps: 716
2020-07-06 17:54:10,445	INFO	Total steps: 73663	Episode: 100/858	Avg reward: -17.10	Avg steps: 766
2020-07-06 18:02:25,945	INFO	Total steps: 89277	Episode: 120/955	Avg reward: -17.05	Avg steps: 779
2020-07-06 18:10:02,293	INFO	Total steps: 103730	Episode: 140/692	Avg reward: -17.05	Avg steps: 721
2020-07-06 18:18:08,376	INFO	Total steps: 119078	Episode: 160/652	Avg reward: -17.00	Avg steps: 766
2020-07-06 18:26:27,723	INFO	Total steps: 134854	Episode: 180/832	Avg reward: -17.10	Avg steps: 787
2020-07-06 18:35:02,922	INFO	Total steps: 150953	Episode: 200/1260	Avg reward: -16.60	Avg steps: 803
2020-07-06 18:43:57,237	INFO	Total steps: 167652	Episode: 220/1274	Avg reward: -16.05	Avg steps: 833
2020-07-06 18:54:03,748	INFO	Total steps: 186707	Episode: 240/760	Avg reward: -15.05	Avg steps: 951
2020-07-06 19:02:10,551	INFO	Total steps: 202018	Episode: 260/773	Avg reward: -16.65	Avg steps: 764
2020-07-06 19:11:17,761	INFO	Total steps: 219185	Episode: 280/1348	Avg reward: -15.45	Avg steps: 857
2020-07-06 19:20:53,183	INFO	Total steps: 237276	Episode: 300/797	Avg reward: -16.05	Avg steps: 903
2020-07-06 19:30:44,095	INFO	Total steps: 255489	Episode: 320/855	Avg reward: -15.15	Avg steps: 909
2020-07-06 19:41:17,953	INFO	Total steps: 275225	Episode: 340/1034	Avg reward: -15.40	Avg steps: 985
2020-07-06 19:50:20,684	INFO	Total steps: 292167	Episode: 360/856	Avg reward: -15.65	Avg steps: 846
2020-07-06 20:01:12,809	INFO	Total steps: 312382	Episode: 380/1152	Avg reward: -13.95	Avg steps: 1009
2020-07-06 20:10:49,733	INFO	Total steps: 330439	Episode: 400/701	Avg reward: -14.85	Avg steps: 901
2020-07-06 20:21:41,259	INFO	Total steps: 350743	Episode: 420/1331	Avg reward: -14.05	Avg steps: 1014
2020-07-06 20:31:13,099	INFO	Total steps: 368566	Episode: 440/907	Avg reward: -15.15	Avg steps: 890
2020-07-06 20:41:46,412	INFO	Total steps: 388292	Episode: 460/848	Avg reward: -14.15	Avg steps: 985
2020-07-06 20:53:44,701	INFO	Total steps: 410616	Episode: 480/1250	Avg reward: -12.85	Avg steps: 1115
2020-07-06 21:04:47,240	INFO	Total steps: 431224	Episode: 500/1116	Avg reward: -13.40	Avg steps: 1029
2020-07-06 21:17:23,117	INFO	Total steps: 454563	Episode: 520/1340	Avg reward: -12.75	Avg steps: 1165
2020-07-06 21:29:16,479	INFO	Total steps: 476553	Episode: 540/1226	Avg reward: -11.95	Avg steps: 1098
2020-07-06 21:42:29,581	INFO	Total steps: 500959	Episode: 560/1387	Avg reward: -11.30	Avg steps: 1219
2020-07-06 21:57:48,146	INFO	Total steps: 529389	Episode: 580/1926	Avg reward: -9.40	Avg steps: 1420
2020-07-06 22:12:30,389	INFO	Total steps: 556612	Episode: 600/1088	Avg reward: -10.55	Avg steps: 1360
2020-07-06 22:27:47,490	INFO	Total steps: 585151	Episode: 620/1472	Avg reward: -9.10	Avg steps: 1425
2020-07-06 22:40:42,933	INFO	Total steps: 609004	Episode: 640/1594	Avg reward: -10.90	Avg steps: 1191
2020-07-06 22:55:02,789	INFO	Total steps: 634994	Episode: 660/1409	Avg reward: -10.25	Avg steps: 1298
2020-07-06 23:08:40,819	INFO	Total steps: 659771	Episode: 680/1183	Avg reward: -11.00	Avg steps: 1237
2020-07-06 23:24:36,495	INFO	Total steps: 688713	Episode: 700/1358	Avg reward: -8.40	Avg steps: 1446
2020-07-06 23:39:56,528	INFO	Total steps: 716803	Episode: 720/1900	Avg reward: -8.60	Avg steps: 1403
2020-07-06 23:54:32,758	INFO	Total steps: 743895	Episode: 740/1553	Avg reward: -10.50	Avg steps: 1353
2020-07-07 00:10:20,890	INFO	Total steps: 773163	Episode: 760/1404	Avg reward: -7.20	Avg steps: 1462
2020-07-07 00:25:59,471	INFO	Total steps: 802008	Episode: 780/1294	Avg reward: -8.40	Avg steps: 1441
2020-07-07 00:41:13,273	INFO	Total steps: 829924	Episode: 800/1607	Avg reward: -8.75	Avg steps: 1394
2020-07-07 00:56:12,306	INFO	Total steps: 857444	Episode: 820/2060	Avg reward: -8.25	Avg steps: 1375
2020-07-07 01:12:45,779	INFO	Total steps: 887918	Episode: 840/999	Avg reward: -8.70	Avg steps: 1522
2020-07-07 01:31:10,537	INFO	Total steps: 920278	Episode: 860/1674	Avg reward: -6.20	Avg steps: 1617
2020-07-07 01:49:54,221	INFO	Total steps: 952460	Episode: 880/1565	Avg reward: -4.70	Avg steps: 1608
2020-07-07 02:10:01,525	INFO	Total steps: 986953	Episode: 900/1849	Avg reward: -2.40	Avg steps: 1723
2020-07-07 02:31:37,449	INFO	Total steps: 1023916	Episode: 920/1931	Avg reward: -2.30	Avg steps: 1847
2020-07-07 02:51:57,820	INFO	Total steps: 1058749	Episode: 940/2514	Avg reward: -2.80	Avg steps: 1740
2020-07-07 03:13:07,406	INFO	Total steps: 1094828	Episode: 960/1795	Avg reward: -3.75	Avg steps: 1802
2020-07-07 03:35:10,795	INFO	Total steps: 1132065	Episode: 980/1980	Avg reward: 0.45	Avg steps: 1860
2020-07-07 03:58:15,132	INFO	Total steps: 1168882	Episode: 1000/2291	Avg reward: -2.65	Avg steps: 1839
2020-07-07 04:21:02,806	INFO	Total steps: 1205270	Episode: 1020/1793	Avg reward: 0.20	Avg steps: 1818
2020-07-07 04:44:04,676	INFO	Total steps: 1241876	Episode: 1040/1891	Avg reward: 2.05	Avg steps: 1829
2020-07-07 05:07:19,083	INFO	Total steps: 1278880	Episode: 1060/1894	Avg reward: 0.10	Avg steps: 1849
2020-07-07 05:29:01,277	INFO	Total steps: 1313364	Episode: 1080/1858	Avg reward: -1.85	Avg steps: 1723
2020-07-07 05:51:33,409	INFO	Total steps: 1348793	Episode: 1100/2289	Avg reward: -2.35	Avg steps: 1770
2020-07-07 06:15:24,812	INFO	Total steps: 1386209	Episode: 1120/1847	Avg reward: 3.20	Avg steps: 1869
2020-07-07 06:40:22,261	INFO	Total steps: 1425839	Episode: 1140/1555	Avg reward: 1.45	Avg steps: 1980
2020-07-07 07:04:37,766	INFO	Total steps: 1464485	Episode: 1160/1290	Avg reward: 0.50	Avg steps: 1931
2020-07-07 07:24:59,675	INFO	Total steps: 1496885	Episode: 1180/1302	Avg reward: -2.15	Avg steps: 1619
2020-07-07 07:48:27,088	INFO	Total steps: 1534348	Episode: 1200/1915	Avg reward: 4.00	Avg steps: 1872
2020-07-07 08:13:48,761	INFO	Total steps: 1574741	Episode: 1220/2412	Avg reward: 5.65	Avg steps: 2018
2020-07-07 08:37:13,825	INFO	Total steps: 1612025	Episode: 1240/2390	Avg reward: 6.70	Avg steps: 1863
2020-07-07 08:59:59,029	INFO	Total steps: 1648410	Episode: 1260/1979	Avg reward: 5.95	Avg steps: 1818
2020-07-07 09:23:06,644	INFO	Total steps: 1685374	Episode: 1280/1520	Avg reward: 3.85	Avg steps: 1847
2020-07-07 09:46:34,197	INFO	Total steps: 1722705	Episode: 1300/1896	Avg reward: 5.65	Avg steps: 1865
2020-07-07 10:09:47,304	INFO	Total steps: 1759769	Episode: 1320/2085	Avg reward: 2.75	Avg steps: 1852
2020-07-07 10:33:30,587	INFO	Total steps: 1797505	Episode: 1340/1954	Avg reward: 5.20	Avg steps: 1885
2020-07-07 10:57:17,946	INFO	Total steps: 1835297	Episode: 1360/1779	Avg reward: 5.35	Avg steps: 1888
2020-07-07 11:19:39,353	INFO	Total steps: 1870827	Episode: 1380/1606	Avg reward: 7.45	Avg steps: 1775
2020-07-07 11:41:55,908	INFO	Total steps: 1906592	Episode: 1400/1651	Avg reward: 6.50	Avg steps: 1787
2020-07-07 12:05:24,978	INFO	Total steps: 1944135	Episode: 1420/1848	Avg reward: 6.30	Avg steps: 1876
2020-07-07 12:27:19,243	INFO	Total steps: 1979236	Episode: 1440/1654	Avg reward: 6.15	Avg steps: 1754
2020-07-07 12:50:10,508	INFO	Total steps: 2015943	Episode: 1460/2154	Avg reward: 7.15	Avg steps: 1834
2020-07-07 13:11:44,988	INFO	Total steps: 2050619	Episode: 1480/1623	Avg reward: 7.50	Avg steps: 1732
2020-07-07 13:33:58,811	INFO	Total steps: 2086391	Episode: 1500/1700	Avg reward: 9.25	Avg steps: 1787
2020-07-07 13:56:22,854	INFO	Total steps: 2122350	Episode: 1520/2162	Avg reward: 8.40	Avg steps: 1796
2020-07-07 14:18:50,593	INFO	Total steps: 2158551	Episode: 1540/1891	Avg reward: 6.10	Avg steps: 1809
2020-07-07 14:40:59,714	INFO	Total steps: 2194152	Episode: 1560/2027	Avg reward: 10.85	Avg steps: 1779
2020-07-07 15:03:21,716	INFO	Total steps: 2230064	Episode: 1580/1841	Avg reward: 9.80	Avg steps: 1794
2020-07-07 15:25:12,073	INFO	Total steps: 2265344	Episode: 1600/1833	Avg reward: 8.50	Avg steps: 1763
2020-07-07 15:46:45,278	INFO	Total steps: 2299880	Episode: 1620/1506	Avg reward: 8.65	Avg steps: 1725
2020-07-07 16:08:50,325	INFO	Total steps: 2334887	Episode: 1640/2008	Avg reward: 10.35	Avg steps: 1749
2020-07-07 16:29:58,561	INFO	Total steps: 2368405	Episode: 1660/1288	Avg reward: 10.40	Avg steps: 1674
2020-07-07 16:50:44,863	INFO	Total steps: 2401389	Episode: 1680/1899	Avg reward: 9.05	Avg steps: 1648
2020-07-07 17:11:31,515	INFO	Total steps: 2434225	Episode: 1700/1555	Avg reward: 10.45	Avg steps: 1640
2020-07-07 17:34:19,105	INFO	Total steps: 2470245	Episode: 1720/1872	Avg reward: 8.45	Avg steps: 1800
2020-07-07 17:55:58,458	INFO	Total steps: 2504355	Episode: 1740/1825	Avg reward: 11.10	Avg steps: 1704
2020-07-07 18:16:56,586	INFO	Total steps: 2537590	Episode: 1760/1493	Avg reward: 13.20	Avg steps: 1660
2020-07-07 18:38:03,529	INFO	Total steps: 2570888	Episode: 1780/1350	Avg reward: 10.85	Avg steps: 1663
2020-07-07 19:00:46,469	INFO	Total steps: 2606854	Episode: 1800/1948	Avg reward: 10.30	Avg steps: 1797
2020-07-07 19:22:02,366	INFO	Total steps: 2640664	Episode: 1820/2206	Avg reward: 12.65	Avg steps: 1689
2020-07-07 19:42:55,232	INFO	Total steps: 2673740	Episode: 1840/1752	Avg reward: 12.50	Avg steps: 1652
2020-07-07 20:04:41,487	INFO	Total steps: 2708451	Episode: 1860/1779	Avg reward: 12.50	Avg steps: 1734
2020-07-07 20:25:10,737	INFO	Total steps: 2740937	Episode: 1880/1880	Avg reward: 13.10	Avg steps: 1623
2020-07-07 20:46:59,612	INFO	Total steps: 2775172	Episode: 1900/1447	Avg reward: 11.80	Avg steps: 1710
2020-07-07 21:07:19,446	INFO	Total steps: 2807487	Episode: 1920/1581	Avg reward: 14.40	Avg steps: 1614
2020-07-07 21:27:59,366	INFO	Total steps: 2840167	Episode: 1940/1654	Avg reward: 12.75	Avg steps: 1633
2020-07-07 21:48:38,272	INFO	Total steps: 2873490	Episode: 1960/1636	Avg reward: 13.80	Avg steps: 1665
2020-07-07 22:10:06,703	INFO	Total steps: 2907460	Episode: 1980/1533	Avg reward: 12.05	Avg steps: 1697
2020-07-07 22:30:47,533	INFO	Total steps: 2940747	Episode: 2000/1747	Avg reward: 14.15	Avg steps: 1663
2020-07-07 22:50:45,549	INFO	Total steps: 2974738	Episode: 2020/1612	Avg reward: 12.55	Avg steps: 1698
2020-07-07 23:11:01,608	INFO	Total steps: 3009225	Episode: 2040/1556	Avg reward: 12.10	Avg steps: 1723
2020-07-07 23:30:37,165	INFO	Total steps: 3042754	Episode: 2060/1488	Avg reward: 14.40	Avg steps: 1675
2020-07-07 23:49:43,028	INFO	Total steps: 3075540	Episode: 2080/1593	Avg reward: 13.15	Avg steps: 1638
2020-07-08 00:08:35,491	INFO	Total steps: 3107959	Episode: 2100/1803	Avg reward: 13.70	Avg steps: 1619
2020-07-08 00:27:36,285	INFO	Total steps: 3140574	Episode: 2120/1226	Avg reward: 13.85	Avg steps: 1629
2020-07-08 00:47:05,567	INFO	Total steps: 3174003	Episode: 2140/1938	Avg reward: 13.75	Avg steps: 1670
2020-07-08 01:06:26,144	INFO	Total steps: 3207221	Episode: 2160/1603	Avg reward: 13.50	Avg steps: 1659
2020-07-08 01:25:34,546	INFO	Total steps: 3240037	Episode: 2180/1569	Avg reward: 13.80	Avg steps: 1639
2020-07-08 01:43:57,776	INFO	Total steps: 3271578	Episode: 2200/1512	Avg reward: 12.60	Avg steps: 1576
2020-07-08 02:01:52,306	INFO	Total steps: 3302208	Episode: 2220/1306	Avg reward: 15.85	Avg steps: 1530
2020-07-08 02:21:42,802	INFO	Total steps: 3336221	Episode: 2240/1747	Avg reward: 14.70	Avg steps: 1699
2020-07-08 02:41:12,414	INFO	Total steps: 3369557	Episode: 2260/1698	Avg reward: 14.45	Avg steps: 1665
2020-07-08 03:00:01,675	INFO	Total steps: 3401753	Episode: 2280/1606	Avg reward: 13.65	Avg steps: 1608
2020-07-08 03:17:58,504	INFO	Total steps: 3432478	Episode: 2300/1318	Avg reward: 16.10	Avg steps: 1535
2020-07-08 03:37:00,423	INFO	Total steps: 3465065	Episode: 2320/1678	Avg reward: 14.10	Avg steps: 1628
2020-07-08 03:56:39,906	INFO	Total steps: 3498759	Episode: 2340/1665	Avg reward: 15.15	Avg steps: 1683
2020-07-08 04:15:57,939	INFO	Total steps: 3531781	Episode: 2360/1610	Avg reward: 14.90	Avg steps: 1650
2020-07-08 04:36:09,870	INFO	Total steps: 3566364	Episode: 2380/1858	Avg reward: 14.95	Avg steps: 1728
2020-07-08 04:55:35,075	INFO	Total steps: 3599522	Episode: 2400/1696	Avg reward: 16.10	Avg steps: 1656
2020-07-08 05:14:57,822	INFO	Total steps: 3632699	Episode: 2420/1519	Avg reward: 14.55	Avg steps: 1657
2020-07-08 05:33:40,133	INFO	Total steps: 3664625	Episode: 2440/1739	Avg reward: 16.50	Avg steps: 1595
2020-07-08 05:52:24,105	INFO	Total steps: 3696599	Episode: 2460/1661	Avg reward: 15.45	Avg steps: 1597
2020-07-08 06:11:05,667	INFO	Total steps: 3728576	Episode: 2480/2217	Avg reward: 15.85	Avg steps: 1597
2020-07-08 06:30:16,389	INFO	Total steps: 3761357	Episode: 2500/1308	Avg reward: 15.85	Avg steps: 1638
2020-07-08 06:49:40,587	INFO	Total steps: 3794523	Episode: 2520/1314	Avg reward: 15.40	Avg steps: 1657
2020-07-08 07:08:03,738	INFO	Total steps: 3826029	Episode: 2540/1418	Avg reward: 15.90	Avg steps: 1574
2020-07-08 07:26:08,440	INFO	Total steps: 3857182	Episode: 2560/1513	Avg reward: 16.65	Avg steps: 1556
2020-07-08 07:45:14,617	INFO	Total steps: 3890085	Episode: 2580/1664	Avg reward: 16.20	Avg steps: 1644
2020-07-08 08:04:34,571	INFO	Total steps: 3923454	Episode: 2600/1654	Avg reward: 15.20	Avg steps: 1667
2020-07-08 08:22:18,691	INFO	Total steps: 3954014	Episode: 2620/1496	Avg reward: 15.65	Avg steps: 1527
2020-07-08 08:41:12,939	INFO	Total steps: 3986543	Episode: 2640/1667	Avg reward: 15.60	Avg steps: 1625
2020-07-08 09:00:22,175	INFO	Total steps: 4019339	Episode: 2660/1517	Avg reward: 16.25	Avg steps: 1638
2020-07-08 09:19:26,951	INFO	Total steps: 4052155	Episode: 2680/1495	Avg reward: 16.80	Avg steps: 1639
2020-07-08 09:37:52,172	INFO	Total steps: 4083736	Episode: 2700/1672	Avg reward: 15.60	Avg steps: 1578
2020-07-08 09:56:39,140	INFO	Total steps: 4115645	Episode: 2720/1649	Avg reward: 16.60	Avg steps: 1594
2020-07-08 10:15:40,905	INFO	Total steps: 4148235	Episode: 2740/1639	Avg reward: 16.65	Avg steps: 1628
2020-07-08 10:33:16,970	INFO	Total steps: 4178405	Episode: 2760/1214	Avg reward: 15.75	Avg steps: 1507
2020-07-08 10:52:01,145	INFO	Total steps: 4210287	Episode: 2780/1845	Avg reward: 15.80	Avg steps: 1593
2020-07-08 11:10:30,022	INFO	Total steps: 4242087	Episode: 2800/1496	Avg reward: 16.05	Avg steps: 1589
2020-07-08 11:28:35,504	INFO	Total steps: 4273157	Episode: 2820/1700	Avg reward: 16.00	Avg steps: 1552
2020-07-08 11:46:31,186	INFO	Total steps: 4303856	Episode: 2840/1795	Avg reward: 16.50	Avg steps: 1533
2020-07-08 12:05:35,516	INFO	Total steps: 4336038	Episode: 2860/1718	Avg reward: 16.05	Avg steps: 1608
2020-07-08 12:24:00,305	INFO	Total steps: 4367130	Episode: 2880/1313	Avg reward: 16.05	Avg steps: 1553
2020-07-08 12:42:27,551	INFO	Total steps: 4398602	Episode: 2900/1873	Avg reward: 16.00	Avg steps: 1572
2020-07-08 13:00:21,966	INFO	Total steps: 4429400	Episode: 2920/1394	Avg reward: 15.45	Avg steps: 1538
2020-07-08 13:18:00,793	INFO	Total steps: 4459940	Episode: 2940/1412	Avg reward: 16.75	Avg steps: 1526
2020-07-08 13:36:28,198	INFO	Total steps: 4491727	Episode: 2960/1471	Avg reward: 16.85	Avg steps: 1588
2020-07-08 13:54:31,254	INFO	Total steps: 4522955	Episode: 2980/1544	Avg reward: 17.25	Avg steps: 1560
2020-07-08 14:11:47,449	INFO	Total steps: 4553300	Episode: 3000/1391	Avg reward: 17.85	Avg steps: 1516
2020-07-08 14:46:32,073	INFO	Total steps: 4583936	Episode: 3020/1866	Avg reward: 17.70	Avg steps: 1530
2020-07-08 15:04:42,636	INFO	Total steps: 4614966	Episode: 3040/1690	Avg reward: 17.20	Avg steps: 1550
2020-07-08 15:22:20,287	INFO	Total steps: 4645133	Episode: 3060/1387	Avg reward: 17.35	Avg steps: 1507
2020-07-08 15:39:13,330	INFO	Total steps: 4673808	Episode: 3080/1386	Avg reward: 17.25	Avg steps: 1432
2020-07-08 15:58:54,663	INFO	Total steps: 4707040	Episode: 3100/1921	Avg reward: 16.60	Avg steps: 1660
2020-07-08 16:18:29,234	INFO	Total steps: 4740015	Episode: 3120/1956	Avg reward: 16.15	Avg steps: 1647
2020-07-08 16:38:32,229	INFO	Total steps: 4773961	Episode: 3140/1807	Avg reward: 16.30	Avg steps: 1696
2020-07-08 16:57:41,527	INFO	Total steps: 4806556	Episode: 3160/1852	Avg reward: 16.30	Avg steps: 1628
2020-07-08 17:15:28,038	INFO	Total steps: 4836749	Episode: 3180/1550	Avg reward: 16.85	Avg steps: 1508
2020-07-08 17:34:27,138	INFO	Total steps: 4869032	Episode: 3200/1551	Avg reward: 16.60	Avg steps: 1613
2020-07-08 17:54:55,188	INFO	Total steps: 4903698	Episode: 3220/1468	Avg reward: 16.80	Avg steps: 1732
2020-07-08 18:13:27,659	INFO	Total steps: 4934980	Episode: 3240/1886	Avg reward: 17.20	Avg steps: 1563
2020-07-08 18:32:26,419	INFO	Total steps: 4967238	Episode: 3260/1405	Avg reward: 16.25	Avg steps: 1611
2020-07-08 18:52:43,818	INFO	Total steps: 5001638	Episode: 3280/1654	Avg reward: 15.60	Avg steps: 1719
2020-07-08 19:13:23,231	INFO	Total steps: 5036502	Episode: 3300/1627	Avg reward: 14.70	Avg steps: 1742
2020-07-08 19:34:16,237	INFO	Total steps: 5072062	Episode: 3320/1790	Avg reward: 15.25	Avg steps: 1777
2020-07-08 19:54:22,678	INFO	Total steps: 5106356	Episode: 3340/2032	Avg reward: 15.25	Avg steps: 1713
2020-07-08 20:13:12,676	INFO	Total steps: 5138553	Episode: 3360/1908	Avg reward: 16.10	Avg steps: 1608
2020-07-08 20:33:10,708	INFO	Total steps: 5172684	Episode: 3380/1806	Avg reward: 15.15	Avg steps: 1705
2020-07-08 20:52:07,568	INFO	Total steps: 5205048	Episode: 3400/1422	Avg reward: 17.15	Avg steps: 1617
2020-07-08 21:10:19,015	INFO	Total steps: 5236225	Episode: 3420/1532	Avg reward: 17.75	Avg steps: 1557
2020-07-08 21:28:54,851	INFO	Total steps: 5268102	Episode: 3440/1774	Avg reward: 16.55	Avg steps: 1592
2020-07-08 21:47:27,240	INFO	Total steps: 5299873	Episode: 3460/1849	Avg reward: 16.90	Avg steps: 1587
2020-07-08 22:07:58,600	INFO	Total steps: 5334508	Episode: 3480/1463	Avg reward: 16.05	Avg steps: 1730
2020-07-08 22:27:37,923	INFO	Total steps: 5366226	Episode: 3500/1677	Avg reward: 16.95	Avg steps: 1584
2020-07-08 22:46:26,978	INFO	Total steps: 5396472	Episode: 3520/1448	Avg reward: 16.45	Avg steps: 1511
2020-07-08 23:04:39,704	INFO	Total steps: 5427273	Episode: 3540/1670	Avg reward: 16.85	Avg steps: 1539
2020-07-08 23:23:45,845	INFO	Total steps: 5460095	Episode: 3560/1665	Avg reward: 16.15	Avg steps: 1640
2020-07-08 23:42:39,345	INFO	Total steps: 5492573	Episode: 3580/1383	Avg reward: 16.10	Avg steps: 1622
2020-07-09 00:03:01,847	INFO	Total steps: 5527568	Episode: 3600/2059	Avg reward: 15.80	Avg steps: 1748
2020-07-09 00:22:17,039	INFO	Total steps: 5560697	Episode: 3620/1719	Avg reward: 16.95	Avg steps: 1655
2020-07-09 00:40:53,124	INFO	Total steps: 5592610	Episode: 3640/1543	Avg reward: 16.75	Avg steps: 1594
2020-07-09 00:59:34,253	INFO	Total steps: 5624489	Episode: 3660/1411	Avg reward: 15.50	Avg steps: 1592
2020-07-09 01:18:10,941	INFO	Total steps: 5656417	Episode: 3680/1724	Avg reward: 15.75	Avg steps: 1595
2020-07-09 01:36:42,274	INFO	Total steps: 5688136	Episode: 3700/1224	Avg reward: 17.10	Avg steps: 1584
2020-07-09 01:56:38,911	INFO	Total steps: 5722331	Episode: 3720/2279	Avg reward: 15.25	Avg steps: 1708
2020-07-09 02:14:56,347	INFO	Total steps: 5753419	Episode: 3740/1576	Avg reward: 16.35	Avg steps: 1553
2020-07-09 02:33:49,121	INFO	Total steps: 5785551	Episode: 3760/1533	Avg reward: 16.45	Avg steps: 1605
2020-07-09 02:52:09,899	INFO	Total steps: 5816743	Episode: 3780/1409	Avg reward: 16.60	Avg steps: 1558
2020-07-09 03:11:22,796	INFO	Total steps: 5849333	Episode: 3800/1695	Avg reward: 14.55	Avg steps: 1628
2020-07-09 03:30:29,852	INFO	Total steps: 5881612	Episode: 3820/1522	Avg reward: 16.40	Avg steps: 1612
2020-07-09 03:50:08,666	INFO	Total steps: 5914888	Episode: 3840/1360	Avg reward: 17.10	Avg steps: 1662
2020-07-09 04:08:32,936	INFO	Total steps: 5946080	Episode: 3860/1251	Avg reward: 16.80	Avg steps: 1558
2020-07-09 04:27:41,310	INFO	Total steps: 5978203	Episode: 3880/1415	Avg reward: 16.85	Avg steps: 1605
2020-07-09 04:46:26,667	INFO	Total steps: 6011061	Episode: 3900/1594	Avg reward: 16.00	Avg steps: 1641
2020-07-09 05:03:46,416	INFO	Total steps: 6042971	Episode: 3920/1638	Avg reward: 16.75	Avg steps: 1594
2020-07-09 05:20:49,501	INFO	Total steps: 6074215	Episode: 3940/1435	Avg reward: 16.85	Avg steps: 1561
2020-07-09 05:37:48,135	INFO	Total steps: 6105340	Episode: 3960/1780	Avg reward: 16.20	Avg steps: 1555
2020-07-09 05:55:46,154	INFO	Total steps: 6138548	Episode: 3980/1924	Avg reward: 15.55	Avg steps: 1659
2020-07-09 06:13:31,650	INFO	Total steps: 6171408	Episode: 4000/1440	Avg reward: 15.25	Avg steps: 1642
