2020-07-20 04:03:04,373	INFO	--width 160 --height 160 --ball 1.0 --ball-size 2.0 --snell 2.0 --snell-width 80.0 --snell-change 0.0 --snell-visible none --paddle-speed 1.0 --paddle-angle 70.0 --paddle-length 20.0 --update-prob 0.4 --state binary --learning-rate 0.0001 --network lstm --render False --epsdecay 1000 --episodes 8000 --replay 1000 --batch-size 10 --checkpoint dqn_pong_model --history history.p --store-dir ../experiments/105 
2020-07-20 04:03:04,373	INFO	Device: cuda
2020-07-20 04:04:09,973	INFO	Total steps: 10624	Episode: 20/1102	Avg reward: -18.50	Avg steps: 530
2020-07-20 04:05:04,071	INFO	Total steps: 20146	Episode: 40/515	Avg reward: -19.05	Avg steps: 475
2020-07-20 04:05:54,940	INFO	Total steps: 29100	Episode: 60/330	Avg reward: -18.90	Avg steps: 446
2020-07-20 04:06:41,362	INFO	Total steps: 37361	Episode: 80/388	Avg reward: -19.30	Avg steps: 412
2020-07-20 04:07:35,265	INFO	Total steps: 45655	Episode: 100/733	Avg reward: -19.50	Avg steps: 413
2020-07-20 04:10:32,130	INFO	Total steps: 56994	Episode: 120/446	Avg reward: -18.20	Avg steps: 565
2020-07-20 04:14:38,275	INFO	Total steps: 70309	Episode: 140/691	Avg reward: -17.35	Avg steps: 664
2020-07-20 04:20:30,338	INFO	Total steps: 85211	Episode: 160/663	Avg reward: -16.85	Avg steps: 744
2020-07-20 04:26:17,672	INFO	Total steps: 99861	Episode: 180/617	Avg reward: -16.65	Avg steps: 731
2020-07-20 04:32:32,412	INFO	Total steps: 115694	Episode: 200/899	Avg reward: -15.60	Avg steps: 790
2020-07-20 04:38:36,107	INFO	Total steps: 130900	Episode: 220/911	Avg reward: -16.80	Avg steps: 759
2020-07-20 04:44:35,757	INFO	Total steps: 145928	Episode: 240/823	Avg reward: -16.55	Avg steps: 750
2020-07-20 04:50:24,890	INFO	Total steps: 160504	Episode: 260/456	Avg reward: -16.35	Avg steps: 727
2020-07-20 04:57:01,387	INFO	Total steps: 176994	Episode: 280/653	Avg reward: -15.85	Avg steps: 823
2020-07-20 05:03:35,789	INFO	Total steps: 193385	Episode: 300/713	Avg reward: -16.90	Avg steps: 818
2020-07-20 05:10:32,761	INFO	Total steps: 210644	Episode: 320/641	Avg reward: -15.30	Avg steps: 861
2020-07-20 05:16:54,698	INFO	Total steps: 226523	Episode: 340/704	Avg reward: -16.85	Avg steps: 792
2020-07-20 05:24:36,794	INFO	Total steps: 245717	Episode: 360/990	Avg reward: -15.35	Avg steps: 958
2020-07-20 05:32:15,968	INFO	Total steps: 264717	Episode: 380/854	Avg reward: -14.45	Avg steps: 949
2020-07-20 05:39:32,433	INFO	Total steps: 282785	Episode: 400/639	Avg reward: -15.40	Avg steps: 902
2020-07-20 05:46:21,075	INFO	Total steps: 299631	Episode: 420/948	Avg reward: -15.25	Avg steps: 841
2020-07-20 05:53:30,417	INFO	Total steps: 317294	Episode: 440/614	Avg reward: -15.90	Avg steps: 882
2020-07-20 06:01:00,861	INFO	Total steps: 335873	Episode: 460/799	Avg reward: -14.65	Avg steps: 927
2020-07-20 06:06:43,771	INFO	Total steps: 352640	Episode: 480/1064	Avg reward: -15.30	Avg steps: 837
2020-07-20 06:12:37,837	INFO	Total steps: 370141	Episode: 500/730	Avg reward: -15.40	Avg steps: 874
2020-07-20 06:18:31,890	INFO	Total steps: 387542	Episode: 520/817	Avg reward: -14.90	Avg steps: 869
2020-07-20 06:25:11,023	INFO	Total steps: 407362	Episode: 540/667	Avg reward: -14.55	Avg steps: 990
2020-07-20 06:31:51,419	INFO	Total steps: 427344	Episode: 560/941	Avg reward: -14.80	Avg steps: 998
2020-07-20 06:37:54,801	INFO	Total steps: 445400	Episode: 580/409	Avg reward: -14.85	Avg steps: 901
2020-07-20 06:44:21,012	INFO	Total steps: 464527	Episode: 600/1096	Avg reward: -14.00	Avg steps: 955
2020-07-20 06:51:27,284	INFO	Total steps: 485802	Episode: 620/1042	Avg reward: -13.60	Avg steps: 1062
2020-07-20 06:58:19,410	INFO	Total steps: 506317	Episode: 640/1207	Avg reward: -14.05	Avg steps: 1024
2020-07-20 07:06:03,791	INFO	Total steps: 529142	Episode: 660/1076	Avg reward: -13.30	Avg steps: 1140
2020-07-20 07:13:25,523	INFO	Total steps: 553306	Episode: 680/839	Avg reward: -14.00	Avg steps: 1207
2020-07-20 07:19:34,067	INFO	Total steps: 573789	Episode: 700/677	Avg reward: -14.30	Avg steps: 1023
2020-07-20 07:25:40,533	INFO	Total steps: 593902	Episode: 720/1163	Avg reward: -13.80	Avg steps: 1004
2020-07-20 07:31:19,037	INFO	Total steps: 612247	Episode: 740/1092	Avg reward: -14.05	Avg steps: 916
2020-07-20 07:37:11,351	INFO	Total steps: 631528	Episode: 760/990	Avg reward: -14.80	Avg steps: 963
2020-07-20 07:43:04,131	INFO	Total steps: 651117	Episode: 780/1239	Avg reward: -14.70	Avg steps: 978
2020-07-20 07:50:24,713	INFO	Total steps: 675294	Episode: 800/352	Avg reward: -13.35	Avg steps: 1207
2020-07-20 07:58:06,540	INFO	Total steps: 700859	Episode: 820/1372	Avg reward: -12.20	Avg steps: 1277
2020-07-20 08:04:08,148	INFO	Total steps: 720738	Episode: 840/693	Avg reward: -14.30	Avg steps: 992
2020-07-20 08:11:20,901	INFO	Total steps: 744536	Episode: 860/886	Avg reward: -13.00	Avg steps: 1188
2020-07-20 08:18:51,206	INFO	Total steps: 769565	Episode: 880/766	Avg reward: -12.10	Avg steps: 1250
2020-07-20 08:26:24,962	INFO	Total steps: 794666	Episode: 900/902	Avg reward: -12.25	Avg steps: 1254
2020-07-20 08:34:48,185	INFO	Total steps: 822407	Episode: 920/1049	Avg reward: -10.90	Avg steps: 1386
2020-07-20 08:44:44,202	INFO	Total steps: 855475	Episode: 940/2100	Avg reward: -8.10	Avg steps: 1652
2020-07-20 08:53:00,234	INFO	Total steps: 882766	Episode: 960/1429	Avg reward: -10.90	Avg steps: 1363
2020-07-21 20:25:43,590	INFO	--width 160 --height 160 --ball 1.0 --ball-size 2.0 --snell 2.0 --snell-width 80.0 --snell-change 0.0 --snell-visible none --paddle-speed 1.0 --paddle-angle 70.0 --paddle-length 20.0 --update-prob 0.4 --state binary --learning-rate 0.0001 --network lstm --render False --epsdecay 1000 --episodes 8000 --replay 1000 --batch-size 10 --checkpoint dqn_pong_model --history history.p --store-dir ../experiments/105 
2020-07-21 20:25:43,715	INFO	Device: cuda
2020-07-21 20:27:01,983	INFO	Total steps: 10485	Episode: 20/551	Avg reward: -18.25	Avg steps: 523
2020-07-21 20:28:06,746	INFO	Total steps: 19753	Episode: 40/810	Avg reward: -18.85	Avg steps: 462
2020-07-21 20:29:16,640	INFO	Total steps: 29825	Episode: 60/502	Avg reward: -18.95	Avg steps: 502
2020-07-21 20:30:18,401	INFO	Total steps: 38748	Episode: 80/537	Avg reward: -19.00	Avg steps: 445
2020-07-21 20:31:21,164	INFO	Total steps: 46946	Episode: 100/378	Avg reward: -19.30	Avg steps: 408
2020-07-21 20:35:02,766	INFO	Total steps: 58652	Episode: 120/735	Avg reward: -17.60	Avg steps: 584
2020-07-21 20:39:32,320	INFO	Total steps: 72243	Episode: 140/658	Avg reward: -17.20	Avg steps: 678
2020-07-21 20:46:17,215	INFO	Total steps: 88443	Episode: 160/624	Avg reward: -16.80	Avg steps: 809
2020-07-21 20:52:35,828	INFO	Total steps: 103467	Episode: 180/1017	Avg reward: -16.30	Avg steps: 750
2020-07-21 20:58:13,785	INFO	Total steps: 116879	Episode: 200/711	Avg reward: -17.00	Avg steps: 669
2020-07-21 21:04:17,455	INFO	Total steps: 131184	Episode: 220/703	Avg reward: -16.85	Avg steps: 714
2020-07-21 21:10:59,989	INFO	Total steps: 146690	Episode: 240/591	Avg reward: -15.95	Avg steps: 774
2020-07-21 21:17:14,675	INFO	Total steps: 161434	Episode: 260/679	Avg reward: -17.00	Avg steps: 736
2020-07-21 21:24:02,633	INFO	Total steps: 177410	Episode: 280/905	Avg reward: -16.25	Avg steps: 797
2020-07-21 21:30:36,472	INFO	Total steps: 193000	Episode: 300/878	Avg reward: -16.25	Avg steps: 778
2020-07-21 21:37:35,496	INFO	Total steps: 209366	Episode: 320/616	Avg reward: -16.25	Avg steps: 817
2020-07-21 21:44:37,487	INFO	Total steps: 226014	Episode: 340/709	Avg reward: -16.40	Avg steps: 831
2020-07-21 21:52:16,229	INFO	Total steps: 244352	Episode: 360/897	Avg reward: -15.00	Avg steps: 915
2020-07-21 21:58:37,044	INFO	Total steps: 259586	Episode: 380/487	Avg reward: -16.75	Avg steps: 760
2020-07-21 22:05:09,951	INFO	Total steps: 275424	Episode: 400/838	Avg reward: -15.95	Avg steps: 790
2020-07-21 22:11:35,125	INFO	Total steps: 290953	Episode: 420/1018	Avg reward: -15.95	Avg steps: 775
2020-07-21 22:18:50,017	INFO	Total steps: 308163	Episode: 440/774	Avg reward: -16.20	Avg steps: 859
2020-07-21 22:26:13,483	INFO	Total steps: 325784	Episode: 460/990	Avg reward: -15.50	Avg steps: 880
2020-07-21 22:33:53,225	INFO	Total steps: 344214	Episode: 480/931	Avg reward: -15.00	Avg steps: 920
2020-07-21 22:41:48,890	INFO	Total steps: 363403	Episode: 500/861	Avg reward: -14.35	Avg steps: 958
2020-07-21 22:50:07,775	INFO	Total steps: 383020	Episode: 520/1091	Avg reward: -15.00	Avg steps: 979
2020-07-21 22:58:21,735	INFO	Total steps: 402538	Episode: 540/1032	Avg reward: -14.80	Avg steps: 974
2020-07-21 23:06:35,664	INFO	Total steps: 421972	Episode: 560/970	Avg reward: -14.20	Avg steps: 970
2020-07-21 23:14:15,902	INFO	Total steps: 440053	Episode: 580/700	Avg reward: -15.65	Avg steps: 903
2020-07-21 23:21:36,248	INFO	Total steps: 457186	Episode: 600/1109	Avg reward: -15.15	Avg steps: 855
2020-07-21 23:29:35,105	INFO	Total steps: 475862	Episode: 620/768	Avg reward: -14.50	Avg steps: 932
2020-07-21 23:37:42,620	INFO	Total steps: 494849	Episode: 640/1262	Avg reward: -14.50	Avg steps: 948
2020-07-21 23:47:02,330	INFO	Total steps: 516825	Episode: 660/657	Avg reward: -12.55	Avg steps: 1097
2020-07-21 23:56:03,948	INFO	Total steps: 538109	Episode: 680/865	Avg reward: -13.85	Avg steps: 1063
2020-07-22 00:05:09,065	INFO	Total steps: 559399	Episode: 700/1056	Avg reward: -14.05	Avg steps: 1063
2020-07-22 00:14:13,562	INFO	Total steps: 580619	Episode: 720/1129	Avg reward: -13.30	Avg steps: 1060
2020-07-22 00:24:16,381	INFO	Total steps: 603992	Episode: 740/1327	Avg reward: -13.05	Avg steps: 1167
2020-07-22 00:32:43,896	INFO	Total steps: 623629	Episode: 760/1107	Avg reward: -14.65	Avg steps: 980
2020-07-22 00:43:23,827	INFO	Total steps: 648687	Episode: 780/1313	Avg reward: -12.55	Avg steps: 1251
2020-07-22 00:54:26,749	INFO	Total steps: 674290	Episode: 800/1046	Avg reward: -11.75	Avg steps: 1279
2020-07-22 01:04:37,751	INFO	Total steps: 697917	Episode: 820/1244	Avg reward: -13.20	Avg steps: 1180
2020-07-22 01:15:15,827	INFO	Total steps: 722630	Episode: 840/1951	Avg reward: -12.45	Avg steps: 1234
2020-07-22 01:26:40,344	INFO	Total steps: 749208	Episode: 860/1374	Avg reward: -11.25	Avg steps: 1327
2020-07-22 01:37:57,199	INFO	Total steps: 775436	Episode: 880/1113	Avg reward: -10.65	Avg steps: 1310
2020-07-22 01:50:32,863	INFO	Total steps: 804554	Episode: 900/1848	Avg reward: -8.50	Avg steps: 1454
2020-07-22 02:03:20,591	INFO	Total steps: 834279	Episode: 920/1466	Avg reward: -8.60	Avg steps: 1485
2020-07-22 02:16:00,310	INFO	Total steps: 863618	Episode: 940/1982	Avg reward: -9.10	Avg steps: 1465
2020-07-22 02:29:08,629	INFO	Total steps: 894134	Episode: 960/1189	Avg reward: -9.50	Avg steps: 1524
2020-07-22 02:40:19,115	INFO	Total steps: 920049	Episode: 980/997	Avg reward: -11.05	Avg steps: 1294
2020-07-22 02:51:31,504	INFO	Total steps: 945845	Episode: 1000/905	Avg reward: -10.85	Avg steps: 1288
2020-07-22 03:04:38,870	INFO	Total steps: 976400	Episode: 1020/1352	Avg reward: -8.95	Avg steps: 1526
2020-07-22 03:18:43,635	INFO	Total steps: 1008970	Episode: 1040/2050	Avg reward: -7.30	Avg steps: 1627
2020-07-22 03:31:54,917	INFO	Total steps: 1039357	Episode: 1060/1167	Avg reward: -9.75	Avg steps: 1518
2020-07-22 03:45:03,141	INFO	Total steps: 1069676	Episode: 1080/1225	Avg reward: -9.55	Avg steps: 1514
2020-07-22 03:57:57,045	INFO	Total steps: 1099612	Episode: 1100/2145	Avg reward: -8.45	Avg steps: 1495
2020-07-22 04:10:33,902	INFO	Total steps: 1128627	Episode: 1120/1890	Avg reward: -8.55	Avg steps: 1449
2020-07-22 04:23:27,165	INFO	Total steps: 1158358	Episode: 1140/1897	Avg reward: -9.60	Avg steps: 1485
2020-07-22 04:37:40,625	INFO	Total steps: 1191126	Episode: 1160/1507	Avg reward: -5.45	Avg steps: 1637
2020-07-22 04:51:41,410	INFO	Total steps: 1223083	Episode: 1180/2413	Avg reward: -7.75	Avg steps: 1596
2020-07-22 05:06:07,018	INFO	Total steps: 1256243	Episode: 1200/1701	Avg reward: -6.65	Avg steps: 1657
2020-07-22 05:21:16,842	INFO	Total steps: 1291209	Episode: 1220/1883	Avg reward: -8.25	Avg steps: 1747
2020-07-22 05:36:02,640	INFO	Total steps: 1325093	Episode: 1240/1712	Avg reward: -5.85	Avg steps: 1693
2020-07-22 05:52:24,649	INFO	Total steps: 1362613	Episode: 1260/1564	Avg reward: -6.00	Avg steps: 1875
2020-07-22 06:08:01,403	INFO	Total steps: 1398432	Episode: 1280/1375	Avg reward: -6.55	Avg steps: 1789
2020-07-22 06:24:19,426	INFO	Total steps: 1435928	Episode: 1300/1018	Avg reward: -6.20	Avg steps: 1873
2020-07-22 06:42:09,363	INFO	Total steps: 1476925	Episode: 1320/1652	Avg reward: -2.75	Avg steps: 2048
2020-07-22 06:57:47,366	INFO	Total steps: 1512868	Episode: 1340/1158	Avg reward: -4.75	Avg steps: 1796
2020-07-22 07:15:10,345	INFO	Total steps: 1552692	Episode: 1360/1347	Avg reward: -3.05	Avg steps: 1990
2020-07-22 07:32:39,073	INFO	Total steps: 1592826	Episode: 1380/2428	Avg reward: -6.45	Avg steps: 2005
2020-07-22 07:49:09,900	INFO	Total steps: 1630359	Episode: 1400/1434	Avg reward: -5.00	Avg steps: 1875
2020-07-22 08:05:27,416	INFO	Total steps: 1667480	Episode: 1420/1752	Avg reward: -4.50	Avg steps: 1855
2020-07-22 08:21:52,845	INFO	Total steps: 1705351	Episode: 1440/2035	Avg reward: -4.15	Avg steps: 1892
2020-07-22 08:39:13,866	INFO	Total steps: 1744847	Episode: 1460/2129	Avg reward: -3.90	Avg steps: 1973
2020-07-22 08:57:21,409	INFO	Total steps: 1786234	Episode: 1480/2122	Avg reward: -1.40	Avg steps: 2068
2020-07-22 09:13:51,720	INFO	Total steps: 1823648	Episode: 1500/1783	Avg reward: -3.80	Avg steps: 1869
2020-07-22 09:31:46,513	INFO	Total steps: 1864371	Episode: 1520/2235	Avg reward: -3.80	Avg steps: 2035
2020-07-22 09:49:55,930	INFO	Total steps: 1905654	Episode: 1540/2327	Avg reward: -4.45	Avg steps: 2063
2020-07-22 10:06:21,309	INFO	Total steps: 1942994	Episode: 1560/2291	Avg reward: -5.90	Avg steps: 1866
2020-07-22 10:23:09,404	INFO	Total steps: 1981221	Episode: 1580/1869	Avg reward: -4.55	Avg steps: 1910
2020-07-22 10:42:31,957	INFO	Total steps: 2025583	Episode: 1600/1673	Avg reward: -3.25	Avg steps: 2217
2020-07-22 11:01:29,729	INFO	Total steps: 2069063	Episode: 1620/2264	Avg reward: -0.10	Avg steps: 2173
2020-07-22 11:19:48,273	INFO	Total steps: 2110661	Episode: 1640/3094	Avg reward: -2.50	Avg steps: 2078
2020-07-22 11:37:14,836	INFO	Total steps: 2150333	Episode: 1660/1190	Avg reward: -3.45	Avg steps: 1982
2020-07-22 11:54:31,919	INFO	Total steps: 2189941	Episode: 1680/1681	Avg reward: -4.50	Avg steps: 1979
2020-07-22 12:13:03,272	INFO	Total steps: 2232444	Episode: 1700/1801	Avg reward: -2.10	Avg steps: 2124
2020-07-22 12:32:11,924	INFO	Total steps: 2276510	Episode: 1720/2319	Avg reward: -0.75	Avg steps: 2202
2020-07-22 12:50:35,370	INFO	Total steps: 2318798	Episode: 1740/2646	Avg reward: 0.70	Avg steps: 2113
2020-07-22 13:08:55,288	INFO	Total steps: 2360763	Episode: 1760/2032	Avg reward: 0.45	Avg steps: 2097
2020-07-22 13:27:13,727	INFO	Total steps: 2402525	Episode: 1780/2595	Avg reward: -1.35	Avg steps: 2087
2020-07-22 13:45:03,095	INFO	Total steps: 2446421	Episode: 1800/2993	Avg reward: 0.00	Avg steps: 2193
2020-07-22 14:01:57,084	INFO	Total steps: 2491713	Episode: 1820/2605	Avg reward: -1.50	Avg steps: 2263
2020-07-22 14:17:00,869	INFO	Total steps: 2532000	Episode: 1840/1711	Avg reward: -2.20	Avg steps: 2013
2020-07-22 14:33:14,070	INFO	Total steps: 2575454	Episode: 1860/2087	Avg reward: -0.25	Avg steps: 2171
2020-07-22 14:50:14,629	INFO	Total steps: 2621006	Episode: 1880/1894	Avg reward: 0.65	Avg steps: 2276
2020-07-22 15:07:36,630	INFO	Total steps: 2667872	Episode: 1900/2862	Avg reward: 1.20	Avg steps: 2342
2020-07-22 15:23:38,819	INFO	Total steps: 2711064	Episode: 1920/2159	Avg reward: 0.25	Avg steps: 2158
2020-07-22 15:39:40,144	INFO	Total steps: 2754454	Episode: 1940/2448	Avg reward: 2.20	Avg steps: 2168
2020-07-22 15:57:08,347	INFO	Total steps: 2800915	Episode: 1960/2172	Avg reward: 1.20	Avg steps: 2322
2020-07-22 16:13:42,787	INFO	Total steps: 2845767	Episode: 1980/2279	Avg reward: -0.75	Avg steps: 2241
2020-07-22 16:30:32,035	INFO	Total steps: 2890655	Episode: 2000/2101	Avg reward: 0.35	Avg steps: 2243
2020-07-22 16:46:48,700	INFO	Total steps: 2934099	Episode: 2020/2334	Avg reward: 1.60	Avg steps: 2171
2020-07-22 17:03:42,743	INFO	Total steps: 2979256	Episode: 2040/2588	Avg reward: 2.10	Avg steps: 2256
2020-07-22 17:19:20,774	INFO	Total steps: 3020550	Episode: 2060/2020	Avg reward: 5.10	Avg steps: 2063
2020-07-22 17:35:58,164	INFO	Total steps: 3064615	Episode: 2080/2089	Avg reward: 1.95	Avg steps: 2202
2020-07-22 17:52:36,431	INFO	Total steps: 3108560	Episode: 2100/2246	Avg reward: 2.50	Avg steps: 2196
2020-07-22 18:08:52,508	INFO	Total steps: 3152709	Episode: 2120/2248	Avg reward: 4.65	Avg steps: 2206
2020-07-22 18:26:37,844	INFO	Total steps: 3201396	Episode: 2140/2806	Avg reward: 1.35	Avg steps: 2433
2020-07-22 18:41:47,173	INFO	Total steps: 3243014	Episode: 2160/2012	Avg reward: 2.45	Avg steps: 2079
2020-07-22 18:58:07,595	INFO	Total steps: 3287925	Episode: 2180/2597	Avg reward: 5.10	Avg steps: 2244
2020-07-22 19:14:36,447	INFO	Total steps: 3333194	Episode: 2200/2065	Avg reward: 3.00	Avg steps: 2262
2020-07-22 19:30:35,464	INFO	Total steps: 3377217	Episode: 2220/1771	Avg reward: 4.55	Avg steps: 2200
2020-07-22 19:47:30,849	INFO	Total steps: 3424113	Episode: 2240/2204	Avg reward: 4.35	Avg steps: 2343
2020-07-22 20:04:12,049	INFO	Total steps: 3470264	Episode: 2260/1964	Avg reward: 3.85	Avg steps: 2306
2020-07-22 20:20:40,665	INFO	Total steps: 3515452	Episode: 2280/2127	Avg reward: 5.30	Avg steps: 2258
2020-07-22 20:37:03,809	INFO	Total steps: 3560652	Episode: 2300/2668	Avg reward: 5.65	Avg steps: 2259
2020-07-22 20:53:10,298	INFO	Total steps: 3605789	Episode: 2320/2014	Avg reward: 7.10	Avg steps: 2255
2020-07-22 21:09:09,894	INFO	Total steps: 3652686	Episode: 2340/1926	Avg reward: 3.45	Avg steps: 2343
2020-07-22 21:23:48,596	INFO	Total steps: 3695952	Episode: 2360/2870	Avg reward: 7.05	Avg steps: 2162
2020-07-22 21:39:34,408	INFO	Total steps: 3742573	Episode: 2380/2739	Avg reward: 6.30	Avg steps: 2330
2020-07-22 21:57:22,739	INFO	Total steps: 3791974	Episode: 2400/1980	Avg reward: 3.30	Avg steps: 2469
2020-07-22 22:15:25,226	INFO	Total steps: 3840257	Episode: 2420/2267	Avg reward: 5.70	Avg steps: 2413
2020-07-22 22:32:21,786	INFO	Total steps: 3885437	Episode: 2440/2323	Avg reward: 5.80	Avg steps: 2258
2020-07-22 22:49:55,579	INFO	Total steps: 3931533	Episode: 2460/2842	Avg reward: 6.50	Avg steps: 2303
2020-07-22 23:07:41,298	INFO	Total steps: 3978415	Episode: 2480/1600	Avg reward: 4.85	Avg steps: 2343
2020-07-22 23:24:14,671	INFO	Total steps: 4022123	Episode: 2500/2429	Avg reward: 7.95	Avg steps: 2184
2020-07-22 23:43:03,424	INFO	Total steps: 4071637	Episode: 2520/2976	Avg reward: 6.20	Avg steps: 2474
2020-07-22 23:59:41,152	INFO	Total steps: 4115171	Episode: 2540/2099	Avg reward: 8.60	Avg steps: 2175
2020-07-23 00:16:25,228	INFO	Total steps: 4158587	Episode: 2560/2102	Avg reward: 8.20	Avg steps: 2169
2020-07-23 00:34:12,859	INFO	Total steps: 4205727	Episode: 2580/2916	Avg reward: 7.05	Avg steps: 2356
2020-07-23 00:51:51,348	INFO	Total steps: 4252593	Episode: 2600/2524	Avg reward: 7.25	Avg steps: 2342
2020-07-23 01:07:15,561	INFO	Total steps: 4299031	Episode: 2620/2022	Avg reward: 7.40	Avg steps: 2320
2020-07-23 01:22:10,658	INFO	Total steps: 4345398	Episode: 2640/1968	Avg reward: 8.65	Avg steps: 2317
2020-07-23 01:36:27,723	INFO	Total steps: 4389726	Episode: 2660/2749	Avg reward: 6.90	Avg steps: 2215
2020-07-23 01:51:45,985	INFO	Total steps: 4437700	Episode: 2680/2021	Avg reward: 4.40	Avg steps: 2397
2020-07-23 02:05:53,382	INFO	Total steps: 4481928	Episode: 2700/2377	Avg reward: 6.60	Avg steps: 2210
2020-07-23 02:19:26,514	INFO	Total steps: 4524230	Episode: 2720/2578	Avg reward: 9.80	Avg steps: 2114
2020-07-23 02:34:18,274	INFO	Total steps: 4570193	Episode: 2740/1943	Avg reward: 8.20	Avg steps: 2297
2020-07-23 02:49:04,685	INFO	Total steps: 4615850	Episode: 2760/2424	Avg reward: 6.80	Avg steps: 2281
2020-07-23 03:02:55,738	INFO	Total steps: 4659978	Episode: 2780/2571	Avg reward: 7.80	Avg steps: 2205
2020-07-23 03:17:31,580	INFO	Total steps: 4706460	Episode: 2800/2461	Avg reward: 9.05	Avg steps: 2323
2020-07-23 03:32:03,538	INFO	Total steps: 4752565	Episode: 2820/2223	Avg reward: 8.40	Avg steps: 2304
2020-07-23 03:46:58,173	INFO	Total steps: 4800043	Episode: 2840/3099	Avg reward: 8.45	Avg steps: 2372
2020-07-23 04:01:24,066	INFO	Total steps: 4845688	Episode: 2860/2334	Avg reward: 7.70	Avg steps: 2281
2020-07-23 04:15:31,615	INFO	Total steps: 4890326	Episode: 2880/1990	Avg reward: 8.35	Avg steps: 2230
2020-07-23 04:29:27,896	INFO	Total steps: 4934551	Episode: 2900/2238	Avg reward: 10.15	Avg steps: 2210
2020-07-23 04:42:51,621	INFO	Total steps: 4977172	Episode: 2920/2358	Avg reward: 8.05	Avg steps: 2130
2020-07-23 04:58:01,417	INFO	Total steps: 5024881	Episode: 2940/2089	Avg reward: 7.35	Avg steps: 2384
2020-07-23 05:12:19,737	INFO	Total steps: 5069350	Episode: 2960/2031	Avg reward: 8.05	Avg steps: 2222
2020-07-23 05:27:09,969	INFO	Total steps: 5116513	Episode: 2980/2064	Avg reward: 9.45	Avg steps: 2357
2020-07-23 05:41:30,298	INFO	Total steps: 5161960	Episode: 3000/2067	Avg reward: 9.45	Avg steps: 2271
2020-07-23 05:56:49,433	INFO	Total steps: 5210368	Episode: 3020/2248	Avg reward: 9.50	Avg steps: 2419
2020-07-23 06:12:00,167	INFO	Total steps: 5258046	Episode: 3040/2090	Avg reward: 9.60	Avg steps: 2382
2020-07-23 06:26:22,385	INFO	Total steps: 5302631	Episode: 3060/2146	Avg reward: 8.45	Avg steps: 2228
2020-07-23 06:40:11,404	INFO	Total steps: 5346275	Episode: 3080/2237	Avg reward: 10.80	Avg steps: 2181
2020-07-23 06:54:54,921	INFO	Total steps: 5392475	Episode: 3100/3053	Avg reward: 7.40	Avg steps: 2309
2020-07-23 07:08:35,957	INFO	Total steps: 5435362	Episode: 3120/1996	Avg reward: 9.95	Avg steps: 2143
2020-07-23 07:22:08,925	INFO	Total steps: 5477842	Episode: 3140/2262	Avg reward: 10.85	Avg steps: 2123
2020-07-23 07:36:11,836	INFO	Total steps: 5521527	Episode: 3160/2699	Avg reward: 9.55	Avg steps: 2183
2020-07-23 07:50:50,443	INFO	Total steps: 5567774	Episode: 3180/2808	Avg reward: 7.65	Avg steps: 2311
2020-07-23 08:05:17,708	INFO	Total steps: 5613479	Episode: 3200/2809	Avg reward: 9.45	Avg steps: 2284
2020-07-23 08:20:26,631	INFO	Total steps: 5661399	Episode: 3220/2493	Avg reward: 10.25	Avg steps: 2395
2020-07-23 08:35:33,428	INFO	Total steps: 5708840	Episode: 3240/1927	Avg reward: 8.50	Avg steps: 2371
2020-07-23 08:50:17,783	INFO	Total steps: 5753905	Episode: 3260/2603	Avg reward: 9.50	Avg steps: 2252
2020-07-23 09:04:14,318	INFO	Total steps: 5797308	Episode: 3280/2772	Avg reward: 10.75	Avg steps: 2169
2020-07-23 09:18:19,606	INFO	Total steps: 5840762	Episode: 3300/1784	Avg reward: 12.10	Avg steps: 2171
2020-07-23 09:32:56,324	INFO	Total steps: 5885927	Episode: 3320/2192	Avg reward: 10.20	Avg steps: 2257
2020-07-23 09:47:13,138	INFO	Total steps: 5929363	Episode: 3340/1971	Avg reward: 9.70	Avg steps: 2170
2020-07-23 10:02:48,164	INFO	Total steps: 5976385	Episode: 3360/2975	Avg reward: 9.55	Avg steps: 2350
2020-07-23 10:17:26,278	INFO	Total steps: 6021040	Episode: 3380/2043	Avg reward: 8.75	Avg steps: 2231
2020-07-23 10:32:15,658	INFO	Total steps: 6065916	Episode: 3400/3142	Avg reward: 11.10	Avg steps: 2242
2020-07-23 10:47:22,130	INFO	Total steps: 6111209	Episode: 3420/2034	Avg reward: 9.50	Avg steps: 2263
2020-07-23 11:02:19,278	INFO	Total steps: 6156526	Episode: 3440/2183	Avg reward: 10.50	Avg steps: 2264
2020-07-23 11:17:49,866	INFO	Total steps: 6202638	Episode: 3460/2522	Avg reward: 10.75	Avg steps: 2304
2020-07-23 11:32:41,107	INFO	Total steps: 6246112	Episode: 3480/2358	Avg reward: 11.15	Avg steps: 2172
2020-07-23 11:48:47,280	INFO	Total steps: 6293496	Episode: 3500/3075	Avg reward: 9.55	Avg steps: 2368
2020-07-23 12:04:37,317	INFO	Total steps: 6340001	Episode: 3520/2132	Avg reward: 10.35	Avg steps: 2324
2020-07-23 12:19:25,380	INFO	Total steps: 6383544	Episode: 3540/1700	Avg reward: 10.30	Avg steps: 2176
2020-07-23 12:35:14,288	INFO	Total steps: 6429613	Episode: 3560/2555	Avg reward: 11.10	Avg steps: 2302
2020-07-23 12:50:54,010	INFO	Total steps: 6475933	Episode: 3580/1895	Avg reward: 10.70	Avg steps: 2315
2020-07-23 13:06:46,029	INFO	Total steps: 6522351	Episode: 3600/2251	Avg reward: 9.75	Avg steps: 2319
2020-07-23 13:23:07,152	INFO	Total steps: 6569796	Episode: 3620/2928	Avg reward: 11.75	Avg steps: 2371
2020-07-23 13:38:12,589	INFO	Total steps: 6614139	Episode: 3640/2094	Avg reward: 11.00	Avg steps: 2216
2020-07-23 13:53:16,910	INFO	Total steps: 6658993	Episode: 3660/1706	Avg reward: 9.15	Avg steps: 2241
2020-07-23 14:07:17,918	INFO	Total steps: 6700496	Episode: 3680/2003	Avg reward: 11.90	Avg steps: 2074
2020-07-23 14:22:30,918	INFO	Total steps: 6745272	Episode: 3700/1949	Avg reward: 10.45	Avg steps: 2237
2020-07-23 14:37:58,653	INFO	Total steps: 6789872	Episode: 3720/2395	Avg reward: 10.75	Avg steps: 2229
2020-07-23 14:53:03,263	INFO	Total steps: 6833698	Episode: 3740/1926	Avg reward: 9.90	Avg steps: 2190
2020-07-23 15:08:48,022	INFO	Total steps: 6879928	Episode: 3760/2540	Avg reward: 9.05	Avg steps: 2310
2020-07-23 15:23:38,172	INFO	Total steps: 6923979	Episode: 3780/2776	Avg reward: 10.20	Avg steps: 2201
2020-07-23 15:38:47,511	INFO	Total steps: 6968800	Episode: 3800/1829	Avg reward: 12.10	Avg steps: 2240
2020-07-23 15:54:40,258	INFO	Total steps: 7015848	Episode: 3820/2946	Avg reward: 11.35	Avg steps: 2351
2020-07-23 16:10:43,584	INFO	Total steps: 7062399	Episode: 3840/2554	Avg reward: 10.65	Avg steps: 2326
2020-07-23 16:25:58,315	INFO	Total steps: 7105627	Episode: 3860/2078	Avg reward: 12.65	Avg steps: 2160
2020-07-23 16:42:32,792	INFO	Total steps: 7152298	Episode: 3880/1894	Avg reward: 10.25	Avg steps: 2332
2020-07-23 16:58:57,312	INFO	Total steps: 7200123	Episode: 3900/2709	Avg reward: 10.05	Avg steps: 2390
2020-07-23 17:12:10,443	INFO	Total steps: 7238853	Episode: 3920/2346	Avg reward: 12.45	Avg steps: 1935
2020-07-23 17:27:57,580	INFO	Total steps: 7284574	Episode: 3940/2186	Avg reward: 12.00	Avg steps: 2285
2020-07-23 17:44:07,911	INFO	Total steps: 7331331	Episode: 3960/1915	Avg reward: 12.85	Avg steps: 2336
2020-07-23 17:59:26,674	INFO	Total steps: 7375356	Episode: 3980/1741	Avg reward: 11.85	Avg steps: 2200
2020-07-23 18:14:50,400	INFO	Total steps: 7419968	Episode: 4000/1607	Avg reward: 11.65	Avg steps: 2229
2020-07-23 18:30:28,895	INFO	Total steps: 7465023	Episode: 4020/2627	Avg reward: 10.95	Avg steps: 2251
2020-07-23 18:46:04,967	INFO	Total steps: 7510459	Episode: 4040/2831	Avg reward: 10.90	Avg steps: 2270
2020-07-23 19:01:14,072	INFO	Total steps: 7555276	Episode: 4060/2695	Avg reward: 11.25	Avg steps: 2239
2020-07-23 19:17:00,236	INFO	Total steps: 7600987	Episode: 4080/1964	Avg reward: 12.20	Avg steps: 2284
2020-07-23 19:32:06,887	INFO	Total steps: 7644193	Episode: 4100/2464	Avg reward: 12.25	Avg steps: 2159
2020-07-23 19:48:16,427	INFO	Total steps: 7689738	Episode: 4120/1853	Avg reward: 12.25	Avg steps: 2276
2020-07-23 20:03:22,137	INFO	Total steps: 7732193	Episode: 4140/2053	Avg reward: 12.10	Avg steps: 2121
2020-07-23 20:18:28,262	INFO	Total steps: 7775406	Episode: 4160/2990	Avg reward: 13.70	Avg steps: 2159
2020-07-23 20:34:18,777	INFO	Total steps: 7821299	Episode: 4180/2423	Avg reward: 11.65	Avg steps: 2293
2020-07-23 20:48:56,337	INFO	Total steps: 7865930	Episode: 4200/2846	Avg reward: 12.75	Avg steps: 2230
2020-07-23 21:03:02,200	INFO	Total steps: 7910519	Episode: 4220/1788	Avg reward: 11.90	Avg steps: 2228
2020-07-23 21:16:28,724	INFO	Total steps: 7954076	Episode: 4240/2353	Avg reward: 10.70	Avg steps: 2176
2020-07-23 21:29:37,348	INFO	Total steps: 7996813	Episode: 4260/1746	Avg reward: 11.30	Avg steps: 2135
2020-07-23 21:42:43,858	INFO	Total steps: 8039222	Episode: 4280/1995	Avg reward: 12.85	Avg steps: 2119
2020-07-23 21:55:58,302	INFO	Total steps: 8081409	Episode: 4300/2244	Avg reward: 11.85	Avg steps: 2108
2020-07-23 22:09:48,131	INFO	Total steps: 8125686	Episode: 4320/2613	Avg reward: 11.60	Avg steps: 2212
2020-07-23 22:23:39,480	INFO	Total steps: 8169931	Episode: 4340/2523	Avg reward: 13.00	Avg steps: 2211
2020-07-23 22:37:57,956	INFO	Total steps: 8214809	Episode: 4360/2036	Avg reward: 12.25	Avg steps: 2242
2020-07-23 22:51:51,660	INFO	Total steps: 8259533	Episode: 4380/1893	Avg reward: 13.00	Avg steps: 2235
2020-07-23 23:07:24,557	INFO	Total steps: 8303370	Episode: 4400/2198	Avg reward: 12.55	Avg steps: 2190
2020-07-23 23:22:15,807	INFO	Total steps: 8345501	Episode: 4420/2530	Avg reward: 13.25	Avg steps: 2105
2020-07-23 23:36:16,781	INFO	Total steps: 8389735	Episode: 4440/2037	Avg reward: 11.75	Avg steps: 2210
2020-07-23 23:50:47,525	INFO	Total steps: 8434533	Episode: 4460/1953	Avg reward: 11.95	Avg steps: 2238
2020-07-24 00:05:51,735	INFO	Total steps: 8481947	Episode: 4480/3023	Avg reward: 12.95	Avg steps: 2369
2020-07-24 00:19:16,489	INFO	Total steps: 8524440	Episode: 4500/2360	Avg reward: 13.40	Avg steps: 2123
2020-07-24 00:33:56,259	INFO	Total steps: 8567769	Episode: 4520/2288	Avg reward: 11.75	Avg steps: 2165
2020-07-24 00:48:44,264	INFO	Total steps: 8613433	Episode: 4540/1664	Avg reward: 12.10	Avg steps: 2282
2020-07-24 01:03:13,459	INFO	Total steps: 8655648	Episode: 4560/1737	Avg reward: 13.50	Avg steps: 2109
2020-07-24 01:18:22,177	INFO	Total steps: 8696859	Episode: 4580/1983	Avg reward: 13.20	Avg steps: 2059
2020-07-24 01:33:03,244	INFO	Total steps: 8740184	Episode: 4600/2152	Avg reward: 10.90	Avg steps: 2165
2020-07-24 01:47:43,889	INFO	Total steps: 8782348	Episode: 4620/1580	Avg reward: 12.45	Avg steps: 2107
2020-07-24 02:00:47,567	INFO	Total steps: 8823708	Episode: 4640/2122	Avg reward: 11.10	Avg steps: 2067
2020-07-24 02:16:30,541	INFO	Total steps: 8870164	Episode: 4660/2206	Avg reward: 11.85	Avg steps: 2321
2020-07-24 02:32:14,962	INFO	Total steps: 8914796	Episode: 4680/2214	Avg reward: 13.05	Avg steps: 2230
2020-07-24 02:47:33,524	INFO	Total steps: 8958181	Episode: 4700/1945	Avg reward: 13.45	Avg steps: 2168
2020-07-24 03:02:44,342	INFO	Total steps: 9002206	Episode: 4720/1858	Avg reward: 11.85	Avg steps: 2200
2020-07-24 03:16:34,656	INFO	Total steps: 9045057	Episode: 4740/1951	Avg reward: 12.85	Avg steps: 2141
2020-07-24 03:30:59,401	INFO	Total steps: 9086882	Episode: 4760/1886	Avg reward: 13.05	Avg steps: 2090
2020-07-24 03:45:08,498	INFO	Total steps: 9129846	Episode: 4780/2202	Avg reward: 13.90	Avg steps: 2147
2020-07-24 03:59:28,904	INFO	Total steps: 9173327	Episode: 4800/2223	Avg reward: 13.00	Avg steps: 2173
2020-07-24 04:12:30,714	INFO	Total steps: 9212805	Episode: 4820/1973	Avg reward: 14.15	Avg steps: 1972
2020-07-24 04:26:35,948	INFO	Total steps: 9256340	Episode: 4840/2095	Avg reward: 13.75	Avg steps: 2175
2020-07-24 04:41:52,186	INFO	Total steps: 9300919	Episode: 4860/2211	Avg reward: 12.00	Avg steps: 2227
2020-07-24 04:57:52,212	INFO	Total steps: 9347983	Episode: 4880/2549	Avg reward: 12.60	Avg steps: 2352
2020-07-24 05:12:17,683	INFO	Total steps: 9392257	Episode: 4900/2350	Avg reward: 13.35	Avg steps: 2212
2020-07-24 05:27:25,961	INFO	Total steps: 9436052	Episode: 4920/2351	Avg reward: 13.45	Avg steps: 2188
2020-07-24 05:44:22,629	INFO	Total steps: 9482908	Episode: 4940/2339	Avg reward: 12.50	Avg steps: 2341
2020-07-24 05:59:29,463	INFO	Total steps: 9524610	Episode: 4960/1605	Avg reward: 14.55	Avg steps: 2084
2020-07-24 06:15:52,034	INFO	Total steps: 9570432	Episode: 4980/2887	Avg reward: 11.70	Avg steps: 2290
2020-07-24 06:31:41,462	INFO	Total steps: 9615857	Episode: 5000/2245	Avg reward: 12.50	Avg steps: 2270
2020-07-24 06:46:44,244	INFO	Total steps: 9659025	Episode: 5020/2328	Avg reward: 13.55	Avg steps: 2157
2020-07-24 07:00:48,970	INFO	Total steps: 9699528	Episode: 5040/2240	Avg reward: 13.60	Avg steps: 2024
2020-07-24 07:16:15,666	INFO	Total steps: 9743878	Episode: 5060/1993	Avg reward: 12.15	Avg steps: 2216
2020-07-24 07:31:14,313	INFO	Total steps: 9786941	Episode: 5080/2232	Avg reward: 12.85	Avg steps: 2152
2020-07-24 07:46:59,081	INFO	Total steps: 9831533	Episode: 5100/2418	Avg reward: 13.10	Avg steps: 2228
2020-07-24 08:03:14,223	INFO	Total steps: 9876697	Episode: 5120/2430	Avg reward: 13.25	Avg steps: 2257
2020-07-24 08:19:16,594	INFO	Total steps: 9921347	Episode: 5140/2502	Avg reward: 12.20	Avg steps: 2231
2020-07-24 08:36:05,294	INFO	Total steps: 9968004	Episode: 5160/3294	Avg reward: 11.40	Avg steps: 2331
2020-07-24 08:52:27,505	INFO	Total steps: 10013810	Episode: 5180/2153	Avg reward: 13.55	Avg steps: 2289
2020-07-24 09:08:25,358	INFO	Total steps: 10057918	Episode: 5200/2067	Avg reward: 12.90	Avg steps: 2204
2020-07-24 09:24:43,204	INFO	Total steps: 10102829	Episode: 5220/2973	Avg reward: 13.40	Avg steps: 2244
2020-07-24 09:40:32,220	INFO	Total steps: 10145319	Episode: 5240/2335	Avg reward: 13.25	Avg steps: 2123
2020-07-24 09:57:26,774	INFO	Total steps: 10191420	Episode: 5260/2139	Avg reward: 13.60	Avg steps: 2304
2020-07-24 10:13:20,764	INFO	Total steps: 10234857	Episode: 5280/2667	Avg reward: 12.75	Avg steps: 2170
2020-07-24 10:29:34,266	INFO	Total steps: 10278486	Episode: 5300/2129	Avg reward: 12.60	Avg steps: 2180
2020-07-24 10:45:20,587	INFO	Total steps: 10320951	Episode: 5320/1718	Avg reward: 12.95	Avg steps: 2122
2020-07-24 11:00:38,369	INFO	Total steps: 10361537	Episode: 5340/2213	Avg reward: 14.65	Avg steps: 2028
2020-07-24 11:16:10,490	INFO	Total steps: 10403140	Episode: 5360/1845	Avg reward: 12.60	Avg steps: 2079
2020-07-24 11:32:53,499	INFO	Total steps: 10447426	Episode: 5380/1900	Avg reward: 12.70	Avg steps: 2213
2020-07-24 11:49:55,998	INFO	Total steps: 10493227	Episode: 5400/2171	Avg reward: 13.20	Avg steps: 2289
2020-07-24 12:05:45,506	INFO	Total steps: 10535774	Episode: 5420/2115	Avg reward: 14.45	Avg steps: 2126
2020-07-24 12:22:15,539	INFO	Total steps: 10581108	Episode: 5440/2481	Avg reward: 12.25	Avg steps: 2265
2020-07-24 12:37:54,651	INFO	Total steps: 10623571	Episode: 5460/1469	Avg reward: 14.25	Avg steps: 2122
2020-07-24 12:54:00,221	INFO	Total steps: 10667841	Episode: 5480/2258	Avg reward: 13.15	Avg steps: 2212
2020-07-24 13:07:58,882	INFO	Total steps: 10708262	Episode: 5500/1754	Avg reward: 14.15	Avg steps: 2020
2020-07-24 13:22:31,522	INFO	Total steps: 10749899	Episode: 5520/1850	Avg reward: 13.60	Avg steps: 2080
2020-07-24 13:39:03,581	INFO	Total steps: 10798013	Episode: 5540/2483	Avg reward: 11.30	Avg steps: 2404
2020-07-24 13:53:52,178	INFO	Total steps: 10840791	Episode: 5560/2171	Avg reward: 11.90	Avg steps: 2137
2020-07-24 14:09:37,278	INFO	Total steps: 10886152	Episode: 5580/2145	Avg reward: 12.40	Avg steps: 2267
2020-07-24 14:25:51,353	INFO	Total steps: 10932201	Episode: 5600/1776	Avg reward: 11.30	Avg steps: 2301
2020-07-24 14:41:44,704	INFO	Total steps: 10976369	Episode: 5620/2059	Avg reward: 12.25	Avg steps: 2207
2020-07-24 14:56:41,906	INFO	Total steps: 11018502	Episode: 5640/2426	Avg reward: 14.60	Avg steps: 2105
2020-07-24 15:11:51,364	INFO	Total steps: 11061029	Episode: 5660/2042	Avg reward: 13.10	Avg steps: 2125
2020-07-24 15:26:39,059	INFO	Total steps: 11103739	Episode: 5680/1803	Avg reward: 13.60	Avg steps: 2134
2020-07-24 15:43:16,270	INFO	Total steps: 11151276	Episode: 5700/2263	Avg reward: 12.15	Avg steps: 2375
2020-07-24 15:57:50,789	INFO	Total steps: 11192651	Episode: 5720/1659	Avg reward: 12.80	Avg steps: 2067
2020-07-24 16:12:58,776	INFO	Total steps: 11236070	Episode: 5740/2067	Avg reward: 12.35	Avg steps: 2169
2020-07-24 16:29:05,846	INFO	Total steps: 11280643	Episode: 5760/2139	Avg reward: 11.90	Avg steps: 2227
2020-07-24 16:46:01,094	INFO	Total steps: 11326620	Episode: 5780/2359	Avg reward: 12.45	Avg steps: 2297
2020-07-24 17:02:57,958	INFO	Total steps: 11372011	Episode: 5800/1852	Avg reward: 12.70	Avg steps: 2268
2020-07-24 17:17:55,666	INFO	Total steps: 11411857	Episode: 5820/1878	Avg reward: 15.15	Avg steps: 1991
2020-07-24 17:33:31,038	INFO	Total steps: 11453956	Episode: 5840/2218	Avg reward: 14.30	Avg steps: 2103
2020-07-24 17:48:14,289	INFO	Total steps: 11493195	Episode: 5860/1698	Avg reward: 12.95	Avg steps: 1960
2020-07-24 18:03:21,365	INFO	Total steps: 11534359	Episode: 5880/2640	Avg reward: 13.55	Avg steps: 2057
2020-07-24 18:18:26,144	INFO	Total steps: 11575829	Episode: 5900/1905	Avg reward: 14.30	Avg steps: 2072
2020-07-24 18:34:35,991	INFO	Total steps: 11621344	Episode: 5920/1786	Avg reward: 12.70	Avg steps: 2274
2020-07-24 18:48:51,185	INFO	Total steps: 11665789	Episode: 5940/1808	Avg reward: 13.35	Avg steps: 2221
2020-07-24 19:03:36,277	INFO	Total steps: 11710397	Episode: 5960/1922	Avg reward: 11.80	Avg steps: 2229
2020-07-24 19:16:57,240	INFO	Total steps: 11751547	Episode: 5980/2112	Avg reward: 14.00	Avg steps: 2056
2020-07-24 19:31:11,597	INFO	Total steps: 11794369	Episode: 6000/1824	Avg reward: 13.55	Avg steps: 2140
2020-07-24 19:45:05,197	INFO	Total steps: 11837916	Episode: 6020/1992	Avg reward: 13.60	Avg steps: 2176
2020-07-24 19:59:02,038	INFO	Total steps: 11881326	Episode: 6040/2007	Avg reward: 13.80	Avg steps: 2169
2020-07-24 20:12:56,552	INFO	Total steps: 11923796	Episode: 6060/1840	Avg reward: 13.25	Avg steps: 2122
2020-07-24 20:27:06,282	INFO	Total steps: 11967064	Episode: 6080/2890	Avg reward: 14.40	Avg steps: 2162
2020-07-24 20:41:20,856	INFO	Total steps: 12011685	Episode: 6100/1988	Avg reward: 13.90	Avg steps: 2230
2020-07-24 20:56:20,208	INFO	Total steps: 12057500	Episode: 6120/2297	Avg reward: 12.30	Avg steps: 2289
2020-07-24 21:09:25,966	INFO	Total steps: 12097918	Episode: 6140/2195	Avg reward: 13.60	Avg steps: 2019
2020-07-24 21:23:06,733	INFO	Total steps: 12140363	Episode: 6160/1833	Avg reward: 13.95	Avg steps: 2121
2020-07-24 21:36:39,570	INFO	Total steps: 12182662	Episode: 6180/2169	Avg reward: 13.25	Avg steps: 2113
2020-07-24 21:49:47,336	INFO	Total steps: 12223967	Episode: 6200/1655	Avg reward: 13.85	Avg steps: 2064
2020-07-24 22:03:55,972	INFO	Total steps: 12267319	Episode: 6220/2431	Avg reward: 13.60	Avg steps: 2166
2020-07-24 22:15:41,902	INFO	Total steps: 12304495	Episode: 6240/1899	Avg reward: 14.95	Avg steps: 1857
2020-07-24 22:29:23,976	INFO	Total steps: 12347278	Episode: 6260/2197	Avg reward: 13.10	Avg steps: 2138
2020-07-24 22:44:31,321	INFO	Total steps: 12393913	Episode: 6280/2458	Avg reward: 12.10	Avg steps: 2330
2020-07-24 22:57:20,703	INFO	Total steps: 12433763	Episode: 6300/1785	Avg reward: 13.60	Avg steps: 1991
2020-07-24 23:11:20,956	INFO	Total steps: 12477754	Episode: 6320/2049	Avg reward: 12.30	Avg steps: 2198
2020-07-24 23:24:24,262	INFO	Total steps: 12518268	Episode: 6340/1650	Avg reward: 14.00	Avg steps: 2024
2020-07-24 23:38:10,400	INFO	Total steps: 12560301	Episode: 6360/2239	Avg reward: 14.15	Avg steps: 2100
2020-07-24 23:50:52,743	INFO	Total steps: 12600397	Episode: 6380/1871	Avg reward: 13.35	Avg steps: 2003
2020-07-25 00:04:32,757	INFO	Total steps: 12643495	Episode: 6400/2813	Avg reward: 13.30	Avg steps: 2153
2020-07-25 00:18:27,998	INFO	Total steps: 12685982	Episode: 6420/1602	Avg reward: 13.35	Avg steps: 2123
2020-07-25 00:32:08,816	INFO	Total steps: 12728613	Episode: 6440/2576	Avg reward: 13.40	Avg steps: 2130
2020-07-25 00:46:02,806	INFO	Total steps: 12771497	Episode: 6460/2202	Avg reward: 12.60	Avg steps: 2143
2020-07-25 01:03:36,960	INFO	Total steps: 12816047	Episode: 6480/2641	Avg reward: 14.15	Avg steps: 2226
2020-07-25 01:19:29,010	INFO	Total steps: 12856323	Episode: 6500/1894	Avg reward: 13.75	Avg steps: 2012
2020-07-25 01:36:48,135	INFO	Total steps: 12899450	Episode: 6520/1671	Avg reward: 13.45	Avg steps: 2155
2020-07-25 01:54:06,533	INFO	Total steps: 12942382	Episode: 6540/1864	Avg reward: 14.35	Avg steps: 2145
2020-07-25 02:10:16,055	INFO	Total steps: 12982857	Episode: 6560/1640	Avg reward: 14.05	Avg steps: 2022
2020-07-25 02:27:06,401	INFO	Total steps: 13025012	Episode: 6580/2218	Avg reward: 14.85	Avg steps: 2106
2020-07-25 02:45:09,012	INFO	Total steps: 13070143	Episode: 6600/2177	Avg reward: 13.95	Avg steps: 2255
2020-07-25 03:01:42,076	INFO	Total steps: 13111059	Episode: 6620/1937	Avg reward: 14.65	Avg steps: 2044
2020-07-25 03:19:04,389	INFO	Total steps: 13154050	Episode: 6640/2263	Avg reward: 14.85	Avg steps: 2148
2020-07-25 03:37:01,340	INFO	Total steps: 13198415	Episode: 6660/1914	Avg reward: 13.90	Avg steps: 2217
2020-07-25 03:55:16,387	INFO	Total steps: 13243329	Episode: 6680/1981	Avg reward: 13.40	Avg steps: 2244
2020-07-25 04:11:40,965	INFO	Total steps: 13284056	Episode: 6700/2340	Avg reward: 14.35	Avg steps: 2035
2020-07-25 04:29:00,929	INFO	Total steps: 13326462	Episode: 6720/2604	Avg reward: 13.35	Avg steps: 2119
2020-07-25 04:45:55,306	INFO	Total steps: 13367885	Episode: 6740/3205	Avg reward: 14.35	Avg steps: 2070
2020-07-25 05:03:39,881	INFO	Total steps: 13412572	Episode: 6760/2050	Avg reward: 14.40	Avg steps: 2233
2020-07-25 05:20:42,589	INFO	Total steps: 13454736	Episode: 6780/2245	Avg reward: 13.90	Avg steps: 2107
2020-07-25 05:37:45,233	INFO	Total steps: 13497339	Episode: 6800/1995	Avg reward: 14.90	Avg steps: 2129
2020-07-25 05:54:12,229	INFO	Total steps: 13538734	Episode: 6820/2212	Avg reward: 14.50	Avg steps: 2068
2020-07-25 06:10:47,434	INFO	Total steps: 13579819	Episode: 6840/1822	Avg reward: 14.60	Avg steps: 2053
2020-07-25 06:27:20,129	INFO	Total steps: 13621912	Episode: 6860/2248	Avg reward: 13.70	Avg steps: 2103
2020-07-25 06:44:28,370	INFO	Total steps: 13664265	Episode: 6880/2361	Avg reward: 15.00	Avg steps: 2116
2020-07-25 07:01:03,870	INFO	Total steps: 13705154	Episode: 6900/2803	Avg reward: 13.60	Avg steps: 2043
2020-07-25 07:17:31,432	INFO	Total steps: 13746852	Episode: 6920/2133	Avg reward: 14.20	Avg steps: 2083
2020-07-25 07:34:52,909	INFO	Total steps: 13789227	Episode: 6940/2188	Avg reward: 13.75	Avg steps: 2117
2020-07-25 07:53:28,337	INFO	Total steps: 13834933	Episode: 6960/2497	Avg reward: 13.45	Avg steps: 2284
2020-07-25 08:10:18,834	INFO	Total steps: 13876519	Episode: 6980/2085	Avg reward: 14.10	Avg steps: 2078
2020-07-25 08:27:51,414	INFO	Total steps: 13919572	Episode: 7000/2029	Avg reward: 13.15	Avg steps: 2151
2020-07-25 08:45:02,550	INFO	Total steps: 13962637	Episode: 7020/2334	Avg reward: 12.45	Avg steps: 2152
2020-07-25 09:03:41,072	INFO	Total steps: 14008482	Episode: 7040/1823	Avg reward: 13.40	Avg steps: 2291
2020-07-25 09:20:17,733	INFO	Total steps: 14049691	Episode: 7060/2146	Avg reward: 14.80	Avg steps: 2059
2020-07-25 09:36:36,537	INFO	Total steps: 14089116	Episode: 7080/1987	Avg reward: 14.70	Avg steps: 1970
2020-07-25 09:53:21,213	INFO	Total steps: 14130974	Episode: 7100/2096	Avg reward: 14.00	Avg steps: 2091
2020-07-25 10:11:25,488	INFO	Total steps: 14175608	Episode: 7120/1739	Avg reward: 13.05	Avg steps: 2230
2020-07-25 10:29:27,263	INFO	Total steps: 14220487	Episode: 7140/2716	Avg reward: 14.05	Avg steps: 2242
2020-07-25 10:47:20,591	INFO	Total steps: 14266095	Episode: 7160/1645	Avg reward: 14.00	Avg steps: 2279
2020-07-25 11:04:45,912	INFO	Total steps: 14309942	Episode: 7180/1971	Avg reward: 14.20	Avg steps: 2191
2020-07-25 11:21:59,636	INFO	Total steps: 14354481	Episode: 7200/1906	Avg reward: 14.00	Avg steps: 2225
2020-07-25 11:37:47,831	INFO	Total steps: 14394687	Episode: 7220/1683	Avg reward: 14.20	Avg steps: 2009
2020-07-25 11:55:18,360	INFO	Total steps: 14438703	Episode: 7240/2278	Avg reward: 13.25	Avg steps: 2199
2020-07-25 12:13:54,876	INFO	Total steps: 14485065	Episode: 7260/1852	Avg reward: 13.90	Avg steps: 2317
2020-07-25 12:30:25,657	INFO	Total steps: 14526024	Episode: 7280/1619	Avg reward: 16.05	Avg steps: 2046
2020-07-25 12:48:16,869	INFO	Total steps: 14570589	Episode: 7300/3023	Avg reward: 14.20	Avg steps: 2227
2020-07-25 13:05:56,890	INFO	Total steps: 14615049	Episode: 7320/2141	Avg reward: 13.80	Avg steps: 2222
2020-07-25 13:24:15,628	INFO	Total steps: 14661133	Episode: 7340/2217	Avg reward: 14.50	Avg steps: 2303
2020-07-25 13:41:05,127	INFO	Total steps: 14703988	Episode: 7360/2118	Avg reward: 14.40	Avg steps: 2141
2020-07-25 13:57:49,053	INFO	Total steps: 14747504	Episode: 7380/2631	Avg reward: 14.40	Avg steps: 2174
2020-07-25 14:15:56,311	INFO	Total steps: 14793740	Episode: 7400/1999	Avg reward: 12.90	Avg steps: 2310
2020-07-25 14:33:20,491	INFO	Total steps: 14837896	Episode: 7420/2670	Avg reward: 14.10	Avg steps: 2206
2020-07-25 14:50:04,082	INFO	Total steps: 14880211	Episode: 7440/2118	Avg reward: 14.90	Avg steps: 2114
2020-07-25 15:07:18,758	INFO	Total steps: 14923751	Episode: 7460/2371	Avg reward: 15.45	Avg steps: 2176
2020-07-25 15:24:17,160	INFO	Total steps: 14967511	Episode: 7480/1915	Avg reward: 13.95	Avg steps: 2187
2020-07-25 15:42:03,816	INFO	Total steps: 15013071	Episode: 7500/2335	Avg reward: 14.10	Avg steps: 2277
2020-07-25 15:57:49,788	INFO	Total steps: 15053582	Episode: 7520/1770	Avg reward: 14.90	Avg steps: 2024
2020-07-25 16:14:07,335	INFO	Total steps: 15095211	Episode: 7540/2189	Avg reward: 14.20	Avg steps: 2080
2020-07-25 16:30:57,593	INFO	Total steps: 15138432	Episode: 7560/2136	Avg reward: 13.15	Avg steps: 2160
2020-07-25 16:48:08,446	INFO	Total steps: 15182454	Episode: 7580/2594	Avg reward: 15.15	Avg steps: 2200
2020-07-25 17:06:06,234	INFO	Total steps: 15227554	Episode: 7600/1348	Avg reward: 13.90	Avg steps: 2254
2020-07-25 17:22:04,493	INFO	Total steps: 15268493	Episode: 7620/2554	Avg reward: 13.80	Avg steps: 2045
2020-07-25 17:39:10,403	INFO	Total steps: 15312107	Episode: 7640/2368	Avg reward: 13.60	Avg steps: 2179
2020-07-25 17:57:03,749	INFO	Total steps: 15358092	Episode: 7660/1823	Avg reward: 13.70	Avg steps: 2298
2020-07-25 18:14:08,652	INFO	Total steps: 15402008	Episode: 7680/2041	Avg reward: 14.25	Avg steps: 2194
2020-07-25 18:30:44,939	INFO	Total steps: 15444719	Episode: 7700/2124	Avg reward: 13.90	Avg steps: 2134
2020-07-25 18:47:59,468	INFO	Total steps: 15488560	Episode: 7720/2660	Avg reward: 14.60	Avg steps: 2191
2020-07-25 19:04:03,714	INFO	Total steps: 15529613	Episode: 7740/2407	Avg reward: 12.95	Avg steps: 2051
2020-07-25 19:22:32,470	INFO	Total steps: 15576083	Episode: 7760/2860	Avg reward: 14.05	Avg steps: 2322
2020-07-25 19:39:54,469	INFO	Total steps: 15619953	Episode: 7780/1765	Avg reward: 14.30	Avg steps: 2192
2020-07-25 19:57:15,302	INFO	Total steps: 15663066	Episode: 7800/2051	Avg reward: 13.95	Avg steps: 2154
2020-07-25 20:15:09,965	INFO	Total steps: 15707716	Episode: 7820/1663	Avg reward: 13.55	Avg steps: 2231
2020-07-25 20:32:13,293	INFO	Total steps: 15750285	Episode: 7840/1696	Avg reward: 14.25	Avg steps: 2127
2020-07-25 20:50:32,868	INFO	Total steps: 15796744	Episode: 7860/1735	Avg reward: 14.05	Avg steps: 2321
2020-07-25 21:06:32,995	INFO	Total steps: 15838412	Episode: 7880/1945	Avg reward: 16.00	Avg steps: 2082
2020-07-25 21:23:57,378	INFO	Total steps: 15883517	Episode: 7900/1947	Avg reward: 13.65	Avg steps: 2254
2020-07-25 21:41:39,202	INFO	Total steps: 15929887	Episode: 7920/2679	Avg reward: 12.85	Avg steps: 2317
2020-07-25 21:58:26,085	INFO	Total steps: 15975690	Episode: 7940/1843	Avg reward: 14.45	Avg steps: 2289
2020-07-25 22:13:28,852	INFO	Total steps: 16018545	Episode: 7960/2130	Avg reward: 14.60	Avg steps: 2141
2020-07-25 22:28:51,938	INFO	Total steps: 16061949	Episode: 7980/2234	Avg reward: 14.85	Avg steps: 2169
2020-07-25 22:43:03,812	INFO	Total steps: 16102456	Episode: 8000/1725	Avg reward: 15.50	Avg steps: 2024
