2020-07-01 22:24:21,488	INFO	--width 160 --height 160 --ball 1.0 --ball-size 2.0 --snell 1.0 --snell-width 40.0 --snell-change 0.0 --snell-visible none --paddle-speed 1.0 --paddle-angle 89.0 --paddle-length 40.0 --update-prob 0.3 --state binary --learning-rate 0.0001 --network dqn_pong_model --render False --epsdecay 1000 --episodes 4000 --replay 10000 --checkpoint dqn_pong_model --history history.p --store-dir ../experiments/snell_width.40.0-paddle_length.40.0-paddle_angle.89.0-update_prob.0.3 
2020-07-01 22:24:21,489	INFO	Device: cuda
2020-07-01 22:32:28,680	INFO	Total steps: 22765	Episode: 20/1821	Avg reward: -18.20	Avg steps: 1137
2020-07-01 22:45:04,725	INFO	Total steps: 45261	Episode: 40/1015	Avg reward: -18.10	Avg steps: 1123
2020-07-01 22:58:58,652	INFO	Total steps: 70173	Episode: 60/1153	Avg reward: -16.70	Avg steps: 1244
2020-07-01 23:13:02,423	INFO	Total steps: 95507	Episode: 80/929	Avg reward: -17.25	Avg steps: 1265
2020-07-01 23:26:02,947	INFO	Total steps: 121969	Episode: 100/1533	Avg reward: -16.95	Avg steps: 1322
2020-07-01 23:38:31,088	INFO	Total steps: 147739	Episode: 120/1004	Avg reward: -17.05	Avg steps: 1287
2020-07-01 23:51:04,554	INFO	Total steps: 175380	Episode: 140/2342	Avg reward: -16.75	Avg steps: 1381
2020-07-02 00:03:55,459	INFO	Total steps: 204571	Episode: 160/1339	Avg reward: -15.90	Avg steps: 1458
2020-07-02 00:16:07,179	INFO	Total steps: 232916	Episode: 180/1365	Avg reward: -16.30	Avg steps: 1416
2020-07-02 00:28:55,230	INFO	Total steps: 261427	Episode: 200/1752	Avg reward: -16.35	Avg steps: 1424
2020-07-02 00:41:57,709	INFO	Total steps: 288293	Episode: 220/1005	Avg reward: -16.60	Avg steps: 1342
2020-07-02 00:56:40,834	INFO	Total steps: 318870	Episode: 240/1427	Avg reward: -15.15	Avg steps: 1527
2020-07-02 01:12:21,865	INFO	Total steps: 351688	Episode: 260/1913	Avg reward: -14.35	Avg steps: 1639
2020-07-02 01:30:43,515	INFO	Total steps: 391610	Episode: 280/1523	Avg reward: -12.80	Avg steps: 1995
2020-07-02 01:47:18,807	INFO	Total steps: 426710	Episode: 300/2132	Avg reward: -13.70	Avg steps: 1754
2020-07-02 02:04:45,039	INFO	Total steps: 463092	Episode: 320/1824	Avg reward: -14.45	Avg steps: 1818
2020-07-02 02:22:18,831	INFO	Total steps: 500243	Episode: 340/1700	Avg reward: -13.50	Avg steps: 1856
2020-07-02 02:38:45,934	INFO	Total steps: 535718	Episode: 360/1246	Avg reward: -13.15	Avg steps: 1772
2020-07-02 02:55:16,911	INFO	Total steps: 571826	Episode: 380/2366	Avg reward: -12.90	Avg steps: 1804
2020-07-02 03:16:22,983	INFO	Total steps: 617588	Episode: 400/1464	Avg reward: -10.15	Avg steps: 2287
2020-07-02 03:37:37,836	INFO	Total steps: 663796	Episode: 420/2773	Avg reward: -11.25	Avg steps: 2309
2020-07-02 03:59:20,906	INFO	Total steps: 710959	Episode: 440/2158	Avg reward: -8.35	Avg steps: 2357
2020-07-02 04:21:37,696	INFO	Total steps: 758259	Episode: 460/2370	Avg reward: -8.75	Avg steps: 2364
2020-07-02 04:42:34,586	INFO	Total steps: 804436	Episode: 480/2586	Avg reward: -8.70	Avg steps: 2307
2020-07-02 05:05:16,988	INFO	Total steps: 854234	Episode: 500/2732	Avg reward: -7.25	Avg steps: 2488
2020-07-02 05:28:54,966	INFO	Total steps: 905291	Episode: 520/3020	Avg reward: -5.40	Avg steps: 2551
2020-07-02 05:52:11,734	INFO	Total steps: 958300	Episode: 540/1653	Avg reward: -5.55	Avg steps: 2649
2020-07-02 06:14:25,987	INFO	Total steps: 1007910	Episode: 560/2190	Avg reward: -3.90	Avg steps: 2479
2020-07-02 06:39:43,280	INFO	Total steps: 1064362	Episode: 580/2362	Avg reward: -4.35	Avg steps: 2821
2020-07-02 07:03:35,274	INFO	Total steps: 1118102	Episode: 600/2632	Avg reward: -1.80	Avg steps: 2686
2020-07-02 07:27:43,833	INFO	Total steps: 1172488	Episode: 620/1915	Avg reward: -3.60	Avg steps: 2718
2020-07-02 07:52:12,912	INFO	Total steps: 1226861	Episode: 640/3165	Avg reward: -0.30	Avg steps: 2717
2020-07-02 08:19:45,353	INFO	Total steps: 1286735	Episode: 660/1843	Avg reward: -2.40	Avg steps: 2992
2020-07-02 08:46:25,037	INFO	Total steps: 1344943	Episode: 680/2755	Avg reward: 0.75	Avg steps: 2909
2020-07-02 09:13:52,709	INFO	Total steps: 1404270	Episode: 700/2930	Avg reward: 0.55	Avg steps: 2965
2020-07-02 09:39:23,974	INFO	Total steps: 1462800	Episode: 720/2403	Avg reward: 1.05	Avg steps: 2925
2020-07-02 10:04:40,346	INFO	Total steps: 1519574	Episode: 740/2659	Avg reward: 6.00	Avg steps: 2837
2020-07-02 10:34:37,459	INFO	Total steps: 1582717	Episode: 760/3726	Avg reward: 5.20	Avg steps: 3156
2020-07-02 11:01:00,380	INFO	Total steps: 1638580	Episode: 780/2212	Avg reward: 6.85	Avg steps: 2792
2020-07-02 11:28:23,852	INFO	Total steps: 1696178	Episode: 800/2698	Avg reward: 4.15	Avg steps: 2878
2020-07-02 11:56:19,261	INFO	Total steps: 1754744	Episode: 820/3181	Avg reward: 7.45	Avg steps: 2927
2020-07-02 12:23:02,546	INFO	Total steps: 1811283	Episode: 840/2364	Avg reward: 4.15	Avg steps: 2825
2020-07-02 12:50:24,018	INFO	Total steps: 1869000	Episode: 860/3547	Avg reward: 6.50	Avg steps: 2884
2020-07-02 13:16:40,128	INFO	Total steps: 1923501	Episode: 880/2301	Avg reward: 7.80	Avg steps: 2724
2020-07-02 13:43:06,929	INFO	Total steps: 1978779	Episode: 900/3388	Avg reward: 8.35	Avg steps: 2762
2020-07-02 14:08:56,169	INFO	Total steps: 2033002	Episode: 920/2547	Avg reward: 8.10	Avg steps: 2710
2020-07-02 14:33:25,387	INFO	Total steps: 2084166	Episode: 940/2443	Avg reward: 8.50	Avg steps: 2557
2020-07-02 15:00:20,618	INFO	Total steps: 2140760	Episode: 960/2395	Avg reward: 8.80	Avg steps: 2828
2020-07-02 15:26:24,297	INFO	Total steps: 2195882	Episode: 980/2339	Avg reward: 9.25	Avg steps: 2755
2020-07-02 15:50:51,865	INFO	Total steps: 2247506	Episode: 1000/2518	Avg reward: 10.65	Avg steps: 2580
2020-07-02 16:16:42,490	INFO	Total steps: 2301802	Episode: 1020/2893	Avg reward: 9.95	Avg steps: 2713
2020-07-02 16:41:51,068	INFO	Total steps: 2354643	Episode: 1040/3158	Avg reward: 9.40	Avg steps: 2641
2020-07-02 17:07:41,003	INFO	Total steps: 2408880	Episode: 1060/2801	Avg reward: 9.70	Avg steps: 2710
2020-07-02 17:32:13,489	INFO	Total steps: 2460162	Episode: 1080/2511	Avg reward: 12.30	Avg steps: 2563
2020-07-02 17:57:27,072	INFO	Total steps: 2512312	Episode: 1100/2566	Avg reward: 12.10	Avg steps: 2606
2020-07-02 18:20:12,130	INFO	Total steps: 2559192	Episode: 1120/2385	Avg reward: 13.30	Avg steps: 2343
2020-07-02 18:43:33,220	INFO	Total steps: 2607438	Episode: 1140/1885	Avg reward: 13.20	Avg steps: 2411
2020-07-02 19:08:31,548	INFO	Total steps: 2659951	Episode: 1160/2560	Avg reward: 13.10	Avg steps: 2624
2020-07-02 19:31:55,613	INFO	Total steps: 2709198	Episode: 1180/2733	Avg reward: 14.50	Avg steps: 2461
2020-07-02 19:55:23,163	INFO	Total steps: 2758270	Episode: 1200/2650	Avg reward: 15.45	Avg steps: 2452
2020-07-02 20:18:29,611	INFO	Total steps: 2806364	Episode: 1220/2532	Avg reward: 14.55	Avg steps: 2403
2020-07-02 20:43:12,920	INFO	Total steps: 2857671	Episode: 1240/2818	Avg reward: 14.15	Avg steps: 2564
2020-07-02 21:06:04,667	INFO	Total steps: 2905625	Episode: 1260/2757	Avg reward: 15.55	Avg steps: 2396
2020-07-02 21:27:45,972	INFO	Total steps: 2951283	Episode: 1280/2211	Avg reward: 15.00	Avg steps: 2281
2020-07-02 21:49:49,021	INFO	Total steps: 2996994	Episode: 1300/2216	Avg reward: 15.75	Avg steps: 2284
2020-07-02 22:12:00,038	INFO	Total steps: 3043009	Episode: 1320/3036	Avg reward: 15.10	Avg steps: 2299
2020-07-02 22:33:28,393	INFO	Total steps: 3087789	Episode: 1340/2594	Avg reward: 14.70	Avg steps: 2238
2020-07-02 22:55:22,251	INFO	Total steps: 3133212	Episode: 1360/3157	Avg reward: 14.90	Avg steps: 2270
2020-07-02 23:18:19,881	INFO	Total steps: 3181007	Episode: 1380/2948	Avg reward: 14.70	Avg steps: 2388
2020-07-02 23:39:42,034	INFO	Total steps: 3225735	Episode: 1400/2244	Avg reward: 14.90	Avg steps: 2235
2020-07-03 00:01:05,645	INFO	Total steps: 3270193	Episode: 1420/2797	Avg reward: 16.15	Avg steps: 2221
2020-07-03 00:23:30,100	INFO	Total steps: 3316334	Episode: 1440/2214	Avg reward: 15.40	Avg steps: 2306
2020-07-03 00:45:58,926	INFO	Total steps: 3363116	Episode: 1460/1924	Avg reward: 16.55	Avg steps: 2338
2020-07-03 01:06:45,948	INFO	Total steps: 3406597	Episode: 1480/2199	Avg reward: 16.70	Avg steps: 2173
2020-07-03 01:28:16,161	INFO	Total steps: 3451542	Episode: 1500/1813	Avg reward: 16.10	Avg steps: 2246
2020-07-03 01:50:18,703	INFO	Total steps: 3496563	Episode: 1520/2763	Avg reward: 16.00	Avg steps: 2250
2020-07-03 02:11:25,168	INFO	Total steps: 3540828	Episode: 1540/2126	Avg reward: 15.65	Avg steps: 2212
2020-07-03 02:33:11,005	INFO	Total steps: 3587091	Episode: 1560/2271	Avg reward: 15.40	Avg steps: 2312
2020-07-03 02:53:01,582	INFO	Total steps: 3628982	Episode: 1580/2312	Avg reward: 17.20	Avg steps: 2093
2020-07-03 03:13:20,354	INFO	Total steps: 3671741	Episode: 1600/1847	Avg reward: 16.90	Avg steps: 2136
2020-07-03 03:34:00,426	INFO	Total steps: 3715026	Episode: 1620/2382	Avg reward: 16.40	Avg steps: 2163
2020-07-03 03:53:49,041	INFO	Total steps: 3756531	Episode: 1640/2227	Avg reward: 15.45	Avg steps: 2074
2020-07-03 04:13:54,979	INFO	Total steps: 3798611	Episode: 1660/2476	Avg reward: 17.00	Avg steps: 2103
2020-07-03 04:34:46,876	INFO	Total steps: 3843162	Episode: 1680/2143	Avg reward: 17.10	Avg steps: 2226
2020-07-03 04:54:00,100	INFO	Total steps: 3883978	Episode: 1700/1937	Avg reward: 16.85	Avg steps: 2039
2020-07-03 05:14:29,184	INFO	Total steps: 3927208	Episode: 1720/2550	Avg reward: 16.70	Avg steps: 2160
2020-07-03 05:33:46,837	INFO	Total steps: 3968244	Episode: 1740/2136	Avg reward: 16.90	Avg steps: 2050
2020-07-03 05:53:28,835	INFO	Total steps: 4009658	Episode: 1760/2682	Avg reward: 17.10	Avg steps: 2069
2020-07-03 06:14:38,089	INFO	Total steps: 4053474	Episode: 1780/2205	Avg reward: 17.05	Avg steps: 2189
2020-07-03 06:35:05,043	INFO	Total steps: 4094686	Episode: 1800/2134	Avg reward: 18.00	Avg steps: 2059
2020-07-03 06:53:10,598	INFO	Total steps: 4132611	Episode: 1820/2193	Avg reward: 17.65	Avg steps: 1895
2020-07-03 07:12:49,121	INFO	Total steps: 4174110	Episode: 1840/2400	Avg reward: 16.95	Avg steps: 2073
2020-07-03 07:32:43,047	INFO	Total steps: 4216542	Episode: 1860/2380	Avg reward: 16.85	Avg steps: 2120
2020-07-03 07:51:27,716	INFO	Total steps: 4256680	Episode: 1880/1467	Avg reward: 17.90	Avg steps: 2005
2020-07-03 08:09:23,811	INFO	Total steps: 4295109	Episode: 1900/1657	Avg reward: 18.00	Avg steps: 1920
2020-07-03 08:28:04,949	INFO	Total steps: 4335144	Episode: 1920/1684	Avg reward: 18.05	Avg steps: 2000
2020-07-03 08:47:03,939	INFO	Total steps: 4375100	Episode: 1940/1873	Avg reward: 17.85	Avg steps: 1996
2020-07-03 09:06:05,138	INFO	Total steps: 4415654	Episode: 1960/1852	Avg reward: 17.80	Avg steps: 2026
2020-07-03 09:25:04,267	INFO	Total steps: 4456193	Episode: 1980/2361	Avg reward: 18.25	Avg steps: 2025
2020-07-03 09:42:56,184	INFO	Total steps: 4495065	Episode: 2000/1553	Avg reward: 18.15	Avg steps: 1942
2020-07-03 09:59:59,502	INFO	Total steps: 4532479	Episode: 2020/1951	Avg reward: 17.85	Avg steps: 1869
2020-07-03 10:18:08,999	INFO	Total steps: 4570058	Episode: 2040/1510	Avg reward: 17.80	Avg steps: 1877
2020-07-03 10:38:24,600	INFO	Total steps: 4608654	Episode: 2060/2101	Avg reward: 18.10	Avg steps: 1928
2020-07-03 10:59:29,080	INFO	Total steps: 4648977	Episode: 2080/1853	Avg reward: 18.15	Avg steps: 2015
2020-07-03 11:19:10,389	INFO	Total steps: 4686878	Episode: 2100/1569	Avg reward: 18.10	Avg steps: 1894
2020-07-03 11:37:44,551	INFO	Total steps: 4722473	Episode: 2120/1586	Avg reward: 18.55	Avg steps: 1778
2020-07-03 11:58:07,613	INFO	Total steps: 4762568	Episode: 2140/1943	Avg reward: 17.60	Avg steps: 2003
2020-07-03 12:19:39,798	INFO	Total steps: 4804508	Episode: 2160/2968	Avg reward: 17.40	Avg steps: 2096
2020-07-03 12:39:37,508	INFO	Total steps: 4842708	Episode: 2180/1569	Avg reward: 18.10	Avg steps: 1909
2020-07-03 13:00:27,598	INFO	Total steps: 4882393	Episode: 2200/1714	Avg reward: 17.35	Avg steps: 1983
2020-07-03 13:20:08,179	INFO	Total steps: 4919914	Episode: 2220/2084	Avg reward: 18.35	Avg steps: 1875
2020-07-03 13:40:02,774	INFO	Total steps: 4957956	Episode: 2240/1717	Avg reward: 18.15	Avg steps: 1901
2020-07-03 14:01:04,905	INFO	Total steps: 4998339	Episode: 2260/1828	Avg reward: 18.00	Avg steps: 2018
2020-07-03 14:20:37,857	INFO	Total steps: 5036082	Episode: 2280/1799	Avg reward: 18.70	Avg steps: 1886
2020-07-03 14:40:31,126	INFO	Total steps: 5074173	Episode: 2300/1862	Avg reward: 18.40	Avg steps: 1903
2020-07-03 14:59:57,712	INFO	Total steps: 5111845	Episode: 2320/2343	Avg reward: 18.35	Avg steps: 1882
2020-07-03 15:20:10,749	INFO	Total steps: 5150834	Episode: 2340/2323	Avg reward: 18.40	Avg steps: 1948
2020-07-03 15:41:53,371	INFO	Total steps: 5192388	Episode: 2360/2215	Avg reward: 17.65	Avg steps: 2076
2020-07-03 16:02:32,962	INFO	Total steps: 5231998	Episode: 2380/1758	Avg reward: 17.75	Avg steps: 1979
2020-07-03 16:22:22,028	INFO	Total steps: 5269265	Episode: 2400/1949	Avg reward: 18.80	Avg steps: 1862
2020-07-03 16:42:22,970	INFO	Total steps: 5307015	Episode: 2420/1864	Avg reward: 18.65	Avg steps: 1886
2020-07-03 17:02:03,771	INFO	Total steps: 5344766	Episode: 2440/2251	Avg reward: 18.35	Avg steps: 1886
2020-07-03 17:22:34,491	INFO	Total steps: 5384650	Episode: 2460/1726	Avg reward: 18.40	Avg steps: 1993
2020-07-03 17:43:12,622	INFO	Total steps: 5424512	Episode: 2480/1695	Avg reward: 18.20	Avg steps: 1992
2020-07-03 18:02:28,835	INFO	Total steps: 5461718	Episode: 2500/1689	Avg reward: 18.50	Avg steps: 1859
2020-07-03 18:21:45,104	INFO	Total steps: 5499567	Episode: 2520/1724	Avg reward: 18.55	Avg steps: 1891
2020-07-03 18:40:39,852	INFO	Total steps: 5536906	Episode: 2540/2207	Avg reward: 18.55	Avg steps: 1865
2020-07-03 18:59:32,603	INFO	Total steps: 5574122	Episode: 2560/2172	Avg reward: 18.50	Avg steps: 1859
2020-07-03 19:20:34,665	INFO	Total steps: 5615761	Episode: 2580/1939	Avg reward: 18.10	Avg steps: 2080
2020-07-03 19:40:32,454	INFO	Total steps: 5655237	Episode: 2600/1581	Avg reward: 18.80	Avg steps: 1972
2020-07-03 19:59:07,301	INFO	Total steps: 5692141	Episode: 2620/1558	Avg reward: 18.65	Avg steps: 1844
2020-07-03 20:17:53,942	INFO	Total steps: 5729332	Episode: 2640/1673	Avg reward: 19.15	Avg steps: 1858
2020-07-03 20:37:26,973	INFO	Total steps: 5767818	Episode: 2660/1598	Avg reward: 18.45	Avg steps: 1923
2020-07-03 20:56:18,936	INFO	Total steps: 5805211	Episode: 2680/1912	Avg reward: 18.50	Avg steps: 1868
2020-07-03 21:14:53,037	INFO	Total steps: 5841787	Episode: 2700/1840	Avg reward: 18.30	Avg steps: 1827
2020-07-03 21:34:11,099	INFO	Total steps: 5880117	Episode: 2720/1623	Avg reward: 18.60	Avg steps: 1915
2020-07-03 21:53:05,336	INFO	Total steps: 5917656	Episode: 2740/1534	Avg reward: 18.95	Avg steps: 1875
2020-07-03 22:11:58,349	INFO	Total steps: 5954749	Episode: 2760/1439	Avg reward: 18.65	Avg steps: 1853
2020-07-03 22:31:49,905	INFO	Total steps: 5993649	Episode: 2780/2286	Avg reward: 17.95	Avg steps: 1944
2020-07-03 22:50:25,622	INFO	Total steps: 6030391	Episode: 2800/1574	Avg reward: 18.40	Avg steps: 1836
2020-07-03 23:09:43,313	INFO	Total steps: 6068904	Episode: 2820/1774	Avg reward: 18.55	Avg steps: 1924
2020-07-03 23:28:04,401	INFO	Total steps: 6105074	Episode: 2840/1605	Avg reward: 18.85	Avg steps: 1807
2020-07-03 23:46:20,745	INFO	Total steps: 6140114	Episode: 2860/1550	Avg reward: 19.40	Avg steps: 1751
2020-07-04 00:04:24,032	INFO	Total steps: 6174911	Episode: 2880/1600	Avg reward: 19.25	Avg steps: 1738
2020-07-04 00:23:46,067	INFO	Total steps: 6213219	Episode: 2900/1511	Avg reward: 18.80	Avg steps: 1914
2020-07-04 00:43:03,331	INFO	Total steps: 6251268	Episode: 2920/2204	Avg reward: 18.65	Avg steps: 1901
2020-07-04 01:01:08,402	INFO	Total steps: 6286698	Episode: 2940/1470	Avg reward: 19.35	Avg steps: 1770
2020-07-04 01:21:04,703	INFO	Total steps: 6326144	Episode: 2960/2411	Avg reward: 18.50	Avg steps: 1971
2020-07-04 01:40:23,660	INFO	Total steps: 6364174	Episode: 2980/2052	Avg reward: 18.80	Avg steps: 1900
2020-07-04 01:58:45,667	INFO	Total steps: 6400043	Episode: 3000/1768	Avg reward: 19.15	Avg steps: 1792
2020-07-04 02:17:17,804	INFO	Total steps: 6436751	Episode: 3020/1786	Avg reward: 18.45	Avg steps: 1834
2020-07-04 02:33:53,829	INFO	Total steps: 6474906	Episode: 3040/2053	Avg reward: 18.60	Avg steps: 1906
2020-07-04 02:49:49,488	INFO	Total steps: 6513325	Episode: 3060/2218	Avg reward: 18.85	Avg steps: 1919
2020-07-04 03:04:57,019	INFO	Total steps: 6549062	Episode: 3080/1674	Avg reward: 19.35	Avg steps: 1785
2020-07-04 03:21:17,262	INFO	Total steps: 6586407	Episode: 3100/1607	Avg reward: 18.75	Avg steps: 1866
2020-07-04 03:36:22,988	INFO	Total steps: 6621826	Episode: 3120/2150	Avg reward: 18.85	Avg steps: 1769
2020-07-04 03:51:11,338	INFO	Total steps: 6656415	Episode: 3140/1536	Avg reward: 19.35	Avg steps: 1728
2020-07-04 04:06:25,860	INFO	Total steps: 6692722	Episode: 3160/1670	Avg reward: 19.00	Avg steps: 1814
2020-07-04 04:22:12,865	INFO	Total steps: 6730197	Episode: 3180/2221	Avg reward: 18.70	Avg steps: 1872
2020-07-04 04:37:44,901	INFO	Total steps: 6766852	Episode: 3200/1847	Avg reward: 18.65	Avg steps: 1831
2020-07-04 04:53:16,271	INFO	Total steps: 6803856	Episode: 3220/1987	Avg reward: 18.45	Avg steps: 1849
2020-07-04 05:07:18,723	INFO	Total steps: 6839118	Episode: 3240/1488	Avg reward: 18.80	Avg steps: 1762
2020-07-04 05:22:00,411	INFO	Total steps: 6876482	Episode: 3260/2166	Avg reward: 18.65	Avg steps: 1867
2020-07-04 05:37:12,985	INFO	Total steps: 6913543	Episode: 3280/1960	Avg reward: 19.05	Avg steps: 1852
2020-07-04 05:53:01,077	INFO	Total steps: 6949759	Episode: 3300/1633	Avg reward: 19.15	Avg steps: 1809
2020-07-04 06:08:29,046	INFO	Total steps: 6987388	Episode: 3320/2188	Avg reward: 18.60	Avg steps: 1880
2020-07-04 06:23:00,907	INFO	Total steps: 7022219	Episode: 3340/1685	Avg reward: 18.35	Avg steps: 1740
2020-07-04 06:40:10,951	INFO	Total steps: 7061839	Episode: 3360/2128	Avg reward: 18.90	Avg steps: 1980
2020-07-04 06:54:08,234	INFO	Total steps: 7098500	Episode: 3380/1977	Avg reward: 18.80	Avg steps: 1832
2020-07-04 07:08:57,506	INFO	Total steps: 7136847	Episode: 3400/1852	Avg reward: 18.35	Avg steps: 1916
2020-07-04 07:23:08,621	INFO	Total steps: 7173499	Episode: 3420/2068	Avg reward: 19.05	Avg steps: 1831
2020-07-04 07:37:20,048	INFO	Total steps: 7210718	Episode: 3440/1862	Avg reward: 18.60	Avg steps: 1859
2020-07-04 07:52:24,456	INFO	Total steps: 7250006	Episode: 3460/2068	Avg reward: 18.30	Avg steps: 1963
2020-07-04 08:07:34,765	INFO	Total steps: 7290138	Episode: 3480/2029	Avg reward: 18.75	Avg steps: 2005
2020-07-04 08:22:29,855	INFO	Total steps: 7328777	Episode: 3500/2443	Avg reward: 18.90	Avg steps: 1930
2020-07-04 08:36:48,767	INFO	Total steps: 7366068	Episode: 3520/1515	Avg reward: 18.95	Avg steps: 1863
2020-07-04 08:51:00,105	INFO	Total steps: 7402756	Episode: 3540/1798	Avg reward: 18.90	Avg steps: 1833
2020-07-04 09:04:38,681	INFO	Total steps: 7438701	Episode: 3560/1423	Avg reward: 19.25	Avg steps: 1796
2020-07-04 09:18:34,382	INFO	Total steps: 7475051	Episode: 3580/1934	Avg reward: 19.10	Avg steps: 1816
2020-07-04 09:32:47,127	INFO	Total steps: 7512521	Episode: 3600/1806	Avg reward: 18.75	Avg steps: 1872
2020-07-04 09:46:37,429	INFO	Total steps: 7549067	Episode: 3620/1953	Avg reward: 18.50	Avg steps: 1826
2020-07-04 10:00:13,172	INFO	Total steps: 7585200	Episode: 3640/2017	Avg reward: 18.85	Avg steps: 1805
2020-07-04 10:14:20,906	INFO	Total steps: 7622621	Episode: 3660/1660	Avg reward: 19.30	Avg steps: 1870
2020-07-04 10:28:36,109	INFO	Total steps: 7659316	Episode: 3680/2045	Avg reward: 19.35	Avg steps: 1833
2020-07-04 10:42:43,810	INFO	Total steps: 7696377	Episode: 3700/2103	Avg reward: 19.20	Avg steps: 1852
2020-07-04 10:56:38,482	INFO	Total steps: 7733273	Episode: 3720/2118	Avg reward: 19.15	Avg steps: 1843
2020-07-04 11:10:43,232	INFO	Total steps: 7770869	Episode: 3740/2476	Avg reward: 18.80	Avg steps: 1878
2020-07-04 11:24:18,093	INFO	Total steps: 7807014	Episode: 3760/1708	Avg reward: 18.95	Avg steps: 1806
2020-07-04 11:38:14,680	INFO	Total steps: 7843972	Episode: 3780/1890	Avg reward: 18.90	Avg steps: 1846
2020-07-04 11:52:18,593	INFO	Total steps: 7881821	Episode: 3800/2024	Avg reward: 18.75	Avg steps: 1891
2020-07-04 12:06:06,423	INFO	Total steps: 7918908	Episode: 3820/1791	Avg reward: 19.10	Avg steps: 1853
2020-07-04 12:19:44,438	INFO	Total steps: 7954707	Episode: 3840/1572	Avg reward: 19.05	Avg steps: 1788
2020-07-04 12:34:06,397	INFO	Total steps: 7991941	Episode: 3860/1966	Avg reward: 18.80	Avg steps: 1860
2020-07-04 12:47:37,815	INFO	Total steps: 8027974	Episode: 3880/1841	Avg reward: 18.95	Avg steps: 1800
2020-07-04 13:01:52,257	INFO	Total steps: 8065029	Episode: 3900/1589	Avg reward: 19.00	Avg steps: 1851
2020-07-04 13:16:28,861	INFO	Total steps: 8102170	Episode: 3920/2287	Avg reward: 19.35	Avg steps: 1856
2020-07-04 13:31:03,905	INFO	Total steps: 8139201	Episode: 3940/1640	Avg reward: 18.30	Avg steps: 1850
2020-07-04 13:45:26,663	INFO	Total steps: 8176574	Episode: 3960/1966	Avg reward: 18.70	Avg steps: 1867
2020-07-04 14:01:05,339	INFO	Total steps: 8217394	Episode: 3980/1682	Avg reward: 19.05	Avg steps: 2040
2020-07-04 14:15:31,139	INFO	Total steps: 8255197	Episode: 4000/1923	Avg reward: 19.15	Avg steps: 1889
2020-07-06 17:20:18,509	INFO	--width 160 --height 160 --ball 1.0 --ball-size 2.0 --snell 1.0 --snell-width 40.0 --snell-change 0.0 --snell-visible none --paddle-speed 1.0 --paddle-angle 89.0 --paddle-length 40.0 --update-prob 0.3 --state binary --learning-rate 0.0001 --network dqn_pong_model --render False --epsdecay 1000 --episodes 4000 --replay 10000 --checkpoint dqn_pong_model --history history.p --store-dir ../experiments/snell_width.40.0-paddle_length.40.0-paddle_angle.89.0-update_prob.0.3 
2020-07-06 17:20:18,606	INFO	Device: cuda
2020-07-06 17:28:23,763	INFO	Total steps: 23052	Episode: 20/1066	Avg reward: -17.65	Avg steps: 1151
2020-07-06 17:42:01,378	INFO	Total steps: 49309	Episode: 40/1706	Avg reward: -17.65	Avg steps: 1311
2020-07-06 17:53:47,925	INFO	Total steps: 71929	Episode: 60/628	Avg reward: -17.55	Avg steps: 1130
2020-07-06 18:06:31,835	INFO	Total steps: 96414	Episode: 80/1265	Avg reward: -17.40	Avg steps: 1223
2020-07-06 18:18:33,804	INFO	Total steps: 119570	Episode: 100/1376	Avg reward: -17.00	Avg steps: 1156
2020-07-06 18:32:49,465	INFO	Total steps: 146820	Episode: 120/1196	Avg reward: -16.85	Avg steps: 1361
2020-07-06 18:46:20,921	INFO	Total steps: 172502	Episode: 140/1413	Avg reward: -17.15	Avg steps: 1283
2020-07-06 19:01:22,418	INFO	Total steps: 201005	Episode: 160/1599	Avg reward: -16.30	Avg steps: 1424
2020-07-06 19:15:59,791	INFO	Total steps: 228652	Episode: 180/1516	Avg reward: -15.65	Avg steps: 1381
2020-07-06 19:31:01,028	INFO	Total steps: 256701	Episode: 200/1400	Avg reward: -15.65	Avg steps: 1401
2020-07-06 19:47:10,883	INFO	Total steps: 286892	Episode: 220/1740	Avg reward: -14.65	Avg steps: 1508
2020-07-06 20:02:47,432	INFO	Total steps: 316244	Episode: 240/2220	Avg reward: -15.75	Avg steps: 1466
2020-07-06 20:17:07,611	INFO	Total steps: 343275	Episode: 260/1401	Avg reward: -15.70	Avg steps: 1350
2020-07-06 20:32:28,529	INFO	Total steps: 372252	Episode: 280/1196	Avg reward: -15.45	Avg steps: 1447
2020-07-06 20:50:21,877	INFO	Total steps: 406046	Episode: 300/2023	Avg reward: -14.50	Avg steps: 1688
2020-07-06 21:10:28,511	INFO	Total steps: 443481	Episode: 320/2329	Avg reward: -13.95	Avg steps: 1870
2020-07-06 21:30:22,293	INFO	Total steps: 480286	Episode: 340/1731	Avg reward: -12.75	Avg steps: 1839
2020-07-06 21:50:14,980	INFO	Total steps: 517142	Episode: 360/2090	Avg reward: -14.00	Avg steps: 1841
2020-07-06 22:12:38,466	INFO	Total steps: 559279	Episode: 380/1430	Avg reward: -11.90	Avg steps: 2105
2020-07-06 22:30:02,599	INFO	Total steps: 592089	Episode: 400/1356	Avg reward: -14.10	Avg steps: 1639
2020-07-06 22:53:19,668	INFO	Total steps: 635756	Episode: 420/3041	Avg reward: -10.40	Avg steps: 2182
2020-07-06 23:15:56,542	INFO	Total steps: 678346	Episode: 440/1891	Avg reward: -10.40	Avg steps: 2128
2020-07-06 23:39:02,622	INFO	Total steps: 721799	Episode: 460/2431	Avg reward: -9.85	Avg steps: 2171
2020-07-07 00:01:53,431	INFO	Total steps: 764610	Episode: 480/3184	Avg reward: -11.40	Avg steps: 2139
2020-07-07 00:27:00,390	INFO	Total steps: 811630	Episode: 500/2307	Avg reward: -9.20	Avg steps: 2350
2020-07-07 00:52:53,486	INFO	Total steps: 859847	Episode: 520/3075	Avg reward: -9.40	Avg steps: 2409
2020-07-07 01:20:30,878	INFO	Total steps: 911398	Episode: 540/2682	Avg reward: -7.75	Avg steps: 2576
2020-07-07 01:51:45,272	INFO	Total steps: 966837	Episode: 560/2315	Avg reward: -6.20	Avg steps: 2770
2020-07-07 02:21:50,729	INFO	Total steps: 1020111	Episode: 580/1469	Avg reward: -4.20	Avg steps: 2662
2020-07-07 02:48:00,024	INFO	Total steps: 1066337	Episode: 600/2131	Avg reward: -8.80	Avg steps: 2310
2020-07-07 03:15:46,794	INFO	Total steps: 1115190	Episode: 620/2640	Avg reward: -5.95	Avg steps: 2441
2020-07-07 03:43:45,404	INFO	Total steps: 1162634	Episode: 640/1920	Avg reward: -7.20	Avg steps: 2371
2020-07-07 04:16:37,320	INFO	Total steps: 1215956	Episode: 660/1728	Avg reward: -4.00	Avg steps: 2665
2020-07-07 04:53:05,141	INFO	Total steps: 1275374	Episode: 680/2717	Avg reward: -0.75	Avg steps: 2969
2020-07-07 05:28:13,939	INFO	Total steps: 1332494	Episode: 700/2875	Avg reward: -1.20	Avg steps: 2855
2020-07-07 06:06:39,481	INFO	Total steps: 1394707	Episode: 720/2611	Avg reward: 1.80	Avg steps: 3109
2020-07-07 06:41:22,289	INFO	Total steps: 1451012	Episode: 740/3179	Avg reward: -0.20	Avg steps: 2814
2020-07-07 07:17:15,971	INFO	Total steps: 1509162	Episode: 760/2528	Avg reward: 0.85	Avg steps: 2906
2020-07-07 07:55:19,034	INFO	Total steps: 1570992	Episode: 780/3273	Avg reward: 4.35	Avg steps: 3090
2020-07-07 08:30:03,606	INFO	Total steps: 1627308	Episode: 800/2815	Avg reward: 4.75	Avg steps: 2814
2020-07-07 09:08:36,750	INFO	Total steps: 1688527	Episode: 820/3207	Avg reward: 2.90	Avg steps: 3059
2020-07-07 09:48:41,537	INFO	Total steps: 1752845	Episode: 840/3075	Avg reward: 3.25	Avg steps: 3214
2020-07-07 10:23:18,645	INFO	Total steps: 1808930	Episode: 860/3391	Avg reward: 5.55	Avg steps: 2803
2020-07-07 10:58:36,298	INFO	Total steps: 1865970	Episode: 880/2989	Avg reward: 7.90	Avg steps: 2851
2020-07-07 11:35:04,288	INFO	Total steps: 1925099	Episode: 900/2591	Avg reward: 7.05	Avg steps: 2955
2020-07-07 12:08:52,992	INFO	Total steps: 1980219	Episode: 920/2339	Avg reward: 7.55	Avg steps: 2755
2020-07-07 12:43:10,787	INFO	Total steps: 2036127	Episode: 940/2459	Avg reward: 7.65	Avg steps: 2794
2020-07-07 13:16:33,581	INFO	Total steps: 2090613	Episode: 960/3240	Avg reward: 10.45	Avg steps: 2723
2020-07-07 13:50:15,294	INFO	Total steps: 2145603	Episode: 980/2230	Avg reward: 10.00	Avg steps: 2748
2020-07-07 14:25:33,134	INFO	Total steps: 2203388	Episode: 1000/2873	Avg reward: 9.10	Avg steps: 2888
2020-07-07 14:57:56,509	INFO	Total steps: 2255978	Episode: 1020/3103	Avg reward: 10.45	Avg steps: 2628
2020-07-07 15:32:11,313	INFO	Total steps: 2311869	Episode: 1040/2968	Avg reward: 11.30	Avg steps: 2793
2020-07-07 16:05:14,261	INFO	Total steps: 2365249	Episode: 1060/3004	Avg reward: 12.45	Avg steps: 2668
2020-07-07 16:36:59,221	INFO	Total steps: 2415598	Episode: 1080/2562	Avg reward: 12.20	Avg steps: 2516
2020-07-07 17:10:25,827	INFO	Total steps: 2469237	Episode: 1100/2883	Avg reward: 12.15	Avg steps: 2680
2020-07-07 17:44:01,466	INFO	Total steps: 2523115	Episode: 1120/3969	Avg reward: 11.45	Avg steps: 2692
2020-07-07 18:18:14,552	INFO	Total steps: 2578111	Episode: 1140/2960	Avg reward: 11.85	Avg steps: 2748
2020-07-07 18:50:40,970	INFO	Total steps: 2630287	Episode: 1160/2864	Avg reward: 12.30	Avg steps: 2607
2020-07-07 19:20:53,294	INFO	Total steps: 2678883	Episode: 1180/2771	Avg reward: 13.70	Avg steps: 2428
2020-07-07 19:52:05,281	INFO	Total steps: 2728207	Episode: 1200/2675	Avg reward: 14.15	Avg steps: 2465
2020-07-07 20:23:07,666	INFO	Total steps: 2777492	Episode: 1220/2464	Avg reward: 13.65	Avg steps: 2463
2020-07-07 20:52:57,652	INFO	Total steps: 2824961	Episode: 1240/2717	Avg reward: 14.45	Avg steps: 2372
2020-07-07 21:21:30,030	INFO	Total steps: 2870656	Episode: 1260/1962	Avg reward: 14.70	Avg steps: 2283
2020-07-07 21:51:19,177	INFO	Total steps: 2918747	Episode: 1280/2295	Avg reward: 14.55	Avg steps: 2403
2020-07-07 22:21:06,288	INFO	Total steps: 2966267	Episode: 1300/2637	Avg reward: 14.45	Avg steps: 2375
2020-07-07 22:49:31,375	INFO	Total steps: 3014124	Episode: 1320/2121	Avg reward: 14.80	Avg steps: 2391
2020-07-07 23:17:27,238	INFO	Total steps: 3062181	Episode: 1340/2385	Avg reward: 13.95	Avg steps: 2401
2020-07-07 23:43:30,908	INFO	Total steps: 3107291	Episode: 1360/2392	Avg reward: 15.80	Avg steps: 2254
2020-07-08 00:10:58,176	INFO	Total steps: 3154825	Episode: 1380/1871	Avg reward: 15.20	Avg steps: 2375
2020-07-08 00:38:21,840	INFO	Total steps: 3202382	Episode: 1400/1893	Avg reward: 14.80	Avg steps: 2376
2020-07-08 01:05:14,626	INFO	Total steps: 3249103	Episode: 1420/2336	Avg reward: 15.15	Avg steps: 2335
2020-07-08 01:33:16,298	INFO	Total steps: 3297867	Episode: 1440/2588	Avg reward: 14.70	Avg steps: 2437
2020-07-08 02:01:33,146	INFO	Total steps: 3347024	Episode: 1460/1846	Avg reward: 15.05	Avg steps: 2456
2020-07-08 02:28:10,218	INFO	Total steps: 3393248	Episode: 1480/2342	Avg reward: 15.95	Avg steps: 2310
2020-07-08 02:55:50,927	INFO	Total steps: 3441387	Episode: 1500/2995	Avg reward: 15.70	Avg steps: 2405
2020-07-08 03:19:46,661	INFO	Total steps: 3482942	Episode: 1520/2089	Avg reward: 16.80	Avg steps: 2076
2020-07-08 03:46:05,906	INFO	Total steps: 3528584	Episode: 1540/2261	Avg reward: 15.40	Avg steps: 2281
2020-07-08 04:11:39,613	INFO	Total steps: 3572892	Episode: 1560/2479	Avg reward: 15.65	Avg steps: 2214
2020-07-08 04:38:07,369	INFO	Total steps: 3618795	Episode: 1580/1680	Avg reward: 15.85	Avg steps: 2294
2020-07-08 05:04:44,627	INFO	Total steps: 3664898	Episode: 1600/2184	Avg reward: 16.35	Avg steps: 2304
2020-07-08 05:31:15,618	INFO	Total steps: 3710758	Episode: 1620/2493	Avg reward: 15.65	Avg steps: 2292
2020-07-08 05:54:38,936	INFO	Total steps: 3751281	Episode: 1640/2509	Avg reward: 16.70	Avg steps: 2025
2020-07-08 06:18:09,901	INFO	Total steps: 3792020	Episode: 1660/1991	Avg reward: 16.75	Avg steps: 2035
2020-07-08 06:44:09,396	INFO	Total steps: 3837028	Episode: 1680/2205	Avg reward: 15.75	Avg steps: 2249
2020-07-08 07:09:34,356	INFO	Total steps: 3881159	Episode: 1700/2170	Avg reward: 16.30	Avg steps: 2205
2020-07-08 07:34:31,825	INFO	Total steps: 3924690	Episode: 1720/2159	Avg reward: 16.30	Avg steps: 2175
2020-07-08 07:59:31,723	INFO	Total steps: 3968190	Episode: 1740/2021	Avg reward: 15.45	Avg steps: 2174
2020-07-08 08:23:41,574	INFO	Total steps: 4010175	Episode: 1760/2525	Avg reward: 16.75	Avg steps: 2098
2020-07-08 08:50:52,611	INFO	Total steps: 4057483	Episode: 1780/2492	Avg reward: 15.70	Avg steps: 2364
2020-07-08 09:15:47,551	INFO	Total steps: 4100983	Episode: 1800/2535	Avg reward: 17.05	Avg steps: 2174
2020-07-08 09:40:32,238	INFO	Total steps: 4144040	Episode: 1820/2557	Avg reward: 16.95	Avg steps: 2151
2020-07-08 10:04:28,255	INFO	Total steps: 4185799	Episode: 1840/2225	Avg reward: 17.30	Avg steps: 2086
2020-07-08 10:28:58,617	INFO	Total steps: 4228345	Episode: 1860/1929	Avg reward: 16.95	Avg steps: 2126
2020-07-08 10:53:05,896	INFO	Total steps: 4270154	Episode: 1880/2175	Avg reward: 17.45	Avg steps: 2089
2020-07-08 11:16:51,411	INFO	Total steps: 4311554	Episode: 1900/2356	Avg reward: 17.45	Avg steps: 2069
2020-07-08 11:41:03,010	INFO	Total steps: 4353565	Episode: 1920/1708	Avg reward: 17.50	Avg steps: 2099
2020-07-08 12:04:26,703	INFO	Total steps: 4393703	Episode: 1940/1905	Avg reward: 17.75	Avg steps: 2005
2020-07-08 12:28:21,162	INFO	Total steps: 4434652	Episode: 1960/2283	Avg reward: 17.85	Avg steps: 2046
2020-07-08 12:53:10,368	INFO	Total steps: 4477882	Episode: 1980/2715	Avg reward: 17.20	Avg steps: 2160
2020-07-08 13:16:45,622	INFO	Total steps: 4521197	Episode: 2000/2493	Avg reward: 17.60	Avg steps: 2164
2020-07-08 13:39:46,200	INFO	Total steps: 4561387	Episode: 2020/1679	Avg reward: 18.00	Avg steps: 2008
2020-07-08 14:02:05,463	INFO	Total steps: 4601044	Episode: 2040/2119	Avg reward: 18.20	Avg steps: 1981
2020-07-08 14:23:03,440	INFO	Total steps: 4641212	Episode: 2060/2273	Avg reward: 17.80	Avg steps: 2007
2020-07-08 14:46:31,590	INFO	Total steps: 4683143	Episode: 2080/1701	Avg reward: 17.95	Avg steps: 2095
2020-07-08 15:10:37,187	INFO	Total steps: 4724630	Episode: 2100/2487	Avg reward: 17.60	Avg steps: 2073
2020-07-08 15:34:14,374	INFO	Total steps: 4765506	Episode: 2120/2518	Avg reward: 17.85	Avg steps: 2042
2020-07-08 15:57:34,915	INFO	Total steps: 4805763	Episode: 2140/2200	Avg reward: 18.60	Avg steps: 2011
2020-07-08 16:21:08,920	INFO	Total steps: 4846346	Episode: 2160/1673	Avg reward: 17.80	Avg steps: 2028
2020-07-08 16:45:45,107	INFO	Total steps: 4888592	Episode: 2180/2377	Avg reward: 17.75	Avg steps: 2111
2020-07-08 17:09:11,964	INFO	Total steps: 4928887	Episode: 2200/1873	Avg reward: 17.55	Avg steps: 2013
2020-07-08 17:32:52,419	INFO	Total steps: 4969524	Episode: 2220/2350	Avg reward: 17.60	Avg steps: 2030
2020-07-08 17:57:45,466	INFO	Total steps: 5011999	Episode: 2240/1769	Avg reward: 17.90	Avg steps: 2122
2020-07-08 18:21:53,386	INFO	Total steps: 5053252	Episode: 2260/2533	Avg reward: 17.85	Avg steps: 2061
2020-07-08 18:46:31,408	INFO	Total steps: 5095356	Episode: 2280/2496	Avg reward: 18.00	Avg steps: 2104
2020-07-08 19:10:17,467	INFO	Total steps: 5136142	Episode: 2300/1915	Avg reward: 17.60	Avg steps: 2038
2020-07-08 19:34:28,292	INFO	Total steps: 5177740	Episode: 2320/1934	Avg reward: 18.05	Avg steps: 2078
2020-07-08 19:57:08,024	INFO	Total steps: 5216889	Episode: 2340/1699	Avg reward: 18.75	Avg steps: 1956
2020-07-08 20:19:45,220	INFO	Total steps: 5255990	Episode: 2360/2311	Avg reward: 18.05	Avg steps: 1954
2020-07-08 20:43:20,821	INFO	Total steps: 5296711	Episode: 2380/1604	Avg reward: 17.60	Avg steps: 2035
2020-07-08 21:07:01,091	INFO	Total steps: 5337698	Episode: 2400/2092	Avg reward: 18.20	Avg steps: 2048
2020-07-08 21:31:36,441	INFO	Total steps: 5380263	Episode: 2420/2023	Avg reward: 18.15	Avg steps: 2127
2020-07-08 21:55:19,419	INFO	Total steps: 5421265	Episode: 2440/1971	Avg reward: 17.80	Avg steps: 2049
2020-07-08 22:20:53,470	INFO	Total steps: 5463812	Episode: 2460/1960	Avg reward: 18.45	Avg steps: 2126
2020-07-08 22:45:44,817	INFO	Total steps: 5503745	Episode: 2480/1700	Avg reward: 18.20	Avg steps: 1995
2020-07-08 23:10:17,989	INFO	Total steps: 5545152	Episode: 2500/1859	Avg reward: 18.30	Avg steps: 2069
2020-07-08 23:33:08,886	INFO	Total steps: 5584274	Episode: 2520/1714	Avg reward: 18.90	Avg steps: 1955
2020-07-08 23:56:48,778	INFO	Total steps: 5625247	Episode: 2540/2069	Avg reward: 18.55	Avg steps: 2047
2020-07-09 00:18:32,684	INFO	Total steps: 5662983	Episode: 2560/1852	Avg reward: 18.30	Avg steps: 1885
2020-07-09 00:41:32,092	INFO	Total steps: 5702837	Episode: 2580/1683	Avg reward: 18.40	Avg steps: 1991
2020-07-09 01:03:58,657	INFO	Total steps: 5741741	Episode: 2600/1815	Avg reward: 18.85	Avg steps: 1944
2020-07-09 01:27:46,035	INFO	Total steps: 5783024	Episode: 2620/1776	Avg reward: 17.85	Avg steps: 2063
2020-07-09 01:48:49,263	INFO	Total steps: 5819532	Episode: 2640/1994	Avg reward: 18.60	Avg steps: 1824
2020-07-09 02:11:21,470	INFO	Total steps: 5858315	Episode: 2660/1845	Avg reward: 18.80	Avg steps: 1938
2020-07-09 02:33:49,591	INFO	Total steps: 5896939	Episode: 2680/1940	Avg reward: 18.65	Avg steps: 1930
2020-07-09 02:58:11,653	INFO	Total steps: 5938799	Episode: 2700/1700	Avg reward: 17.60	Avg steps: 2092
2020-07-09 03:20:50,223	INFO	Total steps: 5977417	Episode: 2720/1762	Avg reward: 18.40	Avg steps: 1929
2020-07-09 03:43:39,732	INFO	Total steps: 6016065	Episode: 2740/1854	Avg reward: 18.55	Avg steps: 1931
2020-07-09 04:06:42,275	INFO	Total steps: 6055287	Episode: 2760/2371	Avg reward: 18.15	Avg steps: 1960
2020-07-09 04:30:12,743	INFO	Total steps: 6095068	Episode: 2780/1931	Avg reward: 18.05	Avg steps: 1988
2020-07-09 04:53:03,960	INFO	Total steps: 6134011	Episode: 2800/1917	Avg reward: 18.40	Avg steps: 1946
2020-07-09 05:17:04,765	INFO	Total steps: 6174770	Episode: 2820/2050	Avg reward: 18.65	Avg steps: 2036
2020-07-09 05:39:57,214	INFO	Total steps: 6213704	Episode: 2840/1880	Avg reward: 18.60	Avg steps: 1945
2020-07-09 06:02:19,503	INFO	Total steps: 6252083	Episode: 2860/1840	Avg reward: 18.45	Avg steps: 1917
2020-07-09 06:24:34,117	INFO	Total steps: 6290290	Episode: 2880/1642	Avg reward: 18.95	Avg steps: 1909
2020-07-09 06:46:49,028	INFO	Total steps: 6328487	Episode: 2900/1941	Avg reward: 18.20	Avg steps: 1908
2020-07-09 07:09:37,233	INFO	Total steps: 6367603	Episode: 2920/1625	Avg reward: 17.70	Avg steps: 1954
2020-07-09 07:31:24,343	INFO	Total steps: 6404965	Episode: 2940/1981	Avg reward: 18.90	Avg steps: 1867
2020-07-09 07:54:05,736	INFO	Total steps: 6444046	Episode: 2960/2086	Avg reward: 18.80	Avg steps: 1953
2020-07-09 08:16:57,004	INFO	Total steps: 6483300	Episode: 2980/1521	Avg reward: 18.05	Avg steps: 1961
2020-07-09 08:38:57,560	INFO	Total steps: 6523634	Episode: 3000/1584	Avg reward: 18.80	Avg steps: 2015
2020-07-09 09:00:02,332	INFO	Total steps: 6563301	Episode: 3020/1940	Avg reward: 18.80	Avg steps: 1982
2020-07-09 09:21:32,031	INFO	Total steps: 6603687	Episode: 3040/2079	Avg reward: 18.65	Avg steps: 2018
2020-07-09 09:41:40,423	INFO	Total steps: 6641661	Episode: 3060/1502	Avg reward: 18.90	Avg steps: 1897
2020-07-09 10:01:53,992	INFO	Total steps: 6679797	Episode: 3080/2059	Avg reward: 18.85	Avg steps: 1905
2020-07-09 10:23:56,043	INFO	Total steps: 6720806	Episode: 3100/1696	Avg reward: 18.95	Avg steps: 2049
2020-07-09 10:43:59,438	INFO	Total steps: 6758263	Episode: 3120/1781	Avg reward: 18.45	Avg steps: 1871
2020-07-09 11:04:04,530	INFO	Total steps: 6795996	Episode: 3140/1751	Avg reward: 18.85	Avg steps: 1885
2020-07-09 11:25:07,402	INFO	Total steps: 6835181	Episode: 3160/1793	Avg reward: 18.50	Avg steps: 1958
2020-07-09 11:45:32,778	INFO	Total steps: 6873293	Episode: 3180/2450	Avg reward: 18.60	Avg steps: 1904
2020-07-09 12:05:52,097	INFO	Total steps: 6911494	Episode: 3200/1783	Avg reward: 18.85	Avg steps: 1909
2020-07-09 12:25:45,007	INFO	Total steps: 6948998	Episode: 3220/1863	Avg reward: 18.85	Avg steps: 1874
2020-07-09 12:45:26,640	INFO	Total steps: 6986231	Episode: 3240/1583	Avg reward: 19.05	Avg steps: 1860
2020-07-09 13:05:49,737	INFO	Total steps: 7024883	Episode: 3260/2113	Avg reward: 18.75	Avg steps: 1931
2020-07-09 13:27:54,738	INFO	Total steps: 7066795	Episode: 3280/2512	Avg reward: 18.05	Avg steps: 2094
2020-07-09 13:49:04,271	INFO	Total steps: 7107747	Episode: 3300/1746	Avg reward: 18.65	Avg steps: 2046
2020-07-09 14:08:37,400	INFO	Total steps: 7148921	Episode: 3320/1872	Avg reward: 18.60	Avg steps: 2057
2020-07-09 14:26:36,427	INFO	Total steps: 7186789	Episode: 3340/1566	Avg reward: 19.05	Avg steps: 1892
2020-07-09 14:44:59,370	INFO	Total steps: 7225781	Episode: 3360/2366	Avg reward: 19.10	Avg steps: 1948
2020-07-09 15:02:23,989	INFO	Total steps: 7262726	Episode: 3380/1545	Avg reward: 19.10	Avg steps: 1846
2020-07-09 15:20:01,375	INFO	Total steps: 7300068	Episode: 3400/1569	Avg reward: 18.80	Avg steps: 1866
2020-07-09 15:38:36,365	INFO	Total steps: 7339133	Episode: 3420/1698	Avg reward: 18.20	Avg steps: 1952
2020-07-09 15:56:14,772	INFO	Total steps: 7376047	Episode: 3440/2161	Avg reward: 19.00	Avg steps: 1844
2020-07-09 16:14:31,058	INFO	Total steps: 7414594	Episode: 3460/1845	Avg reward: 18.45	Avg steps: 1926
2020-07-09 16:32:25,340	INFO	Total steps: 7452511	Episode: 3480/1750	Avg reward: 18.85	Avg steps: 1894
2020-07-09 16:50:09,091	INFO	Total steps: 7490147	Episode: 3500/1946	Avg reward: 19.15	Avg steps: 1880
2020-07-09 17:08:09,715	INFO	Total steps: 7528549	Episode: 3520/1860	Avg reward: 18.40	Avg steps: 1919
2020-07-09 17:25:38,100	INFO	Total steps: 7565734	Episode: 3540/1757	Avg reward: 18.30	Avg steps: 1858
2020-07-09 17:42:28,005	INFO	Total steps: 7601583	Episode: 3560/1955	Avg reward: 19.10	Avg steps: 1791
2020-07-09 18:01:11,419	INFO	Total steps: 7641171	Episode: 3580/2063	Avg reward: 18.55	Avg steps: 1978
2020-07-09 18:17:10,748	INFO	Total steps: 7675044	Episode: 3600/1624	Avg reward: 19.05	Avg steps: 1692
2020-07-09 18:35:29,769	INFO	Total steps: 7713433	Episode: 3620/1705	Avg reward: 18.70	Avg steps: 1918
2020-07-09 18:54:00,644	INFO	Total steps: 7751459	Episode: 3640/2233	Avg reward: 18.75	Avg steps: 1900
2020-07-09 19:12:10,990	INFO	Total steps: 7788782	Episode: 3660/2064	Avg reward: 18.65	Avg steps: 1865
2020-07-09 19:30:44,311	INFO	Total steps: 7827135	Episode: 3680/1886	Avg reward: 18.55	Avg steps: 1916
2020-07-09 19:50:06,804	INFO	Total steps: 7867381	Episode: 3700/2119	Avg reward: 18.65	Avg steps: 2011
2020-07-09 20:08:31,533	INFO	Total steps: 7905613	Episode: 3720/2115	Avg reward: 18.80	Avg steps: 1910
2020-07-09 20:26:42,752	INFO	Total steps: 7943351	Episode: 3740/1866	Avg reward: 18.80	Avg steps: 1885
2020-07-09 20:44:34,569	INFO	Total steps: 7981036	Episode: 3760/1774	Avg reward: 18.85	Avg steps: 1883
2020-07-09 21:02:32,928	INFO	Total steps: 8018941	Episode: 3780/1640	Avg reward: 18.75	Avg steps: 1894
2020-07-09 21:21:45,436	INFO	Total steps: 8058556	Episode: 3800/2576	Avg reward: 18.70	Avg steps: 1979
2020-07-09 21:41:01,269	INFO	Total steps: 8097623	Episode: 3820/1763	Avg reward: 18.90	Avg steps: 1952
2020-07-09 21:59:15,560	INFO	Total steps: 8134397	Episode: 3840/1572	Avg reward: 19.30	Avg steps: 1837
2020-07-09 22:17:55,153	INFO	Total steps: 8172897	Episode: 3860/1907	Avg reward: 18.75	Avg steps: 1924
2020-07-09 22:35:40,534	INFO	Total steps: 8209484	Episode: 3880/1887	Avg reward: 19.05	Avg steps: 1828
2020-07-09 22:54:04,741	INFO	Total steps: 8247448	Episode: 3900/1676	Avg reward: 18.50	Avg steps: 1897
2020-07-09 23:13:50,504	INFO	Total steps: 8288292	Episode: 3920/1752	Avg reward: 18.05	Avg steps: 2041
2020-07-09 23:32:15,712	INFO	Total steps: 8326281	Episode: 3940/1752	Avg reward: 18.50	Avg steps: 1898
2020-07-09 23:51:06,150	INFO	Total steps: 8365120	Episode: 3960/1674	Avg reward: 19.05	Avg steps: 1940
2020-07-10 00:10:21,493	INFO	Total steps: 8404840	Episode: 3980/1950	Avg reward: 18.25	Avg steps: 1985
2020-07-10 00:30:04,654	INFO	Total steps: 8445594	Episode: 4000/1879	Avg reward: 18.70	Avg steps: 2036
