2020-07-01 22:22:41,903	INFO	--width 160 --height 160 --ball 1.0 --ball-size 2.0 --snell 1.0 --snell-width 60.0 --snell-change 0.0 --snell-visible none --paddle-speed 1.0 --paddle-angle 89.0 --paddle-length 20.0 --update-prob 0.2 --state binary --learning-rate 0.0001 --network dqn_pong_model --render False --epsdecay 1000 --episodes 4000 --replay 10000 --checkpoint dqn_pong_model --history history.p --store-dir ../experiments/snell_width.60.0-paddle_length.20.0-paddle_angle.89.0-update_prob.0.2 
2020-07-01 22:22:41,903	INFO	Device: cuda
2020-07-01 22:26:18,916	INFO	Total steps: 14690	Episode: 20/917	Avg reward: -16.95	Avg steps: 733
2020-07-01 22:34:35,853	INFO	Total steps: 28990	Episode: 40/735	Avg reward: -16.80	Avg steps: 714
2020-07-01 22:42:56,449	INFO	Total steps: 43659	Episode: 60/659	Avg reward: -17.70	Avg steps: 732
2020-07-01 22:52:06,019	INFO	Total steps: 59541	Episode: 80/664	Avg reward: -16.50	Avg steps: 793
2020-07-01 23:00:57,289	INFO	Total steps: 74920	Episode: 100/894	Avg reward: -17.15	Avg steps: 767
2020-07-01 23:10:07,344	INFO	Total steps: 90825	Episode: 120/812	Avg reward: -16.75	Avg steps: 794
2020-07-01 23:17:51,325	INFO	Total steps: 106695	Episode: 140/661	Avg reward: -16.80	Avg steps: 792
2020-07-01 23:25:43,426	INFO	Total steps: 123386	Episode: 160/889	Avg reward: -16.45	Avg steps: 833
2020-07-01 23:34:03,237	INFO	Total steps: 141153	Episode: 180/840	Avg reward: -16.00	Avg steps: 887
2020-07-01 23:41:41,539	INFO	Total steps: 157211	Episode: 200/1139	Avg reward: -16.90	Avg steps: 801
2020-07-01 23:48:54,820	INFO	Total steps: 172529	Episode: 220/745	Avg reward: -16.30	Avg steps: 764
2020-07-01 23:57:45,085	INFO	Total steps: 191409	Episode: 240/931	Avg reward: -14.70	Avg steps: 943
2020-07-02 00:06:00,451	INFO	Total steps: 209048	Episode: 260/735	Avg reward: -15.75	Avg steps: 880
2020-07-02 00:14:05,829	INFO	Total steps: 226342	Episode: 280/569	Avg reward: -15.30	Avg steps: 863
2020-07-02 00:22:29,438	INFO	Total steps: 244248	Episode: 300/783	Avg reward: -15.75	Avg steps: 894
2020-07-02 00:30:53,605	INFO	Total steps: 262206	Episode: 320/996	Avg reward: -15.05	Avg steps: 896
2020-07-02 00:40:28,787	INFO	Total steps: 282680	Episode: 340/1113	Avg reward: -14.20	Avg steps: 1022
2020-07-02 00:49:19,430	INFO	Total steps: 301292	Episode: 360/618	Avg reward: -15.35	Avg steps: 929
2020-07-02 00:59:40,185	INFO	Total steps: 323366	Episode: 380/1254	Avg reward: -12.90	Avg steps: 1102
2020-07-02 01:08:31,838	INFO	Total steps: 342230	Episode: 400/873	Avg reward: -15.15	Avg steps: 942
2020-07-02 01:18:22,504	INFO	Total steps: 363113	Episode: 420/875	Avg reward: -14.45	Avg steps: 1043
2020-07-02 01:26:56,906	INFO	Total steps: 381366	Episode: 440/918	Avg reward: -15.00	Avg steps: 911
2020-07-02 01:37:13,710	INFO	Total steps: 403444	Episode: 460/1048	Avg reward: -13.65	Avg steps: 1102
2020-07-02 01:47:25,961	INFO	Total steps: 425251	Episode: 480/936	Avg reward: -13.50	Avg steps: 1089
2020-07-02 01:57:15,033	INFO	Total steps: 446307	Episode: 500/666	Avg reward: -13.65	Avg steps: 1051
2020-07-02 02:08:18,845	INFO	Total steps: 469978	Episode: 520/1401	Avg reward: -11.75	Avg steps: 1182
2020-07-02 02:19:40,561	INFO	Total steps: 494541	Episode: 540/1413	Avg reward: -11.30	Avg steps: 1227
2020-07-02 02:29:47,073	INFO	Total steps: 516041	Episode: 560/1564	Avg reward: -12.70	Avg steps: 1074
2020-07-02 02:40:08,263	INFO	Total steps: 537876	Episode: 580/918	Avg reward: -13.50	Avg steps: 1090
2020-07-02 02:52:40,792	INFO	Total steps: 564278	Episode: 600/1080	Avg reward: -11.35	Avg steps: 1319
2020-07-02 03:04:11,713	INFO	Total steps: 589073	Episode: 620/1182	Avg reward: -12.30	Avg steps: 1238
2020-07-02 03:16:28,651	INFO	Total steps: 615455	Episode: 640/944	Avg reward: -10.20	Avg steps: 1318
2020-07-02 03:30:32,377	INFO	Total steps: 645629	Episode: 660/1131	Avg reward: -8.70	Avg steps: 1507
2020-07-02 03:43:31,477	INFO	Total steps: 673351	Episode: 680/729	Avg reward: -9.95	Avg steps: 1385
2020-07-02 03:54:59,186	INFO	Total steps: 697614	Episode: 700/1348	Avg reward: -12.20	Avg steps: 1212
2020-07-02 04:08:09,973	INFO	Total steps: 725287	Episode: 720/1512	Avg reward: -9.30	Avg steps: 1382
2020-07-02 04:21:32,141	INFO	Total steps: 753831	Episode: 740/1192	Avg reward: -9.30	Avg steps: 1426
2020-07-02 04:35:04,171	INFO	Total steps: 782700	Episode: 760/1445	Avg reward: -9.25	Avg steps: 1442
2020-07-02 04:50:02,404	INFO	Total steps: 814738	Episode: 780/1221	Avg reward: -6.80	Avg steps: 1600
2020-07-02 05:02:57,627	INFO	Total steps: 842497	Episode: 800/1096	Avg reward: -10.40	Avg steps: 1386
2020-07-02 05:16:15,405	INFO	Total steps: 870755	Episode: 820/1375	Avg reward: -10.00	Avg steps: 1411
2020-07-02 05:31:25,942	INFO	Total steps: 902895	Episode: 840/1884	Avg reward: -8.15	Avg steps: 1606
2020-07-02 05:48:12,987	INFO	Total steps: 938632	Episode: 860/2235	Avg reward: -5.10	Avg steps: 1785
2020-07-02 06:05:04,846	INFO	Total steps: 974523	Episode: 880/1162	Avg reward: -6.30	Avg steps: 1793
2020-07-02 06:19:54,468	INFO	Total steps: 1006074	Episode: 900/2188	Avg reward: -5.75	Avg steps: 1576
2020-07-02 06:37:03,359	INFO	Total steps: 1042589	Episode: 920/1733	Avg reward: -2.35	Avg steps: 1824
2020-07-02 06:53:57,012	INFO	Total steps: 1078602	Episode: 940/1591	Avg reward: -1.50	Avg steps: 1799
2020-07-02 07:10:09,169	INFO	Total steps: 1113190	Episode: 960/1439	Avg reward: -5.20	Avg steps: 1728
2020-07-02 07:26:50,452	INFO	Total steps: 1148797	Episode: 980/2213	Avg reward: -4.35	Avg steps: 1779
2020-07-02 07:44:26,883	INFO	Total steps: 1186217	Episode: 1000/1733	Avg reward: -2.80	Avg steps: 1870
2020-07-02 08:02:41,749	INFO	Total steps: 1224342	Episode: 1020/1950	Avg reward: -5.00	Avg steps: 1905
2020-07-02 08:20:12,889	INFO	Total steps: 1261069	Episode: 1040/1892	Avg reward: -2.05	Avg steps: 1835
2020-07-02 08:38:21,471	INFO	Total steps: 1299577	Episode: 1060/1680	Avg reward: 0.75	Avg steps: 1924
2020-07-02 08:56:34,883	INFO	Total steps: 1338286	Episode: 1080/2128	Avg reward: 3.60	Avg steps: 1934
2020-07-02 09:15:03,050	INFO	Total steps: 1377671	Episode: 1100/1783	Avg reward: 1.85	Avg steps: 1968
2020-07-02 09:32:54,503	INFO	Total steps: 1415640	Episode: 1120/1617	Avg reward: 4.75	Avg steps: 1897
2020-07-02 09:51:32,480	INFO	Total steps: 1454334	Episode: 1140/2050	Avg reward: 4.80	Avg steps: 1933
2020-07-02 10:09:51,745	INFO	Total steps: 1492889	Episode: 1160/2070	Avg reward: -1.45	Avg steps: 1926
2020-07-02 10:29:41,189	INFO	Total steps: 1534731	Episode: 1180/2253	Avg reward: 7.90	Avg steps: 2091
2020-07-02 10:49:23,866	INFO	Total steps: 1576520	Episode: 1200/1768	Avg reward: 5.50	Avg steps: 2088
2020-07-02 11:07:00,061	INFO	Total steps: 1613917	Episode: 1220/1913	Avg reward: 1.70	Avg steps: 1868
2020-07-02 11:27:27,033	INFO	Total steps: 1656897	Episode: 1240/2297	Avg reward: 1.45	Avg steps: 2148
2020-07-02 11:46:37,997	INFO	Total steps: 1697130	Episode: 1260/2045	Avg reward: 4.20	Avg steps: 2010
2020-07-02 12:06:29,310	INFO	Total steps: 1738599	Episode: 1280/2146	Avg reward: 4.80	Avg steps: 2072
2020-07-02 12:26:05,936	INFO	Total steps: 1779959	Episode: 1300/2353	Avg reward: 6.60	Avg steps: 2067
2020-07-02 12:45:31,347	INFO	Total steps: 1821087	Episode: 1320/1789	Avg reward: 5.85	Avg steps: 2055
2020-07-02 13:04:09,949	INFO	Total steps: 1860916	Episode: 1340/1949	Avg reward: 7.80	Avg steps: 1990
2020-07-02 13:22:49,509	INFO	Total steps: 1900484	Episode: 1360/1867	Avg reward: 7.45	Avg steps: 1977
2020-07-02 13:42:46,857	INFO	Total steps: 1942818	Episode: 1380/1618	Avg reward: 4.70	Avg steps: 2115
2020-07-02 14:01:06,192	INFO	Total steps: 1981591	Episode: 1400/2176	Avg reward: 10.00	Avg steps: 1937
2020-07-02 14:19:40,828	INFO	Total steps: 2021038	Episode: 1420/1994	Avg reward: 5.30	Avg steps: 1971
2020-07-02 14:38:50,425	INFO	Total steps: 2061678	Episode: 1440/2311	Avg reward: 7.20	Avg steps: 2031
2020-07-02 14:59:25,791	INFO	Total steps: 2104509	Episode: 1460/2124	Avg reward: 8.95	Avg steps: 2140
2020-07-02 15:18:27,811	INFO	Total steps: 2144355	Episode: 1480/1596	Avg reward: 8.05	Avg steps: 1991
2020-07-02 15:36:06,502	INFO	Total steps: 2181044	Episode: 1500/2047	Avg reward: 11.60	Avg steps: 1833
2020-07-02 15:54:04,609	INFO	Total steps: 2219065	Episode: 1520/1843	Avg reward: 9.90	Avg steps: 1900
2020-07-02 16:11:08,430	INFO	Total steps: 2255179	Episode: 1540/1748	Avg reward: 12.15	Avg steps: 1804
2020-07-02 16:29:40,113	INFO	Total steps: 2294318	Episode: 1560/1795	Avg reward: 10.70	Avg steps: 1955
2020-07-02 16:47:23,282	INFO	Total steps: 2331874	Episode: 1580/1940	Avg reward: 10.55	Avg steps: 1876
2020-07-02 17:03:50,201	INFO	Total steps: 2366688	Episode: 1600/1891	Avg reward: 12.60	Avg steps: 1739
2020-07-02 17:21:13,517	INFO	Total steps: 2403124	Episode: 1620/2060	Avg reward: 13.50	Avg steps: 1820
2020-07-02 17:38:31,935	INFO	Total steps: 2439150	Episode: 1640/2011	Avg reward: 13.25	Avg steps: 1800
2020-07-02 17:55:47,358	INFO	Total steps: 2475294	Episode: 1660/1926	Avg reward: 13.65	Avg steps: 1806
2020-07-02 18:14:45,223	INFO	Total steps: 2514699	Episode: 1680/2547	Avg reward: 10.40	Avg steps: 1969
2020-07-02 18:31:55,944	INFO	Total steps: 2550543	Episode: 1700/1947	Avg reward: 13.30	Avg steps: 1791
2020-07-02 18:48:53,365	INFO	Total steps: 2586075	Episode: 1720/2097	Avg reward: 12.75	Avg steps: 1775
2020-07-02 19:06:04,085	INFO	Total steps: 2621786	Episode: 1740/1945	Avg reward: 13.45	Avg steps: 1784
2020-07-02 19:23:25,205	INFO	Total steps: 2657701	Episode: 1760/1706	Avg reward: 13.30	Avg steps: 1794
2020-07-02 19:41:29,852	INFO	Total steps: 2694892	Episode: 1780/1848	Avg reward: 13.15	Avg steps: 1858
2020-07-02 19:59:41,839	INFO	Total steps: 2732438	Episode: 1800/2058	Avg reward: 12.55	Avg steps: 1876
2020-07-02 20:17:12,988	INFO	Total steps: 2768432	Episode: 1820/1621	Avg reward: 12.70	Avg steps: 1798
2020-07-02 20:34:21,388	INFO	Total steps: 2803769	Episode: 1840/1604	Avg reward: 13.05	Avg steps: 1765
2020-07-02 20:51:33,384	INFO	Total steps: 2839664	Episode: 1860/1423	Avg reward: 12.50	Avg steps: 1793
2020-07-02 21:09:25,831	INFO	Total steps: 2877109	Episode: 1880/1985	Avg reward: 13.15	Avg steps: 1871
2020-07-02 21:26:09,835	INFO	Total steps: 2911943	Episode: 1900/1479	Avg reward: 14.45	Avg steps: 1740
2020-07-02 21:43:36,706	INFO	Total steps: 2947865	Episode: 1920/2142	Avg reward: 14.75	Avg steps: 1795
2020-07-02 21:59:42,421	INFO	Total steps: 2981386	Episode: 1940/1580	Avg reward: 15.80	Avg steps: 1675
2020-07-02 22:16:40,098	INFO	Total steps: 3016939	Episode: 1960/1779	Avg reward: 12.90	Avg steps: 1776
2020-07-02 22:33:54,977	INFO	Total steps: 3052414	Episode: 1980/1534	Avg reward: 14.40	Avg steps: 1772
2020-07-02 22:51:52,645	INFO	Total steps: 3089335	Episode: 2000/1635	Avg reward: 14.10	Avg steps: 1845
2020-07-02 23:07:52,148	INFO	Total steps: 3122325	Episode: 2020/1859	Avg reward: 14.70	Avg steps: 1648
2020-07-02 23:23:17,680	INFO	Total steps: 3154115	Episode: 2040/1366	Avg reward: 15.10	Avg steps: 1588
2020-07-02 23:39:37,419	INFO	Total steps: 3187823	Episode: 2060/1966	Avg reward: 15.15	Avg steps: 1684
2020-07-02 23:55:48,862	INFO	Total steps: 3221198	Episode: 2080/1694	Avg reward: 15.85	Avg steps: 1667
2020-07-03 00:11:33,915	INFO	Total steps: 3253803	Episode: 2100/1540	Avg reward: 16.00	Avg steps: 1629
2020-07-03 00:27:39,406	INFO	Total steps: 3287324	Episode: 2120/1675	Avg reward: 14.50	Avg steps: 1675
2020-07-03 00:43:52,340	INFO	Total steps: 3321077	Episode: 2140/1511	Avg reward: 16.30	Avg steps: 1686
2020-07-03 01:00:57,941	INFO	Total steps: 3356713	Episode: 2160/1582	Avg reward: 15.10	Avg steps: 1780
2020-07-03 01:16:54,257	INFO	Total steps: 3390071	Episode: 2180/1743	Avg reward: 16.05	Avg steps: 1666
2020-07-03 01:33:02,091	INFO	Total steps: 3423360	Episode: 2200/1508	Avg reward: 16.30	Avg steps: 1663
2020-07-03 01:48:27,098	INFO	Total steps: 3455221	Episode: 2220/1563	Avg reward: 15.95	Avg steps: 1592
2020-07-03 02:04:28,084	INFO	Total steps: 3488155	Episode: 2240/1822	Avg reward: 15.35	Avg steps: 1645
2020-07-03 02:20:35,300	INFO	Total steps: 3521718	Episode: 2260/1445	Avg reward: 16.55	Avg steps: 1677
2020-07-03 02:36:32,797	INFO	Total steps: 3555093	Episode: 2280/1415	Avg reward: 17.50	Avg steps: 1667
2020-07-03 02:51:54,160	INFO	Total steps: 3587107	Episode: 2300/1521	Avg reward: 16.25	Avg steps: 1599
2020-07-03 03:07:21,460	INFO	Total steps: 3619146	Episode: 2320/1554	Avg reward: 16.20	Avg steps: 1600
2020-07-03 03:22:30,755	INFO	Total steps: 3650567	Episode: 2340/1476	Avg reward: 16.95	Avg steps: 1570
2020-07-03 03:38:37,955	INFO	Total steps: 3684097	Episode: 2360/1912	Avg reward: 17.25	Avg steps: 1675
2020-07-03 03:55:13,121	INFO	Total steps: 3718485	Episode: 2380/1729	Avg reward: 16.80	Avg steps: 1718
2020-07-03 04:11:59,339	INFO	Total steps: 3753036	Episode: 2400/1952	Avg reward: 16.75	Avg steps: 1726
2020-07-03 04:26:53,336	INFO	Total steps: 3783679	Episode: 2420/1710	Avg reward: 17.60	Avg steps: 1531
2020-07-03 04:42:02,667	INFO	Total steps: 3815212	Episode: 2440/1271	Avg reward: 17.25	Avg steps: 1575
2020-07-03 04:57:43,172	INFO	Total steps: 3847659	Episode: 2460/1779	Avg reward: 17.30	Avg steps: 1621
2020-07-03 05:13:52,047	INFO	Total steps: 3880858	Episode: 2480/1981	Avg reward: 17.10	Avg steps: 1658
2020-07-03 05:29:44,354	INFO	Total steps: 3913484	Episode: 2500/1594	Avg reward: 17.35	Avg steps: 1630
2020-07-03 05:45:10,734	INFO	Total steps: 3945565	Episode: 2520/1768	Avg reward: 16.55	Avg steps: 1603
2020-07-03 06:00:35,263	INFO	Total steps: 3977601	Episode: 2540/1405	Avg reward: 18.30	Avg steps: 1600
2020-07-03 06:16:17,440	INFO	Total steps: 4010330	Episode: 2560/1969	Avg reward: 17.90	Avg steps: 1635
2020-07-03 06:32:25,945	INFO	Total steps: 4044520	Episode: 2580/1950	Avg reward: 17.75	Avg steps: 1708
2020-07-03 06:48:14,377	INFO	Total steps: 4077687	Episode: 2600/1886	Avg reward: 17.60	Avg steps: 1657
2020-07-03 07:04:45,191	INFO	Total steps: 4112110	Episode: 2620/1340	Avg reward: 16.85	Avg steps: 1720
2020-07-03 07:20:35,775	INFO	Total steps: 4145177	Episode: 2640/1460	Avg reward: 17.75	Avg steps: 1652
2020-07-03 07:36:28,854	INFO	Total steps: 4178237	Episode: 2660/1665	Avg reward: 17.90	Avg steps: 1652
2020-07-03 07:51:32,990	INFO	Total steps: 4209209	Episode: 2680/1576	Avg reward: 17.65	Avg steps: 1547
2020-07-03 08:06:20,540	INFO	Total steps: 4239887	Episode: 2700/1390	Avg reward: 17.65	Avg steps: 1532
2020-07-03 08:22:12,889	INFO	Total steps: 4272730	Episode: 2720/1752	Avg reward: 17.30	Avg steps: 1641
2020-07-03 08:37:16,697	INFO	Total steps: 4303839	Episode: 2740/1538	Avg reward: 17.75	Avg steps: 1554
2020-07-03 08:53:11,389	INFO	Total steps: 4336791	Episode: 2760/2139	Avg reward: 17.20	Avg steps: 1646
2020-07-03 09:08:30,687	INFO	Total steps: 4368573	Episode: 2780/1353	Avg reward: 18.00	Avg steps: 1588
2020-07-03 09:23:46,123	INFO	Total steps: 4400124	Episode: 2800/1570	Avg reward: 18.05	Avg steps: 1576
2020-07-03 09:38:33,687	INFO	Total steps: 4430604	Episode: 2820/1392	Avg reward: 18.15	Avg steps: 1523
2020-07-03 09:53:42,974	INFO	Total steps: 4462293	Episode: 2840/1802	Avg reward: 18.25	Avg steps: 1583
2020-07-03 10:08:30,013	INFO	Total steps: 4493040	Episode: 2860/1451	Avg reward: 18.20	Avg steps: 1536
2020-07-03 10:25:38,938	INFO	Total steps: 4526561	Episode: 2880/1831	Avg reward: 17.35	Avg steps: 1675
2020-07-03 10:41:36,445	INFO	Total steps: 4558005	Episode: 2900/1648	Avg reward: 18.30	Avg steps: 1571
2020-07-03 10:58:13,677	INFO	Total steps: 4590667	Episode: 2920/1654	Avg reward: 17.10	Avg steps: 1632
2020-07-03 11:14:31,618	INFO	Total steps: 4622726	Episode: 2940/1700	Avg reward: 17.70	Avg steps: 1601
2020-07-03 11:30:45,319	INFO	Total steps: 4654755	Episode: 2960/1339	Avg reward: 18.35	Avg steps: 1600
2020-07-03 11:46:34,219	INFO	Total steps: 4685542	Episode: 2980/1584	Avg reward: 18.30	Avg steps: 1538
2020-07-03 12:02:46,424	INFO	Total steps: 4717325	Episode: 3000/1789	Avg reward: 18.35	Avg steps: 1588
2020-07-03 12:19:16,224	INFO	Total steps: 4749722	Episode: 3020/1939	Avg reward: 17.95	Avg steps: 1618
2020-07-03 12:36:44,574	INFO	Total steps: 4784109	Episode: 3040/1716	Avg reward: 18.15	Avg steps: 1718
2020-07-03 12:53:24,344	INFO	Total steps: 4816469	Episode: 3060/1580	Avg reward: 17.45	Avg steps: 1617
2020-07-03 13:10:18,670	INFO	Total steps: 4849399	Episode: 3080/1528	Avg reward: 17.75	Avg steps: 1645
2020-07-03 13:26:40,775	INFO	Total steps: 4881462	Episode: 3100/1544	Avg reward: 18.65	Avg steps: 1602
2020-07-03 13:42:44,676	INFO	Total steps: 4912793	Episode: 3120/1867	Avg reward: 18.25	Avg steps: 1565
2020-07-03 13:58:36,414	INFO	Total steps: 4943851	Episode: 3140/1384	Avg reward: 18.20	Avg steps: 1551
2020-07-03 14:14:29,375	INFO	Total steps: 4975044	Episode: 3160/1636	Avg reward: 18.20	Avg steps: 1558
2020-07-03 14:31:55,254	INFO	Total steps: 5009183	Episode: 3180/2139	Avg reward: 17.60	Avg steps: 1705
2020-07-03 14:47:52,274	INFO	Total steps: 5040354	Episode: 3200/1483	Avg reward: 18.85	Avg steps: 1557
2020-07-03 15:04:06,392	INFO	Total steps: 5072238	Episode: 3220/1543	Avg reward: 18.15	Avg steps: 1593
2020-07-03 15:20:02,150	INFO	Total steps: 5103453	Episode: 3240/1648	Avg reward: 18.65	Avg steps: 1559
2020-07-03 15:36:42,516	INFO	Total steps: 5135786	Episode: 3260/1785	Avg reward: 19.20	Avg steps: 1615
2020-07-03 15:54:10,611	INFO	Total steps: 5169698	Episode: 3280/1621	Avg reward: 18.30	Avg steps: 1694
2020-07-03 16:10:32,479	INFO	Total steps: 5201685	Episode: 3300/1582	Avg reward: 18.70	Avg steps: 1598
2020-07-03 16:26:25,379	INFO	Total steps: 5232825	Episode: 3320/1534	Avg reward: 18.35	Avg steps: 1556
2020-07-03 16:42:49,195	INFO	Total steps: 5264960	Episode: 3340/1557	Avg reward: 18.40	Avg steps: 1605
2020-07-03 16:59:19,439	INFO	Total steps: 5297163	Episode: 3360/1583	Avg reward: 18.40	Avg steps: 1609
2020-07-03 17:15:12,779	INFO	Total steps: 5327985	Episode: 3380/1563	Avg reward: 18.90	Avg steps: 1540
2020-07-03 17:31:56,267	INFO	Total steps: 5360418	Episode: 3400/1399	Avg reward: 17.95	Avg steps: 1620
2020-07-03 17:48:14,127	INFO	Total steps: 5392489	Episode: 3420/1585	Avg reward: 18.40	Avg steps: 1602
2020-07-03 18:04:17,241	INFO	Total steps: 5424160	Episode: 3440/1758	Avg reward: 18.45	Avg steps: 1582
2020-07-03 18:21:22,781	INFO	Total steps: 5457756	Episode: 3460/1568	Avg reward: 17.20	Avg steps: 1678
2020-07-03 18:38:20,596	INFO	Total steps: 5490649	Episode: 3480/1941	Avg reward: 18.15	Avg steps: 1643
2020-07-03 18:54:48,611	INFO	Total steps: 5522803	Episode: 3500/1699	Avg reward: 18.75	Avg steps: 1606
2020-07-03 19:10:41,081	INFO	Total steps: 5553764	Episode: 3520/1465	Avg reward: 18.85	Avg steps: 1547
2020-07-03 19:27:06,252	INFO	Total steps: 5585635	Episode: 3540/1659	Avg reward: 17.90	Avg steps: 1592
2020-07-03 19:43:18,985	INFO	Total steps: 5617154	Episode: 3560/1963	Avg reward: 18.65	Avg steps: 1574
2020-07-03 19:59:46,953	INFO	Total steps: 5649293	Episode: 3580/1661	Avg reward: 18.50	Avg steps: 1605
2020-07-03 20:16:56,128	INFO	Total steps: 5682687	Episode: 3600/1557	Avg reward: 18.05	Avg steps: 1668
2020-07-03 20:33:36,151	INFO	Total steps: 5715092	Episode: 3620/1497	Avg reward: 17.90	Avg steps: 1619
2020-07-03 20:49:54,006	INFO	Total steps: 5746804	Episode: 3640/1639	Avg reward: 18.20	Avg steps: 1584
2020-07-03 21:06:18,790	INFO	Total steps: 5778828	Episode: 3660/1374	Avg reward: 19.15	Avg steps: 1600
2020-07-03 21:22:41,175	INFO	Total steps: 5810831	Episode: 3680/1608	Avg reward: 18.70	Avg steps: 1599
2020-07-03 21:38:52,447	INFO	Total steps: 5842486	Episode: 3700/1508	Avg reward: 19.10	Avg steps: 1581
2020-07-03 21:54:43,218	INFO	Total steps: 5873481	Episode: 3720/1357	Avg reward: 18.25	Avg steps: 1548
2020-07-03 22:10:25,010	INFO	Total steps: 5904203	Episode: 3740/1499	Avg reward: 18.95	Avg steps: 1535
2020-07-03 22:25:56,014	INFO	Total steps: 5934897	Episode: 3760/1396	Avg reward: 18.90	Avg steps: 1533
2020-07-03 22:42:46,919	INFO	Total steps: 5967649	Episode: 3780/1661	Avg reward: 18.55	Avg steps: 1636
2020-07-03 22:57:49,686	INFO	Total steps: 5999403	Episode: 3800/1235	Avg reward: 18.55	Avg steps: 1586
2020-07-03 23:11:05,213	INFO	Total steps: 6030819	Episode: 3820/1920	Avg reward: 18.35	Avg steps: 1569
2020-07-03 23:23:40,149	INFO	Total steps: 6060823	Episode: 3840/1309	Avg reward: 19.25	Avg steps: 1499
2020-07-03 23:36:53,083	INFO	Total steps: 6092085	Episode: 3860/1408	Avg reward: 18.55	Avg steps: 1562
2020-07-03 23:49:56,048	INFO	Total steps: 6122557	Episode: 3880/1490	Avg reward: 19.15	Avg steps: 1522
2020-07-04 00:02:37,854	INFO	Total steps: 6153039	Episode: 3900/1414	Avg reward: 19.10	Avg steps: 1523
2020-07-04 00:15:32,596	INFO	Total steps: 6183583	Episode: 3920/1468	Avg reward: 18.55	Avg steps: 1526
2020-07-04 00:28:24,349	INFO	Total steps: 6214783	Episode: 3940/1444	Avg reward: 18.40	Avg steps: 1559
2020-07-04 00:40:39,126	INFO	Total steps: 6245061	Episode: 3960/1733	Avg reward: 18.70	Avg steps: 1512
2020-07-04 00:53:32,482	INFO	Total steps: 6276321	Episode: 3980/1954	Avg reward: 18.60	Avg steps: 1562
2020-07-04 01:06:52,582	INFO	Total steps: 6308432	Episode: 4000/1839	Avg reward: 18.80	Avg steps: 1604
2020-07-06 17:19:04,365	INFO	--width 160 --height 160 --ball 1.0 --ball-size 2.0 --snell 1.0 --snell-width 60.0 --snell-change 0.0 --snell-visible none --paddle-speed 1.0 --paddle-angle 89.0 --paddle-length 20.0 --update-prob 0.2 --state binary --learning-rate 0.0001 --network dqn_pong_model --render False --epsdecay 1000 --episodes 4000 --replay 10000 --checkpoint dqn_pong_model --history history.p --store-dir ../experiments/snell_width.60.0-paddle_length.20.0-paddle_angle.89.0-update_prob.0.2 
2020-07-06 17:19:04,442	INFO	Device: cuda
2020-07-06 17:21:43,797	INFO	Total steps: 13420	Episode: 20/696	Avg reward: -17.65	Avg steps: 670
2020-07-06 17:28:45,220	INFO	Total steps: 28571	Episode: 40/1022	Avg reward: -17.00	Avg steps: 756
2020-07-06 17:35:39,220	INFO	Total steps: 43552	Episode: 60/816	Avg reward: -17.50	Avg steps: 748
2020-07-06 17:43:27,178	INFO	Total steps: 60485	Episode: 80/872	Avg reward: -16.00	Avg steps: 845
2020-07-06 17:50:49,549	INFO	Total steps: 76532	Episode: 100/1010	Avg reward: -16.50	Avg steps: 801
2020-07-06 17:57:41,923	INFO	Total steps: 91459	Episode: 120/687	Avg reward: -17.20	Avg steps: 745
2020-07-06 18:05:45,783	INFO	Total steps: 108377	Episode: 140/660	Avg reward: -16.35	Avg steps: 844
2020-07-06 18:13:25,526	INFO	Total steps: 124065	Episode: 160/823	Avg reward: -16.65	Avg steps: 783
2020-07-06 18:21:16,224	INFO	Total steps: 139941	Episode: 180/967	Avg reward: -16.80	Avg steps: 792
2020-07-06 18:29:03,887	INFO	Total steps: 155703	Episode: 200/862	Avg reward: -16.25	Avg steps: 787
2020-07-06 18:37:22,377	INFO	Total steps: 172707	Episode: 220/799	Avg reward: -15.55	Avg steps: 849
2020-07-06 18:46:18,318	INFO	Total steps: 190886	Episode: 240/1232	Avg reward: -15.65	Avg steps: 907
2020-07-06 18:54:45,686	INFO	Total steps: 209207	Episode: 260/1209	Avg reward: -15.10	Avg steps: 915
2020-07-06 19:02:20,765	INFO	Total steps: 226533	Episode: 280/736	Avg reward: -15.40	Avg steps: 865
2020-07-06 19:10:26,568	INFO	Total steps: 245091	Episode: 300/784	Avg reward: -14.50	Avg steps: 926
2020-07-06 19:17:42,175	INFO	Total steps: 261765	Episode: 320/1368	Avg reward: -16.00	Avg steps: 832
2020-07-06 19:25:19,743	INFO	Total steps: 279474	Episode: 340/656	Avg reward: -14.75	Avg steps: 884
2020-07-06 19:32:54,675	INFO	Total steps: 296806	Episode: 360/1108	Avg reward: -15.90	Avg steps: 865
2020-07-06 19:40:52,806	INFO	Total steps: 314801	Episode: 380/1085	Avg reward: -15.20	Avg steps: 898
2020-07-06 19:49:11,374	INFO	Total steps: 334025	Episode: 400/998	Avg reward: -14.50	Avg steps: 960
2020-07-06 19:59:46,049	INFO	Total steps: 354949	Episode: 420/922	Avg reward: -13.90	Avg steps: 1045
2020-07-06 20:09:18,337	INFO	Total steps: 376094	Episode: 440/1230	Avg reward: -13.85	Avg steps: 1056
2020-07-06 20:18:09,760	INFO	Total steps: 396552	Episode: 460/797	Avg reward: -14.45	Avg steps: 1021
2020-07-06 20:27:23,004	INFO	Total steps: 417697	Episode: 480/1484	Avg reward: -13.35	Avg steps: 1056
2020-07-06 20:36:42,831	INFO	Total steps: 438930	Episode: 500/587	Avg reward: -13.35	Avg steps: 1060
2020-07-06 20:44:38,268	INFO	Total steps: 457085	Episode: 520/701	Avg reward: -15.30	Avg steps: 906
2020-07-06 20:53:07,573	INFO	Total steps: 476334	Episode: 540/1094	Avg reward: -14.90	Avg steps: 961
2020-07-06 21:02:43,194	INFO	Total steps: 498296	Episode: 560/1007	Avg reward: -12.80	Avg steps: 1097
2020-07-06 21:12:32,140	INFO	Total steps: 520606	Episode: 580/884	Avg reward: -12.90	Avg steps: 1114
2020-07-06 21:22:31,574	INFO	Total steps: 542868	Episode: 600/1046	Avg reward: -13.45	Avg steps: 1112
2020-07-06 21:33:08,655	INFO	Total steps: 566528	Episode: 620/1358	Avg reward: -11.95	Avg steps: 1182
2020-07-06 21:45:20,356	INFO	Total steps: 591503	Episode: 640/1246	Avg reward: -10.15	Avg steps: 1247
2020-07-06 21:57:28,490	INFO	Total steps: 615347	Episode: 660/1111	Avg reward: -12.65	Avg steps: 1191
2020-07-06 22:09:45,228	INFO	Total steps: 639201	Episode: 680/1176	Avg reward: -12.10	Avg steps: 1191
2020-07-06 22:22:08,432	INFO	Total steps: 663413	Episode: 700/1249	Avg reward: -12.05	Avg steps: 1209
2020-07-06 22:35:09,576	INFO	Total steps: 690382	Episode: 720/1576	Avg reward: -10.45	Avg steps: 1347
2020-07-06 22:47:29,955	INFO	Total steps: 717276	Episode: 740/1462	Avg reward: -10.50	Avg steps: 1343
2020-07-06 22:58:58,158	INFO	Total steps: 742617	Episode: 760/1351	Avg reward: -11.20	Avg steps: 1266
2020-07-06 23:10:41,780	INFO	Total steps: 769032	Episode: 780/1467	Avg reward: -10.80	Avg steps: 1319
2020-07-06 23:23:43,349	INFO	Total steps: 798177	Episode: 800/1277	Avg reward: -9.15	Avg steps: 1456
2020-07-06 23:36:27,041	INFO	Total steps: 827171	Episode: 820/990	Avg reward: -10.30	Avg steps: 1448
2020-07-06 23:48:55,182	INFO	Total steps: 854524	Episode: 840/1892	Avg reward: -10.45	Avg steps: 1366
2020-07-07 00:01:22,221	INFO	Total steps: 882112	Episode: 860/941	Avg reward: -9.90	Avg steps: 1378
2020-07-07 00:13:00,559	INFO	Total steps: 907653	Episode: 880/1406	Avg reward: -10.40	Avg steps: 1276
2020-07-07 00:28:22,006	INFO	Total steps: 941553	Episode: 900/1271	Avg reward: -6.55	Avg steps: 1694
2020-07-07 00:43:46,473	INFO	Total steps: 975679	Episode: 920/2167	Avg reward: -5.90	Avg steps: 1705
2020-07-07 01:01:32,334	INFO	Total steps: 1014269	Episode: 940/2662	Avg reward: -3.15	Avg steps: 1928
2020-07-07 01:18:33,595	INFO	Total steps: 1051029	Episode: 960/2140	Avg reward: -1.25	Avg steps: 1837
2020-07-07 01:34:06,944	INFO	Total steps: 1083137	Episode: 980/1252	Avg reward: -5.00	Avg steps: 1604
2020-07-07 01:52:38,507	INFO	Total steps: 1121322	Episode: 1000/2307	Avg reward: -0.95	Avg steps: 1908
2020-07-07 02:10:38,806	INFO	Total steps: 1158826	Episode: 1020/1754	Avg reward: -3.05	Avg steps: 1874
2020-07-07 02:29:33,591	INFO	Total steps: 1198201	Episode: 1040/1673	Avg reward: -1.50	Avg steps: 1967
2020-07-07 02:47:17,103	INFO	Total steps: 1235013	Episode: 1060/2306	Avg reward: -2.85	Avg steps: 1839
2020-07-07 03:05:07,360	INFO	Total steps: 1272027	Episode: 1080/1769	Avg reward: -2.90	Avg steps: 1849
2020-07-07 03:22:30,194	INFO	Total steps: 1308123	Episode: 1100/2087	Avg reward: -4.15	Avg steps: 1803
2020-07-07 03:41:01,010	INFO	Total steps: 1346576	Episode: 1120/1969	Avg reward: -2.05	Avg steps: 1921
2020-07-07 04:02:04,310	INFO	Total steps: 1387699	Episode: 1140/1523	Avg reward: -0.75	Avg steps: 2055
2020-07-07 04:24:25,388	INFO	Total steps: 1428907	Episode: 1160/1803	Avg reward: -2.85	Avg steps: 2059
2020-07-07 04:46:52,479	INFO	Total steps: 1470704	Episode: 1180/2206	Avg reward: 0.85	Avg steps: 2088
2020-07-07 05:06:58,838	INFO	Total steps: 1508181	Episode: 1200/1922	Avg reward: -2.05	Avg steps: 1872
2020-07-07 05:29:57,343	INFO	Total steps: 1550907	Episode: 1220/2757	Avg reward: 2.05	Avg steps: 2135
2020-07-07 05:52:07,929	INFO	Total steps: 1591522	Episode: 1240/1817	Avg reward: 5.25	Avg steps: 2029
2020-07-07 06:13:38,514	INFO	Total steps: 1631337	Episode: 1260/1902	Avg reward: 5.10	Avg steps: 1989
2020-07-07 06:35:01,687	INFO	Total steps: 1671136	Episode: 1280/1660	Avg reward: 4.25	Avg steps: 1988
2020-07-07 06:56:39,899	INFO	Total steps: 1711303	Episode: 1300/1937	Avg reward: 0.55	Avg steps: 2007
2020-07-07 07:18:30,932	INFO	Total steps: 1751718	Episode: 1320/2071	Avg reward: 3.85	Avg steps: 2019
2020-07-07 07:38:47,280	INFO	Total steps: 1791605	Episode: 1340/1886	Avg reward: 2.40	Avg steps: 1993
2020-07-07 07:57:34,861	INFO	Total steps: 1831525	Episode: 1360/1808	Avg reward: 6.10	Avg steps: 1995
2020-07-07 08:16:16,993	INFO	Total steps: 1871168	Episode: 1380/2180	Avg reward: 8.05	Avg steps: 1981
2020-07-07 08:34:49,132	INFO	Total steps: 1909975	Episode: 1400/2312	Avg reward: 8.40	Avg steps: 1939
2020-07-07 08:53:17,074	INFO	Total steps: 1949031	Episode: 1420/1992	Avg reward: 6.85	Avg steps: 1951
2020-07-07 09:12:37,208	INFO	Total steps: 1989926	Episode: 1440/1798	Avg reward: 8.95	Avg steps: 2043
2020-07-07 09:32:37,771	INFO	Total steps: 2032361	Episode: 1460/2104	Avg reward: 8.90	Avg steps: 2120
2020-07-07 09:52:22,244	INFO	Total steps: 2073983	Episode: 1480/2125	Avg reward: 6.05	Avg steps: 2080
2020-07-07 10:08:58,646	INFO	Total steps: 2110119	Episode: 1500/2198	Avg reward: 12.15	Avg steps: 1805
2020-07-07 10:25:19,322	INFO	Total steps: 2145648	Episode: 1520/1771	Avg reward: 12.40	Avg steps: 1775
2020-07-07 10:43:09,602	INFO	Total steps: 2184107	Episode: 1540/2218	Avg reward: 11.60	Avg steps: 1921
2020-07-07 11:01:07,228	INFO	Total steps: 2222993	Episode: 1560/2450	Avg reward: 11.85	Avg steps: 1943
2020-07-07 11:17:58,019	INFO	Total steps: 2259561	Episode: 1580/1694	Avg reward: 11.30	Avg steps: 1827
2020-07-07 11:36:22,669	INFO	Total steps: 2299194	Episode: 1600/1966	Avg reward: 10.10	Avg steps: 1980
2020-07-07 11:54:12,036	INFO	Total steps: 2337750	Episode: 1620/2268	Avg reward: 10.65	Avg steps: 1926
2020-07-07 12:12:04,259	INFO	Total steps: 2376500	Episode: 1640/1790	Avg reward: 10.05	Avg steps: 1936
2020-07-07 12:29:20,401	INFO	Total steps: 2413560	Episode: 1660/1839	Avg reward: 11.85	Avg steps: 1852
2020-07-07 12:45:40,656	INFO	Total steps: 2448368	Episode: 1680/1916	Avg reward: 13.75	Avg steps: 1739
2020-07-07 13:02:27,108	INFO	Total steps: 2484033	Episode: 1700/1887	Avg reward: 12.25	Avg steps: 1782
2020-07-07 13:19:39,872	INFO	Total steps: 2520260	Episode: 1720/2060	Avg reward: 12.60	Avg steps: 1810
2020-07-07 13:36:44,013	INFO	Total steps: 2556116	Episode: 1740/1985	Avg reward: 12.75	Avg steps: 1791
2020-07-07 13:54:37,999	INFO	Total steps: 2593765	Episode: 1760/1724	Avg reward: 13.90	Avg steps: 1881
2020-07-07 14:12:49,388	INFO	Total steps: 2632004	Episode: 1780/1892	Avg reward: 12.60	Avg steps: 1910
2020-07-07 14:30:37,679	INFO	Total steps: 2669499	Episode: 1800/2398	Avg reward: 12.55	Avg steps: 1873
2020-07-07 14:47:24,841	INFO	Total steps: 2704746	Episode: 1820/1855	Avg reward: 12.95	Avg steps: 1761
2020-07-07 15:05:07,911	INFO	Total steps: 2741958	Episode: 1840/1964	Avg reward: 13.90	Avg steps: 1859
2020-07-07 15:21:43,830	INFO	Total steps: 2776932	Episode: 1860/1494	Avg reward: 13.60	Avg steps: 1747
2020-07-07 15:38:39,771	INFO	Total steps: 2812349	Episode: 1880/1717	Avg reward: 13.75	Avg steps: 1769
2020-07-07 15:55:39,660	INFO	Total steps: 2847896	Episode: 1900/1748	Avg reward: 13.50	Avg steps: 1776
2020-07-07 16:13:07,786	INFO	Total steps: 2883937	Episode: 1920/1731	Avg reward: 13.80	Avg steps: 1801
2020-07-07 16:31:34,379	INFO	Total steps: 2922070	Episode: 1940/1731	Avg reward: 14.30	Avg steps: 1905
2020-07-07 16:48:50,266	INFO	Total steps: 2957080	Episode: 1960/1683	Avg reward: 15.20	Avg steps: 1749
2020-07-07 17:06:18,740	INFO	Total steps: 2992379	Episode: 1980/1924	Avg reward: 14.85	Avg steps: 1763
2020-07-07 17:23:57,018	INFO	Total steps: 3027818	Episode: 2000/1642	Avg reward: 14.50	Avg steps: 1770
2020-07-07 17:40:50,608	INFO	Total steps: 3062024	Episode: 2020/1348	Avg reward: 15.10	Avg steps: 1709
2020-07-07 17:58:37,025	INFO	Total steps: 3098039	Episode: 2040/1545	Avg reward: 14.45	Avg steps: 1799
2020-07-07 18:16:15,684	INFO	Total steps: 3133833	Episode: 2060/1467	Avg reward: 15.50	Avg steps: 1788
2020-07-07 18:33:10,127	INFO	Total steps: 3168063	Episode: 2080/1635	Avg reward: 14.80	Avg steps: 1710
2020-07-07 18:49:58,100	INFO	Total steps: 3201923	Episode: 2100/1772	Avg reward: 15.40	Avg steps: 1692
2020-07-07 19:06:55,785	INFO	Total steps: 3236363	Episode: 2120/1755	Avg reward: 16.00	Avg steps: 1721
2020-07-07 19:24:36,095	INFO	Total steps: 3271695	Episode: 2140/1595	Avg reward: 16.00	Avg steps: 1765
2020-07-07 19:42:18,492	INFO	Total steps: 3306792	Episode: 2160/1728	Avg reward: 15.55	Avg steps: 1753
2020-07-07 19:58:48,498	INFO	Total steps: 3339613	Episode: 2180/1653	Avg reward: 15.90	Avg steps: 1640
2020-07-07 20:15:25,595	INFO	Total steps: 3372990	Episode: 2200/1676	Avg reward: 16.10	Avg steps: 1667
2020-07-07 20:31:35,202	INFO	Total steps: 3405476	Episode: 2220/1725	Avg reward: 16.70	Avg steps: 1623
2020-07-07 20:47:23,052	INFO	Total steps: 3437346	Episode: 2240/1572	Avg reward: 17.05	Avg steps: 1592
2020-07-07 21:04:28,129	INFO	Total steps: 3472145	Episode: 2260/1498	Avg reward: 16.50	Avg steps: 1738
2020-07-07 21:20:50,291	INFO	Total steps: 3505070	Episode: 2280/1696	Avg reward: 16.55	Avg steps: 1645
2020-07-07 21:37:23,428	INFO	Total steps: 3538498	Episode: 2300/1585	Avg reward: 16.75	Avg steps: 1670
2020-07-07 21:54:03,382	INFO	Total steps: 3572102	Episode: 2320/1403	Avg reward: 16.95	Avg steps: 1679
2020-07-07 22:10:35,586	INFO	Total steps: 3606208	Episode: 2340/1562	Avg reward: 16.15	Avg steps: 1704
2020-07-07 22:26:48,426	INFO	Total steps: 3639697	Episode: 2360/2030	Avg reward: 17.60	Avg steps: 1673
2020-07-07 22:44:04,046	INFO	Total steps: 3675219	Episode: 2380/1714	Avg reward: 15.75	Avg steps: 1775
2020-07-07 22:59:53,892	INFO	Total steps: 3707785	Episode: 2400/1695	Avg reward: 16.55	Avg steps: 1627
2020-07-07 23:16:02,215	INFO	Total steps: 3740794	Episode: 2420/1552	Avg reward: 16.60	Avg steps: 1649
2020-07-07 23:31:48,160	INFO	Total steps: 3773216	Episode: 2440/1500	Avg reward: 17.10	Avg steps: 1620
2020-07-07 23:47:34,134	INFO	Total steps: 3805813	Episode: 2460/1431	Avg reward: 16.60	Avg steps: 1628
2020-07-08 00:04:19,052	INFO	Total steps: 3840360	Episode: 2480/1672	Avg reward: 15.95	Avg steps: 1726
2020-07-08 00:20:33,751	INFO	Total steps: 3873803	Episode: 2500/1642	Avg reward: 15.70	Avg steps: 1671
2020-07-08 00:35:44,629	INFO	Total steps: 3905066	Episode: 2520/1444	Avg reward: 17.05	Avg steps: 1562
2020-07-08 00:51:41,389	INFO	Total steps: 3937673	Episode: 2540/1712	Avg reward: 17.75	Avg steps: 1629
2020-07-08 01:08:54,151	INFO	Total steps: 3972950	Episode: 2560/1717	Avg reward: 16.20	Avg steps: 1762
2020-07-08 01:24:56,600	INFO	Total steps: 4005877	Episode: 2580/1495	Avg reward: 17.40	Avg steps: 1645
2020-07-08 01:42:05,395	INFO	Total steps: 4040852	Episode: 2600/2224	Avg reward: 16.70	Avg steps: 1747
2020-07-08 01:58:05,463	INFO	Total steps: 4073559	Episode: 2620/1499	Avg reward: 16.75	Avg steps: 1634
2020-07-08 02:14:05,556	INFO	Total steps: 4106088	Episode: 2640/1626	Avg reward: 17.95	Avg steps: 1625
2020-07-08 02:30:10,960	INFO	Total steps: 4138296	Episode: 2660/1423	Avg reward: 17.75	Avg steps: 1609
2020-07-08 02:46:28,585	INFO	Total steps: 4170829	Episode: 2680/1754	Avg reward: 17.45	Avg steps: 1625
2020-07-08 03:03:27,558	INFO	Total steps: 4204572	Episode: 2700/1535	Avg reward: 17.65	Avg steps: 1686
2020-07-08 03:19:39,644	INFO	Total steps: 4236609	Episode: 2720/1518	Avg reward: 17.60	Avg steps: 1600
2020-07-08 03:35:55,146	INFO	Total steps: 4268976	Episode: 2740/1545	Avg reward: 17.65	Avg steps: 1617
2020-07-08 03:52:08,103	INFO	Total steps: 4301175	Episode: 2760/1554	Avg reward: 17.85	Avg steps: 1608
2020-07-08 04:08:38,851	INFO	Total steps: 4334157	Episode: 2780/2009	Avg reward: 17.85	Avg steps: 1648
2020-07-08 04:24:45,776	INFO	Total steps: 4366275	Episode: 2800/1702	Avg reward: 17.60	Avg steps: 1604
2020-07-08 04:40:35,312	INFO	Total steps: 4397855	Episode: 2820/1411	Avg reward: 18.05	Avg steps: 1578
2020-07-08 04:56:49,135	INFO	Total steps: 4430122	Episode: 2840/1392	Avg reward: 17.85	Avg steps: 1612
2020-07-08 05:12:52,139	INFO	Total steps: 4461949	Episode: 2860/2446	Avg reward: 18.70	Avg steps: 1590
2020-07-08 05:28:38,823	INFO	Total steps: 4492963	Episode: 2880/1717	Avg reward: 18.30	Avg steps: 1549
2020-07-08 05:45:54,333	INFO	Total steps: 4527235	Episode: 2900/1591	Avg reward: 17.30	Avg steps: 1712
2020-07-08 06:01:03,910	INFO	Total steps: 4557850	Episode: 2920/1618	Avg reward: 18.25	Avg steps: 1529
2020-07-08 06:17:02,099	INFO	Total steps: 4589843	Episode: 2940/1557	Avg reward: 17.95	Avg steps: 1598
2020-07-08 06:33:08,899	INFO	Total steps: 4622057	Episode: 2960/1729	Avg reward: 18.00	Avg steps: 1609
2020-07-08 06:49:44,974	INFO	Total steps: 4655327	Episode: 2980/1773	Avg reward: 17.65	Avg steps: 1662
2020-07-08 07:05:45,709	INFO	Total steps: 4688174	Episode: 3000/1394	Avg reward: 17.45	Avg steps: 1641
2020-07-08 07:21:05,286	INFO	Total steps: 4719423	Episode: 3020/1628	Avg reward: 17.35	Avg steps: 1561
2020-07-08 07:35:37,784	INFO	Total steps: 4749015	Episode: 3040/1443	Avg reward: 18.10	Avg steps: 1478
2020-07-08 07:51:41,742	INFO	Total steps: 4781369	Episode: 3060/1869	Avg reward: 17.90	Avg steps: 1616
2020-07-08 08:06:53,891	INFO	Total steps: 4812579	Episode: 3080/1487	Avg reward: 18.95	Avg steps: 1559
2020-07-08 08:21:49,151	INFO	Total steps: 4843581	Episode: 3100/1312	Avg reward: 18.85	Avg steps: 1549
2020-07-08 08:36:42,686	INFO	Total steps: 4874251	Episode: 3120/1517	Avg reward: 17.70	Avg steps: 1532
2020-07-08 08:51:44,191	INFO	Total steps: 4904797	Episode: 3140/1781	Avg reward: 18.55	Avg steps: 1526
2020-07-08 09:06:37,136	INFO	Total steps: 4935199	Episode: 3160/1486	Avg reward: 18.50	Avg steps: 1519
2020-07-08 09:22:11,563	INFO	Total steps: 4967065	Episode: 3180/1518	Avg reward: 18.30	Avg steps: 1592
2020-07-08 09:37:58,143	INFO	Total steps: 4999596	Episode: 3200/1801	Avg reward: 17.85	Avg steps: 1625
2020-07-08 09:52:39,150	INFO	Total steps: 5029720	Episode: 3220/1512	Avg reward: 18.40	Avg steps: 1505
2020-07-08 10:07:15,885	INFO	Total steps: 5059801	Episode: 3240/1525	Avg reward: 18.55	Avg steps: 1503
2020-07-08 10:22:28,232	INFO	Total steps: 5090917	Episode: 3260/1730	Avg reward: 17.65	Avg steps: 1554
2020-07-08 10:38:33,301	INFO	Total steps: 5123852	Episode: 3280/2185	Avg reward: 18.00	Avg steps: 1645
2020-07-08 10:54:10,614	INFO	Total steps: 5155819	Episode: 3300/1735	Avg reward: 18.45	Avg steps: 1597
2020-07-08 11:10:15,734	INFO	Total steps: 5188107	Episode: 3320/1740	Avg reward: 18.25	Avg steps: 1613
2020-07-08 11:25:58,554	INFO	Total steps: 5219616	Episode: 3340/1570	Avg reward: 18.65	Avg steps: 1574
2020-07-08 11:40:55,424	INFO	Total steps: 5250372	Episode: 3360/1491	Avg reward: 19.05	Avg steps: 1536
2020-07-08 11:55:52,906	INFO	Total steps: 5281243	Episode: 3380/1306	Avg reward: 18.45	Avg steps: 1542
2020-07-08 12:10:51,559	INFO	Total steps: 5311743	Episode: 3400/1230	Avg reward: 18.30	Avg steps: 1524
2020-07-08 12:26:33,631	INFO	Total steps: 5343470	Episode: 3420/1907	Avg reward: 18.05	Avg steps: 1585
2020-07-08 12:42:32,648	INFO	Total steps: 5375991	Episode: 3440/1913	Avg reward: 18.60	Avg steps: 1625
2020-07-08 12:57:54,511	INFO	Total steps: 5407655	Episode: 3460/1443	Avg reward: 18.35	Avg steps: 1582
2020-07-08 13:13:42,819	INFO	Total steps: 5440190	Episode: 3480/1665	Avg reward: 18.15	Avg steps: 1625
2020-07-08 13:28:51,746	INFO	Total steps: 5471036	Episode: 3500/1462	Avg reward: 19.00	Avg steps: 1541
2020-07-08 13:42:42,895	INFO	Total steps: 5501141	Episode: 3520/1466	Avg reward: 18.75	Avg steps: 1504
2020-07-08 13:57:33,701	INFO	Total steps: 5536119	Episode: 3540/2450	Avg reward: 17.95	Avg steps: 1747
2020-07-08 14:10:11,520	INFO	Total steps: 5566668	Episode: 3560/1344	Avg reward: 18.50	Avg steps: 1526
2020-07-08 14:23:28,677	INFO	Total steps: 5598224	Episode: 3580/1782	Avg reward: 18.40	Avg steps: 1576
2020-07-08 14:37:19,224	INFO	Total steps: 5628555	Episode: 3600/1302	Avg reward: 19.10	Avg steps: 1515
2020-07-08 14:52:25,295	INFO	Total steps: 5659739	Episode: 3620/1581	Avg reward: 18.60	Avg steps: 1558
2020-07-08 15:07:09,708	INFO	Total steps: 5689895	Episode: 3640/1486	Avg reward: 18.30	Avg steps: 1506
2020-07-08 15:21:55,753	INFO	Total steps: 5720343	Episode: 3660/1555	Avg reward: 18.95	Avg steps: 1521
2020-07-08 15:36:42,317	INFO	Total steps: 5750681	Episode: 3680/1694	Avg reward: 18.70	Avg steps: 1515
2020-07-08 15:51:51,113	INFO	Total steps: 5781660	Episode: 3700/1511	Avg reward: 18.45	Avg steps: 1547
2020-07-08 16:07:22,781	INFO	Total steps: 5813409	Episode: 3720/1816	Avg reward: 18.85	Avg steps: 1586
2020-07-08 16:22:08,584	INFO	Total steps: 5843735	Episode: 3740/1490	Avg reward: 19.20	Avg steps: 1515
2020-07-08 16:37:12,129	INFO	Total steps: 5874703	Episode: 3760/1715	Avg reward: 18.95	Avg steps: 1547
2020-07-08 16:52:20,427	INFO	Total steps: 5905372	Episode: 3780/1489	Avg reward: 19.35	Avg steps: 1532
2020-07-08 17:08:14,829	INFO	Total steps: 5937483	Episode: 3800/1288	Avg reward: 18.15	Avg steps: 1604
2020-07-08 17:23:36,750	INFO	Total steps: 5968309	Episode: 3820/1552	Avg reward: 19.40	Avg steps: 1540
2020-07-08 17:40:31,928	INFO	Total steps: 6000480	Episode: 3840/1602	Avg reward: 18.35	Avg steps: 1607
2020-07-08 17:55:25,486	INFO	Total steps: 6030477	Episode: 3860/1322	Avg reward: 18.95	Avg steps: 1498
2020-07-08 18:10:01,729	INFO	Total steps: 6060086	Episode: 3880/1398	Avg reward: 19.05	Avg steps: 1479
2020-07-08 18:24:20,716	INFO	Total steps: 6089159	Episode: 3900/1717	Avg reward: 19.15	Avg steps: 1452
2020-07-08 18:39:18,016	INFO	Total steps: 6119383	Episode: 3920/1442	Avg reward: 18.65	Avg steps: 1510
2020-07-08 18:54:22,684	INFO	Total steps: 6150210	Episode: 3940/1473	Avg reward: 18.45	Avg steps: 1540
2020-07-08 19:08:50,243	INFO	Total steps: 6179321	Episode: 3960/1349	Avg reward: 18.95	Avg steps: 1454
2020-07-08 19:24:14,959	INFO	Total steps: 6210322	Episode: 3980/1591	Avg reward: 18.85	Avg steps: 1549
2020-07-08 19:39:20,706	INFO	Total steps: 6241195	Episode: 4000/1714	Avg reward: 19.15	Avg steps: 1542
