2020-07-13 21:35:59,266	INFO	--width 160 --height 160 --ball 3.0 --ball-size 2.0 --snell 3.0 --snell-width 40.0 --snell-change 0 --snell-visible none --paddle-speed 3.0 --paddle-angle 45.0 --paddle-length 45.0 --update-prob 0.2 --state binary --learning-rate 0.0001 --network dqn_pong_model --render False --epsdecay 1000 --episodes 4000 --replay 10000 --checkpoint dqn_pong_model --history history.p --store-dir ../experiments/exppolicygrad 
2020-07-13 21:35:59,266	INFO	Device: cuda
2020-07-13 21:36:03,019	INFO	Training the Policy gradient model
2020-07-13 21:36:50,298	INFO	Total steps: 0	Episode: 20/336	Avg reward: -17.65	Avg steps: 377
2020-07-13 21:37:37,373	INFO	Total steps: 0	Episode: 40/294	Avg reward: -17.65	Avg steps: 366
2020-07-13 21:38:29,199	INFO	Total steps: 0	Episode: 60/418	Avg reward: -17.30	Avg steps: 401
2020-07-13 21:39:17,647	INFO	Total steps: 0	Episode: 80/425	Avg reward: -18.60	Avg steps: 357
2020-07-13 21:40:12,176	INFO	Total steps: 0	Episode: 100/388	Avg reward: -17.95	Avg steps: 413
2020-07-13 21:40:59,563	INFO	Total steps: 0	Episode: 120/328	Avg reward: -17.60	Avg steps: 358
2020-07-13 21:41:49,458	INFO	Total steps: 0	Episode: 140/534	Avg reward: -17.75	Avg steps: 400
2020-07-13 21:42:39,270	INFO	Total steps: 0	Episode: 160/402	Avg reward: -18.20	Avg steps: 386
2020-07-13 21:43:27,352	INFO	Total steps: 0	Episode: 180/373	Avg reward: -17.85	Avg steps: 369
2020-07-13 21:44:15,888	INFO	Total steps: 0	Episode: 200/489	Avg reward: -17.80	Avg steps: 373
2020-07-13 21:45:15,177	INFO	Total steps: 0	Episode: 220/351	Avg reward: -17.50	Avg steps: 464
2020-07-13 21:46:17,257	INFO	Total steps: 0	Episode: 240/613	Avg reward: -16.75	Avg steps: 481
2020-07-13 21:47:28,510	INFO	Total steps: 0	Episode: 260/456	Avg reward: -15.35	Avg steps: 548
2020-07-13 21:48:39,553	INFO	Total steps: 0	Episode: 280/538	Avg reward: -15.25	Avg steps: 546
2020-07-13 21:49:41,848	INFO	Total steps: 0	Episode: 300/504	Avg reward: -16.40	Avg steps: 495
2020-07-13 21:50:48,472	INFO	Total steps: 0	Episode: 320/479	Avg reward: -16.15	Avg steps: 508
2020-07-13 21:51:54,075	INFO	Total steps: 0	Episode: 340/525	Avg reward: -16.00	Avg steps: 522
2020-07-13 21:53:03,771	INFO	Total steps: 0	Episode: 360/492	Avg reward: -16.20	Avg steps: 550
2020-07-13 21:54:21,794	INFO	Total steps: 0	Episode: 380/737	Avg reward: -14.80	Avg steps: 604
2020-07-13 21:55:40,208	INFO	Total steps: 0	Episode: 400/688	Avg reward: -14.90	Avg steps: 593
2020-07-13 21:57:10,620	INFO	Total steps: 0	Episode: 420/809	Avg reward: -14.45	Avg steps: 723
2020-07-13 21:59:24,063	INFO	Total steps: 0	Episode: 440/1132	Avg reward: -12.25	Avg steps: 1019
2020-07-13 22:01:51,368	INFO	Total steps: 0	Episode: 460/899	Avg reward: -11.45	Avg steps: 1155
2020-07-13 22:04:09,185	INFO	Total steps: 0	Episode: 480/1279	Avg reward: -12.85	Avg steps: 1044
2020-07-13 22:06:33,358	INFO	Total steps: 0	Episode: 500/844	Avg reward: -11.90	Avg steps: 1161
2020-07-13 22:09:13,225	INFO	Total steps: 0	Episode: 520/1334	Avg reward: -12.15	Avg steps: 1215
2020-07-13 22:11:42,023	INFO	Total steps: 0	Episode: 540/1159	Avg reward: -11.35	Avg steps: 1153
2020-07-13 22:14:01,971	INFO	Total steps: 0	Episode: 560/1279	Avg reward: -11.20	Avg steps: 1106
2020-07-13 22:16:56,688	INFO	Total steps: 0	Episode: 580/930	Avg reward: -10.15	Avg steps: 1334
2020-07-13 22:18:52,908	INFO	Total steps: 0	Episode: 600/798	Avg reward: -13.10	Avg steps: 917
2020-07-13 22:21:38,037	INFO	Total steps: 0	Episode: 620/1574	Avg reward: -10.95	Avg steps: 1276
2020-07-13 22:25:00,625	INFO	Total steps: 0	Episode: 640/1410	Avg reward: -8.15	Avg steps: 1579
2020-07-13 22:28:41,159	INFO	Total steps: 0	Episode: 660/1576	Avg reward: -8.20	Avg steps: 1703
2020-07-13 22:32:26,480	INFO	Total steps: 0	Episode: 680/2769	Avg reward: -8.10	Avg steps: 1765
2020-07-13 22:36:01,750	INFO	Total steps: 0	Episode: 700/1231	Avg reward: -8.25	Avg steps: 1704
2020-07-13 22:39:59,299	INFO	Total steps: 0	Episode: 720/1673	Avg reward: -8.75	Avg steps: 1883
2020-07-13 22:43:57,933	INFO	Total steps: 0	Episode: 740/2272	Avg reward: -5.95	Avg steps: 1891
2020-07-13 22:48:14,177	INFO	Total steps: 0	Episode: 760/1189	Avg reward: -7.85	Avg steps: 2010
2020-07-13 22:52:18,937	INFO	Total steps: 0	Episode: 780/2245	Avg reward: -7.00	Avg steps: 1937
2020-07-13 22:56:55,673	INFO	Total steps: 0	Episode: 800/1785	Avg reward: -5.90	Avg steps: 2186
2020-07-13 23:01:26,088	INFO	Total steps: 0	Episode: 820/1702	Avg reward: -6.60	Avg steps: 2135
2020-07-13 23:05:45,460	INFO	Total steps: 0	Episode: 840/2338	Avg reward: -7.40	Avg steps: 2034
2020-07-13 23:10:49,247	INFO	Total steps: 0	Episode: 860/2172	Avg reward: -4.10	Avg steps: 2411
2020-07-13 23:15:42,663	INFO	Total steps: 0	Episode: 880/2328	Avg reward: -6.20	Avg steps: 2280
2020-07-13 23:20:51,563	INFO	Total steps: 0	Episode: 900/2250	Avg reward: -5.85	Avg steps: 2385
2020-07-13 23:26:22,076	INFO	Total steps: 0	Episode: 920/2682	Avg reward: -3.55	Avg steps: 2604
2020-07-13 23:32:22,186	INFO	Total steps: 0	Episode: 940/2933	Avg reward: -6.70	Avg steps: 2777
2020-07-13 23:38:07,708	INFO	Total steps: 0	Episode: 960/2371	Avg reward: -4.00	Avg steps: 2666
2020-07-13 23:43:37,311	INFO	Total steps: 0	Episode: 980/2534	Avg reward: -5.00	Avg steps: 2534
2020-07-13 23:48:56,463	INFO	Total steps: 0	Episode: 1000/2722	Avg reward: -3.70	Avg steps: 2472
2020-07-13 23:55:17,983	INFO	Total steps: 0	Episode: 1020/3859	Avg reward: -2.80	Avg steps: 2974
2020-07-14 00:01:44,014	INFO	Total steps: 0	Episode: 1040/2759	Avg reward: -0.20	Avg steps: 2928
2020-07-14 00:08:04,224	INFO	Total steps: 0	Episode: 1060/2414	Avg reward: -2.30	Avg steps: 2953
2020-07-14 00:14:12,581	INFO	Total steps: 0	Episode: 1080/2717	Avg reward: -1.50	Avg steps: 2811
2020-07-14 00:20:42,447	INFO	Total steps: 0	Episode: 1100/2716	Avg reward: -3.50	Avg steps: 3065
2020-07-14 00:27:38,641	INFO	Total steps: 0	Episode: 1120/3353	Avg reward: -3.10	Avg steps: 3222
2020-07-14 00:34:41,589	INFO	Total steps: 0	Episode: 1140/2746	Avg reward: -2.35	Avg steps: 3062
2020-07-14 00:41:34,636	INFO	Total steps: 0	Episode: 1160/3173	Avg reward: -3.30	Avg steps: 2984
2020-07-14 00:48:16,346	INFO	Total steps: 0	Episode: 1180/2086	Avg reward: -0.85	Avg steps: 2913
2020-07-14 00:55:20,537	INFO	Total steps: 0	Episode: 1200/4866	Avg reward: -2.40	Avg steps: 3009
2020-07-14 01:03:02,480	INFO	Total steps: 0	Episode: 1220/2408	Avg reward: -0.95	Avg steps: 3381
2020-07-14 01:10:30,160	INFO	Total steps: 0	Episode: 1240/4035	Avg reward: 0.60	Avg steps: 3465
2020-07-14 01:17:02,332	INFO	Total steps: 0	Episode: 1260/1847	Avg reward: -0.50	Avg steps: 3055
2020-07-14 01:24:52,683	INFO	Total steps: 0	Episode: 1280/3094	Avg reward: 0.30	Avg steps: 3691
2020-07-14 01:31:55,782	INFO	Total steps: 0	Episode: 1300/3240	Avg reward: -0.85	Avg steps: 3311
2020-07-14 01:39:34,673	INFO	Total steps: 0	Episode: 1320/2065	Avg reward: 1.10	Avg steps: 3639
2020-07-14 01:47:15,227	INFO	Total steps: 0	Episode: 1340/3689	Avg reward: 1.15	Avg steps: 3619
2020-07-14 01:54:38,640	INFO	Total steps: 0	Episode: 1360/3542	Avg reward: 1.45	Avg steps: 3456
2020-07-14 02:02:30,169	INFO	Total steps: 0	Episode: 1380/2770	Avg reward: 2.40	Avg steps: 3709
2020-07-14 02:10:28,457	INFO	Total steps: 0	Episode: 1400/3873	Avg reward: 1.50	Avg steps: 3763
2020-07-14 02:19:17,868	INFO	Total steps: 0	Episode: 1420/4013	Avg reward: 0.25	Avg steps: 4073
2020-07-14 02:27:54,160	INFO	Total steps: 0	Episode: 1440/4113	Avg reward: 1.35	Avg steps: 4041
2020-07-14 02:35:47,823	INFO	Total steps: 0	Episode: 1460/2157	Avg reward: 0.30	Avg steps: 3710
2020-07-14 02:44:11,130	INFO	Total steps: 0	Episode: 1480/3769	Avg reward: -0.55	Avg steps: 3918
2020-07-14 02:51:30,706	INFO	Total steps: 0	Episode: 1500/2846	Avg reward: -2.55	Avg steps: 3421
2020-07-14 03:00:02,030	INFO	Total steps: 0	Episode: 1520/4741	Avg reward: 2.70	Avg steps: 3952
2020-07-14 03:08:36,602	INFO	Total steps: 0	Episode: 1540/2767	Avg reward: 4.65	Avg steps: 4034
2020-07-14 03:17:24,279	INFO	Total steps: 0	Episode: 1560/4463	Avg reward: 2.05	Avg steps: 4098
2020-07-14 03:26:42,660	INFO	Total steps: 0	Episode: 1580/5564	Avg reward: 3.20	Avg steps: 4479
2020-07-14 03:34:01,786	INFO	Total steps: 0	Episode: 1600/2594	Avg reward: 0.50	Avg steps: 3606
2020-07-14 03:42:36,799	INFO	Total steps: 0	Episode: 1620/3294	Avg reward: 1.75	Avg steps: 4038
2020-07-14 03:51:39,495	INFO	Total steps: 0	Episode: 1640/3804	Avg reward: 3.95	Avg steps: 4230
2020-07-14 04:00:35,756	INFO	Total steps: 0	Episode: 1660/3948	Avg reward: 2.55	Avg steps: 4245
2020-07-14 04:10:55,126	INFO	Total steps: 0	Episode: 1680/5382	Avg reward: 2.35	Avg steps: 4886
2020-07-14 04:20:07,068	INFO	Total steps: 0	Episode: 1700/2729	Avg reward: 4.00	Avg steps: 4312
2020-07-14 04:29:23,863	INFO	Total steps: 0	Episode: 1720/6407	Avg reward: 4.40	Avg steps: 4397
2020-07-14 04:37:49,275	INFO	Total steps: 0	Episode: 1740/3342	Avg reward: 5.30	Avg steps: 4018
2020-07-14 04:44:52,849	INFO	Total steps: 0	Episode: 1760/3144	Avg reward: 5.90	Avg steps: 3394
2020-07-14 04:52:16,994	INFO	Total steps: 0	Episode: 1780/2845	Avg reward: 4.45	Avg steps: 3596
2020-07-14 05:00:01,049	INFO	Total steps: 0	Episode: 1800/4011	Avg reward: 3.60	Avg steps: 3764
2020-07-14 05:09:02,857	INFO	Total steps: 0	Episode: 1820/5810	Avg reward: 4.65	Avg steps: 4432
2020-07-14 05:18:18,852	INFO	Total steps: 0	Episode: 1840/6236	Avg reward: 8.70	Avg steps: 4598
2020-07-14 05:30:09,004	INFO	Total steps: 0	Episode: 1860/4626	Avg reward: 7.20	Avg steps: 5896
2020-07-14 05:39:52,729	INFO	Total steps: 0	Episode: 1880/6657	Avg reward: 9.80	Avg steps: 4982
2020-07-14 05:50:48,299	INFO	Total steps: 0	Episode: 1900/3652	Avg reward: 6.45	Avg steps: 5507
2020-07-14 06:01:03,741	INFO	Total steps: 0	Episode: 1920/5002	Avg reward: 7.75	Avg steps: 5226
2020-07-14 06:10:38,221	INFO	Total steps: 0	Episode: 1940/5212	Avg reward: 3.25	Avg steps: 4901
2020-07-14 06:21:02,096	INFO	Total steps: 0	Episode: 1960/6386	Avg reward: 6.40	Avg steps: 5174
2020-07-14 06:32:13,486	INFO	Total steps: 0	Episode: 1980/7693	Avg reward: 8.40	Avg steps: 5645
2020-07-14 06:42:33,278	INFO	Total steps: 0	Episode: 2000/6007	Avg reward: 8.45	Avg steps: 5160
2020-07-14 06:51:46,990	INFO	Total steps: 0	Episode: 2020/4640	Avg reward: 6.65	Avg steps: 4554
2020-07-14 07:00:26,059	INFO	Total steps: 0	Episode: 2040/4862	Avg reward: 6.80	Avg steps: 4291
2020-07-14 07:10:54,439	INFO	Total steps: 0	Episode: 2060/4957	Avg reward: 10.35	Avg steps: 5248
2020-07-14 07:21:03,709	INFO	Total steps: 0	Episode: 2080/3850	Avg reward: 9.10	Avg steps: 5097
2020-07-14 07:30:44,400	INFO	Total steps: 0	Episode: 2100/5455	Avg reward: 10.55	Avg steps: 4833
2020-07-14 07:40:36,880	INFO	Total steps: 0	Episode: 2120/5105	Avg reward: 9.10	Avg steps: 4984
2020-07-14 07:51:12,041	INFO	Total steps: 0	Episode: 2140/10129	Avg reward: 10.25	Avg steps: 5434
2020-07-14 08:01:08,366	INFO	Total steps: 0	Episode: 2160/3298	Avg reward: 10.45	Avg steps: 4990
2020-07-14 08:13:23,462	INFO	Total steps: 0	Episode: 2180/8649	Avg reward: 6.85	Avg steps: 6156
2020-07-14 08:23:34,002	INFO	Total steps: 0	Episode: 2200/4345	Avg reward: 12.15	Avg steps: 5133
2020-07-14 08:32:51,121	INFO	Total steps: 0	Episode: 2220/6525	Avg reward: 9.85	Avg steps: 4627
2020-07-14 08:44:09,705	INFO	Total steps: 0	Episode: 2240/6659	Avg reward: 10.30	Avg steps: 5634
2020-07-14 08:54:13,570	INFO	Total steps: 0	Episode: 2260/4589	Avg reward: 11.70	Avg steps: 5081
2020-07-14 09:03:46,073	INFO	Total steps: 0	Episode: 2280/4371	Avg reward: 10.80	Avg steps: 4762
2020-07-14 09:13:55,645	INFO	Total steps: 0	Episode: 2300/8014	Avg reward: 10.60	Avg steps: 4987
2020-07-14 09:23:45,265	INFO	Total steps: 0	Episode: 2320/5623	Avg reward: 11.55	Avg steps: 4918
2020-07-14 09:32:50,917	INFO	Total steps: 0	Episode: 2340/4022	Avg reward: 11.90	Avg steps: 4524
2020-07-14 09:43:25,446	INFO	Total steps: 0	Episode: 2360/3963	Avg reward: 10.55	Avg steps: 5200
2020-07-14 09:53:45,401	INFO	Total steps: 0	Episode: 2380/5543	Avg reward: 12.10	Avg steps: 4972
2020-07-14 10:06:36,947	INFO	Total steps: 0	Episode: 2400/7204	Avg reward: 9.55	Avg steps: 6420
2020-07-14 10:15:30,570	INFO	Total steps: 0	Episode: 2420/5021	Avg reward: 11.75	Avg steps: 4397
2020-07-14 10:23:27,517	INFO	Total steps: 0	Episode: 2440/3397	Avg reward: 10.25	Avg steps: 3890
2020-07-14 10:33:14,906	INFO	Total steps: 0	Episode: 2460/2737	Avg reward: 9.30	Avg steps: 4741
2020-07-14 10:43:49,109	INFO	Total steps: 0	Episode: 2480/5489	Avg reward: 13.20	Avg steps: 5239
2020-07-14 10:55:43,393	INFO	Total steps: 0	Episode: 2500/8866	Avg reward: 12.75	Avg steps: 5999
2020-07-14 11:07:49,051	INFO	Total steps: 0	Episode: 2520/7655	Avg reward: 14.30	Avg steps: 6102
2020-07-14 11:20:06,660	INFO	Total steps: 0	Episode: 2540/6801	Avg reward: 11.05	Avg steps: 6102
2020-07-14 11:31:39,462	INFO	Total steps: 0	Episode: 2560/4714	Avg reward: 11.00	Avg steps: 5950
2020-07-14 11:42:59,149	INFO	Total steps: 0	Episode: 2580/4953	Avg reward: 14.25	Avg steps: 5964
2020-07-14 11:53:40,730	INFO	Total steps: 0	Episode: 2600/5281	Avg reward: 15.10	Avg steps: 5501
2020-07-14 12:04:51,110	INFO	Total steps: 0	Episode: 2620/9352	Avg reward: 12.75	Avg steps: 5645
2020-07-14 12:16:39,215	INFO	Total steps: 0	Episode: 2640/4839	Avg reward: 12.75	Avg steps: 6007
2020-07-14 12:27:24,806	INFO	Total steps: 0	Episode: 2660/2633	Avg reward: 12.15	Avg steps: 5471
2020-07-14 12:38:37,657	INFO	Total steps: 0	Episode: 2680/3359	Avg reward: 14.95	Avg steps: 5871
2020-07-14 12:50:08,921	INFO	Total steps: 0	Episode: 2700/5729	Avg reward: 15.75	Avg steps: 5913
2020-07-14 13:01:19,137	INFO	Total steps: 0	Episode: 2720/5600	Avg reward: 16.45	Avg steps: 5883
2020-07-14 13:12:11,859	INFO	Total steps: 0	Episode: 2740/5007	Avg reward: 15.05	Avg steps: 5660
2020-07-14 13:22:50,992	INFO	Total steps: 0	Episode: 2760/3581	Avg reward: 12.45	Avg steps: 5570
2020-07-14 13:33:59,289	INFO	Total steps: 0	Episode: 2780/4632	Avg reward: 16.05	Avg steps: 5790
2020-07-14 13:44:17,928	INFO	Total steps: 0	Episode: 2800/5984	Avg reward: 14.25	Avg steps: 5395
2020-07-14 13:55:19,397	INFO	Total steps: 0	Episode: 2820/5896	Avg reward: 14.85	Avg steps: 5619
2020-07-14 14:07:36,850	INFO	Total steps: 0	Episode: 2840/9078	Avg reward: 12.30	Avg steps: 6415
2020-07-14 14:17:33,278	INFO	Total steps: 0	Episode: 2860/4007	Avg reward: 13.40	Avg steps: 5143
2020-07-14 14:26:25,912	INFO	Total steps: 0	Episode: 2880/4040	Avg reward: 11.75	Avg steps: 4496
2020-07-14 14:37:06,145	INFO	Total steps: 0	Episode: 2900/5503	Avg reward: 14.25	Avg steps: 5500
2020-07-14 14:46:48,969	INFO	Total steps: 0	Episode: 2920/6116	Avg reward: 14.80	Avg steps: 5029
2020-07-14 14:57:04,844	INFO	Total steps: 0	Episode: 2940/4820	Avg reward: 15.20	Avg steps: 5314
2020-07-14 15:09:38,987	INFO	Total steps: 0	Episode: 2960/5679	Avg reward: 15.15	Avg steps: 6603
2020-07-14 15:22:10,702	INFO	Total steps: 0	Episode: 2980/4908	Avg reward: 13.55	Avg steps: 6590
2020-07-14 15:32:44,107	INFO	Total steps: 0	Episode: 3000/6506	Avg reward: 15.60	Avg steps: 5431
2020-07-14 15:42:45,749	INFO	Total steps: 0	Episode: 3020/6129	Avg reward: 14.95	Avg steps: 5054
2020-07-14 15:55:30,214	INFO	Total steps: 0	Episode: 3040/4829	Avg reward: 16.20	Avg steps: 6463
2020-07-14 16:08:14,266	INFO	Total steps: 0	Episode: 3060/7592	Avg reward: 16.00	Avg steps: 6674
2020-07-14 16:20:02,883	INFO	Total steps: 0	Episode: 3080/4777	Avg reward: 15.30	Avg steps: 6185
2020-07-14 16:31:55,288	INFO	Total steps: 0	Episode: 3100/4974	Avg reward: 14.75	Avg steps: 6147
2020-07-14 16:44:50,087	INFO	Total steps: 0	Episode: 3120/5610	Avg reward: 15.75	Avg steps: 6585
2020-07-14 16:55:26,468	INFO	Total steps: 0	Episode: 3140/5622	Avg reward: 14.15	Avg steps: 5398
2020-07-14 17:06:04,482	INFO	Total steps: 0	Episode: 3160/3836	Avg reward: 15.50	Avg steps: 5223
2020-07-14 17:17:34,342	INFO	Total steps: 0	Episode: 3180/4627	Avg reward: 15.35	Avg steps: 5602
2020-07-14 17:29:18,126	INFO	Total steps: 0	Episode: 3200/7302	Avg reward: 13.90	Avg steps: 5730
2020-07-14 17:41:15,470	INFO	Total steps: 0	Episode: 3220/7888	Avg reward: 14.95	Avg steps: 5917
2020-07-14 17:52:58,183	INFO	Total steps: 0	Episode: 3240/5857	Avg reward: 15.55	Avg steps: 5947
2020-07-14 18:04:18,032	INFO	Total steps: 0	Episode: 3260/5019	Avg reward: 14.25	Avg steps: 5652
2020-07-14 18:13:30,383	INFO	Total steps: 0	Episode: 3280/6035	Avg reward: 15.20	Avg steps: 4505
2020-07-14 18:24:35,850	INFO	Total steps: 0	Episode: 3300/6585	Avg reward: 13.85	Avg steps: 5369
2020-07-14 18:35:56,942	INFO	Total steps: 0	Episode: 3320/4410	Avg reward: 14.20	Avg steps: 5515
2020-07-14 18:46:48,543	INFO	Total steps: 0	Episode: 3340/3097	Avg reward: 14.35	Avg steps: 5277
2020-07-14 18:57:15,870	INFO	Total steps: 0	Episode: 3360/7272	Avg reward: 14.85	Avg steps: 5049
2020-07-14 19:08:43,920	INFO	Total steps: 0	Episode: 3380/4018	Avg reward: 13.80	Avg steps: 5621
2020-07-14 19:17:21,289	INFO	Total steps: 0	Episode: 3400/2745	Avg reward: 15.35	Avg steps: 4371
2020-07-14 19:28:37,128	INFO	Total steps: 0	Episode: 3420/4491	Avg reward: 15.10	Avg steps: 5678
2020-07-14 19:43:04,577	INFO	Total steps: 0	Episode: 3440/7330	Avg reward: 15.45	Avg steps: 7572
2020-07-14 19:54:09,273	INFO	Total steps: 0	Episode: 3460/4882	Avg reward: 16.05	Avg steps: 5839
2020-07-14 20:03:03,710	INFO	Total steps: 0	Episode: 3480/3605	Avg reward: 15.45	Avg steps: 4554
2020-07-14 20:12:33,400	INFO	Total steps: 0	Episode: 3500/3613	Avg reward: 15.60	Avg steps: 4732
2020-07-14 20:23:32,854	INFO	Total steps: 0	Episode: 3520/4755	Avg reward: 15.20	Avg steps: 5513
2020-07-14 20:34:30,290	INFO	Total steps: 0	Episode: 3540/6445	Avg reward: 16.15	Avg steps: 5540
2020-07-14 20:45:41,597	INFO	Total steps: 0	Episode: 3560/4853	Avg reward: 14.80	Avg steps: 5610
2020-07-14 20:56:17,204	INFO	Total steps: 0	Episode: 3580/7344	Avg reward: 15.60	Avg steps: 5394
2020-07-14 21:08:05,785	INFO	Total steps: 0	Episode: 3600/7061	Avg reward: 15.75	Avg steps: 6262
2020-07-14 21:18:49,367	INFO	Total steps: 0	Episode: 3620/3172	Avg reward: 15.95	Avg steps: 5654
2020-07-14 21:29:09,246	INFO	Total steps: 0	Episode: 3640/5217	Avg reward: 16.05	Avg steps: 5344
2020-07-14 21:40:38,934	INFO	Total steps: 0	Episode: 3660/5919	Avg reward: 15.65	Avg steps: 6065
2020-07-14 21:50:54,593	INFO	Total steps: 0	Episode: 3680/7055	Avg reward: 15.95	Avg steps: 5386
2020-07-14 22:02:07,417	INFO	Total steps: 0	Episode: 3700/7377	Avg reward: 17.30	Avg steps: 5807
2020-07-14 22:13:37,008	INFO	Total steps: 0	Episode: 3720/4715	Avg reward: 15.50	Avg steps: 5913
2020-07-14 22:24:28,231	INFO	Total steps: 0	Episode: 3740/7135	Avg reward: 17.60	Avg steps: 5672
2020-07-14 22:36:32,655	INFO	Total steps: 0	Episode: 3760/8030	Avg reward: 16.00	Avg steps: 6382
2020-07-14 22:46:26,690	INFO	Total steps: 0	Episode: 3780/5682	Avg reward: 16.25	Avg steps: 5209
2020-07-14 22:56:25,745	INFO	Total steps: 0	Episode: 3800/4731	Avg reward: 16.40	Avg steps: 5237
2020-07-14 23:06:06,862	INFO	Total steps: 0	Episode: 3820/4296	Avg reward: 16.25	Avg steps: 4957
2020-07-14 23:16:27,111	INFO	Total steps: 0	Episode: 3840/6235	Avg reward: 14.50	Avg steps: 5318
2020-07-14 23:26:09,980	INFO	Total steps: 0	Episode: 3860/8153	Avg reward: 16.25	Avg steps: 4979
2020-07-14 23:36:52,899	INFO	Total steps: 0	Episode: 3880/5784	Avg reward: 15.80	Avg steps: 5494
2020-07-14 23:47:01,847	INFO	Total steps: 0	Episode: 3900/3828	Avg reward: 14.80	Avg steps: 5139
2020-07-14 23:56:37,372	INFO	Total steps: 0	Episode: 3920/4700	Avg reward: 16.15	Avg steps: 4808
2020-07-15 00:08:25,969	INFO	Total steps: 0	Episode: 3940/9221	Avg reward: 17.50	Avg steps: 6162
2020-07-15 00:19:19,707	INFO	Total steps: 0	Episode: 3960/5517	Avg reward: 16.80	Avg steps: 5695
2020-07-15 00:30:12,644	INFO	Total steps: 0	Episode: 3980/5149	Avg reward: 16.90	Avg steps: 5624
2020-07-15 00:40:12,989	INFO	Total steps: 0	Episode: 4000/5098	Avg reward: 16.75	Avg steps: 5124
