2020-07-01 22:21:14,796	INFO	--width 160 --height 160 --ball 1.0 --ball-size 2.0 --snell 1.0 --snell-width 80.0 --snell-change 0.0 --snell-visible none --paddle-speed 1.0 --paddle-angle 75.0 --paddle-length 20.0 --update-prob 0.2 --state binary --learning-rate 0.0001 --network dqn_pong_model --render False --epsdecay 1000 --episodes 4000 --replay 10000 --checkpoint dqn_pong_model --history history.p --store-dir ../experiments/snell_width.80.0-paddle_length.20.0-paddle_angle.75.0-update_prob.0.2 
2020-07-01 22:21:14,796	INFO	Device: cuda
2020-07-01 22:24:40,571	INFO	Total steps: 14482	Episode: 20/837	Avg reward: -16.90	Avg steps: 723
2020-07-01 22:33:13,438	INFO	Total steps: 29697	Episode: 40/905	Avg reward: -17.50	Avg steps: 759
2020-07-01 22:41:18,884	INFO	Total steps: 44111	Episode: 60/995	Avg reward: -17.75	Avg steps: 719
2020-07-01 22:50:23,601	INFO	Total steps: 60282	Episode: 80/677	Avg reward: -16.40	Avg steps: 807
2020-07-01 22:59:06,630	INFO	Total steps: 75902	Episode: 100/649	Avg reward: -16.90	Avg steps: 780
2020-07-01 23:07:22,783	INFO	Total steps: 90655	Episode: 120/1080	Avg reward: -17.35	Avg steps: 736
2020-07-01 23:20:01,856	INFO	Total steps: 105664	Episode: 140/926	Avg reward: -17.15	Avg steps: 749
2020-07-01 23:27:28,663	INFO	Total steps: 121983	Episode: 160/925	Avg reward: -16.80	Avg steps: 814
2020-07-01 23:34:38,359	INFO	Total steps: 137612	Episode: 180/655	Avg reward: -17.05	Avg steps: 780
2020-07-01 23:42:11,368	INFO	Total steps: 154043	Episode: 200/646	Avg reward: -15.90	Avg steps: 820
2020-07-01 23:49:50,058	INFO	Total steps: 170614	Episode: 220/792	Avg reward: -16.40	Avg steps: 827
2020-07-01 23:58:26,218	INFO	Total steps: 189277	Episode: 240/687	Avg reward: -15.10	Avg steps: 932
2020-07-02 00:06:22,365	INFO	Total steps: 206547	Episode: 260/652	Avg reward: -16.00	Avg steps: 862
2020-07-02 00:14:22,570	INFO	Total steps: 224035	Episode: 280/1250	Avg reward: -15.90	Avg steps: 873
2020-07-02 00:22:18,595	INFO	Total steps: 241366	Episode: 300/756	Avg reward: -15.35	Avg steps: 865
2020-07-02 00:31:05,622	INFO	Total steps: 260271	Episode: 320/1105	Avg reward: -14.95	Avg steps: 944
2020-07-02 00:39:18,011	INFO	Total steps: 278212	Episode: 340/907	Avg reward: -14.90	Avg steps: 896
2020-07-02 00:47:53,040	INFO	Total steps: 296996	Episode: 360/941	Avg reward: -14.95	Avg steps: 938
2020-07-02 00:56:32,745	INFO	Total steps: 315898	Episode: 380/1025	Avg reward: -15.25	Avg steps: 944
2020-07-02 01:04:34,075	INFO	Total steps: 333466	Episode: 400/1003	Avg reward: -16.15	Avg steps: 877
2020-07-02 01:14:21,777	INFO	Total steps: 354877	Episode: 420/955	Avg reward: -12.85	Avg steps: 1069
2020-07-02 01:22:43,107	INFO	Total steps: 373203	Episode: 440/1130	Avg reward: -14.45	Avg steps: 915
2020-07-02 01:31:09,411	INFO	Total steps: 391875	Episode: 460/976	Avg reward: -14.55	Avg steps: 932
2020-07-02 01:39:38,355	INFO	Total steps: 410619	Episode: 480/810	Avg reward: -14.80	Avg steps: 936
2020-07-02 01:48:54,570	INFO	Total steps: 431029	Episode: 500/897	Avg reward: -13.80	Avg steps: 1019
2020-07-02 01:59:25,376	INFO	Total steps: 453986	Episode: 520/1047	Avg reward: -13.45	Avg steps: 1146
2020-07-02 02:09:16,182	INFO	Total steps: 475495	Episode: 540/832	Avg reward: -12.75	Avg steps: 1074
2020-07-02 02:18:36,463	INFO	Total steps: 495825	Episode: 560/1264	Avg reward: -13.75	Avg steps: 1015
2020-07-02 02:28:51,757	INFO	Total steps: 518186	Episode: 580/1317	Avg reward: -12.30	Avg steps: 1117
2020-07-02 02:40:01,642	INFO	Total steps: 542550	Episode: 600/1078	Avg reward: -11.75	Avg steps: 1217
2020-07-02 02:49:37,730	INFO	Total steps: 563496	Episode: 620/689	Avg reward: -14.10	Avg steps: 1046
2020-07-02 02:59:06,744	INFO	Total steps: 584213	Episode: 640/1327	Avg reward: -13.50	Avg steps: 1034
2020-07-02 03:09:44,322	INFO	Total steps: 607498	Episode: 660/1326	Avg reward: -12.05	Avg steps: 1163
2020-07-02 03:21:02,772	INFO	Total steps: 632197	Episode: 680/705	Avg reward: -10.65	Avg steps: 1233
2020-07-02 03:31:28,027	INFO	Total steps: 654818	Episode: 700/940	Avg reward: -12.00	Avg steps: 1130
2020-07-02 03:42:47,014	INFO	Total steps: 679380	Episode: 720/1190	Avg reward: -10.90	Avg steps: 1227
2020-07-02 03:55:12,868	INFO	Total steps: 706474	Episode: 740/1501	Avg reward: -10.05	Avg steps: 1353
2020-07-02 04:04:50,560	INFO	Total steps: 727525	Episode: 760/1670	Avg reward: -13.15	Avg steps: 1051
2020-07-02 04:15:00,277	INFO	Total steps: 749666	Episode: 780/1241	Avg reward: -12.70	Avg steps: 1106
2020-07-02 04:25:34,464	INFO	Total steps: 772762	Episode: 800/883	Avg reward: -11.35	Avg steps: 1153
2020-07-02 04:36:40,070	INFO	Total steps: 796932	Episode: 820/1512	Avg reward: -10.90	Avg steps: 1207
2020-07-02 04:51:35,688	INFO	Total steps: 829462	Episode: 840/1353	Avg reward: -7.40	Avg steps: 1625
2020-07-02 05:04:25,638	INFO	Total steps: 857411	Episode: 860/1784	Avg reward: -7.70	Avg steps: 1396
2020-07-02 05:18:00,290	INFO	Total steps: 887275	Episode: 880/1561	Avg reward: -7.85	Avg steps: 1492
2020-07-02 05:34:32,513	INFO	Total steps: 922449	Episode: 900/1474	Avg reward: -3.40	Avg steps: 1757
2020-07-02 05:49:39,910	INFO	Total steps: 954754	Episode: 920/1746	Avg reward: -6.10	Avg steps: 1614
2020-07-02 06:03:46,562	INFO	Total steps: 984870	Episode: 940/1312	Avg reward: -7.15	Avg steps: 1504
2020-07-02 06:17:35,327	INFO	Total steps: 1014218	Episode: 960/1390	Avg reward: -7.35	Avg steps: 1466
2020-07-02 06:31:23,145	INFO	Total steps: 1043456	Episode: 980/1733	Avg reward: -8.10	Avg steps: 1460
2020-07-02 06:46:17,003	INFO	Total steps: 1075045	Episode: 1000/1895	Avg reward: -6.25	Avg steps: 1578
2020-07-02 07:03:55,306	INFO	Total steps: 1112319	Episode: 1020/2149	Avg reward: -1.10	Avg steps: 1862
2020-07-02 07:20:04,012	INFO	Total steps: 1146569	Episode: 1040/2119	Avg reward: -3.05	Avg steps: 1711
2020-07-02 07:37:44,822	INFO	Total steps: 1184065	Episode: 1060/1780	Avg reward: 0.75	Avg steps: 1873
2020-07-02 07:55:18,526	INFO	Total steps: 1221797	Episode: 1080/2123	Avg reward: 0.60	Avg steps: 1885
2020-07-02 08:10:58,610	INFO	Total steps: 1255390	Episode: 1100/2244	Avg reward: 0.40	Avg steps: 1678
2020-07-02 08:28:56,924	INFO	Total steps: 1293720	Episode: 1120/1986	Avg reward: -2.90	Avg steps: 1915
2020-07-02 08:46:08,887	INFO	Total steps: 1330967	Episode: 1140/1993	Avg reward: -0.70	Avg steps: 1861
2020-07-02 09:04:19,521	INFO	Total steps: 1370125	Episode: 1160/1892	Avg reward: 2.15	Avg steps: 1956
2020-07-02 09:22:13,269	INFO	Total steps: 1408052	Episode: 1180/2081	Avg reward: -1.60	Avg steps: 1895
2020-07-02 09:40:16,312	INFO	Total steps: 1446867	Episode: 1200/2389	Avg reward: 1.15	Avg steps: 1939
2020-07-02 09:57:25,485	INFO	Total steps: 1482967	Episode: 1220/1695	Avg reward: 4.35	Avg steps: 1804
2020-07-02 10:15:07,085	INFO	Total steps: 1520955	Episode: 1240/1688	Avg reward: 0.30	Avg steps: 1898
2020-07-02 10:33:03,864	INFO	Total steps: 1559281	Episode: 1260/2286	Avg reward: 1.05	Avg steps: 1915
2020-07-02 10:52:19,782	INFO	Total steps: 1600208	Episode: 1280/1929	Avg reward: 2.65	Avg steps: 2045
2020-07-02 11:10:09,338	INFO	Total steps: 1638196	Episode: 1300/1701	Avg reward: 2.25	Avg steps: 1898
2020-07-02 11:27:59,688	INFO	Total steps: 1676723	Episode: 1320/1889	Avg reward: 7.70	Avg steps: 1925
2020-07-02 11:44:44,853	INFO	Total steps: 1712508	Episode: 1340/1396	Avg reward: 6.20	Avg steps: 1788
2020-07-02 12:03:26,894	INFO	Total steps: 1752405	Episode: 1360/2240	Avg reward: 0.85	Avg steps: 1993
2020-07-02 12:21:12,421	INFO	Total steps: 1790289	Episode: 1380/2023	Avg reward: 3.80	Avg steps: 1893
2020-07-02 12:37:48,071	INFO	Total steps: 1825733	Episode: 1400/1799	Avg reward: 9.40	Avg steps: 1771
2020-07-02 12:55:27,830	INFO	Total steps: 1862977	Episode: 1420/1888	Avg reward: 8.85	Avg steps: 1861
2020-07-02 13:13:00,089	INFO	Total steps: 1900267	Episode: 1440/1808	Avg reward: 8.70	Avg steps: 1863
2020-07-02 13:30:54,543	INFO	Total steps: 1937905	Episode: 1460/1694	Avg reward: 7.20	Avg steps: 1880
2020-07-02 13:47:14,962	INFO	Total steps: 1972950	Episode: 1480/1683	Avg reward: 9.35	Avg steps: 1751
2020-07-02 14:03:50,916	INFO	Total steps: 2008702	Episode: 1500/1826	Avg reward: 10.25	Avg steps: 1786
2020-07-02 14:20:45,866	INFO	Total steps: 2044446	Episode: 1520/1630	Avg reward: 9.45	Avg steps: 1786
2020-07-02 14:38:03,704	INFO	Total steps: 2081616	Episode: 1540/1612	Avg reward: 8.30	Avg steps: 1857
2020-07-02 14:54:40,387	INFO	Total steps: 2117229	Episode: 1560/1811	Avg reward: 8.55	Avg steps: 1779
2020-07-02 15:11:45,235	INFO	Total steps: 2153538	Episode: 1580/1892	Avg reward: 8.05	Avg steps: 1814
2020-07-02 15:28:26,859	INFO	Total steps: 2188755	Episode: 1600/1940	Avg reward: 9.55	Avg steps: 1759
2020-07-02 15:45:30,071	INFO	Total steps: 2224601	Episode: 1620/1766	Avg reward: 10.35	Avg steps: 1791
2020-07-02 16:03:12,087	INFO	Total steps: 2261591	Episode: 1640/2041	Avg reward: 10.15	Avg steps: 1848
2020-07-02 16:20:50,663	INFO	Total steps: 2298626	Episode: 1660/1768	Avg reward: 11.15	Avg steps: 1850
2020-07-02 16:37:53,400	INFO	Total steps: 2334219	Episode: 1680/1839	Avg reward: 12.05	Avg steps: 1778
2020-07-02 16:54:23,719	INFO	Total steps: 2368889	Episode: 1700/1730	Avg reward: 11.40	Avg steps: 1732
2020-07-02 17:11:09,540	INFO	Total steps: 2403743	Episode: 1720/1997	Avg reward: 12.85	Avg steps: 1741
2020-07-02 17:28:00,613	INFO	Total steps: 2439150	Episode: 1740/1736	Avg reward: 13.10	Avg steps: 1769
2020-07-02 17:44:02,144	INFO	Total steps: 2473374	Episode: 1760/1866	Avg reward: 11.80	Avg steps: 1710
2020-07-02 17:59:32,341	INFO	Total steps: 2506340	Episode: 1780/1430	Avg reward: 13.75	Avg steps: 1647
2020-07-02 18:15:42,866	INFO	Total steps: 2540383	Episode: 1800/1713	Avg reward: 14.15	Avg steps: 1701
2020-07-02 18:32:07,125	INFO	Total steps: 2574751	Episode: 1820/2090	Avg reward: 13.25	Avg steps: 1717
2020-07-02 18:49:01,775	INFO	Total steps: 2610451	Episode: 1840/1454	Avg reward: 12.70	Avg steps: 1784
2020-07-02 19:06:05,974	INFO	Total steps: 2646575	Episode: 1860/1484	Avg reward: 12.40	Avg steps: 1805
2020-07-02 19:21:31,125	INFO	Total steps: 2679051	Episode: 1880/1826	Avg reward: 14.15	Avg steps: 1622
2020-07-02 19:37:22,777	INFO	Total steps: 2711938	Episode: 1900/2048	Avg reward: 14.60	Avg steps: 1643
2020-07-02 19:53:25,836	INFO	Total steps: 2745742	Episode: 1920/1489	Avg reward: 14.50	Avg steps: 1689
2020-07-02 20:09:23,054	INFO	Total steps: 2778873	Episode: 1940/1673	Avg reward: 13.90	Avg steps: 1655
2020-07-02 20:24:43,631	INFO	Total steps: 2811468	Episode: 1960/1461	Avg reward: 14.60	Avg steps: 1628
2020-07-02 20:41:04,376	INFO	Total steps: 2845957	Episode: 1980/1681	Avg reward: 13.55	Avg steps: 1723
2020-07-02 20:57:11,861	INFO	Total steps: 2880055	Episode: 2000/1619	Avg reward: 14.95	Avg steps: 1703
2020-07-02 21:12:42,846	INFO	Total steps: 2912439	Episode: 2020/1344	Avg reward: 14.85	Avg steps: 1618
2020-07-02 21:28:32,320	INFO	Total steps: 2945707	Episode: 2040/1452	Avg reward: 14.85	Avg steps: 1662
2020-07-02 21:43:21,331	INFO	Total steps: 2976552	Episode: 2060/1634	Avg reward: 16.70	Avg steps: 1541
2020-07-02 21:58:20,271	INFO	Total steps: 3007836	Episode: 2080/1683	Avg reward: 16.40	Avg steps: 1563
2020-07-02 22:13:46,678	INFO	Total steps: 3040167	Episode: 2100/1484	Avg reward: 14.85	Avg steps: 1615
2020-07-02 22:29:02,338	INFO	Total steps: 3072068	Episode: 2120/1431	Avg reward: 15.45	Avg steps: 1594
2020-07-02 22:44:31,897	INFO	Total steps: 3104579	Episode: 2140/1470	Avg reward: 16.10	Avg steps: 1624
2020-07-02 23:00:31,816	INFO	Total steps: 3138019	Episode: 2160/1494	Avg reward: 15.70	Avg steps: 1671
2020-07-02 23:16:14,459	INFO	Total steps: 3170855	Episode: 2180/1611	Avg reward: 15.45	Avg steps: 1640
2020-07-02 23:31:33,068	INFO	Total steps: 3202966	Episode: 2200/1969	Avg reward: 15.70	Avg steps: 1604
2020-07-02 23:46:45,787	INFO	Total steps: 3235092	Episode: 2220/1462	Avg reward: 14.95	Avg steps: 1605
2020-07-03 00:02:39,755	INFO	Total steps: 3268599	Episode: 2240/1708	Avg reward: 15.10	Avg steps: 1674
2020-07-03 00:17:59,038	INFO	Total steps: 3301156	Episode: 2260/2132	Avg reward: 16.30	Avg steps: 1626
2020-07-03 00:32:51,872	INFO	Total steps: 3332724	Episode: 2280/1731	Avg reward: 16.15	Avg steps: 1577
2020-07-03 00:49:03,745	INFO	Total steps: 3367237	Episode: 2300/1477	Avg reward: 14.85	Avg steps: 1724
2020-07-03 01:03:46,587	INFO	Total steps: 3398742	Episode: 2320/1537	Avg reward: 15.60	Avg steps: 1574
2020-07-03 01:18:35,783	INFO	Total steps: 3430335	Episode: 2340/1313	Avg reward: 16.10	Avg steps: 1578
2020-07-03 01:33:26,897	INFO	Total steps: 3462124	Episode: 2360/1732	Avg reward: 15.50	Avg steps: 1588
2020-07-03 01:48:13,224	INFO	Total steps: 3493604	Episode: 2380/1544	Avg reward: 16.30	Avg steps: 1573
2020-07-03 02:01:50,705	INFO	Total steps: 3522658	Episode: 2400/1394	Avg reward: 16.70	Avg steps: 1451
2020-07-03 02:17:03,985	INFO	Total steps: 3555141	Episode: 2420/1695	Avg reward: 14.90	Avg steps: 1623
2020-07-03 02:32:34,816	INFO	Total steps: 3587962	Episode: 2440/1467	Avg reward: 16.15	Avg steps: 1640
2020-07-03 02:46:43,121	INFO	Total steps: 3617898	Episode: 2460/1473	Avg reward: 16.45	Avg steps: 1495
2020-07-03 03:01:25,975	INFO	Total steps: 3648982	Episode: 2480/1575	Avg reward: 16.50	Avg steps: 1553
2020-07-03 03:16:27,376	INFO	Total steps: 3680968	Episode: 2500/1637	Avg reward: 17.10	Avg steps: 1598
2020-07-03 03:31:03,562	INFO	Total steps: 3712368	Episode: 2520/1574	Avg reward: 16.10	Avg steps: 1569
2020-07-03 03:45:09,762	INFO	Total steps: 3742666	Episode: 2540/1561	Avg reward: 16.70	Avg steps: 1513
2020-07-03 04:00:19,950	INFO	Total steps: 3774864	Episode: 2560/1515	Avg reward: 16.40	Avg steps: 1608
2020-07-03 04:15:31,160	INFO	Total steps: 3806780	Episode: 2580/1527	Avg reward: 15.70	Avg steps: 1594
2020-07-03 04:31:05,398	INFO	Total steps: 3839239	Episode: 2600/1756	Avg reward: 15.70	Avg steps: 1621
2020-07-03 04:46:35,046	INFO	Total steps: 3871434	Episode: 2620/1758	Avg reward: 16.55	Avg steps: 1608
2020-07-03 05:01:40,343	INFO	Total steps: 3903465	Episode: 2640/1550	Avg reward: 17.10	Avg steps: 1600
2020-07-03 05:16:45,530	INFO	Total steps: 3935548	Episode: 2660/1372	Avg reward: 17.40	Avg steps: 1603
2020-07-03 05:31:10,384	INFO	Total steps: 3966308	Episode: 2680/1728	Avg reward: 17.25	Avg steps: 1537
2020-07-03 05:45:46,171	INFO	Total steps: 3997550	Episode: 2700/1397	Avg reward: 16.65	Avg steps: 1561
2020-07-03 06:00:29,835	INFO	Total steps: 4029075	Episode: 2720/1694	Avg reward: 16.80	Avg steps: 1575
2020-07-03 06:14:48,391	INFO	Total steps: 4059674	Episode: 2740/1322	Avg reward: 17.70	Avg steps: 1528
2020-07-03 06:29:45,484	INFO	Total steps: 4091348	Episode: 2760/1544	Avg reward: 17.45	Avg steps: 1582
2020-07-03 06:44:33,252	INFO	Total steps: 4122495	Episode: 2780/1395	Avg reward: 17.50	Avg steps: 1556
2020-07-03 06:59:42,116	INFO	Total steps: 4154068	Episode: 2800/1496	Avg reward: 17.00	Avg steps: 1577
2020-07-03 07:14:29,125	INFO	Total steps: 4185128	Episode: 2820/1702	Avg reward: 17.60	Avg steps: 1552
2020-07-03 07:28:00,518	INFO	Total steps: 4213858	Episode: 2840/1545	Avg reward: 17.90	Avg steps: 1435
2020-07-03 07:42:22,388	INFO	Total steps: 4244380	Episode: 2860/1500	Avg reward: 16.95	Avg steps: 1525
2020-07-03 07:56:27,536	INFO	Total steps: 4274317	Episode: 2880/1353	Avg reward: 18.15	Avg steps: 1495
2020-07-03 08:10:24,350	INFO	Total steps: 4303885	Episode: 2900/1411	Avg reward: 18.35	Avg steps: 1477
2020-07-03 08:24:19,638	INFO	Total steps: 4333393	Episode: 2920/1393	Avg reward: 17.45	Avg steps: 1474
2020-07-03 08:38:31,901	INFO	Total steps: 4363596	Episode: 2940/1443	Avg reward: 17.20	Avg steps: 1509
2020-07-03 08:53:45,496	INFO	Total steps: 4395797	Episode: 2960/1869	Avg reward: 17.05	Avg steps: 1609
2020-07-03 09:07:46,933	INFO	Total steps: 4425482	Episode: 2980/1669	Avg reward: 17.75	Avg steps: 1483
2020-07-03 09:22:21,052	INFO	Total steps: 4456500	Episode: 3000/1518	Avg reward: 17.45	Avg steps: 1549
2020-07-03 09:36:31,764	INFO	Total steps: 4486760	Episode: 3020/1661	Avg reward: 17.85	Avg steps: 1512
2020-07-03 09:50:31,650	INFO	Total steps: 4516701	Episode: 3040/1329	Avg reward: 17.75	Avg steps: 1496
2020-07-03 10:05:02,513	INFO	Total steps: 4547692	Episode: 3060/1593	Avg reward: 17.60	Avg steps: 1548
2020-07-03 10:19:30,841	INFO	Total steps: 4578256	Episode: 3080/1365	Avg reward: 17.35	Avg steps: 1527
2020-07-03 10:33:48,053	INFO	Total steps: 4608067	Episode: 3100/1501	Avg reward: 17.95	Avg steps: 1489
2020-07-03 10:48:44,075	INFO	Total steps: 4638962	Episode: 3120/1239	Avg reward: 17.80	Avg steps: 1543
2020-07-03 11:03:21,177	INFO	Total steps: 4669275	Episode: 3140/1552	Avg reward: 18.50	Avg steps: 1514
2020-07-03 11:18:15,628	INFO	Total steps: 4700760	Episode: 3160/1388	Avg reward: 18.10	Avg steps: 1573
2020-07-03 11:32:34,153	INFO	Total steps: 4731281	Episode: 3180/1442	Avg reward: 17.45	Avg steps: 1525
2020-07-03 11:46:30,481	INFO	Total steps: 4760780	Episode: 3200/1415	Avg reward: 18.15	Avg steps: 1473
2020-07-03 12:00:50,374	INFO	Total steps: 4791089	Episode: 3220/1393	Avg reward: 17.60	Avg steps: 1514
2020-07-03 12:14:59,564	INFO	Total steps: 4820895	Episode: 3240/1768	Avg reward: 18.30	Avg steps: 1489
2020-07-03 12:28:55,349	INFO	Total steps: 4850200	Episode: 3260/1448	Avg reward: 17.70	Avg steps: 1464
2020-07-03 12:42:59,477	INFO	Total steps: 4879987	Episode: 3280/1735	Avg reward: 18.35	Avg steps: 1488
2020-07-03 12:58:03,972	INFO	Total steps: 4911573	Episode: 3300/1541	Avg reward: 17.55	Avg steps: 1578
2020-07-03 13:12:20,661	INFO	Total steps: 4941419	Episode: 3320/1437	Avg reward: 18.25	Avg steps: 1491
2020-07-03 13:26:50,748	INFO	Total steps: 4971629	Episode: 3340/1506	Avg reward: 17.90	Avg steps: 1509
2020-07-03 13:41:41,434	INFO	Total steps: 5002608	Episode: 3360/1702	Avg reward: 17.60	Avg steps: 1547
2020-07-03 13:56:21,092	INFO	Total steps: 5032992	Episode: 3380/1423	Avg reward: 17.30	Avg steps: 1518
2020-07-03 14:10:29,447	INFO	Total steps: 5062205	Episode: 3400/1312	Avg reward: 18.40	Avg steps: 1459
2020-07-03 14:24:22,173	INFO	Total steps: 5091355	Episode: 3420/1401	Avg reward: 17.80	Avg steps: 1456
2020-07-03 14:38:20,155	INFO	Total steps: 5120739	Episode: 3440/1382	Avg reward: 18.55	Avg steps: 1468
2020-07-03 14:52:42,163	INFO	Total steps: 5150661	Episode: 3460/1737	Avg reward: 17.70	Avg steps: 1495
2020-07-03 15:06:31,418	INFO	Total steps: 5179391	Episode: 3480/1636	Avg reward: 18.15	Avg steps: 1435
2020-07-03 15:20:25,331	INFO	Total steps: 5208490	Episode: 3500/1571	Avg reward: 17.80	Avg steps: 1453
2020-07-03 15:34:43,553	INFO	Total steps: 5238562	Episode: 3520/1402	Avg reward: 18.30	Avg steps: 1502
2020-07-03 15:48:49,198	INFO	Total steps: 5268279	Episode: 3540/1736	Avg reward: 18.20	Avg steps: 1484
2020-07-03 16:03:03,602	INFO	Total steps: 5297988	Episode: 3560/1477	Avg reward: 18.55	Avg steps: 1484
2020-07-03 16:18:01,264	INFO	Total steps: 5328994	Episode: 3580/1526	Avg reward: 17.90	Avg steps: 1549
2020-07-03 16:31:55,771	INFO	Total steps: 5357759	Episode: 3600/1652	Avg reward: 18.35	Avg steps: 1437
2020-07-03 16:46:21,538	INFO	Total steps: 5387681	Episode: 3620/1462	Avg reward: 18.00	Avg steps: 1495
2020-07-03 17:00:32,406	INFO	Total steps: 5417065	Episode: 3640/1545	Avg reward: 18.70	Avg steps: 1468
2020-07-03 17:15:00,023	INFO	Total steps: 5447140	Episode: 3660/1339	Avg reward: 18.40	Avg steps: 1502
2020-07-03 17:29:27,644	INFO	Total steps: 5476951	Episode: 3680/1463	Avg reward: 17.90	Avg steps: 1489
2020-07-03 17:43:39,457	INFO	Total steps: 5506289	Episode: 3700/1563	Avg reward: 18.60	Avg steps: 1465
2020-07-03 17:58:09,086	INFO	Total steps: 5536278	Episode: 3720/1291	Avg reward: 18.10	Avg steps: 1498
2020-07-03 18:12:13,624	INFO	Total steps: 5565344	Episode: 3740/1525	Avg reward: 18.65	Avg steps: 1452
2020-07-03 18:26:34,357	INFO	Total steps: 5595172	Episode: 3760/1518	Avg reward: 18.65	Avg steps: 1490
2020-07-03 18:40:27,023	INFO	Total steps: 5624072	Episode: 3780/1410	Avg reward: 18.65	Avg steps: 1444
2020-07-03 18:54:16,124	INFO	Total steps: 5652831	Episode: 3800/1377	Avg reward: 19.25	Avg steps: 1436
2020-07-03 19:08:34,383	INFO	Total steps: 5682607	Episode: 3820/1374	Avg reward: 18.30	Avg steps: 1487
2020-07-03 19:22:59,571	INFO	Total steps: 5712489	Episode: 3840/1301	Avg reward: 18.20	Avg steps: 1493
2020-07-03 19:37:26,235	INFO	Total steps: 5742249	Episode: 3860/1371	Avg reward: 18.30	Avg steps: 1487
2020-07-03 19:51:18,453	INFO	Total steps: 5770950	Episode: 3880/1484	Avg reward: 18.80	Avg steps: 1434
2020-07-03 20:04:59,526	INFO	Total steps: 5799175	Episode: 3900/1430	Avg reward: 18.75	Avg steps: 1410
2020-07-03 20:19:00,290	INFO	Total steps: 5828289	Episode: 3920/1684	Avg reward: 18.60	Avg steps: 1454
2020-07-03 20:32:56,450	INFO	Total steps: 5857416	Episode: 3940/1287	Avg reward: 18.60	Avg steps: 1455
2020-07-03 20:46:33,726	INFO	Total steps: 5885893	Episode: 3960/1581	Avg reward: 18.80	Avg steps: 1422
2020-07-03 21:01:03,470	INFO	Total steps: 5916219	Episode: 3980/1847	Avg reward: 18.35	Avg steps: 1515
2020-07-03 21:13:52,331	INFO	Total steps: 5945289	Episode: 4000/1675	Avg reward: 18.70	Avg steps: 1452
2020-07-06 17:24:41,924	INFO	--width 160 --height 160 --ball 1.0 --ball-size 2.0 --snell 1.0 --snell-width 80.0 --snell-change 0.0 --snell-visible none --paddle-speed 1.0 --paddle-angle 75.0 --paddle-length 20.0 --update-prob 0.2 --state binary --learning-rate 0.0001 --network dqn_pong_model --render False --epsdecay 1000 --episodes 4000 --replay 10000 --checkpoint dqn_pong_model --history history.p --store-dir ../experiments/snell_width.80.0-paddle_length.20.0-paddle_angle.75.0-update_prob.0.2 
2020-07-06 17:24:42,024	INFO	Device: cuda
2020-07-06 17:27:52,067	INFO	Total steps: 14847	Episode: 20/589	Avg reward: -17.20	Avg steps: 741
2020-07-06 17:34:20,776	INFO	Total steps: 29204	Episode: 40/674	Avg reward: -17.30	Avg steps: 716
2020-07-06 17:41:40,937	INFO	Total steps: 45432	Episode: 60/899	Avg reward: -16.85	Avg steps: 810
2020-07-06 17:48:24,958	INFO	Total steps: 60331	Episode: 80/598	Avg reward: -17.70	Avg steps: 743
2020-07-06 17:54:36,989	INFO	Total steps: 74033	Episode: 100/739	Avg reward: -17.70	Avg steps: 684
2020-07-06 18:01:07,003	INFO	Total steps: 88374	Episode: 120/715	Avg reward: -17.65	Avg steps: 716
2020-07-06 18:07:50,041	INFO	Total steps: 103187	Episode: 140/530	Avg reward: -17.20	Avg steps: 739
2020-07-06 18:15:22,721	INFO	Total steps: 119802	Episode: 160/792	Avg reward: -16.35	Avg steps: 829
2020-07-06 18:22:19,582	INFO	Total steps: 135032	Episode: 180/788	Avg reward: -16.60	Avg steps: 760
2020-07-06 18:29:51,164	INFO	Total steps: 151514	Episode: 200/646	Avg reward: -16.45	Avg steps: 823
2020-07-06 18:37:08,045	INFO	Total steps: 167473	Episode: 220/598	Avg reward: -16.65	Avg steps: 796
2020-07-06 18:44:42,242	INFO	Total steps: 184106	Episode: 240/946	Avg reward: -15.85	Avg steps: 830
2020-07-06 18:53:57,056	INFO	Total steps: 204367	Episode: 260/935	Avg reward: -13.75	Avg steps: 1012
2020-07-06 19:02:05,011	INFO	Total steps: 222204	Episode: 280/728	Avg reward: -15.50	Avg steps: 890
2020-07-06 19:10:46,222	INFO	Total steps: 241337	Episode: 300/580	Avg reward: -14.75	Avg steps: 955
2020-07-06 19:18:57,913	INFO	Total steps: 259290	Episode: 320/794	Avg reward: -15.75	Avg steps: 896
2020-07-06 19:26:47,613	INFO	Total steps: 276485	Episode: 340/998	Avg reward: -15.40	Avg steps: 858
2020-07-06 19:34:33,533	INFO	Total steps: 293480	Episode: 360/999	Avg reward: -16.05	Avg steps: 848
2020-07-06 19:44:08,305	INFO	Total steps: 314382	Episode: 380/1222	Avg reward: -14.50	Avg steps: 1044
2020-07-06 19:52:36,245	INFO	Total steps: 332898	Episode: 400/812	Avg reward: -14.85	Avg steps: 924
2020-07-06 20:01:32,262	INFO	Total steps: 352395	Episode: 420/1133	Avg reward: -14.45	Avg steps: 973
2020-07-06 20:11:17,069	INFO	Total steps: 373684	Episode: 440/975	Avg reward: -13.35	Avg steps: 1063
2020-07-06 20:20:27,029	INFO	Total steps: 393669	Episode: 460/1263	Avg reward: -13.25	Avg steps: 998
2020-07-06 20:30:00,743	INFO	Total steps: 414500	Episode: 480/824	Avg reward: -13.85	Avg steps: 1040
2020-07-06 20:39:51,488	INFO	Total steps: 435915	Episode: 500/1251	Avg reward: -13.85	Avg steps: 1069
2020-07-06 20:49:33,283	INFO	Total steps: 457000	Episode: 520/987	Avg reward: -13.90	Avg steps: 1053
2020-07-06 20:57:57,750	INFO	Total steps: 475249	Episode: 540/916	Avg reward: -14.65	Avg steps: 911
2020-07-06 21:06:57,339	INFO	Total steps: 494761	Episode: 560/940	Avg reward: -14.20	Avg steps: 974
2020-07-06 21:15:56,477	INFO	Total steps: 514213	Episode: 580/1332	Avg reward: -14.70	Avg steps: 971
2020-07-06 21:26:25,950	INFO	Total steps: 536943	Episode: 600/1360	Avg reward: -12.80	Avg steps: 1135
2020-07-06 21:37:24,102	INFO	Total steps: 560663	Episode: 620/1378	Avg reward: -12.00	Avg steps: 1185
2020-07-06 21:50:33,556	INFO	Total steps: 589120	Episode: 640/1549	Avg reward: -9.30	Avg steps: 1421
2020-07-06 22:04:15,709	INFO	Total steps: 618738	Episode: 660/769	Avg reward: -8.45	Avg steps: 1479
2020-07-06 22:17:21,964	INFO	Total steps: 647040	Episode: 680/1345	Avg reward: -8.90	Avg steps: 1414
2020-07-06 22:29:30,605	INFO	Total steps: 673240	Episode: 700/1484	Avg reward: -11.00	Avg steps: 1309
2020-07-06 22:43:25,447	INFO	Total steps: 703232	Episode: 720/1483	Avg reward: -8.55	Avg steps: 1498
2020-07-06 22:56:57,737	INFO	Total steps: 732404	Episode: 740/1230	Avg reward: -8.85	Avg steps: 1457
2020-07-06 23:08:37,462	INFO	Total steps: 757522	Episode: 760/1163	Avg reward: -11.40	Avg steps: 1254
2020-07-06 23:19:45,747	INFO	Total steps: 781483	Episode: 780/1052	Avg reward: -11.90	Avg steps: 1197
2020-07-06 23:32:10,414	INFO	Total steps: 808153	Episode: 800/1134	Avg reward: -10.10	Avg steps: 1332
2020-07-06 23:45:39,860	INFO	Total steps: 837164	Episode: 820/1790	Avg reward: -8.35	Avg steps: 1449
2020-07-06 23:59:15,848	INFO	Total steps: 866370	Episode: 840/844	Avg reward: -8.45	Avg steps: 1459
2020-07-07 00:14:29,817	INFO	Total steps: 899054	Episode: 860/1210	Avg reward: -5.45	Avg steps: 1633
2020-07-07 00:29:58,270	INFO	Total steps: 932282	Episode: 880/1167	Avg reward: -5.85	Avg steps: 1660
2020-07-07 00:46:09,007	INFO	Total steps: 966994	Episode: 900/1795	Avg reward: -4.45	Avg steps: 1734
2020-07-07 01:01:31,847	INFO	Total steps: 999934	Episode: 920/1493	Avg reward: -5.65	Avg steps: 1646
2020-07-07 01:15:46,448	INFO	Total steps: 1030450	Episode: 940/1261	Avg reward: -7.50	Avg steps: 1524
2020-07-07 01:31:48,843	INFO	Total steps: 1064798	Episode: 960/1164	Avg reward: -6.35	Avg steps: 1716
2020-07-07 01:46:39,917	INFO	Total steps: 1096610	Episode: 980/1931	Avg reward: -5.45	Avg steps: 1589
2020-07-07 02:01:13,323	INFO	Total steps: 1127809	Episode: 1000/1518	Avg reward: -6.45	Avg steps: 1558
2020-07-07 02:16:44,005	INFO	Total steps: 1161147	Episode: 1020/1544	Avg reward: -5.15	Avg steps: 1665
2020-07-07 02:32:24,641	INFO	Total steps: 1194830	Episode: 1040/1792	Avg reward: -4.30	Avg steps: 1683
2020-07-07 02:50:33,889	INFO	Total steps: 1233824	Episode: 1060/2278	Avg reward: 0.65	Avg steps: 1948
2020-07-07 03:08:35,108	INFO	Total steps: 1272502	Episode: 1080/2089	Avg reward: -0.60	Avg steps: 1932
2020-07-07 03:25:41,981	INFO	Total steps: 1309218	Episode: 1100/1641	Avg reward: -1.15	Avg steps: 1834
2020-07-07 03:42:45,656	INFO	Total steps: 1345818	Episode: 1120/1116	Avg reward: -1.55	Avg steps: 1829
2020-07-07 03:59:53,180	INFO	Total steps: 1382525	Episode: 1140/1642	Avg reward: 1.40	Avg steps: 1834
2020-07-07 04:18:23,255	INFO	Total steps: 1422149	Episode: 1160/2269	Avg reward: 2.70	Avg steps: 1980
2020-07-07 04:35:03,332	INFO	Total steps: 1457825	Episode: 1180/1192	Avg reward: -2.55	Avg steps: 1782
2020-07-07 04:52:22,611	INFO	Total steps: 1494890	Episode: 1200/1515	Avg reward: 2.85	Avg steps: 1852
2020-07-07 05:09:42,273	INFO	Total steps: 1531974	Episode: 1220/1598	Avg reward: 2.20	Avg steps: 1853
2020-07-07 05:27:48,681	INFO	Total steps: 1570679	Episode: 1240/1710	Avg reward: 4.95	Avg steps: 1934
2020-07-07 05:46:31,943	INFO	Total steps: 1610698	Episode: 1260/1580	Avg reward: 3.85	Avg steps: 1999
2020-07-07 06:03:12,587	INFO	Total steps: 1646337	Episode: 1280/1982	Avg reward: 1.95	Avg steps: 1780
2020-07-07 06:20:47,182	INFO	Total steps: 1683888	Episode: 1300/1733	Avg reward: 4.35	Avg steps: 1876
2020-07-07 06:38:24,084	INFO	Total steps: 1721431	Episode: 1320/2462	Avg reward: 4.65	Avg steps: 1876
2020-07-07 06:56:04,081	INFO	Total steps: 1759100	Episode: 1340/1924	Avg reward: 7.50	Avg steps: 1882
2020-07-07 07:13:59,519	INFO	Total steps: 1797291	Episode: 1360/1917	Avg reward: 7.15	Avg steps: 1908
2020-07-07 07:32:01,639	INFO	Total steps: 1835711	Episode: 1380/1604	Avg reward: 8.35	Avg steps: 1920
2020-07-07 07:50:51,948	INFO	Total steps: 1875875	Episode: 1400/1941	Avg reward: 6.85	Avg steps: 2007
2020-07-07 08:08:28,725	INFO	Total steps: 1913407	Episode: 1420/1576	Avg reward: 8.20	Avg steps: 1875
2020-07-07 08:26:05,811	INFO	Total steps: 1950947	Episode: 1440/1921	Avg reward: 8.90	Avg steps: 1876
2020-07-07 08:44:10,271	INFO	Total steps: 1989412	Episode: 1460/1672	Avg reward: 7.85	Avg steps: 1922
2020-07-07 09:01:20,914	INFO	Total steps: 2025935	Episode: 1480/1843	Avg reward: 8.30	Avg steps: 1825
2020-07-07 09:18:37,979	INFO	Total steps: 2062712	Episode: 1500/1858	Avg reward: 9.00	Avg steps: 1837
2020-07-07 09:36:22,634	INFO	Total steps: 2100453	Episode: 1520/2069	Avg reward: 7.50	Avg steps: 1886
2020-07-07 09:53:56,762	INFO	Total steps: 2137772	Episode: 1540/1980	Avg reward: 9.15	Avg steps: 1864
2020-07-07 10:10:44,407	INFO	Total steps: 2173426	Episode: 1560/1602	Avg reward: 8.55	Avg steps: 1781
2020-07-07 10:27:10,557	INFO	Total steps: 2208329	Episode: 1580/1572	Avg reward: 9.75	Avg steps: 1744
2020-07-07 10:43:32,663	INFO	Total steps: 2243117	Episode: 1600/1392	Avg reward: 11.05	Avg steps: 1738
2020-07-07 11:00:47,245	INFO	Total steps: 2279684	Episode: 1620/1418	Avg reward: 10.70	Avg steps: 1827
2020-07-07 11:18:17,088	INFO	Total steps: 2316794	Episode: 1640/1397	Avg reward: 10.20	Avg steps: 1854
2020-07-07 11:34:53,778	INFO	Total steps: 2352040	Episode: 1660/1855	Avg reward: 10.30	Avg steps: 1761
2020-07-07 11:51:20,089	INFO	Total steps: 2386866	Episode: 1680/1658	Avg reward: 11.25	Avg steps: 1740
2020-07-07 12:08:35,829	INFO	Total steps: 2423454	Episode: 1700/1520	Avg reward: 11.05	Avg steps: 1828
2020-07-07 12:25:20,064	INFO	Total steps: 2458942	Episode: 1720/1842	Avg reward: 11.00	Avg steps: 1773
2020-07-07 12:41:16,759	INFO	Total steps: 2492731	Episode: 1740/1495	Avg reward: 12.05	Avg steps: 1688
2020-07-07 12:57:56,665	INFO	Total steps: 2528020	Episode: 1760/1710	Avg reward: 11.45	Avg steps: 1763
2020-07-07 13:14:21,144	INFO	Total steps: 2562725	Episode: 1780/1898	Avg reward: 13.05	Avg steps: 1734
2020-07-07 13:30:23,431	INFO	Total steps: 2597288	Episode: 1800/1647	Avg reward: 13.75	Avg steps: 1727
2020-07-07 13:47:00,365	INFO	Total steps: 2632437	Episode: 1820/1703	Avg reward: 13.15	Avg steps: 1756
2020-07-07 14:03:07,747	INFO	Total steps: 2666517	Episode: 1840/2039	Avg reward: 12.85	Avg steps: 1703
2020-07-07 14:18:37,164	INFO	Total steps: 2699274	Episode: 1860/1707	Avg reward: 13.25	Avg steps: 1636
2020-07-07 14:33:50,734	INFO	Total steps: 2731468	Episode: 1880/1737	Avg reward: 14.65	Avg steps: 1608
2020-07-07 14:50:10,099	INFO	Total steps: 2765963	Episode: 1900/1800	Avg reward: 12.45	Avg steps: 1723
2020-07-07 15:06:44,535	INFO	Total steps: 2800959	Episode: 1920/2138	Avg reward: 15.05	Avg steps: 1748
2020-07-07 15:22:29,020	INFO	Total steps: 2834185	Episode: 1940/1624	Avg reward: 15.55	Avg steps: 1660
2020-07-07 15:37:35,586	INFO	Total steps: 2866068	Episode: 1960/1593	Avg reward: 14.70	Avg steps: 1593
2020-07-07 15:53:28,367	INFO	Total steps: 2899536	Episode: 1980/1451	Avg reward: 14.75	Avg steps: 1672
2020-07-07 16:09:52,522	INFO	Total steps: 2933841	Episode: 2000/1418	Avg reward: 13.25	Avg steps: 1714
2020-07-07 16:24:55,701	INFO	Total steps: 2965340	Episode: 2020/1532	Avg reward: 15.05	Avg steps: 1573
2020-07-07 16:40:19,007	INFO	Total steps: 2997518	Episode: 2040/1556	Avg reward: 14.80	Avg steps: 1607
2020-07-07 16:55:39,320	INFO	Total steps: 3029603	Episode: 2060/1591	Avg reward: 16.15	Avg steps: 1603
2020-07-07 17:10:55,583	INFO	Total steps: 3061530	Episode: 2080/1601	Avg reward: 15.40	Avg steps: 1595
2020-07-07 17:27:13,520	INFO	Total steps: 3095597	Episode: 2100/1927	Avg reward: 15.45	Avg steps: 1702
2020-07-07 17:42:55,513	INFO	Total steps: 3128352	Episode: 2120/1707	Avg reward: 15.50	Avg steps: 1636
2020-07-07 18:00:12,239	INFO	Total steps: 3164436	Episode: 2140/1837	Avg reward: 15.05	Avg steps: 1803
2020-07-07 18:16:01,103	INFO	Total steps: 3197440	Episode: 2160/1473	Avg reward: 15.10	Avg steps: 1649
2020-07-07 18:31:56,969	INFO	Total steps: 3230673	Episode: 2180/1412	Avg reward: 15.75	Avg steps: 1660
2020-07-07 18:47:31,091	INFO	Total steps: 3263146	Episode: 2200/1597	Avg reward: 14.55	Avg steps: 1622
2020-07-07 19:03:55,444	INFO	Total steps: 3297329	Episode: 2220/1356	Avg reward: 14.50	Avg steps: 1708
2020-07-07 19:20:07,867	INFO	Total steps: 3331136	Episode: 2240/1482	Avg reward: 14.70	Avg steps: 1689
2020-07-07 19:35:52,275	INFO	Total steps: 3363943	Episode: 2260/1704	Avg reward: 15.40	Avg steps: 1639
2020-07-07 19:51:48,302	INFO	Total steps: 3397107	Episode: 2280/2006	Avg reward: 14.75	Avg steps: 1657
2020-07-07 20:07:09,235	INFO	Total steps: 3429089	Episode: 2300/1363	Avg reward: 15.75	Avg steps: 1598
2020-07-07 20:22:39,705	INFO	Total steps: 3461366	Episode: 2320/2145	Avg reward: 16.15	Avg steps: 1612
2020-07-07 20:38:15,109	INFO	Total steps: 3493857	Episode: 2340/1731	Avg reward: 15.20	Avg steps: 1623
2020-07-07 20:53:42,316	INFO	Total steps: 3526326	Episode: 2360/1590	Avg reward: 15.05	Avg steps: 1622
2020-07-07 21:09:18,089	INFO	Total steps: 3558988	Episode: 2380/1717	Avg reward: 16.25	Avg steps: 1632
2020-07-07 21:24:41,980	INFO	Total steps: 3591027	Episode: 2400/2012	Avg reward: 15.80	Avg steps: 1600
2020-07-07 21:39:43,565	INFO	Total steps: 3623137	Episode: 2420/1632	Avg reward: 16.10	Avg steps: 1604
2020-07-07 21:55:08,600	INFO	Total steps: 3655294	Episode: 2440/1400	Avg reward: 16.25	Avg steps: 1606
2020-07-07 22:10:43,347	INFO	Total steps: 3687711	Episode: 2460/1834	Avg reward: 16.20	Avg steps: 1619
2020-07-07 22:26:18,901	INFO	Total steps: 3720023	Episode: 2480/1692	Avg reward: 16.70	Avg steps: 1614
2020-07-07 22:42:05,384	INFO	Total steps: 3752813	Episode: 2500/1739	Avg reward: 16.40	Avg steps: 1638
2020-07-07 22:57:56,731	INFO	Total steps: 3785907	Episode: 2520/1635	Avg reward: 16.30	Avg steps: 1653
2020-07-07 23:14:05,050	INFO	Total steps: 3819429	Episode: 2540/1557	Avg reward: 16.40	Avg steps: 1675
2020-07-07 23:29:43,711	INFO	Total steps: 3851885	Episode: 2560/1491	Avg reward: 15.75	Avg steps: 1621
2020-07-07 23:44:56,610	INFO	Total steps: 3883509	Episode: 2580/1916	Avg reward: 16.20	Avg steps: 1580
2020-07-07 23:59:39,806	INFO	Total steps: 3914193	Episode: 2600/1334	Avg reward: 17.30	Avg steps: 1533
2020-07-08 00:14:29,696	INFO	Total steps: 3945145	Episode: 2620/1312	Avg reward: 16.85	Avg steps: 1546
2020-07-08 00:29:53,450	INFO	Total steps: 3977092	Episode: 2640/1438	Avg reward: 17.15	Avg steps: 1596
2020-07-08 00:45:03,026	INFO	Total steps: 4008820	Episode: 2660/1782	Avg reward: 16.25	Avg steps: 1585
2020-07-08 01:00:04,674	INFO	Total steps: 4040312	Episode: 2680/1706	Avg reward: 16.80	Avg steps: 1573
2020-07-08 01:14:10,943	INFO	Total steps: 4069839	Episode: 2700/1467	Avg reward: 17.85	Avg steps: 1475
2020-07-08 01:29:15,086	INFO	Total steps: 4101375	Episode: 2720/1329	Avg reward: 17.75	Avg steps: 1575
2020-07-08 01:43:12,860	INFO	Total steps: 4130595	Episode: 2740/1460	Avg reward: 18.10	Avg steps: 1460
2020-07-08 01:57:29,435	INFO	Total steps: 4160315	Episode: 2760/1598	Avg reward: 17.70	Avg steps: 1485
2020-07-08 02:12:35,513	INFO	Total steps: 4191660	Episode: 2780/1556	Avg reward: 16.45	Avg steps: 1566
2020-07-08 02:27:20,416	INFO	Total steps: 4222247	Episode: 2800/1504	Avg reward: 17.30	Avg steps: 1528
2020-07-08 02:41:59,701	INFO	Total steps: 4252824	Episode: 2820/1434	Avg reward: 17.25	Avg steps: 1527
2020-07-08 02:56:37,825	INFO	Total steps: 4283282	Episode: 2840/1383	Avg reward: 17.25	Avg steps: 1521
2020-07-08 03:11:33,777	INFO	Total steps: 4314307	Episode: 2860/1470	Avg reward: 17.05	Avg steps: 1550
2020-07-08 03:26:07,965	INFO	Total steps: 4344758	Episode: 2880/1420	Avg reward: 16.90	Avg steps: 1521
2020-07-08 03:41:11,751	INFO	Total steps: 4376222	Episode: 2900/1719	Avg reward: 17.35	Avg steps: 1572
2020-07-08 03:55:58,328	INFO	Total steps: 4407112	Episode: 2920/1391	Avg reward: 17.55	Avg steps: 1543
2020-07-08 04:10:06,531	INFO	Total steps: 4436675	Episode: 2940/1546	Avg reward: 17.45	Avg steps: 1477
2020-07-08 04:25:07,830	INFO	Total steps: 4468077	Episode: 2960/1501	Avg reward: 17.80	Avg steps: 1569
2020-07-08 04:40:06,642	INFO	Total steps: 4499390	Episode: 2980/1406	Avg reward: 17.75	Avg steps: 1564
2020-07-08 04:54:47,915	INFO	Total steps: 4530083	Episode: 3000/1686	Avg reward: 17.20	Avg steps: 1533
2020-07-08 05:09:37,641	INFO	Total steps: 4561049	Episode: 3020/1727	Avg reward: 17.80	Avg steps: 1547
2020-07-08 05:23:44,843	INFO	Total steps: 4590532	Episode: 3040/1628	Avg reward: 17.30	Avg steps: 1473
2020-07-08 05:38:16,501	INFO	Total steps: 4620865	Episode: 3060/1481	Avg reward: 17.80	Avg steps: 1515
2020-07-08 05:52:41,910	INFO	Total steps: 4650970	Episode: 3080/1389	Avg reward: 18.00	Avg steps: 1504
2020-07-08 06:06:50,040	INFO	Total steps: 4680486	Episode: 3100/1334	Avg reward: 18.05	Avg steps: 1474
2020-07-08 06:21:22,729	INFO	Total steps: 4710829	Episode: 3120/1673	Avg reward: 17.70	Avg steps: 1516
2020-07-08 06:35:57,710	INFO	Total steps: 4741278	Episode: 3140/1265	Avg reward: 17.55	Avg steps: 1521
2020-07-08 06:50:03,979	INFO	Total steps: 4770743	Episode: 3160/1686	Avg reward: 17.70	Avg steps: 1472
2020-07-08 07:05:17,436	INFO	Total steps: 4802527	Episode: 3180/1518	Avg reward: 16.55	Avg steps: 1588
2020-07-08 07:19:28,826	INFO	Total steps: 4832168	Episode: 3200/1516	Avg reward: 17.85	Avg steps: 1481
2020-07-08 07:34:15,303	INFO	Total steps: 4862994	Episode: 3220/1701	Avg reward: 17.70	Avg steps: 1540
2020-07-08 07:47:59,735	INFO	Total steps: 4891700	Episode: 3240/1232	Avg reward: 18.35	Avg steps: 1434
2020-07-08 08:03:02,471	INFO	Total steps: 4923108	Episode: 3260/1481	Avg reward: 17.70	Avg steps: 1569
2020-07-08 08:17:18,593	INFO	Total steps: 4952893	Episode: 3280/1392	Avg reward: 18.70	Avg steps: 1488
2020-07-08 08:31:22,547	INFO	Total steps: 4982251	Episode: 3300/1557	Avg reward: 18.50	Avg steps: 1466
2020-07-08 08:45:41,648	INFO	Total steps: 5012126	Episode: 3320/1484	Avg reward: 18.45	Avg steps: 1492
2020-07-08 09:00:05,561	INFO	Total steps: 5042156	Episode: 3340/1422	Avg reward: 17.55	Avg steps: 1500
2020-07-08 09:14:59,373	INFO	Total steps: 5073228	Episode: 3360/1537	Avg reward: 18.50	Avg steps: 1552
2020-07-08 09:29:40,939	INFO	Total steps: 5103867	Episode: 3380/1334	Avg reward: 18.40	Avg steps: 1530
2020-07-08 09:44:55,045	INFO	Total steps: 5135633	Episode: 3400/1562	Avg reward: 18.35	Avg steps: 1587
2020-07-08 09:59:57,701	INFO	Total steps: 5167115	Episode: 3420/1746	Avg reward: 18.30	Avg steps: 1573
2020-07-08 10:14:33,296	INFO	Total steps: 5197526	Episode: 3440/1220	Avg reward: 18.80	Avg steps: 1519
2020-07-08 10:29:39,117	INFO	Total steps: 5229001	Episode: 3460/1426	Avg reward: 17.85	Avg steps: 1572
2020-07-08 10:43:42,973	INFO	Total steps: 5258329	Episode: 3480/1533	Avg reward: 18.20	Avg steps: 1465
2020-07-08 10:58:19,660	INFO	Total steps: 5288797	Episode: 3500/1323	Avg reward: 17.65	Avg steps: 1522
2020-07-08 11:12:40,758	INFO	Total steps: 5318722	Episode: 3520/1575	Avg reward: 18.95	Avg steps: 1495
2020-07-08 11:26:55,419	INFO	Total steps: 5348429	Episode: 3540/1563	Avg reward: 18.45	Avg steps: 1484
2020-07-08 11:41:42,852	INFO	Total steps: 5379240	Episode: 3560/1220	Avg reward: 18.00	Avg steps: 1539
2020-07-08 11:56:18,089	INFO	Total steps: 5409625	Episode: 3580/1458	Avg reward: 18.85	Avg steps: 1518
2020-07-08 12:11:17,069	INFO	Total steps: 5440822	Episode: 3600/1550	Avg reward: 18.35	Avg steps: 1558
2020-07-08 12:25:59,710	INFO	Total steps: 5471445	Episode: 3620/1517	Avg reward: 18.95	Avg steps: 1530
2020-07-08 12:41:28,668	INFO	Total steps: 5503684	Episode: 3640/1429	Avg reward: 18.45	Avg steps: 1610
2020-07-08 12:55:37,253	INFO	Total steps: 5533151	Episode: 3660/1394	Avg reward: 18.95	Avg steps: 1472
2020-07-08 13:09:42,426	INFO	Total steps: 5562482	Episode: 3680/1359	Avg reward: 19.10	Avg steps: 1465
2020-07-08 13:24:16,323	INFO	Total steps: 5593153	Episode: 3700/1879	Avg reward: 18.20	Avg steps: 1532
2020-07-08 14:43:23,699	INFO	Total steps: 5623868	Episode: 3720/1831	Avg reward: 18.30	Avg steps: 1534
2020-07-08 14:58:31,018	INFO	Total steps: 5655356	Episode: 3740/1550	Avg reward: 18.20	Avg steps: 1573
2020-07-08 15:13:09,701	INFO	Total steps: 5686017	Episode: 3760/1371	Avg reward: 17.90	Avg steps: 1532
2020-07-08 15:27:32,338	INFO	Total steps: 5715947	Episode: 3780/1765	Avg reward: 18.35	Avg steps: 1495
2020-07-08 15:42:35,068	INFO	Total steps: 5747272	Episode: 3800/1509	Avg reward: 18.25	Avg steps: 1565
2020-07-08 15:57:30,210	INFO	Total steps: 5778310	Episode: 3820/1339	Avg reward: 17.65	Avg steps: 1550
2020-07-08 16:12:25,998	INFO	Total steps: 5809405	Episode: 3840/1537	Avg reward: 17.45	Avg steps: 1553
2020-07-08 16:27:08,702	INFO	Total steps: 5840011	Episode: 3860/1784	Avg reward: 18.10	Avg steps: 1529
2020-07-08 16:41:43,322	INFO	Total steps: 5870328	Episode: 3880/1538	Avg reward: 18.30	Avg steps: 1514
2020-07-08 16:56:17,606	INFO	Total steps: 5900572	Episode: 3900/1421	Avg reward: 17.75	Avg steps: 1511
2020-07-08 17:09:13,148	INFO	Total steps: 5930420	Episode: 3920/1653	Avg reward: 18.50	Avg steps: 1491
2020-07-08 17:21:45,317	INFO	Total steps: 5960035	Episode: 3940/1543	Avg reward: 18.80	Avg steps: 1479
2020-07-08 17:34:36,667	INFO	Total steps: 5990365	Episode: 3960/1460	Avg reward: 18.15	Avg steps: 1515
2020-07-08 17:47:12,879	INFO	Total steps: 6020039	Episode: 3980/1412	Avg reward: 18.50	Avg steps: 1482
2020-07-08 18:00:06,618	INFO	Total steps: 6050452	Episode: 4000/1475	Avg reward: 17.75	Avg steps: 1519
