2020-07-14 20:54:35,978	INFO	--width 160 --height 160 --ball 1.0 --ball-size 2.0 --snell 1.6 --snell-width 80.0 --snell-change 0.0 --snell-visible none --paddle-speed 1.0 --paddle-angle 60.0 --paddle-length 20.0 --update-prob 0.4 --state binary --learning-rate 0.0001 --network dqn_pong_model --render False --epsdecay 1000 --episodes 4000 --replay 10000 --checkpoint dqn_pong_model --history history.p --store-dir ../experiments/paddle_angle.60.0-update_prob.0.4-snell.1.6 
2020-07-14 20:54:35,978	INFO	Device: cuda
2020-07-14 20:55:43,357	INFO	Total steps: 10301	Episode: 20/553	Avg reward: -19.40	Avg steps: 514
2020-07-14 21:00:34,707	INFO	Total steps: 21336	Episode: 40/541	Avg reward: -18.70	Avg steps: 550
2020-07-14 21:06:25,405	INFO	Total steps: 34565	Episode: 60/589	Avg reward: -18.30	Avg steps: 660
2020-07-14 21:11:53,155	INFO	Total steps: 46903	Episode: 80/606	Avg reward: -18.50	Avg steps: 615
2020-07-14 21:17:33,846	INFO	Total steps: 59763	Episode: 100/796	Avg reward: -18.45	Avg steps: 642
2020-07-14 21:23:18,050	INFO	Total steps: 72731	Episode: 120/462	Avg reward: -18.15	Avg steps: 647
2020-07-14 21:29:09,323	INFO	Total steps: 85911	Episode: 140/964	Avg reward: -17.95	Avg steps: 658
2020-07-14 21:34:49,251	INFO	Total steps: 98669	Episode: 160/735	Avg reward: -18.15	Avg steps: 636
2020-07-14 21:41:31,978	INFO	Total steps: 113758	Episode: 180/649	Avg reward: -17.05	Avg steps: 753
2020-07-14 21:47:11,573	INFO	Total steps: 126459	Episode: 200/431	Avg reward: -18.05	Avg steps: 634
2020-07-14 21:53:18,297	INFO	Total steps: 140136	Episode: 220/700	Avg reward: -17.95	Avg steps: 682
2020-07-14 21:59:26,130	INFO	Total steps: 153876	Episode: 240/605	Avg reward: -17.60	Avg steps: 686
2020-07-14 22:06:07,171	INFO	Total steps: 168840	Episode: 260/697	Avg reward: -16.55	Avg steps: 747
2020-07-14 22:12:55,704	INFO	Total steps: 184040	Episode: 280/481	Avg reward: -16.95	Avg steps: 759
2020-07-14 22:20:24,742	INFO	Total steps: 200759	Episode: 300/659	Avg reward: -17.15	Avg steps: 834
2020-07-14 22:27:56,695	INFO	Total steps: 217589	Episode: 320/1079	Avg reward: -15.80	Avg steps: 840
2020-07-14 22:35:17,734	INFO	Total steps: 234048	Episode: 340/1009	Avg reward: -16.90	Avg steps: 821
2020-07-14 22:43:32,819	INFO	Total steps: 252489	Episode: 360/644	Avg reward: -14.80	Avg steps: 921
2020-07-14 22:51:12,280	INFO	Total steps: 269637	Episode: 380/938	Avg reward: -16.00	Avg steps: 856
2020-07-14 22:59:01,221	INFO	Total steps: 287315	Episode: 400/707	Avg reward: -16.00	Avg steps: 882
2020-07-14 23:06:44,765	INFO	Total steps: 304738	Episode: 420/1045	Avg reward: -15.75	Avg steps: 870
2020-07-14 23:14:51,098	INFO	Total steps: 323045	Episode: 440/863	Avg reward: -15.65	Avg steps: 914
2020-07-14 23:23:21,490	INFO	Total steps: 340653	Episode: 460/462	Avg reward: -15.70	Avg steps: 879
2020-07-14 23:32:27,524	INFO	Total steps: 359035	Episode: 480/646	Avg reward: -15.20	Avg steps: 918
2020-07-14 23:41:48,005	INFO	Total steps: 377863	Episode: 500/591	Avg reward: -15.10	Avg steps: 940
2020-07-14 23:50:55,922	INFO	Total steps: 396389	Episode: 520/939	Avg reward: -15.40	Avg steps: 925
2020-07-15 00:01:17,484	INFO	Total steps: 417310	Episode: 540/1696	Avg reward: -13.50	Avg steps: 1045
2020-07-15 00:12:30,831	INFO	Total steps: 440069	Episode: 560/1367	Avg reward: -13.30	Avg steps: 1136
2020-07-15 00:24:23,362	INFO	Total steps: 463998	Episode: 580/1710	Avg reward: -13.00	Avg steps: 1195
2020-07-15 00:36:20,247	INFO	Total steps: 488019	Episode: 600/1024	Avg reward: -12.30	Avg steps: 1200
2020-07-15 00:47:54,609	INFO	Total steps: 511280	Episode: 620/1506	Avg reward: -11.90	Avg steps: 1162
2020-07-15 00:59:33,027	INFO	Total steps: 534563	Episode: 640/1054	Avg reward: -12.20	Avg steps: 1163
2020-07-15 01:13:43,419	INFO	Total steps: 563088	Episode: 660/1633	Avg reward: -10.90	Avg steps: 1425
2020-07-15 01:26:22,097	INFO	Total steps: 588461	Episode: 680/1142	Avg reward: -10.65	Avg steps: 1267
2020-07-15 01:38:48,581	INFO	Total steps: 613393	Episode: 700/942	Avg reward: -11.45	Avg steps: 1245
2020-07-15 01:52:21,319	INFO	Total steps: 640476	Episode: 720/1282	Avg reward: -10.70	Avg steps: 1353
2020-07-15 02:05:20,376	INFO	Total steps: 666531	Episode: 740/1332	Avg reward: -10.70	Avg steps: 1301
2020-07-15 02:19:53,395	INFO	Total steps: 695697	Episode: 760/1262	Avg reward: -8.95	Avg steps: 1457
2020-07-15 02:34:48,423	INFO	Total steps: 725436	Episode: 780/1690	Avg reward: -7.85	Avg steps: 1485
2020-07-15 02:49:39,673	INFO	Total steps: 755139	Episode: 800/1388	Avg reward: -7.75	Avg steps: 1484
2020-07-15 03:06:24,509	INFO	Total steps: 788634	Episode: 820/1946	Avg reward: -6.45	Avg steps: 1673
2020-07-15 03:23:01,472	INFO	Total steps: 821616	Episode: 840/1772	Avg reward: -7.55	Avg steps: 1648
2020-07-15 03:41:00,132	INFO	Total steps: 857344	Episode: 860/2080	Avg reward: -3.65	Avg steps: 1785
2020-07-15 03:57:54,959	INFO	Total steps: 891001	Episode: 880/1250	Avg reward: -6.20	Avg steps: 1681
2020-07-15 04:16:07,428	INFO	Total steps: 927144	Episode: 900/1932	Avg reward: -1.80	Avg steps: 1806
2020-07-15 04:34:46,351	INFO	Total steps: 963929	Episode: 920/1656	Avg reward: -2.10	Avg steps: 1838
2020-07-15 04:53:06,629	INFO	Total steps: 1000390	Episode: 940/1494	Avg reward: -1.95	Avg steps: 1822
2020-07-15 05:11:22,621	INFO	Total steps: 1036610	Episode: 960/2386	Avg reward: -0.10	Avg steps: 1810
2020-07-15 05:30:54,389	INFO	Total steps: 1075334	Episode: 980/2200	Avg reward: -2.90	Avg steps: 1935
2020-07-15 05:50:09,226	INFO	Total steps: 1113623	Episode: 1000/1950	Avg reward: -2.55	Avg steps: 1913
2020-07-15 06:08:17,034	INFO	Total steps: 1149584	Episode: 1020/1881	Avg reward: -3.15	Avg steps: 1797
2020-07-15 06:27:01,550	INFO	Total steps: 1186748	Episode: 1040/2038	Avg reward: -3.30	Avg steps: 1857
2020-07-15 06:44:57,818	INFO	Total steps: 1222261	Episode: 1060/2077	Avg reward: -2.60	Avg steps: 1774
2020-07-15 07:03:19,057	INFO	Total steps: 1258382	Episode: 1080/2352	Avg reward: -0.40	Avg steps: 1805
2020-07-15 07:23:05,652	INFO	Total steps: 1297120	Episode: 1100/1848	Avg reward: 2.40	Avg steps: 1935
2020-07-15 07:42:32,445	INFO	Total steps: 1335572	Episode: 1120/2345	Avg reward: 1.85	Avg steps: 1921
2020-07-15 08:00:56,598	INFO	Total steps: 1371953	Episode: 1140/1493	Avg reward: 1.75	Avg steps: 1818
2020-07-15 08:20:21,957	INFO	Total steps: 1410337	Episode: 1160/2122	Avg reward: 2.95	Avg steps: 1918
2020-07-15 08:39:51,161	INFO	Total steps: 1448966	Episode: 1180/1692	Avg reward: 3.55	Avg steps: 1930
2020-07-15 08:58:42,192	INFO	Total steps: 1486229	Episode: 1200/2090	Avg reward: 0.90	Avg steps: 1862
2020-07-15 09:18:02,982	INFO	Total steps: 1524387	Episode: 1220/1897	Avg reward: 2.00	Avg steps: 1906
2020-07-15 09:38:07,426	INFO	Total steps: 1564084	Episode: 1240/2000	Avg reward: 2.00	Avg steps: 1983
2020-07-15 09:57:42,383	INFO	Total steps: 1602710	Episode: 1260/1546	Avg reward: 5.55	Avg steps: 1930
2020-07-15 10:17:57,707	INFO	Total steps: 1642637	Episode: 1280/1869	Avg reward: 7.30	Avg steps: 1995
2020-07-15 10:37:24,863	INFO	Total steps: 1681121	Episode: 1300/1942	Avg reward: 6.40	Avg steps: 1923
2020-07-15 10:56:47,913	INFO	Total steps: 1719342	Episode: 1320/1226	Avg reward: 4.50	Avg steps: 1910
2020-07-15 11:16:05,481	INFO	Total steps: 1757367	Episode: 1340/2118	Avg reward: 7.95	Avg steps: 1900
2020-07-15 11:34:54,577	INFO	Total steps: 1794508	Episode: 1360/1515	Avg reward: 3.50	Avg steps: 1856
2020-07-15 11:54:10,085	INFO	Total steps: 1832387	Episode: 1380/1825	Avg reward: 4.60	Avg steps: 1892
2020-07-15 12:12:25,659	INFO	Total steps: 1868342	Episode: 1400/1759	Avg reward: 5.55	Avg steps: 1796
2020-07-15 12:32:15,055	INFO	Total steps: 1907447	Episode: 1420/1554	Avg reward: 5.85	Avg steps: 1954
2020-07-15 12:51:42,280	INFO	Total steps: 1945688	Episode: 1440/2093	Avg reward: 7.85	Avg steps: 1911
2020-07-15 13:09:04,864	INFO	Total steps: 1980012	Episode: 1460/1707	Avg reward: 8.80	Avg steps: 1715
2020-07-15 13:26:03,890	INFO	Total steps: 2016787	Episode: 1480/1771	Avg reward: 8.25	Avg steps: 1837
2020-07-15 13:43:10,363	INFO	Total steps: 2054074	Episode: 1500/1811	Avg reward: 8.60	Avg steps: 1863
2020-07-15 13:59:06,484	INFO	Total steps: 2088776	Episode: 1520/1839	Avg reward: 9.55	Avg steps: 1734
2020-07-15 14:14:24,064	INFO	Total steps: 2121962	Episode: 1540/1658	Avg reward: 9.40	Avg steps: 1658
2020-07-15 14:30:26,315	INFO	Total steps: 2156766	Episode: 1560/1868	Avg reward: 10.65	Avg steps: 1739
2020-07-15 14:46:27,059	INFO	Total steps: 2191476	Episode: 1580/1793	Avg reward: 10.45	Avg steps: 1734
2020-07-15 15:03:33,602	INFO	Total steps: 2228595	Episode: 1600/2172	Avg reward: 9.75	Avg steps: 1854
2020-07-15 15:19:18,576	INFO	Total steps: 2262727	Episode: 1620/1751	Avg reward: 12.50	Avg steps: 1705
2020-07-15 15:35:04,074	INFO	Total steps: 2296835	Episode: 1640/1758	Avg reward: 12.60	Avg steps: 1704
2020-07-15 15:50:21,897	INFO	Total steps: 2329798	Episode: 1660/1824	Avg reward: 13.15	Avg steps: 1647
2020-07-15 16:05:57,684	INFO	Total steps: 2363197	Episode: 1680/1514	Avg reward: 13.35	Avg steps: 1668
2020-07-16 15:25:34,527	INFO	--width 160 --height 160 --ball 1.0 --ball-size 2.0 --snell 1.6 --snell-width 80.0 --snell-change 0.0 --snell-visible none --paddle-speed 1.0 --paddle-angle 60.0 --paddle-length 20.0 --update-prob 0.4 --state binary --learning-rate 0.0001 --network dqn_pong_model --render False --epsdecay 1000 --episodes 4000 --replay 10000 --checkpoint dqn_pong_model --history history.p --store-dir ../experiments/paddle_angle.60.0-update_prob.0.4-snell.1.6 
2020-07-16 15:25:34,643	INFO	Device: cuda
2020-07-16 15:27:42,619	INFO	Total steps: 12008	Episode: 20/469	Avg reward: -18.50	Avg steps: 599
2020-07-16 15:34:15,808	INFO	Total steps: 23643	Episode: 40/707	Avg reward: -18.60	Avg steps: 580
2020-07-16 15:41:43,206	INFO	Total steps: 36743	Episode: 60/678	Avg reward: -18.15	Avg steps: 654
2020-07-16 15:49:03,773	INFO	Total steps: 49605	Episode: 80/487	Avg reward: -18.50	Avg steps: 642
2020-07-16 15:56:51,860	INFO	Total steps: 63456	Episode: 100/690	Avg reward: -17.75	Avg steps: 691
2020-07-16 16:03:36,401	INFO	Total steps: 75408	Episode: 120/830	Avg reward: -18.75	Avg steps: 596
2020-07-16 16:11:30,393	INFO	Total steps: 89353	Episode: 140/766	Avg reward: -18.35	Avg steps: 696
2020-07-16 16:19:17,567	INFO	Total steps: 104836	Episode: 160/850	Avg reward: -17.35	Avg steps: 773
2020-07-16 16:26:03,049	INFO	Total steps: 119608	Episode: 180/593	Avg reward: -17.60	Avg steps: 737
2020-07-16 16:32:52,346	INFO	Total steps: 134475	Episode: 200/811	Avg reward: -16.65	Avg steps: 742
2020-07-16 16:40:16,167	INFO	Total steps: 150508	Episode: 220/869	Avg reward: -17.00	Avg steps: 800
2020-07-16 16:48:23,633	INFO	Total steps: 168120	Episode: 240/848	Avg reward: -16.45	Avg steps: 879
2020-07-16 16:55:52,169	INFO	Total steps: 184288	Episode: 260/659	Avg reward: -16.90	Avg steps: 807
2020-07-16 17:03:09,783	INFO	Total steps: 200123	Episode: 280/838	Avg reward: -17.35	Avg steps: 790
2020-07-16 17:09:45,587	INFO	Total steps: 214371	Episode: 300/763	Avg reward: -17.40	Avg steps: 711
2020-07-16 17:16:22,126	INFO	Total steps: 228674	Episode: 320/610	Avg reward: -17.25	Avg steps: 714
2020-07-16 17:23:35,002	INFO	Total steps: 244276	Episode: 340/618	Avg reward: -17.30	Avg steps: 779
2020-07-16 17:30:28,687	INFO	Total steps: 259249	Episode: 360/689	Avg reward: -16.45	Avg steps: 747
2020-07-16 17:37:50,274	INFO	Total steps: 275237	Episode: 380/833	Avg reward: -16.65	Avg steps: 798
2020-07-16 17:45:13,344	INFO	Total steps: 291195	Episode: 400/650	Avg reward: -16.45	Avg steps: 796
2020-07-16 17:52:43,166	INFO	Total steps: 307399	Episode: 420/770	Avg reward: -15.95	Avg steps: 809
2020-07-16 17:58:59,019	INFO	Total steps: 320861	Episode: 440/769	Avg reward: -17.15	Avg steps: 672
2020-07-16 18:06:28,090	INFO	Total steps: 337046	Episode: 460/1152	Avg reward: -15.70	Avg steps: 808
2020-07-16 18:14:39,204	INFO	Total steps: 354696	Episode: 480/1138	Avg reward: -15.35	Avg steps: 881
2020-07-16 18:23:18,982	INFO	Total steps: 373275	Episode: 500/674	Avg reward: -15.50	Avg steps: 927
2020-07-16 18:33:01,837	INFO	Total steps: 394130	Episode: 520/857	Avg reward: -14.15	Avg steps: 1041
2020-07-16 18:42:10,296	INFO	Total steps: 413635	Episode: 540/1060	Avg reward: -14.70	Avg steps: 974
2020-07-16 18:51:39,862	INFO	Total steps: 433709	Episode: 560/1101	Avg reward: -14.25	Avg steps: 1002
2020-07-16 19:01:58,714	INFO	Total steps: 455643	Episode: 580/1169	Avg reward: -12.80	Avg steps: 1095
2020-07-16 19:13:06,235	INFO	Total steps: 479346	Episode: 600/1012	Avg reward: -12.15	Avg steps: 1184
2020-07-16 19:23:11,881	INFO	Total steps: 500831	Episode: 620/897	Avg reward: -14.00	Avg steps: 1073
2020-07-16 19:33:49,745	INFO	Total steps: 523591	Episode: 640/1207	Avg reward: -13.20	Avg steps: 1137
2020-07-16 19:47:14,597	INFO	Total steps: 552205	Episode: 660/1304	Avg reward: -11.15	Avg steps: 1429
2020-07-16 19:59:14,777	INFO	Total steps: 577865	Episode: 680/1290	Avg reward: -11.55	Avg steps: 1282
2020-07-16 20:10:47,154	INFO	Total steps: 602629	Episode: 700/1156	Avg reward: -12.20	Avg steps: 1237
2020-07-16 20:23:48,636	INFO	Total steps: 630443	Episode: 720/1234	Avg reward: -9.50	Avg steps: 1389
2020-07-16 20:38:50,964	INFO	Total steps: 662788	Episode: 740/978	Avg reward: -8.10	Avg steps: 1616
2020-07-16 20:51:34,979	INFO	Total steps: 690079	Episode: 760/1144	Avg reward: -10.10	Avg steps: 1363
2020-07-16 21:06:46,687	INFO	Total steps: 722906	Episode: 780/812	Avg reward: -7.75	Avg steps: 1640
2020-07-16 21:20:46,305	INFO	Total steps: 753209	Episode: 800/1333	Avg reward: -7.65	Avg steps: 1514
2020-07-16 21:36:43,734	INFO	Total steps: 787604	Episode: 820/1360	Avg reward: -5.75	Avg steps: 1718
2020-07-16 21:52:14,489	INFO	Total steps: 820272	Episode: 840/1832	Avg reward: -6.45	Avg steps: 1632
2020-07-16 22:09:14,937	INFO	Total steps: 856443	Episode: 860/1451	Avg reward: -2.10	Avg steps: 1807
2020-07-16 22:26:19,778	INFO	Total steps: 892666	Episode: 880/1595	Avg reward: -4.50	Avg steps: 1810
2020-07-16 22:43:33,143	INFO	Total steps: 928525	Episode: 900/1987	Avg reward: -3.90	Avg steps: 1791
2020-07-16 23:00:09,255	INFO	Total steps: 962916	Episode: 920/1316	Avg reward: -5.80	Avg steps: 1718
2020-07-16 23:18:19,667	INFO	Total steps: 1001281	Episode: 940/1650	Avg reward: -1.90	Avg steps: 1917
2020-07-16 23:34:18,964	INFO	Total steps: 1035327	Episode: 960/2139	Avg reward: -6.10	Avg steps: 1701
2020-07-16 23:50:31,372	INFO	Total steps: 1069622	Episode: 980/2004	Avg reward: -5.10	Avg steps: 1713
2020-07-17 00:07:29,443	INFO	Total steps: 1105428	Episode: 1000/1853	Avg reward: -2.85	Avg steps: 1789
2020-07-17 00:24:34,730	INFO	Total steps: 1141160	Episode: 1020/1560	Avg reward: -3.85	Avg steps: 1785
2020-07-17 00:40:55,394	INFO	Total steps: 1175613	Episode: 1040/1644	Avg reward: -3.25	Avg steps: 1721
2020-07-17 00:59:20,916	INFO	Total steps: 1214457	Episode: 1060/2307	Avg reward: 0.20	Avg steps: 1941
2020-07-17 01:17:44,923	INFO	Total steps: 1253335	Episode: 1080/1784	Avg reward: -1.20	Avg steps: 1942
2020-07-17 01:37:07,763	INFO	Total steps: 1294157	Episode: 1100/1510	Avg reward: 0.00	Avg steps: 2040
2020-07-17 01:54:45,196	INFO	Total steps: 1331296	Episode: 1120/1769	Avg reward: 2.45	Avg steps: 1855
2020-07-17 02:13:11,762	INFO	Total steps: 1370163	Episode: 1140/1886	Avg reward: 3.80	Avg steps: 1942
2020-07-17 02:32:42,134	INFO	Total steps: 1411372	Episode: 1160/1917	Avg reward: 5.60	Avg steps: 2059
2020-07-17 02:51:20,019	INFO	Total steps: 1450748	Episode: 1180/2374	Avg reward: 3.25	Avg steps: 1967
2020-07-17 03:08:04,644	INFO	Total steps: 1486296	Episode: 1200/1681	Avg reward: 9.05	Avg steps: 1776
2020-07-17 03:25:47,569	INFO	Total steps: 1522958	Episode: 1220/1959	Avg reward: 7.95	Avg steps: 1832
2020-07-17 03:43:46,390	INFO	Total steps: 1560179	Episode: 1240/1733	Avg reward: 7.80	Avg steps: 1860
2020-07-17 04:02:58,814	INFO	Total steps: 1599854	Episode: 1260/1517	Avg reward: 5.60	Avg steps: 1982
2020-07-17 04:21:10,028	INFO	Total steps: 1637323	Episode: 1280/1632	Avg reward: 9.05	Avg steps: 1872
2020-07-17 04:39:15,345	INFO	Total steps: 1674606	Episode: 1300/1735	Avg reward: 10.55	Avg steps: 1863
2020-07-17 04:57:27,209	INFO	Total steps: 1712121	Episode: 1320/1557	Avg reward: 9.90	Avg steps: 1874
2020-07-17 05:16:27,166	INFO	Total steps: 1751257	Episode: 1340/1574	Avg reward: 10.45	Avg steps: 1955
2020-07-17 05:34:22,158	INFO	Total steps: 1788311	Episode: 1360/1831	Avg reward: 9.75	Avg steps: 1851
2020-07-17 05:51:25,987	INFO	Total steps: 1823252	Episode: 1380/1777	Avg reward: 11.65	Avg steps: 1746
2020-07-17 06:10:19,742	INFO	Total steps: 1861262	Episode: 1400/2294	Avg reward: 10.10	Avg steps: 1899
2020-07-17 06:27:40,581	INFO	Total steps: 1896135	Episode: 1420/1344	Avg reward: 11.50	Avg steps: 1742
2020-07-17 06:46:04,638	INFO	Total steps: 1933354	Episode: 1440/1511	Avg reward: 9.35	Avg steps: 1859
2020-07-17 07:04:10,947	INFO	Total steps: 1969895	Episode: 1460/1772	Avg reward: 10.25	Avg steps: 1826
2020-07-17 07:21:09,127	INFO	Total steps: 2004231	Episode: 1480/1509	Avg reward: 12.00	Avg steps: 1715
2020-07-17 07:38:11,737	INFO	Total steps: 2038464	Episode: 1500/1547	Avg reward: 10.25	Avg steps: 1710
2020-07-17 07:56:19,041	INFO	Total steps: 2074952	Episode: 1520/1596	Avg reward: 11.80	Avg steps: 1823
2020-07-17 08:13:00,346	INFO	Total steps: 2108482	Episode: 1540/1498	Avg reward: 12.40	Avg steps: 1675
2020-07-17 08:29:20,658	INFO	Total steps: 2141384	Episode: 1560/1856	Avg reward: 12.75	Avg steps: 1644
2020-07-17 08:47:11,211	INFO	Total steps: 2177239	Episode: 1580/1757	Avg reward: 12.55	Avg steps: 1791
2020-07-17 09:03:59,017	INFO	Total steps: 2210989	Episode: 1600/1451	Avg reward: 10.90	Avg steps: 1686
2020-07-17 09:20:07,475	INFO	Total steps: 2243547	Episode: 1620/1250	Avg reward: 13.05	Avg steps: 1626
2020-07-17 09:36:52,543	INFO	Total steps: 2277377	Episode: 1640/1464	Avg reward: 12.65	Avg steps: 1690
2020-07-17 09:53:33,352	INFO	Total steps: 2310844	Episode: 1660/1728	Avg reward: 14.20	Avg steps: 1672
2020-07-17 10:09:01,965	INFO	Total steps: 2341664	Episode: 1680/1899	Avg reward: 14.25	Avg steps: 1540
2020-07-17 10:25:41,177	INFO	Total steps: 2374837	Episode: 1700/1874	Avg reward: 13.25	Avg steps: 1657
2020-07-17 10:42:57,102	INFO	Total steps: 2409460	Episode: 1720/1642	Avg reward: 13.40	Avg steps: 1730
2020-07-17 10:59:47,737	INFO	Total steps: 2443014	Episode: 1740/1578	Avg reward: 13.25	Avg steps: 1676
2020-07-17 11:16:16,454	INFO	Total steps: 2475850	Episode: 1760/1420	Avg reward: 12.80	Avg steps: 1640
2020-07-17 11:32:15,744	INFO	Total steps: 2507907	Episode: 1780/1634	Avg reward: 13.75	Avg steps: 1601
2020-07-17 11:48:41,682	INFO	Total steps: 2540739	Episode: 1800/1833	Avg reward: 14.65	Avg steps: 1640
2020-07-17 12:04:05,563	INFO	Total steps: 2571331	Episode: 1820/1698	Avg reward: 15.30	Avg steps: 1528
2020-07-17 12:20:38,744	INFO	Total steps: 2604407	Episode: 1840/1583	Avg reward: 14.05	Avg steps: 1652
2020-07-17 12:36:30,644	INFO	Total steps: 2636176	Episode: 1860/1219	Avg reward: 14.25	Avg steps: 1587
2020-07-17 12:51:05,280	INFO	Total steps: 2665161	Episode: 1880/1537	Avg reward: 15.55	Avg steps: 1448
2020-07-17 13:06:49,589	INFO	Total steps: 2696427	Episode: 1900/1675	Avg reward: 15.00	Avg steps: 1562
2020-07-17 13:21:51,007	INFO	Total steps: 2726309	Episode: 1920/1213	Avg reward: 15.85	Avg steps: 1493
2020-07-17 13:37:55,611	INFO	Total steps: 2758300	Episode: 1940/1325	Avg reward: 15.45	Avg steps: 1598
2020-07-17 13:53:02,268	INFO	Total steps: 2788277	Episode: 1960/1195	Avg reward: 16.35	Avg steps: 1497
2020-07-17 14:07:53,771	INFO	Total steps: 2817840	Episode: 1980/1825	Avg reward: 15.10	Avg steps: 1477
2020-07-17 14:24:24,928	INFO	Total steps: 2850693	Episode: 2000/2287	Avg reward: 14.60	Avg steps: 1641
2020-07-17 14:39:34,951	INFO	Total steps: 2880887	Episode: 2020/1699	Avg reward: 15.75	Avg steps: 1508
2020-07-17 14:55:44,067	INFO	Total steps: 2913027	Episode: 2040/1800	Avg reward: 15.30	Avg steps: 1606
2020-07-17 15:11:08,721	INFO	Total steps: 2944071	Episode: 2060/1409	Avg reward: 14.70	Avg steps: 1551
2020-07-17 15:26:47,755	INFO	Total steps: 2975254	Episode: 2080/1655	Avg reward: 15.65	Avg steps: 1558
2020-07-17 15:42:23,283	INFO	Total steps: 3006276	Episode: 2100/1619	Avg reward: 15.30	Avg steps: 1550
2020-07-17 15:57:36,172	INFO	Total steps: 3036425	Episode: 2120/1824	Avg reward: 16.45	Avg steps: 1506
2020-07-17 16:12:57,618	INFO	Total steps: 3066847	Episode: 2140/1621	Avg reward: 16.10	Avg steps: 1520
2020-07-17 16:27:51,975	INFO	Total steps: 3096399	Episode: 2160/1619	Avg reward: 15.75	Avg steps: 1476
2020-07-17 16:42:54,188	INFO	Total steps: 3126425	Episode: 2180/1610	Avg reward: 15.60	Avg steps: 1500
2020-07-17 16:58:25,061	INFO	Total steps: 3157584	Episode: 2200/1392	Avg reward: 15.65	Avg steps: 1556
2020-07-17 17:14:16,211	INFO	Total steps: 3189239	Episode: 2220/1492	Avg reward: 16.15	Avg steps: 1581
2020-07-17 17:29:11,439	INFO	Total steps: 3218853	Episode: 2240/1429	Avg reward: 16.15	Avg steps: 1479
2020-07-17 17:44:20,604	INFO	Total steps: 3249211	Episode: 2260/1250	Avg reward: 16.10	Avg steps: 1516
2020-07-17 17:59:47,563	INFO	Total steps: 3280304	Episode: 2280/1612	Avg reward: 16.80	Avg steps: 1553
2020-07-17 18:15:35,884	INFO	Total steps: 3311931	Episode: 2300/1126	Avg reward: 16.15	Avg steps: 1580
2020-07-17 18:29:49,786	INFO	Total steps: 3340368	Episode: 2320/1154	Avg reward: 17.10	Avg steps: 1420
2020-07-17 18:44:21,233	INFO	Total steps: 3369421	Episode: 2340/1461	Avg reward: 17.30	Avg steps: 1451
2020-07-17 18:58:41,488	INFO	Total steps: 3398684	Episode: 2360/1792	Avg reward: 16.95	Avg steps: 1462
2020-07-17 19:12:48,169	INFO	Total steps: 3427513	Episode: 2380/1394	Avg reward: 17.05	Avg steps: 1440
2020-07-17 19:27:09,145	INFO	Total steps: 3456882	Episode: 2400/1745	Avg reward: 17.05	Avg steps: 1467
2020-07-17 19:41:57,478	INFO	Total steps: 3486915	Episode: 2420/1385	Avg reward: 16.90	Avg steps: 1500
2020-07-17 19:56:13,168	INFO	Total steps: 3515959	Episode: 2440/1937	Avg reward: 17.15	Avg steps: 1451
2020-07-17 20:11:01,074	INFO	Total steps: 3546133	Episode: 2460/1457	Avg reward: 16.75	Avg steps: 1507
2020-07-17 20:25:44,123	INFO	Total steps: 3576231	Episode: 2480/1684	Avg reward: 17.20	Avg steps: 1503
2020-07-17 20:40:16,235	INFO	Total steps: 3605561	Episode: 2500/1415	Avg reward: 17.95	Avg steps: 1465
2020-07-17 20:54:57,386	INFO	Total steps: 3635389	Episode: 2520/1311	Avg reward: 17.20	Avg steps: 1490
2020-07-17 21:09:43,421	INFO	Total steps: 3665517	Episode: 2540/1623	Avg reward: 17.60	Avg steps: 1505
2020-07-17 21:24:10,488	INFO	Total steps: 3694696	Episode: 2560/1539	Avg reward: 17.45	Avg steps: 1457
2020-07-17 21:38:40,727	INFO	Total steps: 3724045	Episode: 2580/1170	Avg reward: 17.55	Avg steps: 1466
2020-07-17 21:53:41,250	INFO	Total steps: 3754191	Episode: 2600/1428	Avg reward: 17.40	Avg steps: 1506
2020-07-17 22:08:20,046	INFO	Total steps: 3783508	Episode: 2620/1649	Avg reward: 17.45	Avg steps: 1464
2020-07-17 22:22:26,328	INFO	Total steps: 3812043	Episode: 2640/1201	Avg reward: 17.25	Avg steps: 1425
2020-07-17 22:36:27,806	INFO	Total steps: 3840692	Episode: 2660/1460	Avg reward: 18.50	Avg steps: 1431
2020-07-17 22:51:00,928	INFO	Total steps: 3870452	Episode: 2680/1534	Avg reward: 17.45	Avg steps: 1487
2020-07-17 23:05:21,040	INFO	Total steps: 3899632	Episode: 2700/1386	Avg reward: 17.80	Avg steps: 1458
2020-07-17 23:19:20,136	INFO	Total steps: 3928205	Episode: 2720/1292	Avg reward: 17.15	Avg steps: 1427
2020-07-17 23:33:51,079	INFO	Total steps: 3957636	Episode: 2740/1543	Avg reward: 16.85	Avg steps: 1470
2020-07-17 23:47:53,143	INFO	Total steps: 3986373	Episode: 2760/1420	Avg reward: 17.75	Avg steps: 1435
2020-07-18 00:01:49,464	INFO	Total steps: 4014840	Episode: 2780/1469	Avg reward: 17.70	Avg steps: 1422
2020-07-18 00:16:55,004	INFO	Total steps: 4045464	Episode: 2800/1594	Avg reward: 16.60	Avg steps: 1530
2020-07-18 00:31:20,419	INFO	Total steps: 4074939	Episode: 2820/1395	Avg reward: 16.90	Avg steps: 1472
2020-07-18 00:45:43,993	INFO	Total steps: 4104338	Episode: 2840/1147	Avg reward: 17.45	Avg steps: 1468
2020-07-18 01:00:39,434	INFO	Total steps: 4134272	Episode: 2860/1451	Avg reward: 17.30	Avg steps: 1495
2020-07-18 01:14:31,622	INFO	Total steps: 4162367	Episode: 2880/1343	Avg reward: 16.60	Avg steps: 1403
2020-07-18 01:28:34,416	INFO	Total steps: 4190616	Episode: 2900/1308	Avg reward: 18.45	Avg steps: 1411
2020-07-18 01:43:25,408	INFO	Total steps: 4220464	Episode: 2920/1377	Avg reward: 17.30	Avg steps: 1491
2020-07-18 01:57:00,888	INFO	Total steps: 4247877	Episode: 2940/1635	Avg reward: 17.80	Avg steps: 1369
2020-07-18 02:11:25,694	INFO	Total steps: 4276739	Episode: 2960/1268	Avg reward: 17.85	Avg steps: 1442
2020-07-18 02:26:33,869	INFO	Total steps: 4307180	Episode: 2980/1433	Avg reward: 17.05	Avg steps: 1521
2020-07-18 02:40:48,975	INFO	Total steps: 4336031	Episode: 3000/1610	Avg reward: 17.35	Avg steps: 1441
2020-07-18 02:54:13,564	INFO	Total steps: 4363032	Episode: 3020/1482	Avg reward: 17.90	Avg steps: 1349
2020-07-18 03:07:45,210	INFO	Total steps: 4390377	Episode: 3040/1536	Avg reward: 18.00	Avg steps: 1366
2020-07-18 03:21:25,562	INFO	Total steps: 4417843	Episode: 3060/1223	Avg reward: 18.05	Avg steps: 1372
2020-07-18 03:35:01,130	INFO	Total steps: 4445487	Episode: 3080/1395	Avg reward: 17.95	Avg steps: 1381
2020-07-18 03:48:37,898	INFO	Total steps: 4473248	Episode: 3100/1425	Avg reward: 17.15	Avg steps: 1387
2020-07-18 04:03:02,400	INFO	Total steps: 4502589	Episode: 3120/1315	Avg reward: 17.10	Avg steps: 1466
2020-07-18 04:17:29,858	INFO	Total steps: 4531516	Episode: 3140/1474	Avg reward: 17.95	Avg steps: 1445
2020-07-18 04:32:01,593	INFO	Total steps: 4560759	Episode: 3160/1485	Avg reward: 18.20	Avg steps: 1461
2020-07-18 04:46:23,102	INFO	Total steps: 4589624	Episode: 3180/1508	Avg reward: 16.90	Avg steps: 1442
2020-07-18 05:00:43,252	INFO	Total steps: 4618614	Episode: 3200/1512	Avg reward: 17.95	Avg steps: 1448
2020-07-18 05:14:13,030	INFO	Total steps: 4645899	Episode: 3220/1752	Avg reward: 18.75	Avg steps: 1363
2020-07-18 05:28:42,259	INFO	Total steps: 4675544	Episode: 3240/1333	Avg reward: 17.90	Avg steps: 1481
2020-07-18 05:44:09,871	INFO	Total steps: 4707149	Episode: 3260/1454	Avg reward: 17.10	Avg steps: 1579
2020-07-18 05:58:55,084	INFO	Total steps: 4737401	Episode: 3280/1497	Avg reward: 17.25	Avg steps: 1511
2020-07-18 06:13:50,480	INFO	Total steps: 4768131	Episode: 3300/1516	Avg reward: 16.70	Avg steps: 1535
2020-07-18 06:28:10,335	INFO	Total steps: 4797647	Episode: 3320/1399	Avg reward: 17.25	Avg steps: 1474
2020-07-18 06:43:04,687	INFO	Total steps: 4828191	Episode: 3340/1181	Avg reward: 17.85	Avg steps: 1526
2020-07-18 06:57:12,926	INFO	Total steps: 4857233	Episode: 3360/1544	Avg reward: 18.15	Avg steps: 1451
2020-07-18 07:10:27,628	INFO	Total steps: 4884596	Episode: 3380/1265	Avg reward: 17.75	Avg steps: 1367
2020-07-18 07:24:05,921	INFO	Total steps: 4912963	Episode: 3400/1304	Avg reward: 17.85	Avg steps: 1417
2020-07-18 07:37:52,054	INFO	Total steps: 4941439	Episode: 3420/1495	Avg reward: 17.60	Avg steps: 1422
2020-07-18 07:52:07,242	INFO	Total steps: 4970573	Episode: 3440/1397	Avg reward: 18.10	Avg steps: 1455
2020-07-18 08:05:48,056	INFO	Total steps: 4998625	Episode: 3460/1528	Avg reward: 17.90	Avg steps: 1401
2020-07-18 08:19:14,302	INFO	Total steps: 5026298	Episode: 3480/1439	Avg reward: 17.85	Avg steps: 1382
2020-07-18 08:32:45,375	INFO	Total steps: 5054130	Episode: 3500/1339	Avg reward: 18.45	Avg steps: 1390
2020-07-18 08:46:26,062	INFO	Total steps: 5082243	Episode: 3520/1328	Avg reward: 18.00	Avg steps: 1404
2020-07-18 09:00:22,970	INFO	Total steps: 5110690	Episode: 3540/1603	Avg reward: 17.50	Avg steps: 1421
2020-07-18 09:13:41,648	INFO	Total steps: 5138156	Episode: 3560/1173	Avg reward: 18.45	Avg steps: 1372
2020-07-18 09:27:20,707	INFO	Total steps: 5166325	Episode: 3580/1164	Avg reward: 18.70	Avg steps: 1407
2020-07-18 09:40:50,755	INFO	Total steps: 5194228	Episode: 3600/1539	Avg reward: 18.50	Avg steps: 1394
2020-07-18 09:54:18,751	INFO	Total steps: 5222206	Episode: 3620/1219	Avg reward: 18.50	Avg steps: 1397
2020-07-18 10:07:47,779	INFO	Total steps: 5250107	Episode: 3640/1332	Avg reward: 18.35	Avg steps: 1394
2020-07-18 10:21:10,222	INFO	Total steps: 5277744	Episode: 3660/1350	Avg reward: 18.10	Avg steps: 1380
2020-07-18 10:34:43,389	INFO	Total steps: 5306088	Episode: 3680/1182	Avg reward: 18.00	Avg steps: 1416
2020-07-18 10:48:23,174	INFO	Total steps: 5334659	Episode: 3700/1400	Avg reward: 17.95	Avg steps: 1427
2020-07-18 11:01:57,902	INFO	Total steps: 5362773	Episode: 3720/1617	Avg reward: 17.95	Avg steps: 1404
2020-07-18 11:15:20,604	INFO	Total steps: 5392040	Episode: 3740/1321	Avg reward: 17.70	Avg steps: 1462
2020-07-18 11:26:37,950	INFO	Total steps: 5420474	Episode: 3760/1654	Avg reward: 18.20	Avg steps: 1420
2020-07-18 11:38:09,254	INFO	Total steps: 5449159	Episode: 3780/1582	Avg reward: 17.65	Avg steps: 1433
2020-07-18 11:49:25,926	INFO	Total steps: 5477564	Episode: 3800/1532	Avg reward: 18.30	Avg steps: 1419
2020-07-18 12:00:08,567	INFO	Total steps: 5504703	Episode: 3820/1096	Avg reward: 18.15	Avg steps: 1355
2020-07-18 12:10:43,653	INFO	Total steps: 5532051	Episode: 3840/1280	Avg reward: 17.75	Avg steps: 1366
2020-07-18 12:22:08,946	INFO	Total steps: 5561265	Episode: 3860/1376	Avg reward: 17.20	Avg steps: 1459
2020-07-18 12:31:03,818	INFO	Total steps: 5589531	Episode: 3880/1362	Avg reward: 18.60	Avg steps: 1412
2020-07-18 12:39:08,353	INFO	Total steps: 5617007	Episode: 3900/1477	Avg reward: 18.85	Avg steps: 1372
2020-07-18 12:47:13,449	INFO	Total steps: 5644427	Episode: 3920/1491	Avg reward: 18.55	Avg steps: 1370
2020-07-18 12:55:30,204	INFO	Total steps: 5672480	Episode: 3940/1178	Avg reward: 18.20	Avg steps: 1401
2020-07-18 13:03:39,384	INFO	Total steps: 5700389	Episode: 3960/1432	Avg reward: 18.15	Avg steps: 1394
2020-07-18 13:11:57,550	INFO	Total steps: 5728597	Episode: 3980/1308	Avg reward: 18.25	Avg steps: 1409
2020-07-18 13:20:16,322	INFO	Total steps: 5756558	Episode: 4000/1529	Avg reward: 18.30	Avg steps: 1397
2020-07-21 20:15:53,590	INFO	--width 160 --height 160 --ball 1.0 --ball-size 2.0 --snell 1.6 --snell-width 80.0 --snell-change 0.0 --snell-visible none --paddle-speed 1.0 --paddle-angle 60.0 --paddle-length 20.0 --update-prob 0.4 --state binary --learning-rate 0.0001 --network dqn_pong_model --render False --epsdecay 1000 --episodes 4000 --replay 10000 --batch-size 32 --checkpoint dqn_pong_model --history history.p --store-dir ../experiments/paddle_angle.60.0-update_prob.0.4-snell.1.6 
2020-07-21 20:15:53,633	INFO	Device: cuda
2020-07-21 20:21:16,618	INFO	Total steps: 12865	Episode: 20/707	Avg reward: -18.10	Avg steps: 642
2020-07-21 20:26:52,898	INFO	Total steps: 25579	Episode: 40/409	Avg reward: -18.55	Avg steps: 634
2020-07-21 20:32:26,436	INFO	Total steps: 38118	Episode: 60/482	Avg reward: -18.20	Avg steps: 625
2020-07-21 20:38:17,150	INFO	Total steps: 51304	Episode: 80/492	Avg reward: -18.50	Avg steps: 658
2020-07-21 20:44:34,644	INFO	Total steps: 65493	Episode: 100/563	Avg reward: -17.90	Avg steps: 708
2020-07-21 20:50:07,455	INFO	Total steps: 77982	Episode: 120/481	Avg reward: -18.60	Avg steps: 623
2020-07-21 20:56:27,225	INFO	Total steps: 92226	Episode: 140/542	Avg reward: -17.55	Avg steps: 711
2020-07-21 21:02:52,752	INFO	Total steps: 106653	Episode: 160/474	Avg reward: -17.40	Avg steps: 720
2020-07-21 21:09:30,079	INFO	Total steps: 121475	Episode: 180/743	Avg reward: -17.85	Avg steps: 740
2020-07-21 21:16:02,836	INFO	Total steps: 136139	Episode: 200/644	Avg reward: -18.40	Avg steps: 732
2020-07-21 21:22:02,985	INFO	Total steps: 149541	Episode: 220/760	Avg reward: -17.75	Avg steps: 669
2020-07-21 21:29:01,056	INFO	Total steps: 165130	Episode: 240/939	Avg reward: -17.50	Avg steps: 778
2020-07-21 21:37:20,345	INFO	Total steps: 183717	Episode: 260/1020	Avg reward: -17.05	Avg steps: 928
2020-07-21 21:44:49,813	INFO	Total steps: 200450	Episode: 280/718	Avg reward: -17.55	Avg steps: 835
2020-07-21 21:50:53,080	INFO	Total steps: 213967	Episode: 300/573	Avg reward: -18.10	Avg steps: 674
2020-07-21 21:58:32,787	INFO	Total steps: 230924	Episode: 320/657	Avg reward: -17.15	Avg steps: 846
2020-07-21 22:07:46,635	INFO	Total steps: 251432	Episode: 340/1025	Avg reward: -16.05	Avg steps: 1024
2020-07-21 22:15:49,390	INFO	Total steps: 269318	Episode: 360/495	Avg reward: -16.95	Avg steps: 893
2020-07-21 22:25:19,745	INFO	Total steps: 290436	Episode: 380/1836	Avg reward: -15.45	Avg steps: 1054
2020-07-21 22:34:43,475	INFO	Total steps: 311331	Episode: 400/971	Avg reward: -15.35	Avg steps: 1043
2020-07-21 22:44:47,718	INFO	Total steps: 333630	Episode: 420/931	Avg reward: -15.20	Avg steps: 1113
2020-07-21 22:55:25,440	INFO	Total steps: 357198	Episode: 440/641	Avg reward: -14.35	Avg steps: 1177
2020-07-21 23:05:26,710	INFO	Total steps: 379472	Episode: 460/1163	Avg reward: -15.65	Avg steps: 1112
2020-07-21 23:16:32,813	INFO	Total steps: 404163	Episode: 480/1172	Avg reward: -14.55	Avg steps: 1233
2020-07-21 23:28:28,669	INFO	Total steps: 430839	Episode: 500/766	Avg reward: -13.15	Avg steps: 1332
2020-07-21 23:40:09,886	INFO	Total steps: 456860	Episode: 520/1262	Avg reward: -14.50	Avg steps: 1300
2020-07-21 23:52:07,185	INFO	Total steps: 483492	Episode: 540/1331	Avg reward: -13.85	Avg steps: 1330
2020-07-22 00:04:40,379	INFO	Total steps: 511401	Episode: 560/2051	Avg reward: -12.30	Avg steps: 1394
2020-07-22 00:16:55,560	INFO	Total steps: 538689	Episode: 580/1399	Avg reward: -12.60	Avg steps: 1363
2020-07-22 00:28:38,229	INFO	Total steps: 564679	Episode: 600/1418	Avg reward: -12.70	Avg steps: 1298
2020-07-22 00:41:51,460	INFO	Total steps: 594044	Episode: 620/1939	Avg reward: -11.60	Avg steps: 1467
2020-07-22 00:55:52,067	INFO	Total steps: 625162	Episode: 640/1463	Avg reward: -11.10	Avg steps: 1554
2020-07-22 01:10:47,675	INFO	Total steps: 658240	Episode: 660/1931	Avg reward: -11.95	Avg steps: 1652
2020-07-22 01:27:40,809	INFO	Total steps: 695577	Episode: 680/2461	Avg reward: -9.55	Avg steps: 1865
2020-07-22 01:40:28,954	INFO	Total steps: 723926	Episode: 700/1849	Avg reward: -11.60	Avg steps: 1416
2020-07-22 01:56:05,261	INFO	Total steps: 758508	Episode: 720/1515	Avg reward: -9.85	Avg steps: 1728
2020-07-22 02:12:48,691	INFO	Total steps: 795396	Episode: 740/1441	Avg reward: -8.10	Avg steps: 1843
2020-07-22 02:28:24,751	INFO	Total steps: 829835	Episode: 760/1747	Avg reward: -9.30	Avg steps: 1720
2020-07-22 02:45:16,588	INFO	Total steps: 867108	Episode: 780/1748	Avg reward: -8.55	Avg steps: 1862
2020-07-22 03:02:18,896	INFO	Total steps: 904692	Episode: 800/1515	Avg reward: -6.60	Avg steps: 1878
2020-07-22 03:19:27,986	INFO	Total steps: 942513	Episode: 820/1912	Avg reward: -7.40	Avg steps: 1890
2020-07-22 03:35:25,132	INFO	Total steps: 977677	Episode: 840/1773	Avg reward: -9.20	Avg steps: 1757
2020-07-22 03:53:19,135	INFO	Total steps: 1017052	Episode: 860/2579	Avg reward: -5.55	Avg steps: 1967
2020-07-22 04:12:36,579	INFO	Total steps: 1059479	Episode: 880/2331	Avg reward: -2.80	Avg steps: 2120
2020-07-22 04:33:09,692	INFO	Total steps: 1104635	Episode: 900/2236	Avg reward: -2.20	Avg steps: 2256
2020-07-22 04:50:40,693	INFO	Total steps: 1143074	Episode: 920/1626	Avg reward: -6.65	Avg steps: 1920
2020-07-22 05:10:26,929	INFO	Total steps: 1186439	Episode: 940/2562	Avg reward: -5.90	Avg steps: 2167
2020-07-22 05:31:38,303	INFO	Total steps: 1232918	Episode: 960/1917	Avg reward: -0.50	Avg steps: 2322
2020-07-22 05:51:35,716	INFO	Total steps: 1276655	Episode: 980/2448	Avg reward: -1.45	Avg steps: 2185
2020-07-22 06:12:07,339	INFO	Total steps: 1321618	Episode: 1000/2205	Avg reward: -1.50	Avg steps: 2247
2020-07-22 06:31:38,804	INFO	Total steps: 1364362	Episode: 1020/2642	Avg reward: -2.00	Avg steps: 2136
2020-07-22 06:52:33,226	INFO	Total steps: 1410112	Episode: 1040/2207	Avg reward: 1.90	Avg steps: 2286
2020-07-22 07:12:40,016	INFO	Total steps: 1454094	Episode: 1060/2375	Avg reward: 0.15	Avg steps: 2198
2020-07-22 07:34:56,902	INFO	Total steps: 1502750	Episode: 1080/2725	Avg reward: 2.55	Avg steps: 2431
2020-07-22 07:57:00,277	INFO	Total steps: 1550891	Episode: 1100/3196	Avg reward: 1.75	Avg steps: 2406
2020-07-22 08:17:17,030	INFO	Total steps: 1595127	Episode: 1120/1605	Avg reward: 0.90	Avg steps: 2210
2020-07-22 08:38:57,245	INFO	Total steps: 1642424	Episode: 1140/2150	Avg reward: 0.25	Avg steps: 2363
2020-07-22 09:00:26,238	INFO	Total steps: 1689287	Episode: 1160/2762	Avg reward: 1.75	Avg steps: 2342
2020-07-22 09:21:28,434	INFO	Total steps: 1735107	Episode: 1180/2137	Avg reward: 1.85	Avg steps: 2290
2020-07-22 09:40:51,942	INFO	Total steps: 1777336	Episode: 1200/2343	Avg reward: 0.00	Avg steps: 2110
2020-07-22 10:00:01,241	INFO	Total steps: 1819134	Episode: 1220/2266	Avg reward: -3.60	Avg steps: 2088
2020-07-22 10:21:01,924	INFO	Total steps: 1865266	Episode: 1240/2074	Avg reward: -0.90	Avg steps: 2305
2020-07-22 10:40:06,273	INFO	Total steps: 1907015	Episode: 1260/2921	Avg reward: -3.75	Avg steps: 2086
2020-07-22 11:00:31,511	INFO	Total steps: 1951525	Episode: 1280/2406	Avg reward: 0.75	Avg steps: 2224
2020-07-22 11:20:46,145	INFO	Total steps: 1995667	Episode: 1300/1912	Avg reward: 3.30	Avg steps: 2206
2020-07-22 11:41:47,220	INFO	Total steps: 2041512	Episode: 1320/2150	Avg reward: 6.20	Avg steps: 2291
2020-07-22 12:03:26,046	INFO	Total steps: 2088355	Episode: 1340/2264	Avg reward: 4.00	Avg steps: 2341
2020-07-22 12:23:29,577	INFO	Total steps: 2131791	Episode: 1360/1755	Avg reward: 5.05	Avg steps: 2170
2020-07-22 12:44:38,531	INFO	Total steps: 2177501	Episode: 1380/2573	Avg reward: 4.00	Avg steps: 2284
2020-07-22 13:03:45,031	INFO	Total steps: 2218731	Episode: 1400/2153	Avg reward: 6.90	Avg steps: 2060
2020-07-22 13:23:34,840	INFO	Total steps: 2261517	Episode: 1420/2023	Avg reward: 7.00	Avg steps: 2138
2020-07-22 13:44:24,605	INFO	Total steps: 2306208	Episode: 1440/2160	Avg reward: 8.20	Avg steps: 2233
2020-07-22 14:05:24,837	INFO	Total steps: 2351245	Episode: 1460/2361	Avg reward: 7.80	Avg steps: 2250
2020-07-22 14:25:59,722	INFO	Total steps: 2395679	Episode: 1480/2087	Avg reward: 8.75	Avg steps: 2220
2020-07-22 14:44:28,197	INFO	Total steps: 2435490	Episode: 1500/1772	Avg reward: 11.70	Avg steps: 1989
2020-07-22 15:03:08,358	INFO	Total steps: 2475717	Episode: 1520/2386	Avg reward: 6.35	Avg steps: 2010
2020-07-22 15:24:13,857	INFO	Total steps: 2521151	Episode: 1540/1857	Avg reward: 7.55	Avg steps: 2270
2020-07-22 15:44:00,487	INFO	Total steps: 2563788	Episode: 1560/1717	Avg reward: 10.35	Avg steps: 2130
2020-07-22 16:04:17,159	INFO	Total steps: 2607461	Episode: 1580/1964	Avg reward: 10.60	Avg steps: 2182
2020-07-22 16:23:59,753	INFO	Total steps: 2649973	Episode: 1600/1974	Avg reward: 10.75	Avg steps: 2124
2020-07-22 16:44:23,629	INFO	Total steps: 2693897	Episode: 1620/1544	Avg reward: 8.80	Avg steps: 2195
2020-07-22 17:04:55,608	INFO	Total steps: 2738166	Episode: 1640/2085	Avg reward: 8.05	Avg steps: 2212
2020-07-22 17:23:35,279	INFO	Total steps: 2778579	Episode: 1660/1810	Avg reward: 10.65	Avg steps: 2019
2020-07-22 17:42:34,480	INFO	Total steps: 2819676	Episode: 1680/2490	Avg reward: 10.45	Avg steps: 2053
2020-07-22 17:49:06,903	INFO	--width 160 --height 160 --ball 1.0 --ball-size 2.0 --snell 1.6 --snell-width 80.0 --snell-change 0.0 --snell-visible none --paddle-speed 1.0 --paddle-angle 60.0 --paddle-length 20.0 --update-prob 0.4 --state binary --learning-rate 0.0001 --network dqn_pong_model --render False --epsdecay 1000 --episodes 4000 --replay 10000 --batch-size 32 --checkpoint dqn_pong_model --history history.p --store-dir ../experiments/paddle_angle.60.0-update_prob.0.4-snell.1.6 
2020-07-22 17:49:07,137	INFO	Device: cuda
2020-07-22 17:56:19,090	INFO	Total steps: 11625	Episode: 20/518	Avg reward: -18.65	Avg steps: 580
2020-07-22 18:03:24,251	INFO	Total steps: 22340	Episode: 40/525	Avg reward: -18.75	Avg steps: 534
2020-07-22 18:11:41,366	INFO	Total steps: 35027	Episode: 60/592	Avg reward: -18.55	Avg steps: 633
2020-07-22 18:20:19,574	INFO	Total steps: 48410	Episode: 80/722	Avg reward: -18.35	Avg steps: 668
2020-07-22 18:28:42,262	INFO	Total steps: 60782	Episode: 100/571	Avg reward: -18.55	Avg steps: 617
2020-07-22 18:37:27,831	INFO	Total steps: 74662	Episode: 120/704	Avg reward: -18.30	Avg steps: 693
2020-07-22 18:46:21,030	INFO	Total steps: 88841	Episode: 140/761	Avg reward: -17.65	Avg steps: 707
2020-07-22 18:55:23,950	INFO	Total steps: 103171	Episode: 160/620	Avg reward: -17.90	Avg steps: 715
2020-07-22 19:04:39,792	INFO	Total steps: 118052	Episode: 180/564	Avg reward: -17.70	Avg steps: 743
2020-07-22 19:14:19,911	INFO	Total steps: 133316	Episode: 200/951	Avg reward: -17.45	Avg steps: 762
2020-07-22 19:23:13,485	INFO	Total steps: 147364	Episode: 220/720	Avg reward: -17.80	Avg steps: 701
2020-07-22 19:33:35,050	INFO	Total steps: 163866	Episode: 240/1190	Avg reward: -17.05	Avg steps: 824
2020-07-22 19:43:29,587	INFO	Total steps: 179381	Episode: 260/614	Avg reward: -17.10	Avg steps: 774
2020-07-22 19:53:51,400	INFO	Total steps: 195895	Episode: 280/685	Avg reward: -17.50	Avg steps: 824
2020-07-22 20:05:47,947	INFO	Total steps: 214177	Episode: 300/821	Avg reward: -16.35	Avg steps: 913
2020-07-22 20:16:25,968	INFO	Total steps: 230539	Episode: 320/611	Avg reward: -17.80	Avg steps: 817
2020-07-22 20:29:32,224	INFO	Total steps: 250782	Episode: 340/1255	Avg reward: -16.75	Avg steps: 1011
2020-07-22 20:41:49,433	INFO	Total steps: 269908	Episode: 360/1079	Avg reward: -16.30	Avg steps: 955
2020-07-22 20:53:01,709	INFO	Total steps: 287388	Episode: 380/989	Avg reward: -17.10	Avg steps: 873
2020-07-22 21:07:11,573	INFO	Total steps: 308514	Episode: 400/1097	Avg reward: -15.00	Avg steps: 1055
2020-07-22 21:19:23,200	INFO	Total steps: 327181	Episode: 420/1151	Avg reward: -16.50	Avg steps: 932
2020-07-22 21:33:32,930	INFO	Total steps: 348746	Episode: 440/1076	Avg reward: -16.40	Avg steps: 1077
2020-07-22 21:50:05,531	INFO	Total steps: 373578	Episode: 460/1913	Avg reward: -14.35	Avg steps: 1240
2020-07-22 22:07:32,655	INFO	Total steps: 400317	Episode: 480/1336	Avg reward: -13.90	Avg steps: 1335
2020-07-22 22:22:42,449	INFO	Total steps: 423514	Episode: 500/1603	Avg reward: -13.55	Avg steps: 1158
2020-07-22 22:39:48,099	INFO	Total steps: 449245	Episode: 520/1073	Avg reward: -13.65	Avg steps: 1285
2020-07-22 22:56:17,055	INFO	Total steps: 474862	Episode: 540/1210	Avg reward: -15.05	Avg steps: 1279
2020-07-22 23:15:54,445	INFO	Total steps: 504525	Episode: 560/1637	Avg reward: -13.20	Avg steps: 1482
2020-07-22 23:33:30,191	INFO	Total steps: 531268	Episode: 580/1411	Avg reward: -14.10	Avg steps: 1336
2020-07-22 23:53:30,171	INFO	Total steps: 561766	Episode: 600/1687	Avg reward: -12.45	Avg steps: 1523
2020-07-23 00:14:24,753	INFO	Total steps: 593427	Episode: 620/1459	Avg reward: -12.20	Avg steps: 1582
2020-07-23 00:30:21,973	INFO	Total steps: 617834	Episode: 640/899	Avg reward: -13.35	Avg steps: 1219
2020-07-23 00:49:27,000	INFO	Total steps: 646977	Episode: 660/1397	Avg reward: -13.00	Avg steps: 1456
2020-07-23 01:09:30,069	INFO	Total steps: 677395	Episode: 680/1290	Avg reward: -12.10	Avg steps: 1519
2020-07-23 01:29:43,308	INFO	Total steps: 707861	Episode: 700/1253	Avg reward: -12.30	Avg steps: 1522
2020-07-23 01:50:25,433	INFO	Total steps: 738548	Episode: 720/1706	Avg reward: -10.90	Avg steps: 1533
2020-07-23 02:12:57,951	INFO	Total steps: 772670	Episode: 740/1605	Avg reward: -11.15	Avg steps: 1705
2020-07-23 02:37:40,894	INFO	Total steps: 809883	Episode: 760/1697	Avg reward: -9.05	Avg steps: 1859
2020-07-23 03:03:14,258	INFO	Total steps: 847958	Episode: 780/2802	Avg reward: -7.85	Avg steps: 1902
2020-07-23 03:28:00,205	INFO	Total steps: 884573	Episode: 800/2130	Avg reward: -8.65	Avg steps: 1829
2020-07-23 03:51:30,000	INFO	Total steps: 920047	Episode: 820/2481	Avg reward: -9.00	Avg steps: 1772
2020-07-23 04:18:03,415	INFO	Total steps: 961057	Episode: 840/2325	Avg reward: -7.55	Avg steps: 2049
2020-07-23 04:45:19,506	INFO	Total steps: 1003222	Episode: 860/2246	Avg reward: -6.10	Avg steps: 2107
2020-07-23 05:12:34,454	INFO	Total steps: 1043964	Episode: 880/2301	Avg reward: -6.25	Avg steps: 2036
2020-07-23 05:41:28,210	INFO	Total steps: 1086564	Episode: 900/2084	Avg reward: -6.25	Avg steps: 2129
2020-07-23 06:11:44,641	INFO	Total steps: 1129305	Episode: 920/1709	Avg reward: -6.45	Avg steps: 2136
2020-07-23 06:45:02,107	INFO	Total steps: 1176274	Episode: 940/2211	Avg reward: -3.60	Avg steps: 2347
2020-07-23 07:16:06,334	INFO	Total steps: 1220441	Episode: 960/3034	Avg reward: -4.15	Avg steps: 2207
2020-07-23 07:47:47,273	INFO	Total steps: 1264603	Episode: 980/1993	Avg reward: -3.95	Avg steps: 2207
2020-07-23 08:22:10,557	INFO	Total steps: 1313213	Episode: 1000/2367	Avg reward: -0.85	Avg steps: 2429
2020-07-23 08:53:42,501	INFO	Total steps: 1357492	Episode: 1020/1665	Avg reward: 0.55	Avg steps: 2212
2020-07-23 09:27:42,758	INFO	Total steps: 1405307	Episode: 1040/2173	Avg reward: 0.00	Avg steps: 2389
2020-07-23 10:01:20,568	INFO	Total steps: 1452428	Episode: 1060/3136	Avg reward: -0.10	Avg steps: 2355
2020-07-23 10:37:07,226	INFO	Total steps: 1501129	Episode: 1080/3099	Avg reward: 1.35	Avg steps: 2434
2020-07-23 11:08:45,118	INFO	Total steps: 1545820	Episode: 1100/2261	Avg reward: 0.85	Avg steps: 2233
2020-07-23 11:42:47,503	INFO	Total steps: 1593036	Episode: 1120/2794	Avg reward: 5.25	Avg steps: 2359
2020-07-23 12:15:38,583	INFO	Total steps: 1639078	Episode: 1140/2764	Avg reward: 4.00	Avg steps: 2301
2020-07-23 12:47:30,567	INFO	Total steps: 1683275	Episode: 1160/1672	Avg reward: 8.15	Avg steps: 2208
2020-07-23 13:23:16,612	INFO	Total steps: 1732384	Episode: 1180/2377	Avg reward: 2.70	Avg steps: 2454
2020-07-23 13:55:21,318	INFO	Total steps: 1777359	Episode: 1200/2257	Avg reward: 4.75	Avg steps: 2247
2020-07-23 14:26:19,304	INFO	Total steps: 1823563	Episode: 1220/2153	Avg reward: 3.80	Avg steps: 2309
2020-07-23 14:57:11,585	INFO	Total steps: 1869653	Episode: 1240/2258	Avg reward: 5.75	Avg steps: 2303
2020-07-23 15:29:21,741	INFO	Total steps: 1917903	Episode: 1260/3193	Avg reward: 3.25	Avg steps: 2411
2020-07-23 16:01:48,919	INFO	Total steps: 1966620	Episode: 1280/2544	Avg reward: 4.30	Avg steps: 2434
2020-07-23 16:33:29,580	INFO	Total steps: 2013479	Episode: 1300/2493	Avg reward: 5.85	Avg steps: 2341
2020-07-23 17:04:11,663	INFO	Total steps: 2059271	Episode: 1320/2271	Avg reward: 7.05	Avg steps: 2288
2020-07-23 17:35:25,405	INFO	Total steps: 2106185	Episode: 1340/1641	Avg reward: 4.75	Avg steps: 2344
2020-07-23 18:07:51,975	INFO	Total steps: 2155092	Episode: 1360/2830	Avg reward: 4.60	Avg steps: 2444
2020-07-23 18:38:18,715	INFO	Total steps: 2201559	Episode: 1380/1735	Avg reward: 6.55	Avg steps: 2322
2020-07-23 19:07:04,859	INFO	Total steps: 2245460	Episode: 1400/2161	Avg reward: 8.10	Avg steps: 2194
2020-07-23 19:37:13,963	INFO	Total steps: 2291106	Episode: 1420/2401	Avg reward: 8.25	Avg steps: 2281
2020-07-23 20:06:42,620	INFO	Total steps: 2335463	Episode: 1440/2282	Avg reward: 7.45	Avg steps: 2216
2020-07-23 20:36:05,322	INFO	Total steps: 2379110	Episode: 1460/2560	Avg reward: 9.85	Avg steps: 2181
2020-07-23 21:01:58,280	INFO	Total steps: 2418335	Episode: 1480/2579	Avg reward: 9.10	Avg steps: 1960
2020-07-23 21:29:00,825	INFO	Total steps: 2459123	Episode: 1500/2088	Avg reward: 10.65	Avg steps: 2038
2020-07-23 22:00:00,763	INFO	Total steps: 2505340	Episode: 1520/1673	Avg reward: 8.15	Avg steps: 2309
2020-07-23 22:30:34,624	INFO	Total steps: 2550283	Episode: 1540/2251	Avg reward: 9.80	Avg steps: 2246
2020-07-23 23:02:26,276	INFO	Total steps: 2595239	Episode: 1560/2178	Avg reward: 8.50	Avg steps: 2246
2020-07-23 23:32:51,153	INFO	Total steps: 2637650	Episode: 1580/2438	Avg reward: 9.25	Avg steps: 2119
2020-07-24 00:04:38,337	INFO	Total steps: 2682824	Episode: 1600/3116	Avg reward: 10.30	Avg steps: 2257
2020-07-24 00:35:30,648	INFO	Total steps: 2727554	Episode: 1620/2133	Avg reward: 7.55	Avg steps: 2235
2020-07-24 01:07:06,142	INFO	Total steps: 2773600	Episode: 1640/2365	Avg reward: 9.15	Avg steps: 2301
2020-07-24 01:37:01,921	INFO	Total steps: 2816073	Episode: 1660/2167	Avg reward: 10.10	Avg steps: 2122
2020-07-24 02:06:44,351	INFO	Total steps: 2859411	Episode: 1680/2906	Avg reward: 8.45	Avg steps: 2165
2020-07-24 02:36:36,307	INFO	Total steps: 2902440	Episode: 1700/2108	Avg reward: 7.10	Avg steps: 2150
2020-07-24 03:04:54,241	INFO	Total steps: 2942367	Episode: 1720/1557	Avg reward: 11.25	Avg steps: 1995
2020-07-24 03:31:14,437	INFO	Total steps: 2980190	Episode: 1740/1783	Avg reward: 11.65	Avg steps: 1890
2020-07-24 03:59:12,705	INFO	Total steps: 3019956	Episode: 1760/2833	Avg reward: 10.45	Avg steps: 1987
2020-07-24 04:26:41,300	INFO	Total steps: 3059604	Episode: 1780/2305	Avg reward: 10.55	Avg steps: 1981
2020-07-24 04:52:50,876	INFO	Total steps: 3101261	Episode: 1800/1912	Avg reward: 10.70	Avg steps: 2081
2020-07-24 05:16:46,414	INFO	Total steps: 3140908	Episode: 1820/1627	Avg reward: 11.10	Avg steps: 1981
2020-07-24 05:40:14,249	INFO	Total steps: 3178810	Episode: 1840/2533	Avg reward: 13.45	Avg steps: 1894
2020-07-24 06:04:58,970	INFO	Total steps: 3218189	Episode: 1860/1877	Avg reward: 11.45	Avg steps: 1967
2020-07-24 06:29:02,376	INFO	Total steps: 3255398	Episode: 1880/1978	Avg reward: 13.60	Avg steps: 1859
2020-07-24 06:53:15,539	INFO	Total steps: 3292937	Episode: 1900/1970	Avg reward: 13.05	Avg steps: 1875
2020-07-24 07:17:18,610	INFO	Total steps: 3330181	Episode: 1920/1635	Avg reward: 8.85	Avg steps: 1861
2020-07-24 07:41:41,329	INFO	Total steps: 3368754	Episode: 1940/2204	Avg reward: 11.60	Avg steps: 1927
2020-07-24 08:06:10,117	INFO	Total steps: 3407726	Episode: 1960/1990	Avg reward: 12.90	Avg steps: 1947
2020-07-24 08:29:22,526	INFO	Total steps: 3444629	Episode: 1980/1733	Avg reward: 13.45	Avg steps: 1844
2020-07-24 08:53:27,409	INFO	Total steps: 3483069	Episode: 2000/1798	Avg reward: 12.85	Avg steps: 1921
2020-07-24 09:19:41,873	INFO	Total steps: 3524685	Episode: 2020/2258	Avg reward: 11.35	Avg steps: 2079
2020-07-24 09:45:48,693	INFO	Total steps: 3565788	Episode: 2040/1756	Avg reward: 12.60	Avg steps: 2054
2020-07-24 10:14:10,075	INFO	Total steps: 3610275	Episode: 2060/2661	Avg reward: 10.20	Avg steps: 2223
2020-07-24 10:41:26,407	INFO	Total steps: 3653260	Episode: 2080/1729	Avg reward: 13.60	Avg steps: 2148
2020-07-24 11:08:50,850	INFO	Total steps: 3696618	Episode: 2100/1712	Avg reward: 13.65	Avg steps: 2166
2020-07-24 11:32:17,699	INFO	Total steps: 3733535	Episode: 2120/1925	Avg reward: 12.75	Avg steps: 1844
2020-07-24 11:55:17,256	INFO	Total steps: 3769711	Episode: 2140/1750	Avg reward: 13.50	Avg steps: 1807
2020-07-24 12:20:29,744	INFO	Total steps: 3809328	Episode: 2160/1734	Avg reward: 13.10	Avg steps: 1979
2020-07-24 12:44:40,887	INFO	Total steps: 3846285	Episode: 2180/1872	Avg reward: 12.80	Avg steps: 1846
2020-07-24 13:10:48,972	INFO	Total steps: 3885673	Episode: 2200/2122	Avg reward: 13.05	Avg steps: 1968
2020-07-24 13:36:21,424	INFO	Total steps: 3925180	Episode: 2220/2285	Avg reward: 11.90	Avg steps: 1974
2020-07-24 14:03:11,225	INFO	Total steps: 3964645	Episode: 2240/1516	Avg reward: 10.95	Avg steps: 1972
2020-07-24 14:30:21,452	INFO	Total steps: 4006113	Episode: 2260/1624	Avg reward: 11.90	Avg steps: 2072
2020-07-24 14:56:58,450	INFO	Total steps: 4046035	Episode: 2280/1872	Avg reward: 13.80	Avg steps: 1995
2020-07-24 15:21:10,298	INFO	Total steps: 4082581	Episode: 2300/2168	Avg reward: 13.40	Avg steps: 1826
2020-07-24 15:45:44,609	INFO	Total steps: 4120037	Episode: 2320/2270	Avg reward: 13.85	Avg steps: 1871
2020-07-24 16:09:11,892	INFO	Total steps: 4156305	Episode: 2340/1564	Avg reward: 13.70	Avg steps: 1812
2020-07-24 16:32:40,126	INFO	Total steps: 4192232	Episode: 2360/2049	Avg reward: 13.60	Avg steps: 1795
2020-07-24 16:58:12,371	INFO	Total steps: 4230027	Episode: 2380/2162	Avg reward: 13.35	Avg steps: 1888
2020-07-24 17:21:42,296	INFO	Total steps: 4264590	Episode: 2400/2376	Avg reward: 14.80	Avg steps: 1727
2020-07-24 17:45:36,600	INFO	Total steps: 4299622	Episode: 2420/1738	Avg reward: 14.60	Avg steps: 1750
2020-07-24 18:09:41,561	INFO	Total steps: 4335280	Episode: 2440/1832	Avg reward: 14.30	Avg steps: 1781
2020-07-24 18:32:53,726	INFO	Total steps: 4369226	Episode: 2460/1896	Avg reward: 15.60	Avg steps: 1696
2020-07-24 18:55:26,951	INFO	Total steps: 4402385	Episode: 2480/2174	Avg reward: 14.90	Avg steps: 1656
2020-07-24 19:19:07,450	INFO	Total steps: 4436958	Episode: 2500/1909	Avg reward: 15.65	Avg steps: 1727
2020-07-24 19:43:30,237	INFO	Total steps: 4473116	Episode: 2520/1713	Avg reward: 13.25	Avg steps: 1806
2020-07-24 20:11:15,186	INFO	Total steps: 4513361	Episode: 2540/1866	Avg reward: 12.35	Avg steps: 2011
2020-07-24 20:37:35,721	INFO	Total steps: 4551964	Episode: 2560/1725	Avg reward: 11.40	Avg steps: 1929
2020-07-24 21:02:16,530	INFO	Total steps: 4588127	Episode: 2580/2073	Avg reward: 14.50	Avg steps: 1807
2020-07-24 21:26:13,106	INFO	Total steps: 4623331	Episode: 2600/1864	Avg reward: 15.95	Avg steps: 1759
2020-07-24 21:51:42,167	INFO	Total steps: 4660045	Episode: 2620/2028	Avg reward: 14.65	Avg steps: 1834
2020-07-24 22:12:47,973	INFO	Total steps: 4691775	Episode: 2640/1422	Avg reward: 15.05	Avg steps: 1585
2020-07-24 22:36:56,607	INFO	Total steps: 4728619	Episode: 2660/1769	Avg reward: 14.30	Avg steps: 1841
2020-07-24 22:58:40,737	INFO	Total steps: 4762459	Episode: 2680/1637	Avg reward: 15.05	Avg steps: 1691
2020-07-24 23:23:01,020	INFO	Total steps: 4800478	Episode: 2700/1634	Avg reward: 14.05	Avg steps: 1899
2020-07-24 23:46:53,096	INFO	Total steps: 4836388	Episode: 2720/2086	Avg reward: 14.10	Avg steps: 1794
2020-07-25 00:12:41,218	INFO	Total steps: 4875514	Episode: 2740/2065	Avg reward: 12.70	Avg steps: 1955
2020-07-25 00:35:54,405	INFO	Total steps: 4911306	Episode: 2760/1988	Avg reward: 13.80	Avg steps: 1788
2020-07-25 01:01:31,237	INFO	Total steps: 4950220	Episode: 2780/2608	Avg reward: 11.30	Avg steps: 1944
2020-07-25 01:25:22,875	INFO	Total steps: 4986113	Episode: 2800/1687	Avg reward: 12.75	Avg steps: 1793
2020-07-25 01:47:51,812	INFO	Total steps: 5019997	Episode: 2820/1642	Avg reward: 14.90	Avg steps: 1693
2020-07-25 02:10:40,266	INFO	Total steps: 5054585	Episode: 2840/1602	Avg reward: 16.10	Avg steps: 1728
2020-07-25 02:34:01,767	INFO	Total steps: 5089549	Episode: 2860/2131	Avg reward: 14.75	Avg steps: 1747
2020-07-25 02:55:36,111	INFO	Total steps: 5121308	Episode: 2880/2227	Avg reward: 15.25	Avg steps: 1586
2020-07-25 03:18:24,258	INFO	Total steps: 5155598	Episode: 2900/1396	Avg reward: 14.65	Avg steps: 1713
2020-07-25 03:42:36,253	INFO	Total steps: 5192614	Episode: 2920/1727	Avg reward: 15.00	Avg steps: 1849
2020-07-25 04:07:42,599	INFO	Total steps: 5228559	Episode: 2940/2233	Avg reward: 14.20	Avg steps: 1796
2020-07-25 04:30:28,292	INFO	Total steps: 5260563	Episode: 2960/1480	Avg reward: 15.50	Avg steps: 1599
2020-07-25 04:55:49,241	INFO	Total steps: 5296277	Episode: 2980/1864	Avg reward: 14.50	Avg steps: 1784
2020-07-25 05:19:56,708	INFO	Total steps: 5331576	Episode: 3000/2030	Avg reward: 15.40	Avg steps: 1763
2020-07-25 05:44:21,804	INFO	Total steps: 5367973	Episode: 3020/1842	Avg reward: 15.15	Avg steps: 1818
2020-07-25 06:06:23,616	INFO	Total steps: 5400899	Episode: 3040/1466	Avg reward: 15.80	Avg steps: 1645
2020-07-25 06:29:31,042	INFO	Total steps: 5435400	Episode: 3060/2270	Avg reward: 14.40	Avg steps: 1724
2020-07-25 06:51:24,238	INFO	Total steps: 5468399	Episode: 3080/1524	Avg reward: 15.75	Avg steps: 1648
2020-07-25 07:15:15,568	INFO	Total steps: 5504332	Episode: 3100/1561	Avg reward: 15.15	Avg steps: 1795
2020-07-25 07:39:24,456	INFO	Total steps: 5539178	Episode: 3120/1899	Avg reward: 15.25	Avg steps: 1741
2020-07-25 08:02:21,295	INFO	Total steps: 5573419	Episode: 3140/1853	Avg reward: 13.80	Avg steps: 1711
2020-07-25 08:25:03,615	INFO	Total steps: 5607110	Episode: 3160/1756	Avg reward: 12.65	Avg steps: 1683
2020-07-25 08:46:35,422	INFO	Total steps: 5639379	Episode: 3180/1854	Avg reward: 14.30	Avg steps: 1612
2020-07-25 09:09:07,116	INFO	Total steps: 5674358	Episode: 3200/2525	Avg reward: 12.60	Avg steps: 1747
2020-07-25 09:32:10,132	INFO	Total steps: 5709925	Episode: 3220/1847	Avg reward: 13.35	Avg steps: 1777
2020-07-25 09:54:06,608	INFO	Total steps: 5743549	Episode: 3240/1835	Avg reward: 12.45	Avg steps: 1680
2020-07-25 10:16:42,048	INFO	Total steps: 5778723	Episode: 3260/1933	Avg reward: 10.65	Avg steps: 1757
2020-07-25 10:37:59,163	INFO	Total steps: 5810940	Episode: 3280/1851	Avg reward: 12.80	Avg steps: 1609
2020-07-25 10:58:52,076	INFO	Total steps: 5842491	Episode: 3300/1134	Avg reward: 14.25	Avg steps: 1576
2020-07-25 11:20:24,478	INFO	Total steps: 5874524	Episode: 3320/2138	Avg reward: 16.60	Avg steps: 1600
2020-07-25 11:41:48,135	INFO	Total steps: 5906648	Episode: 3340/2250	Avg reward: 15.45	Avg steps: 1605
2020-07-25 12:03:38,636	INFO	Total steps: 5939729	Episode: 3360/1800	Avg reward: 16.00	Avg steps: 1653
2020-07-25 12:23:52,852	INFO	Total steps: 5970146	Episode: 3380/1361	Avg reward: 17.05	Avg steps: 1519
2020-07-25 12:43:59,600	INFO	Total steps: 6000292	Episode: 3400/1982	Avg reward: 16.65	Avg steps: 1506
2020-07-25 13:05:30,752	INFO	Total steps: 6032283	Episode: 3420/1830	Avg reward: 14.50	Avg steps: 1598
2020-07-25 13:27:10,072	INFO	Total steps: 6064808	Episode: 3440/1875	Avg reward: 13.50	Avg steps: 1625
2020-07-25 13:49:20,111	INFO	Total steps: 6097936	Episode: 3460/1371	Avg reward: 11.75	Avg steps: 1655
2020-07-25 14:12:01,596	INFO	Total steps: 6131840	Episode: 3480/1832	Avg reward: 12.75	Avg steps: 1694
2020-07-25 14:32:20,969	INFO	Total steps: 6161924	Episode: 3500/1123	Avg reward: 16.65	Avg steps: 1503
2020-07-25 14:53:24,422	INFO	Total steps: 6193575	Episode: 3520/1327	Avg reward: 16.80	Avg steps: 1581
2020-07-25 15:14:28,817	INFO	Total steps: 6225584	Episode: 3540/1340	Avg reward: 17.10	Avg steps: 1599
2020-07-25 15:38:53,261	INFO	Total steps: 6262239	Episode: 3560/1720	Avg reward: 15.95	Avg steps: 1831
2020-07-25 16:02:10,793	INFO	Total steps: 6296894	Episode: 3580/1717	Avg reward: 17.25	Avg steps: 1731
2020-07-25 16:24:17,047	INFO	Total steps: 6330392	Episode: 3600/1586	Avg reward: 15.25	Avg steps: 1673
2020-07-25 16:47:39,902	INFO	Total steps: 6365133	Episode: 3620/1559	Avg reward: 14.55	Avg steps: 1736
2020-07-25 17:09:35,436	INFO	Total steps: 6397861	Episode: 3640/1891	Avg reward: 17.15	Avg steps: 1635
2020-07-25 17:31:31,762	INFO	Total steps: 6430546	Episode: 3660/1716	Avg reward: 15.10	Avg steps: 1633
2020-07-25 17:52:34,728	INFO	Total steps: 6462556	Episode: 3680/1685	Avg reward: 16.45	Avg steps: 1599
2020-07-25 18:12:57,007	INFO	Total steps: 6495925	Episode: 3700/1561	Avg reward: 17.10	Avg steps: 1667
2020-07-25 18:29:26,850	INFO	Total steps: 6529025	Episode: 3720/1508	Avg reward: 16.75	Avg steps: 1654
2020-07-25 18:45:09,523	INFO	Total steps: 6561496	Episode: 3740/1869	Avg reward: 16.90	Avg steps: 1622
2020-07-25 19:02:21,150	INFO	Total steps: 6595802	Episode: 3760/1458	Avg reward: 16.30	Avg steps: 1714
2020-07-25 19:19:57,195	INFO	Total steps: 6630379	Episode: 3780/1578	Avg reward: 16.10	Avg steps: 1727
2020-07-25 19:38:26,285	INFO	Total steps: 6666059	Episode: 3800/1847	Avg reward: 15.10	Avg steps: 1783
2020-07-25 19:55:00,430	INFO	Total steps: 6699658	Episode: 3820/2332	Avg reward: 16.05	Avg steps: 1678
2020-07-25 20:13:15,957	INFO	Total steps: 6736060	Episode: 3840/1922	Avg reward: 13.90	Avg steps: 1819
2020-07-25 20:30:38,454	INFO	Total steps: 6770034	Episode: 3860/1265	Avg reward: 16.20	Avg steps: 1697
2020-07-25 20:46:27,942	INFO	Total steps: 6802328	Episode: 3880/1781	Avg reward: 17.45	Avg steps: 1613
2020-07-25 21:03:33,023	INFO	Total steps: 6835902	Episode: 3900/1659	Avg reward: 17.25	Avg steps: 1677
2020-07-25 21:19:58,980	INFO	Total steps: 6868780	Episode: 3920/1286	Avg reward: 16.55	Avg steps: 1642
2020-07-25 21:36:22,925	INFO	Total steps: 6901163	Episode: 3940/1269	Avg reward: 17.00	Avg steps: 1618
2020-07-25 21:51:33,081	INFO	Total steps: 6931932	Episode: 3960/1361	Avg reward: 17.25	Avg steps: 1537
2020-07-25 22:07:02,777	INFO	Total steps: 6962691	Episode: 3980/1290	Avg reward: 17.55	Avg steps: 1536
2020-07-25 22:22:58,295	INFO	Total steps: 6994922	Episode: 4000/1270	Avg reward: 16.15	Avg steps: 1610
