2020-07-02 16:25:26,549	INFO	--width 160 --height 160 --ball 3.0 --ball-size 2.0 --snell 5.0 --snell-width 40.0 --snell-change 0.0 --snell-visible none --paddle-speed 3.0 --paddle-angle 45.0 --paddle-length 45.0 --update-prob 0.2 --state binary --learning-rate 0.0001 --network dqn_pong_model --render False --epsdecay 1000 --episodes 4000 --replay 10000 --checkpoint dqn_pong_model --history history.p --store-dir ../experiments/77 
2020-07-02 16:25:26,549	INFO	Device: cuda
2020-07-02 16:26:10,764	INFO	Total steps: 6536	Episode: 20/355	Avg reward: -17.60	Avg steps: 325
2020-07-02 16:28:16,782	INFO	Total steps: 13729	Episode: 40/326	Avg reward: -17.25	Avg steps: 358
2020-07-02 16:32:19,962	INFO	Total steps: 22162	Episode: 60/439	Avg reward: -16.90	Avg steps: 420
2020-07-02 16:36:02,484	INFO	Total steps: 29723	Episode: 80/337	Avg reward: -17.75	Avg steps: 377
2020-07-02 16:40:04,910	INFO	Total steps: 38028	Episode: 100/423	Avg reward: -16.75	Avg steps: 414
2020-07-02 16:44:18,350	INFO	Total steps: 46699	Episode: 120/564	Avg reward: -16.60	Avg steps: 432
2020-07-02 16:48:19,384	INFO	Total steps: 55040	Episode: 140/565	Avg reward: -16.75	Avg steps: 416
2020-07-02 16:52:27,915	INFO	Total steps: 63633	Episode: 160/627	Avg reward: -16.35	Avg steps: 428
2020-07-02 16:56:18,769	INFO	Total steps: 71552	Episode: 180/388	Avg reward: -16.00	Avg steps: 394
2020-07-02 17:00:31,825	INFO	Total steps: 80188	Episode: 200/332	Avg reward: -14.95	Avg steps: 430
2020-07-02 17:05:04,651	INFO	Total steps: 89609	Episode: 220/719	Avg reward: -15.15	Avg steps: 470
2020-07-02 17:09:31,997	INFO	Total steps: 99198	Episode: 240/562	Avg reward: -14.35	Avg steps: 478
2020-07-02 17:12:52,141	INFO	Total steps: 108139	Episode: 260/501	Avg reward: -14.55	Avg steps: 446
2020-07-02 17:16:18,382	INFO	Total steps: 117364	Episode: 280/835	Avg reward: -13.95	Avg steps: 460
2020-07-02 17:20:19,877	INFO	Total steps: 127978	Episode: 300/503	Avg reward: -13.40	Avg steps: 529
2020-07-02 17:24:04,932	INFO	Total steps: 137985	Episode: 320/398	Avg reward: -13.15	Avg steps: 499
2020-07-02 17:28:14,400	INFO	Total steps: 148024	Episode: 340/538	Avg reward: -13.25	Avg steps: 500
2020-07-02 17:32:47,797	INFO	Total steps: 158393	Episode: 360/782	Avg reward: -12.60	Avg steps: 517
2020-07-02 17:37:40,625	INFO	Total steps: 169908	Episode: 380/643	Avg reward: -11.55	Avg steps: 574
2020-07-02 17:43:02,575	INFO	Total steps: 181972	Episode: 400/636	Avg reward: -10.35	Avg steps: 602
2020-07-02 17:49:20,222	INFO	Total steps: 195759	Episode: 420/753	Avg reward: -9.55	Avg steps: 688
2020-07-02 17:55:03,715	INFO	Total steps: 208342	Episode: 440/631	Avg reward: -10.95	Avg steps: 628
2020-07-02 18:00:47,544	INFO	Total steps: 220815	Episode: 460/642	Avg reward: -10.60	Avg steps: 622
2020-07-02 18:07:04,730	INFO	Total steps: 234591	Episode: 480/934	Avg reward: -8.55	Avg steps: 687
2020-07-02 18:13:06,591	INFO	Total steps: 247826	Episode: 500/962	Avg reward: -8.75	Avg steps: 660
2020-07-02 18:18:50,380	INFO	Total steps: 260379	Episode: 520/530	Avg reward: -9.45	Avg steps: 626
2020-07-02 18:24:35,149	INFO	Total steps: 273056	Episode: 540/713	Avg reward: -9.40	Avg steps: 632
2020-07-02 18:30:39,970	INFO	Total steps: 287188	Episode: 560/518	Avg reward: -8.25	Avg steps: 705
2020-07-02 18:36:47,511	INFO	Total steps: 301353	Episode: 580/877	Avg reward: -6.80	Avg steps: 707
2020-07-02 18:42:25,647	INFO	Total steps: 314227	Episode: 600/535	Avg reward: -8.35	Avg steps: 642
2020-07-02 18:49:15,029	INFO	Total steps: 329526	Episode: 620/742	Avg reward: -5.05	Avg steps: 763
2020-07-02 18:55:34,313	INFO	Total steps: 343955	Episode: 640/643	Avg reward: -7.40	Avg steps: 720
2020-07-02 19:02:59,263	INFO	Total steps: 360880	Episode: 660/1009	Avg reward: -4.05	Avg steps: 845
2020-07-02 19:09:25,819	INFO	Total steps: 376991	Episode: 680/947	Avg reward: -4.85	Avg steps: 804
2020-07-02 19:16:39,898	INFO	Total steps: 393292	Episode: 700/1095	Avg reward: -4.10	Avg steps: 814
2020-07-02 19:23:31,093	INFO	Total steps: 408427	Episode: 720/827	Avg reward: -4.70	Avg steps: 755
2020-07-02 19:31:10,293	INFO	Total steps: 425347	Episode: 740/899	Avg reward: -2.70	Avg steps: 845
2020-07-02 19:38:32,620	INFO	Total steps: 441773	Episode: 760/829	Avg reward: -0.95	Avg steps: 820
2020-07-02 19:46:13,230	INFO	Total steps: 458864	Episode: 780/718	Avg reward: -1.05	Avg steps: 853
2020-07-02 19:54:46,147	INFO	Total steps: 477828	Episode: 800/904	Avg reward: -0.50	Avg steps: 947
2020-07-02 20:02:47,846	INFO	Total steps: 495667	Episode: 820/665	Avg reward: 1.30	Avg steps: 890
2020-07-02 20:10:38,359	INFO	Total steps: 512996	Episode: 840/1149	Avg reward: 0.25	Avg steps: 865
2020-07-02 20:18:03,159	INFO	Total steps: 529447	Episode: 860/943	Avg reward: 0.80	Avg steps: 821
2020-07-02 20:25:41,369	INFO	Total steps: 546371	Episode: 880/744	Avg reward: 3.55	Avg steps: 845
2020-07-02 20:33:45,805	INFO	Total steps: 564318	Episode: 900/990	Avg reward: -0.05	Avg steps: 896
2020-07-02 20:41:05,301	INFO	Total steps: 581313	Episode: 920/746	Avg reward: 4.95	Avg steps: 848
2020-07-02 20:48:18,926	INFO	Total steps: 598264	Episode: 940/790	Avg reward: 2.30	Avg steps: 846
2020-07-02 20:56:08,127	INFO	Total steps: 615461	Episode: 960/809	Avg reward: 2.60	Avg steps: 858
2020-07-02 21:03:57,809	INFO	Total steps: 632747	Episode: 980/950	Avg reward: 3.20	Avg steps: 863
2020-07-02 21:11:24,960	INFO	Total steps: 649237	Episode: 1000/1133	Avg reward: 5.40	Avg steps: 823
2020-07-02 21:19:24,253	INFO	Total steps: 667052	Episode: 1020/817	Avg reward: 3.55	Avg steps: 889
2020-07-02 21:28:03,783	INFO	Total steps: 686385	Episode: 1040/804	Avg reward: 3.00	Avg steps: 965
2020-07-02 21:36:01,317	INFO	Total steps: 704031	Episode: 1060/840	Avg reward: 5.35	Avg steps: 881
2020-07-02 21:43:25,151	INFO	Total steps: 720402	Episode: 1080/995	Avg reward: 3.90	Avg steps: 817
2020-07-02 21:50:42,267	INFO	Total steps: 736557	Episode: 1100/922	Avg reward: 7.90	Avg steps: 806
2020-07-02 21:57:51,157	INFO	Total steps: 753541	Episode: 1120/888	Avg reward: 7.55	Avg steps: 848
2020-07-02 22:04:27,551	INFO	Total steps: 769737	Episode: 1140/988	Avg reward: 8.95	Avg steps: 808
2020-07-02 22:11:49,361	INFO	Total steps: 786915	Episode: 1160/912	Avg reward: 8.05	Avg steps: 857
2020-07-02 22:17:41,086	INFO	Total steps: 801598	Episode: 1180/918	Avg reward: 8.90	Avg steps: 733
2020-07-02 22:23:59,334	INFO	Total steps: 817383	Episode: 1200/857	Avg reward: 8.35	Avg steps: 788
2020-07-02 22:30:09,344	INFO	Total steps: 833347	Episode: 1220/826	Avg reward: 8.30	Avg steps: 797
2020-07-02 22:36:00,276	INFO	Total steps: 848852	Episode: 1240/981	Avg reward: 8.30	Avg steps: 774
2020-07-02 22:42:13,675	INFO	Total steps: 864672	Episode: 1260/915	Avg reward: 9.15	Avg steps: 790
2020-07-02 22:47:57,179	INFO	Total steps: 879447	Episode: 1280/845	Avg reward: 9.50	Avg steps: 737
2020-07-02 22:54:18,945	INFO	Total steps: 895410	Episode: 1300/869	Avg reward: 10.20	Avg steps: 797
2020-07-02 23:01:20,545	INFO	Total steps: 912228	Episode: 1320/715	Avg reward: 9.35	Avg steps: 839
2020-07-02 23:07:28,500	INFO	Total steps: 927267	Episode: 1340/875	Avg reward: 9.45	Avg steps: 750
2020-07-02 23:14:43,380	INFO	Total steps: 943958	Episode: 1360/884	Avg reward: 7.90	Avg steps: 833
2020-07-02 23:20:35,725	INFO	Total steps: 958925	Episode: 1380/701	Avg reward: 11.85	Avg steps: 747
2020-07-02 23:27:15,680	INFO	Total steps: 974920	Episode: 1400/903	Avg reward: 9.40	Avg steps: 798
2020-07-02 23:33:32,903	INFO	Total steps: 989511	Episode: 1420/662	Avg reward: 9.30	Avg steps: 728
2020-07-02 23:40:20,451	INFO	Total steps: 1005656	Episode: 1440/817	Avg reward: 11.15	Avg steps: 806
2020-07-02 23:47:17,423	INFO	Total steps: 1022723	Episode: 1460/885	Avg reward: 9.50	Avg steps: 852
2020-07-02 23:53:36,411	INFO	Total steps: 1038063	Episode: 1480/705	Avg reward: 11.05	Avg steps: 766
2020-07-02 23:59:42,304	INFO	Total steps: 1052888	Episode: 1500/1006	Avg reward: 10.00	Avg steps: 740
2020-07-03 00:05:46,507	INFO	Total steps: 1068028	Episode: 1520/671	Avg reward: 11.60	Avg steps: 756
2020-07-03 00:12:18,164	INFO	Total steps: 1083885	Episode: 1540/1193	Avg reward: 11.20	Avg steps: 791
2020-07-03 00:18:39,408	INFO	Total steps: 1099059	Episode: 1560/1072	Avg reward: 11.85	Avg steps: 757
2020-07-03 00:24:54,633	INFO	Total steps: 1114085	Episode: 1580/723	Avg reward: 11.00	Avg steps: 750
2020-07-03 00:30:17,905	INFO	Total steps: 1127868	Episode: 1600/782	Avg reward: 13.45	Avg steps: 688
2020-07-03 00:36:22,326	INFO	Total steps: 1142579	Episode: 1620/768	Avg reward: 11.20	Avg steps: 734
2020-07-03 00:42:55,142	INFO	Total steps: 1157344	Episode: 1640/679	Avg reward: 12.45	Avg steps: 737
2020-07-03 00:49:01,963	INFO	Total steps: 1171540	Episode: 1660/740	Avg reward: 12.10	Avg steps: 708
2020-07-03 00:55:21,009	INFO	Total steps: 1186566	Episode: 1680/766	Avg reward: 12.05	Avg steps: 750
2020-07-03 01:01:30,714	INFO	Total steps: 1201019	Episode: 1700/746	Avg reward: 12.90	Avg steps: 721
2020-07-03 01:07:46,940	INFO	Total steps: 1215635	Episode: 1720/1075	Avg reward: 13.35	Avg steps: 729
2020-07-03 01:14:20,204	INFO	Total steps: 1230927	Episode: 1740/827	Avg reward: 12.25	Avg steps: 763
2020-07-03 01:20:39,181	INFO	Total steps: 1245788	Episode: 1760/1128	Avg reward: 11.55	Avg steps: 742
2020-07-03 01:27:09,785	INFO	Total steps: 1261022	Episode: 1780/789	Avg reward: 12.40	Avg steps: 760
2020-07-03 01:33:22,653	INFO	Total steps: 1275587	Episode: 1800/565	Avg reward: 13.10	Avg steps: 727
2020-07-03 01:39:02,581	INFO	Total steps: 1288900	Episode: 1820/655	Avg reward: 13.90	Avg steps: 664
2020-07-03 01:45:03,546	INFO	Total steps: 1303102	Episode: 1840/648	Avg reward: 13.25	Avg steps: 709
2020-07-03 01:50:39,202	INFO	Total steps: 1317071	Episode: 1860/760	Avg reward: 12.85	Avg steps: 697
2020-07-03 01:57:12,038	INFO	Total steps: 1332063	Episode: 1880/1090	Avg reward: 13.95	Avg steps: 748
2020-07-03 02:03:59,414	INFO	Total steps: 1346818	Episode: 1900/839	Avg reward: 13.95	Avg steps: 736
2020-07-03 02:10:32,042	INFO	Total steps: 1361016	Episode: 1920/821	Avg reward: 14.50	Avg steps: 708
2020-07-03 02:16:18,627	INFO	Total steps: 1374993	Episode: 1940/676	Avg reward: 14.50	Avg steps: 697
2020-07-03 02:22:44,894	INFO	Total steps: 1389929	Episode: 1960/662	Avg reward: 13.00	Avg steps: 745
2020-07-03 02:28:27,446	INFO	Total steps: 1403879	Episode: 1980/779	Avg reward: 14.30	Avg steps: 696
2020-07-03 02:35:00,148	INFO	Total steps: 1418210	Episode: 2000/599	Avg reward: 14.00	Avg steps: 715
2020-07-03 02:41:21,047	INFO	Total steps: 1432048	Episode: 2020/506	Avg reward: 14.30	Avg steps: 690
2020-07-03 02:47:40,173	INFO	Total steps: 1445883	Episode: 2040/829	Avg reward: 13.95	Avg steps: 690
2020-07-03 02:54:15,399	INFO	Total steps: 1460356	Episode: 2060/536	Avg reward: 14.50	Avg steps: 722
2020-07-03 03:00:23,181	INFO	Total steps: 1473798	Episode: 2080/434	Avg reward: 13.85	Avg steps: 671
2020-07-03 03:06:07,371	INFO	Total steps: 1486681	Episode: 2100/527	Avg reward: 14.25	Avg steps: 643
2020-07-03 03:12:04,720	INFO	Total steps: 1499766	Episode: 2120/674	Avg reward: 15.10	Avg steps: 653
2020-07-03 03:18:29,191	INFO	Total steps: 1513781	Episode: 2140/720	Avg reward: 15.15	Avg steps: 699
2020-07-03 03:24:47,423	INFO	Total steps: 1527625	Episode: 2160/709	Avg reward: 14.25	Avg steps: 691
2020-07-03 03:31:13,354	INFO	Total steps: 1541677	Episode: 2180/601	Avg reward: 14.95	Avg steps: 701
2020-07-03 03:37:17,417	INFO	Total steps: 1555093	Episode: 2200/636	Avg reward: 14.50	Avg steps: 669
2020-07-03 03:43:09,110	INFO	Total steps: 1568220	Episode: 2220/749	Avg reward: 14.35	Avg steps: 655
2020-07-03 03:49:14,738	INFO	Total steps: 1581838	Episode: 2240/533	Avg reward: 15.50	Avg steps: 679
2020-07-03 03:55:06,379	INFO	Total steps: 1594746	Episode: 2260/580	Avg reward: 14.85	Avg steps: 644
2020-07-03 04:01:09,330	INFO	Total steps: 1608012	Episode: 2280/736	Avg reward: 15.35	Avg steps: 662
2020-07-03 04:07:01,018	INFO	Total steps: 1620911	Episode: 2300/563	Avg reward: 14.60	Avg steps: 643
2020-07-03 04:12:45,286	INFO	Total steps: 1633516	Episode: 2320/538	Avg reward: 16.05	Avg steps: 629
2020-07-03 04:18:46,023	INFO	Total steps: 1646677	Episode: 2340/509	Avg reward: 15.65	Avg steps: 657
2020-07-03 04:24:57,421	INFO	Total steps: 1660438	Episode: 2360/680	Avg reward: 14.60	Avg steps: 687
2020-07-03 04:31:04,166	INFO	Total steps: 1673683	Episode: 2380/671	Avg reward: 15.35	Avg steps: 661
2020-07-03 04:36:55,479	INFO	Total steps: 1686666	Episode: 2400/584	Avg reward: 15.25	Avg steps: 648
2020-07-03 04:42:59,272	INFO	Total steps: 1700025	Episode: 2420/626	Avg reward: 15.05	Avg steps: 666
2020-07-03 04:48:58,800	INFO	Total steps: 1713061	Episode: 2440/501	Avg reward: 15.30	Avg steps: 650
2020-07-03 04:55:16,274	INFO	Total steps: 1726617	Episode: 2460/487	Avg reward: 14.45	Avg steps: 676
2020-07-03 05:01:02,674	INFO	Total steps: 1739292	Episode: 2480/569	Avg reward: 16.30	Avg steps: 632
2020-07-03 05:06:41,002	INFO	Total steps: 1751726	Episode: 2500/647	Avg reward: 15.95	Avg steps: 620
2020-07-03 05:12:47,381	INFO	Total steps: 1765267	Episode: 2520/771	Avg reward: 15.40	Avg steps: 676
2020-07-03 05:18:38,261	INFO	Total steps: 1778157	Episode: 2540/555	Avg reward: 15.95	Avg steps: 643
2020-07-03 05:24:21,905	INFO	Total steps: 1790853	Episode: 2560/556	Avg reward: 15.95	Avg steps: 633
2020-07-03 05:30:18,371	INFO	Total steps: 1803937	Episode: 2580/482	Avg reward: 15.65	Avg steps: 653
2020-07-03 05:35:57,365	INFO	Total steps: 1816463	Episode: 2600/631	Avg reward: 15.90	Avg steps: 625
2020-07-03 05:41:52,089	INFO	Total steps: 1829537	Episode: 2620/644	Avg reward: 15.70	Avg steps: 652
2020-07-03 05:47:42,343	INFO	Total steps: 1842340	Episode: 2640/540	Avg reward: 14.60	Avg steps: 639
2020-07-03 05:53:41,270	INFO	Total steps: 1855424	Episode: 2660/551	Avg reward: 15.80	Avg steps: 653
2020-07-03 05:59:42,575	INFO	Total steps: 1868670	Episode: 2680/543	Avg reward: 15.65	Avg steps: 661
2020-07-03 06:06:01,670	INFO	Total steps: 1882473	Episode: 2700/801	Avg reward: 15.85	Avg steps: 689
2020-07-03 06:11:41,026	INFO	Total steps: 1894859	Episode: 2720/555	Avg reward: 15.40	Avg steps: 618
2020-07-03 06:17:24,384	INFO	Total steps: 1907175	Episode: 2740/508	Avg reward: 16.75	Avg steps: 614
2020-07-03 06:23:31,652	INFO	Total steps: 1920342	Episode: 2760/582	Avg reward: 15.10	Avg steps: 657
2020-07-03 06:29:30,331	INFO	Total steps: 1933320	Episode: 2780/783	Avg reward: 15.10	Avg steps: 647
2020-07-03 06:35:21,660	INFO	Total steps: 1946457	Episode: 2800/500	Avg reward: 15.40	Avg steps: 655
2020-07-03 06:40:48,227	INFO	Total steps: 1958680	Episode: 2820/521	Avg reward: 16.85	Avg steps: 610
2020-07-03 06:46:12,985	INFO	Total steps: 1970917	Episode: 2840/594	Avg reward: 15.70	Avg steps: 610
2020-07-03 06:51:45,658	INFO	Total steps: 1983742	Episode: 2860/607	Avg reward: 15.40	Avg steps: 640
2020-07-03 06:57:26,581	INFO	Total steps: 1996758	Episode: 2880/695	Avg reward: 16.00	Avg steps: 649
2020-07-03 07:03:05,741	INFO	Total steps: 2009258	Episode: 2900/605	Avg reward: 15.80	Avg steps: 624
2020-07-03 07:08:44,627	INFO	Total steps: 2021839	Episode: 2920/795	Avg reward: 16.35	Avg steps: 628
2020-07-03 07:14:06,887	INFO	Total steps: 2033860	Episode: 2940/656	Avg reward: 15.60	Avg steps: 600
2020-07-03 07:19:32,192	INFO	Total steps: 2045974	Episode: 2960/630	Avg reward: 16.15	Avg steps: 604
2020-07-03 07:25:10,549	INFO	Total steps: 2058440	Episode: 2980/714	Avg reward: 16.25	Avg steps: 622
2020-07-03 07:30:45,218	INFO	Total steps: 2070867	Episode: 3000/671	Avg reward: 15.90	Avg steps: 620
2020-07-03 07:35:56,924	INFO	Total steps: 2082652	Episode: 3020/870	Avg reward: 16.70	Avg steps: 588
2020-07-03 07:41:09,016	INFO	Total steps: 2094629	Episode: 3040/687	Avg reward: 16.70	Avg steps: 597
2020-07-03 07:46:19,057	INFO	Total steps: 2106312	Episode: 3060/658	Avg reward: 16.85	Avg steps: 583
2020-07-03 07:52:12,007	INFO	Total steps: 2119463	Episode: 3080/717	Avg reward: 15.40	Avg steps: 656
2020-07-03 07:57:47,222	INFO	Total steps: 2132052	Episode: 3100/661	Avg reward: 16.20	Avg steps: 628
2020-07-03 08:03:07,307	INFO	Total steps: 2143996	Episode: 3120/462	Avg reward: 16.20	Avg steps: 596
2020-07-03 08:08:25,771	INFO	Total steps: 2156012	Episode: 3140/455	Avg reward: 17.15	Avg steps: 599
2020-07-03 08:13:30,041	INFO	Total steps: 2168552	Episode: 3160/567	Avg reward: 15.75	Avg steps: 626
2020-07-03 08:18:21,221	INFO	Total steps: 2180219	Episode: 3180/588	Avg reward: 16.45	Avg steps: 582
2020-07-03 08:23:54,222	INFO	Total steps: 2192947	Episode: 3200/576	Avg reward: 16.45	Avg steps: 635
2020-07-03 08:29:16,222	INFO	Total steps: 2205246	Episode: 3220/572	Avg reward: 16.65	Avg steps: 613
2020-07-03 08:34:50,792	INFO	Total steps: 2218180	Episode: 3240/844	Avg reward: 16.50	Avg steps: 645
2020-07-03 08:40:07,608	INFO	Total steps: 2230369	Episode: 3260/656	Avg reward: 15.60	Avg steps: 608
2020-07-03 08:45:37,451	INFO	Total steps: 2242885	Episode: 3280/569	Avg reward: 16.55	Avg steps: 624
2020-07-03 08:50:58,529	INFO	Total steps: 2254989	Episode: 3300/576	Avg reward: 16.40	Avg steps: 604
2020-07-03 08:56:30,903	INFO	Total steps: 2267451	Episode: 3320/645	Avg reward: 16.85	Avg steps: 622
2020-07-03 09:02:14,096	INFO	Total steps: 2280484	Episode: 3340/703	Avg reward: 16.65	Avg steps: 650
2020-07-03 09:07:54,515	INFO	Total steps: 2293036	Episode: 3360/618	Avg reward: 17.30	Avg steps: 626
2020-07-03 09:13:10,913	INFO	Total steps: 2304777	Episode: 3380/579	Avg reward: 17.05	Avg steps: 586
2020-07-03 09:18:58,016	INFO	Total steps: 2317587	Episode: 3400/442	Avg reward: 16.35	Avg steps: 639
2020-07-03 09:24:24,248	INFO	Total steps: 2329696	Episode: 3420/595	Avg reward: 16.30	Avg steps: 604
2020-07-03 09:29:47,999	INFO	Total steps: 2342034	Episode: 3440/583	Avg reward: 16.40	Avg steps: 615
2020-07-03 09:35:07,695	INFO	Total steps: 2353889	Episode: 3460/515	Avg reward: 16.95	Avg steps: 591
2020-07-03 09:40:21,512	INFO	Total steps: 2366236	Episode: 3480/511	Avg reward: 16.10	Avg steps: 616
2020-07-03 09:45:49,334	INFO	Total steps: 2379108	Episode: 3500/532	Avg reward: 16.30	Avg steps: 642
2020-07-03 09:51:13,836	INFO	Total steps: 2391130	Episode: 3520/494	Avg reward: 15.65	Avg steps: 600
2020-07-03 09:56:38,984	INFO	Total steps: 2403222	Episode: 3540/514	Avg reward: 16.85	Avg steps: 603
2020-07-03 10:02:34,710	INFO	Total steps: 2416418	Episode: 3560/661	Avg reward: 16.20	Avg steps: 658
2020-07-03 10:08:14,630	INFO	Total steps: 2429124	Episode: 3580/604	Avg reward: 16.15	Avg steps: 634
2020-07-03 10:13:42,876	INFO	Total steps: 2441319	Episode: 3600/669	Avg reward: 16.75	Avg steps: 608
2020-07-03 10:19:29,229	INFO	Total steps: 2453741	Episode: 3620/423	Avg reward: 16.85	Avg steps: 620
2020-07-03 10:25:10,673	INFO	Total steps: 2466423	Episode: 3640/650	Avg reward: 16.85	Avg steps: 633
2020-07-03 10:30:24,630	INFO	Total steps: 2478396	Episode: 3660/594	Avg reward: 16.40	Avg steps: 597
2020-07-03 10:35:34,265	INFO	Total steps: 2490315	Episode: 3680/594	Avg reward: 16.50	Avg steps: 594
2020-07-03 10:40:44,069	INFO	Total steps: 2502106	Episode: 3700/575	Avg reward: 16.55	Avg steps: 588
2020-07-03 10:46:21,806	INFO	Total steps: 2515145	Episode: 3720/765	Avg reward: 16.35	Avg steps: 650
2020-07-03 10:51:48,287	INFO	Total steps: 2527677	Episode: 3740/646	Avg reward: 17.50	Avg steps: 625
2020-07-03 10:57:01,990	INFO	Total steps: 2539606	Episode: 3760/571	Avg reward: 17.15	Avg steps: 595
2020-07-03 11:02:18,192	INFO	Total steps: 2551556	Episode: 3780/487	Avg reward: 17.25	Avg steps: 596
2020-07-03 11:07:17,208	INFO	Total steps: 2562702	Episode: 3800/526	Avg reward: 17.75	Avg steps: 556
2020-07-03 11:12:47,330	INFO	Total steps: 2575372	Episode: 3820/755	Avg reward: 17.15	Avg steps: 632
2020-07-03 11:17:54,291	INFO	Total steps: 2587153	Episode: 3840/590	Avg reward: 17.20	Avg steps: 588
2020-07-03 11:23:18,108	INFO	Total steps: 2599360	Episode: 3860/755	Avg reward: 17.80	Avg steps: 609
2020-07-03 11:28:54,147	INFO	Total steps: 2612039	Episode: 3880/675	Avg reward: 16.40	Avg steps: 632
2020-07-03 11:34:30,107	INFO	Total steps: 2624625	Episode: 3900/486	Avg reward: 16.60	Avg steps: 628
2020-07-03 11:39:59,731	INFO	Total steps: 2637168	Episode: 3920/520	Avg reward: 16.45	Avg steps: 626
2020-07-03 11:45:15,922	INFO	Total steps: 2649304	Episode: 3940/713	Avg reward: 16.75	Avg steps: 605
2020-07-03 11:50:24,544	INFO	Total steps: 2661273	Episode: 3960/555	Avg reward: 17.45	Avg steps: 597
2020-07-03 11:55:35,433	INFO	Total steps: 2673534	Episode: 3980/523	Avg reward: 17.05	Avg steps: 612
2020-07-03 12:00:25,814	INFO	Total steps: 2685013	Episode: 4000/690	Avg reward: 17.45	Avg steps: 572
2020-07-06 17:13:45,421	INFO	--width 160 --height 160 --ball 3.0 --ball-size 2.0 --snell 5.0 --snell-width 40.0 --snell-change 0.0 --snell-visible none --paddle-speed 3.0 --paddle-angle 45.0 --paddle-length 45.0 --update-prob 0.2 --state binary --learning-rate 0.0001 --network dqn_pong_model --render False --epsdecay 1000 --episodes 4000 --replay 10000 --checkpoint dqn_pong_model --history history.p --store-dir ../experiments/77 
2020-07-06 17:13:45,509	INFO	Device: cuda
2020-07-06 17:14:39,228	INFO	Total steps: 7202	Episode: 20/501	Avg reward: -17.20	Avg steps: 359
2020-07-06 17:16:44,654	INFO	Total steps: 14116	Episode: 40/331	Avg reward: -17.50	Avg steps: 344
2020-07-06 17:19:59,735	INFO	Total steps: 21587	Episode: 60/420	Avg reward: -17.45	Avg steps: 372
2020-07-06 17:23:30,539	INFO	Total steps: 29595	Episode: 80/344	Avg reward: -17.10	Avg steps: 399
2020-07-06 17:27:21,749	INFO	Total steps: 38071	Episode: 100/317	Avg reward: -16.30	Avg steps: 422
2020-07-06 17:30:51,388	INFO	Total steps: 45799	Episode: 120/216	Avg reward: -16.90	Avg steps: 385
2020-07-06 17:35:02,208	INFO	Total steps: 55022	Episode: 140/420	Avg reward: -15.95	Avg steps: 460
2020-07-06 17:39:10,645	INFO	Total steps: 64210	Episode: 160/501	Avg reward: -15.80	Avg steps: 458
2020-07-06 17:43:49,204	INFO	Total steps: 74708	Episode: 180/590	Avg reward: -14.60	Avg steps: 523
2020-07-06 17:48:04,667	INFO	Total steps: 84588	Episode: 200/384	Avg reward: -14.80	Avg steps: 493
2020-07-06 17:52:11,942	INFO	Total steps: 93848	Episode: 220/581	Avg reward: -15.10	Avg steps: 462
2020-07-06 17:56:09,824	INFO	Total steps: 102684	Episode: 240/341	Avg reward: -15.25	Avg steps: 440
2020-07-06 18:00:51,648	INFO	Total steps: 112558	Episode: 260/648	Avg reward: -14.75	Avg steps: 492
2020-07-06 18:05:21,329	INFO	Total steps: 122234	Episode: 280/462	Avg reward: -14.90	Avg steps: 482
2020-07-06 18:10:03,851	INFO	Total steps: 132318	Episode: 300/450	Avg reward: -13.80	Avg steps: 503
2020-07-06 18:14:57,876	INFO	Total steps: 142606	Episode: 320/631	Avg reward: -13.65	Avg steps: 513
2020-07-06 18:19:46,266	INFO	Total steps: 152642	Episode: 340/471	Avg reward: -13.00	Avg steps: 500
2020-07-06 18:24:41,591	INFO	Total steps: 163053	Episode: 360/457	Avg reward: -12.55	Avg steps: 519
2020-07-06 18:29:35,512	INFO	Total steps: 173614	Episode: 380/502	Avg reward: -12.40	Avg steps: 527
2020-07-06 18:34:31,808	INFO	Total steps: 185020	Episode: 400/565	Avg reward: -12.15	Avg steps: 569
2020-07-06 18:40:34,316	INFO	Total steps: 197946	Episode: 420/605	Avg reward: -9.75	Avg steps: 645
2020-07-06 18:45:35,238	INFO	Total steps: 209419	Episode: 440/725	Avg reward: -10.75	Avg steps: 572
2020-07-06 18:50:59,417	INFO	Total steps: 221806	Episode: 460/455	Avg reward: -11.05	Avg steps: 618
2020-07-06 18:56:33,605	INFO	Total steps: 234430	Episode: 480/451	Avg reward: -9.80	Avg steps: 630
2020-07-06 19:01:34,182	INFO	Total steps: 245810	Episode: 500/502	Avg reward: -11.35	Avg steps: 568
2020-07-06 19:06:48,639	INFO	Total steps: 257637	Episode: 520/680	Avg reward: -9.90	Avg steps: 590
2020-07-06 19:13:17,336	INFO	Total steps: 272380	Episode: 540/490	Avg reward: -6.20	Avg steps: 736
2020-07-06 19:18:42,234	INFO	Total steps: 284600	Episode: 560/548	Avg reward: -9.40	Avg steps: 610
2020-07-06 19:24:34,921	INFO	Total steps: 297958	Episode: 580/664	Avg reward: -7.95	Avg steps: 666
2020-07-06 19:30:45,602	INFO	Total steps: 311998	Episode: 600/863	Avg reward: -7.50	Avg steps: 701
2020-07-06 19:37:36,559	INFO	Total steps: 326319	Episode: 620/588	Avg reward: -6.00	Avg steps: 715
2020-07-06 19:44:21,889	INFO	Total steps: 340946	Episode: 640/697	Avg reward: -3.90	Avg steps: 730
2020-07-06 19:51:26,031	INFO	Total steps: 356446	Episode: 660/868	Avg reward: -4.80	Avg steps: 774
2020-07-06 19:58:54,999	INFO	Total steps: 372382	Episode: 680/772	Avg reward: -1.70	Avg steps: 795
2020-07-06 20:05:43,783	INFO	Total steps: 388105	Episode: 700/622	Avg reward: -4.95	Avg steps: 785
2020-07-06 20:12:48,193	INFO	Total steps: 404284	Episode: 720/882	Avg reward: -3.55	Avg steps: 807
2020-07-06 20:20:49,431	INFO	Total steps: 422236	Episode: 740/1071	Avg reward: 0.05	Avg steps: 896
2020-07-06 20:28:18,593	INFO	Total steps: 439444	Episode: 760/1197	Avg reward: 0.95	Avg steps: 859
2020-07-06 20:35:21,755	INFO	Total steps: 455460	Episode: 780/736	Avg reward: -2.85	Avg steps: 799
2020-07-06 20:43:11,195	INFO	Total steps: 473093	Episode: 800/723	Avg reward: 1.00	Avg steps: 880
2020-07-06 20:50:34,615	INFO	Total steps: 489675	Episode: 820/903	Avg reward: -0.15	Avg steps: 828
2020-07-06 20:57:49,944	INFO	Total steps: 506269	Episode: 840/727	Avg reward: -2.35	Avg steps: 828
2020-07-06 21:05:12,071	INFO	Total steps: 522435	Episode: 860/911	Avg reward: 1.55	Avg steps: 807
2020-07-06 21:13:24,729	INFO	Total steps: 540092	Episode: 880/878	Avg reward: 1.85	Avg steps: 881
2020-07-06 21:21:46,025	INFO	Total steps: 557901	Episode: 900/933	Avg reward: 3.25	Avg steps: 889
2020-07-06 21:30:00,144	INFO	Total steps: 575362	Episode: 920/787	Avg reward: 3.25	Avg steps: 872
2020-07-06 21:38:28,418	INFO	Total steps: 593227	Episode: 940/1111	Avg reward: 3.20	Avg steps: 892
2020-07-06 21:46:37,965	INFO	Total steps: 610551	Episode: 960/973	Avg reward: 4.60	Avg steps: 865
2020-07-06 21:54:46,157	INFO	Total steps: 627611	Episode: 980/1075	Avg reward: 2.35	Avg steps: 852
2020-07-06 22:02:24,523	INFO	Total steps: 643604	Episode: 1000/561	Avg reward: 5.00	Avg steps: 798
2020-07-06 22:10:14,696	INFO	Total steps: 660055	Episode: 1020/996	Avg reward: 4.20	Avg steps: 821
2020-07-06 22:17:59,638	INFO	Total steps: 676336	Episode: 1040/870	Avg reward: 4.70	Avg steps: 813
2020-07-06 22:25:43,299	INFO	Total steps: 692527	Episode: 1060/800	Avg reward: 6.65	Avg steps: 808
2020-07-06 22:34:20,938	INFO	Total steps: 710654	Episode: 1080/830	Avg reward: 5.85	Avg steps: 905
2020-07-06 22:42:10,904	INFO	Total steps: 726981	Episode: 1100/893	Avg reward: 5.25	Avg steps: 815
2020-07-06 22:50:42,040	INFO	Total steps: 744655	Episode: 1120/696	Avg reward: 5.75	Avg steps: 882
2020-07-06 22:58:30,811	INFO	Total steps: 761072	Episode: 1140/957	Avg reward: 7.85	Avg steps: 819
2020-07-06 23:06:46,356	INFO	Total steps: 778189	Episode: 1160/653	Avg reward: 7.30	Avg steps: 854
2020-07-06 23:14:41,300	INFO	Total steps: 794886	Episode: 1180/771	Avg reward: 8.20	Avg steps: 833
2020-07-06 23:22:21,920	INFO	Total steps: 810889	Episode: 1200/996	Avg reward: 9.20	Avg steps: 799
2020-07-06 23:30:49,105	INFO	Total steps: 828592	Episode: 1220/743	Avg reward: 8.60	Avg steps: 884
2020-07-06 23:38:46,824	INFO	Total steps: 845242	Episode: 1240/804	Avg reward: 9.30	Avg steps: 831
2020-07-06 23:46:54,913	INFO	Total steps: 862104	Episode: 1260/915	Avg reward: 8.30	Avg steps: 842
2020-07-06 23:54:44,058	INFO	Total steps: 878338	Episode: 1280/958	Avg reward: 8.45	Avg steps: 810
2020-07-07 00:02:10,893	INFO	Total steps: 893966	Episode: 1300/746	Avg reward: 7.40	Avg steps: 780
2020-07-07 00:09:55,025	INFO	Total steps: 910253	Episode: 1320/737	Avg reward: 11.25	Avg steps: 813
2020-07-07 00:18:00,844	INFO	Total steps: 927266	Episode: 1340/1161	Avg reward: 8.55	Avg steps: 849
2020-07-07 00:25:40,314	INFO	Total steps: 943242	Episode: 1360/876	Avg reward: 9.75	Avg steps: 797
2020-07-07 00:32:51,572	INFO	Total steps: 958238	Episode: 1380/917	Avg reward: 11.30	Avg steps: 748
2020-07-07 00:40:06,725	INFO	Total steps: 973440	Episode: 1400/753	Avg reward: 11.10	Avg steps: 759
2020-07-07 00:47:06,915	INFO	Total steps: 988053	Episode: 1420/854	Avg reward: 12.60	Avg steps: 729
2020-07-07 00:54:37,783	INFO	Total steps: 1003786	Episode: 1440/651	Avg reward: 11.25	Avg steps: 785
2020-07-07 01:02:19,660	INFO	Total steps: 1019859	Episode: 1460/818	Avg reward: 10.00	Avg steps: 802
2020-07-07 01:09:12,493	INFO	Total steps: 1034212	Episode: 1480/607	Avg reward: 12.50	Avg steps: 716
2020-07-07 01:17:02,861	INFO	Total steps: 1050714	Episode: 1500/793	Avg reward: 9.80	Avg steps: 824
2020-07-07 01:24:06,836	INFO	Total steps: 1065618	Episode: 1520/728	Avg reward: 12.40	Avg steps: 744
2020-07-07 01:31:00,450	INFO	Total steps: 1080067	Episode: 1540/706	Avg reward: 12.80	Avg steps: 721
2020-07-07 01:38:00,054	INFO	Total steps: 1094805	Episode: 1560/628	Avg reward: 11.95	Avg steps: 735
2020-07-07 01:44:44,471	INFO	Total steps: 1108942	Episode: 1580/586	Avg reward: 11.30	Avg steps: 705
2020-07-07 01:51:48,955	INFO	Total steps: 1123850	Episode: 1600/720	Avg reward: 13.05	Avg steps: 744
2020-07-07 01:58:51,610	INFO	Total steps: 1138572	Episode: 1620/635	Avg reward: 11.60	Avg steps: 735
2020-07-07 02:05:49,312	INFO	Total steps: 1153026	Episode: 1640/557	Avg reward: 12.30	Avg steps: 721
2020-07-07 02:13:17,738	INFO	Total steps: 1168621	Episode: 1660/637	Avg reward: 11.65	Avg steps: 778
2020-07-07 02:19:40,757	INFO	Total steps: 1182199	Episode: 1680/823	Avg reward: 13.25	Avg steps: 677
2020-07-07 02:26:28,033	INFO	Total steps: 1196419	Episode: 1700/706	Avg reward: 11.65	Avg steps: 710
2020-07-07 02:33:28,715	INFO	Total steps: 1210930	Episode: 1720/699	Avg reward: 12.35	Avg steps: 724
2020-07-07 02:40:10,642	INFO	Total steps: 1224894	Episode: 1740/654	Avg reward: 13.65	Avg steps: 697
2020-07-07 02:46:41,860	INFO	Total steps: 1238524	Episode: 1760/856	Avg reward: 12.75	Avg steps: 680
2020-07-07 02:53:10,500	INFO	Total steps: 1252025	Episode: 1780/488	Avg reward: 14.60	Avg steps: 674
2020-07-07 03:00:06,621	INFO	Total steps: 1266573	Episode: 1800/849	Avg reward: 12.70	Avg steps: 726
2020-07-07 03:07:01,752	INFO	Total steps: 1281314	Episode: 1820/655	Avg reward: 12.90	Avg steps: 736
2020-07-07 03:14:01,695	INFO	Total steps: 1296131	Episode: 1840/544	Avg reward: 13.20	Avg steps: 739
2020-07-07 03:20:34,170	INFO	Total steps: 1309814	Episode: 1860/747	Avg reward: 12.95	Avg steps: 683
2020-07-07 03:27:15,646	INFO	Total steps: 1324016	Episode: 1880/476	Avg reward: 13.15	Avg steps: 709
2020-07-07 03:33:46,550	INFO	Total steps: 1337648	Episode: 1900/536	Avg reward: 13.80	Avg steps: 680
2020-07-07 03:40:24,236	INFO	Total steps: 1351579	Episode: 1920/724	Avg reward: 13.00	Avg steps: 695
2020-07-07 03:47:50,725	INFO	Total steps: 1367227	Episode: 1940/862	Avg reward: 12.25	Avg steps: 781
2020-07-07 03:54:07,001	INFO	Total steps: 1380726	Episode: 1960/690	Avg reward: 14.60	Avg steps: 673
2020-07-07 04:00:44,578	INFO	Total steps: 1394604	Episode: 1980/548	Avg reward: 13.45	Avg steps: 692
2020-07-07 04:07:12,199	INFO	Total steps: 1408311	Episode: 2000/692	Avg reward: 13.05	Avg steps: 684
2020-07-07 04:14:05,967	INFO	Total steps: 1422822	Episode: 2020/1166	Avg reward: 12.95	Avg steps: 724
2020-07-07 04:20:42,636	INFO	Total steps: 1436723	Episode: 2040/732	Avg reward: 13.95	Avg steps: 694
2020-07-07 04:26:54,880	INFO	Total steps: 1449944	Episode: 2060/548	Avg reward: 14.65	Avg steps: 660
2020-07-07 04:33:33,814	INFO	Total steps: 1463848	Episode: 2080/614	Avg reward: 13.60	Avg steps: 694
2020-07-07 04:40:26,692	INFO	Total steps: 1478268	Episode: 2100/641	Avg reward: 13.45	Avg steps: 720
2020-07-07 04:46:54,114	INFO	Total steps: 1491674	Episode: 2120/676	Avg reward: 14.10	Avg steps: 669
2020-07-07 04:53:16,602	INFO	Total steps: 1505090	Episode: 2140/602	Avg reward: 14.40	Avg steps: 669
2020-07-07 05:00:03,923	INFO	Total steps: 1519354	Episode: 2160/791	Avg reward: 15.05	Avg steps: 712
2020-07-07 05:06:59,623	INFO	Total steps: 1533776	Episode: 2180/789	Avg reward: 14.70	Avg steps: 720
2020-07-07 05:13:20,223	INFO	Total steps: 1547141	Episode: 2200/780	Avg reward: 14.70	Avg steps: 667
2020-07-07 05:20:03,532	INFO	Total steps: 1561336	Episode: 2220/500	Avg reward: 14.30	Avg steps: 708
2020-07-07 05:26:35,893	INFO	Total steps: 1575088	Episode: 2240/481	Avg reward: 14.30	Avg steps: 686
2020-07-07 05:33:44,599	INFO	Total steps: 1589982	Episode: 2260/735	Avg reward: 13.70	Avg steps: 743
2020-07-07 05:39:56,722	INFO	Total steps: 1602880	Episode: 2280/567	Avg reward: 15.40	Avg steps: 643
2020-07-07 05:46:59,250	INFO	Total steps: 1617617	Episode: 2300/667	Avg reward: 14.15	Avg steps: 735
2020-07-07 05:53:53,840	INFO	Total steps: 1632068	Episode: 2320/839	Avg reward: 14.20	Avg steps: 721
2020-07-07 06:00:17,091	INFO	Total steps: 1645382	Episode: 2340/901	Avg reward: 14.75	Avg steps: 664
2020-07-07 06:06:47,164	INFO	Total steps: 1658965	Episode: 2360/703	Avg reward: 15.65	Avg steps: 678
2020-07-07 06:13:25,999	INFO	Total steps: 1672773	Episode: 2380/705	Avg reward: 15.30	Avg steps: 689
2020-07-07 06:19:54,644	INFO	Total steps: 1686271	Episode: 2400/729	Avg reward: 14.55	Avg steps: 673
2020-07-07 06:26:40,628	INFO	Total steps: 1700480	Episode: 2420/647	Avg reward: 14.90	Avg steps: 709
2020-07-07 06:33:28,729	INFO	Total steps: 1714641	Episode: 2440/688	Avg reward: 16.00	Avg steps: 707
2020-07-07 06:39:53,371	INFO	Total steps: 1728041	Episode: 2460/544	Avg reward: 15.75	Avg steps: 669
2020-07-07 06:46:21,736	INFO	Total steps: 1741617	Episode: 2480/631	Avg reward: 15.65	Avg steps: 677
2020-07-07 06:52:37,680	INFO	Total steps: 1754686	Episode: 2500/604	Avg reward: 15.80	Avg steps: 652
2020-07-07 06:59:23,734	INFO	Total steps: 1768774	Episode: 2520/723	Avg reward: 15.05	Avg steps: 703
2020-07-07 07:05:39,032	INFO	Total steps: 1781878	Episode: 2540/715	Avg reward: 15.70	Avg steps: 654
2020-07-07 07:12:10,652	INFO	Total steps: 1795462	Episode: 2560/653	Avg reward: 15.30	Avg steps: 678
2020-07-07 07:18:27,965	INFO	Total steps: 1808589	Episode: 2580/828	Avg reward: 15.90	Avg steps: 655
2020-07-07 07:24:45,050	INFO	Total steps: 1821603	Episode: 2600/555	Avg reward: 15.70	Avg steps: 649
2020-07-07 07:31:12,428	INFO	Total steps: 1835001	Episode: 2620/662	Avg reward: 15.60	Avg steps: 668
2020-07-07 07:37:31,575	INFO	Total steps: 1848106	Episode: 2640/556	Avg reward: 15.65	Avg steps: 654
2020-07-07 07:43:20,487	INFO	Total steps: 1860199	Episode: 2660/720	Avg reward: 16.35	Avg steps: 603
2020-07-07 07:49:39,823	INFO	Total steps: 1873350	Episode: 2680/760	Avg reward: 16.30	Avg steps: 656
2020-07-07 07:56:12,915	INFO	Total steps: 1886908	Episode: 2700/630	Avg reward: 15.95	Avg steps: 676
2020-07-07 08:02:55,845	INFO	Total steps: 1900786	Episode: 2720/754	Avg reward: 15.75	Avg steps: 692
2020-07-07 08:09:03,835	INFO	Total steps: 1913550	Episode: 2740/890	Avg reward: 16.55	Avg steps: 637
2020-07-07 08:15:28,807	INFO	Total steps: 1926907	Episode: 2760/939	Avg reward: 15.40	Avg steps: 666
2020-07-07 08:22:10,308	INFO	Total steps: 1940910	Episode: 2780/528	Avg reward: 15.90	Avg steps: 699
2020-07-07 08:29:05,219	INFO	Total steps: 1955358	Episode: 2800/735	Avg reward: 15.75	Avg steps: 721
2020-07-07 08:35:18,434	INFO	Total steps: 1968453	Episode: 2820/595	Avg reward: 16.50	Avg steps: 653
2020-07-07 08:41:26,702	INFO	Total steps: 1981319	Episode: 2840/820	Avg reward: 15.75	Avg steps: 642
2020-07-07 08:48:03,522	INFO	Total steps: 1995026	Episode: 2860/619	Avg reward: 15.65	Avg steps: 684
2020-07-07 08:54:30,259	INFO	Total steps: 2008636	Episode: 2880/702	Avg reward: 15.55	Avg steps: 679
2020-07-07 09:00:54,272	INFO	Total steps: 2022075	Episode: 2900/600	Avg reward: 15.45	Avg steps: 670
2020-07-07 09:07:08,942	INFO	Total steps: 2035226	Episode: 2920/609	Avg reward: 16.75	Avg steps: 656
2020-07-07 09:13:35,217	INFO	Total steps: 2048609	Episode: 2940/751	Avg reward: 16.05	Avg steps: 668
2020-07-07 09:19:55,203	INFO	Total steps: 2061700	Episode: 2960/649	Avg reward: 16.10	Avg steps: 653
2020-07-07 09:26:50,928	INFO	Total steps: 2076159	Episode: 2980/563	Avg reward: 15.70	Avg steps: 721
2020-07-07 09:33:01,043	INFO	Total steps: 2088989	Episode: 3000/724	Avg reward: 15.90	Avg steps: 640
2020-07-07 09:39:06,886	INFO	Total steps: 2101789	Episode: 3020/762	Avg reward: 15.95	Avg steps: 639
2020-07-07 09:45:40,519	INFO	Total steps: 2115454	Episode: 3040/581	Avg reward: 14.80	Avg steps: 682
2020-07-07 09:52:00,608	INFO	Total steps: 2128551	Episode: 3060/674	Avg reward: 16.40	Avg steps: 653
2020-07-07 09:58:05,922	INFO	Total steps: 2141407	Episode: 3080/776	Avg reward: 15.55	Avg steps: 641
2020-07-07 10:04:13,806	INFO	Total steps: 2154121	Episode: 3100/592	Avg reward: 16.20	Avg steps: 634
2020-07-07 10:10:43,842	INFO	Total steps: 2167609	Episode: 3120/635	Avg reward: 16.45	Avg steps: 673
2020-07-07 10:16:58,155	INFO	Total steps: 2180601	Episode: 3140/746	Avg reward: 17.20	Avg steps: 648
2020-07-07 10:23:27,621	INFO	Total steps: 2194155	Episode: 3160/530	Avg reward: 15.40	Avg steps: 676
2020-07-07 10:29:55,131	INFO	Total steps: 2207556	Episode: 3180/733	Avg reward: 15.75	Avg steps: 669
2020-07-07 10:35:46,076	INFO	Total steps: 2219728	Episode: 3200/544	Avg reward: 16.55	Avg steps: 607
2020-07-07 10:41:44,753	INFO	Total steps: 2232161	Episode: 3220/670	Avg reward: 16.95	Avg steps: 620
2020-07-07 10:47:58,984	INFO	Total steps: 2245086	Episode: 3240/675	Avg reward: 16.70	Avg steps: 645
2020-07-07 10:53:49,018	INFO	Total steps: 2257289	Episode: 3260/556	Avg reward: 17.60	Avg steps: 609
2020-07-07 10:59:41,057	INFO	Total steps: 2269446	Episode: 3280/661	Avg reward: 16.65	Avg steps: 606
2020-07-07 11:05:53,060	INFO	Total steps: 2282328	Episode: 3300/827	Avg reward: 16.10	Avg steps: 643
2020-07-07 11:12:10,677	INFO	Total steps: 2295450	Episode: 3320/481	Avg reward: 16.00	Avg steps: 655
2020-07-07 11:18:44,544	INFO	Total steps: 2309179	Episode: 3340/524	Avg reward: 16.55	Avg steps: 685
2020-07-07 11:24:55,023	INFO	Total steps: 2322011	Episode: 3360/427	Avg reward: 16.70	Avg steps: 640
2020-07-07 11:31:24,879	INFO	Total steps: 2335452	Episode: 3380/785	Avg reward: 17.30	Avg steps: 671
2020-07-07 11:37:45,676	INFO	Total steps: 2348613	Episode: 3400/562	Avg reward: 16.60	Avg steps: 657
2020-07-07 11:44:12,213	INFO	Total steps: 2362039	Episode: 3420/653	Avg reward: 17.35	Avg steps: 670
2020-07-07 11:50:26,302	INFO	Total steps: 2375033	Episode: 3440/593	Avg reward: 17.05	Avg steps: 648
2020-07-07 11:56:58,791	INFO	Total steps: 2388598	Episode: 3460/557	Avg reward: 16.50	Avg steps: 677
2020-07-07 12:03:21,209	INFO	Total steps: 2401814	Episode: 3480/595	Avg reward: 16.15	Avg steps: 659
2020-07-07 12:09:45,225	INFO	Total steps: 2415081	Episode: 3500/542	Avg reward: 16.75	Avg steps: 662
2020-07-07 12:15:39,081	INFO	Total steps: 2427411	Episode: 3520/838	Avg reward: 17.00	Avg steps: 615
2020-07-07 12:21:35,060	INFO	Total steps: 2439693	Episode: 3540/433	Avg reward: 17.75	Avg steps: 613
2020-07-07 12:27:28,544	INFO	Total steps: 2451905	Episode: 3560/519	Avg reward: 16.80	Avg steps: 609
2020-07-07 12:33:37,013	INFO	Total steps: 2464686	Episode: 3580/757	Avg reward: 17.65	Avg steps: 638
2020-07-07 12:39:23,046	INFO	Total steps: 2476666	Episode: 3600/494	Avg reward: 18.30	Avg steps: 598
2020-07-07 12:45:35,234	INFO	Total steps: 2489598	Episode: 3620/914	Avg reward: 17.55	Avg steps: 645
2020-07-07 12:51:56,460	INFO	Total steps: 2502774	Episode: 3640/505	Avg reward: 17.00	Avg steps: 657
2020-07-07 12:58:03,576	INFO	Total steps: 2515448	Episode: 3660/566	Avg reward: 17.70	Avg steps: 632
2020-07-07 13:04:51,402	INFO	Total steps: 2529499	Episode: 3680/756	Avg reward: 16.40	Avg steps: 701
2020-07-07 13:10:58,853	INFO	Total steps: 2542130	Episode: 3700/597	Avg reward: 16.80	Avg steps: 630
2020-07-07 13:16:56,257	INFO	Total steps: 2554428	Episode: 3720/625	Avg reward: 16.85	Avg steps: 613
2020-07-07 13:23:47,631	INFO	Total steps: 2565889	Episode: 3740/520	Avg reward: 17.85	Avg steps: 572
2020-07-07 13:30:01,042	INFO	Total steps: 2578762	Episode: 3760/582	Avg reward: 16.70	Avg steps: 642
2020-07-07 13:36:16,438	INFO	Total steps: 2591650	Episode: 3780/574	Avg reward: 17.45	Avg steps: 643
2020-07-07 13:42:09,796	INFO	Total steps: 2603870	Episode: 3800/590	Avg reward: 16.90	Avg steps: 610
2020-07-07 13:48:04,667	INFO	Total steps: 2616020	Episode: 3820/624	Avg reward: 17.30	Avg steps: 606
2020-07-07 13:54:01,880	INFO	Total steps: 2628292	Episode: 3840/492	Avg reward: 16.70	Avg steps: 612
2020-07-07 14:00:08,016	INFO	Total steps: 2640697	Episode: 3860/573	Avg reward: 17.70	Avg steps: 619
2020-07-07 14:05:57,836	INFO	Total steps: 2652796	Episode: 3880/611	Avg reward: 17.50	Avg steps: 603
2020-07-07 14:12:07,050	INFO	Total steps: 2665514	Episode: 3900/952	Avg reward: 17.35	Avg steps: 634
2020-07-07 14:18:03,223	INFO	Total steps: 2677565	Episode: 3920/678	Avg reward: 17.00	Avg steps: 601
2020-07-07 14:24:22,857	INFO	Total steps: 2690633	Episode: 3940/577	Avg reward: 16.70	Avg steps: 652
2020-07-07 14:30:05,938	INFO	Total steps: 2702565	Episode: 3960/529	Avg reward: 17.05	Avg steps: 595
2020-07-07 14:36:00,600	INFO	Total steps: 2714777	Episode: 3980/824	Avg reward: 17.45	Avg steps: 609
2020-07-07 14:41:47,738	INFO	Total steps: 2726669	Episode: 4000/619	Avg reward: 17.05	Avg steps: 593
