2020-07-01 22:18:57,293	INFO	--width 160 --height 160 --ball 1.0 --ball-size 2.0 --snell 1.0 --snell-width 80.0 --snell-change 0.0 --snell-visible none --paddle-speed 1.0 --paddle-angle 75.0 --paddle-length 10.0 --update-prob 0.3 --state binary --learning-rate 0.0001 --network dqn_pong_model --render False --epsdecay 1000 --episodes 4000 --replay 10000 --checkpoint dqn_pong_model --history history.p --store-dir ../experiments/snell_width.80.0-paddle_length.10.0-paddle_angle.75.0-update_prob.0.3 
2020-07-01 22:18:57,293	INFO	Device: cuda
2020-07-01 22:20:49,327	INFO	Total steps: 11127	Episode: 20/547	Avg reward: -19.20	Avg steps: 555
2020-07-01 22:27:32,564	INFO	Total steps: 22121	Episode: 40/675	Avg reward: -19.30	Avg steps: 548
2020-07-01 22:34:43,804	INFO	Total steps: 33896	Episode: 60/610	Avg reward: -18.80	Avg steps: 587
2020-07-01 22:42:05,966	INFO	Total steps: 45956	Episode: 80/605	Avg reward: -18.55	Avg steps: 602
2020-07-01 22:49:55,806	INFO	Total steps: 58760	Episode: 100/973	Avg reward: -18.70	Avg steps: 639
2020-07-01 22:58:12,957	INFO	Total steps: 72250	Episode: 120/1140	Avg reward: -18.25	Avg steps: 673
2020-07-01 23:06:02,554	INFO	Total steps: 85031	Episode: 140/512	Avg reward: -18.35	Avg steps: 638
2020-07-01 23:13:55,755	INFO	Total steps: 98765	Episode: 160/703	Avg reward: -18.40	Avg steps: 685
2020-07-01 23:21:31,408	INFO	Total steps: 113910	Episode: 180/821	Avg reward: -17.75	Avg steps: 756
2020-07-01 23:28:32,753	INFO	Total steps: 127788	Episode: 200/663	Avg reward: -17.55	Avg steps: 692
2020-07-01 23:35:23,360	INFO	Total steps: 141109	Episode: 220/738	Avg reward: -18.70	Avg steps: 665
2020-07-01 23:42:55,137	INFO	Total steps: 155430	Episode: 240/679	Avg reward: -17.90	Avg steps: 715
2020-07-01 23:50:28,728	INFO	Total steps: 169893	Episode: 260/726	Avg reward: -18.05	Avg steps: 722
2020-07-01 23:58:59,411	INFO	Total steps: 186696	Episode: 280/922	Avg reward: -17.45	Avg steps: 839
2020-07-02 00:07:06,536	INFO	Total steps: 202221	Episode: 300/803	Avg reward: -17.50	Avg steps: 775
2020-07-02 00:15:07,946	INFO	Total steps: 217901	Episode: 320/739	Avg reward: -17.60	Avg steps: 783
2020-07-02 00:24:01,781	INFO	Total steps: 235335	Episode: 340/870	Avg reward: -16.85	Avg steps: 870
2020-07-02 00:32:29,863	INFO	Total steps: 250950	Episode: 360/588	Avg reward: -17.90	Avg steps: 779
2020-07-02 00:40:44,851	INFO	Total steps: 266311	Episode: 380/959	Avg reward: -17.55	Avg steps: 767
2020-07-02 00:48:52,752	INFO	Total steps: 281452	Episode: 400/801	Avg reward: -17.15	Avg steps: 756
2020-07-02 00:58:31,668	INFO	Total steps: 299102	Episode: 420/1116	Avg reward: -17.40	Avg steps: 881
2020-07-02 01:07:04,824	INFO	Total steps: 316084	Episode: 440/1132	Avg reward: -17.30	Avg steps: 848
2020-07-02 01:16:11,873	INFO	Total steps: 333711	Episode: 460/804	Avg reward: -16.70	Avg steps: 880
2020-07-02 01:26:17,145	INFO	Total steps: 352630	Episode: 480/1187	Avg reward: -16.15	Avg steps: 944
2020-07-02 01:36:06,333	INFO	Total steps: 370832	Episode: 500/1096	Avg reward: -16.60	Avg steps: 909
2020-07-02 01:46:49,669	INFO	Total steps: 390589	Episode: 520/782	Avg reward: -16.80	Avg steps: 986
2020-07-02 01:57:22,869	INFO	Total steps: 409704	Episode: 540/1052	Avg reward: -15.95	Avg steps: 954
2020-07-02 02:08:21,775	INFO	Total steps: 429564	Episode: 560/793	Avg reward: -15.70	Avg steps: 992
2020-07-02 02:20:14,717	INFO	Total steps: 450791	Episode: 580/738	Avg reward: -15.15	Avg steps: 1060
2020-07-02 02:32:09,301	INFO	Total steps: 472457	Episode: 600/1153	Avg reward: -15.55	Avg steps: 1082
2020-07-02 02:42:56,226	INFO	Total steps: 492981	Episode: 620/797	Avg reward: -15.65	Avg steps: 1025
2020-07-02 02:54:54,882	INFO	Total steps: 515157	Episode: 640/855	Avg reward: -14.95	Avg steps: 1107
2020-07-02 03:07:11,674	INFO	Total steps: 537399	Episode: 660/679	Avg reward: -15.15	Avg steps: 1111
2020-07-02 03:20:56,777	INFO	Total steps: 562256	Episode: 680/1305	Avg reward: -14.25	Avg steps: 1241
2020-07-02 03:34:17,256	INFO	Total steps: 586259	Episode: 700/972	Avg reward: -13.95	Avg steps: 1199
2020-07-02 03:47:27,856	INFO	Total steps: 609928	Episode: 720/1104	Avg reward: -14.00	Avg steps: 1182
2020-07-02 03:59:24,727	INFO	Total steps: 631100	Episode: 740/1124	Avg reward: -14.75	Avg steps: 1057
2020-07-02 04:12:41,243	INFO	Total steps: 654886	Episode: 760/1259	Avg reward: -13.65	Avg steps: 1188
2020-07-02 04:26:41,603	INFO	Total steps: 680055	Episode: 780/796	Avg reward: -13.10	Avg steps: 1257
2020-07-02 04:40:53,903	INFO	Total steps: 705340	Episode: 800/1025	Avg reward: -12.50	Avg steps: 1263
2020-07-02 04:55:03,465	INFO	Total steps: 730751	Episode: 820/794	Avg reward: -12.45	Avg steps: 1269
2020-07-02 05:09:26,528	INFO	Total steps: 756843	Episode: 840/1373	Avg reward: -13.40	Avg steps: 1303
2020-07-02 05:22:38,128	INFO	Total steps: 780322	Episode: 860/1253	Avg reward: -14.40	Avg steps: 1172
2020-07-02 05:38:24,626	INFO	Total steps: 808279	Episode: 880/1309	Avg reward: -12.40	Avg steps: 1396
2020-07-02 05:54:17,480	INFO	Total steps: 836614	Episode: 900/1403	Avg reward: -11.30	Avg steps: 1415
2020-07-02 06:07:59,114	INFO	Total steps: 861129	Episode: 920/1632	Avg reward: -13.30	Avg steps: 1224
2020-07-02 06:24:11,139	INFO	Total steps: 890271	Episode: 940/1552	Avg reward: -11.05	Avg steps: 1456
2020-07-02 06:40:13,757	INFO	Total steps: 918933	Episode: 960/1473	Avg reward: -11.20	Avg steps: 1432
2020-07-02 06:57:39,817	INFO	Total steps: 950061	Episode: 980/1220	Avg reward: -9.80	Avg steps: 1555
2020-07-02 07:13:10,603	INFO	Total steps: 979008	Episode: 1000/1513	Avg reward: -11.45	Avg steps: 1446
2020-07-02 07:29:24,029	INFO	Total steps: 1008705	Episode: 1020/1616	Avg reward: -10.90	Avg steps: 1483
2020-07-02 07:46:37,357	INFO	Total steps: 1039325	Episode: 1040/1426	Avg reward: -9.90	Avg steps: 1530
2020-07-02 08:04:29,640	INFO	Total steps: 1070902	Episode: 1060/1620	Avg reward: -10.55	Avg steps: 1577
2020-07-02 08:22:22,731	INFO	Total steps: 1102603	Episode: 1080/1512	Avg reward: -10.15	Avg steps: 1584
2020-07-02 08:42:38,201	INFO	Total steps: 1138566	Episode: 1100/1275	Avg reward: -7.60	Avg steps: 1797
2020-07-02 09:01:24,959	INFO	Total steps: 1172916	Episode: 1120/1417	Avg reward: -8.25	Avg steps: 1716
2020-07-02 09:20:50,887	INFO	Total steps: 1207779	Episode: 1140/1711	Avg reward: -8.65	Avg steps: 1742
2020-07-02 09:40:28,393	INFO	Total steps: 1242482	Episode: 1160/2184	Avg reward: -5.60	Avg steps: 1734
2020-07-02 10:02:44,277	INFO	Total steps: 1282000	Episode: 1180/1784	Avg reward: -5.75	Avg steps: 1974
2020-07-02 10:25:34,314	INFO	Total steps: 1322367	Episode: 1200/1627	Avg reward: -5.90	Avg steps: 2017
2020-07-02 10:47:39,698	INFO	Total steps: 1361930	Episode: 1220/2624	Avg reward: -4.55	Avg steps: 1977
2020-07-02 11:10:05,908	INFO	Total steps: 1402257	Episode: 1240/1856	Avg reward: -4.35	Avg steps: 2015
2020-07-02 11:34:05,044	INFO	Total steps: 1446039	Episode: 1260/1917	Avg reward: -3.60	Avg steps: 2188
2020-07-02 11:56:16,709	INFO	Total steps: 1487815	Episode: 1280/2119	Avg reward: -3.95	Avg steps: 2087
2020-07-02 12:19:14,320	INFO	Total steps: 1530323	Episode: 1300/2095	Avg reward: -4.25	Avg steps: 2124
2020-07-02 12:41:25,898	INFO	Total steps: 1571451	Episode: 1320/2152	Avg reward: -4.00	Avg steps: 2055
2020-07-02 13:03:52,383	INFO	Total steps: 1613224	Episode: 1340/2873	Avg reward: -2.45	Avg steps: 2087
2020-07-02 13:27:07,559	INFO	Total steps: 1657021	Episode: 1360/2453	Avg reward: -1.35	Avg steps: 2188
2020-07-02 13:51:37,203	INFO	Total steps: 1702780	Episode: 1380/2141	Avg reward: -0.30	Avg steps: 2286
2020-07-02 14:15:00,200	INFO	Total steps: 1747324	Episode: 1400/2368	Avg reward: -0.70	Avg steps: 2226
2020-07-02 14:39:41,310	INFO	Total steps: 1793208	Episode: 1420/1923	Avg reward: 0.25	Avg steps: 2293
2020-07-02 15:04:40,290	INFO	Total steps: 1839442	Episode: 1440/2612	Avg reward: 0.10	Avg steps: 2310
2020-07-02 15:30:01,009	INFO	Total steps: 1889006	Episode: 1460/2613	Avg reward: 0.55	Avg steps: 2477
2020-07-02 15:52:56,079	INFO	Total steps: 1933934	Episode: 1480/2077	Avg reward: 2.60	Avg steps: 2245
2020-07-02 16:16:56,202	INFO	Total steps: 1980196	Episode: 1500/2595	Avg reward: -0.60	Avg steps: 2312
2020-07-02 16:42:22,580	INFO	Total steps: 2029587	Episode: 1520/2700	Avg reward: 2.90	Avg steps: 2468
2020-07-02 17:06:02,503	INFO	Total steps: 2075439	Episode: 1540/1941	Avg reward: 1.50	Avg steps: 2291
2020-07-02 17:29:40,735	INFO	Total steps: 2121472	Episode: 1560/2688	Avg reward: 2.45	Avg steps: 2300
2020-07-02 17:51:52,659	INFO	Total steps: 2165296	Episode: 1580/2400	Avg reward: 3.95	Avg steps: 2190
2020-07-02 18:15:21,876	INFO	Total steps: 2210624	Episode: 1600/2334	Avg reward: 3.75	Avg steps: 2265
2020-07-02 18:38:24,169	INFO	Total steps: 2256011	Episode: 1620/2274	Avg reward: 4.15	Avg steps: 2268
2020-07-02 19:02:26,474	INFO	Total steps: 2303388	Episode: 1640/2148	Avg reward: 1.75	Avg steps: 2367
2020-07-02 19:25:58,278	INFO	Total steps: 2349573	Episode: 1660/2479	Avg reward: 1.20	Avg steps: 2308
2020-07-02 19:49:50,191	INFO	Total steps: 2395782	Episode: 1680/2065	Avg reward: -0.20	Avg steps: 2309
2020-07-02 20:15:01,302	INFO	Total steps: 2442779	Episode: 1700/2926	Avg reward: 5.50	Avg steps: 2348
2020-07-02 20:38:47,725	INFO	Total steps: 2487427	Episode: 1720/2327	Avg reward: 7.40	Avg steps: 2231
2020-07-02 21:02:16,142	INFO	Total steps: 2534519	Episode: 1740/2770	Avg reward: 7.60	Avg steps: 2353
2020-07-02 21:24:45,731	INFO	Total steps: 2578540	Episode: 1760/2470	Avg reward: 5.90	Avg steps: 2200
2020-07-02 21:48:14,499	INFO	Total steps: 2624246	Episode: 1780/2980	Avg reward: 8.00	Avg steps: 2284
2020-07-02 22:11:21,829	INFO	Total steps: 2669639	Episode: 1800/2577	Avg reward: 6.85	Avg steps: 2268
2020-07-02 22:34:10,601	INFO	Total steps: 2713096	Episode: 1820/2009	Avg reward: 9.65	Avg steps: 2171
2020-07-02 22:58:39,441	INFO	Total steps: 2758432	Episode: 1840/2664	Avg reward: 7.00	Avg steps: 2265
2020-07-02 23:21:39,523	INFO	Total steps: 2801186	Episode: 1860/1995	Avg reward: 7.25	Avg steps: 2136
2020-07-02 23:45:06,096	INFO	Total steps: 2846842	Episode: 1880/1887	Avg reward: 7.55	Avg steps: 2281
2020-07-03 00:08:14,545	INFO	Total steps: 2892196	Episode: 1900/2836	Avg reward: 9.10	Avg steps: 2266
2020-07-03 00:30:58,855	INFO	Total steps: 2936052	Episode: 1920/2192	Avg reward: 9.35	Avg steps: 2191
2020-07-03 00:54:12,274	INFO	Total steps: 2981231	Episode: 1940/2707	Avg reward: 9.35	Avg steps: 2257
2020-07-03 01:17:06,282	INFO	Total steps: 3026334	Episode: 1960/2340	Avg reward: 9.60	Avg steps: 2254
2020-07-03 01:41:43,295	INFO	Total steps: 3074521	Episode: 1980/2387	Avg reward: 9.15	Avg steps: 2408
2020-07-03 02:03:15,230	INFO	Total steps: 3116937	Episode: 2000/2459	Avg reward: 10.75	Avg steps: 2119
2020-07-03 02:29:28,960	INFO	Total steps: 3166163	Episode: 2020/2323	Avg reward: 8.80	Avg steps: 2460
2020-07-03 02:50:44,793	INFO	Total steps: 3207580	Episode: 2040/2209	Avg reward: 10.55	Avg steps: 2069
2020-07-03 03:13:04,911	INFO	Total steps: 3250905	Episode: 2060/2392	Avg reward: 9.65	Avg steps: 2165
2020-07-03 03:36:00,527	INFO	Total steps: 3295655	Episode: 2080/1868	Avg reward: 12.15	Avg steps: 2236
2020-07-03 03:56:36,410	INFO	Total steps: 3337838	Episode: 2100/1827	Avg reward: 12.45	Avg steps: 2108
2020-07-03 04:16:58,234	INFO	Total steps: 3379071	Episode: 2120/2000	Avg reward: 10.75	Avg steps: 2060
2020-07-03 04:38:09,705	INFO	Total steps: 3421740	Episode: 2140/2091	Avg reward: 10.35	Avg steps: 2132
2020-07-03 04:58:13,918	INFO	Total steps: 3462376	Episode: 2160/1699	Avg reward: 11.40	Avg steps: 2030
2020-07-03 05:18:48,758	INFO	Total steps: 3503962	Episode: 2180/1845	Avg reward: 10.95	Avg steps: 2078
2020-07-03 05:39:41,403	INFO	Total steps: 3545515	Episode: 2200/2822	Avg reward: 10.70	Avg steps: 2076
2020-07-03 06:00:37,146	INFO	Total steps: 3587690	Episode: 2220/1876	Avg reward: 10.55	Avg steps: 2107
2020-07-03 06:20:34,824	INFO	Total steps: 3627730	Episode: 2240/2398	Avg reward: 11.50	Avg steps: 2001
2020-07-03 06:40:06,421	INFO	Total steps: 3667617	Episode: 2260/1876	Avg reward: 12.10	Avg steps: 1993
2020-07-03 07:00:28,457	INFO	Total steps: 3708878	Episode: 2280/2350	Avg reward: 13.55	Avg steps: 2062
2020-07-03 07:20:30,644	INFO	Total steps: 3748617	Episode: 2300/2772	Avg reward: 10.95	Avg steps: 1985
2020-07-03 07:41:40,001	INFO	Total steps: 3789345	Episode: 2320/2066	Avg reward: 12.70	Avg steps: 2035
2020-07-03 08:01:38,239	INFO	Total steps: 3829773	Episode: 2340/2055	Avg reward: 12.25	Avg steps: 2020
2020-07-03 08:23:21,541	INFO	Total steps: 3873894	Episode: 2360/2160	Avg reward: 12.15	Avg steps: 2205
2020-07-03 08:43:24,895	INFO	Total steps: 3914330	Episode: 2380/2450	Avg reward: 11.65	Avg steps: 2020
2020-07-03 09:05:29,042	INFO	Total steps: 3959178	Episode: 2400/2383	Avg reward: 9.95	Avg steps: 2241
2020-07-03 09:25:12,413	INFO	Total steps: 3999419	Episode: 2420/1963	Avg reward: 12.75	Avg steps: 2011
2020-07-03 09:44:56,385	INFO	Total steps: 4039015	Episode: 2440/1837	Avg reward: 12.25	Avg steps: 1978
2020-07-03 10:03:59,736	INFO	Total steps: 4077355	Episode: 2460/1635	Avg reward: 14.15	Avg steps: 1916
2020-07-03 10:26:21,221	INFO	Total steps: 4121766	Episode: 2480/2279	Avg reward: 10.90	Avg steps: 2219
2020-07-03 10:47:19,405	INFO	Total steps: 4163151	Episode: 2500/1635	Avg reward: 13.70	Avg steps: 2068
2020-07-03 11:07:45,143	INFO	Total steps: 4203637	Episode: 2520/1901	Avg reward: 13.70	Avg steps: 2023
2020-07-03 11:29:17,472	INFO	Total steps: 4246436	Episode: 2540/2279	Avg reward: 10.75	Avg steps: 2138
2020-07-03 11:51:43,675	INFO	Total steps: 4291062	Episode: 2560/2683	Avg reward: 11.95	Avg steps: 2230
2020-07-03 12:11:58,839	INFO	Total steps: 4331174	Episode: 2580/2377	Avg reward: 14.10	Avg steps: 2004
2020-07-03 12:33:39,009	INFO	Total steps: 4373950	Episode: 2600/1918	Avg reward: 12.80	Avg steps: 2137
2020-07-03 12:54:56,797	INFO	Total steps: 4415857	Episode: 2620/2278	Avg reward: 13.55	Avg steps: 2094
2020-07-03 13:16:32,217	INFO	Total steps: 4457316	Episode: 2640/2461	Avg reward: 12.90	Avg steps: 2071
2020-07-03 13:39:07,593	INFO	Total steps: 4500581	Episode: 2660/1804	Avg reward: 12.80	Avg steps: 2162
2020-07-03 13:59:54,841	INFO	Total steps: 4542088	Episode: 2680/1938	Avg reward: 13.20	Avg steps: 2074
2020-07-03 14:20:48,436	INFO	Total steps: 4582991	Episode: 2700/2319	Avg reward: 13.25	Avg steps: 2044
2020-07-03 14:41:41,930	INFO	Total steps: 4625224	Episode: 2720/2950	Avg reward: 13.65	Avg steps: 2110
2020-07-03 15:02:49,654	INFO	Total steps: 4668314	Episode: 2740/1774	Avg reward: 12.55	Avg steps: 2153
2020-07-03 15:23:34,865	INFO	Total steps: 4710211	Episode: 2760/2851	Avg reward: 13.55	Avg steps: 2093
2020-07-03 15:43:04,086	INFO	Total steps: 4750413	Episode: 2780/1906	Avg reward: 14.30	Avg steps: 2009
2020-07-03 16:03:16,452	INFO	Total steps: 4791423	Episode: 2800/1812	Avg reward: 14.35	Avg steps: 2049
2020-07-03 16:23:31,878	INFO	Total steps: 4832756	Episode: 2820/1979	Avg reward: 13.75	Avg steps: 2065
2020-07-03 16:44:04,568	INFO	Total steps: 4874691	Episode: 2840/1916	Avg reward: 13.95	Avg steps: 2095
2020-07-03 17:04:44,079	INFO	Total steps: 4916198	Episode: 2860/2225	Avg reward: 14.30	Avg steps: 2074
2020-07-03 17:25:27,645	INFO	Total steps: 4958190	Episode: 2880/2231	Avg reward: 13.55	Avg steps: 2098
2020-07-03 17:46:25,541	INFO	Total steps: 5000128	Episode: 2900/2429	Avg reward: 14.60	Avg steps: 2095
2020-07-03 18:06:50,884	INFO	Total steps: 5041579	Episode: 2920/1759	Avg reward: 15.10	Avg steps: 2071
2020-07-03 18:27:20,612	INFO	Total steps: 5083488	Episode: 2940/2532	Avg reward: 13.85	Avg steps: 2094
2020-07-03 18:47:40,643	INFO	Total steps: 5124630	Episode: 2960/1774	Avg reward: 13.35	Avg steps: 2056
2020-07-03 19:08:11,823	INFO	Total steps: 5166557	Episode: 2980/1581	Avg reward: 13.70	Avg steps: 2095
2020-07-03 19:27:14,169	INFO	Total steps: 5205168	Episode: 3000/1791	Avg reward: 14.60	Avg steps: 1929
2020-07-03 19:46:43,445	INFO	Total steps: 5244324	Episode: 3020/1931	Avg reward: 13.80	Avg steps: 1956
2020-07-03 20:05:46,192	INFO	Total steps: 5282824	Episode: 3040/2081	Avg reward: 14.90	Avg steps: 1924
2020-07-03 20:23:14,447	INFO	Total steps: 5318653	Episode: 3060/1503	Avg reward: 15.00	Avg steps: 1790
2020-07-03 20:41:39,916	INFO	Total steps: 5356003	Episode: 3080/1635	Avg reward: 14.60	Avg steps: 1866
2020-07-03 21:01:12,870	INFO	Total steps: 5394343	Episode: 3100/1900	Avg reward: 14.30	Avg steps: 1916
2020-07-03 21:23:31,530	INFO	Total steps: 5437541	Episode: 3120/2215	Avg reward: 13.15	Avg steps: 2158
2020-07-03 21:45:34,267	INFO	Total steps: 5480480	Episode: 3140/1971	Avg reward: 13.25	Avg steps: 2145
2020-07-03 22:05:02,756	INFO	Total steps: 5520120	Episode: 3160/2026	Avg reward: 14.50	Avg steps: 1981
2020-07-03 22:23:01,598	INFO	Total steps: 5557406	Episode: 3180/1727	Avg reward: 16.20	Avg steps: 1863
2020-07-03 22:43:56,157	INFO	Total steps: 5597653	Episode: 3200/1739	Avg reward: 15.20	Avg steps: 2011
2020-07-03 23:03:55,729	INFO	Total steps: 5636240	Episode: 3220/1852	Avg reward: 14.55	Avg steps: 1928
2020-07-03 23:22:10,220	INFO	Total steps: 5672859	Episode: 3240/1836	Avg reward: 15.60	Avg steps: 1829
2020-07-03 23:42:17,070	INFO	Total steps: 5711838	Episode: 3260/1848	Avg reward: 15.00	Avg steps: 1947
2020-07-04 00:02:26,480	INFO	Total steps: 5750163	Episode: 3280/1904	Avg reward: 14.40	Avg steps: 1915
2020-07-04 00:22:29,957	INFO	Total steps: 5788798	Episode: 3300/2352	Avg reward: 14.90	Avg steps: 1930
2020-07-04 00:41:26,076	INFO	Total steps: 5827414	Episode: 3320/1962	Avg reward: 14.80	Avg steps: 1929
2020-07-04 01:00:39,234	INFO	Total steps: 5866714	Episode: 3340/1912	Avg reward: 14.10	Avg steps: 1964
2020-07-04 01:21:37,151	INFO	Total steps: 5909014	Episode: 3360/2288	Avg reward: 12.65	Avg steps: 2114
2020-07-04 01:41:16,275	INFO	Total steps: 5948836	Episode: 3380/1816	Avg reward: 13.95	Avg steps: 1990
2020-07-04 02:01:26,980	INFO	Total steps: 5987817	Episode: 3400/2325	Avg reward: 15.20	Avg steps: 1948
2020-07-04 02:21:36,287	INFO	Total steps: 6029265	Episode: 3420/2041	Avg reward: 14.00	Avg steps: 2071
2020-07-04 02:41:29,742	INFO	Total steps: 6071817	Episode: 3440/1415	Avg reward: 14.60	Avg steps: 2126
2020-07-04 03:00:17,429	INFO	Total steps: 6112675	Episode: 3460/1965	Avg reward: 15.40	Avg steps: 2041
2020-07-04 03:18:38,254	INFO	Total steps: 6152502	Episode: 3480/1973	Avg reward: 14.45	Avg steps: 1990
2020-07-04 03:36:54,072	INFO	Total steps: 6191207	Episode: 3500/1932	Avg reward: 14.40	Avg steps: 1934
2020-07-04 03:55:31,684	INFO	Total steps: 6231718	Episode: 3520/1592	Avg reward: 13.80	Avg steps: 2024
2020-07-04 04:14:40,153	INFO	Total steps: 6273502	Episode: 3540/2018	Avg reward: 14.70	Avg steps: 2088
2020-07-04 04:33:59,485	INFO	Total steps: 6315758	Episode: 3560/2303	Avg reward: 14.05	Avg steps: 2111
2020-07-04 04:50:25,112	INFO	Total steps: 6354778	Episode: 3580/2161	Avg reward: 14.70	Avg steps: 1950
2020-07-04 05:07:17,636	INFO	Total steps: 6395284	Episode: 3600/1560	Avg reward: 14.35	Avg steps: 2024
2020-07-04 05:21:53,019	INFO	Total steps: 6433798	Episode: 3620/1760	Avg reward: 15.00	Avg steps: 1924
2020-07-04 05:37:39,868	INFO	Total steps: 6475470	Episode: 3640/2207	Avg reward: 14.70	Avg steps: 2082
2020-07-04 05:52:43,656	INFO	Total steps: 6515717	Episode: 3660/2082	Avg reward: 14.25	Avg steps: 2011
2020-07-04 06:07:32,952	INFO	Total steps: 6555272	Episode: 3680/1709	Avg reward: 14.40	Avg steps: 1976
2020-07-04 06:22:00,866	INFO	Total steps: 6593723	Episode: 3700/1747	Avg reward: 14.85	Avg steps: 1921
2020-07-04 06:36:17,152	INFO	Total steps: 6631356	Episode: 3720/2396	Avg reward: 15.85	Avg steps: 1880
2020-07-04 06:50:25,091	INFO	Total steps: 6668827	Episode: 3740/1792	Avg reward: 15.05	Avg steps: 1872
2020-07-04 07:04:03,873	INFO	Total steps: 6705074	Episode: 3760/2234	Avg reward: 15.60	Avg steps: 1811
2020-07-04 07:19:24,881	INFO	Total steps: 6745775	Episode: 3780/1574	Avg reward: 13.25	Avg steps: 2034
2020-07-04 07:35:37,531	INFO	Total steps: 6786575	Episode: 3800/1733	Avg reward: 14.30	Avg steps: 2039
2020-07-04 07:52:01,103	INFO	Total steps: 6827634	Episode: 3820/2082	Avg reward: 15.10	Avg steps: 2051
2020-07-04 08:06:02,050	INFO	Total steps: 6862950	Episode: 3840/1605	Avg reward: 15.55	Avg steps: 1764
2020-07-04 08:22:01,658	INFO	Total steps: 6902841	Episode: 3860/1634	Avg reward: 14.35	Avg steps: 1993
2020-07-04 08:37:55,143	INFO	Total steps: 6942494	Episode: 3880/1874	Avg reward: 15.50	Avg steps: 1981
2020-07-04 08:53:21,680	INFO	Total steps: 6981696	Episode: 3900/2090	Avg reward: 14.10	Avg steps: 1959
2020-07-04 09:09:22,069	INFO	Total steps: 7021738	Episode: 3920/1838	Avg reward: 14.55	Avg steps: 2001
2020-07-04 09:24:57,038	INFO	Total steps: 7060280	Episode: 3940/2320	Avg reward: 13.55	Avg steps: 1926
2020-07-04 09:41:16,796	INFO	Total steps: 7100506	Episode: 3960/2257	Avg reward: 14.05	Avg steps: 2010
2020-07-04 09:57:12,003	INFO	Total steps: 7140396	Episode: 3980/2691	Avg reward: 14.85	Avg steps: 1993
2020-07-04 10:13:35,867	INFO	Total steps: 7180718	Episode: 4000/1710	Avg reward: 15.35	Avg steps: 2015
2020-07-06 17:22:55,438	INFO	--width 160 --height 160 --ball 1.0 --ball-size 2.0 --snell 1.0 --snell-width 80.0 --snell-change 0.0 --snell-visible none --paddle-speed 1.0 --paddle-angle 75.0 --paddle-length 10.0 --update-prob 0.3 --state binary --learning-rate 0.0001 --network dqn_pong_model --render False --epsdecay 1000 --episodes 4000 --replay 10000 --checkpoint dqn_pong_model --history history.p --store-dir ../experiments/snell_width.80.0-paddle_length.10.0-paddle_angle.75.0-update_prob.0.3 
2020-07-06 17:22:55,555	INFO	Device: cuda
2020-07-06 17:24:37,840	INFO	Total steps: 11112	Episode: 20/801	Avg reward: -18.70	Avg steps: 554
2020-07-06 17:29:39,574	INFO	Total steps: 21734	Episode: 40/525	Avg reward: -19.20	Avg steps: 530
2020-07-06 17:35:03,320	INFO	Total steps: 33183	Episode: 60/664	Avg reward: -18.65	Avg steps: 571
2020-07-06 17:41:00,636	INFO	Total steps: 45948	Episode: 80/579	Avg reward: -18.35	Avg steps: 637
2020-07-06 17:47:01,992	INFO	Total steps: 59002	Episode: 100/670	Avg reward: -18.85	Avg steps: 651
2020-07-06 17:53:09,670	INFO	Total steps: 72064	Episode: 120/446	Avg reward: -18.65	Avg steps: 652
2020-07-06 17:59:21,907	INFO	Total steps: 85137	Episode: 140/666	Avg reward: -18.70	Avg steps: 652
2020-07-06 18:05:01,554	INFO	Total steps: 97385	Episode: 160/520	Avg reward: -18.35	Avg steps: 611
2020-07-06 18:11:33,703	INFO	Total steps: 110674	Episode: 180/561	Avg reward: -18.35	Avg steps: 663
2020-07-06 18:17:54,662	INFO	Total steps: 124152	Episode: 200/579	Avg reward: -18.35	Avg steps: 672
2020-07-06 18:23:48,236	INFO	Total steps: 137346	Episode: 220/586	Avg reward: -17.90	Avg steps: 658
2020-07-06 18:30:58,138	INFO	Total steps: 151904	Episode: 240/680	Avg reward: -17.55	Avg steps: 726
2020-07-06 18:37:35,122	INFO	Total steps: 165692	Episode: 260/530	Avg reward: -18.15	Avg steps: 688
2020-07-06 18:44:03,160	INFO	Total steps: 179012	Episode: 280/681	Avg reward: -18.20	Avg steps: 665
2020-07-06 18:50:25,269	INFO	Total steps: 192396	Episode: 300/534	Avg reward: -17.90	Avg steps: 668
2020-07-06 18:56:46,314	INFO	Total steps: 206683	Episode: 320/517	Avg reward: -18.50	Avg steps: 713
2020-07-06 19:03:38,996	INFO	Total steps: 221387	Episode: 340/539	Avg reward: -18.05	Avg steps: 734
2020-07-06 19:10:36,048	INFO	Total steps: 235957	Episode: 360/796	Avg reward: -17.85	Avg steps: 727
2020-07-06 19:18:24,445	INFO	Total steps: 253546	Episode: 380/885	Avg reward: -16.90	Avg steps: 878
2020-07-06 19:25:54,814	INFO	Total steps: 270055	Episode: 400/1004	Avg reward: -16.95	Avg steps: 824
2020-07-06 19:34:11,786	INFO	Total steps: 288293	Episode: 420/928	Avg reward: -16.60	Avg steps: 910
2020-07-06 19:40:40,789	INFO	Total steps: 303303	Episode: 440/909	Avg reward: -18.10	Avg steps: 749
2020-07-06 19:48:28,769	INFO	Total steps: 320058	Episode: 460/1014	Avg reward: -16.95	Avg steps: 836
2020-07-06 19:57:00,556	INFO	Total steps: 337568	Episode: 480/1196	Avg reward: -17.05	Avg steps: 874
2020-07-06 20:05:55,286	INFO	Total steps: 355401	Episode: 500/888	Avg reward: -16.55	Avg steps: 890
2020-07-06 20:15:17,319	INFO	Total steps: 373402	Episode: 520/964	Avg reward: -16.15	Avg steps: 899
2020-07-06 20:25:52,575	INFO	Total steps: 393974	Episode: 540/1030	Avg reward: -14.80	Avg steps: 1027
2020-07-06 20:37:32,106	INFO	Total steps: 416300	Episode: 560/1139	Avg reward: -15.00	Avg steps: 1115
2020-07-06 20:49:43,610	INFO	Total steps: 439758	Episode: 580/1381	Avg reward: -14.85	Avg steps: 1171
2020-07-06 21:00:14,561	INFO	Total steps: 459805	Episode: 600/1564	Avg reward: -15.60	Avg steps: 1001
2020-07-06 21:10:50,292	INFO	Total steps: 480492	Episode: 620/1111	Avg reward: -14.80	Avg steps: 1033
2020-07-06 21:22:25,609	INFO	Total steps: 503136	Episode: 640/1369	Avg reward: -14.55	Avg steps: 1131
2020-07-06 21:34:01,282	INFO	Total steps: 525483	Episode: 660/1175	Avg reward: -14.15	Avg steps: 1116
2020-07-06 21:48:02,638	INFO	Total steps: 552262	Episode: 680/1319	Avg reward: -12.45	Avg steps: 1337
2020-07-06 22:00:45,167	INFO	Total steps: 576946	Episode: 700/1107	Avg reward: -13.45	Avg steps: 1233
2020-07-06 22:13:22,819	INFO	Total steps: 601022	Episode: 720/1293	Avg reward: -13.80	Avg steps: 1202
2020-07-06 22:25:06,080	INFO	Total steps: 623635	Episode: 740/1190	Avg reward: -14.00	Avg steps: 1129
2020-07-06 22:37:44,439	INFO	Total steps: 648009	Episode: 760/787	Avg reward: -13.00	Avg steps: 1217
2020-07-06 22:50:57,333	INFO	Total steps: 674091	Episode: 780/1363	Avg reward: -12.35	Avg steps: 1303
2020-07-06 23:05:09,288	INFO	Total steps: 701919	Episode: 800/1313	Avg reward: -12.25	Avg steps: 1390
2020-07-06 23:18:38,234	INFO	Total steps: 728589	Episode: 820/1609	Avg reward: -12.95	Avg steps: 1332
2020-07-06 23:31:16,196	INFO	Total steps: 753590	Episode: 840/915	Avg reward: -12.15	Avg steps: 1249
2020-07-06 23:45:03,190	INFO	Total steps: 780674	Episode: 860/1279	Avg reward: -12.15	Avg steps: 1353
2020-07-06 23:57:22,368	INFO	Total steps: 804808	Episode: 880/1512	Avg reward: -12.75	Avg steps: 1205
2020-07-07 00:10:36,926	INFO	Total steps: 832301	Episode: 900/1160	Avg reward: -11.60	Avg steps: 1373
2020-07-07 00:21:30,161	INFO	Total steps: 856093	Episode: 920/1558	Avg reward: -13.55	Avg steps: 1188
2020-07-07 00:32:41,675	INFO	Total steps: 880548	Episode: 940/1101	Avg reward: -12.75	Avg steps: 1221
2020-07-07 00:43:54,861	INFO	Total steps: 905302	Episode: 960/1279	Avg reward: -13.90	Avg steps: 1236
2020-07-07 00:56:46,550	INFO	Total steps: 934265	Episode: 980/1723	Avg reward: -11.05	Avg steps: 1447
2020-07-07 01:10:26,742	INFO	Total steps: 965714	Episode: 1000/1897	Avg reward: -10.55	Avg steps: 1571
2020-07-07 01:22:54,140	INFO	Total steps: 992110	Episode: 1020/1459	Avg reward: -11.95	Avg steps: 1318
2020-07-07 01:36:18,529	INFO	Total steps: 1019385	Episode: 1040/1059	Avg reward: -12.15	Avg steps: 1362
2020-07-07 01:54:32,836	INFO	Total steps: 1053494	Episode: 1060/1533	Avg reward: -8.60	Avg steps: 1704
2020-07-07 02:14:05,909	INFO	Total steps: 1089840	Episode: 1080/1577	Avg reward: -8.05	Avg steps: 1816
2020-07-07 02:30:51,782	INFO	Total steps: 1124673	Episode: 1100/2178	Avg reward: -8.55	Avg steps: 1740
2020-07-07 02:45:32,816	INFO	Total steps: 1156550	Episode: 1120/2097	Avg reward: -9.75	Avg steps: 1592
2020-07-07 03:01:40,069	INFO	Total steps: 1191621	Episode: 1140/1353	Avg reward: -8.55	Avg steps: 1752
2020-07-07 03:17:00,966	INFO	Total steps: 1224906	Episode: 1160/1249	Avg reward: -9.40	Avg steps: 1663
2020-07-07 03:36:30,071	INFO	Total steps: 1266020	Episode: 1180/2237	Avg reward: -3.00	Avg steps: 2054
2020-07-07 03:55:48,833	INFO	Total steps: 1306670	Episode: 1200/2624	Avg reward: -4.55	Avg steps: 2031
2020-07-07 04:15:43,159	INFO	Total steps: 1348406	Episode: 1220/1285	Avg reward: -4.25	Avg steps: 2085
2020-07-07 04:34:28,502	INFO	Total steps: 1387584	Episode: 1240/1811	Avg reward: -4.95	Avg steps: 1957
2020-07-07 04:52:50,753	INFO	Total steps: 1426078	Episode: 1260/2035	Avg reward: -4.40	Avg steps: 1923
2020-07-07 05:13:24,568	INFO	Total steps: 1468675	Episode: 1280/2500	Avg reward: -4.25	Avg steps: 2128
2020-07-07 05:32:10,201	INFO	Total steps: 1507534	Episode: 1300/2269	Avg reward: -4.05	Avg steps: 1941
2020-07-07 05:52:43,502	INFO	Total steps: 1549916	Episode: 1320/1345	Avg reward: -4.00	Avg steps: 2118
2020-07-07 06:12:35,636	INFO	Total steps: 1591031	Episode: 1340/2902	Avg reward: -4.85	Avg steps: 2054
2020-07-07 06:30:40,565	INFO	Total steps: 1628979	Episode: 1360/2427	Avg reward: -5.30	Avg steps: 1896
2020-07-07 06:48:38,455	INFO	Total steps: 1666408	Episode: 1380/1600	Avg reward: -6.15	Avg steps: 1870
2020-07-07 07:08:11,942	INFO	Total steps: 1707274	Episode: 1400/2660	Avg reward: -4.75	Avg steps: 2042
2020-07-07 07:29:44,230	INFO	Total steps: 1751971	Episode: 1420/1933	Avg reward: -1.20	Avg steps: 2233
2020-07-07 07:50:09,995	INFO	Total steps: 1794818	Episode: 1440/1788	Avg reward: 0.00	Avg steps: 2141
2020-07-07 08:11:22,558	INFO	Total steps: 1839411	Episode: 1460/2365	Avg reward: -0.60	Avg steps: 2228
2020-07-07 08:33:31,288	INFO	Total steps: 1884520	Episode: 1480/2796	Avg reward: 1.05	Avg steps: 2254
2020-07-07 08:57:13,765	INFO	Total steps: 1932520	Episode: 1500/2537	Avg reward: -0.65	Avg steps: 2399
2020-07-07 09:18:05,486	INFO	Total steps: 1975559	Episode: 1520/1689	Avg reward: 1.55	Avg steps: 2150
2020-07-07 09:39:14,205	INFO	Total steps: 2019013	Episode: 1540/2441	Avg reward: 0.55	Avg steps: 2171
2020-07-07 10:01:46,398	INFO	Total steps: 2064453	Episode: 1560/2385	Avg reward: 0.25	Avg steps: 2271
2020-07-07 10:24:54,994	INFO	Total steps: 2111199	Episode: 1580/2292	Avg reward: 3.05	Avg steps: 2336
2020-07-07 10:47:06,564	INFO	Total steps: 2156648	Episode: 1600/2783	Avg reward: 4.25	Avg steps: 2271
2020-07-07 11:09:07,550	INFO	Total steps: 2201999	Episode: 1620/1855	Avg reward: 5.15	Avg steps: 2266
2020-07-07 11:30:26,219	INFO	Total steps: 2245782	Episode: 1640/1976	Avg reward: 2.20	Avg steps: 2188
2020-07-07 11:53:36,882	INFO	Total steps: 2293478	Episode: 1660/2366	Avg reward: 4.25	Avg steps: 2383
2020-07-07 12:14:29,453	INFO	Total steps: 2336305	Episode: 1680/2114	Avg reward: 2.45	Avg steps: 2140
2020-07-07 12:37:39,096	INFO	Total steps: 2384089	Episode: 1700/2319	Avg reward: 5.70	Avg steps: 2388
2020-07-07 13:02:21,310	INFO	Total steps: 2430970	Episode: 1720/2457	Avg reward: 4.70	Avg steps: 2343
2020-07-07 13:25:23,497	INFO	Total steps: 2473507	Episode: 1740/2085	Avg reward: 3.40	Avg steps: 2125
2020-07-07 13:50:28,028	INFO	Total steps: 2519843	Episode: 1760/2213	Avg reward: 4.85	Avg steps: 2315
2020-07-07 14:14:49,051	INFO	Total steps: 2564855	Episode: 1780/2433	Avg reward: 2.95	Avg steps: 2249
2020-07-07 14:38:47,483	INFO	Total steps: 2609283	Episode: 1800/2766	Avg reward: 8.55	Avg steps: 2220
2020-07-07 15:03:14,549	INFO	Total steps: 2654400	Episode: 1820/1964	Avg reward: 6.90	Avg steps: 2254
2020-07-07 15:30:17,559	INFO	Total steps: 2704232	Episode: 1840/1968	Avg reward: 6.00	Avg steps: 2490
2020-07-07 15:55:02,287	INFO	Total steps: 2749965	Episode: 1860/2394	Avg reward: 5.40	Avg steps: 2285
2020-07-07 16:20:57,867	INFO	Total steps: 2798144	Episode: 1880/1899	Avg reward: 4.45	Avg steps: 2407
2020-07-07 16:46:12,345	INFO	Total steps: 2844042	Episode: 1900/2806	Avg reward: 4.95	Avg steps: 2293
2020-07-07 17:10:32,762	INFO	Total steps: 2888387	Episode: 1920/2054	Avg reward: 7.40	Avg steps: 2216
2020-07-07 17:35:37,990	INFO	Total steps: 2934219	Episode: 1940/3339	Avg reward: 6.60	Avg steps: 2290
2020-07-07 17:58:47,429	INFO	Total steps: 2976493	Episode: 1960/1926	Avg reward: 8.40	Avg steps: 2112
2020-07-07 18:24:54,328	INFO	Total steps: 3024159	Episode: 1980/2798	Avg reward: 7.60	Avg steps: 2382
2020-07-07 18:49:24,249	INFO	Total steps: 3068555	Episode: 2000/1690	Avg reward: 7.80	Avg steps: 2218
2020-07-07 19:15:53,380	INFO	Total steps: 3116562	Episode: 2020/2672	Avg reward: 7.45	Avg steps: 2399
2020-07-07 19:40:47,259	INFO	Total steps: 3161226	Episode: 2040/2557	Avg reward: 8.45	Avg steps: 2232
2020-07-07 20:04:35,529	INFO	Total steps: 3204320	Episode: 2060/2399	Avg reward: 9.35	Avg steps: 2153
2020-07-07 20:29:12,905	INFO	Total steps: 3248875	Episode: 2080/2224	Avg reward: 9.35	Avg steps: 2226
2020-07-07 20:53:47,296	INFO	Total steps: 3293382	Episode: 2100/2240	Avg reward: 10.55	Avg steps: 2224
2020-07-07 21:15:57,929	INFO	Total steps: 3333747	Episode: 2120/2316	Avg reward: 11.15	Avg steps: 2017
2020-07-07 21:39:44,552	INFO	Total steps: 3376942	Episode: 2140/2109	Avg reward: 8.25	Avg steps: 2158
2020-07-07 22:02:21,988	INFO	Total steps: 3420790	Episode: 2160/2321	Avg reward: 10.25	Avg steps: 2191
2020-07-07 22:23:15,754	INFO	Total steps: 3462990	Episode: 2180/2036	Avg reward: 11.70	Avg steps: 2109
2020-07-07 22:44:40,342	INFO	Total steps: 3505735	Episode: 2200/1998	Avg reward: 10.20	Avg steps: 2136
2020-07-07 23:07:49,831	INFO	Total steps: 3552131	Episode: 2220/2293	Avg reward: 9.35	Avg steps: 2318
2020-07-07 23:29:44,806	INFO	Total steps: 3597283	Episode: 2240/1909	Avg reward: 8.65	Avg steps: 2256
2020-07-07 23:49:32,814	INFO	Total steps: 3638195	Episode: 2260/1854	Avg reward: 10.60	Avg steps: 2044
2020-07-08 00:10:31,503	INFO	Total steps: 3681025	Episode: 2280/2322	Avg reward: 8.90	Avg steps: 2140
2020-07-08 00:30:59,862	INFO	Total steps: 3723076	Episode: 2300/2031	Avg reward: 11.90	Avg steps: 2101
2020-07-08 00:53:29,225	INFO	Total steps: 3769276	Episode: 2320/2228	Avg reward: 10.80	Avg steps: 2309
2020-07-08 01:13:06,730	INFO	Total steps: 3809493	Episode: 2340/2425	Avg reward: 11.75	Avg steps: 2009
2020-07-08 01:35:07,190	INFO	Total steps: 3854747	Episode: 2360/2553	Avg reward: 11.55	Avg steps: 2261
2020-07-08 01:57:44,976	INFO	Total steps: 3901257	Episode: 2380/1869	Avg reward: 10.35	Avg steps: 2324
2020-07-08 02:18:12,561	INFO	Total steps: 3942507	Episode: 2400/2031	Avg reward: 10.65	Avg steps: 2061
2020-07-08 02:38:53,175	INFO	Total steps: 3983580	Episode: 2420/1811	Avg reward: 12.15	Avg steps: 2052
2020-07-08 02:59:09,546	INFO	Total steps: 4024393	Episode: 2440/2189	Avg reward: 13.45	Avg steps: 2039
2020-07-08 03:17:41,489	INFO	Total steps: 4063151	Episode: 2460/1911	Avg reward: 14.20	Avg steps: 1936
2020-07-08 03:37:54,971	INFO	Total steps: 4104866	Episode: 2480/1532	Avg reward: 12.25	Avg steps: 2084
2020-07-08 03:57:35,114	INFO	Total steps: 4145686	Episode: 2500/1962	Avg reward: 12.70	Avg steps: 2040
2020-07-08 04:17:05,448	INFO	Total steps: 4185930	Episode: 2520/2035	Avg reward: 12.65	Avg steps: 2011
2020-07-08 04:37:34,683	INFO	Total steps: 4227953	Episode: 2540/2166	Avg reward: 11.85	Avg steps: 2100
2020-07-08 04:57:21,899	INFO	Total steps: 4268650	Episode: 2560/1505	Avg reward: 12.95	Avg steps: 2033
2020-07-08 05:17:55,725	INFO	Total steps: 4310917	Episode: 2580/2487	Avg reward: 11.00	Avg steps: 2112
2020-07-08 05:37:52,605	INFO	Total steps: 4352072	Episode: 2600/1832	Avg reward: 12.70	Avg steps: 2056
2020-07-08 05:57:46,651	INFO	Total steps: 4392831	Episode: 2620/2600	Avg reward: 12.90	Avg steps: 2036
2020-07-08 06:18:33,693	INFO	Total steps: 4435398	Episode: 2640/2093	Avg reward: 12.80	Avg steps: 2127
2020-07-08 06:38:26,371	INFO	Total steps: 4476774	Episode: 2660/2426	Avg reward: 13.50	Avg steps: 2067
2020-07-08 06:58:40,526	INFO	Total steps: 4518679	Episode: 2680/1961	Avg reward: 13.00	Avg steps: 2094
2020-07-08 07:18:35,512	INFO	Total steps: 4559995	Episode: 2700/2306	Avg reward: 13.10	Avg steps: 2064
2020-07-08 07:38:02,048	INFO	Total steps: 4600201	Episode: 2720/2106	Avg reward: 12.65	Avg steps: 2009
2020-07-08 07:56:37,585	INFO	Total steps: 4639242	Episode: 2740/1769	Avg reward: 13.70	Avg steps: 1951
2020-07-08 08:16:25,891	INFO	Total steps: 4680963	Episode: 2760/1706	Avg reward: 12.90	Avg steps: 2085
2020-07-08 08:35:58,207	INFO	Total steps: 4721533	Episode: 2780/1777	Avg reward: 12.85	Avg steps: 2027
2020-07-08 08:56:23,233	INFO	Total steps: 4763709	Episode: 2800/2331	Avg reward: 12.65	Avg steps: 2107
2020-07-08 09:17:28,275	INFO	Total steps: 4807318	Episode: 2820/1968	Avg reward: 13.90	Avg steps: 2179
2020-07-08 09:37:59,359	INFO	Total steps: 4850098	Episode: 2840/2215	Avg reward: 13.35	Avg steps: 2138
2020-07-08 09:57:02,769	INFO	Total steps: 4889853	Episode: 2860/1889	Avg reward: 14.00	Avg steps: 1986
2020-07-08 10:17:04,617	INFO	Total steps: 4931661	Episode: 2880/1610	Avg reward: 13.75	Avg steps: 2089
2020-07-08 10:37:01,011	INFO	Total steps: 4973053	Episode: 2900/2147	Avg reward: 13.85	Avg steps: 2068
2020-07-08 10:56:08,676	INFO	Total steps: 5011050	Episode: 2920/1693	Avg reward: 15.20	Avg steps: 1898
2020-07-08 11:15:38,563	INFO	Total steps: 5051330	Episode: 2940/2029	Avg reward: 14.05	Avg steps: 2013
2020-07-08 11:35:59,814	INFO	Total steps: 5092132	Episode: 2960/2304	Avg reward: 14.65	Avg steps: 2039
2020-07-08 11:56:15,718	INFO	Total steps: 5132638	Episode: 2980/1991	Avg reward: 13.25	Avg steps: 2024
2020-07-08 12:17:10,874	INFO	Total steps: 5175548	Episode: 3000/1642	Avg reward: 14.35	Avg steps: 2144
2020-07-08 12:36:13,210	INFO	Total steps: 5214588	Episode: 3020/1668	Avg reward: 14.65	Avg steps: 1951
2020-07-08 12:54:32,369	INFO	Total steps: 5253665	Episode: 3040/1841	Avg reward: 14.55	Avg steps: 1952
2020-07-08 13:14:47,232	INFO	Total steps: 5297734	Episode: 3060/2691	Avg reward: 13.85	Avg steps: 2202
2020-07-08 13:33:08,112	INFO	Total steps: 5335459	Episode: 3080/2290	Avg reward: 15.20	Avg steps: 1885
2020-07-08 13:52:48,179	INFO	Total steps: 5378354	Episode: 3100/2368	Avg reward: 14.10	Avg steps: 2143
2020-07-08 14:47:52,820	INFO	Total steps: 5417959	Episode: 3120/2105	Avg reward: 14.45	Avg steps: 1979
2020-07-08 15:06:38,222	INFO	Total steps: 5456356	Episode: 3140/1846	Avg reward: 14.55	Avg steps: 1918
2020-07-08 15:26:11,316	INFO	Total steps: 5496315	Episode: 3160/2427	Avg reward: 14.80	Avg steps: 1996
2020-07-08 15:45:04,705	INFO	Total steps: 5536084	Episode: 3180/1834	Avg reward: 13.80	Avg steps: 1987
2020-07-08 16:05:10,290	INFO	Total steps: 5577017	Episode: 3200/1828	Avg reward: 14.60	Avg steps: 2045
2020-07-08 16:25:35,202	INFO	Total steps: 5618542	Episode: 3220/2331	Avg reward: 14.10	Avg steps: 2075
2020-07-08 16:45:27,711	INFO	Total steps: 5659275	Episode: 3240/2465	Avg reward: 14.45	Avg steps: 2035
2020-07-08 17:05:47,321	INFO	Total steps: 5700882	Episode: 3260/2142	Avg reward: 13.85	Avg steps: 2079
2020-07-08 17:26:19,028	INFO	Total steps: 5742918	Episode: 3280/1957	Avg reward: 13.35	Avg steps: 2100
2020-07-08 17:47:34,041	INFO	Total steps: 5786115	Episode: 3300/1998	Avg reward: 13.30	Avg steps: 2158
2020-07-08 18:06:17,262	INFO	Total steps: 5824298	Episode: 3320/1813	Avg reward: 14.10	Avg steps: 1908
2020-07-08 18:25:23,638	INFO	Total steps: 5863489	Episode: 3340/2219	Avg reward: 15.75	Avg steps: 1958
2020-07-08 18:45:22,951	INFO	Total steps: 5904306	Episode: 3360/1827	Avg reward: 14.85	Avg steps: 2039
2020-07-08 19:05:46,398	INFO	Total steps: 5944876	Episode: 3380/2539	Avg reward: 14.80	Avg steps: 2027
2020-07-08 19:26:45,240	INFO	Total steps: 5986689	Episode: 3400/1947	Avg reward: 13.80	Avg steps: 2089
2020-07-08 19:45:32,679	INFO	Total steps: 6024665	Episode: 3420/1591	Avg reward: 15.50	Avg steps: 1897
2020-07-08 20:05:22,983	INFO	Total steps: 6064787	Episode: 3440/2079	Avg reward: 14.65	Avg steps: 2005
2020-07-08 20:24:14,701	INFO	Total steps: 6104766	Episode: 3460/1417	Avg reward: 14.75	Avg steps: 1997
2020-07-08 20:42:04,603	INFO	Total steps: 6144919	Episode: 3480/2092	Avg reward: 14.30	Avg steps: 2006
2020-07-08 20:58:42,492	INFO	Total steps: 6182300	Episode: 3500/2150	Avg reward: 14.90	Avg steps: 1868
2020-07-08 21:16:47,873	INFO	Total steps: 6220792	Episode: 3520/1769	Avg reward: 14.95	Avg steps: 1923
2020-07-08 21:34:34,411	INFO	Total steps: 6259738	Episode: 3540/1851	Avg reward: 14.80	Avg steps: 1946
2020-07-08 21:52:31,248	INFO	Total steps: 6300566	Episode: 3560/1843	Avg reward: 14.20	Avg steps: 2040
2020-07-08 22:10:16,304	INFO	Total steps: 6340977	Episode: 3580/2602	Avg reward: 15.10	Avg steps: 2019
2020-07-08 22:27:21,215	INFO	Total steps: 6380002	Episode: 3600/2219	Avg reward: 14.40	Avg steps: 1950
2020-07-08 22:45:01,870	INFO	Total steps: 6420159	Episode: 3620/1374	Avg reward: 14.55	Avg steps: 2006
2020-07-08 23:01:54,383	INFO	Total steps: 6458485	Episode: 3640/1946	Avg reward: 15.65	Avg steps: 1915
2020-07-08 23:18:58,546	INFO	Total steps: 6497195	Episode: 3660/2319	Avg reward: 15.40	Avg steps: 1934
2020-07-08 23:35:59,053	INFO	Total steps: 6535656	Episode: 3680/1935	Avg reward: 15.60	Avg steps: 1922
2020-07-08 23:53:03,569	INFO	Total steps: 6574270	Episode: 3700/1695	Avg reward: 13.85	Avg steps: 1929
2020-07-09 00:10:40,802	INFO	Total steps: 6614098	Episode: 3720/2082	Avg reward: 15.20	Avg steps: 1990
2020-07-09 00:28:00,059	INFO	Total steps: 6653028	Episode: 3740/2100	Avg reward: 14.80	Avg steps: 1945
2020-07-09 00:45:03,292	INFO	Total steps: 6691627	Episode: 3760/1531	Avg reward: 15.55	Avg steps: 1928
2020-07-09 01:02:29,049	INFO	Total steps: 6731536	Episode: 3780/1481	Avg reward: 14.80	Avg steps: 1994
2020-07-09 01:20:08,576	INFO	Total steps: 6771289	Episode: 3800/1950	Avg reward: 13.90	Avg steps: 1986
2020-07-09 01:37:34,402	INFO	Total steps: 6810796	Episode: 3820/1929	Avg reward: 15.05	Avg steps: 1974
2020-07-09 01:54:11,573	INFO	Total steps: 6847912	Episode: 3840/1583	Avg reward: 15.65	Avg steps: 1854
2020-07-09 02:11:54,611	INFO	Total steps: 6886836	Episode: 3860/1772	Avg reward: 15.90	Avg steps: 1945
2020-07-09 02:29:17,821	INFO	Total steps: 6925253	Episode: 3880/1760	Avg reward: 15.40	Avg steps: 1919
2020-07-09 02:46:21,030	INFO	Total steps: 6962765	Episode: 3900/2189	Avg reward: 15.80	Avg steps: 1874
2020-07-09 03:02:42,146	INFO	Total steps: 6998585	Episode: 3920/1974	Avg reward: 16.70	Avg steps: 1790
2020-07-09 03:20:20,916	INFO	Total steps: 7037756	Episode: 3940/2104	Avg reward: 14.90	Avg steps: 1957
2020-07-09 03:36:31,968	INFO	Total steps: 7074525	Episode: 3960/1990	Avg reward: 16.40	Avg steps: 1837
2020-07-09 03:53:43,475	INFO	Total steps: 7113953	Episode: 3980/1644	Avg reward: 14.75	Avg steps: 1970
2020-07-09 04:11:22,006	INFO	Total steps: 7154089	Episode: 4000/2145	Avg reward: 15.10	Avg steps: 2005
