2020-07-01 22:22:33,957	INFO	--width 160 --height 160 --ball 1.0 --ball-size 2.0 --snell 1.0 --snell-width 60.0 --snell-change 0.0 --snell-visible none --paddle-speed 1.0 --paddle-angle 75.0 --paddle-length 10.0 --update-prob 0.3 --state binary --learning-rate 0.0001 --network dqn_pong_model --render False --epsdecay 1000 --episodes 4000 --replay 10000 --checkpoint dqn_pong_model --history history.p --store-dir ../experiments/snell_width.60.0-paddle_length.10.0-paddle_angle.75.0-update_prob.0.3 
2020-07-01 22:22:33,958	INFO	Device: cuda
2020-07-01 22:24:21,822	INFO	Total steps: 11197	Episode: 20/535	Avg reward: -18.90	Avg steps: 558
2020-07-01 22:30:37,994	INFO	Total steps: 22136	Episode: 40/457	Avg reward: -18.95	Avg steps: 545
2020-07-01 22:37:20,487	INFO	Total steps: 33758	Episode: 60/628	Avg reward: -18.70	Avg steps: 580
2020-07-01 22:44:52,445	INFO	Total steps: 46842	Episode: 80/826	Avg reward: -18.50	Avg steps: 653
2020-07-01 22:52:44,396	INFO	Total steps: 60463	Episode: 100/468	Avg reward: -18.15	Avg steps: 680
2020-07-01 23:00:23,543	INFO	Total steps: 73680	Episode: 120/939	Avg reward: -18.40	Avg steps: 659
2020-07-01 23:07:40,146	INFO	Total steps: 86236	Episode: 140/586	Avg reward: -18.75	Avg steps: 626
2020-07-01 23:15:20,701	INFO	Total steps: 100332	Episode: 160/534	Avg reward: -18.25	Avg steps: 703
2020-07-01 23:22:17,672	INFO	Total steps: 114161	Episode: 180/592	Avg reward: -18.25	Avg steps: 690
2020-07-01 23:29:03,244	INFO	Total steps: 127434	Episode: 200/895	Avg reward: -18.70	Avg steps: 662
2020-07-01 23:35:10,742	INFO	Total steps: 140782	Episode: 220/671	Avg reward: -18.55	Avg steps: 666
2020-07-01 23:41:04,611	INFO	Total steps: 154266	Episode: 240/740	Avg reward: -18.25	Avg steps: 673
2020-07-01 23:47:14,864	INFO	Total steps: 168003	Episode: 260/595	Avg reward: -18.10	Avg steps: 685
2020-07-01 23:53:30,845	INFO	Total steps: 182220	Episode: 280/582	Avg reward: -17.80	Avg steps: 709
2020-07-02 00:00:16,969	INFO	Total steps: 197274	Episode: 300/602	Avg reward: -17.65	Avg steps: 751
2020-07-02 00:07:33,017	INFO	Total steps: 213360	Episode: 320/596	Avg reward: -17.05	Avg steps: 803
2020-07-02 00:14:08,874	INFO	Total steps: 228250	Episode: 340/617	Avg reward: -17.25	Avg steps: 743
2020-07-02 00:21:10,700	INFO	Total steps: 244373	Episode: 360/527	Avg reward: -17.80	Avg steps: 805
2020-07-02 00:28:11,330	INFO	Total steps: 258970	Episode: 380/1425	Avg reward: -18.05	Avg steps: 728
2020-07-02 00:35:36,566	INFO	Total steps: 274529	Episode: 400/741	Avg reward: -16.85	Avg steps: 776
2020-07-02 00:42:03,437	INFO	Total steps: 288877	Episode: 420/926	Avg reward: -17.45	Avg steps: 716
2020-07-02 00:49:52,747	INFO	Total steps: 305568	Episode: 440/738	Avg reward: -16.50	Avg steps: 833
2020-07-02 00:58:36,531	INFO	Total steps: 323982	Episode: 460/1054	Avg reward: -16.50	Avg steps: 919
2020-07-02 01:06:46,383	INFO	Total steps: 341212	Episode: 480/971	Avg reward: -17.00	Avg steps: 860
2020-07-02 01:15:31,409	INFO	Total steps: 360271	Episode: 500/1303	Avg reward: -16.45	Avg steps: 951
2020-07-02 01:23:56,476	INFO	Total steps: 378160	Episode: 520/940	Avg reward: -17.40	Avg steps: 893
2020-07-02 01:32:30,588	INFO	Total steps: 396651	Episode: 540/1140	Avg reward: -16.35	Avg steps: 923
2020-07-02 01:41:04,679	INFO	Total steps: 415565	Episode: 560/858	Avg reward: -15.55	Avg steps: 944
2020-07-02 01:50:32,664	INFO	Total steps: 436559	Episode: 580/1014	Avg reward: -15.50	Avg steps: 1048
2020-07-02 01:58:57,053	INFO	Total steps: 455278	Episode: 600/715	Avg reward: -16.15	Avg steps: 934
2020-07-02 02:08:51,771	INFO	Total steps: 477270	Episode: 620/867	Avg reward: -14.55	Avg steps: 1098
2020-07-02 02:19:04,545	INFO	Total steps: 500074	Episode: 640/1189	Avg reward: -13.85	Avg steps: 1139
2020-07-02 02:28:22,251	INFO	Total steps: 520369	Episode: 660/1074	Avg reward: -15.20	Avg steps: 1013
2020-07-02 02:38:45,204	INFO	Total steps: 542134	Episode: 680/1571	Avg reward: -14.70	Avg steps: 1087
2020-07-02 02:49:07,136	INFO	Total steps: 563729	Episode: 700/1002	Avg reward: -14.20	Avg steps: 1078
2020-07-02 02:59:36,195	INFO	Total steps: 585877	Episode: 720/683	Avg reward: -14.45	Avg steps: 1106
2020-07-02 03:11:41,208	INFO	Total steps: 611490	Episode: 740/1241	Avg reward: -13.15	Avg steps: 1279
2020-07-02 03:22:01,242	INFO	Total steps: 634329	Episode: 760/1271	Avg reward: -14.20	Avg steps: 1140
2020-07-02 03:33:38,081	INFO	Total steps: 659000	Episode: 780/1444	Avg reward: -13.10	Avg steps: 1232
2020-07-02 03:45:23,441	INFO	Total steps: 683884	Episode: 800/1092	Avg reward: -14.00	Avg steps: 1243
2020-07-02 03:57:56,038	INFO	Total steps: 709435	Episode: 820/942	Avg reward: -12.60	Avg steps: 1276
2020-07-02 04:11:23,868	INFO	Total steps: 737492	Episode: 840/1907	Avg reward: -12.55	Avg steps: 1401
2020-07-02 04:25:13,043	INFO	Total steps: 766806	Episode: 860/2130	Avg reward: -11.10	Avg steps: 1464
2020-07-02 04:40:32,065	INFO	Total steps: 799278	Episode: 880/1632	Avg reward: -10.05	Avg steps: 1622
2020-07-02 04:53:53,578	INFO	Total steps: 826929	Episode: 900/1198	Avg reward: -11.75	Avg steps: 1381
2020-07-02 05:08:02,814	INFO	Total steps: 857541	Episode: 920/1188	Avg reward: -10.55	Avg steps: 1529
2020-07-02 05:21:04,208	INFO	Total steps: 885598	Episode: 940/1377	Avg reward: -11.55	Avg steps: 1401
2020-07-02 05:34:44,343	INFO	Total steps: 915315	Episode: 960/819	Avg reward: -11.30	Avg steps: 1484
2020-07-02 05:47:59,014	INFO	Total steps: 943839	Episode: 980/1712	Avg reward: -12.20	Avg steps: 1425
2020-07-02 06:02:06,150	INFO	Total steps: 974843	Episode: 1000/1192	Avg reward: -11.30	Avg steps: 1549
2020-07-02 06:16:58,972	INFO	Total steps: 1007677	Episode: 1020/1321	Avg reward: -9.55	Avg steps: 1640
2020-07-02 06:31:06,553	INFO	Total steps: 1038630	Episode: 1040/1231	Avg reward: -10.35	Avg steps: 1546
2020-07-02 06:46:17,531	INFO	Total steps: 1071045	Episode: 1060/1214	Avg reward: -7.85	Avg steps: 1619
2020-07-02 07:02:50,996	INFO	Total steps: 1106420	Episode: 1080/1593	Avg reward: -6.45	Avg steps: 1767
2020-07-02 07:16:24,121	INFO	Total steps: 1134910	Episode: 1100/1059	Avg reward: -12.05	Avg steps: 1423
2020-07-02 07:34:59,182	INFO	Total steps: 1170505	Episode: 1120/1792	Avg reward: -7.90	Avg steps: 1778
2020-07-02 07:52:17,586	INFO	Total steps: 1206905	Episode: 1140/1908	Avg reward: -7.55	Avg steps: 1819
2020-07-02 08:09:48,350	INFO	Total steps: 1245350	Episode: 1160/1807	Avg reward: -6.80	Avg steps: 1921
2020-07-02 08:28:55,693	INFO	Total steps: 1287218	Episode: 1180/1987	Avg reward: -5.70	Avg steps: 2092
2020-07-02 08:45:22,505	INFO	Total steps: 1322994	Episode: 1200/2096	Avg reward: -9.40	Avg steps: 1787
2020-07-02 09:06:04,931	INFO	Total steps: 1366861	Episode: 1220/2553	Avg reward: -3.55	Avg steps: 2192
2020-07-02 09:25:30,868	INFO	Total steps: 1407841	Episode: 1240/2024	Avg reward: -4.30	Avg steps: 2048
2020-07-02 09:44:21,836	INFO	Total steps: 1449221	Episode: 1260/2808	Avg reward: -5.35	Avg steps: 2068
2020-07-02 10:05:14,841	INFO	Total steps: 1494633	Episode: 1280/2638	Avg reward: -3.20	Avg steps: 2269
2020-07-02 10:26:56,465	INFO	Total steps: 1538371	Episode: 1300/2356	Avg reward: 0.40	Avg steps: 2185
2020-07-02 10:49:08,923	INFO	Total steps: 1581342	Episode: 1320/2337	Avg reward: -2.00	Avg steps: 2147
2020-07-02 11:11:08,215	INFO	Total steps: 1624846	Episode: 1340/1658	Avg reward: -0.90	Avg steps: 2174
2020-07-02 11:34:40,696	INFO	Total steps: 1671279	Episode: 1360/2192	Avg reward: -1.25	Avg steps: 2320
2020-07-02 11:56:36,280	INFO	Total steps: 1715022	Episode: 1380/2150	Avg reward: -2.95	Avg steps: 2186
2020-07-02 12:20:04,696	INFO	Total steps: 1761574	Episode: 1400/2306	Avg reward: -0.55	Avg steps: 2326
2020-07-02 12:43:05,291	INFO	Total steps: 1807341	Episode: 1420/1306	Avg reward: -0.45	Avg steps: 2287
2020-07-02 13:05:04,549	INFO	Total steps: 1851463	Episode: 1440/1722	Avg reward: -0.60	Avg steps: 2205
2020-07-02 13:27:33,254	INFO	Total steps: 1896246	Episode: 1460/2628	Avg reward: -0.15	Avg steps: 2238
2020-07-02 13:49:18,736	INFO	Total steps: 1939363	Episode: 1480/2191	Avg reward: 2.05	Avg steps: 2154
2020-07-02 14:12:02,482	INFO	Total steps: 1983062	Episode: 1500/2096	Avg reward: 0.10	Avg steps: 2183
2020-07-02 14:34:18,379	INFO	Total steps: 2027684	Episode: 1520/2044	Avg reward: -0.45	Avg steps: 2230
2020-07-02 14:56:01,710	INFO	Total steps: 2071629	Episode: 1540/2900	Avg reward: -3.90	Avg steps: 2196
2020-07-02 15:19:35,367	INFO	Total steps: 2117962	Episode: 1560/2024	Avg reward: 0.15	Avg steps: 2315
2020-07-02 15:40:50,045	INFO	Total steps: 2160200	Episode: 1580/2065	Avg reward: 0.75	Avg steps: 2110
2020-07-02 16:01:21,966	INFO	Total steps: 2202389	Episode: 1600/2662	Avg reward: 1.10	Avg steps: 2108
2020-07-02 16:24:43,183	INFO	Total steps: 2249850	Episode: 1620/2500	Avg reward: 0.90	Avg steps: 2372
2020-07-02 16:46:38,492	INFO	Total steps: 2294694	Episode: 1640/2254	Avg reward: 1.05	Avg steps: 2241
2020-07-02 17:09:24,684	INFO	Total steps: 2341127	Episode: 1660/2237	Avg reward: 1.35	Avg steps: 2320
2020-07-02 17:31:12,200	INFO	Total steps: 2385010	Episode: 1680/1919	Avg reward: 2.75	Avg steps: 2193
2020-07-02 17:53:55,221	INFO	Total steps: 2430544	Episode: 1700/1953	Avg reward: 3.35	Avg steps: 2275
2020-07-02 18:17:52,063	INFO	Total steps: 2478398	Episode: 1720/2047	Avg reward: 2.15	Avg steps: 2391
2020-07-02 18:41:12,535	INFO	Total steps: 2525369	Episode: 1740/2321	Avg reward: 4.80	Avg steps: 2347
2020-07-02 19:02:55,082	INFO	Total steps: 2570335	Episode: 1760/2512	Avg reward: 5.95	Avg steps: 2247
2020-07-02 19:24:46,719	INFO	Total steps: 2614143	Episode: 1780/2473	Avg reward: 3.90	Avg steps: 2189
2020-07-02 19:48:20,483	INFO	Total steps: 2660739	Episode: 1800/2155	Avg reward: 4.30	Avg steps: 2328
2020-07-02 20:11:14,386	INFO	Total steps: 2706238	Episode: 1820/1932	Avg reward: 8.05	Avg steps: 2273
2020-07-02 20:34:35,451	INFO	Total steps: 2753060	Episode: 1840/2009	Avg reward: 6.20	Avg steps: 2340
2020-07-02 20:57:55,468	INFO	Total steps: 2798394	Episode: 1860/2459	Avg reward: 5.15	Avg steps: 2265
2020-07-02 21:19:52,481	INFO	Total steps: 2842332	Episode: 1880/1650	Avg reward: 9.40	Avg steps: 2195
2020-07-02 21:42:53,089	INFO	Total steps: 2888382	Episode: 1900/1797	Avg reward: 8.20	Avg steps: 2301
2020-07-02 22:04:34,615	INFO	Total steps: 2934791	Episode: 1920/2494	Avg reward: 8.95	Avg steps: 2319
2020-07-02 22:24:14,202	INFO	Total steps: 2978732	Episode: 1940/2231	Avg reward: 8.05	Avg steps: 2196
2020-07-02 22:45:36,741	INFO	Total steps: 3021551	Episode: 1960/2679	Avg reward: 9.85	Avg steps: 2139
2020-07-02 23:09:32,935	INFO	Total steps: 3068687	Episode: 1980/1825	Avg reward: 8.65	Avg steps: 2355
2020-07-02 23:29:24,936	INFO	Total steps: 3111639	Episode: 2000/1888	Avg reward: 10.95	Avg steps: 2146
2020-07-02 23:49:43,903	INFO	Total steps: 3158020	Episode: 2020/2213	Avg reward: 10.35	Avg steps: 2318
2020-07-03 00:10:19,245	INFO	Total steps: 3204984	Episode: 2040/2193	Avg reward: 9.95	Avg steps: 2347
2020-07-03 00:28:32,960	INFO	Total steps: 3246553	Episode: 2060/1787	Avg reward: 11.00	Avg steps: 2077
2020-07-03 00:48:44,589	INFO	Total steps: 3292600	Episode: 2080/2282	Avg reward: 8.80	Avg steps: 2301
2020-07-03 01:08:24,554	INFO	Total steps: 3337336	Episode: 2100/2161	Avg reward: 10.20	Avg steps: 2235
2020-07-03 01:28:56,582	INFO	Total steps: 3384213	Episode: 2120/2130	Avg reward: 10.70	Avg steps: 2342
2020-07-03 01:48:38,324	INFO	Total steps: 3429198	Episode: 2140/2614	Avg reward: 10.50	Avg steps: 2248
2020-07-03 02:08:00,534	INFO	Total steps: 3473813	Episode: 2160/2076	Avg reward: 9.55	Avg steps: 2229
2020-07-03 02:29:48,646	INFO	Total steps: 3521654	Episode: 2180/1872	Avg reward: 6.95	Avg steps: 2391
2020-07-03 02:50:36,132	INFO	Total steps: 3567033	Episode: 2200/2363	Avg reward: 10.50	Avg steps: 2267
2020-07-03 03:09:38,259	INFO	Total steps: 3609840	Episode: 2220/2134	Avg reward: 10.30	Avg steps: 2139
2020-07-03 03:28:56,477	INFO	Total steps: 3653810	Episode: 2240/2714	Avg reward: 11.05	Avg steps: 2197
2020-07-03 03:47:50,408	INFO	Total steps: 3694704	Episode: 2260/1913	Avg reward: 11.05	Avg steps: 2043
2020-07-03 04:07:07,104	INFO	Total steps: 3738020	Episode: 2280/2031	Avg reward: 9.60	Avg steps: 2164
2020-07-03 04:26:57,205	INFO	Total steps: 3780804	Episode: 2300/2194	Avg reward: 11.40	Avg steps: 2138
2020-07-03 04:46:03,841	INFO	Total steps: 3821761	Episode: 2320/2146	Avg reward: 11.00	Avg steps: 2046
2020-07-03 05:06:18,819	INFO	Total steps: 3867105	Episode: 2340/2655	Avg reward: 9.25	Avg steps: 2266
2020-07-03 05:24:42,591	INFO	Total steps: 3909271	Episode: 2360/2336	Avg reward: 10.50	Avg steps: 2107
2020-07-03 05:42:59,262	INFO	Total steps: 3951453	Episode: 2380/1672	Avg reward: 10.35	Avg steps: 2108
2020-07-03 06:01:15,016	INFO	Total steps: 3993334	Episode: 2400/1796	Avg reward: 10.75	Avg steps: 2093
2020-07-03 06:19:34,055	INFO	Total steps: 4034728	Episode: 2420/2943	Avg reward: 11.35	Avg steps: 2068
2020-07-03 06:37:32,424	INFO	Total steps: 4075171	Episode: 2440/2059	Avg reward: 11.45	Avg steps: 2021
2020-07-03 06:57:41,008	INFO	Total steps: 4119337	Episode: 2460/2082	Avg reward: 9.90	Avg steps: 2207
2020-07-03 07:16:47,347	INFO	Total steps: 4161355	Episode: 2480/1839	Avg reward: 12.15	Avg steps: 2099
2020-07-03 07:36:36,577	INFO	Total steps: 4203648	Episode: 2500/2136	Avg reward: 11.45	Avg steps: 2113
2020-07-03 07:54:25,973	INFO	Total steps: 4242640	Episode: 2520/2264	Avg reward: 13.50	Avg steps: 1948
2020-07-03 08:14:15,795	INFO	Total steps: 4284520	Episode: 2540/2688	Avg reward: 11.30	Avg steps: 2093
2020-07-03 08:33:06,362	INFO	Total steps: 4326072	Episode: 2560/1695	Avg reward: 12.05	Avg steps: 2076
2020-07-03 08:52:05,675	INFO	Total steps: 4368330	Episode: 2580/1513	Avg reward: 12.50	Avg steps: 2111
2020-07-03 09:10:55,500	INFO	Total steps: 4410442	Episode: 2600/2108	Avg reward: 12.00	Avg steps: 2104
2020-07-03 09:30:15,122	INFO	Total steps: 4453552	Episode: 2620/2497	Avg reward: 11.60	Avg steps: 2154
2020-07-03 09:49:28,938	INFO	Total steps: 4496237	Episode: 2640/2348	Avg reward: 12.40	Avg steps: 2133
2020-07-03 10:08:42,075	INFO	Total steps: 4538483	Episode: 2660/1930	Avg reward: 13.35	Avg steps: 2111
2020-07-03 10:28:57,196	INFO	Total steps: 4581800	Episode: 2680/2230	Avg reward: 11.95	Avg steps: 2164
2020-07-03 10:47:03,619	INFO	Total steps: 4621344	Episode: 2700/1917	Avg reward: 14.55	Avg steps: 1976
2020-07-03 11:05:39,314	INFO	Total steps: 4662581	Episode: 2720/2345	Avg reward: 14.45	Avg steps: 2060
2020-07-03 11:24:15,312	INFO	Total steps: 4703028	Episode: 2740/1874	Avg reward: 12.40	Avg steps: 2021
2020-07-03 11:44:13,056	INFO	Total steps: 4743686	Episode: 2760/1803	Avg reward: 14.30	Avg steps: 2031
2020-07-03 12:02:25,476	INFO	Total steps: 4784001	Episode: 2780/1983	Avg reward: 12.35	Avg steps: 2014
2020-07-03 12:20:05,662	INFO	Total steps: 4823010	Episode: 2800/1937	Avg reward: 12.45	Avg steps: 1949
2020-07-03 12:37:19,443	INFO	Total steps: 4860856	Episode: 2820/2116	Avg reward: 14.15	Avg steps: 1891
2020-07-03 12:55:19,869	INFO	Total steps: 4900488	Episode: 2840/2230	Avg reward: 14.40	Avg steps: 1980
2020-07-03 13:12:20,662	INFO	Total steps: 4938877	Episode: 2860/1794	Avg reward: 14.40	Avg steps: 1918
2020-07-03 13:30:21,249	INFO	Total steps: 4978285	Episode: 2880/2017	Avg reward: 14.10	Avg steps: 1969
2020-07-03 13:48:17,566	INFO	Total steps: 5017876	Episode: 2900/2031	Avg reward: 13.50	Avg steps: 1978
2020-07-03 14:05:09,922	INFO	Total steps: 5055412	Episode: 2920/1641	Avg reward: 14.75	Avg steps: 1875
2020-07-03 14:22:02,173	INFO	Total steps: 5092928	Episode: 2940/1810	Avg reward: 14.75	Avg steps: 1874
2020-07-03 14:39:49,117	INFO	Total steps: 5131825	Episode: 2960/1875	Avg reward: 15.05	Avg steps: 1943
2020-07-03 14:58:47,082	INFO	Total steps: 5172605	Episode: 2980/1811	Avg reward: 14.75	Avg steps: 2038
2020-07-03 15:16:27,918	INFO	Total steps: 5211235	Episode: 3000/1777	Avg reward: 14.50	Avg steps: 1930
2020-07-03 15:34:41,122	INFO	Total steps: 5250487	Episode: 3020/2105	Avg reward: 14.80	Avg steps: 1961
2020-07-03 15:51:58,964	INFO	Total steps: 5287498	Episode: 3040/1571	Avg reward: 14.45	Avg steps: 1849
2020-07-03 16:10:13,940	INFO	Total steps: 5327877	Episode: 3060/1648	Avg reward: 14.00	Avg steps: 2017
2020-07-03 16:28:45,475	INFO	Total steps: 5367278	Episode: 3080/2153	Avg reward: 14.45	Avg steps: 1969
2020-07-03 16:46:25,806	INFO	Total steps: 5405512	Episode: 3100/2257	Avg reward: 14.80	Avg steps: 1910
2020-07-03 17:06:00,087	INFO	Total steps: 5446324	Episode: 3120/2330	Avg reward: 12.85	Avg steps: 2039
2020-07-03 17:25:40,950	INFO	Total steps: 5487840	Episode: 3140/2209	Avg reward: 13.60	Avg steps: 2074
2020-07-03 17:44:08,338	INFO	Total steps: 5527811	Episode: 3160/1968	Avg reward: 12.70	Avg steps: 1997
2020-07-03 18:02:28,845	INFO	Total steps: 5568934	Episode: 3180/2544	Avg reward: 12.85	Avg steps: 2055
2020-07-03 18:21:07,111	INFO	Total steps: 5610390	Episode: 3200/2044	Avg reward: 12.45	Avg steps: 2071
2020-07-03 18:40:25,783	INFO	Total steps: 5653366	Episode: 3220/2168	Avg reward: 13.30	Avg steps: 2147
2020-07-03 18:58:53,451	INFO	Total steps: 5694605	Episode: 3240/1667	Avg reward: 13.85	Avg steps: 2060
2020-07-03 19:18:00,554	INFO	Total steps: 5737923	Episode: 3260/1965	Avg reward: 13.90	Avg steps: 2164
2020-07-03 19:37:39,862	INFO	Total steps: 5780703	Episode: 3280/1915	Avg reward: 13.20	Avg steps: 2138
2020-07-03 19:56:17,550	INFO	Total steps: 5822765	Episode: 3300/1877	Avg reward: 12.80	Avg steps: 2102
2020-07-03 20:14:12,597	INFO	Total steps: 5862896	Episode: 3320/1971	Avg reward: 14.90	Avg steps: 2005
2020-07-03 20:32:33,796	INFO	Total steps: 5900256	Episode: 3340/1685	Avg reward: 14.65	Avg steps: 1867
2020-07-03 20:50:17,802	INFO	Total steps: 5938254	Episode: 3360/1966	Avg reward: 13.40	Avg steps: 1898
2020-07-03 21:10:00,366	INFO	Total steps: 5979447	Episode: 3380/2275	Avg reward: 13.80	Avg steps: 2058
2020-07-03 21:28:28,274	INFO	Total steps: 6020321	Episode: 3400/1910	Avg reward: 14.10	Avg steps: 2042
2020-07-03 21:46:20,338	INFO	Total steps: 6059900	Episode: 3420/1664	Avg reward: 14.00	Avg steps: 1977
2020-07-03 22:05:36,282	INFO	Total steps: 6101617	Episode: 3440/2552	Avg reward: 13.25	Avg steps: 2084
2020-07-03 22:24:22,451	INFO	Total steps: 6141780	Episode: 3460/1857	Avg reward: 13.60	Avg steps: 2007
2020-07-03 22:42:57,776	INFO	Total steps: 6181296	Episode: 3480/2021	Avg reward: 13.40	Avg steps: 1974
2020-07-03 23:00:52,738	INFO	Total steps: 6220891	Episode: 3500/2356	Avg reward: 14.15	Avg steps: 1978
2020-07-03 23:18:45,003	INFO	Total steps: 6260415	Episode: 3520/1762	Avg reward: 14.80	Avg steps: 1975
2020-07-03 23:35:28,755	INFO	Total steps: 6298204	Episode: 3540/1457	Avg reward: 15.15	Avg steps: 1888
2020-07-03 23:52:38,724	INFO	Total steps: 6336764	Episode: 3560/1778	Avg reward: 12.90	Avg steps: 1927
2020-07-04 00:10:15,847	INFO	Total steps: 6376744	Episode: 3580/2143	Avg reward: 13.85	Avg steps: 1998
2020-07-04 00:31:09,777	INFO	Total steps: 6420438	Episode: 3600/1962	Avg reward: 13.15	Avg steps: 2183
2020-07-04 00:48:45,249	INFO	Total steps: 6458276	Episode: 3620/1796	Avg reward: 14.40	Avg steps: 1890
2020-07-04 01:07:23,465	INFO	Total steps: 6498000	Episode: 3640/1586	Avg reward: 13.75	Avg steps: 1985
2020-07-04 01:26:24,009	INFO	Total steps: 6538250	Episode: 3660/1879	Avg reward: 14.55	Avg steps: 2011
2020-07-04 01:45:20,349	INFO	Total steps: 6578094	Episode: 3680/2815	Avg reward: 14.25	Avg steps: 1991
2020-07-04 02:04:21,457	INFO	Total steps: 6617814	Episode: 3700/1985	Avg reward: 14.25	Avg steps: 1985
2020-07-04 02:22:57,541	INFO	Total steps: 6657164	Episode: 3720/2219	Avg reward: 13.30	Avg steps: 1966
2020-07-04 02:40:57,117	INFO	Total steps: 6695444	Episode: 3740/2137	Avg reward: 14.00	Avg steps: 1913
2020-07-04 02:59:24,081	INFO	Total steps: 6734652	Episode: 3760/1532	Avg reward: 15.75	Avg steps: 1959
2020-07-04 03:17:56,901	INFO	Total steps: 6773771	Episode: 3780/2271	Avg reward: 13.75	Avg steps: 1954
2020-07-04 03:37:56,089	INFO	Total steps: 6814944	Episode: 3800/2301	Avg reward: 14.20	Avg steps: 2057
2020-07-04 03:56:15,827	INFO	Total steps: 6852537	Episode: 3820/1813	Avg reward: 15.75	Avg steps: 1878
2020-07-04 04:14:41,462	INFO	Total steps: 6891295	Episode: 3840/1811	Avg reward: 15.20	Avg steps: 1936
2020-07-04 04:33:15,416	INFO	Total steps: 6930772	Episode: 3860/1808	Avg reward: 15.35	Avg steps: 1972
2020-07-04 04:52:35,505	INFO	Total steps: 6971858	Episode: 3880/2263	Avg reward: 14.15	Avg steps: 2053
2020-07-04 05:11:26,659	INFO	Total steps: 7011661	Episode: 3900/1808	Avg reward: 15.55	Avg steps: 1989
2020-07-04 05:30:10,259	INFO	Total steps: 7051404	Episode: 3920/2183	Avg reward: 15.60	Avg steps: 1986
2020-07-04 05:47:53,145	INFO	Total steps: 7089505	Episode: 3940/2092	Avg reward: 15.40	Avg steps: 1904
2020-07-04 06:05:47,095	INFO	Total steps: 7127702	Episode: 3960/1928	Avg reward: 15.35	Avg steps: 1908
2020-07-04 06:25:01,562	INFO	Total steps: 7168238	Episode: 3980/2383	Avg reward: 15.25	Avg steps: 2025
2020-07-04 06:43:48,596	INFO	Total steps: 7207346	Episode: 4000/2025	Avg reward: 15.15	Avg steps: 1954
2020-07-06 17:18:27,535	INFO	--width 160 --height 160 --ball 1.0 --ball-size 2.0 --snell 1.0 --snell-width 60.0 --snell-change 0.0 --snell-visible none --paddle-speed 1.0 --paddle-angle 75.0 --paddle-length 10.0 --update-prob 0.3 --state binary --learning-rate 0.0001 --network dqn_pong_model --render False --epsdecay 1000 --episodes 4000 --replay 10000 --checkpoint dqn_pong_model --history history.p --store-dir ../experiments/snell_width.60.0-paddle_length.10.0-paddle_angle.75.0-update_prob.0.3 
2020-07-06 17:18:27,640	INFO	Device: cuda
2020-07-06 17:19:56,690	INFO	Total steps: 10879	Episode: 20/533	Avg reward: -19.25	Avg steps: 542
2020-07-06 17:25:10,532	INFO	Total steps: 22131	Episode: 40/442	Avg reward: -18.90	Avg steps: 561
2020-07-06 17:30:56,202	INFO	Total steps: 34551	Episode: 60/735	Avg reward: -18.60	Avg steps: 620
2020-07-06 17:36:32,349	INFO	Total steps: 46731	Episode: 80/519	Avg reward: -18.60	Avg steps: 608
2020-07-06 17:43:02,882	INFO	Total steps: 60174	Episode: 100/808	Avg reward: -17.70	Avg steps: 671
2020-07-06 17:49:39,474	INFO	Total steps: 73756	Episode: 120/526	Avg reward: -18.35	Avg steps: 678
2020-07-06 17:55:32,345	INFO	Total steps: 85824	Episode: 140/516	Avg reward: -18.85	Avg steps: 602
2020-07-06 18:01:45,752	INFO	Total steps: 99095	Episode: 160/905	Avg reward: -18.60	Avg steps: 662
2020-07-06 18:07:44,364	INFO	Total steps: 112429	Episode: 180/693	Avg reward: -18.40	Avg steps: 665
2020-07-06 18:14:08,732	INFO	Total steps: 125801	Episode: 200/721	Avg reward: -18.15	Avg steps: 667
2020-07-06 18:20:13,949	INFO	Total steps: 139287	Episode: 220/457	Avg reward: -18.35	Avg steps: 673
2020-07-06 18:26:52,519	INFO	Total steps: 153010	Episode: 240/540	Avg reward: -18.40	Avg steps: 685
2020-07-06 18:33:53,829	INFO	Total steps: 168040	Episode: 260/822	Avg reward: -17.85	Avg steps: 750
2020-07-06 18:40:49,323	INFO	Total steps: 182887	Episode: 280/763	Avg reward: -17.75	Avg steps: 741
2020-07-06 18:47:35,055	INFO	Total steps: 197561	Episode: 300/944	Avg reward: -17.80	Avg steps: 732
2020-07-06 18:55:02,917	INFO	Total steps: 212949	Episode: 320/798	Avg reward: -17.60	Avg steps: 768
2020-07-06 19:03:00,916	INFO	Total steps: 229149	Episode: 340/885	Avg reward: -17.90	Avg steps: 809
2020-07-06 19:10:47,657	INFO	Total steps: 244530	Episode: 360/721	Avg reward: -17.45	Avg steps: 768
2020-07-06 19:17:33,853	INFO	Total steps: 259619	Episode: 380/931	Avg reward: -17.75	Avg steps: 753
2020-07-06 19:25:00,949	INFO	Total steps: 277029	Episode: 400/1100	Avg reward: -16.40	Avg steps: 869
2020-07-06 19:32:17,315	INFO	Total steps: 293893	Episode: 420/796	Avg reward: -16.65	Avg steps: 842
2020-07-06 19:39:06,170	INFO	Total steps: 309549	Episode: 440/689	Avg reward: -17.55	Avg steps: 781
2020-07-06 19:46:47,824	INFO	Total steps: 325811	Episode: 460/740	Avg reward: -17.90	Avg steps: 812
2020-07-06 19:55:44,338	INFO	Total steps: 343676	Episode: 480/828	Avg reward: -16.65	Avg steps: 892
2020-07-06 20:05:15,803	INFO	Total steps: 362642	Episode: 500/912	Avg reward: -15.75	Avg steps: 947
2020-07-06 20:13:44,584	INFO	Total steps: 380779	Episode: 520/812	Avg reward: -16.60	Avg steps: 905
2020-07-06 20:23:19,489	INFO	Total steps: 400732	Episode: 540/1004	Avg reward: -15.95	Avg steps: 996
2020-07-06 20:32:18,067	INFO	Total steps: 418104	Episode: 560/1289	Avg reward: -16.45	Avg steps: 867
2020-07-06 20:43:06,839	INFO	Total steps: 438897	Episode: 580/923	Avg reward: -15.10	Avg steps: 1038
2020-07-06 20:52:27,849	INFO	Total steps: 456875	Episode: 600/877	Avg reward: -16.65	Avg steps: 897
2020-07-06 21:03:37,896	INFO	Total steps: 478216	Episode: 620/952	Avg reward: -15.10	Avg steps: 1066
2020-07-06 21:14:00,432	INFO	Total steps: 498136	Episode: 640/533	Avg reward: -15.40	Avg steps: 995
2020-07-06 21:24:41,673	INFO	Total steps: 518599	Episode: 660/1161	Avg reward: -15.25	Avg steps: 1022
2020-07-06 21:34:20,913	INFO	Total steps: 537051	Episode: 680/813	Avg reward: -15.60	Avg steps: 921
2020-07-06 21:45:19,128	INFO	Total steps: 557929	Episode: 700/1047	Avg reward: -14.85	Avg steps: 1042
2020-07-06 21:57:00,909	INFO	Total steps: 580207	Episode: 720/1902	Avg reward: -14.50	Avg steps: 1112
2020-07-06 22:09:11,704	INFO	Total steps: 603418	Episode: 740/1387	Avg reward: -14.15	Avg steps: 1159
2020-07-06 22:21:17,721	INFO	Total steps: 626434	Episode: 760/1262	Avg reward: -14.70	Avg steps: 1149
2020-07-06 22:32:40,255	INFO	Total steps: 648262	Episode: 780/1557	Avg reward: -14.55	Avg steps: 1090
2020-07-06 22:43:57,498	INFO	Total steps: 669907	Episode: 800/1159	Avg reward: -14.25	Avg steps: 1081
2020-07-06 22:57:15,027	INFO	Total steps: 695412	Episode: 820/1984	Avg reward: -12.35	Avg steps: 1274
2020-07-06 23:09:56,445	INFO	Total steps: 719703	Episode: 840/1796	Avg reward: -12.95	Avg steps: 1213
2020-07-06 23:23:27,968	INFO	Total steps: 745591	Episode: 860/1660	Avg reward: -12.95	Avg steps: 1293
2020-07-06 23:38:21,804	INFO	Total steps: 774021	Episode: 880/1360	Avg reward: -12.50	Avg steps: 1420
2020-07-06 23:51:35,663	INFO	Total steps: 799295	Episode: 900/1478	Avg reward: -12.00	Avg steps: 1262
2020-07-07 00:06:59,886	INFO	Total steps: 828644	Episode: 920/1785	Avg reward: -11.45	Avg steps: 1466
2020-07-07 00:22:39,203	INFO	Total steps: 858440	Episode: 940/2129	Avg reward: -11.20	Avg steps: 1488
2020-07-07 00:38:10,622	INFO	Total steps: 888027	Episode: 960/1658	Avg reward: -11.00	Avg steps: 1478
2020-07-07 00:52:59,051	INFO	Total steps: 916213	Episode: 980/1562	Avg reward: -11.70	Avg steps: 1408
2020-07-07 01:10:34,541	INFO	Total steps: 949551	Episode: 1000/1215	Avg reward: -9.55	Avg steps: 1665
2020-07-07 01:25:59,028	INFO	Total steps: 978680	Episode: 1020/1576	Avg reward: -10.85	Avg steps: 1455
2020-07-07 01:42:32,972	INFO	Total steps: 1009794	Episode: 1040/1207	Avg reward: -10.30	Avg steps: 1554
2020-07-07 01:59:52,192	INFO	Total steps: 1042362	Episode: 1060/1691	Avg reward: -9.15	Avg steps: 1627
2020-07-07 02:19:39,304	INFO	Total steps: 1079496	Episode: 1080/1410	Avg reward: -8.00	Avg steps: 1855
2020-07-07 02:38:01,473	INFO	Total steps: 1114125	Episode: 1100/1510	Avg reward: -8.35	Avg steps: 1730
2020-07-07 02:58:04,839	INFO	Total steps: 1151833	Episode: 1120/1855	Avg reward: -7.35	Avg steps: 1884
2020-07-07 03:17:45,734	INFO	Total steps: 1189011	Episode: 1140/1209	Avg reward: -7.95	Avg steps: 1857
2020-07-07 03:34:36,801	INFO	Total steps: 1220673	Episode: 1160/1159	Avg reward: -9.50	Avg steps: 1582
2020-07-07 03:54:07,879	INFO	Total steps: 1257516	Episode: 1180/2360	Avg reward: -6.75	Avg steps: 1841
2020-07-07 04:13:59,445	INFO	Total steps: 1294839	Episode: 1200/2065	Avg reward: -6.75	Avg steps: 1865
2020-07-07 04:33:23,632	INFO	Total steps: 1331293	Episode: 1220/2022	Avg reward: -7.85	Avg steps: 1821
2020-07-07 04:53:08,158	INFO	Total steps: 1368435	Episode: 1240/2470	Avg reward: -6.40	Avg steps: 1856
2020-07-07 05:14:33,425	INFO	Total steps: 1408662	Episode: 1260/1705	Avg reward: -6.00	Avg steps: 2010
2020-07-07 05:35:00,405	INFO	Total steps: 1447371	Episode: 1280/2042	Avg reward: -6.05	Avg steps: 1934
2020-07-07 05:55:51,386	INFO	Total steps: 1486801	Episode: 1300/1655	Avg reward: -6.05	Avg steps: 1970
2020-07-07 06:17:43,571	INFO	Total steps: 1528107	Episode: 1320/2251	Avg reward: -5.30	Avg steps: 2064
2020-07-07 06:36:50,166	INFO	Total steps: 1564473	Episode: 1340/2404	Avg reward: -7.10	Avg steps: 1817
2020-07-07 06:59:31,782	INFO	Total steps: 1607385	Episode: 1360/1895	Avg reward: -3.95	Avg steps: 2144
2020-07-07 07:21:22,135	INFO	Total steps: 1649279	Episode: 1380/2245	Avg reward: -2.30	Avg steps: 2093
2020-07-07 07:44:25,132	INFO	Total steps: 1694072	Episode: 1400/2602	Avg reward: -2.90	Avg steps: 2238
2020-07-07 08:07:22,194	INFO	Total steps: 1737665	Episode: 1420/2589	Avg reward: -2.35	Avg steps: 2178
2020-07-07 08:29:01,974	INFO	Total steps: 1778448	Episode: 1440/1888	Avg reward: -4.90	Avg steps: 2038
2020-07-07 08:52:12,245	INFO	Total steps: 1822251	Episode: 1460/2197	Avg reward: -0.50	Avg steps: 2189
2020-07-07 09:15:10,260	INFO	Total steps: 1865555	Episode: 1480/1600	Avg reward: -1.15	Avg steps: 2164
2020-07-07 09:38:55,321	INFO	Total steps: 1910364	Episode: 1500/2008	Avg reward: 0.85	Avg steps: 2239
2020-07-07 10:03:19,968	INFO	Total steps: 1956247	Episode: 1520/2371	Avg reward: 2.55	Avg steps: 2293
2020-07-07 10:26:41,731	INFO	Total steps: 2000354	Episode: 1540/2200	Avg reward: 5.70	Avg steps: 2204
2020-07-07 10:48:38,363	INFO	Total steps: 2041732	Episode: 1560/1571	Avg reward: 1.90	Avg steps: 2067
2020-07-07 11:13:07,983	INFO	Total steps: 2087965	Episode: 1580/2379	Avg reward: 0.55	Avg steps: 2310
2020-07-07 11:37:52,701	INFO	Total steps: 2134633	Episode: 1600/2046	Avg reward: 1.45	Avg steps: 2332
2020-07-07 12:02:11,382	INFO	Total steps: 2180548	Episode: 1620/2191	Avg reward: 3.80	Avg steps: 2294
2020-07-07 12:27:14,715	INFO	Total steps: 2227823	Episode: 1640/2042	Avg reward: 0.30	Avg steps: 2362
2020-07-07 12:51:40,224	INFO	Total steps: 2273798	Episode: 1660/1864	Avg reward: 4.75	Avg steps: 2297
2020-07-07 13:15:31,267	INFO	Total steps: 2318558	Episode: 1680/1835	Avg reward: 5.95	Avg steps: 2237
2020-07-07 13:39:15,495	INFO	Total steps: 2363350	Episode: 1700/2722	Avg reward: 5.65	Avg steps: 2238
2020-07-07 14:05:18,759	INFO	Total steps: 2412391	Episode: 1720/1962	Avg reward: 5.25	Avg steps: 2451
2020-07-07 14:28:44,734	INFO	Total steps: 2456440	Episode: 1740/1934	Avg reward: 6.85	Avg steps: 2201
2020-07-07 14:52:17,621	INFO	Total steps: 2500655	Episode: 1760/2593	Avg reward: 5.35	Avg steps: 2209
2020-07-07 15:15:48,084	INFO	Total steps: 2544698	Episode: 1780/2131	Avg reward: 5.65	Avg steps: 2201
2020-07-07 15:39:06,817	INFO	Total steps: 2588529	Episode: 1800/2503	Avg reward: 5.30	Avg steps: 2190
2020-07-07 16:03:37,160	INFO	Total steps: 2634564	Episode: 1820/2320	Avg reward: 5.90	Avg steps: 2300
2020-07-07 16:29:03,596	INFO	Total steps: 2682149	Episode: 1840/2752	Avg reward: 5.25	Avg steps: 2378
2020-07-07 16:53:58,478	INFO	Total steps: 2728713	Episode: 1860/1739	Avg reward: 5.95	Avg steps: 2327
2020-07-07 17:18:02,732	INFO	Total steps: 2773805	Episode: 1880/1909	Avg reward: 5.65	Avg steps: 2253
2020-07-07 17:43:19,091	INFO	Total steps: 2820882	Episode: 1900/2195	Avg reward: 6.80	Avg steps: 2352
2020-07-07 18:05:49,147	INFO	Total steps: 2864722	Episode: 1920/1902	Avg reward: 9.35	Avg steps: 2191
2020-07-07 18:26:32,979	INFO	Total steps: 2910267	Episode: 1940/1742	Avg reward: 7.85	Avg steps: 2276
2020-07-07 18:47:10,918	INFO	Total steps: 2955052	Episode: 1960/2224	Avg reward: 9.80	Avg steps: 2238
2020-07-07 19:11:38,504	INFO	Total steps: 3000181	Episode: 1980/2575	Avg reward: 9.05	Avg steps: 2255
2020-07-07 19:36:04,269	INFO	Total steps: 3045212	Episode: 2000/1960	Avg reward: 9.10	Avg steps: 2250
2020-07-07 19:59:06,174	INFO	Total steps: 3087847	Episode: 2020/2280	Avg reward: 10.20	Avg steps: 2130
2020-07-07 20:21:19,570	INFO	Total steps: 3128990	Episode: 2040/2422	Avg reward: 10.40	Avg steps: 2056
2020-07-07 20:43:43,117	INFO	Total steps: 3169906	Episode: 2060/1627	Avg reward: 10.80	Avg steps: 2044
2020-07-07 21:06:24,211	INFO	Total steps: 3211788	Episode: 2080/2779	Avg reward: 10.00	Avg steps: 2093
2020-07-07 21:29:38,855	INFO	Total steps: 3251912	Episode: 2100/1747	Avg reward: 11.10	Avg steps: 2005
2020-07-07 21:53:59,468	INFO	Total steps: 3296484	Episode: 2120/2145	Avg reward: 10.90	Avg steps: 2227
2020-07-07 22:18:55,406	INFO	Total steps: 3341976	Episode: 2140/2348	Avg reward: 8.65	Avg steps: 2273
2020-07-07 22:42:20,206	INFO	Total steps: 3384776	Episode: 2160/1895	Avg reward: 11.85	Avg steps: 2139
2020-07-07 23:06:19,554	INFO	Total steps: 3428599	Episode: 2180/1670	Avg reward: 9.90	Avg steps: 2190
2020-07-07 23:29:12,200	INFO	Total steps: 3470497	Episode: 2200/2001	Avg reward: 11.30	Avg steps: 2093
2020-07-07 23:52:10,835	INFO	Total steps: 3512286	Episode: 2220/1893	Avg reward: 9.00	Avg steps: 2088
2020-07-08 00:16:04,326	INFO	Total steps: 3555883	Episode: 2240/1605	Avg reward: 10.45	Avg steps: 2178
2020-07-08 00:39:34,413	INFO	Total steps: 3598536	Episode: 2260/1749	Avg reward: 11.35	Avg steps: 2131
2020-07-08 01:02:17,733	INFO	Total steps: 3640010	Episode: 2280/2386	Avg reward: 11.25	Avg steps: 2072
2020-07-08 01:25:50,054	INFO	Total steps: 3682812	Episode: 2300/1820	Avg reward: 10.50	Avg steps: 2139
2020-07-08 01:47:26,490	INFO	Total steps: 3722113	Episode: 2320/2561	Avg reward: 10.65	Avg steps: 1964
2020-07-08 02:11:09,484	INFO	Total steps: 3765250	Episode: 2340/2347	Avg reward: 12.15	Avg steps: 2155
2020-07-08 02:33:58,059	INFO	Total steps: 3806456	Episode: 2360/2481	Avg reward: 13.05	Avg steps: 2059
2020-07-08 02:56:58,477	INFO	Total steps: 3848098	Episode: 2380/2055	Avg reward: 13.10	Avg steps: 2081
2020-07-08 03:20:09,855	INFO	Total steps: 3890122	Episode: 2400/1921	Avg reward: 13.00	Avg steps: 2100
2020-07-08 03:41:57,555	INFO	Total steps: 3930217	Episode: 2420/2193	Avg reward: 13.40	Avg steps: 2003
2020-07-08 04:04:11,139	INFO	Total steps: 3970989	Episode: 2440/2533	Avg reward: 12.35	Avg steps: 2037
2020-07-08 04:25:33,687	INFO	Total steps: 4010370	Episode: 2460/2020	Avg reward: 13.75	Avg steps: 1968
2020-07-08 04:47:09,559	INFO	Total steps: 4050385	Episode: 2480/1792	Avg reward: 13.95	Avg steps: 1999
2020-07-08 05:08:48,945	INFO	Total steps: 4090612	Episode: 2500/1927	Avg reward: 13.85	Avg steps: 2010
2020-07-08 05:29:32,539	INFO	Total steps: 4129186	Episode: 2520/1775	Avg reward: 13.00	Avg steps: 1927
2020-07-08 05:51:15,457	INFO	Total steps: 4169657	Episode: 2540/1822	Avg reward: 12.70	Avg steps: 2022
2020-07-08 06:13:50,522	INFO	Total steps: 4211832	Episode: 2560/2056	Avg reward: 13.80	Avg steps: 2107
2020-07-08 06:36:33,948	INFO	Total steps: 4253853	Episode: 2580/1829	Avg reward: 14.20	Avg steps: 2100
2020-07-08 06:58:44,658	INFO	Total steps: 4294623	Episode: 2600/1959	Avg reward: 14.20	Avg steps: 2037
2020-07-08 07:21:20,753	INFO	Total steps: 4336356	Episode: 2620/2373	Avg reward: 13.40	Avg steps: 2085
2020-07-08 07:42:33,232	INFO	Total steps: 4375580	Episode: 2640/2179	Avg reward: 14.15	Avg steps: 1960
2020-07-08 08:03:50,139	INFO	Total steps: 4415043	Episode: 2660/1820	Avg reward: 14.30	Avg steps: 1972
2020-07-08 08:26:05,368	INFO	Total steps: 4455988	Episode: 2680/2301	Avg reward: 14.65	Avg steps: 2046
2020-07-08 08:49:25,552	INFO	Total steps: 4498935	Episode: 2700/2460	Avg reward: 13.40	Avg steps: 2146
2020-07-08 09:11:26,220	INFO	Total steps: 4540074	Episode: 2720/2095	Avg reward: 13.05	Avg steps: 2055
2020-07-08 09:33:13,867	INFO	Total steps: 4580116	Episode: 2740/1677	Avg reward: 14.90	Avg steps: 2001
2020-07-08 09:54:45,051	INFO	Total steps: 4619611	Episode: 2760/1762	Avg reward: 14.45	Avg steps: 1973
2020-07-08 10:16:08,792	INFO	Total steps: 4659077	Episode: 2780/2079	Avg reward: 14.45	Avg steps: 1972
2020-07-08 10:38:55,992	INFO	Total steps: 4700713	Episode: 2800/1776	Avg reward: 13.15	Avg steps: 2080
2020-07-08 11:02:31,633	INFO	Total steps: 4743311	Episode: 2820/2153	Avg reward: 13.85	Avg steps: 2128
2020-07-08 11:24:46,709	INFO	Total steps: 4783650	Episode: 2840/2494	Avg reward: 14.30	Avg steps: 2015
2020-07-08 11:46:56,330	INFO	Total steps: 4823638	Episode: 2860/1640	Avg reward: 13.90	Avg steps: 1998
2020-07-08 12:10:52,198	INFO	Total steps: 4866856	Episode: 2880/2276	Avg reward: 13.20	Avg steps: 2159
2020-07-08 12:32:39,615	INFO	Total steps: 4906182	Episode: 2900/2019	Avg reward: 14.85	Avg steps: 1965
2020-07-08 12:57:24,795	INFO	Total steps: 4949391	Episode: 2920/3019	Avg reward: 14.20	Avg steps: 2159
2020-07-08 13:16:05,150	INFO	Total steps: 4987686	Episode: 2940/1762	Avg reward: 14.60	Avg steps: 1913
2020-07-08 13:37:29,177	INFO	Total steps: 5027970	Episode: 2960/2108	Avg reward: 14.40	Avg steps: 2013
2020-07-08 13:57:56,604	INFO	Total steps: 5068477	Episode: 2980/1681	Avg reward: 14.45	Avg steps: 2024
2020-07-08 14:13:20,254	INFO	Total steps: 5106763	Episode: 3000/1961	Avg reward: 15.90	Avg steps: 1913
2020-07-08 14:52:23,161	INFO	Total steps: 5149815	Episode: 3020/2822	Avg reward: 12.70	Avg steps: 2151
2020-07-08 15:16:25,306	INFO	Total steps: 5193307	Episode: 3040/2103	Avg reward: 13.65	Avg steps: 2173
2020-07-08 15:40:03,399	INFO	Total steps: 5235930	Episode: 3060/2320	Avg reward: 12.50	Avg steps: 2130
2020-07-08 16:03:59,888	INFO	Total steps: 5279136	Episode: 3080/1578	Avg reward: 12.70	Avg steps: 2159
2020-07-08 16:27:30,162	INFO	Total steps: 5321404	Episode: 3100/2435	Avg reward: 14.50	Avg steps: 2112
2020-07-08 16:50:51,262	INFO	Total steps: 5363436	Episode: 3120/1941	Avg reward: 12.80	Avg steps: 2100
2020-07-08 17:11:52,010	INFO	Total steps: 5401167	Episode: 3140/2145	Avg reward: 14.15	Avg steps: 1885
2020-07-08 17:34:04,634	INFO	Total steps: 5441228	Episode: 3160/2567	Avg reward: 13.95	Avg steps: 2002
2020-07-08 17:57:49,528	INFO	Total steps: 5484012	Episode: 3180/2178	Avg reward: 13.35	Avg steps: 2138
2020-07-08 18:19:03,184	INFO	Total steps: 5522234	Episode: 3200/2665	Avg reward: 14.85	Avg steps: 1910
2020-07-08 18:42:49,937	INFO	Total steps: 5565050	Episode: 3220/1882	Avg reward: 12.45	Avg steps: 2139
2020-07-08 19:05:10,009	INFO	Total steps: 5605164	Episode: 3240/2070	Avg reward: 14.05	Avg steps: 2004
2020-07-08 19:27:23,012	INFO	Total steps: 5645118	Episode: 3260/1937	Avg reward: 14.00	Avg steps: 1996
2020-07-08 19:48:17,166	INFO	Total steps: 5682716	Episode: 3280/1380	Avg reward: 13.95	Avg steps: 1878
2020-07-08 20:11:09,577	INFO	Total steps: 5723707	Episode: 3300/1766	Avg reward: 13.95	Avg steps: 2048
2020-07-08 20:31:31,246	INFO	Total steps: 5760359	Episode: 3320/1916	Avg reward: 14.55	Avg steps: 1831
2020-07-08 20:51:36,727	INFO	Total steps: 5796390	Episode: 3340/1535	Avg reward: 14.95	Avg steps: 1800
2020-07-08 21:12:57,769	INFO	Total steps: 5834699	Episode: 3360/2158	Avg reward: 14.25	Avg steps: 1914
2020-07-08 21:33:49,628	INFO	Total steps: 5872195	Episode: 3380/1440	Avg reward: 15.00	Avg steps: 1873
2020-07-08 21:55:58,687	INFO	Total steps: 5912184	Episode: 3400/2082	Avg reward: 14.15	Avg steps: 1998
2020-07-08 22:16:58,069	INFO	Total steps: 5950441	Episode: 3420/1588	Avg reward: 14.10	Avg steps: 1911
2020-07-08 22:37:27,021	INFO	Total steps: 5987855	Episode: 3440/2063	Avg reward: 15.15	Avg steps: 1869
2020-07-08 22:59:14,983	INFO	Total steps: 6027565	Episode: 3460/1814	Avg reward: 15.55	Avg steps: 1984
2020-07-08 23:21:38,766	INFO	Total steps: 6068360	Episode: 3480/1790	Avg reward: 14.60	Avg steps: 2038
2020-07-08 23:42:14,678	INFO	Total steps: 6106596	Episode: 3500/2339	Avg reward: 13.80	Avg steps: 1910
2020-07-09 00:01:38,682	INFO	Total steps: 6144015	Episode: 3520/2126	Avg reward: 14.70	Avg steps: 1869
2020-07-09 00:17:59,619	INFO	Total steps: 6183313	Episode: 3540/1973	Avg reward: 14.95	Avg steps: 1963
2020-07-09 00:32:55,645	INFO	Total steps: 6221560	Episode: 3560/2038	Avg reward: 15.15	Avg steps: 1911
2020-07-09 00:48:25,099	INFO	Total steps: 6260861	Episode: 3580/2052	Avg reward: 14.45	Avg steps: 1964
2020-07-09 01:03:51,018	INFO	Total steps: 6300299	Episode: 3600/1806	Avg reward: 14.70	Avg steps: 1970
2020-07-09 01:18:16,140	INFO	Total steps: 6337342	Episode: 3620/1718	Avg reward: 15.20	Avg steps: 1851
2020-07-09 01:33:40,186	INFO	Total steps: 6376535	Episode: 3640/2231	Avg reward: 14.90	Avg steps: 1958
2020-07-09 01:48:31,541	INFO	Total steps: 6414741	Episode: 3660/1726	Avg reward: 15.05	Avg steps: 1909
2020-07-09 02:04:01,433	INFO	Total steps: 6454322	Episode: 3680/2258	Avg reward: 15.85	Avg steps: 1978
2020-07-09 02:18:47,565	INFO	Total steps: 6491999	Episode: 3700/1836	Avg reward: 15.25	Avg steps: 1882
2020-07-09 02:34:32,517	INFO	Total steps: 6532411	Episode: 3720/1588	Avg reward: 15.30	Avg steps: 2019
2020-07-09 02:50:08,814	INFO	Total steps: 6570079	Episode: 3740/1438	Avg reward: 15.90	Avg steps: 1882
2020-07-09 03:05:27,841	INFO	Total steps: 6608610	Episode: 3760/1957	Avg reward: 14.65	Avg steps: 1925
2020-07-09 03:21:53,437	INFO	Total steps: 6650532	Episode: 3780/2331	Avg reward: 15.25	Avg steps: 2095
2020-07-09 03:36:48,821	INFO	Total steps: 6688828	Episode: 3800/1693	Avg reward: 15.10	Avg steps: 1913
2020-07-09 03:52:10,338	INFO	Total steps: 6728323	Episode: 3820/1917	Avg reward: 14.85	Avg steps: 1973
2020-07-09 04:07:25,786	INFO	Total steps: 6767386	Episode: 3840/2199	Avg reward: 15.80	Avg steps: 1952
2020-07-09 04:23:12,944	INFO	Total steps: 6807466	Episode: 3860/1747	Avg reward: 15.00	Avg steps: 2003
2020-07-09 04:37:27,854	INFO	Total steps: 6843882	Episode: 3880/1725	Avg reward: 15.95	Avg steps: 1819
2020-07-09 04:52:29,671	INFO	Total steps: 6882124	Episode: 3900/1860	Avg reward: 15.30	Avg steps: 1911
2020-07-09 05:07:52,333	INFO	Total steps: 6921328	Episode: 3920/1439	Avg reward: 14.70	Avg steps: 1959
2020-07-09 05:22:55,572	INFO	Total steps: 6959817	Episode: 3940/1735	Avg reward: 15.05	Avg steps: 1923
2020-07-09 05:37:11,309	INFO	Total steps: 6996217	Episode: 3960/1662	Avg reward: 15.60	Avg steps: 1819
2020-07-09 05:52:58,405	INFO	Total steps: 7036511	Episode: 3980/1625	Avg reward: 14.65	Avg steps: 2013
2020-07-09 06:08:16,649	INFO	Total steps: 7075690	Episode: 4000/1437	Avg reward: 15.00	Avg steps: 1957
