2020-07-01 22:21:14,494	INFO	--width 160 --height 160 --ball 1.0 --ball-size 2.0 --snell 1.0 --snell-width 80.0 --snell-change 0.0 --snell-visible none --paddle-speed 1.0 --paddle-angle 60.0 --paddle-length 20.0 --update-prob 0.2 --state binary --learning-rate 0.0001 --network dqn_pong_model --render False --epsdecay 1000 --episodes 4000 --replay 10000 --checkpoint dqn_pong_model --history history.p --store-dir ../experiments/snell_width.80.0-paddle_length.20.0-paddle_angle.60.0-update_prob.0.2 
2020-07-01 22:21:14,495	INFO	Device: cuda
2020-07-01 22:24:08,558	INFO	Total steps: 13477	Episode: 20/730	Avg reward: -18.05	Avg steps: 672
2020-07-01 22:32:59,522	INFO	Total steps: 29206	Episode: 40/957	Avg reward: -16.65	Avg steps: 785
2020-07-01 22:42:00,251	INFO	Total steps: 45306	Episode: 60/1021	Avg reward: -17.15	Avg steps: 804
2020-07-01 22:50:59,007	INFO	Total steps: 61318	Episode: 80/591	Avg reward: -17.15	Avg steps: 799
2020-07-01 22:59:20,138	INFO	Total steps: 76299	Episode: 100/933	Avg reward: -17.30	Avg steps: 748
2020-07-01 23:07:44,881	INFO	Total steps: 91310	Episode: 120/920	Avg reward: -16.95	Avg steps: 749
2020-07-01 23:20:32,949	INFO	Total steps: 106755	Episode: 140/708	Avg reward: -17.35	Avg steps: 771
2020-07-01 23:27:20,122	INFO	Total steps: 121591	Episode: 160/718	Avg reward: -17.15	Avg steps: 740
2020-07-01 23:34:58,540	INFO	Total steps: 138259	Episode: 180/912	Avg reward: -17.00	Avg steps: 832
2020-07-01 23:42:37,756	INFO	Total steps: 154892	Episode: 200/898	Avg reward: -16.60	Avg steps: 830
2020-07-01 23:51:14,242	INFO	Total steps: 173559	Episode: 220/827	Avg reward: -15.15	Avg steps: 932
2020-07-01 23:58:37,464	INFO	Total steps: 189594	Episode: 240/711	Avg reward: -16.70	Avg steps: 800
2020-07-02 00:05:43,513	INFO	Total steps: 205037	Episode: 260/638	Avg reward: -16.10	Avg steps: 771
2020-07-02 00:13:01,450	INFO	Total steps: 220920	Episode: 280/1282	Avg reward: -16.25	Avg steps: 793
2020-07-02 00:21:46,994	INFO	Total steps: 240045	Episode: 300/856	Avg reward: -14.85	Avg steps: 955
2020-07-02 00:30:03,502	INFO	Total steps: 258092	Episode: 320/1044	Avg reward: -15.40	Avg steps: 901
2020-07-02 00:37:51,543	INFO	Total steps: 275030	Episode: 340/735	Avg reward: -15.30	Avg steps: 845
2020-07-02 00:45:15,812	INFO	Total steps: 291177	Episode: 360/874	Avg reward: -16.05	Avg steps: 806
2020-07-02 00:54:32,380	INFO	Total steps: 311270	Episode: 380/528	Avg reward: -13.60	Avg steps: 1003
2020-07-02 01:03:21,361	INFO	Total steps: 330373	Episode: 400/1201	Avg reward: -14.30	Avg steps: 954
2020-07-02 01:12:06,103	INFO	Total steps: 349305	Episode: 420/722	Avg reward: -14.20	Avg steps: 945
2020-07-02 01:20:29,860	INFO	Total steps: 367479	Episode: 440/1063	Avg reward: -14.50	Avg steps: 907
2020-07-02 01:29:20,127	INFO	Total steps: 386782	Episode: 460/1348	Avg reward: -13.85	Avg steps: 964
2020-07-02 01:38:08,395	INFO	Total steps: 406044	Episode: 480/1002	Avg reward: -14.40	Avg steps: 962
2020-07-02 01:48:35,728	INFO	Total steps: 428843	Episode: 500/1343	Avg reward: -13.20	Avg steps: 1138
2020-07-02 01:59:03,472	INFO	Total steps: 451621	Episode: 520/727	Avg reward: -13.00	Avg steps: 1137
2020-07-02 02:09:30,545	INFO	Total steps: 474409	Episode: 540/1038	Avg reward: -11.75	Avg steps: 1138
2020-07-02 02:18:41,984	INFO	Total steps: 494462	Episode: 560/897	Avg reward: -14.05	Avg steps: 1001
2020-07-02 02:27:54,256	INFO	Total steps: 514602	Episode: 580/1071	Avg reward: -14.50	Avg steps: 1006
2020-07-02 02:36:59,194	INFO	Total steps: 534494	Episode: 600/652	Avg reward: -14.00	Avg steps: 993
2020-07-02 02:46:57,594	INFO	Total steps: 556320	Episode: 620/1001	Avg reward: -12.45	Avg steps: 1090
2020-07-02 02:56:14,127	INFO	Total steps: 576564	Episode: 640/1160	Avg reward: -13.40	Avg steps: 1011
2020-07-02 03:06:46,446	INFO	Total steps: 599643	Episode: 660/1032	Avg reward: -11.30	Avg steps: 1152
2020-07-02 03:18:12,418	INFO	Total steps: 624642	Episode: 680/1698	Avg reward: -10.45	Avg steps: 1248
2020-07-02 03:29:10,712	INFO	Total steps: 648555	Episode: 700/1163	Avg reward: -11.70	Avg steps: 1194
2020-07-02 03:39:14,301	INFO	Total steps: 670502	Episode: 720/1154	Avg reward: -12.35	Avg steps: 1096
2020-07-02 03:49:49,111	INFO	Total steps: 693529	Episode: 740/1267	Avg reward: -11.45	Avg steps: 1150
2020-07-02 04:01:00,734	INFO	Total steps: 717867	Episode: 760/1452	Avg reward: -11.85	Avg steps: 1215
2020-07-02 04:11:27,293	INFO	Total steps: 740604	Episode: 780/1038	Avg reward: -11.70	Avg steps: 1135
2020-07-02 04:22:30,614	INFO	Total steps: 764759	Episode: 800/1101	Avg reward: -11.50	Avg steps: 1206
2020-07-02 04:33:57,187	INFO	Total steps: 789653	Episode: 820/1590	Avg reward: -10.65	Avg steps: 1243
2020-07-02 04:46:21,946	INFO	Total steps: 816664	Episode: 840/1307	Avg reward: -9.05	Avg steps: 1349
2020-07-02 04:57:05,791	INFO	Total steps: 839987	Episode: 860/973	Avg reward: -10.65	Avg steps: 1165
2020-07-02 05:09:05,746	INFO	Total steps: 866084	Episode: 880/1025	Avg reward: -8.60	Avg steps: 1303
2020-07-02 05:23:16,027	INFO	Total steps: 896990	Episode: 900/1665	Avg reward: -5.20	Avg steps: 1544
2020-07-02 05:37:24,308	INFO	Total steps: 927398	Episode: 920/1718	Avg reward: -4.40	Avg steps: 1519
2020-07-02 05:52:09,230	INFO	Total steps: 958974	Episode: 940/1552	Avg reward: -4.90	Avg steps: 1577
2020-07-02 06:06:33,515	INFO	Total steps: 989298	Episode: 960/1437	Avg reward: -6.80	Avg steps: 1515
2020-07-02 06:20:41,299	INFO	Total steps: 1019386	Episode: 980/1015	Avg reward: -7.95	Avg steps: 1503
2020-07-02 06:35:18,744	INFO	Total steps: 1050674	Episode: 1000/1120	Avg reward: -5.95	Avg steps: 1563
2020-07-02 06:51:10,856	INFO	Total steps: 1084216	Episode: 1020/1959	Avg reward: -3.45	Avg steps: 1676
2020-07-02 07:08:33,651	INFO	Total steps: 1121368	Episode: 1040/2548	Avg reward: -0.35	Avg steps: 1856
2020-07-02 07:23:54,598	INFO	Total steps: 1154035	Episode: 1060/1826	Avg reward: -3.20	Avg steps: 1632
2020-07-02 07:39:30,546	INFO	Total steps: 1187090	Episode: 1080/1245	Avg reward: -3.40	Avg steps: 1651
2020-07-02 07:57:08,298	INFO	Total steps: 1224119	Episode: 1100/1380	Avg reward: -1.40	Avg steps: 1850
2020-07-02 08:12:49,033	INFO	Total steps: 1257785	Episode: 1120/2057	Avg reward: -3.20	Avg steps: 1682
2020-07-02 08:29:00,280	INFO	Total steps: 1292549	Episode: 1140/1943	Avg reward: -1.60	Avg steps: 1737
2020-07-02 08:46:47,082	INFO	Total steps: 1330343	Episode: 1160/1813	Avg reward: 3.45	Avg steps: 1888
2020-07-02 09:04:01,696	INFO	Total steps: 1367615	Episode: 1180/2075	Avg reward: 3.90	Avg steps: 1862
2020-07-02 09:21:29,778	INFO	Total steps: 1404743	Episode: 1200/2061	Avg reward: 3.80	Avg steps: 1855
2020-07-02 09:38:54,113	INFO	Total steps: 1441469	Episode: 1220/1933	Avg reward: 1.05	Avg steps: 1835
2020-07-02 09:56:23,283	INFO	Total steps: 1478838	Episode: 1240/2048	Avg reward: 1.10	Avg steps: 1867
2020-07-02 10:14:33,880	INFO	Total steps: 1517403	Episode: 1260/1946	Avg reward: 0.95	Avg steps: 1927
2020-07-02 10:31:16,470	INFO	Total steps: 1552732	Episode: 1280/1738	Avg reward: 2.65	Avg steps: 1765
2020-07-02 10:48:08,824	INFO	Total steps: 1588333	Episode: 1300/1553	Avg reward: 4.25	Avg steps: 1779
2020-07-02 11:07:14,667	INFO	Total steps: 1628897	Episode: 1320/2439	Avg reward: 2.65	Avg steps: 2027
2020-07-02 11:24:40,921	INFO	Total steps: 1666012	Episode: 1340/2117	Avg reward: 3.30	Avg steps: 1854
2020-07-02 11:42:09,975	INFO	Total steps: 1703386	Episode: 1360/1575	Avg reward: 3.55	Avg steps: 1867
2020-07-02 11:59:37,950	INFO	Total steps: 1740159	Episode: 1380/1726	Avg reward: 3.30	Avg steps: 1837
2020-07-02 12:15:55,703	INFO	Total steps: 1774388	Episode: 1400/1542	Avg reward: 6.15	Avg steps: 1710
2020-07-02 12:33:12,912	INFO	Total steps: 1810927	Episode: 1420/1447	Avg reward: 2.40	Avg steps: 1825
2020-07-02 12:50:26,719	INFO	Total steps: 1847367	Episode: 1440/1841	Avg reward: 5.65	Avg steps: 1821
2020-07-02 13:07:26,982	INFO	Total steps: 1883473	Episode: 1460/1622	Avg reward: 6.35	Avg steps: 1804
2020-07-02 13:23:40,379	INFO	Total steps: 1918311	Episode: 1480/1521	Avg reward: 6.90	Avg steps: 1740
2020-07-02 13:40:44,394	INFO	Total steps: 1954917	Episode: 1500/1625	Avg reward: 7.30	Avg steps: 1829
2020-07-02 13:56:48,850	INFO	Total steps: 1989434	Episode: 1520/1451	Avg reward: 8.50	Avg steps: 1724
2020-07-02 14:14:04,011	INFO	Total steps: 2026174	Episode: 1540/1806	Avg reward: 7.65	Avg steps: 1836
2020-07-02 14:31:16,303	INFO	Total steps: 2062769	Episode: 1560/1641	Avg reward: 9.55	Avg steps: 1828
2020-07-02 14:47:44,915	INFO	Total steps: 2097795	Episode: 1580/1828	Avg reward: 9.95	Avg steps: 1750
2020-07-02 15:04:27,775	INFO	Total steps: 2133001	Episode: 1600/1745	Avg reward: 8.90	Avg steps: 1759
2020-07-02 15:20:24,750	INFO	Total steps: 2167127	Episode: 1620/1882	Avg reward: 9.10	Avg steps: 1705
2020-07-02 15:37:21,379	INFO	Total steps: 2202697	Episode: 1640/1734	Avg reward: 9.60	Avg steps: 1777
2020-07-02 15:53:32,373	INFO	Total steps: 2236496	Episode: 1660/2186	Avg reward: 8.85	Avg steps: 1688
2020-07-02 16:10:14,329	INFO	Total steps: 2271366	Episode: 1680/1683	Avg reward: 9.95	Avg steps: 1742
2020-07-02 16:26:36,734	INFO	Total steps: 2306019	Episode: 1700/1586	Avg reward: 10.15	Avg steps: 1731
2020-07-02 16:44:04,607	INFO	Total steps: 2342703	Episode: 1720/2430	Avg reward: 8.55	Avg steps: 1833
2020-07-02 17:00:18,999	INFO	Total steps: 2376255	Episode: 1740/2108	Avg reward: 12.70	Avg steps: 1676
2020-07-02 17:16:49,593	INFO	Total steps: 2410462	Episode: 1760/1788	Avg reward: 11.65	Avg steps: 1709
2020-07-02 17:33:45,276	INFO	Total steps: 2446043	Episode: 1780/1760	Avg reward: 10.20	Avg steps: 1778
2020-07-02 17:50:57,721	INFO	Total steps: 2482378	Episode: 1800/1558	Avg reward: 9.00	Avg steps: 1815
2020-07-02 18:06:26,690	INFO	Total steps: 2514828	Episode: 1820/1571	Avg reward: 12.50	Avg steps: 1621
2020-07-02 18:23:30,801	INFO	Total steps: 2550773	Episode: 1840/1648	Avg reward: 10.35	Avg steps: 1796
2020-07-02 18:38:56,888	INFO	Total steps: 2583503	Episode: 1860/1450	Avg reward: 12.80	Avg steps: 1635
2020-07-02 18:54:29,502	INFO	Total steps: 2616304	Episode: 1880/1287	Avg reward: 10.40	Avg steps: 1639
2020-07-02 19:10:13,919	INFO	Total steps: 2650059	Episode: 1900/1406	Avg reward: 10.05	Avg steps: 1686
2020-07-02 19:26:43,234	INFO	Total steps: 2684770	Episode: 1920/1905	Avg reward: 13.25	Avg steps: 1734
2020-07-02 19:42:21,916	INFO	Total steps: 2717616	Episode: 1940/1580	Avg reward: 13.25	Avg steps: 1641
2020-07-02 19:57:38,324	INFO	Total steps: 2749861	Episode: 1960/1548	Avg reward: 12.20	Avg steps: 1611
2020-07-02 20:13:06,717	INFO	Total steps: 2782315	Episode: 1980/1996	Avg reward: 13.35	Avg steps: 1621
2020-07-02 20:28:52,264	INFO	Total steps: 2815594	Episode: 2000/1718	Avg reward: 13.40	Avg steps: 1662
2020-07-02 20:44:14,920	INFO	Total steps: 2847956	Episode: 2020/1315	Avg reward: 13.30	Avg steps: 1617
2020-07-02 20:59:20,189	INFO	Total steps: 2879926	Episode: 2040/1760	Avg reward: 14.20	Avg steps: 1597
2020-07-02 21:15:45,905	INFO	Total steps: 2913918	Episode: 2060/1362	Avg reward: 12.65	Avg steps: 1698
2020-07-02 21:30:25,583	INFO	Total steps: 2945000	Episode: 2080/1825	Avg reward: 13.75	Avg steps: 1553
2020-07-02 21:45:35,201	INFO	Total steps: 2976980	Episode: 2100/1690	Avg reward: 14.05	Avg steps: 1598
2020-07-02 22:01:39,496	INFO	Total steps: 3010649	Episode: 2120/1700	Avg reward: 13.85	Avg steps: 1682
2020-07-02 22:16:03,880	INFO	Total steps: 3041117	Episode: 2140/1451	Avg reward: 15.70	Avg steps: 1522
2020-07-02 22:31:16,719	INFO	Total steps: 3072691	Episode: 2160/1733	Avg reward: 15.35	Avg steps: 1577
2020-07-02 22:46:28,853	INFO	Total steps: 3104206	Episode: 2180/1779	Avg reward: 14.95	Avg steps: 1574
2020-07-02 23:01:56,073	INFO	Total steps: 3136406	Episode: 2200/1472	Avg reward: 13.35	Avg steps: 1609
2020-07-02 23:16:51,254	INFO	Total steps: 3167584	Episode: 2220/1302	Avg reward: 15.15	Avg steps: 1557
2020-07-02 23:32:18,401	INFO	Total steps: 3199696	Episode: 2240/1631	Avg reward: 14.45	Avg steps: 1604
2020-07-02 23:47:48,437	INFO	Total steps: 3232645	Episode: 2260/1507	Avg reward: 16.00	Avg steps: 1646
2020-07-03 00:02:55,121	INFO	Total steps: 3264690	Episode: 2280/1816	Avg reward: 15.20	Avg steps: 1601
2020-07-03 00:17:30,580	INFO	Total steps: 3295898	Episode: 2300/1363	Avg reward: 14.90	Avg steps: 1559
2020-07-03 00:32:49,651	INFO	Total steps: 3328404	Episode: 2320/1867	Avg reward: 14.10	Avg steps: 1624
2020-07-03 00:48:12,383	INFO	Total steps: 3361077	Episode: 2340/1701	Avg reward: 15.15	Avg steps: 1632
2020-07-03 01:03:07,726	INFO	Total steps: 3392926	Episode: 2360/1478	Avg reward: 15.10	Avg steps: 1591
2020-07-03 01:17:29,270	INFO	Total steps: 3423536	Episode: 2380/1224	Avg reward: 15.45	Avg steps: 1529
2020-07-03 01:32:01,102	INFO	Total steps: 3454288	Episode: 2400/1627	Avg reward: 15.35	Avg steps: 1536
2020-07-03 01:47:24,409	INFO	Total steps: 3486695	Episode: 2420/1580	Avg reward: 15.95	Avg steps: 1619
2020-07-03 02:02:26,425	INFO	Total steps: 3518731	Episode: 2440/1735	Avg reward: 15.50	Avg steps: 1600
2020-07-03 02:17:03,401	INFO	Total steps: 3549901	Episode: 2460/1517	Avg reward: 15.60	Avg steps: 1557
2020-07-03 02:32:28,977	INFO	Total steps: 3582717	Episode: 2480/1501	Avg reward: 14.85	Avg steps: 1639
2020-07-03 02:48:14,410	INFO	Total steps: 3615724	Episode: 2500/1839	Avg reward: 14.20	Avg steps: 1649
2020-07-03 03:03:02,726	INFO	Total steps: 3647040	Episode: 2520/1833	Avg reward: 16.75	Avg steps: 1564
2020-07-03 03:17:26,484	INFO	Total steps: 3677780	Episode: 2540/1565	Avg reward: 16.50	Avg steps: 1536
2020-07-03 03:31:26,765	INFO	Total steps: 3707821	Episode: 2560/1723	Avg reward: 17.55	Avg steps: 1501
2020-07-03 03:45:46,882	INFO	Total steps: 3738447	Episode: 2580/1649	Avg reward: 17.50	Avg steps: 1530
2020-07-03 04:00:06,511	INFO	Total steps: 3768916	Episode: 2600/1424	Avg reward: 16.85	Avg steps: 1522
2020-07-03 04:14:42,632	INFO	Total steps: 3799852	Episode: 2620/1794	Avg reward: 16.80	Avg steps: 1545
2020-07-03 04:29:22,153	INFO	Total steps: 3831166	Episode: 2640/1617	Avg reward: 17.50	Avg steps: 1564
2020-07-03 04:43:21,300	INFO	Total steps: 3860984	Episode: 2660/1693	Avg reward: 16.95	Avg steps: 1489
2020-07-03 04:58:36,067	INFO	Total steps: 3893391	Episode: 2680/1392	Avg reward: 16.05	Avg steps: 1619
2020-07-03 05:12:45,595	INFO	Total steps: 3923467	Episode: 2700/1553	Avg reward: 16.90	Avg steps: 1502
2020-07-03 05:27:17,772	INFO	Total steps: 3954414	Episode: 2720/1816	Avg reward: 16.05	Avg steps: 1546
2020-07-03 05:42:04,345	INFO	Total steps: 3985971	Episode: 2740/1733	Avg reward: 18.10	Avg steps: 1576
2020-07-03 05:57:04,886	INFO	Total steps: 4017986	Episode: 2760/1521	Avg reward: 16.15	Avg steps: 1599
2020-07-03 06:12:03,440	INFO	Total steps: 4049886	Episode: 2780/1283	Avg reward: 16.65	Avg steps: 1594
2020-07-03 06:27:01,282	INFO	Total steps: 4081982	Episode: 2800/1643	Avg reward: 16.60	Avg steps: 1603
2020-07-03 06:42:09,205	INFO	Total steps: 4113524	Episode: 2820/1288	Avg reward: 15.75	Avg steps: 1576
2020-07-03 06:56:58,323	INFO	Total steps: 4144361	Episode: 2840/1583	Avg reward: 16.80	Avg steps: 1540
2020-07-03 07:11:08,108	INFO	Total steps: 4173946	Episode: 2860/1510	Avg reward: 17.35	Avg steps: 1478
2020-07-03 07:25:53,924	INFO	Total steps: 4205116	Episode: 2880/1344	Avg reward: 16.05	Avg steps: 1557
2020-07-03 07:39:55,150	INFO	Total steps: 4235029	Episode: 2900/1501	Avg reward: 17.25	Avg steps: 1494
2020-07-03 07:54:23,136	INFO	Total steps: 4265896	Episode: 2920/1584	Avg reward: 16.60	Avg steps: 1542
2020-07-03 08:08:38,309	INFO	Total steps: 4296185	Episode: 2940/1350	Avg reward: 17.00	Avg steps: 1513
2020-07-03 08:22:29,379	INFO	Total steps: 4325504	Episode: 2960/1693	Avg reward: 16.80	Avg steps: 1464
2020-07-03 08:36:24,744	INFO	Total steps: 4355112	Episode: 2980/1482	Avg reward: 17.60	Avg steps: 1479
2020-07-03 08:51:13,176	INFO	Total steps: 4386385	Episode: 3000/1979	Avg reward: 17.25	Avg steps: 1562
2020-07-03 09:05:43,924	INFO	Total steps: 4417472	Episode: 3020/1574	Avg reward: 17.25	Avg steps: 1553
2020-07-03 09:19:50,540	INFO	Total steps: 4447619	Episode: 3040/1426	Avg reward: 17.50	Avg steps: 1506
2020-07-03 09:34:21,326	INFO	Total steps: 4478443	Episode: 3060/1392	Avg reward: 15.40	Avg steps: 1540
2020-07-03 09:49:16,084	INFO	Total steps: 4510248	Episode: 3080/1836	Avg reward: 17.30	Avg steps: 1589
2020-07-03 10:04:01,069	INFO	Total steps: 4541750	Episode: 3100/1802	Avg reward: 16.95	Avg steps: 1574
2020-07-03 10:18:34,878	INFO	Total steps: 4572495	Episode: 3120/1293	Avg reward: 16.85	Avg steps: 1536
2020-07-03 10:33:30,793	INFO	Total steps: 4603465	Episode: 3140/1308	Avg reward: 16.85	Avg steps: 1547
2020-07-03 10:48:03,376	INFO	Total steps: 4633850	Episode: 3160/1313	Avg reward: 16.70	Avg steps: 1518
2020-07-03 11:02:33,294	INFO	Total steps: 4664265	Episode: 3180/1415	Avg reward: 16.35	Avg steps: 1519
2020-07-03 11:17:43,158	INFO	Total steps: 4696079	Episode: 3200/1987	Avg reward: 16.85	Avg steps: 1589
2020-07-03 11:32:33,499	INFO	Total steps: 4726721	Episode: 3220/1508	Avg reward: 16.60	Avg steps: 1531
2020-07-03 11:47:25,178	INFO	Total steps: 4757445	Episode: 3240/2045	Avg reward: 17.45	Avg steps: 1535
2020-07-03 12:01:20,021	INFO	Total steps: 4786281	Episode: 3260/1427	Avg reward: 17.60	Avg steps: 1440
2020-07-03 12:15:49,690	INFO	Total steps: 4816550	Episode: 3280/1390	Avg reward: 17.40	Avg steps: 1512
2020-07-03 12:30:11,112	INFO	Total steps: 4846855	Episode: 3300/1631	Avg reward: 17.65	Avg steps: 1514
2020-07-03 12:44:56,571	INFO	Total steps: 4877873	Episode: 3320/1671	Avg reward: 17.25	Avg steps: 1549
2020-07-03 12:59:43,080	INFO	Total steps: 4908835	Episode: 3340/1795	Avg reward: 17.75	Avg steps: 1547
2020-07-03 13:14:52,913	INFO	Total steps: 4940589	Episode: 3360/1416	Avg reward: 17.95	Avg steps: 1586
2020-07-03 13:29:42,577	INFO	Total steps: 4971581	Episode: 3380/1979	Avg reward: 17.50	Avg steps: 1548
2020-07-03 13:43:49,145	INFO	Total steps: 5001318	Episode: 3400/1373	Avg reward: 17.65	Avg steps: 1485
2020-07-03 13:58:20,670	INFO	Total steps: 5031921	Episode: 3420/1260	Avg reward: 17.95	Avg steps: 1529
2020-07-03 14:12:48,312	INFO	Total steps: 5062426	Episode: 3440/1360	Avg reward: 17.40	Avg steps: 1524
2020-07-03 14:27:23,294	INFO	Total steps: 5092960	Episode: 3460/1634	Avg reward: 17.95	Avg steps: 1525
2020-07-03 14:41:49,232	INFO	Total steps: 5123013	Episode: 3480/1371	Avg reward: 17.70	Avg steps: 1501
2020-07-03 14:57:18,894	INFO	Total steps: 5155507	Episode: 3500/1694	Avg reward: 17.60	Avg steps: 1623
2020-07-03 15:11:14,809	INFO	Total steps: 5184812	Episode: 3520/1348	Avg reward: 18.10	Avg steps: 1464
2020-07-03 15:25:14,674	INFO	Total steps: 5213849	Episode: 3540/1749	Avg reward: 17.95	Avg steps: 1450
2020-07-03 15:40:29,091	INFO	Total steps: 5245438	Episode: 3560/2001	Avg reward: 17.90	Avg steps: 1578
2020-07-03 15:55:43,025	INFO	Total steps: 5276974	Episode: 3580/1627	Avg reward: 17.80	Avg steps: 1575
2020-07-03 16:09:43,050	INFO	Total steps: 5305932	Episode: 3600/1850	Avg reward: 18.45	Avg steps: 1446
2020-07-03 16:23:54,497	INFO	Total steps: 5335418	Episode: 3620/1368	Avg reward: 17.70	Avg steps: 1473
2020-07-03 16:38:13,137	INFO	Total steps: 5365163	Episode: 3640/1526	Avg reward: 18.30	Avg steps: 1486
2020-07-03 16:53:02,756	INFO	Total steps: 5395886	Episode: 3660/1482	Avg reward: 18.30	Avg steps: 1535
2020-07-03 17:08:03,063	INFO	Total steps: 5427072	Episode: 3680/1582	Avg reward: 17.25	Avg steps: 1558
2020-07-03 17:22:55,307	INFO	Total steps: 5458262	Episode: 3700/1932	Avg reward: 18.50	Avg steps: 1558
2020-07-03 17:37:29,997	INFO	Total steps: 5488941	Episode: 3720/1375	Avg reward: 18.20	Avg steps: 1532
2020-07-03 17:52:00,184	INFO	Total steps: 5519234	Episode: 3740/1673	Avg reward: 18.15	Avg steps: 1513
2020-07-03 18:06:16,780	INFO	Total steps: 5549160	Episode: 3760/1423	Avg reward: 18.10	Avg steps: 1495
2020-07-03 18:20:13,556	INFO	Total steps: 5578210	Episode: 3780/1580	Avg reward: 18.25	Avg steps: 1451
2020-07-03 18:33:39,130	INFO	Total steps: 5606105	Episode: 3800/1450	Avg reward: 18.70	Avg steps: 1393
2020-07-03 18:48:38,317	INFO	Total steps: 5637244	Episode: 3820/1408	Avg reward: 17.40	Avg steps: 1555
2020-07-03 19:03:11,586	INFO	Total steps: 5667457	Episode: 3840/1686	Avg reward: 17.95	Avg steps: 1509
2020-07-03 19:18:05,612	INFO	Total steps: 5698252	Episode: 3860/1579	Avg reward: 18.20	Avg steps: 1538
2020-07-03 19:34:19,270	INFO	Total steps: 5732058	Episode: 3880/1571	Avg reward: 17.25	Avg steps: 1689
2020-07-03 19:50:09,171	INFO	Total steps: 5764765	Episode: 3900/1441	Avg reward: 17.60	Avg steps: 1634
2020-07-03 20:06:52,735	INFO	Total steps: 5799582	Episode: 3920/1963	Avg reward: 17.05	Avg steps: 1739
2020-07-03 20:23:44,668	INFO	Total steps: 5834707	Episode: 3940/1778	Avg reward: 17.40	Avg steps: 1755
2020-07-03 20:39:01,967	INFO	Total steps: 5866890	Episode: 3960/1603	Avg reward: 17.95	Avg steps: 1608
2020-07-03 20:53:16,762	INFO	Total steps: 5896548	Episode: 3980/1358	Avg reward: 18.20	Avg steps: 1481
2020-07-03 21:08:37,043	INFO	Total steps: 5928279	Episode: 4000/1518	Avg reward: 18.00	Avg steps: 1585
2020-07-06 17:24:41,924	INFO	--width 160 --height 160 --ball 1.0 --ball-size 2.0 --snell 1.0 --snell-width 80.0 --snell-change 0.0 --snell-visible none --paddle-speed 1.0 --paddle-angle 60.0 --paddle-length 20.0 --update-prob 0.2 --state binary --learning-rate 0.0001 --network dqn_pong_model --render False --epsdecay 1000 --episodes 4000 --replay 10000 --checkpoint dqn_pong_model --history history.p --store-dir ../experiments/snell_width.80.0-paddle_length.20.0-paddle_angle.60.0-update_prob.0.2 
2020-07-06 17:24:42,042	INFO	Device: cuda
2020-07-06 17:28:12,429	INFO	Total steps: 15632	Episode: 20/834	Avg reward: -17.50	Avg steps: 780
2020-07-06 17:34:32,596	INFO	Total steps: 29779	Episode: 40/709	Avg reward: -17.15	Avg steps: 706
2020-07-06 17:41:11,607	INFO	Total steps: 44594	Episode: 60/753	Avg reward: -17.60	Avg steps: 739
2020-07-06 17:47:52,442	INFO	Total steps: 59486	Episode: 80/799	Avg reward: -17.60	Avg steps: 743
2020-07-06 17:55:17,558	INFO	Total steps: 75995	Episode: 100/1023	Avg reward: -17.05	Avg steps: 824
2020-07-06 18:02:25,572	INFO	Total steps: 91842	Episode: 120/838	Avg reward: -17.10	Avg steps: 791
2020-07-06 18:09:50,258	INFO	Total steps: 108278	Episode: 140/734	Avg reward: -17.00	Avg steps: 820
2020-07-06 18:17:12,079	INFO	Total steps: 124607	Episode: 160/654	Avg reward: -16.85	Avg steps: 815
2020-07-06 18:24:51,806	INFO	Total steps: 141526	Episode: 180/676	Avg reward: -16.10	Avg steps: 844
2020-07-06 18:31:58,622	INFO	Total steps: 157191	Episode: 200/1030	Avg reward: -16.55	Avg steps: 782
2020-07-06 18:39:50,451	INFO	Total steps: 174476	Episode: 220/925	Avg reward: -16.55	Avg steps: 863
2020-07-06 18:47:44,865	INFO	Total steps: 191868	Episode: 240/780	Avg reward: -15.40	Avg steps: 868
2020-07-06 18:54:32,770	INFO	Total steps: 206787	Episode: 260/1024	Avg reward: -17.10	Avg steps: 744
2020-07-06 19:01:22,944	INFO	Total steps: 221797	Episode: 280/587	Avg reward: -16.95	Avg steps: 749
2020-07-06 19:09:25,085	INFO	Total steps: 239419	Episode: 300/975	Avg reward: -15.40	Avg steps: 880
2020-07-06 19:17:17,252	INFO	Total steps: 256165	Episode: 320/733	Avg reward: -16.80	Avg steps: 836
2020-07-06 19:25:39,883	INFO	Total steps: 274534	Episode: 340/1074	Avg reward: -14.50	Avg steps: 917
2020-07-06 19:34:33,066	INFO	Total steps: 294090	Episode: 360/1006	Avg reward: -13.55	Avg steps: 976
2020-07-06 19:43:46,981	INFO	Total steps: 314382	Episode: 380/742	Avg reward: -14.35	Avg steps: 1013
2020-07-06 19:53:17,048	INFO	Total steps: 335261	Episode: 400/1321	Avg reward: -14.50	Avg steps: 1042
2020-07-06 20:02:32,245	INFO	Total steps: 355565	Episode: 420/992	Avg reward: -14.40	Avg steps: 1014
2020-07-06 20:10:41,417	INFO	Total steps: 373459	Episode: 440/676	Avg reward: -15.35	Avg steps: 893
2020-07-06 20:19:35,673	INFO	Total steps: 393059	Episode: 460/834	Avg reward: -14.05	Avg steps: 979
2020-07-06 20:30:00,961	INFO	Total steps: 415998	Episode: 480/1098	Avg reward: -13.00	Avg steps: 1145
2020-07-06 20:40:49,425	INFO	Total steps: 439743	Episode: 500/1205	Avg reward: -13.15	Avg steps: 1186
2020-07-06 20:50:58,138	INFO	Total steps: 462001	Episode: 520/1011	Avg reward: -13.25	Avg steps: 1111
2020-07-06 21:00:41,795	INFO	Total steps: 483327	Episode: 540/970	Avg reward: -13.05	Avg steps: 1065
2020-07-06 21:11:28,768	INFO	Total steps: 507015	Episode: 560/1646	Avg reward: -11.90	Avg steps: 1183
2020-07-06 21:22:45,858	INFO	Total steps: 531707	Episode: 580/1241	Avg reward: -11.25	Avg steps: 1233
2020-07-06 21:33:58,551	INFO	Total steps: 556221	Episode: 600/1370	Avg reward: -10.85	Avg steps: 1224
2020-07-06 21:45:11,906	INFO	Total steps: 580758	Episode: 620/1702	Avg reward: -11.65	Avg steps: 1225
2020-07-06 21:56:11,947	INFO	Total steps: 604792	Episode: 640/1166	Avg reward: -11.75	Avg steps: 1200
2020-07-06 22:06:12,404	INFO	Total steps: 626610	Episode: 660/1515	Avg reward: -12.30	Avg steps: 1089
2020-07-06 22:17:22,158	INFO	Total steps: 650954	Episode: 680/1398	Avg reward: -11.60	Avg steps: 1216
2020-07-06 22:28:38,479	INFO	Total steps: 675522	Episode: 700/1172	Avg reward: -10.90	Avg steps: 1227
2020-07-06 22:43:33,561	INFO	Total steps: 708003	Episode: 720/1235	Avg reward: -6.40	Avg steps: 1623
2020-07-06 22:55:31,202	INFO	Total steps: 734050	Episode: 740/1486	Avg reward: -10.45	Avg steps: 1301
2020-07-06 23:08:54,224	INFO	Total steps: 763155	Episode: 760/1026	Avg reward: -9.50	Avg steps: 1454
2020-07-06 23:20:29,301	INFO	Total steps: 788325	Episode: 780/1324	Avg reward: -10.20	Avg steps: 1257
2020-07-06 23:33:41,057	INFO	Total steps: 816987	Episode: 800/1450	Avg reward: -8.60	Avg steps: 1432
2020-07-06 23:48:25,599	INFO	Total steps: 848955	Episode: 820/1382	Avg reward: -6.80	Avg steps: 1597
2020-07-07 00:04:32,734	INFO	Total steps: 883906	Episode: 840/1526	Avg reward: -2.50	Avg steps: 1746
2020-07-07 00:21:08,116	INFO	Total steps: 919851	Episode: 860/1838	Avg reward: -3.95	Avg steps: 1796
2020-07-07 00:38:18,822	INFO	Total steps: 957045	Episode: 880/1767	Avg reward: -1.20	Avg steps: 1858
2020-07-07 00:53:18,178	INFO	Total steps: 989494	Episode: 900/1195	Avg reward: -2.90	Avg steps: 1621
2020-07-07 01:11:03,138	INFO	Total steps: 1027890	Episode: 920/1815	Avg reward: -2.65	Avg steps: 1918
2020-07-07 01:27:36,140	INFO	Total steps: 1063676	Episode: 940/1671	Avg reward: -0.80	Avg steps: 1788
2020-07-07 01:43:00,358	INFO	Total steps: 1096986	Episode: 960/1662	Avg reward: -5.20	Avg steps: 1664
2020-07-07 01:59:44,382	INFO	Total steps: 1133086	Episode: 980/1932	Avg reward: -2.00	Avg steps: 1804
2020-07-07 02:15:07,673	INFO	Total steps: 1166249	Episode: 1000/1616	Avg reward: -3.55	Avg steps: 1657
2020-07-07 02:32:21,614	INFO	Total steps: 1203395	Episode: 1020/1607	Avg reward: -1.35	Avg steps: 1856
2020-07-07 02:48:41,490	INFO	Total steps: 1238571	Episode: 1040/1669	Avg reward: -1.85	Avg steps: 1757
2020-07-07 03:06:16,683	INFO	Total steps: 1276467	Episode: 1060/1692	Avg reward: 0.15	Avg steps: 1893
2020-07-07 03:22:49,988	INFO	Total steps: 1312114	Episode: 1080/1879	Avg reward: -2.70	Avg steps: 1781
2020-07-07 03:39:03,702	INFO	Total steps: 1347012	Episode: 1100/1976	Avg reward: -1.10	Avg steps: 1743
2020-07-07 03:55:05,294	INFO	Total steps: 1381268	Episode: 1120/1676	Avg reward: -1.90	Avg steps: 1711
2020-07-07 04:11:11,343	INFO	Total steps: 1415591	Episode: 1140/1827	Avg reward: -3.20	Avg steps: 1715
2020-07-07 04:26:35,680	INFO	Total steps: 1448423	Episode: 1160/1627	Avg reward: -2.85	Avg steps: 1640
2020-07-07 04:43:24,273	INFO	Total steps: 1484222	Episode: 1180/1910	Avg reward: 0.40	Avg steps: 1788
2020-07-07 05:00:13,518	INFO	Total steps: 1520162	Episode: 1200/1801	Avg reward: -0.05	Avg steps: 1796
2020-07-07 05:17:28,668	INFO	Total steps: 1557069	Episode: 1220/1870	Avg reward: 1.70	Avg steps: 1844
2020-07-07 05:34:19,525	INFO	Total steps: 1593102	Episode: 1240/1550	Avg reward: 1.65	Avg steps: 1800
2020-07-07 05:52:02,957	INFO	Total steps: 1631006	Episode: 1260/1799	Avg reward: 5.75	Avg steps: 1894
2020-07-07 06:09:10,105	INFO	Total steps: 1667548	Episode: 1280/1216	Avg reward: 2.15	Avg steps: 1826
2020-07-07 06:26:42,441	INFO	Total steps: 1704993	Episode: 1300/1893	Avg reward: 6.00	Avg steps: 1871
2020-07-07 06:44:27,415	INFO	Total steps: 1742855	Episode: 1320/2209	Avg reward: 6.50	Avg steps: 1892
2020-07-07 07:01:07,321	INFO	Total steps: 1778428	Episode: 1340/1484	Avg reward: 7.35	Avg steps: 1777
2020-07-07 07:17:42,684	INFO	Total steps: 1813812	Episode: 1360/1762	Avg reward: 10.15	Avg steps: 1768
2020-07-07 07:36:01,116	INFO	Total steps: 1852869	Episode: 1380/1916	Avg reward: 4.85	Avg steps: 1951
2020-07-07 07:53:01,301	INFO	Total steps: 1889127	Episode: 1400/1726	Avg reward: 9.45	Avg steps: 1811
2020-07-07 08:09:31,462	INFO	Total steps: 1924279	Episode: 1420/1790	Avg reward: 9.10	Avg steps: 1756
2020-07-07 08:25:24,945	INFO	Total steps: 1958155	Episode: 1440/1372	Avg reward: 11.00	Avg steps: 1692
2020-07-07 08:42:10,690	INFO	Total steps: 1993911	Episode: 1460/1782	Avg reward: 9.55	Avg steps: 1786
2020-07-07 08:58:54,275	INFO	Total steps: 2029487	Episode: 1480/1879	Avg reward: 10.65	Avg steps: 1777
2020-07-07 09:15:41,616	INFO	Total steps: 2065262	Episode: 1500/1881	Avg reward: 8.20	Avg steps: 1787
2020-07-07 09:31:40,611	INFO	Total steps: 2099277	Episode: 1520/1549	Avg reward: 11.55	Avg steps: 1699
2020-07-07 09:48:14,987	INFO	Total steps: 2134518	Episode: 1540/1742	Avg reward: 11.40	Avg steps: 1761
2020-07-07 10:03:37,890	INFO	Total steps: 2167229	Episode: 1560/2001	Avg reward: 11.65	Avg steps: 1634
2020-07-07 10:19:13,333	INFO	Total steps: 2200391	Episode: 1580/1460	Avg reward: 12.00	Avg steps: 1657
2020-07-07 10:35:09,372	INFO	Total steps: 2234274	Episode: 1600/1854	Avg reward: 12.00	Avg steps: 1693
2020-07-07 10:51:23,505	INFO	Total steps: 2268794	Episode: 1620/1619	Avg reward: 12.65	Avg steps: 1725
2020-07-07 11:07:52,646	INFO	Total steps: 2303794	Episode: 1640/1859	Avg reward: 12.30	Avg steps: 1749
2020-07-07 11:24:24,695	INFO	Total steps: 2338883	Episode: 1660/1780	Avg reward: 13.05	Avg steps: 1753
2020-07-07 11:40:22,495	INFO	Total steps: 2372753	Episode: 1680/1680	Avg reward: 12.85	Avg steps: 1692
2020-07-07 11:56:26,515	INFO	Total steps: 2406834	Episode: 1700/1772	Avg reward: 12.00	Avg steps: 1703
2020-07-07 12:11:49,713	INFO	Total steps: 2439362	Episode: 1720/1787	Avg reward: 13.75	Avg steps: 1625
2020-07-07 12:27:38,655	INFO	Total steps: 2472898	Episode: 1740/1652	Avg reward: 12.70	Avg steps: 1675
2020-07-07 12:43:14,943	INFO	Total steps: 2505956	Episode: 1760/1769	Avg reward: 12.70	Avg steps: 1651
2020-07-07 12:59:12,690	INFO	Total steps: 2539607	Episode: 1780/1634	Avg reward: 13.40	Avg steps: 1681
2020-07-07 13:16:07,440	INFO	Total steps: 2575242	Episode: 1800/1868	Avg reward: 11.80	Avg steps: 1780
2020-07-07 13:33:34,809	INFO	Total steps: 2607544	Episode: 1820/1818	Avg reward: 14.55	Avg steps: 1614
2020-07-07 13:50:25,940	INFO	Total steps: 2643102	Episode: 1840/2318	Avg reward: 11.95	Avg steps: 1776
2020-07-07 14:05:45,622	INFO	Total steps: 2675536	Episode: 1860/1650	Avg reward: 12.95	Avg steps: 1620
2020-07-07 14:20:37,709	INFO	Total steps: 2706970	Episode: 1880/1396	Avg reward: 13.65	Avg steps: 1570
2020-07-07 14:36:54,047	INFO	Total steps: 2741296	Episode: 1900/1965	Avg reward: 13.15	Avg steps: 1715
2020-07-07 14:52:38,906	INFO	Total steps: 2774584	Episode: 1920/1970	Avg reward: 13.95	Avg steps: 1663
2020-07-07 15:07:44,837	INFO	Total steps: 2806493	Episode: 1940/1488	Avg reward: 13.35	Avg steps: 1594
2020-07-07 15:22:57,362	INFO	Total steps: 2838626	Episode: 1960/1657	Avg reward: 13.80	Avg steps: 1605
2020-07-07 15:38:30,638	INFO	Total steps: 2871460	Episode: 1980/1615	Avg reward: 14.30	Avg steps: 1640
2020-07-07 15:53:04,826	INFO	Total steps: 2902183	Episode: 2000/1420	Avg reward: 15.50	Avg steps: 1535
2020-07-07 16:07:57,770	INFO	Total steps: 2933340	Episode: 2020/1558	Avg reward: 14.20	Avg steps: 1556
2020-07-07 16:23:19,709	INFO	Total steps: 2965470	Episode: 2040/1394	Avg reward: 13.80	Avg steps: 1605
2020-07-07 16:39:05,512	INFO	Total steps: 2998439	Episode: 2060/1442	Avg reward: 14.00	Avg steps: 1647
2020-07-07 16:54:35,811	INFO	Total steps: 3030854	Episode: 2080/1416	Avg reward: 15.40	Avg steps: 1619
2020-07-07 17:08:55,920	INFO	Total steps: 3060820	Episode: 2100/1409	Avg reward: 15.60	Avg steps: 1497
2020-07-07 17:23:56,526	INFO	Total steps: 3092175	Episode: 2120/1843	Avg reward: 14.70	Avg steps: 1566
2020-07-07 17:38:47,433	INFO	Total steps: 3123190	Episode: 2140/1516	Avg reward: 14.80	Avg steps: 1549
2020-07-07 17:53:29,668	INFO	Total steps: 3153951	Episode: 2160/1512	Avg reward: 15.80	Avg steps: 1537
2020-07-07 18:08:59,128	INFO	Total steps: 3186294	Episode: 2180/1416	Avg reward: 14.60	Avg steps: 1616
2020-07-07 18:24:16,477	INFO	Total steps: 3218223	Episode: 2200/1819	Avg reward: 15.65	Avg steps: 1595
2020-07-07 18:39:30,578	INFO	Total steps: 3250012	Episode: 2220/1501	Avg reward: 15.95	Avg steps: 1588
2020-07-07 18:54:37,049	INFO	Total steps: 3281532	Episode: 2240/1482	Avg reward: 15.95	Avg steps: 1575
2020-07-07 19:08:41,632	INFO	Total steps: 3310927	Episode: 2260/1360	Avg reward: 16.10	Avg steps: 1468
2020-07-07 19:23:49,500	INFO	Total steps: 3342509	Episode: 2280/1607	Avg reward: 15.55	Avg steps: 1578
2020-07-07 19:39:05,544	INFO	Total steps: 3374388	Episode: 2300/1571	Avg reward: 15.60	Avg steps: 1592
2020-07-07 19:54:44,076	INFO	Total steps: 3407011	Episode: 2320/1678	Avg reward: 15.20	Avg steps: 1630
2020-07-07 20:09:59,079	INFO	Total steps: 3438780	Episode: 2340/1883	Avg reward: 15.40	Avg steps: 1587
2020-07-07 20:24:39,453	INFO	Total steps: 3469377	Episode: 2360/1686	Avg reward: 16.90	Avg steps: 1528
2020-07-07 20:39:49,070	INFO	Total steps: 3501052	Episode: 2380/1566	Avg reward: 15.95	Avg steps: 1582
2020-07-07 20:54:19,507	INFO	Total steps: 3531558	Episode: 2400/1634	Avg reward: 16.45	Avg steps: 1524
2020-07-07 21:09:02,413	INFO	Total steps: 3562363	Episode: 2420/1532	Avg reward: 16.05	Avg steps: 1539
2020-07-07 21:23:51,633	INFO	Total steps: 3593194	Episode: 2440/1528	Avg reward: 15.95	Avg steps: 1540
2020-07-07 21:38:17,124	INFO	Total steps: 3624167	Episode: 2460/1529	Avg reward: 15.25	Avg steps: 1547
2020-07-07 21:53:16,346	INFO	Total steps: 3655452	Episode: 2480/1611	Avg reward: 15.95	Avg steps: 1563
2020-07-07 22:08:37,135	INFO	Total steps: 3687446	Episode: 2500/1457	Avg reward: 16.05	Avg steps: 1598
2020-07-07 22:24:20,610	INFO	Total steps: 3720079	Episode: 2520/1402	Avg reward: 15.85	Avg steps: 1630
2020-07-07 22:39:32,309	INFO	Total steps: 3751698	Episode: 2540/1436	Avg reward: 16.35	Avg steps: 1579
2020-07-07 22:55:19,043	INFO	Total steps: 3784644	Episode: 2560/1966	Avg reward: 15.60	Avg steps: 1646
2020-07-07 23:11:04,562	INFO	Total steps: 3817492	Episode: 2580/1528	Avg reward: 15.30	Avg steps: 1641
2020-07-07 23:26:33,225	INFO	Total steps: 3849618	Episode: 2600/1551	Avg reward: 14.55	Avg steps: 1605
2020-07-07 23:41:17,963	INFO	Total steps: 3880279	Episode: 2620/1325	Avg reward: 16.60	Avg steps: 1532
2020-07-07 23:56:11,448	INFO	Total steps: 3911275	Episode: 2640/1413	Avg reward: 16.85	Avg steps: 1548
2020-07-08 00:11:26,974	INFO	Total steps: 3943219	Episode: 2660/1702	Avg reward: 16.15	Avg steps: 1596
2020-07-08 00:26:44,447	INFO	Total steps: 3974995	Episode: 2680/1484	Avg reward: 16.25	Avg steps: 1587
2020-07-08 00:42:03,717	INFO	Total steps: 4007009	Episode: 2700/1465	Avg reward: 16.50	Avg steps: 1599
2020-07-08 00:58:03,641	INFO	Total steps: 4040544	Episode: 2720/1544	Avg reward: 16.35	Avg steps: 1675
2020-07-08 01:13:25,861	INFO	Total steps: 4072770	Episode: 2740/1483	Avg reward: 16.25	Avg steps: 1610
2020-07-08 01:28:16,840	INFO	Total steps: 4103902	Episode: 2760/1651	Avg reward: 16.05	Avg steps: 1555
2020-07-08 01:42:52,338	INFO	Total steps: 4134464	Episode: 2780/1612	Avg reward: 17.75	Avg steps: 1527
2020-07-08 01:58:01,988	INFO	Total steps: 4166037	Episode: 2800/1919	Avg reward: 16.25	Avg steps: 1577
2020-07-08 02:13:23,233	INFO	Total steps: 4197956	Episode: 2820/1377	Avg reward: 17.10	Avg steps: 1594
2020-07-08 02:28:24,790	INFO	Total steps: 4229152	Episode: 2840/1355	Avg reward: 16.45	Avg steps: 1558
2020-07-08 02:43:04,129	INFO	Total steps: 4259809	Episode: 2860/1884	Avg reward: 16.90	Avg steps: 1531
2020-07-08 02:58:31,244	INFO	Total steps: 4291934	Episode: 2880/1416	Avg reward: 15.95	Avg steps: 1605
2020-07-08 03:13:44,777	INFO	Total steps: 4323668	Episode: 2900/1224	Avg reward: 16.90	Avg steps: 1585
2020-07-08 03:28:31,562	INFO	Total steps: 4354612	Episode: 2920/1360	Avg reward: 15.85	Avg steps: 1546
2020-07-08 03:43:26,736	INFO	Total steps: 4385785	Episode: 2940/1800	Avg reward: 17.45	Avg steps: 1557
2020-07-08 03:58:18,614	INFO	Total steps: 4416894	Episode: 2960/1409	Avg reward: 16.50	Avg steps: 1554
2020-07-08 04:12:21,737	INFO	Total steps: 4446282	Episode: 2980/1535	Avg reward: 17.15	Avg steps: 1468
2020-07-08 04:26:56,889	INFO	Total steps: 4476807	Episode: 3000/1549	Avg reward: 17.35	Avg steps: 1525
2020-07-08 04:41:48,828	INFO	Total steps: 4507869	Episode: 3020/1395	Avg reward: 16.95	Avg steps: 1552
2020-07-08 04:56:47,756	INFO	Total steps: 4539206	Episode: 3040/1535	Avg reward: 17.00	Avg steps: 1565
2020-07-08 05:11:19,820	INFO	Total steps: 4569581	Episode: 3060/1563	Avg reward: 17.30	Avg steps: 1517
2020-07-08 05:26:57,108	INFO	Total steps: 4602223	Episode: 3080/1700	Avg reward: 16.75	Avg steps: 1631
2020-07-08 05:41:26,706	INFO	Total steps: 4632526	Episode: 3100/1290	Avg reward: 17.75	Avg steps: 1514
2020-07-08 05:55:59,804	INFO	Total steps: 4662914	Episode: 3120/1711	Avg reward: 17.35	Avg steps: 1518
2020-07-08 06:10:58,881	INFO	Total steps: 4694238	Episode: 3140/1620	Avg reward: 17.90	Avg steps: 1565
2020-07-08 06:26:08,816	INFO	Total steps: 4725943	Episode: 3160/1683	Avg reward: 17.10	Avg steps: 1584
2020-07-08 06:40:40,616	INFO	Total steps: 4756291	Episode: 3180/1708	Avg reward: 17.90	Avg steps: 1516
2020-07-08 06:55:12,285	INFO	Total steps: 4786648	Episode: 3200/1494	Avg reward: 17.40	Avg steps: 1516
2020-07-08 07:09:58,622	INFO	Total steps: 4817499	Episode: 3220/1370	Avg reward: 17.35	Avg steps: 1541
2020-07-08 07:24:42,151	INFO	Total steps: 4848267	Episode: 3240/1548	Avg reward: 16.70	Avg steps: 1537
2020-07-08 07:39:25,308	INFO	Total steps: 4879007	Episode: 3260/1597	Avg reward: 17.10	Avg steps: 1536
2020-07-08 07:54:21,750	INFO	Total steps: 4910218	Episode: 3280/1548	Avg reward: 16.95	Avg steps: 1559
2020-07-08 08:09:45,807	INFO	Total steps: 4942374	Episode: 3300/1493	Avg reward: 17.65	Avg steps: 1606
2020-07-08 08:24:17,952	INFO	Total steps: 4972721	Episode: 3320/1520	Avg reward: 17.65	Avg steps: 1516
2020-07-08 08:38:58,871	INFO	Total steps: 5003387	Episode: 3340/1430	Avg reward: 17.00	Avg steps: 1532
2020-07-08 08:53:39,864	INFO	Total steps: 5034032	Episode: 3360/1486	Avg reward: 17.60	Avg steps: 1531
2020-07-08 09:08:10,634	INFO	Total steps: 5064333	Episode: 3380/1544	Avg reward: 17.35	Avg steps: 1514
2020-07-08 09:23:06,716	INFO	Total steps: 5095493	Episode: 3400/1488	Avg reward: 17.35	Avg steps: 1557
2020-07-08 09:38:25,650	INFO	Total steps: 5127447	Episode: 3420/1820	Avg reward: 16.45	Avg steps: 1596
2020-07-08 09:53:08,697	INFO	Total steps: 5158233	Episode: 3440/1673	Avg reward: 17.90	Avg steps: 1538
2020-07-08 10:08:27,468	INFO	Total steps: 5189965	Episode: 3460/1519	Avg reward: 17.85	Avg steps: 1585
2020-07-08 10:22:52,545	INFO	Total steps: 5220041	Episode: 3480/1532	Avg reward: 17.40	Avg steps: 1502
2020-07-08 10:37:51,729	INFO	Total steps: 5251286	Episode: 3500/1479	Avg reward: 17.50	Avg steps: 1561
2020-07-08 10:52:41,658	INFO	Total steps: 5282219	Episode: 3520/1312	Avg reward: 17.65	Avg steps: 1545
2020-07-08 11:06:48,211	INFO	Total steps: 5311637	Episode: 3540/1403	Avg reward: 17.70	Avg steps: 1469
2020-07-08 11:21:29,605	INFO	Total steps: 5342261	Episode: 3560/1241	Avg reward: 17.95	Avg steps: 1530
2020-07-08 11:36:24,706	INFO	Total steps: 5373364	Episode: 3580/1755	Avg reward: 17.60	Avg steps: 1554
2020-07-08 11:51:16,565	INFO	Total steps: 5404321	Episode: 3600/1663	Avg reward: 18.05	Avg steps: 1546
2020-07-08 12:05:46,944	INFO	Total steps: 5434521	Episode: 3620/1488	Avg reward: 18.00	Avg steps: 1509
2020-07-08 12:20:32,110	INFO	Total steps: 5465271	Episode: 3640/1427	Avg reward: 17.60	Avg steps: 1536
2020-07-08 12:35:35,578	INFO	Total steps: 5496652	Episode: 3660/1560	Avg reward: 17.55	Avg steps: 1568
2020-07-08 12:50:08,936	INFO	Total steps: 5526992	Episode: 3680/1659	Avg reward: 18.05	Avg steps: 1516
2020-07-08 13:05:29,497	INFO	Total steps: 5558909	Episode: 3700/1763	Avg reward: 16.75	Avg steps: 1594
2020-07-08 13:19:36,424	INFO	Total steps: 5588610	Episode: 3720/1460	Avg reward: 18.25	Avg steps: 1484
2020-07-08 13:33:17,220	INFO	Total steps: 5619814	Episode: 3740/1276	Avg reward: 18.15	Avg steps: 1559
2020-07-08 13:45:12,470	INFO	Total steps: 5649644	Episode: 3760/1510	Avg reward: 17.75	Avg steps: 1490
2020-07-08 13:56:32,662	INFO	Total steps: 5680742	Episode: 3780/1629	Avg reward: 17.25	Avg steps: 1553
2020-07-08 14:07:26,426	INFO	Total steps: 5710706	Episode: 3800/1299	Avg reward: 18.00	Avg steps: 1497
2020-07-08 14:43:48,270	INFO	Total steps: 5742309	Episode: 3820/1306	Avg reward: 18.00	Avg steps: 1579
2020-07-08 14:58:36,762	INFO	Total steps: 5773132	Episode: 3840/1644	Avg reward: 18.15	Avg steps: 1540
2020-07-08 15:13:14,862	INFO	Total steps: 5803815	Episode: 3860/1444	Avg reward: 17.20	Avg steps: 1533
2020-07-08 15:28:03,479	INFO	Total steps: 5834653	Episode: 3880/1853	Avg reward: 17.95	Avg steps: 1540
2020-07-08 15:42:47,262	INFO	Total steps: 5865343	Episode: 3900/1386	Avg reward: 18.15	Avg steps: 1533
2020-07-08 15:57:58,994	INFO	Total steps: 5896951	Episode: 3920/1314	Avg reward: 18.00	Avg steps: 1579
2020-07-08 16:12:45,844	INFO	Total steps: 5927745	Episode: 3940/1527	Avg reward: 17.20	Avg steps: 1538
2020-07-08 16:28:00,875	INFO	Total steps: 5959494	Episode: 3960/1479	Avg reward: 17.90	Avg steps: 1586
2020-07-08 16:43:06,848	INFO	Total steps: 5990864	Episode: 3980/1813	Avg reward: 18.10	Avg steps: 1567
2020-07-08 16:58:42,483	INFO	Total steps: 6023210	Episode: 4000/1850	Avg reward: 18.05	Avg steps: 1616
