2020-06-24 04:22:23,222	INFO	--width 160 --height 160 --ball 3.0 --snell 3.0 --ps 3.0 --paddle-speed 3.0 --pa 60.0 --paddle-angle 60.0 --pl 45 --paddle-length 45 --lr 0.0001 --learning-rate 0.0001 --network dqn_pong_model --pretrain False --render False --update-prob 0.2 --episodes 4000 --checkpoint dqn_pong_model --history history.p --store-dir ../experiments/29 
2020-06-24 04:22:23,222	INFO	Device: cuda
2020-06-24 04:22:43,482	INFO	Total steps: 7831	Episode: 20/310	Avg reward: -16.35	Avg steps: 390
2020-06-24 04:25:56,669	INFO	Total steps: 15691	Episode: 40/359	Avg reward: -16.75	Avg steps: 392
2020-06-24 04:30:18,556	INFO	Total steps: 23368	Episode: 60/439	Avg reward: -16.60	Avg steps: 382
2020-06-24 04:34:39,328	INFO	Total steps: 30995	Episode: 80/335	Avg reward: -16.80	Avg steps: 380
2020-06-24 04:39:03,227	INFO	Total steps: 38722	Episode: 100/436	Avg reward: -17.30	Avg steps: 385
2020-06-24 04:43:50,377	INFO	Total steps: 47133	Episode: 120/599	Avg reward: -16.35	Avg steps: 419
2020-06-24 04:48:55,518	INFO	Total steps: 56052	Episode: 140/316	Avg reward: -15.65	Avg steps: 444
2020-06-24 04:53:54,373	INFO	Total steps: 64803	Episode: 160/570	Avg reward: -16.15	Avg steps: 436
2020-06-24 04:58:23,200	INFO	Total steps: 72660	Episode: 180/528	Avg reward: -16.25	Avg steps: 391
2020-06-24 05:03:31,616	INFO	Total steps: 81701	Episode: 200/482	Avg reward: -15.60	Avg steps: 451
2020-06-24 05:08:20,702	INFO	Total steps: 90186	Episode: 220/651	Avg reward: -15.30	Avg steps: 423
2020-06-24 05:13:16,791	INFO	Total steps: 98860	Episode: 240/221	Avg reward: -16.15	Avg steps: 432
2020-06-24 05:18:04,784	INFO	Total steps: 107288	Episode: 260/427	Avg reward: -15.10	Avg steps: 420
2020-06-24 05:23:16,295	INFO	Total steps: 116404	Episode: 280/584	Avg reward: -15.15	Avg steps: 454
2020-06-24 05:28:07,690	INFO	Total steps: 124939	Episode: 300/397	Avg reward: -15.50	Avg steps: 425
2020-06-24 05:33:19,328	INFO	Total steps: 134044	Episode: 320/306	Avg reward: -15.20	Avg steps: 454
2020-06-24 05:38:59,116	INFO	Total steps: 143950	Episode: 340/546	Avg reward: -14.95	Avg steps: 494
2020-06-24 05:44:43,680	INFO	Total steps: 153915	Episode: 360/439	Avg reward: -14.10	Avg steps: 497
2020-06-24 05:50:39,631	INFO	Total steps: 164224	Episode: 380/572	Avg reward: -14.85	Avg steps: 514
2020-06-24 05:56:31,078	INFO	Total steps: 174434	Episode: 400/612	Avg reward: -13.25	Avg steps: 509
2020-06-24 06:02:22,390	INFO	Total steps: 184651	Episode: 420/379	Avg reward: -14.60	Avg steps: 509
2020-06-24 06:07:55,449	INFO	Total steps: 194336	Episode: 440/566	Avg reward: -14.65	Avg steps: 483
2020-06-24 06:13:07,057	INFO	Total steps: 203414	Episode: 460/443	Avg reward: -15.15	Avg steps: 452
2020-06-24 06:18:11,128	INFO	Total steps: 212277	Episode: 480/434	Avg reward: -14.30	Avg steps: 442
2020-06-24 06:24:22,587	INFO	Total steps: 223090	Episode: 500/401	Avg reward: -13.00	Avg steps: 539
2020-06-24 06:30:33,839	INFO	Total steps: 233873	Episode: 520/496	Avg reward: -13.00	Avg steps: 538
2020-06-24 06:36:13,963	INFO	Total steps: 243765	Episode: 540/448	Avg reward: -13.35	Avg steps: 493
2020-06-24 06:42:17,074	INFO	Total steps: 254314	Episode: 560/519	Avg reward: -12.65	Avg steps: 526
2020-06-24 06:48:29,988	INFO	Total steps: 265177	Episode: 580/357	Avg reward: -13.65	Avg steps: 542
2020-06-24 06:54:24,391	INFO	Total steps: 275479	Episode: 600/554	Avg reward: -12.70	Avg steps: 514
2020-06-24 07:00:59,413	INFO	Total steps: 286966	Episode: 620/540	Avg reward: -12.10	Avg steps: 573
2020-06-24 07:07:34,844	INFO	Total steps: 298461	Episode: 640/587	Avg reward: -11.55	Avg steps: 573
2020-06-24 07:14:25,715	INFO	Total steps: 310428	Episode: 660/509	Avg reward: -11.20	Avg steps: 597
2020-06-24 07:21:44,934	INFO	Total steps: 323237	Episode: 680/708	Avg reward: -10.30	Avg steps: 639
2020-06-24 07:28:56,513	INFO	Total steps: 335764	Episode: 700/634	Avg reward: -10.45	Avg steps: 625
2020-06-24 07:36:00,268	INFO	Total steps: 348127	Episode: 720/546	Avg reward: -11.65	Avg steps: 617
2020-06-24 07:43:37,147	INFO	Total steps: 361413	Episode: 740/1026	Avg reward: -10.75	Avg steps: 663
2020-06-24 07:50:24,309	INFO	Total steps: 373321	Episode: 760/556	Avg reward: -10.45	Avg steps: 594
2020-06-24 07:57:53,379	INFO	Total steps: 386438	Episode: 780/579	Avg reward: -8.75	Avg steps: 654
2020-06-24 08:04:30,442	INFO	Total steps: 398043	Episode: 800/472	Avg reward: -10.55	Avg steps: 579
2020-06-24 08:12:24,375	INFO	Total steps: 411869	Episode: 820/939	Avg reward: -8.15	Avg steps: 690
2020-06-24 08:20:16,921	INFO	Total steps: 425702	Episode: 840/843	Avg reward: -9.40	Avg steps: 690
2020-06-24 08:28:34,470	INFO	Total steps: 440224	Episode: 860/782	Avg reward: -8.90	Avg steps: 725
2020-06-24 08:35:48,785	INFO	Total steps: 452904	Episode: 880/585	Avg reward: -9.95	Avg steps: 633
2020-06-24 08:43:42,405	INFO	Total steps: 466732	Episode: 900/555	Avg reward: -8.35	Avg steps: 690
2020-06-24 08:52:00,589	INFO	Total steps: 481277	Episode: 920/763	Avg reward: -6.35	Avg steps: 726
2020-06-24 09:00:27,881	INFO	Total steps: 496054	Episode: 940/878	Avg reward: -7.40	Avg steps: 737
2020-06-24 09:08:44,856	INFO	Total steps: 510516	Episode: 960/634	Avg reward: -7.55	Avg steps: 722
2020-06-24 09:16:50,073	INFO	Total steps: 524666	Episode: 980/781	Avg reward: -8.30	Avg steps: 706
2020-06-24 09:26:26,877	INFO	Total steps: 541557	Episode: 1000/973	Avg reward: -5.50	Avg steps: 843
2020-06-24 09:34:18,842	INFO	Total steps: 555327	Episode: 1020/368	Avg reward: -7.85	Avg steps: 687
2020-06-24 09:42:19,564	INFO	Total steps: 569354	Episode: 1040/681	Avg reward: -6.30	Avg steps: 700
2020-06-24 09:51:09,542	INFO	Total steps: 584722	Episode: 1060/652	Avg reward: -5.40	Avg steps: 767
2020-06-24 09:59:14,167	INFO	Total steps: 598838	Episode: 1080/635	Avg reward: -5.00	Avg steps: 704
2020-06-24 10:08:09,535	INFO	Total steps: 614429	Episode: 1100/633	Avg reward: -3.55	Avg steps: 778
2020-06-24 10:17:33,838	INFO	Total steps: 630866	Episode: 1120/555	Avg reward: -2.50	Avg steps: 820
2020-06-24 10:26:13,452	INFO	Total steps: 645974	Episode: 1140/974	Avg reward: -5.00	Avg steps: 754
2020-06-24 10:35:34,870	INFO	Total steps: 662326	Episode: 1160/918	Avg reward: -4.00	Avg steps: 816
2020-06-24 10:44:41,081	INFO	Total steps: 678262	Episode: 1180/1027	Avg reward: -2.85	Avg steps: 795
2020-06-24 10:53:44,111	INFO	Total steps: 694038	Episode: 1200/813	Avg reward: -2.15	Avg steps: 787
2020-06-24 11:03:31,617	INFO	Total steps: 711191	Episode: 1220/929	Avg reward: -1.20	Avg steps: 856
2020-06-24 11:13:13,587	INFO	Total steps: 728122	Episode: 1240/947	Avg reward: -1.35	Avg steps: 845
2020-06-24 11:22:37,280	INFO	Total steps: 744569	Episode: 1260/1063	Avg reward: 1.45	Avg steps: 821
2020-06-24 11:32:44,859	INFO	Total steps: 762300	Episode: 1280/663	Avg reward: 0.00	Avg steps: 885
2020-06-24 11:43:18,408	INFO	Total steps: 780756	Episode: 1300/897	Avg reward: -1.45	Avg steps: 921
2020-06-24 11:53:00,279	INFO	Total steps: 797661	Episode: 1320/815	Avg reward: -0.50	Avg steps: 844
2020-06-24 12:03:18,954	INFO	Total steps: 815700	Episode: 1340/901	Avg reward: 0.55	Avg steps: 900
2020-06-24 12:13:00,273	INFO	Total steps: 832627	Episode: 1360/799	Avg reward: 0.75	Avg steps: 845
2020-06-24 12:22:55,128	INFO	Total steps: 849931	Episode: 1380/985	Avg reward: 5.20	Avg steps: 864
2020-06-24 12:32:41,156	INFO	Total steps: 866984	Episode: 1400/941	Avg reward: 3.75	Avg steps: 851
2020-06-24 12:42:36,612	INFO	Total steps: 884302	Episode: 1420/947	Avg reward: 3.70	Avg steps: 864
2020-06-24 12:52:25,752	INFO	Total steps: 901450	Episode: 1440/757	Avg reward: 3.40	Avg steps: 856
2020-06-24 13:02:08,145	INFO	Total steps: 918364	Episode: 1460/818	Avg reward: 4.95	Avg steps: 844
2020-06-24 13:12:13,669	INFO	Total steps: 935971	Episode: 1480/625	Avg reward: 5.45	Avg steps: 879
2020-06-24 13:23:05,407	INFO	Total steps: 954967	Episode: 1500/793	Avg reward: 4.25	Avg steps: 948
2020-06-24 13:32:54,536	INFO	Total steps: 972135	Episode: 1520/833	Avg reward: 7.30	Avg steps: 857
2020-06-24 13:42:34,542	INFO	Total steps: 989005	Episode: 1540/1027	Avg reward: 7.20	Avg steps: 842
2020-06-24 13:52:20,442	INFO	Total steps: 1006039	Episode: 1560/695	Avg reward: 7.15	Avg steps: 850
2020-06-24 14:02:30,476	INFO	Total steps: 1023511	Episode: 1580/821	Avg reward: 4.35	Avg steps: 872
2020-06-24 14:12:11,726	INFO	Total steps: 1040409	Episode: 1600/950	Avg reward: 4.05	Avg steps: 843
2020-06-24 14:21:33,981	INFO	Total steps: 1056819	Episode: 1620/824	Avg reward: 7.85	Avg steps: 819
2020-06-24 14:31:14,906	INFO	Total steps: 1073778	Episode: 1640/876	Avg reward: 7.45	Avg steps: 846
2020-06-24 14:41:00,569	INFO	Total steps: 1090892	Episode: 1660/535	Avg reward: 7.30	Avg steps: 854
2020-06-24 14:50:07,981	INFO	Total steps: 1106830	Episode: 1680/818	Avg reward: 8.00	Avg steps: 795
2020-06-24 14:59:55,739	INFO	Total steps: 1123958	Episode: 1700/841	Avg reward: 7.25	Avg steps: 855
2020-06-24 15:09:20,518	INFO	Total steps: 1140365	Episode: 1720/740	Avg reward: 9.75	Avg steps: 819
2020-06-24 15:18:46,162	INFO	Total steps: 1156882	Episode: 1740/720	Avg reward: 8.00	Avg steps: 824
2020-06-24 15:27:43,332	INFO	Total steps: 1172525	Episode: 1760/661	Avg reward: 9.50	Avg steps: 781
2020-06-24 15:37:44,845	INFO	Total steps: 1188182	Episode: 1780/899	Avg reward: 9.95	Avg steps: 781
2020-06-24 15:46:54,555	INFO	Total steps: 1204037	Episode: 1800/696	Avg reward: 9.65	Avg steps: 791
2020-06-24 15:55:56,416	INFO	Total steps: 1219825	Episode: 1820/687	Avg reward: 11.35	Avg steps: 788
2020-06-24 16:04:42,138	INFO	Total steps: 1235137	Episode: 1840/888	Avg reward: 10.35	Avg steps: 764
2020-06-24 16:13:55,155	INFO	Total steps: 1251202	Episode: 1860/805	Avg reward: 8.95	Avg steps: 802
2020-06-24 16:22:17,048	INFO	Total steps: 1265784	Episode: 1880/638	Avg reward: 12.10	Avg steps: 728
2020-06-24 16:31:19,614	INFO	Total steps: 1281434	Episode: 1900/789	Avg reward: 9.95	Avg steps: 781
2020-06-24 16:40:15,051	INFO	Total steps: 1296926	Episode: 1920/641	Avg reward: 10.85	Avg steps: 773
2020-06-24 16:48:47,965	INFO	Total steps: 1311844	Episode: 1940/823	Avg reward: 11.35	Avg steps: 744
2020-06-24 16:57:41,079	INFO	Total steps: 1327337	Episode: 1960/752	Avg reward: 10.35	Avg steps: 773
2020-06-24 17:06:25,726	INFO	Total steps: 1342624	Episode: 1980/982	Avg reward: 11.15	Avg steps: 763
2020-06-24 17:15:33,473	INFO	Total steps: 1358601	Episode: 2000/792	Avg reward: 11.35	Avg steps: 797
2020-06-24 17:24:26,881	INFO	Total steps: 1373988	Episode: 2020/610	Avg reward: 11.40	Avg steps: 768
2020-06-24 17:32:45,171	INFO	Total steps: 1388445	Episode: 2040/705	Avg reward: 12.40	Avg steps: 721
2020-06-24 17:41:00,964	INFO	Total steps: 1402857	Episode: 2060/703	Avg reward: 12.85	Avg steps: 719
2020-06-24 17:49:40,983	INFO	Total steps: 1417978	Episode: 2080/776	Avg reward: 12.05	Avg steps: 755
2020-06-24 17:58:21,339	INFO	Total steps: 1433090	Episode: 2100/902	Avg reward: 11.50	Avg steps: 754
2020-06-24 18:06:26,061	INFO	Total steps: 1447142	Episode: 2120/730	Avg reward: 13.45	Avg steps: 701
2020-06-24 18:15:09,681	INFO	Total steps: 1462293	Episode: 2140/617	Avg reward: 11.10	Avg steps: 756
2020-06-24 18:23:19,146	INFO	Total steps: 1476493	Episode: 2160/675	Avg reward: 12.80	Avg steps: 709
2020-06-24 18:32:23,844	INFO	Total steps: 1492249	Episode: 2180/944	Avg reward: 12.55	Avg steps: 786
2020-06-24 18:41:04,323	INFO	Total steps: 1507287	Episode: 2200/643	Avg reward: 13.10	Avg steps: 750
2020-06-24 18:49:07,913	INFO	Total steps: 1521270	Episode: 2220/637	Avg reward: 12.70	Avg steps: 698
2020-06-24 18:56:57,164	INFO	Total steps: 1534894	Episode: 2240/601	Avg reward: 13.60	Avg steps: 680
2020-06-24 19:05:00,470	INFO	Total steps: 1548910	Episode: 2260/593	Avg reward: 13.80	Avg steps: 699
2020-06-24 19:13:58,371	INFO	Total steps: 1564472	Episode: 2280/761	Avg reward: 12.80	Avg steps: 777
2020-06-24 19:21:59,959	INFO	Total steps: 1578417	Episode: 2300/760	Avg reward: 13.30	Avg steps: 696
2020-06-24 19:30:08,388	INFO	Total steps: 1592557	Episode: 2320/713	Avg reward: 13.75	Avg steps: 706
2020-06-24 19:38:31,087	INFO	Total steps: 1607127	Episode: 2340/716	Avg reward: 14.10	Avg steps: 727
2020-06-24 19:47:00,152	INFO	Total steps: 1621874	Episode: 2360/927	Avg reward: 12.50	Avg steps: 736
2020-06-24 19:55:12,305	INFO	Total steps: 1636131	Episode: 2380/764	Avg reward: 13.85	Avg steps: 711
2020-06-24 20:02:43,384	INFO	Total steps: 1649171	Episode: 2400/489	Avg reward: 14.40	Avg steps: 651
2020-06-24 20:10:58,947	INFO	Total steps: 1663531	Episode: 2420/681	Avg reward: 14.00	Avg steps: 717
2020-06-24 20:18:55,352	INFO	Total steps: 1677358	Episode: 2440/676	Avg reward: 14.10	Avg steps: 690
2020-06-24 20:26:43,241	INFO	Total steps: 1690896	Episode: 2460/676	Avg reward: 14.85	Avg steps: 675
2020-06-24 20:34:35,347	INFO	Total steps: 1704533	Episode: 2480/658	Avg reward: 14.45	Avg steps: 680
2020-06-24 20:42:36,432	INFO	Total steps: 1718435	Episode: 2500/721	Avg reward: 14.50	Avg steps: 694
2020-06-24 20:50:14,848	INFO	Total steps: 1731629	Episode: 2520/663	Avg reward: 14.70	Avg steps: 658
2020-06-24 20:58:31,655	INFO	Total steps: 1745967	Episode: 2540/766	Avg reward: 13.05	Avg steps: 715
2020-06-24 21:06:49,233	INFO	Total steps: 1760376	Episode: 2560/606	Avg reward: 14.95	Avg steps: 719
2020-06-24 21:14:23,726	INFO	Total steps: 1773473	Episode: 2580/742	Avg reward: 14.45	Avg steps: 653
2020-06-24 21:22:07,191	INFO	Total steps: 1786831	Episode: 2600/579	Avg reward: 14.40	Avg steps: 666
2020-06-24 21:30:25,860	INFO	Total steps: 1801200	Episode: 2620/746	Avg reward: 14.25	Avg steps: 717
2020-06-24 21:38:16,709	INFO	Total steps: 1814763	Episode: 2640/770	Avg reward: 15.75	Avg steps: 677
2020-06-24 21:46:19,851	INFO	Total steps: 1828711	Episode: 2660/588	Avg reward: 14.55	Avg steps: 696
2020-06-24 21:53:35,889	INFO	Total steps: 1841357	Episode: 2680/732	Avg reward: 15.50	Avg steps: 631
2020-06-24 22:01:44,039	INFO	Total steps: 1855477	Episode: 2700/583	Avg reward: 16.30	Avg steps: 705
2020-06-24 22:09:57,024	INFO	Total steps: 1869702	Episode: 2720/841	Avg reward: 14.45	Avg steps: 710
2020-06-24 22:17:48,461	INFO	Total steps: 1883268	Episode: 2740/665	Avg reward: 14.45	Avg steps: 677
2020-06-24 22:25:40,460	INFO	Total steps: 1896894	Episode: 2760/518	Avg reward: 14.95	Avg steps: 680
2020-06-24 22:33:22,237	INFO	Total steps: 1910240	Episode: 2780/539	Avg reward: 15.40	Avg steps: 666
2020-06-24 22:41:37,363	INFO	Total steps: 1924560	Episode: 2800/874	Avg reward: 15.50	Avg steps: 715
2020-06-24 22:49:04,717	INFO	Total steps: 1937446	Episode: 2820/647	Avg reward: 15.95	Avg steps: 643
2020-06-24 22:56:44,245	INFO	Total steps: 1950760	Episode: 2840/803	Avg reward: 15.15	Avg steps: 664
2020-06-24 23:04:31,001	INFO	Total steps: 1964321	Episode: 2860/556	Avg reward: 15.60	Avg steps: 677
2020-06-24 23:12:02,295	INFO	Total steps: 1977352	Episode: 2880/591	Avg reward: 15.35	Avg steps: 650
2020-06-24 23:19:50,938	INFO	Total steps: 1990908	Episode: 2900/545	Avg reward: 14.65	Avg steps: 676
2020-06-24 23:27:33,554	INFO	Total steps: 2004231	Episode: 2920/807	Avg reward: 15.70	Avg steps: 665
2020-06-24 23:35:25,894	INFO	Total steps: 2017875	Episode: 2940/540	Avg reward: 15.45	Avg steps: 681
2020-06-24 23:43:16,815	INFO	Total steps: 2031459	Episode: 2960/978	Avg reward: 15.80	Avg steps: 678
2020-06-24 23:50:16,597	INFO	Total steps: 2043590	Episode: 2980/612	Avg reward: 16.25	Avg steps: 605
2020-06-24 23:58:07,047	INFO	Total steps: 2057148	Episode: 3000/523	Avg reward: 15.65	Avg steps: 676
2020-06-25 00:05:47,545	INFO	Total steps: 2070332	Episode: 3020/690	Avg reward: 16.15	Avg steps: 658
2020-06-25 00:13:26,020	INFO	Total steps: 2083533	Episode: 3040/629	Avg reward: 15.65	Avg steps: 659
2020-06-25 00:20:52,582	INFO	Total steps: 2096397	Episode: 3060/684	Avg reward: 16.40	Avg steps: 642
2020-06-25 00:28:40,370	INFO	Total steps: 2109823	Episode: 3080/678	Avg reward: 16.15	Avg steps: 670
2020-06-25 00:35:57,099	INFO	Total steps: 2122398	Episode: 3100/580	Avg reward: 15.95	Avg steps: 627
2020-06-25 00:43:39,050	INFO	Total steps: 2135732	Episode: 3120/558	Avg reward: 15.50	Avg steps: 665
2020-06-25 00:51:28,413	INFO	Total steps: 2149323	Episode: 3140/753	Avg reward: 16.10	Avg steps: 678
2020-06-25 00:59:08,842	INFO	Total steps: 2162634	Episode: 3160/654	Avg reward: 15.15	Avg steps: 664
2020-06-25 01:06:34,555	INFO	Total steps: 2175557	Episode: 3180/722	Avg reward: 15.30	Avg steps: 645
2020-06-25 01:14:26,292	INFO	Total steps: 2189167	Episode: 3200/658	Avg reward: 15.15	Avg steps: 679
2020-06-25 01:22:23,102	INFO	Total steps: 2202940	Episode: 3220/555	Avg reward: 15.75	Avg steps: 687
2020-06-25 01:29:53,425	INFO	Total steps: 2215938	Episode: 3240/714	Avg reward: 16.90	Avg steps: 648
2020-06-25 01:38:02,772	INFO	Total steps: 2230033	Episode: 3260/869	Avg reward: 16.05	Avg steps: 703
2020-06-25 01:45:26,643	INFO	Total steps: 2242849	Episode: 3280/616	Avg reward: 16.00	Avg steps: 639
2020-06-25 01:53:12,249	INFO	Total steps: 2256338	Episode: 3300/558	Avg reward: 15.40	Avg steps: 673
2020-06-25 02:00:54,382	INFO	Total steps: 2269731	Episode: 3320/634	Avg reward: 16.65	Avg steps: 668
2020-06-25 02:08:45,754	INFO	Total steps: 2283347	Episode: 3340/835	Avg reward: 15.50	Avg steps: 679
2020-06-25 02:16:27,873	INFO	Total steps: 2296748	Episode: 3360/703	Avg reward: 16.20	Avg steps: 669
2020-06-25 02:24:03,586	INFO	Total steps: 2309855	Episode: 3380/700	Avg reward: 16.25	Avg steps: 654
2020-06-25 02:31:26,712	INFO	Total steps: 2322653	Episode: 3400/555	Avg reward: 16.55	Avg steps: 638
2020-06-25 02:39:03,044	INFO	Total steps: 2335877	Episode: 3420/615	Avg reward: 16.45	Avg steps: 660
2020-06-25 02:46:37,433	INFO	Total steps: 2348980	Episode: 3440/645	Avg reward: 16.35	Avg steps: 654
2020-06-25 02:53:59,270	INFO	Total steps: 2361703	Episode: 3460/475	Avg reward: 16.35	Avg steps: 635
2020-06-25 03:01:26,502	INFO	Total steps: 2374589	Episode: 3480/554	Avg reward: 15.75	Avg steps: 643
2020-06-25 03:09:00,968	INFO	Total steps: 2387674	Episode: 3500/674	Avg reward: 16.30	Avg steps: 653
2020-06-25 03:16:27,280	INFO	Total steps: 2400510	Episode: 3520/742	Avg reward: 16.95	Avg steps: 640
2020-06-25 03:23:37,662	INFO	Total steps: 2412775	Episode: 3540/705	Avg reward: 16.80	Avg steps: 612
2020-06-25 03:31:31,257	INFO	Total steps: 2426325	Episode: 3560/630	Avg reward: 16.55	Avg steps: 676
2020-06-25 03:39:30,997	INFO	Total steps: 2440062	Episode: 3580/673	Avg reward: 15.65	Avg steps: 685
2020-06-25 03:47:01,655	INFO	Total steps: 2452952	Episode: 3600/581	Avg reward: 16.20	Avg steps: 643
2020-06-25 03:54:33,876	INFO	Total steps: 2465859	Episode: 3620/503	Avg reward: 16.65	Avg steps: 644
2020-06-25 04:02:19,189	INFO	Total steps: 2479154	Episode: 3640/503	Avg reward: 16.90	Avg steps: 663
2020-06-25 04:09:45,656	INFO	Total steps: 2491906	Episode: 3660/653	Avg reward: 16.40	Avg steps: 636
2020-06-25 04:17:02,996	INFO	Total steps: 2504404	Episode: 3680/542	Avg reward: 17.15	Avg steps: 623
2020-06-25 04:24:03,434	INFO	Total steps: 2516424	Episode: 3700/517	Avg reward: 17.10	Avg steps: 600
2020-06-26 23:29:40,310	INFO	--width 160 --height 160 --ball 3.0 --ball-size 2.0 --snell 3.0 --snell-width 40.0 --snell-change 0 --snell-visible none --ps 3.0 --paddle-speed 3.0 --pa 60.0 --paddle-angle 60.0 --pl 45 --paddle-length 45 --lr 0.0001 --learning-rate 0.0001 --state binary --network dqn_pong_model --render False --epsdecay 1000 --replay 10000 --update-prob 0.2 --episodes 4000 --checkpoint dqn_pong_model --history history.p --store-dir ../experiments/29 
2020-06-26 23:29:40,310	INFO	Device: cuda
2020-06-26 23:30:36,246	INFO	Total steps: 7621	Episode: 20/324	Avg reward: -16.60	Avg steps: 380
2020-06-26 23:33:20,614	INFO	Total steps: 15204	Episode: 40/195	Avg reward: -16.85	Avg steps: 378
2020-06-26 23:37:12,356	INFO	Total steps: 23532	Episode: 60/434	Avg reward: -15.50	Avg steps: 415
2020-06-26 23:41:02,366	INFO	Total steps: 31600	Episode: 80/499	Avg reward: -16.35	Avg steps: 402
2020-06-26 23:45:15,082	INFO	Total steps: 40632	Episode: 100/569	Avg reward: -16.15	Avg steps: 450
2020-06-26 23:49:25,376	INFO	Total steps: 49613	Episode: 120/548	Avg reward: -15.80	Avg steps: 448
2020-06-26 23:53:41,977	INFO	Total steps: 58502	Episode: 140/648	Avg reward: -15.60	Avg steps: 443
2020-06-26 23:57:55,719	INFO	Total steps: 67209	Episode: 160/423	Avg reward: -15.45	Avg steps: 434
2020-06-27 00:02:18,569	INFO	Total steps: 76271	Episode: 180/486	Avg reward: -14.80	Avg steps: 452
2020-06-27 00:07:03,080	INFO	Total steps: 86182	Episode: 200/493	Avg reward: -14.45	Avg steps: 494
2020-06-27 00:11:49,746	INFO	Total steps: 96125	Episode: 220/726	Avg reward: -15.10	Avg steps: 496
2020-06-27 00:16:49,686	INFO	Total steps: 106029	Episode: 240/496	Avg reward: -14.10	Avg steps: 494
2020-06-27 00:22:28,564	INFO	Total steps: 116937	Episode: 260/468	Avg reward: -12.65	Avg steps: 544
2020-06-27 00:28:28,761	INFO	Total steps: 128323	Episode: 280/565	Avg reward: -12.40	Avg steps: 568
2020-06-27 00:34:30,436	INFO	Total steps: 139791	Episode: 300/516	Avg reward: -11.65	Avg steps: 572
2020-06-27 00:40:28,158	INFO	Total steps: 150979	Episode: 320/573	Avg reward: -11.30	Avg steps: 558
2020-06-27 00:46:45,734	INFO	Total steps: 162875	Episode: 340/761	Avg reward: -10.85	Avg steps: 593
2020-06-27 00:52:47,082	INFO	Total steps: 174362	Episode: 360/781	Avg reward: -12.50	Avg steps: 573
2020-06-27 00:59:25,253	INFO	Total steps: 187381	Episode: 380/735	Avg reward: -10.20	Avg steps: 649
2020-06-27 01:05:14,424	INFO	Total steps: 199413	Episode: 400/620	Avg reward: -9.75	Avg steps: 600
2020-06-27 01:10:55,998	INFO	Total steps: 210674	Episode: 420/654	Avg reward: -11.40	Avg steps: 562
2020-06-27 01:16:50,522	INFO	Total steps: 222282	Episode: 440/666	Avg reward: -11.25	Avg steps: 579
2020-06-27 01:23:30,824	INFO	Total steps: 235375	Episode: 460/590	Avg reward: -9.10	Avg steps: 653
2020-06-27 01:30:08,657	INFO	Total steps: 248342	Episode: 480/459	Avg reward: -8.95	Avg steps: 647
2020-06-27 01:36:57,660	INFO	Total steps: 261719	Episode: 500/915	Avg reward: -8.10	Avg steps: 667
2020-06-27 01:44:08,949	INFO	Total steps: 275426	Episode: 520/764	Avg reward: -8.90	Avg steps: 684
2020-06-27 01:52:04,052	INFO	Total steps: 290539	Episode: 540/499	Avg reward: -7.05	Avg steps: 754
2020-06-27 01:59:45,556	INFO	Total steps: 304937	Episode: 560/770	Avg reward: -7.20	Avg steps: 718
2020-06-27 02:07:03,671	INFO	Total steps: 318756	Episode: 580/788	Avg reward: -7.15	Avg steps: 689
2020-06-27 02:14:34,292	INFO	Total steps: 333027	Episode: 600/342	Avg reward: -6.75	Avg steps: 712
2020-06-27 02:22:44,273	INFO	Total steps: 348470	Episode: 620/802	Avg reward: -5.30	Avg steps: 771
2020-06-27 02:31:25,446	INFO	Total steps: 364855	Episode: 640/902	Avg reward: -3.45	Avg steps: 818
2020-06-27 02:39:12,080	INFO	Total steps: 380003	Episode: 660/754	Avg reward: -6.90	Avg steps: 756
2020-06-27 02:47:09,596	INFO	Total steps: 395279	Episode: 680/869	Avg reward: -3.35	Avg steps: 762
2020-06-27 02:55:32,878	INFO	Total steps: 411360	Episode: 700/1179	Avg reward: -2.75	Avg steps: 803
2020-06-27 03:04:16,785	INFO	Total steps: 428165	Episode: 720/770	Avg reward: 0.50	Avg steps: 839
2020-06-27 03:13:40,239	INFO	Total steps: 446363	Episode: 740/843	Avg reward: 0.30	Avg steps: 908
2020-06-27 03:22:15,691	INFO	Total steps: 463237	Episode: 760/723	Avg reward: -1.55	Avg steps: 842
2020-06-27 03:30:26,480	INFO	Total steps: 479039	Episode: 780/657	Avg reward: -0.60	Avg steps: 789
2020-06-27 03:40:01,382	INFO	Total steps: 497290	Episode: 800/817	Avg reward: 0.80	Avg steps: 911
2020-06-27 03:48:06,532	INFO	Total steps: 512800	Episode: 820/747	Avg reward: -3.25	Avg steps: 774
2020-06-27 03:57:05,356	INFO	Total steps: 530034	Episode: 840/688	Avg reward: 2.65	Avg steps: 860
2020-06-27 04:05:54,917	INFO	Total steps: 546926	Episode: 860/1241	Avg reward: 0.75	Avg steps: 843
2020-06-27 04:14:41,323	INFO	Total steps: 563611	Episode: 880/527	Avg reward: 0.40	Avg steps: 833
2020-06-27 04:23:34,416	INFO	Total steps: 580582	Episode: 900/1013	Avg reward: 0.75	Avg steps: 847
2020-06-27 04:32:25,635	INFO	Total steps: 597476	Episode: 920/926	Avg reward: 0.50	Avg steps: 843
2020-06-27 04:41:48,328	INFO	Total steps: 615391	Episode: 940/1175	Avg reward: 3.55	Avg steps: 894
2020-06-27 04:50:53,918	INFO	Total steps: 632827	Episode: 960/731	Avg reward: 5.65	Avg steps: 870
2020-06-27 04:59:13,741	INFO	Total steps: 648824	Episode: 980/706	Avg reward: 6.05	Avg steps: 798
2020-06-27 05:07:51,692	INFO	Total steps: 665221	Episode: 1000/834	Avg reward: 8.00	Avg steps: 818
2020-06-27 05:16:50,312	INFO	Total steps: 682412	Episode: 1020/917	Avg reward: 6.00	Avg steps: 858
2020-06-27 05:25:47,546	INFO	Total steps: 699659	Episode: 1040/867	Avg reward: 3.85	Avg steps: 861
2020-06-27 05:34:39,175	INFO	Total steps: 716839	Episode: 1060/797	Avg reward: 8.05	Avg steps: 858
2020-06-27 05:43:26,372	INFO	Total steps: 733682	Episode: 1080/889	Avg reward: 7.80	Avg steps: 841
2020-06-27 05:52:16,402	INFO	Total steps: 750474	Episode: 1100/740	Avg reward: 8.55	Avg steps: 838
2020-06-27 06:00:24,691	INFO	Total steps: 765856	Episode: 1120/760	Avg reward: 8.70	Avg steps: 768
2020-06-27 06:08:47,132	INFO	Total steps: 781966	Episode: 1140/870	Avg reward: 8.00	Avg steps: 804
2020-06-27 06:16:48,885	INFO	Total steps: 797226	Episode: 1160/791	Avg reward: 8.25	Avg steps: 762
2020-06-27 06:24:53,745	INFO	Total steps: 812583	Episode: 1180/716	Avg reward: 7.30	Avg steps: 766
2020-06-27 06:33:15,188	INFO	Total steps: 828340	Episode: 1200/605	Avg reward: 8.45	Avg steps: 786
2020-06-27 06:41:38,014	INFO	Total steps: 844152	Episode: 1220/603	Avg reward: 7.30	Avg steps: 789
2020-06-27 06:49:17,125	INFO	Total steps: 858578	Episode: 1240/669	Avg reward: 10.05	Avg steps: 720
2020-06-27 06:58:33,546	INFO	Total steps: 876001	Episode: 1260/1007	Avg reward: 9.55	Avg steps: 870
2020-06-27 07:07:04,443	INFO	Total steps: 891983	Episode: 1280/789	Avg reward: 8.95	Avg steps: 798
2020-06-27 07:15:30,221	INFO	Total steps: 907799	Episode: 1300/624	Avg reward: 7.65	Avg steps: 789
2020-06-27 07:23:46,645	INFO	Total steps: 923363	Episode: 1320/755	Avg reward: 8.75	Avg steps: 777
2020-06-27 07:31:48,454	INFO	Total steps: 938445	Episode: 1340/807	Avg reward: 10.35	Avg steps: 753
2020-06-27 07:39:41,580	INFO	Total steps: 953276	Episode: 1360/581	Avg reward: 11.40	Avg steps: 740
2020-06-27 07:47:52,467	INFO	Total steps: 968814	Episode: 1380/756	Avg reward: 8.90	Avg steps: 775
2020-06-27 07:55:44,316	INFO	Total steps: 983638	Episode: 1400/617	Avg reward: 11.30	Avg steps: 740
2020-06-27 08:03:41,005	INFO	Total steps: 998829	Episode: 1420/1019	Avg reward: 9.90	Avg steps: 758
2020-06-27 08:12:07,126	INFO	Total steps: 1014532	Episode: 1440/606	Avg reward: 10.35	Avg steps: 784
2020-06-27 08:20:17,372	INFO	Total steps: 1029907	Episode: 1460/722	Avg reward: 12.70	Avg steps: 767
2020-06-27 08:28:31,981	INFO	Total steps: 1045432	Episode: 1480/695	Avg reward: 11.30	Avg steps: 775
2020-06-27 08:36:21,712	INFO	Total steps: 1060217	Episode: 1500/838	Avg reward: 12.90	Avg steps: 738
2020-06-27 08:44:24,166	INFO	Total steps: 1075394	Episode: 1520/532	Avg reward: 13.35	Avg steps: 757
2020-06-27 08:51:55,737	INFO	Total steps: 1089603	Episode: 1540/669	Avg reward: 13.85	Avg steps: 709
2020-06-27 09:00:01,559	INFO	Total steps: 1104741	Episode: 1560/642	Avg reward: 12.70	Avg steps: 755
2020-06-27 09:07:32,679	INFO	Total steps: 1118832	Episode: 1580/820	Avg reward: 13.85	Avg steps: 703
2020-06-27 09:15:24,667	INFO	Total steps: 1133768	Episode: 1600/695	Avg reward: 12.00	Avg steps: 745
2020-06-27 09:23:04,035	INFO	Total steps: 1148439	Episode: 1620/795	Avg reward: 13.55	Avg steps: 732
2020-06-27 09:30:38,282	INFO	Total steps: 1162833	Episode: 1640/831	Avg reward: 13.00	Avg steps: 718
2020-06-27 09:37:58,978	INFO	Total steps: 1176728	Episode: 1660/749	Avg reward: 13.10	Avg steps: 693
2020-06-27 09:45:18,646	INFO	Total steps: 1190684	Episode: 1680/916	Avg reward: 12.95	Avg steps: 696
2020-06-27 09:52:03,587	INFO	Total steps: 1203525	Episode: 1700/713	Avg reward: 14.25	Avg steps: 641
2020-06-27 09:59:51,416	INFO	Total steps: 1218092	Episode: 1720/609	Avg reward: 14.80	Avg steps: 727
2020-06-27 10:07:06,952	INFO	Total steps: 1231765	Episode: 1740/643	Avg reward: 13.50	Avg steps: 682
2020-06-27 10:14:23,546	INFO	Total steps: 1245591	Episode: 1760/717	Avg reward: 14.20	Avg steps: 690
2020-06-27 10:22:07,764	INFO	Total steps: 1260089	Episode: 1780/986	Avg reward: 13.15	Avg steps: 723
2020-06-27 10:29:17,013	INFO	Total steps: 1273464	Episode: 1800/874	Avg reward: 13.95	Avg steps: 667
2020-06-27 10:37:20,827	INFO	Total steps: 1288621	Episode: 1820/901	Avg reward: 13.75	Avg steps: 756
2020-06-27 10:44:38,884	INFO	Total steps: 1302383	Episode: 1840/624	Avg reward: 13.50	Avg steps: 687
2020-06-27 10:52:11,998	INFO	Total steps: 1316578	Episode: 1860/640	Avg reward: 13.55	Avg steps: 708
2020-06-27 10:59:14,122	INFO	Total steps: 1329717	Episode: 1880/598	Avg reward: 14.00	Avg steps: 655
2020-06-27 11:06:46,808	INFO	Total steps: 1343853	Episode: 1900/921	Avg reward: 14.55	Avg steps: 705
2020-06-27 11:14:34,495	INFO	Total steps: 1358134	Episode: 1920/860	Avg reward: 14.10	Avg steps: 713
2020-06-27 11:22:25,491	INFO	Total steps: 1372652	Episode: 1940/517	Avg reward: 14.70	Avg steps: 724
2020-06-27 11:29:22,043	INFO	Total steps: 1385597	Episode: 1960/542	Avg reward: 15.75	Avg steps: 646
2020-06-27 11:36:56,576	INFO	Total steps: 1399715	Episode: 1980/888	Avg reward: 14.60	Avg steps: 704
2020-06-27 11:44:08,434	INFO	Total steps: 1412921	Episode: 2000/589	Avg reward: 15.80	Avg steps: 659
2020-06-27 11:51:30,079	INFO	Total steps: 1426476	Episode: 2020/548	Avg reward: 14.35	Avg steps: 676
2020-06-27 11:58:43,789	INFO	Total steps: 1439779	Episode: 2040/971	Avg reward: 15.15	Avg steps: 664
2020-06-27 12:06:16,671	INFO	Total steps: 1453784	Episode: 2060/818	Avg reward: 15.80	Avg steps: 699
2020-06-27 12:13:50,584	INFO	Total steps: 1467738	Episode: 2080/660	Avg reward: 15.40	Avg steps: 696
2020-06-27 12:20:42,536	INFO	Total steps: 1480527	Episode: 2100/563	Avg reward: 15.55	Avg steps: 638
2020-06-27 12:28:15,080	INFO	Total steps: 1494309	Episode: 2120/724	Avg reward: 15.20	Avg steps: 688
2020-06-27 12:35:49,509	INFO	Total steps: 1508249	Episode: 2140/557	Avg reward: 14.55	Avg steps: 696
2020-06-27 12:42:50,763	INFO	Total steps: 1521161	Episode: 2160/532	Avg reward: 15.45	Avg steps: 644
2020-06-27 12:49:57,089	INFO	Total steps: 1534109	Episode: 2180/523	Avg reward: 16.15	Avg steps: 646
2020-06-27 12:57:07,111	INFO	Total steps: 1547393	Episode: 2200/543	Avg reward: 16.85	Avg steps: 663
2020-06-27 13:04:42,042	INFO	Total steps: 1561317	Episode: 2220/587	Avg reward: 15.70	Avg steps: 695
2020-06-27 13:11:57,534	INFO	Total steps: 1574737	Episode: 2240/655	Avg reward: 15.80	Avg steps: 670
2020-06-27 13:18:49,284	INFO	Total steps: 1587436	Episode: 2260/520	Avg reward: 15.45	Avg steps: 633
2020-06-27 13:26:13,224	INFO	Total steps: 1601099	Episode: 2280/710	Avg reward: 14.95	Avg steps: 682
2020-06-27 13:33:07,400	INFO	Total steps: 1613939	Episode: 2300/669	Avg reward: 15.65	Avg steps: 641
2020-06-27 13:40:22,956	INFO	Total steps: 1627358	Episode: 2320/605	Avg reward: 15.15	Avg steps: 669
2020-06-27 13:47:24,791	INFO	Total steps: 1640514	Episode: 2340/760	Avg reward: 16.25	Avg steps: 656
2020-06-27 13:54:17,180	INFO	Total steps: 1653392	Episode: 2360/726	Avg reward: 15.95	Avg steps: 642
2020-06-27 14:01:38,586	INFO	Total steps: 1666878	Episode: 2380/734	Avg reward: 16.30	Avg steps: 673
2020-06-27 14:08:28,239	INFO	Total steps: 1679523	Episode: 2400/608	Avg reward: 16.15	Avg steps: 631
2020-06-27 14:15:37,150	INFO	Total steps: 1692673	Episode: 2420/665	Avg reward: 16.20	Avg steps: 656
2020-06-27 14:22:44,327	INFO	Total steps: 1705939	Episode: 2440/785	Avg reward: 15.55	Avg steps: 662
2020-06-27 14:29:30,888	INFO	Total steps: 1718550	Episode: 2460/673	Avg reward: 16.20	Avg steps: 629
2020-06-27 14:36:39,293	INFO	Total steps: 1731752	Episode: 2480/670	Avg reward: 16.15	Avg steps: 659
2020-06-27 14:43:17,130	INFO	Total steps: 1744039	Episode: 2500/617	Avg reward: 16.95	Avg steps: 613
2020-06-27 14:50:42,818	INFO	Total steps: 1757791	Episode: 2520/510	Avg reward: 16.00	Avg steps: 686
2020-06-27 14:58:00,863	INFO	Total steps: 1771184	Episode: 2540/737	Avg reward: 14.95	Avg steps: 668
2020-06-27 15:05:10,870	INFO	Total steps: 1784519	Episode: 2560/825	Avg reward: 15.65	Avg steps: 665
2020-06-27 15:11:56,264	INFO	Total steps: 1797123	Episode: 2580/689	Avg reward: 16.70	Avg steps: 629
2020-06-27 15:18:36,823	INFO	Total steps: 1809403	Episode: 2600/606	Avg reward: 15.50	Avg steps: 613
2020-06-27 15:25:34,397	INFO	Total steps: 1822302	Episode: 2620/497	Avg reward: 16.50	Avg steps: 643
2020-06-27 15:32:03,186	INFO	Total steps: 1834130	Episode: 2640/454	Avg reward: 16.50	Avg steps: 590
2020-06-27 15:38:25,715	INFO	Total steps: 1845975	Episode: 2660/579	Avg reward: 16.35	Avg steps: 591
2020-06-27 15:45:02,814	INFO	Total steps: 1858333	Episode: 2680/531	Avg reward: 16.70	Avg steps: 616
2020-06-27 15:51:56,236	INFO	Total steps: 1871025	Episode: 2700/648	Avg reward: 16.90	Avg steps: 633
2020-06-27 15:58:42,309	INFO	Total steps: 1883595	Episode: 2720/487	Avg reward: 16.75	Avg steps: 627
2020-06-27 16:06:04,696	INFO	Total steps: 1897286	Episode: 2740/543	Avg reward: 16.30	Avg steps: 683
2020-06-27 16:13:26,844	INFO	Total steps: 1910871	Episode: 2760/500	Avg reward: 15.95	Avg steps: 678
2020-06-27 16:20:28,763	INFO	Total steps: 1923900	Episode: 2780/634	Avg reward: 16.65	Avg steps: 650
2020-06-27 16:27:30,240	INFO	Total steps: 1937119	Episode: 2800/537	Avg reward: 16.55	Avg steps: 659
2020-06-27 16:34:10,041	INFO	Total steps: 1949501	Episode: 2820/736	Avg reward: 16.40	Avg steps: 618
2020-06-27 16:40:46,306	INFO	Total steps: 1961631	Episode: 2840/587	Avg reward: 16.65	Avg steps: 605
2020-06-27 16:47:24,822	INFO	Total steps: 1973856	Episode: 2860/754	Avg reward: 16.55	Avg steps: 610
2020-06-27 16:54:19,252	INFO	Total steps: 1986503	Episode: 2880/536	Avg reward: 17.20	Avg steps: 631
2020-06-27 17:01:23,650	INFO	Total steps: 1999484	Episode: 2900/545	Avg reward: 16.30	Avg steps: 648
2020-06-27 17:08:20,348	INFO	Total steps: 2012210	Episode: 2920/558	Avg reward: 16.20	Avg steps: 635
2020-06-27 17:15:34,466	INFO	Total steps: 2025425	Episode: 2940/518	Avg reward: 15.80	Avg steps: 659
2020-06-27 17:22:43,014	INFO	Total steps: 2038408	Episode: 2960/751	Avg reward: 16.90	Avg steps: 648
2020-06-27 17:29:37,232	INFO	Total steps: 2050934	Episode: 2980/694	Avg reward: 16.10	Avg steps: 625
2020-06-27 17:37:12,731	INFO	Total steps: 2064688	Episode: 3000/557	Avg reward: 16.75	Avg steps: 686
2020-06-27 17:44:19,930	INFO	Total steps: 2077538	Episode: 3020/532	Avg reward: 17.90	Avg steps: 641
2020-06-27 17:51:37,278	INFO	Total steps: 2090787	Episode: 3040/750	Avg reward: 17.00	Avg steps: 661
2020-06-27 17:58:49,091	INFO	Total steps: 2104013	Episode: 3060/667	Avg reward: 17.10	Avg steps: 660
2020-06-27 18:05:20,500	INFO	Total steps: 2115952	Episode: 3080/483	Avg reward: 16.50	Avg steps: 595
2020-06-27 18:12:09,893	INFO	Total steps: 2128407	Episode: 3100/586	Avg reward: 17.55	Avg steps: 621
2020-06-27 18:18:57,323	INFO	Total steps: 2141039	Episode: 3120/579	Avg reward: 17.00	Avg steps: 630
2020-06-27 18:25:44,034	INFO	Total steps: 2153533	Episode: 3140/510	Avg reward: 17.45	Avg steps: 623
2020-06-27 18:32:52,165	INFO	Total steps: 2166458	Episode: 3160/507	Avg reward: 17.25	Avg steps: 645
2020-06-27 18:39:48,933	INFO	Total steps: 2179106	Episode: 3180/624	Avg reward: 16.65	Avg steps: 631
2020-06-27 18:47:18,194	INFO	Total steps: 2192974	Episode: 3200/499	Avg reward: 16.55	Avg steps: 692
2020-06-27 18:53:53,055	INFO	Total steps: 2205123	Episode: 3220/713	Avg reward: 17.55	Avg steps: 606
2020-06-27 19:00:36,613	INFO	Total steps: 2217444	Episode: 3240/676	Avg reward: 16.95	Avg steps: 615
2020-06-27 19:07:43,136	INFO	Total steps: 2230439	Episode: 3260/714	Avg reward: 17.20	Avg steps: 648
2020-06-27 19:14:32,299	INFO	Total steps: 2243008	Episode: 3280/623	Avg reward: 17.65	Avg steps: 627
2020-06-27 19:21:20,591	INFO	Total steps: 2255628	Episode: 3300/847	Avg reward: 17.15	Avg steps: 630
2020-06-27 19:27:51,464	INFO	Total steps: 2267606	Episode: 3320/454	Avg reward: 17.65	Avg steps: 597
2020-06-27 19:34:39,409	INFO	Total steps: 2280110	Episode: 3340/831	Avg reward: 17.25	Avg steps: 624
2020-06-27 19:41:28,674	INFO	Total steps: 2292616	Episode: 3360/501	Avg reward: 17.75	Avg steps: 624
2020-06-27 19:49:15,799	INFO	Total steps: 2306802	Episode: 3380/597	Avg reward: 16.80	Avg steps: 708
2020-06-27 19:56:04,893	INFO	Total steps: 2319302	Episode: 3400/476	Avg reward: 17.55	Avg steps: 624
2020-06-27 20:02:38,693	INFO	Total steps: 2331246	Episode: 3420/581	Avg reward: 17.20	Avg steps: 596
2020-06-27 20:09:31,102	INFO	Total steps: 2343845	Episode: 3440/538	Avg reward: 17.45	Avg steps: 628
2020-06-27 20:16:31,547	INFO	Total steps: 2356541	Episode: 3460/689	Avg reward: 16.95	Avg steps: 633
2020-06-27 20:23:45,272	INFO	Total steps: 2369538	Episode: 3480/563	Avg reward: 16.90	Avg steps: 648
2020-06-27 20:31:03,983	INFO	Total steps: 2382818	Episode: 3500/591	Avg reward: 17.65	Avg steps: 663
2020-06-27 20:38:01,420	INFO	Total steps: 2395413	Episode: 3520/626	Avg reward: 17.50	Avg steps: 628
2020-06-27 20:44:59,070	INFO	Total steps: 2408080	Episode: 3540/573	Avg reward: 17.50	Avg steps: 632
2020-06-27 20:52:00,863	INFO	Total steps: 2420722	Episode: 3560/665	Avg reward: 17.50	Avg steps: 631
2020-06-27 20:58:51,358	INFO	Total steps: 2433112	Episode: 3580/678	Avg reward: 17.65	Avg steps: 618
2020-06-27 21:05:40,105	INFO	Total steps: 2445341	Episode: 3600/662	Avg reward: 16.95	Avg steps: 610
2020-06-27 21:12:45,266	INFO	Total steps: 2458092	Episode: 3620/512	Avg reward: 17.50	Avg steps: 636
2020-06-27 21:19:18,639	INFO	Total steps: 2469973	Episode: 3640/514	Avg reward: 17.90	Avg steps: 593
2020-06-27 21:26:20,656	INFO	Total steps: 2482619	Episode: 3660/725	Avg reward: 17.55	Avg steps: 631
2020-06-27 21:33:11,545	INFO	Total steps: 2495036	Episode: 3680/503	Avg reward: 18.05	Avg steps: 619
2020-06-27 21:40:08,189	INFO	Total steps: 2507437	Episode: 3700/705	Avg reward: 17.40	Avg steps: 619
2020-06-27 21:47:03,525	INFO	Total steps: 2519931	Episode: 3720/947	Avg reward: 16.70	Avg steps: 623
2020-06-27 21:53:59,354	INFO	Total steps: 2532466	Episode: 3740/659	Avg reward: 17.00	Avg steps: 625
2020-06-27 22:01:01,030	INFO	Total steps: 2545202	Episode: 3760/767	Avg reward: 16.85	Avg steps: 635
2020-06-27 22:08:26,431	INFO	Total steps: 2558523	Episode: 3780/752	Avg reward: 17.65	Avg steps: 665
2020-06-27 22:15:38,768	INFO	Total steps: 2571495	Episode: 3800/655	Avg reward: 17.15	Avg steps: 647
2020-06-27 22:22:33,433	INFO	Total steps: 2584034	Episode: 3820/578	Avg reward: 17.65	Avg steps: 625
2020-06-27 22:29:33,596	INFO	Total steps: 2596612	Episode: 3840/429	Avg reward: 18.05	Avg steps: 627
2020-06-27 22:36:57,442	INFO	Total steps: 2609959	Episode: 3860/832	Avg reward: 17.05	Avg steps: 666
2020-06-27 22:43:56,054	INFO	Total steps: 2622481	Episode: 3880/569	Avg reward: 17.50	Avg steps: 625
2020-06-27 22:50:40,304	INFO	Total steps: 2634563	Episode: 3900/650	Avg reward: 17.90	Avg steps: 603
2020-06-27 22:57:31,845	INFO	Total steps: 2646955	Episode: 3920/808	Avg reward: 17.60	Avg steps: 618
2020-06-27 23:03:51,811	INFO	Total steps: 2658315	Episode: 3940/622	Avg reward: 17.95	Avg steps: 567
2020-06-27 23:11:27,526	INFO	Total steps: 2671912	Episode: 3960/589	Avg reward: 18.30	Avg steps: 678
2020-06-27 23:18:21,227	INFO	Total steps: 2684194	Episode: 3980/488	Avg reward: 17.10	Avg steps: 613
2020-06-27 23:25:12,806	INFO	Total steps: 2696587	Episode: 4000/675	Avg reward: 17.60	Avg steps: 618
