2020-07-20 04:03:04,370	INFO	--width 160 --height 160 --ball 1.0 --ball-size 2.0 --snell 1.0 --snell-width 80.0 --snell-change 0.01 --snell-visible none --paddle-speed 1.0 --paddle-angle 70.0 --paddle-length 20.0 --update-prob 0.4 --state binary --learning-rate 0.0001 --network lstm --render False --epsdecay 1000 --episodes 8000 --replay 1000 --batch-size 10 --checkpoint dqn_pong_model --history history.p --store-dir ../experiments/106 
2020-07-20 04:03:04,370	INFO	Device: cuda
2020-07-20 04:05:17,508	INFO	Total steps: 13722	Episode: 20/578	Avg reward: -19.15	Avg steps: 685
2020-07-20 04:07:23,531	INFO	Total steps: 27585	Episode: 40/909	Avg reward: -19.15	Avg steps: 692
2020-07-20 04:09:24,165	INFO	Total steps: 40331	Episode: 60/738	Avg reward: -19.60	Avg steps: 636
2020-07-20 04:11:26,253	INFO	Total steps: 53012	Episode: 80/593	Avg reward: -19.75	Avg steps: 633
2020-07-20 04:13:38,647	INFO	Total steps: 65277	Episode: 100/1128	Avg reward: -19.65	Avg steps: 612
2020-07-20 04:19:51,115	INFO	Total steps: 80757	Episode: 120/438	Avg reward: -19.35	Avg steps: 773
2020-07-20 04:26:21,596	INFO	Total steps: 96950	Episode: 140/663	Avg reward: -19.30	Avg steps: 808
2020-07-20 04:34:07,717	INFO	Total steps: 116268	Episode: 160/965	Avg reward: -19.00	Avg steps: 964
2020-07-20 04:42:33,866	INFO	Total steps: 136852	Episode: 180/1126	Avg reward: -18.65	Avg steps: 1028
2020-07-20 04:51:43,229	INFO	Total steps: 159160	Episode: 200/841	Avg reward: -18.90	Avg steps: 1114
2020-07-20 04:59:34,291	INFO	Total steps: 178205	Episode: 220/788	Avg reward: -18.20	Avg steps: 951
2020-07-20 05:07:06,706	INFO	Total steps: 196646	Episode: 240/1300	Avg reward: -18.65	Avg steps: 921
2020-07-20 05:15:37,982	INFO	Total steps: 217215	Episode: 260/1059	Avg reward: -18.50	Avg steps: 1027
2020-07-20 05:23:02,114	INFO	Total steps: 235112	Episode: 280/825	Avg reward: -18.00	Avg steps: 893
2020-07-20 05:31:44,844	INFO	Total steps: 256066	Episode: 300/1383	Avg reward: -18.80	Avg steps: 1046
2020-07-20 05:40:24,258	INFO	Total steps: 276756	Episode: 320/1693	Avg reward: -18.70	Avg steps: 1033
2020-07-20 05:49:22,483	INFO	Total steps: 298358	Episode: 340/920	Avg reward: -17.70	Avg steps: 1079
2020-07-20 05:58:11,002	INFO	Total steps: 319542	Episode: 360/865	Avg reward: -18.45	Avg steps: 1058
2020-07-20 06:06:32,381	INFO	Total steps: 340473	Episode: 380/1095	Avg reward: -18.50	Avg steps: 1045
2020-07-20 06:15:43,576	INFO	Total steps: 364222	Episode: 400/1340	Avg reward: -18.50	Avg steps: 1186
2020-07-20 06:24:30,802	INFO	Total steps: 386976	Episode: 420/884	Avg reward: -18.50	Avg steps: 1136
2020-07-20 06:33:03,415	INFO	Total steps: 409433	Episode: 440/1802	Avg reward: -17.90	Avg steps: 1121
2020-07-20 06:41:31,682	INFO	Total steps: 431504	Episode: 460/812	Avg reward: -18.00	Avg steps: 1102
2020-07-20 06:50:00,480	INFO	Total steps: 453783	Episode: 480/820	Avg reward: -17.95	Avg steps: 1112
2020-07-20 07:00:08,347	INFO	Total steps: 479977	Episode: 500/1353	Avg reward: -17.40	Avg steps: 1308
2020-07-20 07:09:19,307	INFO	Total steps: 505004	Episode: 520/808	Avg reward: -18.20	Avg steps: 1250
2020-07-20 07:17:43,323	INFO	Total steps: 530756	Episode: 540/1082	Avg reward: -17.95	Avg steps: 1286
2020-07-20 07:26:14,685	INFO	Total steps: 556807	Episode: 560/1755	Avg reward: -17.85	Avg steps: 1301
2020-07-20 07:34:31,478	INFO	Total steps: 582684	Episode: 580/1162	Avg reward: -17.40	Avg steps: 1292
2020-07-20 07:43:20,872	INFO	Total steps: 609710	Episode: 600/2022	Avg reward: -16.85	Avg steps: 1350
2020-07-20 07:53:02,310	INFO	Total steps: 638682	Episode: 620/1197	Avg reward: -17.45	Avg steps: 1447
2020-07-20 08:01:27,807	INFO	Total steps: 664090	Episode: 640/1874	Avg reward: -17.05	Avg steps: 1269
2020-07-20 08:09:37,151	INFO	Total steps: 689182	Episode: 660/1192	Avg reward: -17.75	Avg steps: 1253
2020-07-20 08:18:31,791	INFO	Total steps: 717195	Episode: 680/1267	Avg reward: -17.85	Avg steps: 1399
2020-07-20 08:27:01,972	INFO	Total steps: 743814	Episode: 700/1529	Avg reward: -16.90	Avg steps: 1329
2020-07-20 08:35:48,231	INFO	Total steps: 771184	Episode: 720/1469	Avg reward: -16.40	Avg steps: 1367
2020-07-20 08:44:29,465	INFO	Total steps: 798643	Episode: 740/869	Avg reward: -16.70	Avg steps: 1371
2020-07-20 08:54:46,458	INFO	Total steps: 830214	Episode: 760/654	Avg reward: -16.85	Avg steps: 1577
2020-07-20 09:06:48,195	INFO	Total steps: 867248	Episode: 780/2040	Avg reward: -17.95	Avg steps: 1850
2020-07-20 09:17:25,662	INFO	Total steps: 900643	Episode: 800/1045	Avg reward: -15.25	Avg steps: 1668
2020-07-20 09:27:51,430	INFO	Total steps: 933502	Episode: 820/2396	Avg reward: -14.85	Avg steps: 1641
2020-07-20 09:39:02,647	INFO	Total steps: 968501	Episode: 840/1094	Avg reward: -15.50	Avg steps: 1748
2020-07-20 09:51:09,687	INFO	Total steps: 1006433	Episode: 860/1926	Avg reward: -14.20	Avg steps: 1895
2020-07-20 10:02:51,827	INFO	Total steps: 1043221	Episode: 880/2430	Avg reward: -16.25	Avg steps: 1838
2020-07-20 10:15:16,603	INFO	Total steps: 1082374	Episode: 900/1753	Avg reward: -14.70	Avg steps: 1956
2020-07-20 10:26:50,284	INFO	Total steps: 1118869	Episode: 920/1395	Avg reward: -15.95	Avg steps: 1823
2020-07-20 10:37:49,659	INFO	Total steps: 1153432	Episode: 940/2458	Avg reward: -15.80	Avg steps: 1727
2020-07-20 10:49:34,334	INFO	Total steps: 1190762	Episode: 960/2333	Avg reward: -14.90	Avg steps: 1865
2020-07-20 11:02:38,858	INFO	Total steps: 1231504	Episode: 980/1443	Avg reward: -14.10	Avg steps: 2036
2020-07-20 11:16:11,400	INFO	Total steps: 1273803	Episode: 1000/2100	Avg reward: -13.90	Avg steps: 2113
2020-07-20 11:31:23,440	INFO	Total steps: 1320575	Episode: 1020/2132	Avg reward: -15.00	Avg steps: 2337
2020-07-20 11:47:01,726	INFO	Total steps: 1368896	Episode: 1040/2253	Avg reward: -13.95	Avg steps: 2415
2020-07-20 12:02:00,913	INFO	Total steps: 1415043	Episode: 1060/2502	Avg reward: -12.90	Avg steps: 2306
2020-07-20 12:16:38,310	INFO	Total steps: 1459892	Episode: 1080/2134	Avg reward: -12.55	Avg steps: 2241
2020-07-20 12:31:14,964	INFO	Total steps: 1504638	Episode: 1100/1877	Avg reward: -13.65	Avg steps: 2236
2020-07-20 12:46:19,031	INFO	Total steps: 1550376	Episode: 1120/2069	Avg reward: -12.65	Avg steps: 2285
2020-07-20 13:02:19,323	INFO	Total steps: 1599092	Episode: 1140/2250	Avg reward: -13.80	Avg steps: 2434
2020-07-20 13:19:58,188	INFO	Total steps: 1652881	Episode: 1160/2127	Avg reward: -14.95	Avg steps: 2688
2020-07-20 13:36:13,030	INFO	Total steps: 1702729	Episode: 1180/2679	Avg reward: -14.30	Avg steps: 2491
2020-07-20 13:54:30,821	INFO	Total steps: 1759076	Episode: 1200/3711	Avg reward: -13.45	Avg steps: 2816
2020-07-20 14:12:21,777	INFO	Total steps: 1814913	Episode: 1220/2907	Avg reward: -14.40	Avg steps: 2790
2020-07-20 14:28:41,715	INFO	Total steps: 1865932	Episode: 1240/2386	Avg reward: -12.90	Avg steps: 2549
2020-07-20 14:45:10,322	INFO	Total steps: 1917348	Episode: 1260/3220	Avg reward: -11.00	Avg steps: 2569
2020-07-20 15:02:11,336	INFO	Total steps: 1970687	Episode: 1280/3213	Avg reward: -11.45	Avg steps: 2665
2020-07-20 15:20:59,125	INFO	Total steps: 2029759	Episode: 1300/3479	Avg reward: -12.15	Avg steps: 2952
2020-07-20 15:39:50,518	INFO	Total steps: 2088463	Episode: 1320/3372	Avg reward: -11.15	Avg steps: 2934
2020-07-20 15:58:50,606	INFO	Total steps: 2147349	Episode: 1340/2852	Avg reward: -11.75	Avg steps: 2943
2020-07-20 16:18:06,092	INFO	Total steps: 2207047	Episode: 1360/3005	Avg reward: -11.10	Avg steps: 2983
2020-07-20 16:36:48,586	INFO	Total steps: 2264726	Episode: 1380/3480	Avg reward: -9.30	Avg steps: 2882
2020-07-21 20:25:43,593	INFO	--width 160 --height 160 --ball 1.0 --ball-size 2.0 --snell 1.0 --snell-width 80.0 --snell-change 0.01 --snell-visible none --paddle-speed 1.0 --paddle-angle 70.0 --paddle-length 20.0 --update-prob 0.4 --state binary --learning-rate 0.0001 --network lstm --render False --epsdecay 1000 --episodes 8000 --replay 1000 --batch-size 10 --checkpoint dqn_pong_model --history history.p --store-dir ../experiments/106 
2020-07-21 20:25:43,737	INFO	Device: cuda
2020-07-21 20:28:37,663	INFO	Total steps: 14188	Episode: 20/611	Avg reward: -19.60	Avg steps: 708
2020-07-21 20:31:32,422	INFO	Total steps: 28856	Episode: 40/661	Avg reward: -19.40	Avg steps: 732
2020-07-21 20:34:39,947	INFO	Total steps: 43916	Episode: 60/966	Avg reward: -19.30	Avg steps: 752
2020-07-21 20:37:24,300	INFO	Total steps: 57359	Episode: 80/706	Avg reward: -19.60	Avg steps: 671
2020-07-21 20:40:21,159	INFO	Total steps: 71083	Episode: 100/726	Avg reward: -19.35	Avg steps: 685
2020-07-21 20:47:02,511	INFO	Total steps: 85456	Episode: 120/658	Avg reward: -19.55	Avg steps: 717
2020-07-21 20:55:09,162	INFO	Total steps: 102607	Episode: 140/767	Avg reward: -19.45	Avg steps: 856
2020-07-21 21:04:48,207	INFO	Total steps: 122832	Episode: 160/1548	Avg reward: -18.60	Avg steps: 1010
2020-07-21 21:15:29,564	INFO	Total steps: 145494	Episode: 180/1243	Avg reward: -18.95	Avg steps: 1132
2020-07-21 21:24:00,359	INFO	Total steps: 163917	Episode: 200/862	Avg reward: -19.10	Avg steps: 920
2020-07-21 21:33:48,031	INFO	Total steps: 185262	Episode: 220/836	Avg reward: -18.85	Avg steps: 1066
2020-07-21 21:43:23,875	INFO	Total steps: 206122	Episode: 240/1452	Avg reward: -18.05	Avg steps: 1042
2020-07-21 21:52:17,113	INFO	Total steps: 226081	Episode: 260/750	Avg reward: -18.55	Avg steps: 996
2020-07-21 22:01:33,743	INFO	Total steps: 247131	Episode: 280/1100	Avg reward: -18.30	Avg steps: 1051
2020-07-21 22:10:02,327	INFO	Total steps: 266192	Episode: 300/1177	Avg reward: -19.10	Avg steps: 952
2020-07-21 22:19:32,307	INFO	Total steps: 287235	Episode: 320/1832	Avg reward: -18.85	Avg steps: 1051
2020-07-21 22:29:35,199	INFO	Total steps: 309873	Episode: 340/950	Avg reward: -17.85	Avg steps: 1130
2020-07-21 22:39:04,232	INFO	Total steps: 331826	Episode: 360/1213	Avg reward: -18.30	Avg steps: 1096
2020-07-21 22:48:29,036	INFO	Total steps: 352680	Episode: 380/775	Avg reward: -18.20	Avg steps: 1041
2020-07-21 22:59:04,466	INFO	Total steps: 375824	Episode: 400/1441	Avg reward: -18.45	Avg steps: 1156
2020-07-21 23:09:44,525	INFO	Total steps: 398934	Episode: 420/1289	Avg reward: -18.10	Avg steps: 1154
2020-07-21 23:20:11,608	INFO	Total steps: 421970	Episode: 440/1690	Avg reward: -18.70	Avg steps: 1150
2020-07-21 23:32:42,291	INFO	Total steps: 448968	Episode: 460/1914	Avg reward: -18.10	Avg steps: 1348
2020-07-21 23:44:55,024	INFO	Total steps: 475096	Episode: 480/1214	Avg reward: -18.45	Avg steps: 1305
2020-07-21 23:57:06,872	INFO	Total steps: 501008	Episode: 500/1061	Avg reward: -17.00	Avg steps: 1294
2020-07-22 00:09:48,063	INFO	Total steps: 528501	Episode: 520/1767	Avg reward: -18.15	Avg steps: 1373
2020-07-22 00:20:54,357	INFO	Total steps: 552566	Episode: 540/1840	Avg reward: -18.85	Avg steps: 1202
2020-07-22 00:32:23,564	INFO	Total steps: 577461	Episode: 560/992	Avg reward: -16.80	Avg steps: 1243
2020-07-22 00:45:53,932	INFO	Total steps: 606517	Episode: 580/1397	Avg reward: -17.35	Avg steps: 1451
2020-07-22 00:58:00,318	INFO	Total steps: 632706	Episode: 600/1199	Avg reward: -16.85	Avg steps: 1308
2020-07-22 01:09:42,294	INFO	Total steps: 658028	Episode: 620/1551	Avg reward: -17.75	Avg steps: 1265
2020-07-22 01:20:42,756	INFO	Total steps: 681490	Episode: 640/1008	Avg reward: -17.15	Avg steps: 1172
2020-07-22 01:36:02,571	INFO	Total steps: 714410	Episode: 660/1346	Avg reward: -16.50	Avg steps: 1645
2020-07-22 01:51:27,715	INFO	Total steps: 747440	Episode: 680/1883	Avg reward: -18.65	Avg steps: 1650
2020-07-22 02:04:42,122	INFO	Total steps: 775849	Episode: 700/1503	Avg reward: -16.65	Avg steps: 1419
2020-07-22 02:18:16,462	INFO	Total steps: 804575	Episode: 720/1612	Avg reward: -16.40	Avg steps: 1435
2020-07-22 02:30:29,647	INFO	Total steps: 830697	Episode: 740/1197	Avg reward: -16.70	Avg steps: 1305
2020-07-22 02:43:01,536	INFO	Total steps: 857859	Episode: 760/1527	Avg reward: -16.85	Avg steps: 1357
2020-07-22 02:55:40,473	INFO	Total steps: 885099	Episode: 780/1363	Avg reward: -16.80	Avg steps: 1361
2020-07-22 03:11:53,314	INFO	Total steps: 920143	Episode: 800/1964	Avg reward: -17.35	Avg steps: 1751
2020-07-22 03:29:20,743	INFO	Total steps: 957234	Episode: 820/2128	Avg reward: -14.85	Avg steps: 1853
2020-07-22 03:45:27,962	INFO	Total steps: 991819	Episode: 840/1958	Avg reward: -16.45	Avg steps: 1728
2020-07-22 04:03:01,685	INFO	Total steps: 1029016	Episode: 860/1529	Avg reward: -15.10	Avg steps: 1858
2020-07-22 04:20:08,337	INFO	Total steps: 1065474	Episode: 880/2252	Avg reward: -15.05	Avg steps: 1821
2020-07-22 04:40:07,646	INFO	Total steps: 1108047	Episode: 900/2431	Avg reward: -14.60	Avg steps: 2127
2020-07-22 04:56:58,282	INFO	Total steps: 1144199	Episode: 920/1448	Avg reward: -14.75	Avg steps: 1806
2020-07-22 05:15:30,436	INFO	Total steps: 1184133	Episode: 940/1350	Avg reward: -13.40	Avg steps: 1995
2020-07-22 05:34:34,767	INFO	Total steps: 1224649	Episode: 960/1864	Avg reward: -16.10	Avg steps: 2024
2020-07-22 05:56:15,011	INFO	Total steps: 1271004	Episode: 980/2136	Avg reward: -13.90	Avg steps: 2316
2020-07-22 06:16:45,175	INFO	Total steps: 1314408	Episode: 1000/2108	Avg reward: -14.55	Avg steps: 2169
2020-07-22 06:36:03,994	INFO	Total steps: 1356031	Episode: 1020/2324	Avg reward: -13.05	Avg steps: 2080
2020-07-22 06:57:16,266	INFO	Total steps: 1401259	Episode: 1040/1423	Avg reward: -14.35	Avg steps: 2260
2020-07-22 07:19:03,113	INFO	Total steps: 1447548	Episode: 1060/2633	Avg reward: -14.80	Avg steps: 2313
2020-07-22 07:41:52,972	INFO	Total steps: 1496877	Episode: 1080/1726	Avg reward: -12.40	Avg steps: 2465
2020-07-22 08:03:22,987	INFO	Total steps: 1542377	Episode: 1100/2358	Avg reward: -13.35	Avg steps: 2274
2020-07-22 08:27:39,164	INFO	Total steps: 1593357	Episode: 1120/3326	Avg reward: -11.30	Avg steps: 2548
2020-07-22 08:50:55,043	INFO	Total steps: 1642738	Episode: 1140/2321	Avg reward: -12.05	Avg steps: 2468
2020-07-22 09:12:25,663	INFO	Total steps: 1687519	Episode: 1160/2374	Avg reward: -14.30	Avg steps: 2238
2020-07-22 09:33:33,531	INFO	Total steps: 1731477	Episode: 1180/1698	Avg reward: -12.80	Avg steps: 2196
2020-07-22 09:59:56,333	INFO	Total steps: 1787854	Episode: 1200/2178	Avg reward: -12.95	Avg steps: 2817
2020-07-22 10:24:10,356	INFO	Total steps: 1839338	Episode: 1220/1987	Avg reward: -12.40	Avg steps: 2573
2020-07-22 10:47:54,474	INFO	Total steps: 1889760	Episode: 1240/2009	Avg reward: -10.60	Avg steps: 2520
2020-07-22 11:12:41,277	INFO	Total steps: 1942030	Episode: 1260/2656	Avg reward: -12.40	Avg steps: 2612
2020-07-22 11:34:26,518	INFO	Total steps: 1988250	Episode: 1280/2673	Avg reward: -10.50	Avg steps: 2310
2020-07-22 11:58:04,343	INFO	Total steps: 2038310	Episode: 1300/3230	Avg reward: -10.35	Avg steps: 2502
2020-07-22 12:22:50,197	INFO	Total steps: 2090951	Episode: 1320/4799	Avg reward: -13.00	Avg steps: 2631
2020-07-22 12:48:53,898	INFO	Total steps: 2147597	Episode: 1340/2329	Avg reward: -11.75	Avg steps: 2831
2020-07-22 13:14:43,998	INFO	Total steps: 2203035	Episode: 1360/2370	Avg reward: -10.65	Avg steps: 2770
2020-07-22 13:43:22,878	INFO	Total steps: 2265100	Episode: 1380/2871	Avg reward: -11.90	Avg steps: 3102
2020-07-22 14:09:18,195	INFO	Total steps: 2324355	Episode: 1400/3326	Avg reward: -7.50	Avg steps: 2961
2020-07-22 14:33:16,146	INFO	Total steps: 2379215	Episode: 1420/3178	Avg reward: -11.85	Avg steps: 2742
2020-07-22 14:58:30,802	INFO	Total steps: 2436785	Episode: 1440/3551	Avg reward: -10.50	Avg steps: 2877
2020-07-22 15:26:50,167	INFO	Total steps: 2501297	Episode: 1460/3770	Avg reward: -10.35	Avg steps: 3224
2020-07-22 15:52:36,364	INFO	Total steps: 2559881	Episode: 1480/3393	Avg reward: -6.15	Avg steps: 2928
2020-07-22 16:22:22,974	INFO	Total steps: 2628523	Episode: 1500/3232	Avg reward: -10.10	Avg steps: 3431
2020-07-22 16:48:59,775	INFO	Total steps: 2687957	Episode: 1520/2633	Avg reward: -11.65	Avg steps: 2970
2020-07-22 17:19:20,752	INFO	Total steps: 2756410	Episode: 1540/3316	Avg reward: -8.30	Avg steps: 3421
2020-07-22 17:48:15,921	INFO	Total steps: 2822403	Episode: 1560/3547	Avg reward: -8.70	Avg steps: 3298
2020-07-22 18:14:18,182	INFO	Total steps: 2883247	Episode: 1580/3432	Avg reward: -9.75	Avg steps: 3041
2020-07-22 18:42:39,998	INFO	Total steps: 2950422	Episode: 1600/3010	Avg reward: -8.20	Avg steps: 3357
2020-07-22 19:11:00,678	INFO	Total steps: 3017938	Episode: 1620/2455	Avg reward: -8.65	Avg steps: 3374
2020-07-22 19:39:23,429	INFO	Total steps: 3084966	Episode: 1640/4082	Avg reward: -3.90	Avg steps: 3350
2020-07-22 20:11:51,244	INFO	Total steps: 3162174	Episode: 1660/3664	Avg reward: -7.30	Avg steps: 3859
2020-07-22 20:39:40,369	INFO	Total steps: 3228772	Episode: 1680/3090	Avg reward: -3.35	Avg steps: 3328
2020-07-22 21:07:37,549	INFO	Total steps: 3298418	Episode: 1700/5562	Avg reward: -8.45	Avg steps: 3481
2020-07-22 21:36:48,847	INFO	Total steps: 3374809	Episode: 1720/3774	Avg reward: -5.80	Avg steps: 3818
2020-07-22 22:08:51,670	INFO	Total steps: 3450454	Episode: 1740/3361	Avg reward: -9.35	Avg steps: 3781
2020-07-22 22:38:20,456	INFO	Total steps: 3516528	Episode: 1760/3134	Avg reward: -8.70	Avg steps: 3302
2020-07-22 23:08:42,199	INFO	Total steps: 3583301	Episode: 1780/3264	Avg reward: -5.45	Avg steps: 3337
2020-07-22 23:39:09,567	INFO	Total steps: 3650520	Episode: 1800/2354	Avg reward: -6.50	Avg steps: 3359
2020-07-23 00:12:10,119	INFO	Total steps: 3722236	Episode: 1820/2191	Avg reward: -8.70	Avg steps: 3584
2020-07-23 00:44:36,843	INFO	Total steps: 3794293	Episode: 1840/2635	Avg reward: -5.30	Avg steps: 3601
2020-07-23 01:15:17,794	INFO	Total steps: 3870440	Episode: 1860/4451	Avg reward: -4.60	Avg steps: 3806
2020-07-23 01:44:24,155	INFO	Total steps: 3946458	Episode: 1880/4718	Avg reward: -4.35	Avg steps: 3799
2020-07-23 02:16:28,528	INFO	Total steps: 4031043	Episode: 1900/4275	Avg reward: -3.25	Avg steps: 4228
2020-07-23 02:47:21,441	INFO	Total steps: 4111664	Episode: 1920/3505	Avg reward: -3.40	Avg steps: 4030
2020-07-23 03:14:10,279	INFO	Total steps: 4184305	Episode: 1940/3948	Avg reward: -7.65	Avg steps: 3631
2020-07-23 03:45:44,257	INFO	Total steps: 4268791	Episode: 1960/4134	Avg reward: -2.30	Avg steps: 4223
2020-07-23 04:15:45,444	INFO	Total steps: 4350121	Episode: 1980/3097	Avg reward: -3.50	Avg steps: 4065
2020-07-23 04:43:22,536	INFO	Total steps: 4425919	Episode: 2000/2764	Avg reward: -3.20	Avg steps: 3788
2020-07-23 05:11:58,210	INFO	Total steps: 4501749	Episode: 2020/3049	Avg reward: -2.10	Avg steps: 3790
2020-07-23 05:42:00,520	INFO	Total steps: 4583577	Episode: 2040/5506	Avg reward: -5.45	Avg steps: 4090
2020-07-23 06:11:54,709	INFO	Total steps: 4664381	Episode: 2060/2953	Avg reward: -5.30	Avg steps: 4039
2020-07-23 06:41:42,039	INFO	Total steps: 4742863	Episode: 2080/3986	Avg reward: -1.80	Avg steps: 3923
2020-07-23 07:16:06,593	INFO	Total steps: 4835030	Episode: 2100/4579	Avg reward: -3.60	Avg steps: 4607
2020-07-23 07:50:53,902	INFO	Total steps: 4927677	Episode: 2120/6059	Avg reward: -5.60	Avg steps: 4631
2020-07-23 08:20:16,719	INFO	Total steps: 5008273	Episode: 2140/2392	Avg reward: -5.35	Avg steps: 4028
2020-07-23 08:54:10,418	INFO	Total steps: 5100463	Episode: 2160/4441	Avg reward: 0.70	Avg steps: 4608
2020-07-23 09:30:46,421	INFO	Total steps: 5199383	Episode: 2180/3220	Avg reward: -0.50	Avg steps: 4945
2020-07-23 10:02:25,416	INFO	Total steps: 5283672	Episode: 2200/5157	Avg reward: -2.90	Avg steps: 4213
2020-07-23 10:37:51,222	INFO	Total steps: 5379242	Episode: 2220/4019	Avg reward: -2.95	Avg steps: 4777
2020-07-23 11:12:50,855	INFO	Total steps: 5473276	Episode: 2240/6044	Avg reward: 1.25	Avg steps: 4700
2020-07-23 11:49:24,288	INFO	Total steps: 5571886	Episode: 2260/5510	Avg reward: -2.55	Avg steps: 4929
2020-07-23 12:26:01,800	INFO	Total steps: 5670350	Episode: 2280/6653	Avg reward: -1.20	Avg steps: 4922
2020-07-23 12:59:40,099	INFO	Total steps: 5761541	Episode: 2300/3736	Avg reward: -3.35	Avg steps: 4558
2020-07-23 13:35:30,822	INFO	Total steps: 5858114	Episode: 2320/4825	Avg reward: -2.25	Avg steps: 4827
2020-07-23 14:11:32,883	INFO	Total steps: 5955518	Episode: 2340/4929	Avg reward: -1.85	Avg steps: 4869
2020-07-23 14:43:14,328	INFO	Total steps: 6042087	Episode: 2360/3505	Avg reward: 1.85	Avg steps: 4327
2020-07-23 15:19:18,194	INFO	Total steps: 6139532	Episode: 2380/4688	Avg reward: 2.55	Avg steps: 4871
2020-07-23 15:51:11,082	INFO	Total steps: 6225380	Episode: 2400/6919	Avg reward: 1.60	Avg steps: 4291
2020-07-23 16:31:19,753	INFO	Total steps: 6326289	Episode: 2420/6964	Avg reward: -0.30	Avg steps: 5044
2020-07-23 17:04:42,810	INFO	Total steps: 6410583	Episode: 2440/8123	Avg reward: 3.10	Avg steps: 4213
2020-07-23 17:40:57,350	INFO	Total steps: 6500778	Episode: 2460/3761	Avg reward: 2.10	Avg steps: 4508
2020-07-23 18:23:05,561	INFO	Total steps: 6607302	Episode: 2480/4975	Avg reward: 0.45	Avg steps: 5325
2020-07-23 18:57:00,801	INFO	Total steps: 6694053	Episode: 2500/4511	Avg reward: 0.30	Avg steps: 4336
2020-07-23 19:30:02,402	INFO	Total steps: 6779072	Episode: 2520/3908	Avg reward: 2.25	Avg steps: 4249
2020-07-23 20:06:00,085	INFO	Total steps: 6870440	Episode: 2540/5897	Avg reward: 4.00	Avg steps: 4567
2020-07-23 20:41:28,157	INFO	Total steps: 6960654	Episode: 2560/4964	Avg reward: 1.75	Avg steps: 4509
2020-07-23 21:15:54,786	INFO	Total steps: 7060273	Episode: 2580/5990	Avg reward: -0.25	Avg steps: 4979
2020-07-23 21:45:57,171	INFO	Total steps: 7149407	Episode: 2600/3401	Avg reward: -2.50	Avg steps: 4455
2020-07-23 22:15:59,532	INFO	Total steps: 7234872	Episode: 2620/4646	Avg reward: 4.50	Avg steps: 4272
2020-07-23 22:56:18,291	INFO	Total steps: 7350492	Episode: 2640/6751	Avg reward: -0.70	Avg steps: 5780
2020-07-23 23:37:47,179	INFO	Total steps: 7458916	Episode: 2660/2906	Avg reward: -0.30	Avg steps: 5420
2020-07-24 00:07:33,851	INFO	Total steps: 7542710	Episode: 2680/4540	Avg reward: 0.45	Avg steps: 4188
2020-07-24 00:38:45,676	INFO	Total steps: 7630480	Episode: 2700/4905	Avg reward: -2.65	Avg steps: 4387
2020-07-24 01:13:35,275	INFO	Total steps: 7719918	Episode: 2720/5915	Avg reward: 3.20	Avg steps: 4470
2020-07-24 01:54:31,626	INFO	Total steps: 7829454	Episode: 2740/5300	Avg reward: 3.80	Avg steps: 5475
2020-07-24 02:34:01,886	INFO	Total steps: 7934608	Episode: 2760/5859	Avg reward: 1.55	Avg steps: 5256
2020-07-24 03:12:53,741	INFO	Total steps: 8039181	Episode: 2780/4234	Avg reward: 2.30	Avg steps: 5227
2020-07-24 03:52:31,859	INFO	Total steps: 8149434	Episode: 2800/2797	Avg reward: 3.80	Avg steps: 5511
2020-07-24 04:30:58,063	INFO	Total steps: 8257261	Episode: 2820/5708	Avg reward: 0.10	Avg steps: 5390
2020-07-24 05:08:03,119	INFO	Total steps: 8360861	Episode: 2840/4148	Avg reward: 1.20	Avg steps: 5179
2020-07-24 05:53:55,588	INFO	Total steps: 8481162	Episode: 2860/2663	Avg reward: 1.60	Avg steps: 6014
2020-07-24 06:32:35,125	INFO	Total steps: 8582352	Episode: 2880/5828	Avg reward: 2.20	Avg steps: 5058
2020-07-24 07:04:14,853	INFO	Total steps: 8665902	Episode: 2900/3535	Avg reward: 7.05	Avg steps: 4176
2020-07-24 07:46:32,156	INFO	Total steps: 8777743	Episode: 2920/5123	Avg reward: 4.10	Avg steps: 5591
2020-07-24 08:27:10,913	INFO	Total steps: 8883230	Episode: 2940/4390	Avg reward: 4.50	Avg steps: 5273
2020-07-24 09:04:24,684	INFO	Total steps: 8978578	Episode: 2960/3680	Avg reward: 4.90	Avg steps: 4766
2020-07-24 09:45:40,511	INFO	Total steps: 9082430	Episode: 2980/5502	Avg reward: 2.40	Avg steps: 5191
2020-07-24 10:27:23,504	INFO	Total steps: 9186911	Episode: 3000/5516	Avg reward: 1.30	Avg steps: 5223
2020-07-24 11:07:42,445	INFO	Total steps: 9287804	Episode: 3020/4635	Avg reward: 3.10	Avg steps: 5043
2020-07-24 11:47:42,268	INFO	Total steps: 9387364	Episode: 3040/6639	Avg reward: 4.40	Avg steps: 4977
2020-07-24 12:29:21,053	INFO	Total steps: 9492795	Episode: 3060/8693	Avg reward: 3.45	Avg steps: 5270
2020-07-24 13:08:36,968	INFO	Total steps: 9595114	Episode: 3080/6537	Avg reward: 4.15	Avg steps: 5114
2020-07-24 13:46:18,492	INFO	Total steps: 9697365	Episode: 3100/5988	Avg reward: 3.05	Avg steps: 5111
2020-07-24 14:28:28,226	INFO	Total steps: 9812087	Episode: 3120/5815	Avg reward: -0.70	Avg steps: 5735
2020-07-24 15:09:19,265	INFO	Total steps: 9918590	Episode: 3140/5725	Avg reward: 4.30	Avg steps: 5324
2020-07-24 15:48:30,275	INFO	Total steps: 10024248	Episode: 3160/2718	Avg reward: 5.15	Avg steps: 5281
2020-07-24 16:22:15,997	INFO	Total steps: 10115069	Episode: 3180/6189	Avg reward: 4.85	Avg steps: 4540
2020-07-24 17:01:29,236	INFO	Total steps: 10215296	Episode: 3200/7056	Avg reward: 2.25	Avg steps: 5010
2020-07-24 17:41:26,290	INFO	Total steps: 10316189	Episode: 3220/7577	Avg reward: 4.70	Avg steps: 5043
2020-07-24 18:19:19,120	INFO	Total steps: 10415383	Episode: 3240/4794	Avg reward: 3.20	Avg steps: 4958
2020-07-24 18:58:33,843	INFO	Total steps: 10526301	Episode: 3260/4096	Avg reward: 2.30	Avg steps: 5544
2020-07-24 19:37:15,593	INFO	Total steps: 10641392	Episode: 3280/8728	Avg reward: 2.20	Avg steps: 5753
2020-07-24 20:15:45,831	INFO	Total steps: 10756289	Episode: 3300/9045	Avg reward: 5.30	Avg steps: 5743
2020-07-24 20:48:54,289	INFO	Total steps: 10854500	Episode: 3320/8371	Avg reward: 1.15	Avg steps: 4909
2020-07-24 21:27:04,930	INFO	Total steps: 10969745	Episode: 3340/7793	Avg reward: 6.95	Avg steps: 5761
2020-07-24 21:58:50,346	INFO	Total steps: 11066463	Episode: 3360/4783	Avg reward: 4.10	Avg steps: 4834
2020-07-24 22:31:10,070	INFO	Total steps: 11164639	Episode: 3380/5022	Avg reward: 5.15	Avg steps: 4907
2020-07-24 23:04:29,686	INFO	Total steps: 11264672	Episode: 3400/5382	Avg reward: 4.70	Avg steps: 5000
2020-07-24 23:38:28,303	INFO	Total steps: 11366068	Episode: 3420/5740	Avg reward: 4.95	Avg steps: 5068
2020-07-25 00:10:25,064	INFO	Total steps: 11464004	Episode: 3440/4703	Avg reward: 4.55	Avg steps: 4895
2020-07-25 00:50:42,161	INFO	Total steps: 11582680	Episode: 3460/6897	Avg reward: 3.85	Avg steps: 5932
2020-07-25 01:34:30,413	INFO	Total steps: 11688058	Episode: 3480/8759	Avg reward: 6.55	Avg steps: 5267
2020-07-25 02:15:20,847	INFO	Total steps: 11785843	Episode: 3500/4071	Avg reward: 3.60	Avg steps: 4888
2020-07-25 03:02:50,526	INFO	Total steps: 11898959	Episode: 3520/5409	Avg reward: 4.90	Avg steps: 5654
2020-07-25 03:51:47,404	INFO	Total steps: 12015852	Episode: 3540/8269	Avg reward: 4.60	Avg steps: 5843
2020-07-25 04:34:57,493	INFO	Total steps: 12117000	Episode: 3560/6084	Avg reward: 7.40	Avg steps: 5056
2020-07-25 05:19:40,414	INFO	Total steps: 12222247	Episode: 3580/8345	Avg reward: 2.20	Avg steps: 5261
2020-07-25 06:02:33,114	INFO	Total steps: 12323355	Episode: 3600/4596	Avg reward: 3.30	Avg steps: 5054
2020-07-25 06:46:16,596	INFO	Total steps: 12427799	Episode: 3620/3745	Avg reward: 2.80	Avg steps: 5221
2020-07-25 07:32:57,171	INFO	Total steps: 12536962	Episode: 3640/5572	Avg reward: -0.35	Avg steps: 5457
2020-07-25 08:17:36,602	INFO	Total steps: 12639106	Episode: 3660/3572	Avg reward: 3.25	Avg steps: 5106
2020-07-25 08:56:17,867	INFO	Total steps: 12729303	Episode: 3680/3458	Avg reward: 5.55	Avg steps: 4508
2020-07-25 09:37:26,184	INFO	Total steps: 12824519	Episode: 3700/7362	Avg reward: 6.70	Avg steps: 4759
2020-07-25 10:18:43,950	INFO	Total steps: 12922384	Episode: 3720/9044	Avg reward: 6.10	Avg steps: 4892
2020-07-25 11:05:00,513	INFO	Total steps: 13033018	Episode: 3740/10480	Avg reward: 4.65	Avg steps: 5530
2020-07-25 11:50:34,745	INFO	Total steps: 13142921	Episode: 3760/3162	Avg reward: 2.55	Avg steps: 5494
2020-07-25 12:32:56,551	INFO	Total steps: 13243632	Episode: 3780/8102	Avg reward: 3.45	Avg steps: 5034
2020-07-25 13:16:36,613	INFO	Total steps: 13346803	Episode: 3800/5560	Avg reward: 5.90	Avg steps: 5157
2020-07-25 13:59:23,257	INFO	Total steps: 13450028	Episode: 3820/3554	Avg reward: 5.85	Avg steps: 5160
2020-07-25 14:37:39,043	INFO	Total steps: 13541117	Episode: 3840/5213	Avg reward: 7.60	Avg steps: 4553
2020-07-25 15:22:19,147	INFO	Total steps: 13648094	Episode: 3860/7870	Avg reward: 3.90	Avg steps: 5347
2020-07-25 16:01:08,474	INFO	Total steps: 13740543	Episode: 3880/7234	Avg reward: 4.50	Avg steps: 4621
2020-07-25 16:37:13,597	INFO	Total steps: 13828521	Episode: 3900/2612	Avg reward: 6.45	Avg steps: 4397
2020-07-25 17:20:33,833	INFO	Total steps: 13931575	Episode: 3920/3268	Avg reward: 6.60	Avg steps: 5151
2020-07-25 18:06:45,241	INFO	Total steps: 14044994	Episode: 3940/3020	Avg reward: 6.30	Avg steps: 5669
2020-07-25 18:49:55,388	INFO	Total steps: 14148717	Episode: 3960/3526	Avg reward: 3.65	Avg steps: 5185
2020-07-25 19:41:31,066	INFO	Total steps: 14273975	Episode: 3980/5296	Avg reward: 1.20	Avg steps: 6261
2020-07-25 20:23:11,419	INFO	Total steps: 14373913	Episode: 4000/2519	Avg reward: 5.05	Avg steps: 4995
2020-07-25 21:07:33,868	INFO	Total steps: 14477585	Episode: 4020/7846	Avg reward: 6.05	Avg steps: 5182
2020-07-25 21:48:24,895	INFO	Total steps: 14572729	Episode: 4040/5443	Avg reward: 5.20	Avg steps: 4756
2020-07-25 22:34:32,155	INFO	Total steps: 14683475	Episode: 4060/3623	Avg reward: 4.65	Avg steps: 5536
2020-07-25 23:14:24,522	INFO	Total steps: 14783748	Episode: 4080/3851	Avg reward: 3.20	Avg steps: 5012
2020-07-25 23:55:02,610	INFO	Total steps: 14886589	Episode: 4100/7349	Avg reward: 5.30	Avg steps: 5141
2020-07-26 00:37:58,109	INFO	Total steps: 14994453	Episode: 4120/6457	Avg reward: 5.95	Avg steps: 5392
2020-07-26 01:16:05,186	INFO	Total steps: 15093377	Episode: 4140/4271	Avg reward: 7.00	Avg steps: 4945
2020-07-26 01:56:17,272	INFO	Total steps: 15200522	Episode: 4160/3772	Avg reward: 4.05	Avg steps: 5356
2020-07-26 02:34:25,908	INFO	Total steps: 15304584	Episode: 4180/3619	Avg reward: 5.60	Avg steps: 5202
2020-07-26 03:09:33,515	INFO	Total steps: 15399044	Episode: 4200/6746	Avg reward: 6.85	Avg steps: 4722
2020-07-26 03:47:05,925	INFO	Total steps: 15502865	Episode: 4220/4948	Avg reward: 5.90	Avg steps: 5190
2020-07-26 04:21:22,958	INFO	Total steps: 15595520	Episode: 4240/2653	Avg reward: 9.30	Avg steps: 4631
2020-07-26 05:00:07,396	INFO	Total steps: 15698145	Episode: 4260/5882	Avg reward: 3.95	Avg steps: 5130
2020-07-26 05:38:29,713	INFO	Total steps: 15798108	Episode: 4280/3652	Avg reward: 7.00	Avg steps: 4997
2020-07-26 06:17:00,978	INFO	Total steps: 15893146	Episode: 4300/3276	Avg reward: 6.25	Avg steps: 4750
2020-07-26 06:56:57,722	INFO	Total steps: 15996176	Episode: 4320/5043	Avg reward: 6.45	Avg steps: 5150
2020-07-26 07:36:51,382	INFO	Total steps: 16095212	Episode: 4340/3913	Avg reward: 6.45	Avg steps: 4950
2020-07-26 08:17:38,002	INFO	Total steps: 16198316	Episode: 4360/6854	Avg reward: 4.05	Avg steps: 5154
2020-07-26 09:00:50,889	INFO	Total steps: 16310532	Episode: 4380/4724	Avg reward: 6.40	Avg steps: 5609
2020-07-26 09:41:35,507	INFO	Total steps: 16418986	Episode: 4400/3047	Avg reward: 3.15	Avg steps: 5421
2020-07-26 10:17:40,946	INFO	Total steps: 16515487	Episode: 4420/5575	Avg reward: 5.55	Avg steps: 4824
2020-07-26 10:51:31,167	INFO	Total steps: 16606176	Episode: 4440/2632	Avg reward: 8.25	Avg steps: 4533
2020-07-26 11:31:04,584	INFO	Total steps: 16708865	Episode: 4460/6010	Avg reward: 5.45	Avg steps: 5133
2020-07-26 12:10:11,710	INFO	Total steps: 16812754	Episode: 4480/2799	Avg reward: 8.45	Avg steps: 5193
2020-07-26 12:48:22,513	INFO	Total steps: 16912751	Episode: 4500/6397	Avg reward: 4.35	Avg steps: 4998
2020-07-26 13:25:21,170	INFO	Total steps: 17009918	Episode: 4520/5951	Avg reward: 5.35	Avg steps: 4857
2020-07-26 14:08:44,777	INFO	Total steps: 17126536	Episode: 4540/4387	Avg reward: 2.85	Avg steps: 5829
2020-07-26 14:51:29,998	INFO	Total steps: 17239296	Episode: 4560/3302	Avg reward: 5.95	Avg steps: 5637
2020-07-26 15:30:03,357	INFO	Total steps: 17339243	Episode: 4580/5177	Avg reward: 7.30	Avg steps: 4996
2020-07-26 16:05:52,606	INFO	Total steps: 17430848	Episode: 4600/6166	Avg reward: 7.70	Avg steps: 4579
2020-07-26 16:46:32,410	INFO	Total steps: 17535545	Episode: 4620/6119	Avg reward: 7.05	Avg steps: 5233
2020-07-26 17:22:18,212	INFO	Total steps: 17626170	Episode: 4640/2947	Avg reward: 8.30	Avg steps: 4530
2020-07-26 18:02:45,687	INFO	Total steps: 17732167	Episode: 4660/6883	Avg reward: 6.75	Avg steps: 5298
2020-07-26 18:44:31,813	INFO	Total steps: 17840302	Episode: 4680/3612	Avg reward: 7.15	Avg steps: 5405
2020-07-26 19:24:56,719	INFO	Total steps: 17945019	Episode: 4700/3777	Avg reward: 3.90	Avg steps: 5234
2020-07-26 20:02:35,573	INFO	Total steps: 18052264	Episode: 4720/6010	Avg reward: 2.95	Avg steps: 5361
2020-07-26 20:47:52,653	INFO	Total steps: 18173620	Episode: 4740/7159	Avg reward: 5.35	Avg steps: 6066
2020-07-26 21:27:49,826	INFO	Total steps: 18278440	Episode: 4760/3261	Avg reward: 5.35	Avg steps: 5240
2020-07-26 22:02:27,987	INFO	Total steps: 18369232	Episode: 4780/5488	Avg reward: 8.65	Avg steps: 4538
2020-07-26 22:34:45,017	INFO	Total steps: 18462115	Episode: 4800/3040	Avg reward: 9.05	Avg steps: 4643
2020-07-26 23:10:06,185	INFO	Total steps: 18562240	Episode: 4820/4357	Avg reward: 8.10	Avg steps: 5005
2020-07-26 23:49:24,832	INFO	Total steps: 18674305	Episode: 4840/7629	Avg reward: 5.25	Avg steps: 5602
2020-07-27 00:22:30,198	INFO	Total steps: 18770701	Episode: 4860/3047	Avg reward: 5.75	Avg steps: 4818
2020-07-27 00:54:33,191	INFO	Total steps: 18862781	Episode: 4880/6329	Avg reward: 7.00	Avg steps: 4603
2020-07-27 01:31:54,536	INFO	Total steps: 18960628	Episode: 4900/3941	Avg reward: 5.45	Avg steps: 4891
2020-07-27 02:15:09,036	INFO	Total steps: 19071005	Episode: 4920/3189	Avg reward: 3.05	Avg steps: 5517
2020-07-27 02:47:27,116	INFO	Total steps: 19172215	Episode: 4940/4285	Avg reward: 4.80	Avg steps: 5059
2020-07-27 03:20:18,707	INFO	Total steps: 19274642	Episode: 4960/4364	Avg reward: 6.85	Avg steps: 5120
2020-07-27 03:45:44,565	INFO	Total steps: 19358195	Episode: 4980/4032	Avg reward: 7.50	Avg steps: 4176
2020-07-27 04:16:37,694	INFO	Total steps: 19455418	Episode: 5000/5123	Avg reward: 3.80	Avg steps: 4860
2020-07-27 04:50:48,288	INFO	Total steps: 19559930	Episode: 5020/8689	Avg reward: 5.30	Avg steps: 5224
2020-07-27 05:17:37,910	INFO	Total steps: 19643838	Episode: 5040/4850	Avg reward: 6.60	Avg steps: 4194
2020-07-27 05:54:30,817	INFO	Total steps: 19757057	Episode: 5060/7522	Avg reward: 7.00	Avg steps: 5659
2020-07-27 06:28:32,582	INFO	Total steps: 19863219	Episode: 5080/7014	Avg reward: 6.10	Avg steps: 5307
2020-07-27 07:05:00,713	INFO	Total steps: 19976542	Episode: 5100/4554	Avg reward: 5.95	Avg steps: 5665
2020-07-27 07:35:45,815	INFO	Total steps: 20073465	Episode: 5120/5404	Avg reward: 4.85	Avg steps: 4845
2020-07-27 08:04:14,782	INFO	Total steps: 20163078	Episode: 5140/3107	Avg reward: 8.50	Avg steps: 4479
2020-07-27 08:30:22,566	INFO	Total steps: 20244786	Episode: 5160/8346	Avg reward: 8.45	Avg steps: 4084
2020-07-27 09:06:03,507	INFO	Total steps: 20356436	Episode: 5180/3519	Avg reward: 5.50	Avg steps: 5581
2020-07-27 09:42:12,575	INFO	Total steps: 20467952	Episode: 5200/3344	Avg reward: 6.75	Avg steps: 5574
2020-07-27 10:12:03,561	INFO	Total steps: 20561776	Episode: 5220/3458	Avg reward: 7.80	Avg steps: 4690
2020-07-27 10:42:41,221	INFO	Total steps: 20654119	Episode: 5240/8794	Avg reward: 6.15	Avg steps: 4616
2020-07-27 11:16:15,657	INFO	Total steps: 20751963	Episode: 5260/2496	Avg reward: 8.80	Avg steps: 4891
2020-07-27 11:52:20,314	INFO	Total steps: 20860784	Episode: 5280/5673	Avg reward: 5.65	Avg steps: 5440
2020-07-27 12:24:21,183	INFO	Total steps: 20958668	Episode: 5300/5606	Avg reward: 6.70	Avg steps: 4893
2020-07-27 12:59:56,817	INFO	Total steps: 21067262	Episode: 5320/3181	Avg reward: 6.05	Avg steps: 5428
2020-07-27 13:34:35,254	INFO	Total steps: 21173624	Episode: 5340/7803	Avg reward: 6.45	Avg steps: 5317
2020-07-27 14:09:36,006	INFO	Total steps: 21283832	Episode: 5360/7149	Avg reward: 5.30	Avg steps: 5509
2020-07-27 14:44:33,384	INFO	Total steps: 21385696	Episode: 5380/2509	Avg reward: 7.95	Avg steps: 5092
2020-07-27 15:19:30,016	INFO	Total steps: 21481771	Episode: 5400/2629	Avg reward: 5.80	Avg steps: 4802
2020-07-27 16:03:12,921	INFO	Total steps: 21590925	Episode: 5420/3613	Avg reward: 5.55	Avg steps: 5456
2020-07-27 16:47:00,596	INFO	Total steps: 21701618	Episode: 5440/7615	Avg reward: 5.45	Avg steps: 5533
2020-07-27 17:22:04,199	INFO	Total steps: 21790926	Episode: 5460/3755	Avg reward: 4.45	Avg steps: 4464
2020-07-27 18:07:06,449	INFO	Total steps: 21906487	Episode: 5480/5080	Avg reward: 4.35	Avg steps: 5777
2020-07-27 18:49:13,719	INFO	Total steps: 22014780	Episode: 5500/2357	Avg reward: 5.45	Avg steps: 5413
2020-07-27 19:30:42,807	INFO	Total steps: 22124133	Episode: 5520/7376	Avg reward: 2.75	Avg steps: 5466
2020-07-27 20:05:52,817	INFO	Total steps: 22225391	Episode: 5540/5284	Avg reward: 6.60	Avg steps: 5061
2020-07-27 20:44:42,077	INFO	Total steps: 22327633	Episode: 5560/2683	Avg reward: 4.90	Avg steps: 5111
2020-07-27 21:22:47,541	INFO	Total steps: 22428753	Episode: 5580/4535	Avg reward: 7.10	Avg steps: 5055
2020-07-27 21:59:40,052	INFO	Total steps: 22525131	Episode: 5600/4525	Avg reward: 4.40	Avg steps: 4817
2020-07-27 22:41:18,126	INFO	Total steps: 22632469	Episode: 5620/4298	Avg reward: 1.75	Avg steps: 5365
2020-07-27 23:14:36,657	INFO	Total steps: 22719183	Episode: 5640/3363	Avg reward: 7.00	Avg steps: 4334
2020-07-27 23:50:51,340	INFO	Total steps: 22812944	Episode: 5660/3773	Avg reward: 6.35	Avg steps: 4687
2020-07-28 00:24:03,341	INFO	Total steps: 22897122	Episode: 5680/2509	Avg reward: 8.50	Avg steps: 4207
2020-07-28 01:02:41,660	INFO	Total steps: 23001155	Episode: 5700/6962	Avg reward: 7.20	Avg steps: 5200
2020-07-28 01:38:48,845	INFO	Total steps: 23115055	Episode: 5720/3862	Avg reward: 8.25	Avg steps: 5694
2020-07-28 02:14:13,850	INFO	Total steps: 23226710	Episode: 5740/2783	Avg reward: 6.85	Avg steps: 5581
2020-07-28 02:46:11,074	INFO	Total steps: 23326689	Episode: 5760/6908	Avg reward: 4.65	Avg steps: 4997
2020-07-28 03:23:12,083	INFO	Total steps: 23442362	Episode: 5780/6732	Avg reward: 6.05	Avg steps: 5782
2020-07-28 03:55:10,844	INFO	Total steps: 23540126	Episode: 5800/8353	Avg reward: 6.55	Avg steps: 4887
2020-07-28 04:27:40,036	INFO	Total steps: 23640388	Episode: 5820/7029	Avg reward: 4.50	Avg steps: 5012
2020-07-28 05:02:10,275	INFO	Total steps: 23748499	Episode: 5840/5375	Avg reward: 4.60	Avg steps: 5404
2020-07-28 05:31:26,101	INFO	Total steps: 23843122	Episode: 5860/3544	Avg reward: 5.75	Avg steps: 4730
2020-07-28 06:04:31,035	INFO	Total steps: 23949303	Episode: 5880/7449	Avg reward: 6.70	Avg steps: 5308
2020-07-28 06:34:27,179	INFO	Total steps: 24045655	Episode: 5900/4958	Avg reward: 5.90	Avg steps: 4816
2020-07-28 07:06:04,546	INFO	Total steps: 24147714	Episode: 5920/5535	Avg reward: 4.85	Avg steps: 5101
2020-07-28 07:37:12,900	INFO	Total steps: 24248537	Episode: 5940/5103	Avg reward: 4.10	Avg steps: 5040
2020-07-28 08:11:29,705	INFO	Total steps: 24360578	Episode: 5960/8031	Avg reward: 3.20	Avg steps: 5601
2020-07-28 08:41:42,369	INFO	Total steps: 24458382	Episode: 5980/4185	Avg reward: 4.55	Avg steps: 4889
2020-07-28 09:08:57,543	INFO	Total steps: 24548994	Episode: 6000/2045	Avg reward: 4.85	Avg steps: 4529
2020-07-28 09:39:50,027	INFO	Total steps: 24650572	Episode: 6020/7336	Avg reward: 4.45	Avg steps: 5077
2020-07-28 10:10:29,611	INFO	Total steps: 24752023	Episode: 6040/2677	Avg reward: 3.70	Avg steps: 5071
2020-07-28 10:39:38,807	INFO	Total steps: 24848848	Episode: 6060/2734	Avg reward: 6.95	Avg steps: 4840
2020-07-28 11:13:33,174	INFO	Total steps: 24958765	Episode: 6080/6631	Avg reward: 4.50	Avg steps: 5494
2020-07-28 11:46:24,413	INFO	Total steps: 25064085	Episode: 6100/5736	Avg reward: 5.55	Avg steps: 5265
2020-07-28 12:19:36,697	INFO	Total steps: 25171558	Episode: 6120/4504	Avg reward: 5.45	Avg steps: 5372
2020-07-28 12:50:43,134	INFO	Total steps: 25272019	Episode: 6140/6586	Avg reward: 5.40	Avg steps: 5022
2020-07-28 13:19:07,656	INFO	Total steps: 25366111	Episode: 6160/3386	Avg reward: 7.15	Avg steps: 4703
2020-07-28 13:48:29,133	INFO	Total steps: 25461729	Episode: 6180/4505	Avg reward: 5.80	Avg steps: 4779
2020-07-28 14:17:11,405	INFO	Total steps: 25550743	Episode: 6200/3266	Avg reward: 7.30	Avg steps: 4449
2020-07-28 14:49:31,082	INFO	Total steps: 25651957	Episode: 6220/3059	Avg reward: 4.70	Avg steps: 5059
2020-07-28 15:21:18,424	INFO	Total steps: 25754240	Episode: 6240/2748	Avg reward: 4.60	Avg steps: 5113
2020-07-28 15:50:06,284	INFO	Total steps: 25848090	Episode: 6260/3275	Avg reward: 5.35	Avg steps: 4691
2020-07-28 16:21:08,769	INFO	Total steps: 25948007	Episode: 6280/3880	Avg reward: 4.15	Avg steps: 4994
2020-07-28 16:52:16,029	INFO	Total steps: 26048051	Episode: 6300/7078	Avg reward: 6.50	Avg steps: 5001
2020-07-28 17:19:05,177	INFO	Total steps: 26133346	Episode: 6320/2847	Avg reward: 8.05	Avg steps: 4263
2020-07-28 17:48:40,021	INFO	Total steps: 26226937	Episode: 6340/3777	Avg reward: 7.70	Avg steps: 4678
2020-07-28 18:14:44,158	INFO	Total steps: 26308721	Episode: 6360/2457	Avg reward: 7.10	Avg steps: 4088
2020-07-28 18:48:33,853	INFO	Total steps: 26412405	Episode: 6380/4459	Avg reward: 5.10	Avg steps: 5183
2020-07-28 19:18:01,239	INFO	Total steps: 26504066	Episode: 6400/5068	Avg reward: 5.25	Avg steps: 4582
2020-07-28 19:48:44,491	INFO	Total steps: 26599324	Episode: 6420/2984	Avg reward: 6.10	Avg steps: 4761
2020-07-28 20:19:07,777	INFO	Total steps: 26694956	Episode: 6440/2842	Avg reward: 7.85	Avg steps: 4780
2020-07-28 20:50:23,474	INFO	Total steps: 26789395	Episode: 6460/4501	Avg reward: 7.30	Avg steps: 4720
2020-07-28 21:24:47,143	INFO	Total steps: 26893027	Episode: 6480/6038	Avg reward: 5.40	Avg steps: 5180
2020-07-28 21:55:16,374	INFO	Total steps: 26986807	Episode: 6500/2843	Avg reward: 7.30	Avg steps: 4688
2020-07-28 22:29:38,357	INFO	Total steps: 27092308	Episode: 6520/5488	Avg reward: 4.65	Avg steps: 5274
2020-07-28 23:01:01,887	INFO	Total steps: 27189334	Episode: 6540/7102	Avg reward: 6.50	Avg steps: 4850
2020-07-28 23:30:37,990	INFO	Total steps: 27281792	Episode: 6560/3702	Avg reward: 8.75	Avg steps: 4621
2020-07-29 00:00:32,725	INFO	Total steps: 27373396	Episode: 6580/2456	Avg reward: 8.20	Avg steps: 4579
2020-07-29 00:38:21,945	INFO	Total steps: 27490270	Episode: 6600/3496	Avg reward: 6.95	Avg steps: 5842
2020-07-29 01:10:41,249	INFO	Total steps: 27591216	Episode: 6620/3577	Avg reward: 6.40	Avg steps: 5046
2020-07-29 01:45:55,748	INFO	Total steps: 27700570	Episode: 6640/4610	Avg reward: 5.90	Avg steps: 5466
2020-07-29 02:18:22,837	INFO	Total steps: 27802193	Episode: 6660/2937	Avg reward: 6.25	Avg steps: 5080
2020-07-29 02:56:27,775	INFO	Total steps: 27921532	Episode: 6680/3377	Avg reward: 2.55	Avg steps: 5965
2020-07-29 03:29:58,944	INFO	Total steps: 28026607	Episode: 6700/3088	Avg reward: 6.00	Avg steps: 5252
2020-07-29 04:03:02,942	INFO	Total steps: 28130059	Episode: 6720/3774	Avg reward: 5.50	Avg steps: 5171
2020-07-29 04:38:19,781	INFO	Total steps: 28240187	Episode: 6740/6649	Avg reward: 6.70	Avg steps: 5505
2020-07-29 05:16:13,829	INFO	Total steps: 28358942	Episode: 6760/5422	Avg reward: 4.85	Avg steps: 5936
2020-07-29 05:46:52,006	INFO	Total steps: 28454828	Episode: 6780/9765	Avg reward: 5.25	Avg steps: 4793
2020-07-29 06:15:54,971	INFO	Total steps: 28545691	Episode: 6800/4309	Avg reward: 8.10	Avg steps: 4542
2020-07-29 06:45:01,468	INFO	Total steps: 28636582	Episode: 6820/6237	Avg reward: 7.85	Avg steps: 4543
2020-07-29 07:17:44,118	INFO	Total steps: 28736262	Episode: 6840/3347	Avg reward: 5.45	Avg steps: 4983
2020-07-29 07:49:51,687	INFO	Total steps: 28834885	Episode: 6860/2627	Avg reward: 5.70	Avg steps: 4930
2020-07-29 08:25:38,618	INFO	Total steps: 28944874	Episode: 6880/4610	Avg reward: 6.15	Avg steps: 5498
2020-07-29 08:54:48,630	INFO	Total steps: 29034487	Episode: 6900/3331	Avg reward: 5.65	Avg steps: 4479
2020-07-29 09:25:43,351	INFO	Total steps: 29129452	Episode: 6920/5388	Avg reward: 4.05	Avg steps: 4747
2020-07-29 10:03:24,899	INFO	Total steps: 29245041	Episode: 6940/4751	Avg reward: 5.65	Avg steps: 5778
2020-07-29 10:38:25,698	INFO	Total steps: 29351824	Episode: 6960/3627	Avg reward: 5.30	Avg steps: 5338
2020-07-29 11:06:24,467	INFO	Total steps: 29436573	Episode: 6980/3376	Avg reward: 8.40	Avg steps: 4236
2020-07-29 11:43:27,023	INFO	Total steps: 29549182	Episode: 7000/5266	Avg reward: 5.60	Avg steps: 5629
2020-07-29 12:16:24,125	INFO	Total steps: 29650306	Episode: 7020/3442	Avg reward: 6.70	Avg steps: 5055
2020-07-29 12:51:22,188	INFO	Total steps: 29757883	Episode: 7040/7526	Avg reward: 8.70	Avg steps: 5377
2020-07-29 13:24:49,791	INFO	Total steps: 29859556	Episode: 7060/6589	Avg reward: 7.85	Avg steps: 5082
2020-07-29 13:56:24,228	INFO	Total steps: 29957322	Episode: 7080/2744	Avg reward: 6.55	Avg steps: 4887
2020-07-29 14:26:16,147	INFO	Total steps: 30049707	Episode: 7100/2833	Avg reward: 6.15	Avg steps: 4618
2020-07-29 15:01:11,007	INFO	Total steps: 30157489	Episode: 7120/3911	Avg reward: 5.05	Avg steps: 5388
2020-07-29 15:34:19,458	INFO	Total steps: 30258407	Episode: 7140/4261	Avg reward: 7.30	Avg steps: 5044
2020-07-29 16:08:42,403	INFO	Total steps: 30363041	Episode: 7160/2635	Avg reward: 5.85	Avg steps: 5230
2020-07-29 16:40:43,483	INFO	Total steps: 30460245	Episode: 7180/6070	Avg reward: 7.20	Avg steps: 4859
2020-07-29 17:14:16,232	INFO	Total steps: 30562912	Episode: 7200/6450	Avg reward: 6.85	Avg steps: 5132
2020-07-29 17:45:13,030	INFO	Total steps: 30654497	Episode: 7220/7339	Avg reward: 6.50	Avg steps: 4578
2020-07-29 18:21:55,496	INFO	Total steps: 30760549	Episode: 7240/6290	Avg reward: 5.10	Avg steps: 5301
2020-07-29 18:57:08,080	INFO	Total steps: 30861236	Episode: 7260/3569	Avg reward: 4.55	Avg steps: 5033
2020-07-29 19:32:24,365	INFO	Total steps: 30963936	Episode: 7280/5666	Avg reward: 4.60	Avg steps: 5134
2020-07-29 20:05:45,497	INFO	Total steps: 31062690	Episode: 7300/6022	Avg reward: 5.70	Avg steps: 4936
2020-07-29 20:35:23,598	INFO	Total steps: 31151411	Episode: 7320/4779	Avg reward: 6.75	Avg steps: 4435
2020-07-29 21:11:11,461	INFO	Total steps: 31259814	Episode: 7340/5456	Avg reward: 4.95	Avg steps: 5419
2020-07-29 21:42:43,445	INFO	Total steps: 31357913	Episode: 7360/4809	Avg reward: 4.80	Avg steps: 4903
2020-07-29 22:14:14,543	INFO	Total steps: 31459104	Episode: 7380/4392	Avg reward: 4.15	Avg steps: 5058
2020-07-29 22:43:56,839	INFO	Total steps: 31553996	Episode: 7400/6012	Avg reward: 6.10	Avg steps: 4743
2020-07-29 23:15:22,231	INFO	Total steps: 31654321	Episode: 7420/7883	Avg reward: 6.25	Avg steps: 5015
2020-07-29 23:46:36,964	INFO	Total steps: 31754590	Episode: 7440/3049	Avg reward: 3.00	Avg steps: 5012
2020-07-30 00:15:20,249	INFO	Total steps: 31848274	Episode: 7460/6984	Avg reward: 7.10	Avg steps: 4683
2020-07-30 00:44:02,739	INFO	Total steps: 31941296	Episode: 7480/3888	Avg reward: 7.50	Avg steps: 4650
2020-07-30 01:18:15,321	INFO	Total steps: 32051641	Episode: 7500/5829	Avg reward: 5.60	Avg steps: 5516
2020-07-30 01:48:36,098	INFO	Total steps: 32150623	Episode: 7520/3225	Avg reward: 6.60	Avg steps: 4948
2020-07-30 02:18:39,934	INFO	Total steps: 32248471	Episode: 7540/4828	Avg reward: 4.20	Avg steps: 4891
2020-07-30 02:47:26,752	INFO	Total steps: 32342661	Episode: 7560/6185	Avg reward: 6.35	Avg steps: 4708
2020-07-30 03:18:08,660	INFO	Total steps: 32441433	Episode: 7580/5243	Avg reward: 5.30	Avg steps: 4937
2020-07-30 03:52:22,105	INFO	Total steps: 32551043	Episode: 7600/4794	Avg reward: 5.35	Avg steps: 5479
2020-07-30 04:21:46,742	INFO	Total steps: 32648055	Episode: 7620/5013	Avg reward: 3.85	Avg steps: 4849
2020-07-30 04:48:45,917	INFO	Total steps: 32735659	Episode: 7640/6841	Avg reward: 6.00	Avg steps: 4379
2020-07-30 05:16:37,372	INFO	Total steps: 32826652	Episode: 7660/5128	Avg reward: 6.80	Avg steps: 4548
2020-07-30 05:47:27,672	INFO	Total steps: 32925302	Episode: 7680/3573	Avg reward: 2.95	Avg steps: 4931
2020-07-30 06:16:31,913	INFO	Total steps: 33011902	Episode: 7700/2584	Avg reward: 6.65	Avg steps: 4329
2020-07-30 06:44:45,724	INFO	Total steps: 33103511	Episode: 7720/8445	Avg reward: 6.25	Avg steps: 4579
2020-07-30 07:13:56,894	INFO	Total steps: 33198541	Episode: 7740/3118	Avg reward: 6.20	Avg steps: 4750
2020-07-30 07:42:23,173	INFO	Total steps: 33290810	Episode: 7760/5335	Avg reward: 6.80	Avg steps: 4612
2020-07-30 08:09:03,752	INFO	Total steps: 33376105	Episode: 7780/6219	Avg reward: 8.50	Avg steps: 4263
2020-07-30 08:36:44,355	INFO	Total steps: 33464858	Episode: 7800/3820	Avg reward: 8.85	Avg steps: 4436
2020-07-30 09:05:33,175	INFO	Total steps: 33557855	Episode: 7820/4325	Avg reward: 7.45	Avg steps: 4648
2020-07-30 09:36:07,836	INFO	Total steps: 33656789	Episode: 7840/5313	Avg reward: 6.85	Avg steps: 4945
2020-07-30 10:06:02,769	INFO	Total steps: 33752621	Episode: 7860/2913	Avg reward: 8.00	Avg steps: 4790
2020-07-30 10:33:37,024	INFO	Total steps: 33841356	Episode: 7880/4303	Avg reward: 8.15	Avg steps: 4435
2020-07-30 11:01:48,450	INFO	Total steps: 33931646	Episode: 7900/2308	Avg reward: 7.60	Avg steps: 4513
2020-07-30 11:28:41,735	INFO	Total steps: 34017113	Episode: 7920/3474	Avg reward: 5.90	Avg steps: 4272
2020-07-30 11:57:37,852	INFO	Total steps: 34108394	Episode: 7940/3575	Avg reward: 5.65	Avg steps: 4563
2020-07-30 12:30:29,654	INFO	Total steps: 34211921	Episode: 7960/2630	Avg reward: 4.00	Avg steps: 5175
2020-07-30 12:58:29,555	INFO	Total steps: 34298210	Episode: 7980/2384	Avg reward: 7.65	Avg steps: 4313
2020-07-30 13:30:02,690	INFO	Total steps: 34394517	Episode: 8000/5078	Avg reward: 6.70	Avg steps: 4814
