2020-07-01 22:22:33,953	INFO	--width 160 --height 160 --ball 1.0 --ball-size 2.0 --snell 1.0 --snell-width 40.0 --snell-change 0.0 --snell-visible none --paddle-speed 1.0 --paddle-angle 60.0 --paddle-length 20.0 --update-prob 0.4 --state binary --learning-rate 0.0001 --network dqn_pong_model --render False --epsdecay 1000 --episodes 4000 --replay 10000 --checkpoint dqn_pong_model --history history.p --store-dir ../experiments/snell_width.40.0-paddle_length.20.0-paddle_angle.60.0-update_prob.0.4 
2020-07-01 22:22:33,953	INFO	Device: cuda
2020-07-01 22:26:11,550	INFO	Total steps: 14445	Episode: 20/681	Avg reward: -19.65	Avg steps: 721
2020-07-01 22:34:23,934	INFO	Total steps: 28771	Episode: 40/609	Avg reward: -19.60	Avg steps: 715
2020-07-01 22:43:58,076	INFO	Total steps: 45348	Episode: 60/763	Avg reward: -19.55	Avg steps: 827
2020-07-01 22:53:12,617	INFO	Total steps: 61353	Episode: 80/683	Avg reward: -19.50	Avg steps: 799
2020-07-01 23:02:12,639	INFO	Total steps: 76936	Episode: 100/625	Avg reward: -19.65	Avg steps: 778
2020-07-01 23:11:35,866	INFO	Total steps: 93184	Episode: 120/752	Avg reward: -19.55	Avg steps: 811
2020-07-01 23:19:51,389	INFO	Total steps: 109954	Episode: 140/847	Avg reward: -19.65	Avg steps: 837
2020-07-01 23:28:16,413	INFO	Total steps: 127429	Episode: 160/823	Avg reward: -19.45	Avg steps: 872
2020-07-01 23:35:56,455	INFO	Total steps: 143814	Episode: 180/1006	Avg reward: -19.75	Avg steps: 818
2020-07-01 23:43:22,746	INFO	Total steps: 160042	Episode: 200/603	Avg reward: -19.60	Avg steps: 810
2020-07-01 23:51:41,331	INFO	Total steps: 178207	Episode: 220/1000	Avg reward: -19.50	Avg steps: 907
2020-07-02 00:00:50,443	INFO	Total steps: 197460	Episode: 240/764	Avg reward: -19.40	Avg steps: 961
2020-07-02 00:09:54,369	INFO	Total steps: 216701	Episode: 260/693	Avg reward: -19.45	Avg steps: 961
2020-07-02 00:19:41,954	INFO	Total steps: 237434	Episode: 280/836	Avg reward: -19.30	Avg steps: 1035
2020-07-02 00:28:28,513	INFO	Total steps: 256424	Episode: 300/1066	Avg reward: -19.00	Avg steps: 948
2020-07-02 00:37:09,437	INFO	Total steps: 276020	Episode: 320/1417	Avg reward: -19.30	Avg steps: 978
2020-07-02 00:46:23,298	INFO	Total steps: 297220	Episode: 340/1065	Avg reward: -18.85	Avg steps: 1059
2020-07-02 00:55:36,442	INFO	Total steps: 318360	Episode: 360/984	Avg reward: -18.95	Avg steps: 1056
2020-07-02 01:03:12,236	INFO	Total steps: 336037	Episode: 380/768	Avg reward: -19.35	Avg steps: 882
2020-07-02 01:13:40,549	INFO	Total steps: 358944	Episode: 400/969	Avg reward: -19.05	Avg steps: 1144
2020-07-02 01:25:19,162	INFO	Total steps: 382564	Episode: 420/1539	Avg reward: -18.95	Avg steps: 1180
2020-07-02 01:36:03,472	INFO	Total steps: 404710	Episode: 440/632	Avg reward: -18.80	Avg steps: 1106
2020-07-02 01:46:56,829	INFO	Total steps: 428200	Episode: 460/1053	Avg reward: -18.70	Avg steps: 1173
2020-07-02 01:57:42,361	INFO	Total steps: 451783	Episode: 480/1119	Avg reward: -18.35	Avg steps: 1178
2020-07-02 02:08:40,889	INFO	Total steps: 474350	Episode: 500/907	Avg reward: -18.60	Avg steps: 1127
2020-07-02 02:20:58,645	INFO	Total steps: 500899	Episode: 520/1209	Avg reward: -18.10	Avg steps: 1326
2020-07-02 02:33:05,969	INFO	Total steps: 527366	Episode: 540/1596	Avg reward: -17.65	Avg steps: 1322
2020-07-02 02:45:46,806	INFO	Total steps: 553982	Episode: 560/1467	Avg reward: -17.40	Avg steps: 1329
2020-07-02 02:58:21,239	INFO	Total steps: 578637	Episode: 580/1233	Avg reward: -18.20	Avg steps: 1231
2020-07-02 03:10:19,595	INFO	Total steps: 603217	Episode: 600/1068	Avg reward: -18.00	Avg steps: 1228
2020-07-02 03:22:58,880	INFO	Total steps: 630580	Episode: 620/1466	Avg reward: -17.25	Avg steps: 1367
2020-07-02 03:36:15,722	INFO	Total steps: 659316	Episode: 640/1820	Avg reward: -17.30	Avg steps: 1435
2020-07-02 03:50:07,840	INFO	Total steps: 689791	Episode: 660/1433	Avg reward: -17.10	Avg steps: 1522
2020-07-02 04:04:19,480	INFO	Total steps: 719121	Episode: 680/1596	Avg reward: -17.40	Avg steps: 1465
2020-07-02 04:19:40,861	INFO	Total steps: 751069	Episode: 700/1713	Avg reward: -16.55	Avg steps: 1596
2020-07-02 04:35:12,897	INFO	Total steps: 782570	Episode: 720/1489	Avg reward: -16.15	Avg steps: 1574
2020-07-02 04:50:32,295	INFO	Total steps: 814654	Episode: 740/1598	Avg reward: -16.20	Avg steps: 1603
2020-07-02 05:05:57,876	INFO	Total steps: 846595	Episode: 760/1480	Avg reward: -16.20	Avg steps: 1596
2020-07-02 05:22:36,615	INFO	Total steps: 881234	Episode: 780/1445	Avg reward: -16.25	Avg steps: 1730
2020-07-02 05:38:37,319	INFO	Total steps: 914072	Episode: 800/2036	Avg reward: -15.45	Avg steps: 1640
2020-07-02 05:54:49,555	INFO	Total steps: 946870	Episode: 820/1449	Avg reward: -16.25	Avg steps: 1638
2020-07-02 06:11:49,314	INFO	Total steps: 982340	Episode: 840/2081	Avg reward: -15.75	Avg steps: 1772
2020-07-02 06:28:38,577	INFO	Total steps: 1018607	Episode: 860/1949	Avg reward: -15.45	Avg steps: 1812
2020-07-02 06:49:47,654	INFO	Total steps: 1061836	Episode: 880/1747	Avg reward: -14.45	Avg steps: 2160
2020-07-02 07:09:41,931	INFO	Total steps: 1102651	Episode: 900/1957	Avg reward: -13.70	Avg steps: 2039
2020-07-02 07:28:11,923	INFO	Total steps: 1140936	Episode: 920/2454	Avg reward: -15.00	Avg steps: 1913
2020-07-02 07:47:24,621	INFO	Total steps: 1180846	Episode: 940/2207	Avg reward: -14.25	Avg steps: 1994
2020-07-02 08:06:41,698	INFO	Total steps: 1221035	Episode: 960/1875	Avg reward: -13.25	Avg steps: 2008
2020-07-02 08:26:07,703	INFO	Total steps: 1262799	Episode: 980/2034	Avg reward: -13.90	Avg steps: 2087
2020-07-02 08:46:29,004	INFO	Total steps: 1306226	Episode: 1000/1763	Avg reward: -13.25	Avg steps: 2170
2020-07-02 09:07:49,151	INFO	Total steps: 1351384	Episode: 1020/1963	Avg reward: -13.15	Avg steps: 2256
2020-07-02 09:28:02,248	INFO	Total steps: 1395275	Episode: 1040/2005	Avg reward: -13.25	Avg steps: 2193
2020-07-02 09:50:00,736	INFO	Total steps: 1440524	Episode: 1060/1724	Avg reward: -13.25	Avg steps: 2261
2020-07-02 10:13:42,478	INFO	Total steps: 1486994	Episode: 1080/2361	Avg reward: -12.05	Avg steps: 2322
2020-07-02 10:36:46,380	INFO	Total steps: 1532256	Episode: 1100/1694	Avg reward: -11.75	Avg steps: 2262
2020-07-02 11:00:02,379	INFO	Total steps: 1577931	Episode: 1120/2232	Avg reward: -12.75	Avg steps: 2282
2020-07-02 11:26:14,327	INFO	Total steps: 1629918	Episode: 1140/2703	Avg reward: -9.95	Avg steps: 2598
2020-07-02 11:51:12,801	INFO	Total steps: 1679109	Episode: 1160/1970	Avg reward: -12.20	Avg steps: 2458
2020-07-02 12:16:51,773	INFO	Total steps: 1728448	Episode: 1180/2053	Avg reward: -11.90	Avg steps: 2465
2020-07-02 12:41:33,342	INFO	Total steps: 1773886	Episode: 1200/1696	Avg reward: -11.65	Avg steps: 2270
2020-07-02 13:08:04,126	INFO	Total steps: 1822915	Episode: 1220/2096	Avg reward: -12.00	Avg steps: 2450
2020-07-02 13:33:50,246	INFO	Total steps: 1871073	Episode: 1240/2573	Avg reward: -12.00	Avg steps: 2406
2020-07-02 13:59:11,979	INFO	Total steps: 1919035	Episode: 1260/2063	Avg reward: -11.30	Avg steps: 2397
2020-07-02 14:26:59,626	INFO	Total steps: 1971396	Episode: 1280/2632	Avg reward: -11.55	Avg steps: 2617
2020-07-02 14:57:27,811	INFO	Total steps: 2029281	Episode: 1300/3996	Avg reward: -10.50	Avg steps: 2893
2020-07-02 15:25:48,295	INFO	Total steps: 2083786	Episode: 1320/2671	Avg reward: -10.30	Avg steps: 2724
2020-07-02 15:56:43,772	INFO	Total steps: 2142539	Episode: 1340/2597	Avg reward: -10.40	Avg steps: 2936
2020-07-02 16:23:34,299	INFO	Total steps: 2193191	Episode: 1360/2226	Avg reward: -10.95	Avg steps: 2531
2020-07-02 16:52:49,536	INFO	Total steps: 2248626	Episode: 1380/2918	Avg reward: -10.35	Avg steps: 2770
2020-07-02 17:24:57,570	INFO	Total steps: 2309924	Episode: 1400/4188	Avg reward: -9.75	Avg steps: 3063
2020-07-02 17:59:49,821	INFO	Total steps: 2376718	Episode: 1420/3641	Avg reward: -7.40	Avg steps: 3338
2020-07-02 18:31:55,579	INFO	Total steps: 2438618	Episode: 1440/3040	Avg reward: -8.35	Avg steps: 3094
2020-07-02 19:04:55,538	INFO	Total steps: 2502376	Episode: 1460/3749	Avg reward: -8.30	Avg steps: 3186
2020-07-02 19:39:30,254	INFO	Total steps: 2567835	Episode: 1480/2076	Avg reward: -7.80	Avg steps: 3271
2020-07-02 20:15:43,634	INFO	Total steps: 2638086	Episode: 1500/3635	Avg reward: -6.85	Avg steps: 3511
2020-07-02 20:52:36,300	INFO	Total steps: 2713746	Episode: 1520/3515	Avg reward: -6.60	Avg steps: 3782
2020-07-02 21:29:37,230	INFO	Total steps: 2789176	Episode: 1540/3848	Avg reward: -7.15	Avg steps: 3770
2020-07-02 22:04:24,321	INFO	Total steps: 2857408	Episode: 1560/1240	Avg reward: -8.35	Avg steps: 3410
2020-07-02 22:43:40,918	INFO	Total steps: 2934332	Episode: 1580/3840	Avg reward: -6.45	Avg steps: 3845
2020-07-02 23:20:16,288	INFO	Total steps: 3008261	Episode: 1600/3680	Avg reward: -7.50	Avg steps: 3695
2020-07-02 23:51:46,989	INFO	Total steps: 3072080	Episode: 1620/4153	Avg reward: -7.35	Avg steps: 3189
2020-07-03 00:26:49,498	INFO	Total steps: 3140938	Episode: 1640/4380	Avg reward: -6.60	Avg steps: 3441
2020-07-03 01:02:25,946	INFO	Total steps: 3211109	Episode: 1660/3073	Avg reward: -7.10	Avg steps: 3507
2020-07-03 01:37:48,674	INFO	Total steps: 3282148	Episode: 1680/4090	Avg reward: -6.05	Avg steps: 3550
2020-07-03 02:12:22,629	INFO	Total steps: 3351996	Episode: 1700/3095	Avg reward: -4.80	Avg steps: 3491
2020-07-03 02:47:19,811	INFO	Total steps: 3422085	Episode: 1720/3757	Avg reward: -4.65	Avg steps: 3503
2020-07-03 03:23:52,032	INFO	Total steps: 3495525	Episode: 1740/2430	Avg reward: -4.25	Avg steps: 3671
2020-07-03 04:02:09,008	INFO	Total steps: 3570649	Episode: 1760/3679	Avg reward: -4.85	Avg steps: 3755
2020-07-03 04:35:47,814	INFO	Total steps: 3636969	Episode: 1780/2315	Avg reward: -4.90	Avg steps: 3315
2020-07-03 05:16:39,908	INFO	Total steps: 3716637	Episode: 1800/4542	Avg reward: -1.50	Avg steps: 3982
2020-07-03 05:51:45,633	INFO	Total steps: 3788143	Episode: 1820/3177	Avg reward: -6.90	Avg steps: 3574
2020-07-03 06:32:46,045	INFO	Total steps: 3870682	Episode: 1840/5078	Avg reward: -4.60	Avg steps: 4125
2020-07-03 07:09:56,979	INFO	Total steps: 3944924	Episode: 1860/3846	Avg reward: -4.80	Avg steps: 3711
2020-07-03 07:55:20,520	INFO	Total steps: 4036364	Episode: 1880/4504	Avg reward: -6.25	Avg steps: 4571
2020-07-03 08:36:29,614	INFO	Total steps: 4116917	Episode: 1900/3427	Avg reward: -1.25	Avg steps: 4026
2020-07-03 09:20:57,839	INFO	Total steps: 4203275	Episode: 1920/5320	Avg reward: -4.65	Avg steps: 4316
2020-07-03 10:10:01,716	INFO	Total steps: 4298612	Episode: 1940/3811	Avg reward: -2.10	Avg steps: 4765
2020-07-03 10:59:42,890	INFO	Total steps: 4394790	Episode: 1960/4572	Avg reward: -2.15	Avg steps: 4807
2020-07-03 11:41:59,189	INFO	Total steps: 4476265	Episode: 1980/5803	Avg reward: -6.30	Avg steps: 4072
2020-07-03 12:28:41,792	INFO	Total steps: 4566960	Episode: 2000/4302	Avg reward: -4.10	Avg steps: 4533
2020-07-03 13:10:30,994	INFO	Total steps: 4647405	Episode: 2020/2936	Avg reward: -5.70	Avg steps: 4021
2020-07-03 13:52:43,553	INFO	Total steps: 4729285	Episode: 2040/4033	Avg reward: -4.75	Avg steps: 4093
2020-07-03 14:33:06,160	INFO	Total steps: 4807863	Episode: 2060/4044	Avg reward: -4.70	Avg steps: 3927
2020-07-03 15:09:15,126	INFO	Total steps: 4878835	Episode: 2080/3176	Avg reward: -5.35	Avg steps: 3547
2020-07-03 15:50:28,067	INFO	Total steps: 4959002	Episode: 2100/4644	Avg reward: -3.60	Avg steps: 4007
2020-07-03 16:35:50,072	INFO	Total steps: 5047727	Episode: 2120/2493	Avg reward: -3.10	Avg steps: 4435
2020-07-03 17:15:04,561	INFO	Total steps: 5123425	Episode: 2140/4727	Avg reward: -6.85	Avg steps: 3783
2020-07-03 17:57:56,570	INFO	Total steps: 5206982	Episode: 2160/4804	Avg reward: -5.90	Avg steps: 4176
2020-07-03 18:41:53,952	INFO	Total steps: 5293131	Episode: 2180/4679	Avg reward: -6.45	Avg steps: 4306
2020-07-03 19:23:24,730	INFO	Total steps: 5377304	Episode: 2200/3014	Avg reward: -2.85	Avg steps: 4207
2020-07-03 20:05:45,422	INFO	Total steps: 5459809	Episode: 2220/5132	Avg reward: -5.50	Avg steps: 4124
2020-07-03 20:43:06,156	INFO	Total steps: 5532989	Episode: 2240/4679	Avg reward: -6.35	Avg steps: 3658
2020-07-03 21:21:19,983	INFO	Total steps: 5606953	Episode: 2260/4112	Avg reward: -5.95	Avg steps: 3697
2020-07-03 21:59:29,692	INFO	Total steps: 5682306	Episode: 2280/4868	Avg reward: -4.05	Avg steps: 3766
2020-07-03 22:44:28,551	INFO	Total steps: 5770356	Episode: 2300/4162	Avg reward: -3.40	Avg steps: 4401
2020-07-03 23:29:37,559	INFO	Total steps: 5858039	Episode: 2320/4082	Avg reward: -3.35	Avg steps: 4383
2020-07-04 00:15:08,005	INFO	Total steps: 5945945	Episode: 2340/3940	Avg reward: -4.90	Avg steps: 4394
2020-07-04 00:55:58,446	INFO	Total steps: 6027413	Episode: 2360/4829	Avg reward: -6.25	Avg steps: 4072
2020-07-04 01:36:02,433	INFO	Total steps: 6108304	Episode: 2380/5126	Avg reward: -3.45	Avg steps: 4043
2020-07-04 02:22:02,670	INFO	Total steps: 6199119	Episode: 2400/3544	Avg reward: -4.60	Avg steps: 4539
2020-07-04 02:56:28,945	INFO	Total steps: 6281392	Episode: 2420/4095	Avg reward: -6.00	Avg steps: 4112
2020-07-04 03:32:44,766	INFO	Total steps: 6370676	Episode: 2440/4203	Avg reward: -4.35	Avg steps: 4463
2020-07-04 04:08:47,970	INFO	Total steps: 6459388	Episode: 2460/4095	Avg reward: -6.95	Avg steps: 4434
2020-07-04 04:45:12,716	INFO	Total steps: 6548393	Episode: 2480/4920	Avg reward: -0.95	Avg steps: 4449
2020-07-04 05:18:20,484	INFO	Total steps: 6630571	Episode: 2500/3187	Avg reward: -2.75	Avg steps: 4107
2020-07-04 05:54:04,070	INFO	Total steps: 6718851	Episode: 2520/3573	Avg reward: -2.55	Avg steps: 4413
2020-07-04 06:29:16,401	INFO	Total steps: 6809006	Episode: 2540/4174	Avg reward: -2.75	Avg steps: 4506
2020-07-04 06:55:52,879	INFO	Total steps: 6895085	Episode: 2560/6268	Avg reward: -6.40	Avg steps: 4302
2020-07-04 07:23:04,558	INFO	Total steps: 6983492	Episode: 2580/4081	Avg reward: -4.20	Avg steps: 4419
2020-07-04 07:51:24,197	INFO	Total steps: 7075748	Episode: 2600/5695	Avg reward: -4.80	Avg steps: 4611
2020-07-04 08:20:33,709	INFO	Total steps: 7169773	Episode: 2620/4155	Avg reward: -4.00	Avg steps: 4700
2020-07-04 08:48:14,322	INFO	Total steps: 7257682	Episode: 2640/3910	Avg reward: -4.15	Avg steps: 4394
2020-07-04 09:20:03,300	INFO	Total steps: 7360208	Episode: 2660/4505	Avg reward: -2.90	Avg steps: 5125
2020-07-04 09:50:17,531	INFO	Total steps: 7458037	Episode: 2680/2965	Avg reward: -2.10	Avg steps: 4890
2020-07-04 10:24:15,487	INFO	Total steps: 7567835	Episode: 2700/5092	Avg reward: -1.70	Avg steps: 5488
2020-07-04 10:58:13,244	INFO	Total steps: 7677406	Episode: 2720/3657	Avg reward: -0.80	Avg steps: 5477
2020-07-04 11:26:09,715	INFO	Total steps: 7767737	Episode: 2740/3005	Avg reward: -4.10	Avg steps: 4515
2020-07-04 11:57:17,623	INFO	Total steps: 7868295	Episode: 2760/4247	Avg reward: -2.15	Avg steps: 5026
2020-07-04 12:27:14,745	INFO	Total steps: 7964746	Episode: 2780/4983	Avg reward: -3.00	Avg steps: 4821
2020-07-04 12:57:03,837	INFO	Total steps: 8061295	Episode: 2800/4392	Avg reward: -1.40	Avg steps: 4826
2020-07-04 13:27:30,356	INFO	Total steps: 8160224	Episode: 2820/4420	Avg reward: -1.75	Avg steps: 4945
2020-07-04 13:57:38,605	INFO	Total steps: 8257198	Episode: 2840/4532	Avg reward: -5.15	Avg steps: 4847
2020-07-04 14:29:57,047	INFO	Total steps: 8361966	Episode: 2860/3009	Avg reward: -4.10	Avg steps: 5237
2020-07-04 15:01:01,445	INFO	Total steps: 8461760	Episode: 2880/7820	Avg reward: -1.90	Avg steps: 4988
2020-07-04 15:30:46,882	INFO	Total steps: 8559625	Episode: 2900/4143	Avg reward: -0.45	Avg steps: 4892
2020-07-04 16:00:46,649	INFO	Total steps: 8656166	Episode: 2920/5692	Avg reward: -2.75	Avg steps: 4826
2020-07-04 16:27:03,705	INFO	Total steps: 8741415	Episode: 2940/3866	Avg reward: -5.60	Avg steps: 4261
2020-07-04 16:53:34,851	INFO	Total steps: 8826880	Episode: 2960/4494	Avg reward: -4.65	Avg steps: 4272
2020-07-04 17:24:01,146	INFO	Total steps: 8923369	Episode: 2980/5642	Avg reward: -1.80	Avg steps: 4823
2020-07-04 17:55:51,862	INFO	Total steps: 9026013	Episode: 3000/4775	Avg reward: -2.55	Avg steps: 5131
2020-07-04 18:24:18,217	INFO	Total steps: 9118285	Episode: 3020/5587	Avg reward: -2.70	Avg steps: 4612
2020-07-04 18:57:04,078	INFO	Total steps: 9223724	Episode: 3040/4836	Avg reward: -4.05	Avg steps: 5270
2020-07-04 19:27:48,271	INFO	Total steps: 9323200	Episode: 3060/5302	Avg reward: -3.00	Avg steps: 4972
2020-07-04 19:59:40,043	INFO	Total steps: 9426248	Episode: 3080/3490	Avg reward: -3.45	Avg steps: 5151
2020-07-04 20:33:49,463	INFO	Total steps: 9538888	Episode: 3100/3816	Avg reward: -1.95	Avg steps: 5631
2020-07-04 21:06:11,894	INFO	Total steps: 9648521	Episode: 3120/5236	Avg reward: -3.35	Avg steps: 5480
2020-07-04 21:39:02,731	INFO	Total steps: 9753843	Episode: 3140/5119	Avg reward: -0.75	Avg steps: 5265
2020-07-04 22:13:09,230	INFO	Total steps: 9862902	Episode: 3160/4932	Avg reward: -0.25	Avg steps: 5451
2020-07-04 22:45:21,535	INFO	Total steps: 9965983	Episode: 3180/4047	Avg reward: 1.90	Avg steps: 5153
2020-07-04 23:14:44,522	INFO	Total steps: 10060070	Episode: 3200/3643	Avg reward: -1.65	Avg steps: 4703
2020-07-04 23:45:55,845	INFO	Total steps: 10161008	Episode: 3220/3910	Avg reward: 0.15	Avg steps: 5045
2020-07-05 00:13:33,445	INFO	Total steps: 10250409	Episode: 3240/4280	Avg reward: -2.75	Avg steps: 4469
2020-07-05 00:42:46,968	INFO	Total steps: 10344915	Episode: 3260/4111	Avg reward: -0.05	Avg steps: 4724
2020-07-05 01:11:37,924	INFO	Total steps: 10438041	Episode: 3280/4632	Avg reward: -1.15	Avg steps: 4655
2020-07-05 01:41:37,693	INFO	Total steps: 10535409	Episode: 3300/7018	Avg reward: -1.85	Avg steps: 4867
2020-07-05 02:09:01,283	INFO	Total steps: 10623880	Episode: 3320/3807	Avg reward: 0.20	Avg steps: 4422
2020-07-05 02:37:42,003	INFO	Total steps: 10716757	Episode: 3340/6348	Avg reward: 1.80	Avg steps: 4642
2020-07-05 03:08:58,232	INFO	Total steps: 10817644	Episode: 3360/4211	Avg reward: 3.10	Avg steps: 5043
2020-07-05 03:36:16,945	INFO	Total steps: 10904841	Episode: 3380/4636	Avg reward: -1.40	Avg steps: 4358
2020-07-05 04:07:19,913	INFO	Total steps: 11004700	Episode: 3400/5144	Avg reward: 0.20	Avg steps: 4991
2020-07-05 04:36:47,729	INFO	Total steps: 11099574	Episode: 3420/4733	Avg reward: -1.80	Avg steps: 4742
2020-07-05 05:07:37,624	INFO	Total steps: 11199445	Episode: 3440/4368	Avg reward: -4.10	Avg steps: 4992
2020-07-05 05:37:39,006	INFO	Total steps: 11296595	Episode: 3460/5101	Avg reward: -3.00	Avg steps: 4856
2020-07-05 06:07:38,644	INFO	Total steps: 11393703	Episode: 3480/4431	Avg reward: -2.30	Avg steps: 4854
2020-07-05 06:35:40,222	INFO	Total steps: 11484812	Episode: 3500/3879	Avg reward: -1.25	Avg steps: 4554
2020-07-05 07:06:03,951	INFO	Total steps: 11581679	Episode: 3520/6413	Avg reward: -1.50	Avg steps: 4842
2020-07-05 07:38:52,323	INFO	Total steps: 11685649	Episode: 3540/4453	Avg reward: 3.20	Avg steps: 5197
2020-07-05 08:08:05,285	INFO	Total steps: 11779083	Episode: 3560/5109	Avg reward: -2.00	Avg steps: 4670
2020-07-05 08:39:18,677	INFO	Total steps: 11878169	Episode: 3580/4253	Avg reward: 0.60	Avg steps: 4953
2020-07-05 09:10:56,230	INFO	Total steps: 11978895	Episode: 3600/5724	Avg reward: 1.25	Avg steps: 5035
2020-07-05 09:41:13,193	INFO	Total steps: 12075610	Episode: 3620/2608	Avg reward: -2.05	Avg steps: 4834
2020-07-05 10:15:20,760	INFO	Total steps: 12184510	Episode: 3640/6519	Avg reward: -1.75	Avg steps: 5444
2020-07-05 10:47:18,588	INFO	Total steps: 12286175	Episode: 3660/5458	Avg reward: -2.55	Avg steps: 5082
2020-07-05 11:19:48,503	INFO	Total steps: 12389541	Episode: 3680/4142	Avg reward: -0.85	Avg steps: 5167
2020-07-05 11:46:14,008	INFO	Total steps: 12474094	Episode: 3700/4288	Avg reward: -1.70	Avg steps: 4226
2020-07-05 12:14:27,464	INFO	Total steps: 12563765	Episode: 3720/5149	Avg reward: -0.30	Avg steps: 4482
2020-07-05 12:45:21,983	INFO	Total steps: 12662301	Episode: 3740/3836	Avg reward: -0.50	Avg steps: 4925
2020-07-05 13:15:04,558	INFO	Total steps: 12760271	Episode: 3760/5024	Avg reward: -1.95	Avg steps: 4897
2020-07-05 13:46:49,217	INFO	Total steps: 12863042	Episode: 3780/3937	Avg reward: 0.50	Avg steps: 5137
2020-07-05 14:14:29,747	INFO	Total steps: 12951175	Episode: 3800/6469	Avg reward: 0.95	Avg steps: 4405
2020-07-05 14:46:54,852	INFO	Total steps: 13054271	Episode: 3820/4615	Avg reward: -0.30	Avg steps: 5153
2020-07-05 15:16:04,184	INFO	Total steps: 13147001	Episode: 3840/5338	Avg reward: 0.50	Avg steps: 4635
2020-07-05 15:46:26,241	INFO	Total steps: 13242634	Episode: 3860/5241	Avg reward: -0.10	Avg steps: 4780
2020-07-05 16:15:13,492	INFO	Total steps: 13334589	Episode: 3880/4618	Avg reward: -1.60	Avg steps: 4596
2020-07-05 16:44:44,880	INFO	Total steps: 13429068	Episode: 3900/6441	Avg reward: -3.50	Avg steps: 4722
2020-07-05 17:14:04,384	INFO	Total steps: 13521296	Episode: 3920/8501	Avg reward: -2.60	Avg steps: 4610
2020-07-05 17:43:51,485	INFO	Total steps: 13615780	Episode: 3940/5110	Avg reward: -2.95	Avg steps: 4723
2020-07-05 18:12:23,098	INFO	Total steps: 13705877	Episode: 3960/3601	Avg reward: -1.75	Avg steps: 4503
2020-07-05 18:42:32,017	INFO	Total steps: 13802675	Episode: 3980/5030	Avg reward: 0.85	Avg steps: 4838
2020-07-05 19:13:43,954	INFO	Total steps: 13902419	Episode: 4000/6281	Avg reward: -0.40	Avg steps: 4986
2020-07-06 17:19:28,750	INFO	--width 160 --height 160 --ball 1.0 --ball-size 2.0 --snell 1.0 --snell-width 40.0 --snell-change 0.0 --snell-visible none --paddle-speed 1.0 --paddle-angle 60.0 --paddle-length 20.0 --update-prob 0.4 --state binary --learning-rate 0.0001 --network dqn_pong_model --render False --epsdecay 1000 --episodes 4000 --replay 10000 --checkpoint dqn_pong_model --history history.p --store-dir ../experiments/snell_width.40.0-paddle_length.20.0-paddle_angle.60.0-update_prob.0.4 
2020-07-06 17:19:28,901	INFO	Device: cuda
2020-07-06 17:22:40,362	INFO	Total steps: 13675	Episode: 20/768	Avg reward: -19.75	Avg steps: 682
2020-07-06 17:30:00,328	INFO	Total steps: 27779	Episode: 40/907	Avg reward: -19.80	Avg steps: 704
2020-07-06 17:37:54,418	INFO	Total steps: 42974	Episode: 60/1171	Avg reward: -19.65	Avg steps: 758
2020-07-06 17:46:13,394	INFO	Total steps: 58745	Episode: 80/696	Avg reward: -19.35	Avg steps: 787
2020-07-06 17:54:47,702	INFO	Total steps: 75081	Episode: 100/842	Avg reward: -19.50	Avg steps: 815
2020-07-06 18:03:38,739	INFO	Total steps: 91967	Episode: 120/849	Avg reward: -19.45	Avg steps: 843
2020-07-06 18:11:44,406	INFO	Total steps: 107495	Episode: 140/535	Avg reward: -19.55	Avg steps: 775
2020-07-06 18:20:01,087	INFO	Total steps: 123170	Episode: 160/965	Avg reward: -19.55	Avg steps: 782
2020-07-06 18:27:32,021	INFO	Total steps: 137334	Episode: 180/687	Avg reward: -19.85	Avg steps: 707
2020-07-06 18:37:19,217	INFO	Total steps: 155766	Episode: 200/759	Avg reward: -19.50	Avg steps: 920
2020-07-06 18:47:38,552	INFO	Total steps: 175141	Episode: 220/924	Avg reward: -19.55	Avg steps: 967
2020-07-06 18:57:24,221	INFO	Total steps: 193516	Episode: 240/998	Avg reward: -19.30	Avg steps: 917
2020-07-06 19:07:12,420	INFO	Total steps: 212084	Episode: 260/880	Avg reward: -19.15	Avg steps: 927
2020-07-06 19:16:38,863	INFO	Total steps: 229859	Episode: 280/682	Avg reward: -19.45	Avg steps: 887
2020-07-06 19:26:32,635	INFO	Total steps: 248440	Episode: 300/1371	Avg reward: -19.25	Avg steps: 928
2020-07-06 19:37:23,375	INFO	Total steps: 268871	Episode: 320/984	Avg reward: -18.95	Avg steps: 1020
2020-07-06 19:48:44,198	INFO	Total steps: 290153	Episode: 340/990	Avg reward: -19.20	Avg steps: 1063
2020-07-06 20:01:08,010	INFO	Total steps: 313300	Episode: 360/1293	Avg reward: -19.10	Avg steps: 1156
2020-07-06 20:13:34,054	INFO	Total steps: 336556	Episode: 380/854	Avg reward: -18.80	Avg steps: 1161
2020-07-06 20:25:30,686	INFO	Total steps: 358824	Episode: 400/1171	Avg reward: -18.85	Avg steps: 1112
2020-07-06 20:38:47,417	INFO	Total steps: 383517	Episode: 420/1371	Avg reward: -18.90	Avg steps: 1233
2020-07-06 20:49:23,785	INFO	Total steps: 403309	Episode: 440/602	Avg reward: -18.85	Avg steps: 988
2020-07-06 21:01:42,628	INFO	Total steps: 426400	Episode: 460/1499	Avg reward: -19.05	Avg steps: 1153
2020-07-06 21:13:50,615	INFO	Total steps: 449168	Episode: 480/1213	Avg reward: -18.65	Avg steps: 1137
2020-07-06 21:27:10,002	INFO	Total steps: 473959	Episode: 500/922	Avg reward: -18.40	Avg steps: 1238
2020-07-06 21:41:15,758	INFO	Total steps: 500217	Episode: 520/664	Avg reward: -18.00	Avg steps: 1311
2020-07-06 21:55:54,213	INFO	Total steps: 527256	Episode: 540/1215	Avg reward: -17.60	Avg steps: 1350
2020-07-06 22:10:16,881	INFO	Total steps: 553519	Episode: 560/1544	Avg reward: -17.70	Avg steps: 1312
2020-07-06 22:26:30,346	INFO	Total steps: 583219	Episode: 580/1515	Avg reward: -17.95	Avg steps: 1484
2020-07-06 22:42:21,326	INFO	Total steps: 612475	Episode: 600/816	Avg reward: -17.30	Avg steps: 1461
2020-07-06 22:56:18,548	INFO	Total steps: 638163	Episode: 620/971	Avg reward: -17.35	Avg steps: 1283
2020-07-06 23:12:25,222	INFO	Total steps: 667888	Episode: 640/1352	Avg reward: -17.50	Avg steps: 1485
2020-07-06 23:28:36,773	INFO	Total steps: 697832	Episode: 660/1702	Avg reward: -16.90	Avg steps: 1496
2020-07-06 23:45:14,280	INFO	Total steps: 728503	Episode: 680/1880	Avg reward: -17.20	Avg steps: 1532
2020-07-07 00:01:20,971	INFO	Total steps: 758264	Episode: 700/902	Avg reward: -16.15	Avg steps: 1487
2020-07-07 00:18:20,376	INFO	Total steps: 789639	Episode: 720/1242	Avg reward: -15.65	Avg steps: 1567
2020-07-07 00:34:14,505	INFO	Total steps: 819109	Episode: 740/1107	Avg reward: -16.95	Avg steps: 1472
2020-07-07 00:51:08,402	INFO	Total steps: 850412	Episode: 760/1306	Avg reward: -15.70	Avg steps: 1564
2020-07-07 01:08:18,016	INFO	Total steps: 882113	Episode: 780/1145	Avg reward: -16.65	Avg steps: 1584
2020-07-07 01:25:41,930	INFO	Total steps: 913616	Episode: 800/1831	Avg reward: -15.55	Avg steps: 1574
2020-07-07 01:45:39,378	INFO	Total steps: 948483	Episode: 820/1545	Avg reward: -15.15	Avg steps: 1742
2020-07-07 02:04:37,420	INFO	Total steps: 981567	Episode: 840/1787	Avg reward: -14.95	Avg steps: 1653
2020-07-07 02:22:08,511	INFO	Total steps: 1012058	Episode: 860/1154	Avg reward: -16.05	Avg steps: 1523
2020-07-07 02:40:26,146	INFO	Total steps: 1043874	Episode: 880/1151	Avg reward: -15.65	Avg steps: 1589
2020-07-07 03:00:31,422	INFO	Total steps: 1078823	Episode: 900/2113	Avg reward: -15.15	Avg steps: 1746
2020-07-07 03:21:07,258	INFO	Total steps: 1114372	Episode: 920/1716	Avg reward: -14.15	Avg steps: 1776
2020-07-07 03:44:12,851	INFO	Total steps: 1152520	Episode: 940/1905	Avg reward: -14.75	Avg steps: 1906
2020-07-07 04:07:57,268	INFO	Total steps: 1190503	Episode: 960/1818	Avg reward: -14.75	Avg steps: 1898
2020-07-07 04:32:05,537	INFO	Total steps: 1229147	Episode: 980/1191	Avg reward: -14.40	Avg steps: 1931
2020-07-07 04:56:58,612	INFO	Total steps: 1269019	Episode: 1000/1522	Avg reward: -14.15	Avg steps: 1992
2020-07-07 05:23:11,100	INFO	Total steps: 1311029	Episode: 1020/2388	Avg reward: -13.30	Avg steps: 2099
2020-07-07 05:49:23,915	INFO	Total steps: 1352909	Episode: 1040/2483	Avg reward: -13.90	Avg steps: 2093
2020-07-07 06:16:10,314	INFO	Total steps: 1395729	Episode: 1060/1775	Avg reward: -12.50	Avg steps: 2140
2020-07-07 06:40:34,520	INFO	Total steps: 1434885	Episode: 1080/2519	Avg reward: -14.65	Avg steps: 1956
2020-07-07 07:07:35,711	INFO	Total steps: 1478087	Episode: 1100/2897	Avg reward: -13.75	Avg steps: 2159
2020-07-07 07:34:05,234	INFO	Total steps: 1520446	Episode: 1120/1689	Avg reward: -12.10	Avg steps: 2116
2020-07-07 08:00:59,592	INFO	Total steps: 1563343	Episode: 1140/1647	Avg reward: -12.40	Avg steps: 2143
2020-07-07 08:29:47,861	INFO	Total steps: 1609304	Episode: 1160/3050	Avg reward: -11.25	Avg steps: 2297
2020-07-07 08:59:00,806	INFO	Total steps: 1655848	Episode: 1180/2082	Avg reward: -11.20	Avg steps: 2326
2020-07-07 09:26:51,572	INFO	Total steps: 1700271	Episode: 1200/2288	Avg reward: -12.05	Avg steps: 2220
2020-07-07 10:00:18,786	INFO	Total steps: 1753473	Episode: 1220/2536	Avg reward: -10.35	Avg steps: 2659
2020-07-07 10:31:43,437	INFO	Total steps: 1803404	Episode: 1240/2938	Avg reward: -10.20	Avg steps: 2495
2020-07-07 11:05:23,916	INFO	Total steps: 1857097	Episode: 1260/2206	Avg reward: -10.70	Avg steps: 2683
2020-07-07 11:36:50,300	INFO	Total steps: 1907553	Episode: 1280/3373	Avg reward: -9.85	Avg steps: 2521
2020-07-07 12:07:32,752	INFO	Total steps: 1956822	Episode: 1300/2161	Avg reward: -10.35	Avg steps: 2462
2020-07-07 12:39:17,466	INFO	Total steps: 2007876	Episode: 1320/2617	Avg reward: -10.40	Avg steps: 2551
2020-07-07 13:12:42,743	INFO	Total steps: 2061756	Episode: 1340/2935	Avg reward: -10.10	Avg steps: 2693
2020-07-07 13:47:17,608	INFO	Total steps: 2117420	Episode: 1360/2626	Avg reward: -10.35	Avg steps: 2782
2020-07-07 14:24:32,558	INFO	Total steps: 2177664	Episode: 1380/3065	Avg reward: -8.75	Avg steps: 3011
2020-07-07 15:04:16,462	INFO	Total steps: 2241737	Episode: 1400/2110	Avg reward: -7.50	Avg steps: 3202
2020-07-07 15:39:51,922	INFO	Total steps: 2299077	Episode: 1420/4006	Avg reward: -8.90	Avg steps: 2866
2020-07-07 16:15:54,225	INFO	Total steps: 2356420	Episode: 1440/3794	Avg reward: -8.00	Avg steps: 2866
2020-07-07 16:53:46,879	INFO	Total steps: 2416713	Episode: 1460/3447	Avg reward: -6.75	Avg steps: 3013
2020-07-07 17:29:13,052	INFO	Total steps: 2472868	Episode: 1480/3260	Avg reward: -8.90	Avg steps: 2806
2020-07-07 18:15:49,098	INFO	Total steps: 2546850	Episode: 1500/3029	Avg reward: -5.20	Avg steps: 3698
2020-07-07 18:57:02,813	INFO	Total steps: 2612281	Episode: 1520/2078	Avg reward: -8.35	Avg steps: 3270
2020-07-07 19:38:09,636	INFO	Total steps: 2677743	Episode: 1540/4220	Avg reward: -8.40	Avg steps: 3272
2020-07-07 20:21:16,570	INFO	Total steps: 2746357	Episode: 1560/4825	Avg reward: -5.75	Avg steps: 3429
2020-07-07 21:03:50,404	INFO	Total steps: 2813785	Episode: 1580/3376	Avg reward: -4.85	Avg steps: 3370
2020-07-07 21:47:42,949	INFO	Total steps: 2883697	Episode: 1600/3998	Avg reward: -5.60	Avg steps: 3494
2020-07-07 22:32:06,498	INFO	Total steps: 2954501	Episode: 1620/3611	Avg reward: -7.00	Avg steps: 3539
2020-07-07 23:15:01,748	INFO	Total steps: 3027784	Episode: 1640/3283	Avg reward: -4.55	Avg steps: 3663
2020-07-07 23:59:34,827	INFO	Total steps: 3104397	Episode: 1660/5075	Avg reward: -5.90	Avg steps: 3829
2020-07-08 00:42:57,541	INFO	Total steps: 3179029	Episode: 1680/2813	Avg reward: -3.60	Avg steps: 3730
2020-07-08 01:26:33,870	INFO	Total steps: 3253640	Episode: 1700/2289	Avg reward: -5.60	Avg steps: 3729
2020-07-08 02:16:31,295	INFO	Total steps: 3339140	Episode: 1720/3977	Avg reward: -4.10	Avg steps: 4274
2020-07-08 03:08:15,700	INFO	Total steps: 3427674	Episode: 1740/4147	Avg reward: -2.80	Avg steps: 4425
2020-07-08 03:54:16,473	INFO	Total steps: 3506254	Episode: 1760/4892	Avg reward: -4.45	Avg steps: 3928
2020-07-08 04:45:20,985	INFO	Total steps: 3593409	Episode: 1780/5881	Avg reward: -1.25	Avg steps: 4356
2020-07-08 05:41:53,500	INFO	Total steps: 3689919	Episode: 1800/6257	Avg reward: -1.35	Avg steps: 4824
2020-07-08 06:29:07,769	INFO	Total steps: 3770470	Episode: 1820/2051	Avg reward: -3.15	Avg steps: 4026
2020-07-08 07:21:34,906	INFO	Total steps: 3860242	Episode: 1840/5322	Avg reward: -2.15	Avg steps: 4487
2020-07-08 08:15:08,643	INFO	Total steps: 3952418	Episode: 1860/4597	Avg reward: -3.30	Avg steps: 4607
2020-07-08 09:04:10,284	INFO	Total steps: 4036823	Episode: 1880/3844	Avg reward: -2.80	Avg steps: 4219
2020-07-08 09:56:33,508	INFO	Total steps: 4126889	Episode: 1900/4854	Avg reward: -0.90	Avg steps: 4502
2020-07-08 10:46:26,857	INFO	Total steps: 4212344	Episode: 1920/5494	Avg reward: -2.95	Avg steps: 4271
2020-07-08 11:38:05,739	INFO	Total steps: 4301013	Episode: 1940/4314	Avg reward: -4.30	Avg steps: 4432
2020-07-08 12:25:50,874	INFO	Total steps: 4381997	Episode: 1960/2999	Avg reward: -4.15	Avg steps: 4048
2020-07-08 13:20:35,119	INFO	Total steps: 4476539	Episode: 1980/4705	Avg reward: -0.50	Avg steps: 4726
2020-07-08 14:08:48,743	INFO	Total steps: 4560286	Episode: 2000/2743	Avg reward: -4.15	Avg steps: 4186
2020-07-08 15:20:23,119	INFO	Total steps: 4648979	Episode: 2020/5780	Avg reward: -3.25	Avg steps: 4433
2020-07-08 16:07:21,731	INFO	Total steps: 4729441	Episode: 2040/3430	Avg reward: -1.00	Avg steps: 4022
2020-07-08 16:53:57,174	INFO	Total steps: 4808965	Episode: 2060/3980	Avg reward: -3.50	Avg steps: 3975
2020-07-08 17:41:55,986	INFO	Total steps: 4890734	Episode: 2080/4533	Avg reward: -2.35	Avg steps: 4087
2020-07-08 18:31:57,435	INFO	Total steps: 4975453	Episode: 2100/3750	Avg reward: -1.90	Avg steps: 4234
2020-07-08 19:19:53,585	INFO	Total steps: 5056548	Episode: 2120/4957	Avg reward: -3.35	Avg steps: 4053
2020-07-08 20:10:21,298	INFO	Total steps: 5142541	Episode: 2140/4499	Avg reward: -2.45	Avg steps: 4298
2020-07-08 20:58:26,485	INFO	Total steps: 5224675	Episode: 2160/5388	Avg reward: 0.05	Avg steps: 4105
2020-07-08 21:45:32,046	INFO	Total steps: 5305078	Episode: 2180/4551	Avg reward: -0.10	Avg steps: 4019
2020-07-08 22:34:36,755	INFO	Total steps: 5385875	Episode: 2200/4082	Avg reward: -4.15	Avg steps: 4038
2020-07-08 23:22:35,863	INFO	Total steps: 5466416	Episode: 2220/3323	Avg reward: 1.70	Avg steps: 4026
2020-07-09 00:12:54,451	INFO	Total steps: 5553133	Episode: 2240/5080	Avg reward: 0.00	Avg steps: 4334
2020-07-09 01:03:23,761	INFO	Total steps: 5640228	Episode: 2260/4014	Avg reward: -1.10	Avg steps: 4353
2020-07-09 01:50:29,408	INFO	Total steps: 5721477	Episode: 2280/4568	Avg reward: -1.00	Avg steps: 4061
2020-07-09 02:46:13,227	INFO	Total steps: 5816723	Episode: 2300/3695	Avg reward: -0.15	Avg steps: 4761
2020-07-09 03:35:06,638	INFO	Total steps: 5899749	Episode: 2320/3488	Avg reward: 1.35	Avg steps: 4150
2020-07-09 04:25:23,010	INFO	Total steps: 5984992	Episode: 2340/5073	Avg reward: -0.35	Avg steps: 4261
2020-07-09 05:14:46,080	INFO	Total steps: 6074073	Episode: 2360/4496	Avg reward: -0.40	Avg steps: 4453
2020-07-09 05:59:43,687	INFO	Total steps: 6157183	Episode: 2380/3328	Avg reward: 0.25	Avg steps: 4154
2020-07-09 06:38:23,152	INFO	Total steps: 6233862	Episode: 2400/4734	Avg reward: -4.35	Avg steps: 3832
2020-07-09 07:28:11,696	INFO	Total steps: 6336002	Episode: 2420/5213	Avg reward: -0.65	Avg steps: 5106
2020-07-09 08:11:44,170	INFO	Total steps: 6425448	Episode: 2440/5047	Avg reward: -2.75	Avg steps: 4471
2020-07-09 08:57:01,403	INFO	Total steps: 6519219	Episode: 2460/4091	Avg reward: -1.95	Avg steps: 4687
2020-07-09 09:39:09,108	INFO	Total steps: 6606838	Episode: 2480/4913	Avg reward: -2.10	Avg steps: 4379
2020-07-09 10:20:09,376	INFO	Total steps: 6692275	Episode: 2500/3578	Avg reward: -3.55	Avg steps: 4270
2020-07-09 11:02:31,671	INFO	Total steps: 6780645	Episode: 2520/4621	Avg reward: -1.15	Avg steps: 4417
2020-07-09 11:46:54,916	INFO	Total steps: 6876157	Episode: 2540/5604	Avg reward: -1.40	Avg steps: 4774
2020-07-09 12:24:59,724	INFO	Total steps: 6965262	Episode: 2560/5528	Avg reward: -2.00	Avg steps: 4454
2020-07-09 13:03:05,016	INFO	Total steps: 7054345	Episode: 2580/4560	Avg reward: -1.65	Avg steps: 4453
2020-07-09 13:42:31,688	INFO	Total steps: 7146257	Episode: 2600/4082	Avg reward: -3.05	Avg steps: 4594
2020-07-09 14:21:25,141	INFO	Total steps: 7237490	Episode: 2620/4954	Avg reward: -3.10	Avg steps: 4560
2020-07-09 14:59:17,265	INFO	Total steps: 7326571	Episode: 2640/5751	Avg reward: -2.65	Avg steps: 4453
2020-07-09 15:37:21,899	INFO	Total steps: 7415965	Episode: 2660/5087	Avg reward: 1.05	Avg steps: 4468
2020-07-09 16:15:56,726	INFO	Total steps: 7506543	Episode: 2680/4607	Avg reward: -0.85	Avg steps: 4527
2020-07-09 16:49:45,769	INFO	Total steps: 7595105	Episode: 2700/4909	Avg reward: -0.70	Avg steps: 4427
2020-07-09 17:21:05,623	INFO	Total steps: 7678806	Episode: 2720/4844	Avg reward: 1.90	Avg steps: 4184
2020-07-09 17:52:34,618	INFO	Total steps: 7761806	Episode: 2740/3155	Avg reward: -2.10	Avg steps: 4149
2020-07-09 18:25:06,446	INFO	Total steps: 7848237	Episode: 2760/3912	Avg reward: -0.70	Avg steps: 4320
2020-07-09 18:59:26,966	INFO	Total steps: 7935357	Episode: 2780/5035	Avg reward: -0.45	Avg steps: 4355
2020-07-09 19:36:37,810	INFO	Total steps: 8029767	Episode: 2800/3612	Avg reward: -1.10	Avg steps: 4719
2020-07-09 20:08:25,461	INFO	Total steps: 8111298	Episode: 2820/4944	Avg reward: -2.85	Avg steps: 4075
2020-07-09 20:38:43,964	INFO	Total steps: 8189072	Episode: 2840/2453	Avg reward: -4.15	Avg steps: 3887
2020-07-09 21:08:33,411	INFO	Total steps: 8267958	Episode: 2860/5714	Avg reward: 0.35	Avg steps: 3943
2020-07-09 21:43:54,019	INFO	Total steps: 8356521	Episode: 2880/5348	Avg reward: -0.85	Avg steps: 4427
2020-07-09 22:13:27,930	INFO	Total steps: 8430651	Episode: 2900/3881	Avg reward: -2.40	Avg steps: 3705
2020-07-09 22:43:20,082	INFO	Total steps: 8506362	Episode: 2920/5544	Avg reward: -1.65	Avg steps: 3784
2020-07-09 23:18:27,570	INFO	Total steps: 8595308	Episode: 2940/4561	Avg reward: 2.00	Avg steps: 4446
2020-07-09 23:51:18,766	INFO	Total steps: 8678540	Episode: 2960/2791	Avg reward: -1.45	Avg steps: 4160
2020-07-10 00:21:20,605	INFO	Total steps: 8755287	Episode: 2980/4388	Avg reward: -5.00	Avg steps: 3836
2020-07-10 00:51:28,172	INFO	Total steps: 8832287	Episode: 3000/4342	Avg reward: 5.05	Avg steps: 3849
2020-07-10 01:22:56,095	INFO	Total steps: 8912713	Episode: 3020/2478	Avg reward: -3.30	Avg steps: 4020
2020-07-10 01:53:55,555	INFO	Total steps: 8993429	Episode: 3040/3851	Avg reward: 2.40	Avg steps: 4034
2020-07-10 02:27:57,483	INFO	Total steps: 9082512	Episode: 3060/3587	Avg reward: -1.00	Avg steps: 4453
2020-07-10 03:03:18,254	INFO	Total steps: 9174360	Episode: 3080/3549	Avg reward: -0.40	Avg steps: 4591
2020-07-10 03:34:18,839	INFO	Total steps: 9257475	Episode: 3100/5540	Avg reward: -2.70	Avg steps: 4154
2020-07-10 04:09:52,043	INFO	Total steps: 9354022	Episode: 3120/3928	Avg reward: -3.45	Avg steps: 4826
2020-07-10 04:44:57,337	INFO	Total steps: 9449228	Episode: 3140/4420	Avg reward: -0.70	Avg steps: 4759
2020-07-10 05:13:37,324	INFO	Total steps: 9526984	Episode: 3160/5101	Avg reward: -2.60	Avg steps: 3886
2020-07-10 05:42:31,197	INFO	Total steps: 9605519	Episode: 3180/2743	Avg reward: 0.00	Avg steps: 3925
2020-07-10 06:15:44,032	INFO	Total steps: 9695219	Episode: 3200/3785	Avg reward: 1.50	Avg steps: 4484
2020-07-10 06:49:28,316	INFO	Total steps: 9785400	Episode: 3220/3916	Avg reward: 1.35	Avg steps: 4508
2020-07-10 07:23:10,696	INFO	Total steps: 9874453	Episode: 3240/5914	Avg reward: 1.80	Avg steps: 4451
2020-07-10 08:02:07,014	INFO	Total steps: 9977906	Episode: 3260/5876	Avg reward: 1.45	Avg steps: 5171
2020-07-10 08:33:02,248	INFO	Total steps: 10059911	Episode: 3280/3521	Avg reward: -0.05	Avg steps: 4099
2020-07-10 09:04:46,551	INFO	Total steps: 10142854	Episode: 3300/6215	Avg reward: -1.60	Avg steps: 4146
2020-07-10 09:38:22,034	INFO	Total steps: 10232870	Episode: 3320/6127	Avg reward: -0.50	Avg steps: 4499
2020-07-10 10:13:05,726	INFO	Total steps: 10325148	Episode: 3340/4332	Avg reward: -0.40	Avg steps: 4612
2020-07-10 10:46:11,816	INFO	Total steps: 10413461	Episode: 3360/4972	Avg reward: -0.70	Avg steps: 4414
2020-07-10 11:21:42,637	INFO	Total steps: 10506131	Episode: 3380/5189	Avg reward: 0.05	Avg steps: 4632
2020-07-10 11:57:22,542	INFO	Total steps: 10599090	Episode: 3400/4795	Avg reward: 2.60	Avg steps: 4646
2020-07-10 12:31:32,416	INFO	Total steps: 10688321	Episode: 3420/6856	Avg reward: 1.50	Avg steps: 4460
2020-07-10 13:04:10,078	INFO	Total steps: 10774119	Episode: 3440/3409	Avg reward: 0.50	Avg steps: 4288
2020-07-10 13:40:15,405	INFO	Total steps: 10868765	Episode: 3460/4133	Avg reward: 0.75	Avg steps: 4731
2020-07-10 14:15:03,618	INFO	Total steps: 10959862	Episode: 3480/4122	Avg reward: 3.15	Avg steps: 4553
2020-07-10 14:55:07,125	INFO	Total steps: 11065138	Episode: 3500/4582	Avg reward: 1.85	Avg steps: 5262
2020-07-10 15:25:55,995	INFO	Total steps: 11146142	Episode: 3520/5090	Avg reward: -1.25	Avg steps: 4049
2020-07-10 16:04:41,427	INFO	Total steps: 11247586	Episode: 3540/4439	Avg reward: -0.85	Avg steps: 5071
2020-07-10 16:41:18,743	INFO	Total steps: 11343085	Episode: 3560/5360	Avg reward: -0.80	Avg steps: 4773
2020-07-10 17:15:17,805	INFO	Total steps: 11435895	Episode: 3580/5071	Avg reward: -2.45	Avg steps: 4639
2020-07-10 17:44:01,386	INFO	Total steps: 11516770	Episode: 3600/3631	Avg reward: -1.95	Avg steps: 4042
2020-07-10 18:11:24,708	INFO	Total steps: 11593850	Episode: 3620/3806	Avg reward: -2.65	Avg steps: 3853
2020-07-10 18:42:05,948	INFO	Total steps: 11679902	Episode: 3640/4174	Avg reward: 3.40	Avg steps: 4301
2020-07-10 19:12:16,368	INFO	Total steps: 11762947	Episode: 3660/4256	Avg reward: 0.25	Avg steps: 4151
2020-07-10 19:44:32,290	INFO	Total steps: 11851280	Episode: 3680/6445	Avg reward: 1.10	Avg steps: 4415
2020-07-10 20:14:34,734	INFO	Total steps: 11933493	Episode: 3700/3028	Avg reward: 1.05	Avg steps: 4109
2020-07-10 20:43:26,652	INFO	Total steps: 12012540	Episode: 3720/3838	Avg reward: 3.05	Avg steps: 3951
2020-07-10 21:15:09,528	INFO	Total steps: 12099454	Episode: 3740/3364	Avg reward: 1.55	Avg steps: 4344
2020-07-10 21:47:42,915	INFO	Total steps: 12188407	Episode: 3760/4167	Avg reward: 0.30	Avg steps: 4446
2020-07-10 22:18:56,482	INFO	Total steps: 12271710	Episode: 3780/4706	Avg reward: 2.20	Avg steps: 4164
2020-07-10 22:51:55,308	INFO	Total steps: 12361173	Episode: 3800/2961	Avg reward: 3.60	Avg steps: 4472
2020-07-10 23:21:38,066	INFO	Total steps: 12443286	Episode: 3820/3712	Avg reward: 1.25	Avg steps: 4104
2020-07-10 23:55:22,015	INFO	Total steps: 12534083	Episode: 3840/4329	Avg reward: 0.45	Avg steps: 4538
2020-07-11 00:34:00,654	INFO	Total steps: 12633380	Episode: 3860/4487	Avg reward: -0.55	Avg steps: 4963
2020-07-11 01:07:29,501	INFO	Total steps: 12719650	Episode: 3880/3595	Avg reward: -3.15	Avg steps: 4312
2020-07-11 01:40:26,011	INFO	Total steps: 12809291	Episode: 3900/4267	Avg reward: -4.90	Avg steps: 4481
2020-07-11 02:12:59,234	INFO	Total steps: 12900002	Episode: 3920/4730	Avg reward: -0.15	Avg steps: 4534
2020-07-11 02:49:34,278	INFO	Total steps: 12997596	Episode: 3940/3812	Avg reward: 1.55	Avg steps: 4878
2020-07-11 03:30:01,003	INFO	Total steps: 13096367	Episode: 3960/4980	Avg reward: -2.20	Avg steps: 4937
2020-07-11 04:05:37,735	INFO	Total steps: 13184513	Episode: 3980/4040	Avg reward: 0.85	Avg steps: 4406
2020-07-11 04:44:30,591	INFO	Total steps: 13280247	Episode: 4000/4182	Avg reward: -2.15	Avg steps: 4785
