2020-07-01 22:24:20,903	INFO	--width 160 --height 160 --ball 1.0 --ball-size 2.0 --snell 1.0 --snell-width 40.0 --snell-change 0.0 --snell-visible none --paddle-speed 1.0 --paddle-angle 89.0 --paddle-length 40.0 --update-prob 0.2 --state binary --learning-rate 0.0001 --network dqn_pong_model --render False --epsdecay 1000 --episodes 4000 --replay 10000 --checkpoint dqn_pong_model --history history.p --store-dir ../experiments/snell_width.40.0-paddle_length.40.0-paddle_angle.89.0-update_prob.0.2 
2020-07-01 22:24:20,903	INFO	Device: cuda
2020-07-01 22:33:10,336	INFO	Total steps: 24187	Episode: 20/901	Avg reward: -15.50	Avg steps: 1208
2020-07-01 22:45:23,367	INFO	Total steps: 46031	Episode: 40/1020	Avg reward: -15.75	Avg steps: 1091
2020-07-01 22:56:50,076	INFO	Total steps: 66514	Episode: 60/1065	Avg reward: -15.85	Avg steps: 1023
2020-07-01 23:10:42,134	INFO	Total steps: 91264	Episode: 80/1699	Avg reward: -15.30	Avg steps: 1236
2020-07-01 23:21:36,435	INFO	Total steps: 115230	Episode: 100/1415	Avg reward: -15.35	Avg steps: 1197
2020-07-01 23:32:17,926	INFO	Total steps: 139464	Episode: 120/1180	Avg reward: -15.05	Avg steps: 1210
2020-07-01 23:43:25,289	INFO	Total steps: 164709	Episode: 140/1479	Avg reward: -15.20	Avg steps: 1261
2020-07-01 23:56:14,362	INFO	Total steps: 191390	Episode: 160/1458	Avg reward: -14.80	Avg steps: 1333
2020-07-02 00:08:36,721	INFO	Total steps: 216278	Episode: 180/1206	Avg reward: -14.70	Avg steps: 1243
2020-07-02 00:23:35,723	INFO	Total steps: 246467	Episode: 200/2244	Avg reward: -13.00	Avg steps: 1508
2020-07-02 00:38:51,281	INFO	Total steps: 277464	Episode: 220/1674	Avg reward: -12.60	Avg steps: 1548
2020-07-02 00:55:36,698	INFO	Total steps: 311512	Episode: 240/1609	Avg reward: -11.45	Avg steps: 1701
2020-07-02 01:11:17,394	INFO	Total steps: 343397	Episode: 260/2066	Avg reward: -11.70	Avg steps: 1593
2020-07-02 01:26:07,833	INFO	Total steps: 374182	Episode: 280/2203	Avg reward: -10.85	Avg steps: 1538
2020-07-02 01:43:21,364	INFO	Total steps: 409103	Episode: 300/2430	Avg reward: -11.15	Avg steps: 1745
2020-07-02 01:59:51,121	INFO	Total steps: 442911	Episode: 320/1354	Avg reward: -11.55	Avg steps: 1689
2020-07-02 02:16:30,688	INFO	Total steps: 477104	Episode: 340/1510	Avg reward: -10.10	Avg steps: 1708
2020-07-02 02:33:51,440	INFO	Total steps: 512407	Episode: 360/2450	Avg reward: -9.45	Avg steps: 1764
2020-07-02 02:53:18,945	INFO	Total steps: 553424	Episode: 380/2211	Avg reward: -6.30	Avg steps: 2049
2020-07-02 03:11:12,956	INFO	Total steps: 589992	Episode: 400/1963	Avg reward: -8.45	Avg steps: 1827
2020-07-02 03:31:24,359	INFO	Total steps: 631652	Episode: 420/2070	Avg reward: -6.10	Avg steps: 2082
2020-07-02 03:51:35,713	INFO	Total steps: 673504	Episode: 440/1655	Avg reward: -6.95	Avg steps: 2091
2020-07-02 04:09:59,545	INFO	Total steps: 712015	Episode: 460/2037	Avg reward: -7.35	Avg steps: 1924
2020-07-02 04:30:15,647	INFO	Total steps: 754103	Episode: 480/1325	Avg reward: -4.20	Avg steps: 2103
2020-07-02 04:48:33,805	INFO	Total steps: 792325	Episode: 500/1775	Avg reward: -6.95	Avg steps: 1910
2020-07-02 05:09:55,876	INFO	Total steps: 836086	Episode: 520/2626	Avg reward: -2.80	Avg steps: 2187
2020-07-02 05:30:22,575	INFO	Total steps: 878774	Episode: 540/1507	Avg reward: -4.30	Avg steps: 2133
2020-07-02 05:52:49,898	INFO	Total steps: 924918	Episode: 560/2775	Avg reward: -0.85	Avg steps: 2306
2020-07-02 06:15:12,522	INFO	Total steps: 970981	Episode: 580/2417	Avg reward: -0.10	Avg steps: 2302
2020-07-02 06:36:29,805	INFO	Total steps: 1015171	Episode: 600/2674	Avg reward: 2.40	Avg steps: 2208
2020-07-02 06:59:07,311	INFO	Total steps: 1061817	Episode: 620/2395	Avg reward: 3.55	Avg steps: 2331
2020-07-02 07:20:19,619	INFO	Total steps: 1105799	Episode: 640/2553	Avg reward: 6.70	Avg steps: 2198
2020-07-02 07:43:16,986	INFO	Total steps: 1153285	Episode: 660/1986	Avg reward: 5.45	Avg steps: 2373
2020-07-02 08:04:41,194	INFO	Total steps: 1198683	Episode: 680/2281	Avg reward: 4.20	Avg steps: 2268
2020-07-02 08:27:35,673	INFO	Total steps: 1245385	Episode: 700/2227	Avg reward: 4.25	Avg steps: 2334
2020-07-02 08:49:18,248	INFO	Total steps: 1289609	Episode: 720/2523	Avg reward: 0.80	Avg steps: 2210
2020-07-02 09:12:28,359	INFO	Total steps: 1336634	Episode: 740/2033	Avg reward: 5.60	Avg steps: 2350
2020-07-02 09:36:05,248	INFO	Total steps: 1385662	Episode: 760/2270	Avg reward: 5.25	Avg steps: 2450
2020-07-02 09:56:45,062	INFO	Total steps: 1427985	Episode: 780/1940	Avg reward: 9.80	Avg steps: 2115
2020-07-02 10:18:37,513	INFO	Total steps: 1472582	Episode: 800/2621	Avg reward: 8.35	Avg steps: 2228
2020-07-02 10:39:26,177	INFO	Total steps: 1515470	Episode: 820/1642	Avg reward: 9.00	Avg steps: 2143
2020-07-02 11:00:56,746	INFO	Total steps: 1560041	Episode: 840/2169	Avg reward: 10.35	Avg steps: 2227
2020-07-02 11:21:19,020	INFO	Total steps: 1603904	Episode: 860/2255	Avg reward: 10.05	Avg steps: 2192
2020-07-02 11:42:51,701	INFO	Total steps: 1648105	Episode: 880/1913	Avg reward: 6.20	Avg steps: 2209
2020-07-02 12:05:18,303	INFO	Total steps: 1694619	Episode: 900/2320	Avg reward: 8.10	Avg steps: 2324
2020-07-02 12:27:13,788	INFO	Total steps: 1739717	Episode: 920/2590	Avg reward: 8.75	Avg steps: 2253
2020-07-02 12:46:48,268	INFO	Total steps: 1780102	Episode: 940/1713	Avg reward: 11.70	Avg steps: 2018
2020-07-02 13:08:14,186	INFO	Total steps: 1824092	Episode: 960/2177	Avg reward: 10.35	Avg steps: 2198
2020-07-02 13:29:07,653	INFO	Total steps: 1867604	Episode: 980/2153	Avg reward: 9.60	Avg steps: 2174
2020-07-02 13:48:35,943	INFO	Total steps: 1909140	Episode: 1000/2129	Avg reward: 10.45	Avg steps: 2075
2020-07-02 14:09:28,053	INFO	Total steps: 1952953	Episode: 1020/1989	Avg reward: 10.50	Avg steps: 2189
2020-07-02 14:29:44,001	INFO	Total steps: 1995336	Episode: 1040/2268	Avg reward: 9.85	Avg steps: 2118
2020-07-02 14:50:14,987	INFO	Total steps: 2039373	Episode: 1060/2482	Avg reward: 11.05	Avg steps: 2200
2020-07-02 15:10:12,458	INFO	Total steps: 2082090	Episode: 1080/2257	Avg reward: 12.60	Avg steps: 2134
2020-07-02 15:28:23,955	INFO	Total steps: 2120951	Episode: 1100/1564	Avg reward: 12.70	Avg steps: 1942
2020-07-02 15:47:59,636	INFO	Total steps: 2162329	Episode: 1120/2283	Avg reward: 13.05	Avg steps: 2067
2020-07-02 16:07:16,331	INFO	Total steps: 2202411	Episode: 1140/2417	Avg reward: 14.60	Avg steps: 2003
2020-07-02 16:26:07,556	INFO	Total steps: 2242033	Episode: 1160/1472	Avg reward: 13.30	Avg steps: 1980
2020-07-02 16:44:47,575	INFO	Total steps: 2281471	Episode: 1180/1883	Avg reward: 14.90	Avg steps: 1970
2020-07-02 17:02:27,034	INFO	Total steps: 2318760	Episode: 1200/1973	Avg reward: 14.55	Avg steps: 1863
2020-07-02 17:20:24,924	INFO	Total steps: 2356977	Episode: 1220/1708	Avg reward: 15.10	Avg steps: 1909
2020-07-02 17:39:04,406	INFO	Total steps: 2396725	Episode: 1240/2096	Avg reward: 14.35	Avg steps: 1986
2020-07-02 17:57:39,901	INFO	Total steps: 2436687	Episode: 1260/1860	Avg reward: 13.00	Avg steps: 1997
2020-07-02 18:16:29,321	INFO	Total steps: 2477093	Episode: 1280/1913	Avg reward: 15.00	Avg steps: 2019
2020-07-02 18:34:08,583	INFO	Total steps: 2515277	Episode: 1300/1564	Avg reward: 14.30	Avg steps: 1908
2020-07-02 18:52:02,353	INFO	Total steps: 2553981	Episode: 1320/2253	Avg reward: 14.40	Avg steps: 1934
2020-07-02 19:08:20,591	INFO	Total steps: 2588866	Episode: 1340/1657	Avg reward: 14.45	Avg steps: 1743
2020-07-02 19:25:48,533	INFO	Total steps: 2627092	Episode: 1360/1638	Avg reward: 14.70	Avg steps: 1910
2020-07-02 19:42:53,781	INFO	Total steps: 2663542	Episode: 1380/1625	Avg reward: 15.65	Avg steps: 1821
2020-07-02 20:00:49,607	INFO	Total steps: 2701788	Episode: 1400/1776	Avg reward: 14.75	Avg steps: 1911
2020-07-02 20:18:22,144	INFO	Total steps: 2739782	Episode: 1420/1893	Avg reward: 15.35	Avg steps: 1898
2020-07-02 20:35:07,240	INFO	Total steps: 2776261	Episode: 1440/1965	Avg reward: 16.10	Avg steps: 1822
2020-07-02 20:52:27,358	INFO	Total steps: 2812649	Episode: 1460/1803	Avg reward: 16.40	Avg steps: 1818
2020-07-02 21:10:25,885	INFO	Total steps: 2849645	Episode: 1480/1393	Avg reward: 16.55	Avg steps: 1848
2020-07-02 21:27:23,353	INFO	Total steps: 2884399	Episode: 1500/1767	Avg reward: 16.45	Avg steps: 1736
2020-07-02 21:44:00,421	INFO	Total steps: 2919500	Episode: 1520/1784	Avg reward: 17.00	Avg steps: 1754
2020-07-02 22:00:43,405	INFO	Total steps: 2955453	Episode: 1540/2103	Avg reward: 16.65	Avg steps: 1796
2020-07-02 22:17:25,920	INFO	Total steps: 2990321	Episode: 1560/1638	Avg reward: 17.15	Avg steps: 1742
2020-07-02 22:33:27,482	INFO	Total steps: 3024809	Episode: 1580/1946	Avg reward: 17.60	Avg steps: 1723
2020-07-02 22:50:15,135	INFO	Total steps: 3061423	Episode: 1600/1558	Avg reward: 16.95	Avg steps: 1829
2020-07-02 23:05:30,726	INFO	Total steps: 3094343	Episode: 1620/1494	Avg reward: 17.00	Avg steps: 1645
2020-07-02 23:21:34,789	INFO	Total steps: 3128228	Episode: 1640/1655	Avg reward: 17.25	Avg steps: 1693
2020-07-02 23:38:47,878	INFO	Total steps: 3163864	Episode: 1660/1511	Avg reward: 16.60	Avg steps: 1780
2020-07-02 23:54:45,030	INFO	Total steps: 3198117	Episode: 1680/1550	Avg reward: 17.40	Avg steps: 1711
2020-07-03 00:10:43,345	INFO	Total steps: 3232608	Episode: 1700/1615	Avg reward: 17.30	Avg steps: 1723
2020-07-03 00:25:54,806	INFO	Total steps: 3265138	Episode: 1720/1467	Avg reward: 17.35	Avg steps: 1625
2020-07-03 00:41:59,499	INFO	Total steps: 3299280	Episode: 1740/1828	Avg reward: 17.05	Avg steps: 1706
2020-07-03 00:57:07,665	INFO	Total steps: 3331406	Episode: 1760/1414	Avg reward: 17.95	Avg steps: 1605
2020-07-03 01:13:24,866	INFO	Total steps: 3365996	Episode: 1780/1821	Avg reward: 17.20	Avg steps: 1728
2020-07-03 01:29:42,314	INFO	Total steps: 3400643	Episode: 1800/1984	Avg reward: 17.85	Avg steps: 1731
2020-07-03 01:45:33,015	INFO	Total steps: 3434315	Episode: 1820/2155	Avg reward: 17.10	Avg steps: 1682
2020-07-03 02:00:39,508	INFO	Total steps: 3466277	Episode: 1840/1683	Avg reward: 17.65	Avg steps: 1597
2020-07-03 02:15:41,450	INFO	Total steps: 3498332	Episode: 1860/1535	Avg reward: 18.25	Avg steps: 1601
2020-07-03 02:31:03,064	INFO	Total steps: 3530925	Episode: 1880/1464	Avg reward: 17.65	Avg steps: 1628
2020-07-03 02:48:11,721	INFO	Total steps: 3566348	Episode: 1900/1590	Avg reward: 17.45	Avg steps: 1770
2020-07-03 03:03:29,787	INFO	Total steps: 3599868	Episode: 1920/1758	Avg reward: 17.65	Avg steps: 1675
2020-07-03 03:19:10,343	INFO	Total steps: 3632480	Episode: 1940/1475	Avg reward: 18.20	Avg steps: 1629
2020-07-03 03:33:59,247	INFO	Total steps: 3663612	Episode: 1960/1515	Avg reward: 18.55	Avg steps: 1555
2020-07-03 03:49:19,821	INFO	Total steps: 3695287	Episode: 1980/1618	Avg reward: 18.30	Avg steps: 1582
2020-07-03 04:04:59,987	INFO	Total steps: 3728663	Episode: 2000/1457	Avg reward: 18.05	Avg steps: 1667
2020-07-03 04:20:37,329	INFO	Total steps: 3761843	Episode: 2020/1800	Avg reward: 18.60	Avg steps: 1658
2020-07-03 04:36:22,496	INFO	Total steps: 3794500	Episode: 2040/1420	Avg reward: 18.75	Avg steps: 1631
2020-07-03 04:51:27,536	INFO	Total steps: 3826060	Episode: 2060/1425	Avg reward: 18.95	Avg steps: 1577
2020-07-03 05:06:14,143	INFO	Total steps: 3857465	Episode: 2080/2096	Avg reward: 18.30	Avg steps: 1569
2020-07-03 05:21:46,334	INFO	Total steps: 3890632	Episode: 2100/1926	Avg reward: 18.30	Avg steps: 1657
2020-07-03 05:36:27,209	INFO	Total steps: 3921709	Episode: 2120/1504	Avg reward: 18.30	Avg steps: 1552
2020-07-03 05:51:35,149	INFO	Total steps: 3953952	Episode: 2140/1559	Avg reward: 18.45	Avg steps: 1611
2020-07-03 06:06:49,953	INFO	Total steps: 3987115	Episode: 2160/1778	Avg reward: 18.15	Avg steps: 1657
2020-07-03 06:21:08,499	INFO	Total steps: 4020213	Episode: 2180/1955	Avg reward: 18.70	Avg steps: 1653
2020-07-03 06:36:04,440	INFO	Total steps: 4054301	Episode: 2200/1600	Avg reward: 18.35	Avg steps: 1703
2020-07-03 06:50:38,372	INFO	Total steps: 4086412	Episode: 2220/1698	Avg reward: 18.65	Avg steps: 1604
2020-07-03 07:06:09,037	INFO	Total steps: 4119231	Episode: 2240/1512	Avg reward: 18.35	Avg steps: 1639
2020-07-03 07:20:28,416	INFO	Total steps: 4150208	Episode: 2260/1282	Avg reward: 18.85	Avg steps: 1547
2020-07-03 07:36:15,911	INFO	Total steps: 4184049	Episode: 2280/1487	Avg reward: 18.45	Avg steps: 1691
2020-07-03 07:51:32,925	INFO	Total steps: 4216821	Episode: 2300/1534	Avg reward: 18.05	Avg steps: 1637
2020-07-03 08:06:40,575	INFO	Total steps: 4248796	Episode: 2320/1429	Avg reward: 18.10	Avg steps: 1597
2020-07-03 08:23:01,808	INFO	Total steps: 4283414	Episode: 2340/1709	Avg reward: 18.25	Avg steps: 1729
2020-07-03 08:38:18,682	INFO	Total steps: 4315390	Episode: 2360/1670	Avg reward: 18.65	Avg steps: 1597
2020-07-03 08:54:16,847	INFO	Total steps: 4348526	Episode: 2380/1648	Avg reward: 18.65	Avg steps: 1655
2020-07-03 09:10:02,178	INFO	Total steps: 4380724	Episode: 2400/1595	Avg reward: 18.70	Avg steps: 1608
2020-07-03 09:25:29,069	INFO	Total steps: 4412101	Episode: 2420/1546	Avg reward: 18.50	Avg steps: 1567
2020-07-03 09:42:08,138	INFO	Total steps: 4445770	Episode: 2440/1539	Avg reward: 18.45	Avg steps: 1682
2020-07-03 09:57:22,009	INFO	Total steps: 4476505	Episode: 2460/1676	Avg reward: 18.85	Avg steps: 1535
2020-07-03 10:13:24,999	INFO	Total steps: 4509160	Episode: 2480/1426	Avg reward: 18.70	Avg steps: 1631
2020-07-03 10:30:44,954	INFO	Total steps: 4542028	Episode: 2500/1820	Avg reward: 18.70	Avg steps: 1642
2020-07-03 10:47:22,275	INFO	Total steps: 4573877	Episode: 2520/1859	Avg reward: 18.60	Avg steps: 1591
2020-07-03 11:03:23,182	INFO	Total steps: 4604438	Episode: 2540/1799	Avg reward: 19.30	Avg steps: 1527
2020-07-03 11:19:54,245	INFO	Total steps: 4635864	Episode: 2560/1827	Avg reward: 18.75	Avg steps: 1570
2020-07-03 11:36:17,069	INFO	Total steps: 4666837	Episode: 2580/1481	Avg reward: 19.10	Avg steps: 1547
2020-07-03 11:53:12,762	INFO	Total steps: 4698779	Episode: 2600/1464	Avg reward: 18.60	Avg steps: 1596
2020-07-03 12:10:37,442	INFO	Total steps: 4731563	Episode: 2620/1779	Avg reward: 18.70	Avg steps: 1638
2020-07-03 12:26:43,918	INFO	Total steps: 4762062	Episode: 2640/1361	Avg reward: 18.65	Avg steps: 1523
2020-07-03 12:43:15,952	INFO	Total steps: 4793693	Episode: 2660/1659	Avg reward: 19.10	Avg steps: 1580
2020-07-03 12:59:54,438	INFO	Total steps: 4825446	Episode: 2680/1390	Avg reward: 18.95	Avg steps: 1586
2020-07-03 13:15:55,686	INFO	Total steps: 4855985	Episode: 2700/1494	Avg reward: 18.45	Avg steps: 1525
2020-07-03 13:31:37,319	INFO	Total steps: 4885968	Episode: 2720/1386	Avg reward: 19.30	Avg steps: 1498
2020-07-03 13:48:01,600	INFO	Total steps: 4917193	Episode: 2740/1388	Avg reward: 18.90	Avg steps: 1560
2020-07-03 14:05:14,590	INFO	Total steps: 4949891	Episode: 2760/1690	Avg reward: 19.00	Avg steps: 1633
2020-07-03 14:22:30,781	INFO	Total steps: 4982365	Episode: 2780/1935	Avg reward: 18.60	Avg steps: 1622
2020-07-03 14:39:31,819	INFO	Total steps: 5014568	Episode: 2800/1798	Avg reward: 18.85	Avg steps: 1609
2020-07-03 14:56:16,428	INFO	Total steps: 5046199	Episode: 2820/1595	Avg reward: 19.30	Avg steps: 1580
2020-07-03 15:12:33,252	INFO	Total steps: 5076792	Episode: 2840/1315	Avg reward: 19.10	Avg steps: 1528
2020-07-03 15:29:22,828	INFO	Total steps: 5108628	Episode: 2860/1323	Avg reward: 18.75	Avg steps: 1590
2020-07-03 15:45:41,800	INFO	Total steps: 5139492	Episode: 2880/1813	Avg reward: 18.85	Avg steps: 1542
2020-07-03 16:02:11,563	INFO	Total steps: 5170759	Episode: 2900/1544	Avg reward: 19.05	Avg steps: 1562
2020-07-03 16:19:52,377	INFO	Total steps: 5204081	Episode: 2920/1693	Avg reward: 18.80	Avg steps: 1665
2020-07-03 16:36:29,604	INFO	Total steps: 5235484	Episode: 2940/1525	Avg reward: 18.85	Avg steps: 1569
2020-07-03 16:53:19,824	INFO	Total steps: 5267124	Episode: 2960/1856	Avg reward: 19.00	Avg steps: 1581
2020-07-03 17:10:30,457	INFO	Total steps: 5299470	Episode: 2980/1487	Avg reward: 19.60	Avg steps: 1616
2020-07-03 17:26:53,573	INFO	Total steps: 5330292	Episode: 3000/1492	Avg reward: 19.60	Avg steps: 1540
2020-07-03 17:43:15,411	INFO	Total steps: 5361223	Episode: 3020/1782	Avg reward: 19.10	Avg steps: 1545
2020-07-03 18:00:02,336	INFO	Total steps: 5392928	Episode: 3040/1389	Avg reward: 19.00	Avg steps: 1584
2020-07-03 18:16:40,263	INFO	Total steps: 5424041	Episode: 3060/1657	Avg reward: 19.55	Avg steps: 1554
2020-07-03 18:33:59,409	INFO	Total steps: 5456303	Episode: 3080/1423	Avg reward: 19.35	Avg steps: 1612
2020-07-03 18:50:33,037	INFO	Total steps: 5487452	Episode: 3100/1414	Avg reward: 19.30	Avg steps: 1556
2020-07-03 19:06:35,844	INFO	Total steps: 5517642	Episode: 3120/1489	Avg reward: 19.30	Avg steps: 1508
2020-07-03 19:23:08,036	INFO	Total steps: 5548633	Episode: 3140/1385	Avg reward: 19.10	Avg steps: 1548
2020-07-03 19:40:19,477	INFO	Total steps: 5580721	Episode: 3160/1456	Avg reward: 18.85	Avg steps: 1603
2020-07-03 19:57:59,324	INFO	Total steps: 5613761	Episode: 3180/1470	Avg reward: 18.75	Avg steps: 1651
2020-07-03 20:16:16,943	INFO	Total steps: 5648401	Episode: 3200/1930	Avg reward: 18.45	Avg steps: 1731
2020-07-03 20:33:26,266	INFO	Total steps: 5680829	Episode: 3220/1575	Avg reward: 18.65	Avg steps: 1620
2020-07-03 20:50:13,913	INFO	Total steps: 5712312	Episode: 3240/1467	Avg reward: 18.95	Avg steps: 1573
2020-07-03 21:06:49,910	INFO	Total steps: 5743661	Episode: 3260/1595	Avg reward: 18.65	Avg steps: 1566
2020-07-03 21:23:47,203	INFO	Total steps: 5775282	Episode: 3280/1480	Avg reward: 19.20	Avg steps: 1580
2020-07-03 21:40:25,322	INFO	Total steps: 5806461	Episode: 3300/1399	Avg reward: 18.95	Avg steps: 1557
2020-07-03 21:56:46,798	INFO	Total steps: 5837286	Episode: 3320/1747	Avg reward: 19.30	Avg steps: 1540
2020-07-03 22:13:14,094	INFO	Total steps: 5868317	Episode: 3340/1629	Avg reward: 19.30	Avg steps: 1550
2020-07-03 22:29:36,452	INFO	Total steps: 5899169	Episode: 3360/1300	Avg reward: 19.05	Avg steps: 1541
2020-07-03 22:46:44,664	INFO	Total steps: 5931122	Episode: 3380/1906	Avg reward: 18.65	Avg steps: 1596
2020-07-03 23:03:02,991	INFO	Total steps: 5961261	Episode: 3400/1492	Avg reward: 19.35	Avg steps: 1505
2020-07-03 23:19:49,134	INFO	Total steps: 5992719	Episode: 3420/1718	Avg reward: 19.05	Avg steps: 1571
2020-07-03 23:36:22,286	INFO	Total steps: 6024483	Episode: 3440/1416	Avg reward: 19.30	Avg steps: 1587
2020-07-03 23:52:15,229	INFO	Total steps: 6055132	Episode: 3460/1516	Avg reward: 19.30	Avg steps: 1531
2020-07-04 00:08:39,006	INFO	Total steps: 6086747	Episode: 3480/1740	Avg reward: 19.25	Avg steps: 1579
2020-07-04 00:25:16,793	INFO	Total steps: 6118125	Episode: 3500/1505	Avg reward: 19.10	Avg steps: 1567
2020-07-04 00:41:38,238	INFO	Total steps: 6149042	Episode: 3520/1654	Avg reward: 19.30	Avg steps: 1544
2020-07-04 00:58:47,613	INFO	Total steps: 6181102	Episode: 3540/1896	Avg reward: 19.35	Avg steps: 1602
2020-07-04 01:16:02,236	INFO	Total steps: 6213784	Episode: 3560/2359	Avg reward: 19.15	Avg steps: 1633
2020-07-04 01:33:47,875	INFO	Total steps: 6247157	Episode: 3580/1723	Avg reward: 18.90	Avg steps: 1667
2020-07-04 01:50:50,279	INFO	Total steps: 6279187	Episode: 3600/1300	Avg reward: 19.15	Avg steps: 1600
2020-07-04 02:07:22,907	INFO	Total steps: 6309895	Episode: 3620/1490	Avg reward: 19.50	Avg steps: 1534
2020-07-04 02:23:37,990	INFO	Total steps: 6340924	Episode: 3640/1400	Avg reward: 19.40	Avg steps: 1550
2020-07-04 02:37:52,955	INFO	Total steps: 6372646	Episode: 3660/1791	Avg reward: 19.50	Avg steps: 1585
2020-07-04 02:53:11,134	INFO	Total steps: 6406035	Episode: 3680/1565	Avg reward: 18.75	Avg steps: 1668
2020-07-04 03:07:18,438	INFO	Total steps: 6437120	Episode: 3700/1310	Avg reward: 19.45	Avg steps: 1553
2020-07-04 03:21:41,790	INFO	Total steps: 6469035	Episode: 3720/2084	Avg reward: 19.10	Avg steps: 1594
2020-07-04 03:36:27,674	INFO	Total steps: 6501541	Episode: 3740/1476	Avg reward: 19.15	Avg steps: 1624
2020-07-04 03:50:58,342	INFO	Total steps: 6533453	Episode: 3760/1754	Avg reward: 19.30	Avg steps: 1594
2020-07-04 04:05:39,873	INFO	Total steps: 6566028	Episode: 3780/1391	Avg reward: 18.65	Avg steps: 1627
2020-07-04 04:20:57,635	INFO	Total steps: 6599204	Episode: 3800/1622	Avg reward: 18.65	Avg steps: 1657
2020-07-04 04:35:32,166	INFO	Total steps: 6630972	Episode: 3820/1671	Avg reward: 19.45	Avg steps: 1587
2020-07-04 04:49:29,734	INFO	Total steps: 6661505	Episode: 3840/1603	Avg reward: 19.20	Avg steps: 1525
2020-07-04 05:03:43,176	INFO	Total steps: 6692346	Episode: 3860/1427	Avg reward: 19.40	Avg steps: 1541
2020-07-04 05:17:48,206	INFO	Total steps: 6722835	Episode: 3880/1450	Avg reward: 19.10	Avg steps: 1523
2020-07-04 05:31:18,346	INFO	Total steps: 6752557	Episode: 3900/1433	Avg reward: 19.30	Avg steps: 1485
2020-07-04 05:45:36,311	INFO	Total steps: 6785351	Episode: 3920/2035	Avg reward: 18.90	Avg steps: 1638
2020-07-04 05:59:56,574	INFO	Total steps: 6818296	Episode: 3940/1947	Avg reward: 19.40	Avg steps: 1646
2020-07-04 06:14:19,423	INFO	Total steps: 6850527	Episode: 3960/1518	Avg reward: 18.70	Avg steps: 1610
2020-07-04 06:28:07,333	INFO	Total steps: 6882670	Episode: 3980/1646	Avg reward: 19.10	Avg steps: 1606
2020-07-04 06:41:02,975	INFO	Total steps: 6913011	Episode: 4000/1655	Avg reward: 19.40	Avg steps: 1516
2020-07-06 17:20:18,509	INFO	--width 160 --height 160 --ball 1.0 --ball-size 2.0 --snell 1.0 --snell-width 40.0 --snell-change 0.0 --snell-visible none --paddle-speed 1.0 --paddle-angle 89.0 --paddle-length 40.0 --update-prob 0.2 --state binary --learning-rate 0.0001 --network dqn_pong_model --render False --epsdecay 1000 --episodes 4000 --replay 10000 --checkpoint dqn_pong_model --history history.p --store-dir ../experiments/snell_width.40.0-paddle_length.40.0-paddle_angle.89.0-update_prob.0.2 
2020-07-06 17:20:18,656	INFO	Device: cuda
2020-07-06 17:26:59,857	INFO	Total steps: 20496	Episode: 20/1010	Avg reward: -16.55	Avg steps: 1023
2020-07-06 17:39:10,823	INFO	Total steps: 44184	Episode: 40/1122	Avg reward: -16.10	Avg steps: 1183
2020-07-06 17:51:57,596	INFO	Total steps: 68893	Episode: 60/1037	Avg reward: -14.60	Avg steps: 1234
2020-07-06 18:04:23,978	INFO	Total steps: 92902	Episode: 80/983	Avg reward: -14.75	Avg steps: 1199
2020-07-06 18:18:10,969	INFO	Total steps: 119379	Episode: 100/1802	Avg reward: -14.00	Avg steps: 1322
2020-07-06 18:31:55,844	INFO	Total steps: 145572	Episode: 120/1705	Avg reward: -15.10	Avg steps: 1308
2020-07-06 18:45:28,208	INFO	Total steps: 171366	Episode: 140/1363	Avg reward: -14.80	Avg steps: 1288
2020-07-06 19:00:13,090	INFO	Total steps: 199321	Episode: 160/2208	Avg reward: -14.60	Avg steps: 1396
2020-07-06 19:13:54,315	INFO	Total steps: 225415	Episode: 180/1526	Avg reward: -14.40	Avg steps: 1303
2020-07-06 19:29:51,169	INFO	Total steps: 255804	Episode: 200/1455	Avg reward: -13.35	Avg steps: 1518
2020-07-06 19:44:51,939	INFO	Total steps: 284395	Episode: 220/1392	Avg reward: -13.45	Avg steps: 1428
2020-07-06 20:02:22,335	INFO	Total steps: 317540	Episode: 240/1523	Avg reward: -12.45	Avg steps: 1656
2020-07-06 20:18:42,887	INFO	Total steps: 348645	Episode: 260/1936	Avg reward: -10.95	Avg steps: 1554
2020-07-06 20:34:52,381	INFO	Total steps: 379259	Episode: 280/1090	Avg reward: -12.15	Avg steps: 1529
2020-07-06 20:51:52,364	INFO	Total steps: 411471	Episode: 300/2192	Avg reward: -11.15	Avg steps: 1609
2020-07-06 21:08:29,521	INFO	Total steps: 442987	Episode: 320/1758	Avg reward: -11.30	Avg steps: 1574
2020-07-06 21:29:24,249	INFO	Total steps: 482623	Episode: 340/1409	Avg reward: -8.10	Avg steps: 1980
2020-07-06 21:49:50,292	INFO	Total steps: 521390	Episode: 360/1675	Avg reward: -9.30	Avg steps: 1937
2020-07-06 22:10:21,567	INFO	Total steps: 560094	Episode: 380/2514	Avg reward: -8.05	Avg steps: 1934
2020-07-06 22:31:27,066	INFO	Total steps: 599889	Episode: 400/1877	Avg reward: -8.00	Avg steps: 1988
2020-07-06 22:51:55,642	INFO	Total steps: 638357	Episode: 420/1846	Avg reward: -7.85	Avg steps: 1922
2020-07-06 23:12:00,497	INFO	Total steps: 676187	Episode: 440/2183	Avg reward: -8.20	Avg steps: 1890
2020-07-06 23:37:40,242	INFO	Total steps: 724670	Episode: 460/3015	Avg reward: -2.85	Avg steps: 2423
2020-07-07 00:01:06,814	INFO	Total steps: 768873	Episode: 480/1696	Avg reward: -3.85	Avg steps: 2209
2020-07-07 00:26:05,097	INFO	Total steps: 815932	Episode: 500/2054	Avg reward: -1.70	Avg steps: 2351
2020-07-07 00:49:50,109	INFO	Total steps: 860559	Episode: 520/2083	Avg reward: -3.00	Avg steps: 2230
2020-07-07 01:14:29,873	INFO	Total steps: 906848	Episode: 540/2570	Avg reward: -3.60	Avg steps: 2313
2020-07-07 01:39:02,229	INFO	Total steps: 950962	Episode: 560/1829	Avg reward: -3.35	Avg steps: 2204
2020-07-07 02:04:21,459	INFO	Total steps: 995831	Episode: 580/2037	Avg reward: -0.65	Avg steps: 2242
2020-07-07 02:31:51,627	INFO	Total steps: 1043871	Episode: 600/2144	Avg reward: 0.15	Avg steps: 2401
2020-07-07 03:00:30,732	INFO	Total steps: 1093623	Episode: 620/3519	Avg reward: 0.35	Avg steps: 2486
2020-07-07 03:28:15,141	INFO	Total steps: 1141633	Episode: 640/2422	Avg reward: 4.55	Avg steps: 2399
2020-07-07 03:58:22,644	INFO	Total steps: 1190214	Episode: 660/2302	Avg reward: 3.80	Avg steps: 2428
2020-07-07 04:28:14,742	INFO	Total steps: 1238076	Episode: 680/2081	Avg reward: 4.10	Avg steps: 2392
2020-07-07 04:55:32,433	INFO	Total steps: 1281810	Episode: 700/2400	Avg reward: 4.70	Avg steps: 2185
2020-07-07 05:24:02,624	INFO	Total steps: 1327555	Episode: 720/1961	Avg reward: 5.80	Avg steps: 2286
2020-07-07 05:52:41,038	INFO	Total steps: 1373705	Episode: 740/2010	Avg reward: 7.70	Avg steps: 2306
2020-07-07 06:22:07,238	INFO	Total steps: 1421291	Episode: 760/3006	Avg reward: 4.05	Avg steps: 2378
2020-07-07 06:50:08,490	INFO	Total steps: 1466392	Episode: 780/2162	Avg reward: 7.25	Avg steps: 2254
2020-07-07 07:19:07,810	INFO	Total steps: 1513128	Episode: 800/2669	Avg reward: 6.00	Avg steps: 2335
2020-07-07 07:48:53,006	INFO	Total steps: 1561268	Episode: 820/2398	Avg reward: 9.15	Avg steps: 2406
2020-07-07 08:15:02,885	INFO	Total steps: 1603209	Episode: 840/2106	Avg reward: 9.50	Avg steps: 2096
2020-07-07 08:41:26,530	INFO	Total steps: 1645846	Episode: 860/2728	Avg reward: 11.10	Avg steps: 2130
2020-07-07 09:10:25,209	INFO	Total steps: 1692700	Episode: 880/2747	Avg reward: 8.75	Avg steps: 2341
2020-07-07 09:37:50,065	INFO	Total steps: 1736886	Episode: 900/1725	Avg reward: 10.25	Avg steps: 2208
2020-07-07 10:03:13,371	INFO	Total steps: 1777621	Episode: 920/1477	Avg reward: 11.25	Avg steps: 2035
2020-07-07 10:29:57,607	INFO	Total steps: 1820769	Episode: 940/2180	Avg reward: 8.40	Avg steps: 2156
2020-07-07 10:57:51,439	INFO	Total steps: 1865764	Episode: 960/2258	Avg reward: 10.75	Avg steps: 2248
2020-07-07 11:25:04,582	INFO	Total steps: 1909683	Episode: 980/2143	Avg reward: 11.25	Avg steps: 2194
2020-07-07 11:51:11,434	INFO	Total steps: 1952210	Episode: 1000/2716	Avg reward: 12.20	Avg steps: 2125
2020-07-07 12:16:51,107	INFO	Total steps: 1994158	Episode: 1020/2127	Avg reward: 10.95	Avg steps: 2096
2020-07-07 12:44:40,636	INFO	Total steps: 2039412	Episode: 1040/2177	Avg reward: 11.80	Avg steps: 2261
2020-07-07 13:10:05,968	INFO	Total steps: 2080880	Episode: 1060/2122	Avg reward: 12.15	Avg steps: 2072
2020-07-07 13:35:10,713	INFO	Total steps: 2121855	Episode: 1080/1337	Avg reward: 13.20	Avg steps: 2047
2020-07-07 13:59:04,230	INFO	Total steps: 2160689	Episode: 1100/1909	Avg reward: 15.05	Avg steps: 1940
2020-07-07 14:23:03,273	INFO	Total steps: 2199868	Episode: 1120/2122	Avg reward: 13.75	Avg steps: 1957
2020-07-07 14:48:09,509	INFO	Total steps: 2240928	Episode: 1140/1992	Avg reward: 13.25	Avg steps: 2052
2020-07-07 15:13:56,481	INFO	Total steps: 2282805	Episode: 1160/1622	Avg reward: 14.05	Avg steps: 2092
2020-07-07 15:37:51,472	INFO	Total steps: 2321784	Episode: 1180/1600	Avg reward: 14.35	Avg steps: 1947
2020-07-07 16:00:23,617	INFO	Total steps: 2358151	Episode: 1200/1812	Avg reward: 14.00	Avg steps: 1817
2020-07-07 16:24:18,630	INFO	Total steps: 2396441	Episode: 1220/1946	Avg reward: 13.90	Avg steps: 1913
2020-07-07 16:49:29,554	INFO	Total steps: 2436706	Episode: 1240/1773	Avg reward: 14.55	Avg steps: 2012
2020-07-07 17:13:50,570	INFO	Total steps: 2475493	Episode: 1260/1761	Avg reward: 14.60	Avg steps: 1938
2020-07-07 17:37:09,346	INFO	Total steps: 2512656	Episode: 1280/1888	Avg reward: 15.15	Avg steps: 1857
2020-07-07 18:00:19,828	INFO	Total steps: 2549705	Episode: 1300/2075	Avg reward: 15.40	Avg steps: 1851
2020-07-07 18:23:06,336	INFO	Total steps: 2586219	Episode: 1320/1372	Avg reward: 15.30	Avg steps: 1824
2020-07-07 18:46:49,977	INFO	Total steps: 2624025	Episode: 1340/1655	Avg reward: 15.15	Avg steps: 1889
2020-07-07 19:10:53,439	INFO	Total steps: 2662541	Episode: 1360/1928	Avg reward: 15.50	Avg steps: 1924
2020-07-07 19:34:17,731	INFO	Total steps: 2699953	Episode: 1380/2002	Avg reward: 15.85	Avg steps: 1869
2020-07-07 19:57:28,614	INFO	Total steps: 2737274	Episode: 1400/2124	Avg reward: 16.25	Avg steps: 1865
2020-07-07 20:20:20,882	INFO	Total steps: 2773907	Episode: 1420/1968	Avg reward: 15.90	Avg steps: 1830
2020-07-07 20:42:59,967	INFO	Total steps: 2810031	Episode: 1440/2005	Avg reward: 16.80	Avg steps: 1805
2020-07-07 21:05:37,799	INFO	Total steps: 2846014	Episode: 1460/1737	Avg reward: 16.75	Avg steps: 1798
2020-07-07 21:29:12,338	INFO	Total steps: 2880406	Episode: 1480/1789	Avg reward: 17.40	Avg steps: 1718
2020-07-07 21:51:17,852	INFO	Total steps: 2916046	Episode: 1500/2156	Avg reward: 17.15	Avg steps: 1781
2020-07-07 22:14:01,372	INFO	Total steps: 2952095	Episode: 1520/1891	Avg reward: 16.90	Avg steps: 1801
2020-07-07 22:35:05,605	INFO	Total steps: 2986723	Episode: 1540/1637	Avg reward: 17.20	Avg steps: 1730
2020-07-07 22:57:34,783	INFO	Total steps: 3025494	Episode: 1560/1881	Avg reward: 17.45	Avg steps: 1937
2020-07-07 23:18:16,766	INFO	Total steps: 3061391	Episode: 1580/1491	Avg reward: 17.10	Avg steps: 1793
2020-07-07 23:38:42,313	INFO	Total steps: 3096919	Episode: 1600/1663	Avg reward: 17.60	Avg steps: 1775
2020-07-07 23:58:26,425	INFO	Total steps: 3131204	Episode: 1620/1619	Avg reward: 16.60	Avg steps: 1713
2020-07-08 00:19:19,509	INFO	Total steps: 3167446	Episode: 1640/1775	Avg reward: 17.00	Avg steps: 1811
2020-07-08 00:39:33,347	INFO	Total steps: 3202585	Episode: 1660/1878	Avg reward: 16.75	Avg steps: 1755
2020-07-08 01:01:07,633	INFO	Total steps: 3239965	Episode: 1680/1578	Avg reward: 16.75	Avg steps: 1868
2020-07-08 01:21:44,308	INFO	Total steps: 3275764	Episode: 1700/1804	Avg reward: 17.20	Avg steps: 1788
2020-07-08 01:41:40,501	INFO	Total steps: 3310338	Episode: 1720/1695	Avg reward: 17.10	Avg steps: 1727
2020-07-08 02:00:45,620	INFO	Total steps: 3343447	Episode: 1740/1595	Avg reward: 17.70	Avg steps: 1654
2020-07-08 02:21:03,837	INFO	Total steps: 3378640	Episode: 1760/1511	Avg reward: 17.20	Avg steps: 1758
2020-07-08 02:40:28,302	INFO	Total steps: 3412327	Episode: 1780/1591	Avg reward: 17.80	Avg steps: 1683
2020-07-08 03:00:56,111	INFO	Total steps: 3447811	Episode: 1800/1844	Avg reward: 18.15	Avg steps: 1773
2020-07-08 03:20:34,875	INFO	Total steps: 3481866	Episode: 1820/1857	Avg reward: 17.80	Avg steps: 1701
2020-07-08 03:41:16,248	INFO	Total steps: 3517697	Episode: 1840/1703	Avg reward: 17.75	Avg steps: 1790
2020-07-08 04:01:06,046	INFO	Total steps: 3551994	Episode: 1860/1599	Avg reward: 18.00	Avg steps: 1713
2020-07-08 04:21:10,809	INFO	Total steps: 3586677	Episode: 1880/1840	Avg reward: 17.30	Avg steps: 1733
2020-07-08 04:40:37,165	INFO	Total steps: 3620361	Episode: 1900/1525	Avg reward: 18.05	Avg steps: 1683
2020-07-08 05:01:16,280	INFO	Total steps: 3656108	Episode: 1920/1528	Avg reward: 17.80	Avg steps: 1786
2020-07-08 05:20:38,268	INFO	Total steps: 3689587	Episode: 1940/1819	Avg reward: 17.40	Avg steps: 1672
2020-07-08 05:39:21,423	INFO	Total steps: 3721952	Episode: 1960/1676	Avg reward: 18.75	Avg steps: 1617
2020-07-08 05:58:16,158	INFO	Total steps: 3754688	Episode: 1980/1668	Avg reward: 18.30	Avg steps: 1635
2020-07-08 06:18:08,600	INFO	Total steps: 3789043	Episode: 2000/2030	Avg reward: 17.90	Avg steps: 1716
2020-07-08 06:37:37,841	INFO	Total steps: 3822823	Episode: 2020/1497	Avg reward: 18.50	Avg steps: 1688
2020-07-08 06:56:17,304	INFO	Total steps: 3855097	Episode: 2040/1707	Avg reward: 18.15	Avg steps: 1612
2020-07-08 07:14:52,996	INFO	Total steps: 3887444	Episode: 2060/1602	Avg reward: 18.00	Avg steps: 1616
2020-07-08 07:34:19,746	INFO	Total steps: 3921394	Episode: 2080/1564	Avg reward: 17.45	Avg steps: 1696
2020-07-08 07:53:49,980	INFO	Total steps: 3955423	Episode: 2100/1403	Avg reward: 18.15	Avg steps: 1700
2020-07-08 08:13:10,890	INFO	Total steps: 3989141	Episode: 2120/1440	Avg reward: 18.05	Avg steps: 1684
2020-07-08 08:32:27,774	INFO	Total steps: 4022689	Episode: 2140/1581	Avg reward: 17.70	Avg steps: 1676
2020-07-08 08:52:09,128	INFO	Total steps: 4056953	Episode: 2160/1484	Avg reward: 18.90	Avg steps: 1712
2020-07-08 09:11:14,202	INFO	Total steps: 4090180	Episode: 2180/2134	Avg reward: 18.30	Avg steps: 1660
2020-07-08 09:30:53,078	INFO	Total steps: 4124328	Episode: 2200/1896	Avg reward: 18.30	Avg steps: 1706
2020-07-08 09:51:07,262	INFO	Total steps: 4159523	Episode: 2220/1591	Avg reward: 17.65	Avg steps: 1758
2020-07-08 10:10:16,978	INFO	Total steps: 4192825	Episode: 2240/1765	Avg reward: 17.65	Avg steps: 1664
2020-07-08 10:30:01,664	INFO	Total steps: 4227193	Episode: 2260/1775	Avg reward: 18.25	Avg steps: 1717
2020-07-08 10:49:22,640	INFO	Total steps: 4260673	Episode: 2280/1760	Avg reward: 18.10	Avg steps: 1673
2020-07-08 11:08:36,387	INFO	Total steps: 4294126	Episode: 2300/1601	Avg reward: 18.10	Avg steps: 1671
2020-07-08 11:28:00,139	INFO	Total steps: 4327793	Episode: 2320/1774	Avg reward: 18.40	Avg steps: 1682
2020-07-08 11:47:13,691	INFO	Total steps: 4361059	Episode: 2340/1634	Avg reward: 18.10	Avg steps: 1662
2020-07-08 12:06:03,655	INFO	Total steps: 4393285	Episode: 2360/1583	Avg reward: 18.85	Avg steps: 1610
2020-07-08 12:23:55,620	INFO	Total steps: 4423848	Episode: 2380/1677	Avg reward: 19.15	Avg steps: 1527
2020-07-08 12:43:08,949	INFO	Total steps: 4457109	Episode: 2400/1587	Avg reward: 18.55	Avg steps: 1662
2020-07-08 13:02:35,260	INFO	Total steps: 4489455	Episode: 2420/1842	Avg reward: 18.55	Avg steps: 1616
2020-07-08 13:34:48,078	INFO	Total steps: 4521927	Episode: 2440/1639	Avg reward: 18.75	Avg steps: 1622
2020-07-08 13:53:41,946	INFO	Total steps: 4555067	Episode: 2460/1482	Avg reward: 18.00	Avg steps: 1656
2020-07-08 14:12:00,548	INFO	Total steps: 4589283	Episode: 2480/1606	Avg reward: 18.55	Avg steps: 1709
2020-07-08 14:28:00,250	INFO	Total steps: 4620127	Episode: 2500/1564	Avg reward: 19.15	Avg steps: 1541
2020-07-08 14:48:41,528	INFO	Total steps: 4654980	Episode: 2520/1946	Avg reward: 18.10	Avg steps: 1741
2020-07-08 15:08:21,641	INFO	Total steps: 4688976	Episode: 2540/2041	Avg reward: 18.55	Avg steps: 1698
2020-07-08 15:28:02,703	INFO	Total steps: 4723136	Episode: 2560/2064	Avg reward: 18.85	Avg steps: 1707
2020-07-08 15:47:46,144	INFO	Total steps: 4757239	Episode: 2580/1462	Avg reward: 17.85	Avg steps: 1704
2020-07-08 16:05:58,149	INFO	Total steps: 4788771	Episode: 2600/1723	Avg reward: 18.45	Avg steps: 1575
2020-07-08 16:24:10,380	INFO	Total steps: 4819992	Episode: 2620/1648	Avg reward: 18.50	Avg steps: 1560
2020-07-08 16:42:37,513	INFO	Total steps: 4851744	Episode: 2640/1751	Avg reward: 18.35	Avg steps: 1586
2020-07-08 17:01:53,430	INFO	Total steps: 4884948	Episode: 2660/1568	Avg reward: 18.50	Avg steps: 1659
2020-07-08 17:20:17,928	INFO	Total steps: 4916530	Episode: 2680/1528	Avg reward: 18.75	Avg steps: 1578
2020-07-08 17:39:38,328	INFO	Total steps: 4949710	Episode: 2700/1613	Avg reward: 18.20	Avg steps: 1658
2020-07-08 17:58:27,550	INFO	Total steps: 4981791	Episode: 2720/1401	Avg reward: 18.35	Avg steps: 1603
2020-07-08 18:17:29,063	INFO	Total steps: 5014255	Episode: 2740/2165	Avg reward: 19.05	Avg steps: 1622
2020-07-08 18:35:44,991	INFO	Total steps: 5045464	Episode: 2760/1736	Avg reward: 18.55	Avg steps: 1559
2020-07-08 18:54:27,340	INFO	Total steps: 5077277	Episode: 2780/1431	Avg reward: 18.75	Avg steps: 1589
2020-07-08 19:13:19,170	INFO	Total steps: 5109285	Episode: 2800/1627	Avg reward: 18.80	Avg steps: 1599
2020-07-08 19:32:54,651	INFO	Total steps: 5142960	Episode: 2820/1858	Avg reward: 18.35	Avg steps: 1682
2020-07-08 19:52:33,784	INFO	Total steps: 5176760	Episode: 2840/1672	Avg reward: 18.55	Avg steps: 1689
2020-07-08 20:12:49,118	INFO	Total steps: 5211581	Episode: 2860/1315	Avg reward: 18.55	Avg steps: 1740
2020-07-08 20:32:38,906	INFO	Total steps: 5245767	Episode: 2880/1767	Avg reward: 18.40	Avg steps: 1708
2020-07-08 20:52:50,126	INFO	Total steps: 5280557	Episode: 2900/1602	Avg reward: 18.40	Avg steps: 1738
2020-07-08 21:12:14,242	INFO	Total steps: 5314051	Episode: 2920/1647	Avg reward: 18.40	Avg steps: 1673
2020-07-08 21:31:42,648	INFO	Total steps: 5347774	Episode: 2940/1530	Avg reward: 18.40	Avg steps: 1685
2020-07-08 21:50:50,022	INFO	Total steps: 5380751	Episode: 2960/1396	Avg reward: 19.05	Avg steps: 1647
2020-07-08 22:10:22,923	INFO	Total steps: 5414021	Episode: 2980/1651	Avg reward: 18.45	Avg steps: 1662
2020-07-08 22:30:33,240	INFO	Total steps: 5446573	Episode: 3000/1502	Avg reward: 18.80	Avg steps: 1626
2020-07-08 22:50:32,319	INFO	Total steps: 5478923	Episode: 3020/1476	Avg reward: 18.50	Avg steps: 1616
2020-07-08 23:09:00,722	INFO	Total steps: 5510917	Episode: 3040/1300	Avg reward: 18.30	Avg steps: 1598
2020-07-08 23:26:59,770	INFO	Total steps: 5542119	Episode: 3060/1754	Avg reward: 18.95	Avg steps: 1559
2020-07-08 23:45:22,810	INFO	Total steps: 5574048	Episode: 3080/1399	Avg reward: 18.75	Avg steps: 1595
2020-07-09 00:03:56,069	INFO	Total steps: 5606242	Episode: 3100/1701	Avg reward: 18.65	Avg steps: 1608
2020-07-09 00:23:02,517	INFO	Total steps: 5639417	Episode: 3120/1976	Avg reward: 18.25	Avg steps: 1657
2020-07-09 00:42:29,238	INFO	Total steps: 5673122	Episode: 3140/1871	Avg reward: 18.65	Avg steps: 1684
2020-07-09 01:01:43,335	INFO	Total steps: 5706551	Episode: 3160/1394	Avg reward: 18.50	Avg steps: 1670
2020-07-09 01:20:59,467	INFO	Total steps: 5739962	Episode: 3180/1701	Avg reward: 19.15	Avg steps: 1669
2020-07-09 01:40:49,187	INFO	Total steps: 5774355	Episode: 3200/1759	Avg reward: 18.30	Avg steps: 1718
2020-07-09 02:00:12,525	INFO	Total steps: 5807770	Episode: 3220/1694	Avg reward: 18.75	Avg steps: 1669
2020-07-09 02:19:36,584	INFO	Total steps: 5841057	Episode: 3240/1491	Avg reward: 18.55	Avg steps: 1663
2020-07-09 02:38:41,752	INFO	Total steps: 5873857	Episode: 3260/1409	Avg reward: 18.60	Avg steps: 1639
2020-07-09 02:57:47,788	INFO	Total steps: 5906700	Episode: 3280/1834	Avg reward: 18.55	Avg steps: 1641
2020-07-09 03:17:07,871	INFO	Total steps: 5939657	Episode: 3300/1315	Avg reward: 19.00	Avg steps: 1646
2020-07-09 03:37:11,183	INFO	Total steps: 5973732	Episode: 3320/1961	Avg reward: 18.15	Avg steps: 1702
2020-07-09 03:56:22,640	INFO	Total steps: 6006495	Episode: 3340/1528	Avg reward: 18.50	Avg steps: 1637
2020-07-09 04:15:13,107	INFO	Total steps: 6038719	Episode: 3360/1489	Avg reward: 18.55	Avg steps: 1610
2020-07-09 04:34:32,298	INFO	Total steps: 6071515	Episode: 3380/1682	Avg reward: 18.95	Avg steps: 1638
2020-07-09 04:53:08,472	INFO	Total steps: 6103428	Episode: 3400/1333	Avg reward: 18.55	Avg steps: 1594
2020-07-09 05:13:00,808	INFO	Total steps: 6137267	Episode: 3420/1822	Avg reward: 18.90	Avg steps: 1690
2020-07-09 05:32:03,666	INFO	Total steps: 6169798	Episode: 3440/1661	Avg reward: 18.85	Avg steps: 1625
2020-07-09 05:50:29,652	INFO	Total steps: 6201356	Episode: 3460/1547	Avg reward: 19.15	Avg steps: 1576
2020-07-09 06:09:59,033	INFO	Total steps: 6234784	Episode: 3480/1823	Avg reward: 18.75	Avg steps: 1670
2020-07-09 06:29:23,550	INFO	Total steps: 6268190	Episode: 3500/1721	Avg reward: 18.35	Avg steps: 1669
2020-07-09 06:48:46,224	INFO	Total steps: 6301518	Episode: 3520/1652	Avg reward: 18.10	Avg steps: 1665
2020-07-09 07:08:26,634	INFO	Total steps: 6335367	Episode: 3540/1606	Avg reward: 18.20	Avg steps: 1691
2020-07-09 07:28:09,024	INFO	Total steps: 6369254	Episode: 3560/1446	Avg reward: 18.75	Avg steps: 1693
2020-07-09 07:47:00,336	INFO	Total steps: 6401736	Episode: 3580/1911	Avg reward: 18.45	Avg steps: 1623
2020-07-09 08:04:44,047	INFO	Total steps: 6432213	Episode: 3600/1769	Avg reward: 19.15	Avg steps: 1522
2020-07-09 08:23:22,194	INFO	Total steps: 6464264	Episode: 3620/1310	Avg reward: 19.20	Avg steps: 1601
2020-07-09 08:40:58,361	INFO	Total steps: 6497317	Episode: 3640/1414	Avg reward: 19.00	Avg steps: 1651
2020-07-09 08:58:02,028	INFO	Total steps: 6529400	Episode: 3660/1387	Avg reward: 18.55	Avg steps: 1603
2020-07-09 09:14:42,362	INFO	Total steps: 6560715	Episode: 3680/1587	Avg reward: 19.30	Avg steps: 1564
2020-07-09 09:30:54,983	INFO	Total steps: 6591256	Episode: 3700/1404	Avg reward: 19.20	Avg steps: 1526
2020-07-09 09:47:28,783	INFO	Total steps: 6622487	Episode: 3720/1595	Avg reward: 19.05	Avg steps: 1560
2020-07-09 10:03:17,404	INFO	Total steps: 6652293	Episode: 3740/1486	Avg reward: 19.15	Avg steps: 1489
2020-07-09 10:20:55,877	INFO	Total steps: 6685567	Episode: 3760/2028	Avg reward: 18.90	Avg steps: 1662
2020-07-09 10:38:41,297	INFO	Total steps: 6719064	Episode: 3780/1418	Avg reward: 18.95	Avg steps: 1673
2020-07-09 10:55:32,343	INFO	Total steps: 6750850	Episode: 3800/1514	Avg reward: 18.45	Avg steps: 1588
2020-07-09 11:13:53,482	INFO	Total steps: 6785469	Episode: 3820/1575	Avg reward: 18.50	Avg steps: 1729
2020-07-09 11:30:16,024	INFO	Total steps: 6816266	Episode: 3840/1477	Avg reward: 19.00	Avg steps: 1538
2020-07-09 11:47:18,158	INFO	Total steps: 6848477	Episode: 3860/1514	Avg reward: 19.15	Avg steps: 1609
2020-07-09 12:03:57,850	INFO	Total steps: 6880050	Episode: 3880/1682	Avg reward: 19.15	Avg steps: 1577
2020-07-09 12:19:58,558	INFO	Total steps: 6910371	Episode: 3900/1771	Avg reward: 19.20	Avg steps: 1515
2020-07-09 12:36:18,998	INFO	Total steps: 6941363	Episode: 3920/1798	Avg reward: 19.15	Avg steps: 1548
2020-07-09 12:54:24,922	INFO	Total steps: 6975701	Episode: 3940/1787	Avg reward: 18.75	Avg steps: 1715
2020-07-09 13:10:37,948	INFO	Total steps: 7006444	Episode: 3960/1671	Avg reward: 19.10	Avg steps: 1536
2020-07-09 13:28:07,044	INFO	Total steps: 7039592	Episode: 3980/1520	Avg reward: 19.00	Avg steps: 1656
2020-07-09 13:45:32,352	INFO	Total steps: 7072586	Episode: 4000/1463	Avg reward: 18.60	Avg steps: 1648
