2020-06-24 04:22:23,283	INFO	--width 160 --height 160 --ball 0.5 --snell 0.5 --ps 0.5 --paddle-speed 0.5 --pa 89.0 --paddle-angle 89.0 --pl 45 --paddle-length 45 --lr 0.0001 --learning-rate 0.0001 --network dqn_pong_model --pretrain False --render False --update-prob 0.2 --episodes 4000 --checkpoint dqn_pong_model --history history.p --store-dir ../experiments/28 
2020-06-24 04:22:23,283	INFO	Device: cuda
2020-06-24 04:49:19,777	INFO	Total steps: 56783	Episode: 20/2887	Avg reward: -15.10	Avg steps: 2838
2020-06-24 05:19:10,461	INFO	Total steps: 109271	Episode: 40/2252	Avg reward: -15.25	Avg steps: 2623
2020-06-24 05:53:14,447	INFO	Total steps: 168911	Episode: 60/1863	Avg reward: -15.00	Avg steps: 2981
2020-06-24 06:30:33,840	INFO	Total steps: 234239	Episode: 80/3654	Avg reward: -13.55	Avg steps: 3265
2020-06-24 07:09:47,969	INFO	Total steps: 302805	Episode: 100/4343	Avg reward: -12.55	Avg steps: 3427
2020-06-24 08:02:22,369	INFO	Total steps: 395044	Episode: 120/6254	Avg reward: -8.55	Avg steps: 4610
2020-06-24 09:01:50,297	INFO	Total steps: 499555	Episode: 140/8440	Avg reward: -4.75	Avg steps: 5224
2020-06-24 09:57:36,711	INFO	Total steps: 597228	Episode: 160/4784	Avg reward: -6.00	Avg steps: 4882
2020-06-24 10:55:01,722	INFO	Total steps: 697822	Episode: 180/5501	Avg reward: -3.55	Avg steps: 5028
2020-06-24 11:55:30,877	INFO	Total steps: 803443	Episode: 200/6489	Avg reward: -1.80	Avg steps: 5280
2020-06-24 12:58:13,655	INFO	Total steps: 913043	Episode: 220/5332	Avg reward: 6.75	Avg steps: 5479
2020-06-24 13:56:33,773	INFO	Total steps: 1015064	Episode: 240/4707	Avg reward: 8.75	Avg steps: 5100
2020-06-24 14:58:06,382	INFO	Total steps: 1122713	Episode: 260/3836	Avg reward: 10.00	Avg steps: 5381
2020-06-24 15:53:28,871	INFO	Total steps: 1217488	Episode: 280/5248	Avg reward: 12.60	Avg steps: 4737
2020-06-24 16:47:27,321	INFO	Total steps: 1311772	Episode: 300/3776	Avg reward: 13.25	Avg steps: 4713
2020-06-24 17:38:16,732	INFO	Total steps: 1400784	Episode: 320/4043	Avg reward: 14.70	Avg steps: 4449
2020-06-24 18:31:22,927	INFO	Total steps: 1493448	Episode: 340/4672	Avg reward: 14.95	Avg steps: 4632
2020-06-24 19:23:09,871	INFO	Total steps: 1583712	Episode: 360/4425	Avg reward: 14.40	Avg steps: 4512
2020-06-24 20:17:19,526	INFO	Total steps: 1677783	Episode: 380/5303	Avg reward: 15.35	Avg steps: 4702
2020-06-24 21:12:28,274	INFO	Total steps: 1773713	Episode: 400/4974	Avg reward: 15.80	Avg steps: 4795
2020-06-24 22:02:49,884	INFO	Total steps: 1861412	Episode: 420/5721	Avg reward: 16.15	Avg steps: 4383
2020-06-24 22:53:18,711	INFO	Total steps: 1949248	Episode: 440/3654	Avg reward: 16.65	Avg steps: 4390
2020-06-24 23:46:32,878	INFO	Total steps: 2041864	Episode: 460/3379	Avg reward: 16.10	Avg steps: 4629
2020-06-25 00:36:04,494	INFO	Total steps: 2127843	Episode: 480/4233	Avg reward: 17.60	Avg steps: 4297
2020-06-25 01:22:32,507	INFO	Total steps: 2208703	Episode: 500/4237	Avg reward: 17.90	Avg steps: 4042
2020-06-25 02:09:10,719	INFO	Total steps: 2289940	Episode: 520/3665	Avg reward: 17.25	Avg steps: 4060
2020-06-25 02:55:24,492	INFO	Total steps: 2370536	Episode: 540/3508	Avg reward: 17.70	Avg steps: 4028
2020-06-25 03:44:53,771	INFO	Total steps: 2455804	Episode: 560/3856	Avg reward: 17.45	Avg steps: 4262
2020-06-26 23:29:40,310	INFO	--width 160 --height 160 --ball 0.5 --ball-size 2.0 --snell 0.5 --snell-width 40.0 --snell-change 0 --snell-visible none --ps 0.5 --paddle-speed 0.5 --pa 89.0 --paddle-angle 89.0 --pl 45 --paddle-length 45 --lr 0.0001 --learning-rate 0.0001 --state binary --network dqn_pong_model --render False --epsdecay 1000 --replay 10000 --update-prob 0.2 --episodes 4000 --checkpoint dqn_pong_model --history history.p --store-dir ../experiments/28 
2020-06-26 23:29:40,310	INFO	Device: cuda
2020-06-26 23:51:20,502	INFO	Total steps: 52362	Episode: 20/1935	Avg reward: -16.05	Avg steps: 2617
2020-06-27 00:18:14,958	INFO	Total steps: 108101	Episode: 40/4388	Avg reward: -15.45	Avg steps: 2785
2020-06-27 00:45:34,518	INFO	Total steps: 162147	Episode: 60/2812	Avg reward: -15.85	Avg steps: 2701
2020-06-27 01:13:03,814	INFO	Total steps: 217061	Episode: 80/3173	Avg reward: -14.15	Avg steps: 2744
2020-06-27 01:46:57,919	INFO	Total steps: 285345	Episode: 100/4115	Avg reward: -13.50	Avg steps: 3413
2020-06-27 02:15:56,919	INFO	Total steps: 347211	Episode: 120/3236	Avg reward: -13.60	Avg steps: 3092
2020-06-27 02:45:23,149	INFO	Total steps: 412572	Episode: 140/2787	Avg reward: -13.40	Avg steps: 3267
2020-06-27 03:13:47,194	INFO	Total steps: 474809	Episode: 160/3161	Avg reward: -13.40	Avg steps: 3110
2020-06-27 03:48:02,867	INFO	Total steps: 549892	Episode: 180/3382	Avg reward: -11.60	Avg steps: 3753
2020-06-27 04:21:23,950	INFO	Total steps: 623228	Episode: 200/3074	Avg reward: -11.70	Avg steps: 3665
2020-06-27 04:57:01,547	INFO	Total steps: 701340	Episode: 220/2806	Avg reward: -10.95	Avg steps: 3904
2020-06-27 05:33:46,570	INFO	Total steps: 783403	Episode: 240/1927	Avg reward: -10.75	Avg steps: 4102
2020-06-27 06:05:06,388	INFO	Total steps: 852983	Episode: 260/3214	Avg reward: -12.75	Avg steps: 3478
2020-06-27 06:39:52,112	INFO	Total steps: 929437	Episode: 280/3898	Avg reward: -10.00	Avg steps: 3821
2020-06-27 07:12:41,958	INFO	Total steps: 1000612	Episode: 300/4760	Avg reward: -12.05	Avg steps: 3557
2020-06-27 07:49:48,158	INFO	Total steps: 1081595	Episode: 320/3738	Avg reward: -11.25	Avg steps: 4048
2020-06-27 08:21:41,352	INFO	Total steps: 1150626	Episode: 340/4360	Avg reward: -10.55	Avg steps: 3450
2020-06-27 08:59:20,420	INFO	Total steps: 1230472	Episode: 360/5265	Avg reward: -10.00	Avg steps: 3991
2020-06-27 09:31:48,703	INFO	Total steps: 1302283	Episode: 380/2962	Avg reward: -10.80	Avg steps: 3589
2020-06-27 10:05:20,338	INFO	Total steps: 1376852	Episode: 400/4877	Avg reward: -10.55	Avg steps: 3727
2020-06-27 10:47:09,449	INFO	Total steps: 1469808	Episode: 420/2862	Avg reward: -8.55	Avg steps: 4646
2020-06-27 11:19:31,195	INFO	Total steps: 1540278	Episode: 440/4779	Avg reward: -10.70	Avg steps: 3522
2020-06-27 11:58:08,518	INFO	Total steps: 1619596	Episode: 460/5863	Avg reward: -9.05	Avg steps: 3964
2020-06-27 12:41:17,498	INFO	Total steps: 1703865	Episode: 480/5954	Avg reward: -8.10	Avg steps: 4212
2020-06-27 13:23:26,906	INFO	Total steps: 1792974	Episode: 500/4101	Avg reward: -7.85	Avg steps: 4454
2020-06-27 14:03:41,652	INFO	Total steps: 1880398	Episode: 520/4465	Avg reward: -6.40	Avg steps: 4370
2020-06-27 14:42:36,766	INFO	Total steps: 1966068	Episode: 540/3129	Avg reward: -6.85	Avg steps: 4282
2020-06-27 15:23:02,189	INFO	Total steps: 2054963	Episode: 560/5273	Avg reward: -6.25	Avg steps: 4443
2020-06-27 16:05:52,354	INFO	Total steps: 2149658	Episode: 580/5903	Avg reward: -4.20	Avg steps: 4733
2020-06-27 16:46:45,544	INFO	Total steps: 2239389	Episode: 600/4092	Avg reward: -6.75	Avg steps: 4485
2020-06-27 17:27:45,172	INFO	Total steps: 2328934	Episode: 620/4398	Avg reward: -2.45	Avg steps: 4476
2020-06-27 18:14:14,444	INFO	Total steps: 2428338	Episode: 640/6637	Avg reward: -2.25	Avg steps: 4969
2020-06-27 19:00:46,483	INFO	Total steps: 2531124	Episode: 660/6902	Avg reward: -1.65	Avg steps: 5138
2020-06-27 19:44:17,290	INFO	Total steps: 2627753	Episode: 680/4137	Avg reward: -4.40	Avg steps: 4830
2020-06-27 20:34:49,461	INFO	Total steps: 2733856	Episode: 700/5201	Avg reward: -0.70	Avg steps: 5304
2020-06-27 21:20:25,983	INFO	Total steps: 2832498	Episode: 720/3466	Avg reward: -4.05	Avg steps: 4931
2020-06-27 22:10:00,096	INFO	Total steps: 2936351	Episode: 740/6043	Avg reward: -0.20	Avg steps: 5191
2020-06-27 22:58:05,623	INFO	Total steps: 3038892	Episode: 760/6333	Avg reward: 3.55	Avg steps: 5126
2020-06-27 23:44:39,214	INFO	Total steps: 3141661	Episode: 780/5126	Avg reward: 3.80	Avg steps: 5137
2020-06-28 00:26:23,732	INFO	Total steps: 3240873	Episode: 800/4231	Avg reward: 5.00	Avg steps: 4959
2020-06-28 01:11:53,636	INFO	Total steps: 3347806	Episode: 820/5539	Avg reward: 5.35	Avg steps: 5345
2020-06-28 01:57:31,746	INFO	Total steps: 3451708	Episode: 840/5620	Avg reward: 3.90	Avg steps: 5194
2020-06-28 02:41:29,877	INFO	Total steps: 3552394	Episode: 860/5249	Avg reward: 7.25	Avg steps: 5033
2020-06-28 03:25:24,230	INFO	Total steps: 3653758	Episode: 880/5420	Avg reward: 6.90	Avg steps: 5067
2020-06-28 04:07:26,875	INFO	Total steps: 3750934	Episode: 900/4393	Avg reward: 6.55	Avg steps: 4857
2020-06-28 04:55:50,548	INFO	Total steps: 3854428	Episode: 920/6334	Avg reward: 8.75	Avg steps: 5173
2020-06-28 05:39:29,306	INFO	Total steps: 3948109	Episode: 940/4810	Avg reward: 10.05	Avg steps: 4683
2020-06-28 06:25:53,279	INFO	Total steps: 4047726	Episode: 960/5175	Avg reward: 9.90	Avg steps: 4979
2020-06-28 07:12:38,820	INFO	Total steps: 4147643	Episode: 980/4717	Avg reward: 8.15	Avg steps: 4994
2020-06-28 07:58:45,484	INFO	Total steps: 4246492	Episode: 1000/5253	Avg reward: 9.10	Avg steps: 4941
2020-06-28 08:44:06,856	INFO	Total steps: 4341635	Episode: 1020/3958	Avg reward: 9.65	Avg steps: 4756
2020-06-28 09:28:46,528	INFO	Total steps: 4435295	Episode: 1040/4238	Avg reward: 11.55	Avg steps: 4682
2020-06-28 10:14:27,561	INFO	Total steps: 4530934	Episode: 1060/4459	Avg reward: 11.45	Avg steps: 4780
2020-06-28 10:55:58,283	INFO	Total steps: 4618426	Episode: 1080/3668	Avg reward: 12.40	Avg steps: 4373
2020-06-28 11:38:57,123	INFO	Total steps: 4709736	Episode: 1100/3583	Avg reward: 13.55	Avg steps: 4564
2020-06-28 12:25:49,253	INFO	Total steps: 4809411	Episode: 1120/3310	Avg reward: 11.95	Avg steps: 4982
2020-06-28 13:11:27,973	INFO	Total steps: 4909442	Episode: 1140/6116	Avg reward: 11.05	Avg steps: 5000
2020-06-28 13:48:57,866	INFO	Total steps: 5000762	Episode: 1160/3183	Avg reward: 12.45	Avg steps: 4565
2020-06-28 14:31:25,168	INFO	Total steps: 5101949	Episode: 1180/4627	Avg reward: 10.45	Avg steps: 5058
2020-06-28 15:09:21,554	INFO	Total steps: 5195669	Episode: 1200/4757	Avg reward: 11.60	Avg steps: 4685
2020-06-28 15:50:46,891	INFO	Total steps: 5293685	Episode: 1220/4945	Avg reward: 12.85	Avg steps: 4899
2020-06-28 16:25:40,714	INFO	Total steps: 5377308	Episode: 1240/3494	Avg reward: 12.80	Avg steps: 4180
2020-06-28 17:04:24,305	INFO	Total steps: 5471023	Episode: 1260/4080	Avg reward: 12.70	Avg steps: 4684
2020-06-28 17:41:32,449	INFO	Total steps: 5558890	Episode: 1280/4197	Avg reward: 14.45	Avg steps: 4392
2020-06-28 18:20:20,004	INFO	Total steps: 5649108	Episode: 1300/4360	Avg reward: 14.05	Avg steps: 4509
2020-06-28 19:02:02,686	INFO	Total steps: 5746543	Episode: 1320/5155	Avg reward: 13.45	Avg steps: 4870
2020-06-28 19:42:35,621	INFO	Total steps: 5840857	Episode: 1340/5114	Avg reward: 11.55	Avg steps: 4714
2020-06-28 20:23:54,402	INFO	Total steps: 5938660	Episode: 1360/4144	Avg reward: 12.90	Avg steps: 4889
2020-06-28 21:05:10,844	INFO	Total steps: 6032961	Episode: 1380/5913	Avg reward: 12.80	Avg steps: 4714
2020-06-28 21:43:50,152	INFO	Total steps: 6120975	Episode: 1400/3846	Avg reward: 15.45	Avg steps: 4399
2020-06-28 22:22:50,456	INFO	Total steps: 6210401	Episode: 1420/3608	Avg reward: 14.05	Avg steps: 4470
2020-06-28 23:03:22,097	INFO	Total steps: 6304098	Episode: 1440/6338	Avg reward: 13.25	Avg steps: 4683
2020-06-28 23:44:55,239	INFO	Total steps: 6398840	Episode: 1460/3866	Avg reward: 14.65	Avg steps: 4736
2020-06-29 00:29:32,752	INFO	Total steps: 6499694	Episode: 1480/6657	Avg reward: 12.70	Avg steps: 5041
2020-06-29 01:09:23,556	INFO	Total steps: 6591771	Episode: 1500/4500	Avg reward: 14.25	Avg steps: 4602
2020-06-29 01:46:38,614	INFO	Total steps: 6677878	Episode: 1520/4859	Avg reward: 15.05	Avg steps: 4304
2020-06-29 02:22:52,179	INFO	Total steps: 6760784	Episode: 1540/3786	Avg reward: 15.25	Avg steps: 4144
2020-06-29 02:58:43,651	INFO	Total steps: 6844442	Episode: 1560/3373	Avg reward: 16.35	Avg steps: 4181
2020-06-29 03:34:23,115	INFO	Total steps: 6932463	Episode: 1580/5325	Avg reward: 15.25	Avg steps: 4400
2020-06-29 04:07:11,282	INFO	Total steps: 7014825	Episode: 1600/3591	Avg reward: 15.15	Avg steps: 4117
2020-06-29 04:45:49,352	INFO	Total steps: 7112544	Episode: 1620/6237	Avg reward: 15.00	Avg steps: 4884
2020-06-29 05:20:29,298	INFO	Total steps: 7199722	Episode: 1640/3693	Avg reward: 14.35	Avg steps: 4357
2020-06-29 05:56:46,100	INFO	Total steps: 7290804	Episode: 1660/5067	Avg reward: 14.65	Avg steps: 4553
2020-06-29 06:34:35,021	INFO	Total steps: 7384355	Episode: 1680/4150	Avg reward: 14.75	Avg steps: 4676
2020-06-29 07:13:00,055	INFO	Total steps: 7477074	Episode: 1700/4519	Avg reward: 15.45	Avg steps: 4634
2020-06-29 07:53:13,683	INFO	Total steps: 7577068	Episode: 1720/6442	Avg reward: 14.00	Avg steps: 4998
2020-06-29 08:31:20,553	INFO	Total steps: 7677586	Episode: 1740/4637	Avg reward: 15.05	Avg steps: 5024
2020-06-29 09:05:46,601	INFO	Total steps: 7768804	Episode: 1760/4790	Avg reward: 14.55	Avg steps: 4559
2020-06-29 09:37:54,453	INFO	Total steps: 7853667	Episode: 1780/5645	Avg reward: 15.75	Avg steps: 4242
2020-06-29 10:12:40,937	INFO	Total steps: 7946145	Episode: 1800/3332	Avg reward: 14.65	Avg steps: 4622
2020-06-29 10:49:14,130	INFO	Total steps: 8035822	Episode: 1820/5065	Avg reward: 16.10	Avg steps: 4482
2020-06-29 11:29:02,545	INFO	Total steps: 8126990	Episode: 1840/4941	Avg reward: 14.65	Avg steps: 4557
2020-06-29 12:08:05,409	INFO	Total steps: 8218044	Episode: 1860/3429	Avg reward: 16.00	Avg steps: 4551
2020-06-29 12:47:04,459	INFO	Total steps: 8308862	Episode: 1880/5373	Avg reward: 14.55	Avg steps: 4539
2020-06-29 13:21:28,878	INFO	Total steps: 8389469	Episode: 1900/3652	Avg reward: 15.70	Avg steps: 4029
2020-06-29 13:56:58,578	INFO	Total steps: 8471579	Episode: 1920/4240	Avg reward: 16.95	Avg steps: 4104
2020-06-29 14:35:54,943	INFO	Total steps: 8561648	Episode: 1940/4343	Avg reward: 15.60	Avg steps: 4502
2020-06-29 15:10:27,599	INFO	Total steps: 8641902	Episode: 1960/4336	Avg reward: 17.00	Avg steps: 4011
2020-06-29 15:46:15,732	INFO	Total steps: 8725265	Episode: 1980/5201	Avg reward: 15.95	Avg steps: 4167
2020-06-29 16:17:38,702	INFO	Total steps: 8814530	Episode: 2000/4641	Avg reward: 16.20	Avg steps: 4462
2020-06-29 16:47:27,507	INFO	Total steps: 8897273	Episode: 2020/3971	Avg reward: 17.15	Avg steps: 4136
2020-06-29 17:20:18,523	INFO	Total steps: 8986284	Episode: 2040/3153	Avg reward: 16.75	Avg steps: 4449
2020-06-29 17:52:00,360	INFO	Total steps: 9070748	Episode: 2060/3334	Avg reward: 16.00	Avg steps: 4222
2020-06-29 18:23:25,951	INFO	Total steps: 9155648	Episode: 2080/4570	Avg reward: 16.75	Avg steps: 4244
2020-06-29 18:52:36,074	INFO	Total steps: 9235038	Episode: 2100/5245	Avg reward: 17.10	Avg steps: 3968
2020-06-29 19:23:08,168	INFO	Total steps: 9319418	Episode: 2120/5155	Avg reward: 16.65	Avg steps: 4218
2020-06-29 19:54:13,531	INFO	Total steps: 9399188	Episode: 2140/3968	Avg reward: 17.65	Avg steps: 3987
2020-06-29 20:30:24,389	INFO	Total steps: 9486627	Episode: 2160/4237	Avg reward: 16.65	Avg steps: 4370
2020-06-29 21:05:04,118	INFO	Total steps: 9572944	Episode: 2180/3913	Avg reward: 15.60	Avg steps: 4314
2020-06-29 21:39:47,541	INFO	Total steps: 9664349	Episode: 2200/5774	Avg reward: 16.60	Avg steps: 4569
2020-06-29 22:13:19,953	INFO	Total steps: 9752345	Episode: 2220/5925	Avg reward: 15.65	Avg steps: 4398
2020-06-29 22:48:43,933	INFO	Total steps: 9843597	Episode: 2240/5775	Avg reward: 15.35	Avg steps: 4561
2020-06-29 23:26:33,526	INFO	Total steps: 9938702	Episode: 2260/4985	Avg reward: 16.50	Avg steps: 4754
2020-06-30 00:02:42,589	INFO	Total steps: 10028439	Episode: 2280/4404	Avg reward: 16.05	Avg steps: 4485
2020-06-30 00:37:44,923	INFO	Total steps: 10114369	Episode: 2300/4011	Avg reward: 16.75	Avg steps: 4295
2020-06-30 01:16:10,650	INFO	Total steps: 10208462	Episode: 2320/4400	Avg reward: 16.75	Avg steps: 4703
2020-06-30 01:53:48,633	INFO	Total steps: 10300357	Episode: 2340/3015	Avg reward: 16.85	Avg steps: 4593
2020-06-30 02:29:47,025	INFO	Total steps: 10387567	Episode: 2360/3151	Avg reward: 17.55	Avg steps: 4359
2020-06-30 03:04:18,713	INFO	Total steps: 10471444	Episode: 2380/4331	Avg reward: 17.25	Avg steps: 4192
2020-06-30 03:40:39,792	INFO	Total steps: 10559918	Episode: 2400/3237	Avg reward: 16.95	Avg steps: 4422
2020-06-30 04:18:22,879	INFO	Total steps: 10651976	Episode: 2420/4568	Avg reward: 15.30	Avg steps: 4601
2020-06-30 04:54:32,184	INFO	Total steps: 10739579	Episode: 2440/4231	Avg reward: 17.25	Avg steps: 4379
2020-06-30 05:29:35,323	INFO	Total steps: 10826049	Episode: 2460/4529	Avg reward: 17.50	Avg steps: 4322
2020-06-30 06:08:39,296	INFO	Total steps: 10923212	Episode: 2480/5076	Avg reward: 15.45	Avg steps: 4857
2020-06-30 06:45:52,467	INFO	Total steps: 11014755	Episode: 2500/4902	Avg reward: 16.80	Avg steps: 4576
2020-06-30 07:21:39,495	INFO	Total steps: 11103289	Episode: 2520/4950	Avg reward: 17.80	Avg steps: 4425
2020-06-30 07:57:02,292	INFO	Total steps: 11190884	Episode: 2540/4596	Avg reward: 17.05	Avg steps: 4378
2020-06-30 08:33:52,103	INFO	Total steps: 11281587	Episode: 2560/4045	Avg reward: 16.25	Avg steps: 4534
2020-06-30 09:11:09,840	INFO	Total steps: 11374979	Episode: 2580/5797	Avg reward: 15.90	Avg steps: 4668
2020-06-30 09:46:49,831	INFO	Total steps: 11463673	Episode: 2600/4175	Avg reward: 16.95	Avg steps: 4433
2020-06-30 10:24:48,052	INFO	Total steps: 11557691	Episode: 2620/4841	Avg reward: 15.80	Avg steps: 4699
2020-06-30 11:04:16,715	INFO	Total steps: 11653049	Episode: 2640/4984	Avg reward: 15.30	Avg steps: 4766
2020-06-30 11:41:05,417	INFO	Total steps: 11743861	Episode: 2660/4868	Avg reward: 16.90	Avg steps: 4539
2020-06-30 12:16:46,177	INFO	Total steps: 11833292	Episode: 2680/5424	Avg reward: 17.55	Avg steps: 4470
2020-06-30 12:52:55,533	INFO	Total steps: 11922667	Episode: 2700/4817	Avg reward: 17.20	Avg steps: 4467
2020-06-30 13:28:29,084	INFO	Total steps: 12011366	Episode: 2720/3589	Avg reward: 17.45	Avg steps: 4433
2020-06-30 14:01:32,797	INFO	Total steps: 12093249	Episode: 2740/4147	Avg reward: 16.90	Avg steps: 4093
2020-06-30 14:37:43,795	INFO	Total steps: 12183669	Episode: 2760/5186	Avg reward: 16.85	Avg steps: 4520
2020-06-30 15:13:20,061	INFO	Total steps: 12272602	Episode: 2780/3601	Avg reward: 16.80	Avg steps: 4445
2020-06-30 15:45:50,680	INFO	Total steps: 12354450	Episode: 2800/4242	Avg reward: 18.40	Avg steps: 4091
2020-06-30 16:16:02,429	INFO	Total steps: 12432064	Episode: 2820/4086	Avg reward: 17.15	Avg steps: 3879
2020-06-30 16:46:53,393	INFO	Total steps: 12510429	Episode: 2840/4335	Avg reward: 17.50	Avg steps: 3917
2020-06-30 17:16:28,085	INFO	Total steps: 12586353	Episode: 2860/3990	Avg reward: 17.75	Avg steps: 3795
