2020-06-27 00:04:11,650	INFO	--width 160 --height 160 --ball 3.0 --ball-size 2.0 --snell 4.0 --snell-width 40.0 --snell-change 0 --snell-visible none --ps 3.0 --paddle-speed 3.0 --pa 45 --paddle-angle 45 --pl 45 --paddle-length 45 --lr 0.0001 --learning-rate 0.0001 --state binary --network dqn_pong_model --render False --epsdecay 1000 --replay 10000 --update-prob 0.2 --episodes 4000 --checkpoint ../experiments/baseline-1-t3/dqn_pong_model --history ../experiments/baseline-1-t3/history.p --store-dir ../experiments/58 
2020-06-27 00:04:11,650	INFO	Device: cuda
2020-06-27 00:04:15,587	INFO	Loading the trained model
2020-06-27 00:10:28,194	INFO	Total steps: 6208156	Episode: 8020/1928	Avg reward: -11.90	Avg steps: 910
2020-06-27 00:21:36,952	INFO	Total steps: 6239558	Episode: 8040/1179	Avg reward: 3.35	Avg steps: 1569
2020-06-27 00:30:34,281	INFO	Total steps: 6264804	Episode: 8060/1267	Avg reward: 10.55	Avg steps: 1261
2020-06-27 00:39:46,585	INFO	Total steps: 6290700	Episode: 8080/1034	Avg reward: 12.05	Avg steps: 1293
2020-06-27 00:47:53,970	INFO	Total steps: 6313460	Episode: 8100/1019	Avg reward: 14.10	Avg steps: 1137
2020-06-27 00:54:30,757	INFO	Total steps: 6331999	Episode: 8120/1128	Avg reward: 15.15	Avg steps: 925
2020-06-27 01:00:52,495	INFO	Total steps: 6349733	Episode: 8140/738	Avg reward: 16.40	Avg steps: 885
2020-06-27 01:06:39,155	INFO	Total steps: 6365960	Episode: 8160/948	Avg reward: 16.50	Avg steps: 810
2020-06-27 01:12:10,086	INFO	Total steps: 6381418	Episode: 8180/755	Avg reward: 16.70	Avg steps: 771
2020-06-27 01:17:55,326	INFO	Total steps: 6397459	Episode: 8200/827	Avg reward: 16.15	Avg steps: 801
2020-06-27 01:23:51,371	INFO	Total steps: 6414032	Episode: 8220/809	Avg reward: 16.10	Avg steps: 827
2020-06-27 01:29:37,914	INFO	Total steps: 6430189	Episode: 8240/695	Avg reward: 15.85	Avg steps: 806
2020-06-27 01:35:12,491	INFO	Total steps: 6445647	Episode: 8260/738	Avg reward: 16.95	Avg steps: 771
2020-06-27 01:40:25,050	INFO	Total steps: 6460141	Episode: 8280/814	Avg reward: 17.20	Avg steps: 723
2020-06-27 01:45:31,074	INFO	Total steps: 6474223	Episode: 8300/1058	Avg reward: 16.75	Avg steps: 703
2020-06-27 01:50:30,373	INFO	Total steps: 6488009	Episode: 8320/721	Avg reward: 16.85	Avg steps: 688
2020-06-27 01:55:44,442	INFO	Total steps: 6502446	Episode: 8340/814	Avg reward: 17.05	Avg steps: 720
2020-06-27 02:00:45,754	INFO	Total steps: 6516333	Episode: 8360/754	Avg reward: 17.20	Avg steps: 693
2020-06-27 02:06:00,049	INFO	Total steps: 6530747	Episode: 8380/785	Avg reward: 16.60	Avg steps: 719
2020-06-27 02:11:03,234	INFO	Total steps: 6544740	Episode: 8400/791	Avg reward: 16.35	Avg steps: 698
2020-06-27 02:16:31,071	INFO	Total steps: 6559748	Episode: 8420/764	Avg reward: 16.15	Avg steps: 749
2020-06-27 02:21:36,942	INFO	Total steps: 6573788	Episode: 8440/547	Avg reward: 16.50	Avg steps: 701
2020-06-27 02:27:02,161	INFO	Total steps: 6588697	Episode: 8460/669	Avg reward: 16.70	Avg steps: 744
2020-06-27 02:32:11,044	INFO	Total steps: 6602874	Episode: 8480/522	Avg reward: 16.50	Avg steps: 707
2020-06-27 02:37:21,218	INFO	Total steps: 6617107	Episode: 8500/723	Avg reward: 16.10	Avg steps: 710
2020-06-27 02:42:06,576	INFO	Total steps: 6630188	Episode: 8520/568	Avg reward: 16.55	Avg steps: 653
2020-06-27 02:47:06,285	INFO	Total steps: 6644018	Episode: 8540/732	Avg reward: 17.45	Avg steps: 690
2020-06-27 02:52:16,195	INFO	Total steps: 6658181	Episode: 8560/1151	Avg reward: 17.10	Avg steps: 707
2020-06-27 02:57:17,344	INFO	Total steps: 6672076	Episode: 8580/743	Avg reward: 16.20	Avg steps: 693
2020-06-27 03:02:11,536	INFO	Total steps: 6685479	Episode: 8600/555	Avg reward: 17.10	Avg steps: 669
2020-06-27 03:07:06,349	INFO	Total steps: 6699022	Episode: 8620/502	Avg reward: 16.80	Avg steps: 676
2020-06-27 03:12:05,647	INFO	Total steps: 6712659	Episode: 8640/686	Avg reward: 16.55	Avg steps: 680
2020-06-27 03:17:18,427	INFO	Total steps: 6726974	Episode: 8660/723	Avg reward: 15.55	Avg steps: 714
2020-06-27 03:22:26,143	INFO	Total steps: 6741216	Episode: 8680/486	Avg reward: 15.90	Avg steps: 711
2020-06-27 03:27:04,800	INFO	Total steps: 6754043	Episode: 8700/552	Avg reward: 17.00	Avg steps: 640
2020-06-27 03:31:36,855	INFO	Total steps: 6766509	Episode: 8720/614	Avg reward: 17.05	Avg steps: 622
2020-06-27 03:36:23,402	INFO	Total steps: 6779711	Episode: 8740/541	Avg reward: 15.55	Avg steps: 659
2020-06-27 03:41:02,984	INFO	Total steps: 6792636	Episode: 8760/754	Avg reward: 16.65	Avg steps: 645
2020-06-27 03:46:05,501	INFO	Total steps: 6806595	Episode: 8780/590	Avg reward: 16.45	Avg steps: 696
2020-06-27 03:51:12,035	INFO	Total steps: 6820665	Episode: 8800/621	Avg reward: 15.05	Avg steps: 702
2020-06-27 03:56:13,186	INFO	Total steps: 6834463	Episode: 8820/558	Avg reward: 15.95	Avg steps: 688
2020-06-27 04:01:02,363	INFO	Total steps: 6847809	Episode: 8840/915	Avg reward: 16.75	Avg steps: 666
2020-06-27 04:05:52,005	INFO	Total steps: 6861214	Episode: 8860/557	Avg reward: 16.15	Avg steps: 669
2020-06-27 04:10:22,613	INFO	Total steps: 6873686	Episode: 8880/717	Avg reward: 16.25	Avg steps: 622
2020-06-27 04:15:04,077	INFO	Total steps: 6886621	Episode: 8900/849	Avg reward: 16.00	Avg steps: 645
2020-06-27 04:19:50,247	INFO	Total steps: 6899823	Episode: 8920/586	Avg reward: 16.90	Avg steps: 659
2020-06-27 04:24:30,809	INFO	Total steps: 6912789	Episode: 8940/604	Avg reward: 16.95	Avg steps: 647
2020-06-27 04:29:24,125	INFO	Total steps: 6926341	Episode: 8960/602	Avg reward: 16.50	Avg steps: 676
2020-06-27 04:33:46,913	INFO	Total steps: 6938388	Episode: 8980/582	Avg reward: 16.95	Avg steps: 601
2020-06-27 04:38:26,553	INFO	Total steps: 6951292	Episode: 9000/535	Avg reward: 16.75	Avg steps: 644
2020-06-27 04:43:00,754	INFO	Total steps: 6963951	Episode: 9020/481	Avg reward: 15.85	Avg steps: 631
2020-06-27 04:47:57,145	INFO	Total steps: 6977829	Episode: 9040/1083	Avg reward: 16.50	Avg steps: 692
2020-06-27 04:52:47,193	INFO	Total steps: 6991182	Episode: 9060/693	Avg reward: 16.55	Avg steps: 666
2020-06-27 04:57:43,750	INFO	Total steps: 7004865	Episode: 9080/728	Avg reward: 16.30	Avg steps: 683
2020-06-27 05:02:34,469	INFO	Total steps: 7018194	Episode: 9100/449	Avg reward: 16.40	Avg steps: 665
2020-06-27 05:07:28,510	INFO	Total steps: 7031668	Episode: 9120/643	Avg reward: 16.10	Avg steps: 672
2020-06-27 05:12:30,548	INFO	Total steps: 7045534	Episode: 9140/642	Avg reward: 15.95	Avg steps: 692
2020-06-27 05:17:22,209	INFO	Total steps: 7058952	Episode: 9160/537	Avg reward: 16.25	Avg steps: 669
2020-06-27 05:22:11,132	INFO	Total steps: 7072291	Episode: 9180/597	Avg reward: 17.00	Avg steps: 665
2020-06-27 05:27:22,752	INFO	Total steps: 7086613	Episode: 9200/889	Avg reward: 15.90	Avg steps: 715
2020-06-27 05:32:08,853	INFO	Total steps: 7099810	Episode: 9220/683	Avg reward: 16.80	Avg steps: 658
2020-06-27 05:36:51,419	INFO	Total steps: 7112742	Episode: 9240/675	Avg reward: 16.65	Avg steps: 645
2020-06-27 05:41:26,158	INFO	Total steps: 7125377	Episode: 9260/479	Avg reward: 16.30	Avg steps: 630
2020-06-27 05:46:21,256	INFO	Total steps: 7138912	Episode: 9280/450	Avg reward: 17.15	Avg steps: 675
2020-06-27 05:51:01,307	INFO	Total steps: 7151707	Episode: 9300/573	Avg reward: 17.55	Avg steps: 638
2020-06-27 05:55:43,174	INFO	Total steps: 7164694	Episode: 9320/556	Avg reward: 17.05	Avg steps: 648
2020-06-27 06:00:44,362	INFO	Total steps: 7178460	Episode: 9340/670	Avg reward: 16.55	Avg steps: 687
2020-06-27 06:05:30,180	INFO	Total steps: 7191361	Episode: 9360/602	Avg reward: 16.60	Avg steps: 644
2020-06-27 06:10:12,372	INFO	Total steps: 7203869	Episode: 9380/722	Avg reward: 16.65	Avg steps: 624
2020-06-27 06:15:01,515	INFO	Total steps: 7216893	Episode: 9400/690	Avg reward: 16.75	Avg steps: 650
2020-06-27 06:19:36,914	INFO	Total steps: 7229205	Episode: 9420/528	Avg reward: 16.85	Avg steps: 614
2020-06-27 06:24:31,820	INFO	Total steps: 7242573	Episode: 9440/655	Avg reward: 16.15	Avg steps: 667
2020-06-27 06:29:05,368	INFO	Total steps: 7254788	Episode: 9460/630	Avg reward: 16.45	Avg steps: 609
2020-06-27 06:33:44,639	INFO	Total steps: 7267351	Episode: 9480/724	Avg reward: 17.55	Avg steps: 627
2020-06-27 06:38:41,902	INFO	Total steps: 7280664	Episode: 9500/550	Avg reward: 16.60	Avg steps: 664
2020-06-27 06:43:28,701	INFO	Total steps: 7293542	Episode: 9520/616	Avg reward: 17.85	Avg steps: 642
2020-06-27 06:48:41,995	INFO	Total steps: 7307594	Episode: 9540/737	Avg reward: 16.40	Avg steps: 701
2020-06-27 06:53:32,525	INFO	Total steps: 7320671	Episode: 9560/751	Avg reward: 16.70	Avg steps: 652
2020-06-27 06:58:20,641	INFO	Total steps: 7333618	Episode: 9580/619	Avg reward: 16.80	Avg steps: 646
2020-06-27 07:02:57,774	INFO	Total steps: 7346021	Episode: 9600/496	Avg reward: 16.95	Avg steps: 619
2020-06-27 07:07:48,399	INFO	Total steps: 7358904	Episode: 9620/701	Avg reward: 17.40	Avg steps: 643
2020-06-27 07:12:37,599	INFO	Total steps: 7371808	Episode: 9640/569	Avg reward: 17.05	Avg steps: 644
2020-06-27 07:17:19,494	INFO	Total steps: 7384549	Episode: 9660/533	Avg reward: 17.20	Avg steps: 636
2020-06-27 07:22:45,074	INFO	Total steps: 7399191	Episode: 9680/651	Avg reward: 16.30	Avg steps: 731
2020-06-27 07:27:08,987	INFO	Total steps: 7411230	Episode: 9700/773	Avg reward: 17.50	Avg steps: 600
2020-06-27 07:32:13,483	INFO	Total steps: 7424796	Episode: 9720/518	Avg reward: 17.05	Avg steps: 677
2020-06-27 07:37:04,918	INFO	Total steps: 7437825	Episode: 9740/615	Avg reward: 15.85	Avg steps: 650
2020-06-27 07:41:43,590	INFO	Total steps: 7450490	Episode: 9760/735	Avg reward: 16.75	Avg steps: 632
2020-06-27 07:46:17,873	INFO	Total steps: 7463023	Episode: 9780/656	Avg reward: 16.80	Avg steps: 625
2020-06-27 07:50:57,255	INFO	Total steps: 7475631	Episode: 9800/608	Avg reward: 17.65	Avg steps: 629
2020-06-27 07:55:30,572	INFO	Total steps: 7487954	Episode: 9820/457	Avg reward: 17.45	Avg steps: 615
2020-06-27 08:00:02,805	INFO	Total steps: 7500244	Episode: 9840/803	Avg reward: 17.40	Avg steps: 613
2020-06-27 08:04:55,915	INFO	Total steps: 7513466	Episode: 9860/527	Avg reward: 16.50	Avg steps: 660
2020-06-27 08:09:46,539	INFO	Total steps: 7526396	Episode: 9880/443	Avg reward: 17.05	Avg steps: 645
2020-06-27 08:14:46,445	INFO	Total steps: 7539875	Episode: 9900/768	Avg reward: 16.80	Avg steps: 672
2020-06-27 08:19:14,379	INFO	Total steps: 7551953	Episode: 9920/563	Avg reward: 17.10	Avg steps: 602
2020-06-27 08:23:45,392	INFO	Total steps: 7564359	Episode: 9940/772	Avg reward: 16.75	Avg steps: 619
2020-06-27 08:28:37,277	INFO	Total steps: 7577650	Episode: 9960/641	Avg reward: 16.90	Avg steps: 663
2020-06-27 08:33:33,690	INFO	Total steps: 7590781	Episode: 9980/839	Avg reward: 16.60	Avg steps: 655
2020-06-27 08:37:51,199	INFO	Total steps: 7602494	Episode: 10000/549	Avg reward: 17.65	Avg steps: 584
2020-06-27 08:42:28,354	INFO	Total steps: 7614610	Episode: 10020/580	Avg reward: 17.25	Avg steps: 604
2020-06-27 08:47:26,970	INFO	Total steps: 7628109	Episode: 10040/682	Avg reward: 16.70	Avg steps: 673
2020-06-27 08:51:52,526	INFO	Total steps: 7640151	Episode: 10060/535	Avg reward: 17.15	Avg steps: 601
2020-06-27 08:56:54,939	INFO	Total steps: 7653580	Episode: 10080/544	Avg reward: 17.50	Avg steps: 670
2020-06-27 09:01:30,588	INFO	Total steps: 7666012	Episode: 10100/671	Avg reward: 17.80	Avg steps: 620
2020-06-27 09:06:06,607	INFO	Total steps: 7678365	Episode: 10120/420	Avg reward: 18.25	Avg steps: 616
2020-06-27 09:10:35,659	INFO	Total steps: 7690679	Episode: 10140/728	Avg reward: 18.00	Avg steps: 614
2020-06-27 09:14:59,677	INFO	Total steps: 7702677	Episode: 10160/739	Avg reward: 18.20	Avg steps: 598
2020-06-27 09:19:15,399	INFO	Total steps: 7714113	Episode: 10180/537	Avg reward: 17.30	Avg steps: 570
2020-06-27 09:24:00,181	INFO	Total steps: 7726874	Episode: 10200/547	Avg reward: 17.35	Avg steps: 637
2020-06-27 09:28:38,386	INFO	Total steps: 7739309	Episode: 10220/702	Avg reward: 17.15	Avg steps: 620
2020-06-27 09:33:21,367	INFO	Total steps: 7752134	Episode: 10240/640	Avg reward: 16.30	Avg steps: 640
2020-06-27 09:38:16,314	INFO	Total steps: 7765384	Episode: 10260/809	Avg reward: 16.65	Avg steps: 661
2020-06-27 09:42:54,336	INFO	Total steps: 7777771	Episode: 10280/525	Avg reward: 17.40	Avg steps: 618
2020-06-27 09:47:33,231	INFO	Total steps: 7790224	Episode: 10300/454	Avg reward: 16.50	Avg steps: 621
2020-06-27 09:52:22,808	INFO	Total steps: 7802945	Episode: 10320/608	Avg reward: 17.00	Avg steps: 635
2020-06-27 09:56:58,434	INFO	Total steps: 7815137	Episode: 10340/578	Avg reward: 16.35	Avg steps: 608
2020-06-27 10:01:56,666	INFO	Total steps: 7828581	Episode: 10360/838	Avg reward: 16.95	Avg steps: 671
2020-06-27 10:06:29,554	INFO	Total steps: 7840796	Episode: 10380/553	Avg reward: 16.90	Avg steps: 609
2020-06-27 10:11:22,562	INFO	Total steps: 7853928	Episode: 10400/619	Avg reward: 16.75	Avg steps: 655
2020-06-27 10:16:13,114	INFO	Total steps: 7866833	Episode: 10420/662	Avg reward: 16.50	Avg steps: 644
2020-06-27 10:20:32,983	INFO	Total steps: 7878787	Episode: 10440/940	Avg reward: 17.45	Avg steps: 596
2020-06-27 10:24:47,590	INFO	Total steps: 7890467	Episode: 10460/503	Avg reward: 17.20	Avg steps: 583
2020-06-27 10:29:34,988	INFO	Total steps: 7903744	Episode: 10480/640	Avg reward: 17.00	Avg steps: 662
2020-06-27 10:33:52,751	INFO	Total steps: 7915582	Episode: 10500/543	Avg reward: 17.25	Avg steps: 590
2020-06-27 10:38:40,469	INFO	Total steps: 7928729	Episode: 10520/665	Avg reward: 16.60	Avg steps: 656
2020-06-27 10:43:23,794	INFO	Total steps: 7941716	Episode: 10540/429	Avg reward: 17.65	Avg steps: 648
2020-06-27 10:48:11,725	INFO	Total steps: 7954934	Episode: 10560/501	Avg reward: 16.90	Avg steps: 659
2020-06-27 10:52:44,881	INFO	Total steps: 7967415	Episode: 10580/1001	Avg reward: 17.25	Avg steps: 623
2020-06-27 10:57:22,851	INFO	Total steps: 7980085	Episode: 10600/475	Avg reward: 17.30	Avg steps: 632
2020-06-27 11:01:51,426	INFO	Total steps: 7992351	Episode: 10620/799	Avg reward: 17.55	Avg steps: 612
2020-06-27 11:06:16,683	INFO	Total steps: 8004424	Episode: 10640/552	Avg reward: 17.05	Avg steps: 602
2020-06-27 11:10:38,994	INFO	Total steps: 8016326	Episode: 10660/632	Avg reward: 17.60	Avg steps: 594
2020-06-27 11:15:26,184	INFO	Total steps: 8029460	Episode: 10680/641	Avg reward: 16.10	Avg steps: 655
2020-06-27 11:20:01,978	INFO	Total steps: 8042038	Episode: 10700/888	Avg reward: 16.90	Avg steps: 627
2020-06-27 11:24:50,056	INFO	Total steps: 8055207	Episode: 10720/505	Avg reward: 16.45	Avg steps: 657
2020-06-27 11:29:32,277	INFO	Total steps: 8068022	Episode: 10740/555	Avg reward: 15.60	Avg steps: 639
2020-06-27 11:34:14,147	INFO	Total steps: 8080913	Episode: 10760/634	Avg reward: 16.65	Avg steps: 643
2020-06-27 11:38:57,052	INFO	Total steps: 8093869	Episode: 10780/885	Avg reward: 16.95	Avg steps: 646
2020-06-27 11:43:55,693	INFO	Total steps: 8107543	Episode: 10800/612	Avg reward: 15.65	Avg steps: 682
2020-06-27 11:48:11,977	INFO	Total steps: 8119360	Episode: 10820/970	Avg reward: 16.20	Avg steps: 589
2020-06-27 11:52:41,994	INFO	Total steps: 8131738	Episode: 10840/603	Avg reward: 16.45	Avg steps: 617
2020-06-27 11:57:18,617	INFO	Total steps: 8144346	Episode: 10860/588	Avg reward: 15.60	Avg steps: 629
2020-06-27 12:01:46,008	INFO	Total steps: 8156661	Episode: 10880/548	Avg reward: 16.35	Avg steps: 614
2020-06-27 12:06:28,648	INFO	Total steps: 8169544	Episode: 10900/502	Avg reward: 14.80	Avg steps: 643
2020-06-27 12:11:27,655	INFO	Total steps: 8183152	Episode: 10920/698	Avg reward: 15.25	Avg steps: 679
2020-06-27 12:16:17,432	INFO	Total steps: 8196343	Episode: 10940/506	Avg reward: 13.65	Avg steps: 658
2020-06-27 12:20:49,128	INFO	Total steps: 8208707	Episode: 10960/483	Avg reward: 15.70	Avg steps: 617
2020-06-27 12:25:32,946	INFO	Total steps: 8221662	Episode: 10980/550	Avg reward: 14.45	Avg steps: 646
2020-06-27 12:30:38,245	INFO	Total steps: 8235622	Episode: 11000/652	Avg reward: 14.45	Avg steps: 697
2020-06-27 12:35:21,555	INFO	Total steps: 8248486	Episode: 11020/469	Avg reward: 13.55	Avg steps: 642
2020-06-27 12:40:22,661	INFO	Total steps: 8262256	Episode: 11040/696	Avg reward: 14.75	Avg steps: 687
2020-06-27 12:45:32,917	INFO	Total steps: 8276438	Episode: 11060/712	Avg reward: 13.90	Avg steps: 708
2020-06-27 12:50:06,355	INFO	Total steps: 8288981	Episode: 11080/657	Avg reward: 15.00	Avg steps: 626
2020-06-27 12:54:50,931	INFO	Total steps: 8302012	Episode: 11100/727	Avg reward: 13.95	Avg steps: 650
2020-06-27 12:59:36,534	INFO	Total steps: 8315028	Episode: 11120/739	Avg reward: 14.75	Avg steps: 649
2020-06-27 13:04:16,604	INFO	Total steps: 8327830	Episode: 11140/524	Avg reward: 13.20	Avg steps: 639
2020-06-27 13:08:51,447	INFO	Total steps: 8340433	Episode: 11160/507	Avg reward: 14.00	Avg steps: 629
2020-06-27 13:13:42,255	INFO	Total steps: 8353674	Episode: 11180/549	Avg reward: 13.70	Avg steps: 661
2020-06-27 13:18:18,858	INFO	Total steps: 8366221	Episode: 11200/643	Avg reward: 14.70	Avg steps: 626
2020-06-27 13:22:45,693	INFO	Total steps: 8378372	Episode: 11220/531	Avg reward: 15.55	Avg steps: 606
2020-06-27 13:27:16,319	INFO	Total steps: 8390722	Episode: 11240/964	Avg reward: 14.35	Avg steps: 616
2020-06-27 13:32:00,179	INFO	Total steps: 8403687	Episode: 11260/658	Avg reward: 14.55	Avg steps: 647
2020-06-27 13:36:21,176	INFO	Total steps: 8415597	Episode: 11280/503	Avg reward: 15.00	Avg steps: 594
2020-06-27 13:41:17,398	INFO	Total steps: 8429058	Episode: 11300/697	Avg reward: 13.75	Avg steps: 672
2020-06-27 13:45:51,937	INFO	Total steps: 8441534	Episode: 11320/650	Avg reward: 14.35	Avg steps: 622
2020-06-27 13:50:27,299	INFO	Total steps: 8454184	Episode: 11340/743	Avg reward: 13.20	Avg steps: 631
2020-06-27 13:54:59,439	INFO	Total steps: 8466553	Episode: 11360/640	Avg reward: 14.15	Avg steps: 617
2020-06-27 13:59:25,195	INFO	Total steps: 8478691	Episode: 11380/803	Avg reward: 14.55	Avg steps: 605
2020-06-27 14:04:28,950	INFO	Total steps: 8492336	Episode: 11400/736	Avg reward: 12.65	Avg steps: 681
2020-06-27 14:09:06,148	INFO	Total steps: 8504953	Episode: 11420/536	Avg reward: 13.50	Avg steps: 629
2020-06-27 14:13:49,907	INFO	Total steps: 8517748	Episode: 11440/532	Avg reward: 13.05	Avg steps: 638
2020-06-27 14:18:39,268	INFO	Total steps: 8530940	Episode: 11460/606	Avg reward: 13.10	Avg steps: 658
2020-06-27 14:23:46,480	INFO	Total steps: 8544854	Episode: 11480/662	Avg reward: 12.50	Avg steps: 694
2020-06-27 14:28:01,418	INFO	Total steps: 8556489	Episode: 11500/496	Avg reward: 15.05	Avg steps: 580
2020-06-27 14:32:29,509	INFO	Total steps: 8568711	Episode: 11520/674	Avg reward: 14.30	Avg steps: 610
2020-06-27 14:37:05,353	INFO	Total steps: 8581271	Episode: 11540/589	Avg reward: 14.00	Avg steps: 627
2020-06-27 14:41:28,044	INFO	Total steps: 8593259	Episode: 11560/692	Avg reward: 14.65	Avg steps: 598
2020-06-27 14:45:53,823	INFO	Total steps: 8605387	Episode: 11580/577	Avg reward: 14.30	Avg steps: 605
2020-06-27 14:50:22,268	INFO	Total steps: 8617630	Episode: 11600/622	Avg reward: 14.20	Avg steps: 611
2020-06-27 14:54:52,650	INFO	Total steps: 8629956	Episode: 11620/723	Avg reward: 14.00	Avg steps: 615
2020-06-27 14:59:44,430	INFO	Total steps: 8643165	Episode: 11640/1028	Avg reward: 14.55	Avg steps: 659
2020-06-27 15:04:17,825	INFO	Total steps: 8655560	Episode: 11660/592	Avg reward: 14.25	Avg steps: 618
2020-06-27 15:09:01,195	INFO	Total steps: 8668485	Episode: 11680/548	Avg reward: 14.60	Avg steps: 645
2020-06-27 15:13:19,304	INFO	Total steps: 8680316	Episode: 11700/592	Avg reward: 14.55	Avg steps: 590
2020-06-27 15:17:50,892	INFO	Total steps: 8692735	Episode: 11720/697	Avg reward: 15.20	Avg steps: 619
2020-06-27 15:22:19,018	INFO	Total steps: 8704949	Episode: 11740/605	Avg reward: 15.30	Avg steps: 609
2020-06-27 15:26:57,012	INFO	Total steps: 8717685	Episode: 11760/666	Avg reward: 15.30	Avg steps: 635
2020-06-27 15:31:19,496	INFO	Total steps: 8729562	Episode: 11780/655	Avg reward: 14.90	Avg steps: 592
2020-06-27 15:35:54,657	INFO	Total steps: 8742105	Episode: 11800/492	Avg reward: 14.25	Avg steps: 626
2020-06-27 15:40:27,160	INFO	Total steps: 8754446	Episode: 11820/665	Avg reward: 14.50	Avg steps: 616
2020-06-27 15:45:04,440	INFO	Total steps: 8767030	Episode: 11840/627	Avg reward: 13.25	Avg steps: 628
2020-06-27 15:49:26,731	INFO	Total steps: 8778932	Episode: 11860/465	Avg reward: 14.45	Avg steps: 594
2020-06-27 15:54:01,838	INFO	Total steps: 8791432	Episode: 11880/603	Avg reward: 13.60	Avg steps: 624
2020-06-27 15:58:35,622	INFO	Total steps: 8803939	Episode: 11900/618	Avg reward: 13.40	Avg steps: 624
2020-06-27 16:03:14,926	INFO	Total steps: 8816755	Episode: 11920/679	Avg reward: 14.05	Avg steps: 639
2020-06-27 16:07:29,451	INFO	Total steps: 8828417	Episode: 11940/628	Avg reward: 14.90	Avg steps: 582
2020-06-27 16:12:11,063	INFO	Total steps: 8841293	Episode: 11960/717	Avg reward: 13.00	Avg steps: 642
2020-06-27 16:16:52,055	INFO	Total steps: 8854045	Episode: 11980/766	Avg reward: 13.90	Avg steps: 636
2020-06-27 16:21:37,020	INFO	Total steps: 8867020	Episode: 12000/546	Avg reward: 13.00	Avg steps: 647
2020-07-07 21:59:06,623	INFO	--width 160 --height 160 --ball 3.0 --ball-size 2.0 --snell 4.0 --snell-width 40.0 --snell-change 0 --snell-visible none --paddle-speed 3.0 --paddle-angle 45 --paddle-length 45.0 --update-prob 0.2 --state binary --learning-rate 0.0001 --network dqn_pong_model --render False --epsdecay 1000 --episodes 4000 --replay 10000 --checkpoint ../experiments/baseline-1-t3/dqn_pong_model --history ../experiments/baseline-1-t3/history.p --store-dir ../experiments/58 
2020-07-07 21:59:06,721	INFO	Device: cuda
2020-07-07 21:59:19,471	INFO	Loading the trained model
2020-07-07 22:10:21,625	INFO	Total steps: 6213205	Episode: 8020/1889	Avg reward: -11.50	Avg steps: 1162
2020-07-07 22:25:06,690	INFO	Total steps: 6244375	Episode: 8040/1301	Avg reward: 3.50	Avg steps: 1557
2020-07-07 22:34:30,023	INFO	Total steps: 6264009	Episode: 8060/600	Avg reward: 9.50	Avg steps: 980
2020-07-07 22:43:53,527	INFO	Total steps: 6283647	Episode: 8080/1006	Avg reward: 10.60	Avg steps: 980
2020-07-07 22:52:07,900	INFO	Total steps: 6300954	Episode: 8100/488	Avg reward: 13.25	Avg steps: 864
2020-07-07 23:00:45,258	INFO	Total steps: 6318055	Episode: 8120/769	Avg reward: 13.35	Avg steps: 854
2020-07-07 23:08:30,141	INFO	Total steps: 6334935	Episode: 8140/888	Avg reward: 14.35	Avg steps: 843
2020-07-07 23:16:22,494	INFO	Total steps: 6350587	Episode: 8160/980	Avg reward: 14.20	Avg steps: 781
2020-07-07 23:24:13,505	INFO	Total steps: 6365973	Episode: 8180/708	Avg reward: 14.90	Avg steps: 768
2020-07-07 23:31:42,111	INFO	Total steps: 6381062	Episode: 8200/616	Avg reward: 15.35	Avg steps: 753
2020-07-07 23:38:37,508	INFO	Total steps: 6395028	Episode: 8220/740	Avg reward: 15.20	Avg steps: 697
2020-07-07 23:45:56,982	INFO	Total steps: 6409632	Episode: 8240/936	Avg reward: 15.50	Avg steps: 729
2020-07-07 23:52:55,111	INFO	Total steps: 6423622	Episode: 8260/638	Avg reward: 16.20	Avg steps: 698
2020-07-07 23:59:16,643	INFO	Total steps: 6436145	Episode: 8280/585	Avg reward: 15.65	Avg steps: 625
2020-07-08 00:05:59,569	INFO	Total steps: 6449415	Episode: 8300/750	Avg reward: 16.20	Avg steps: 662
2020-07-08 00:12:18,053	INFO	Total steps: 6461872	Episode: 8320/590	Avg reward: 15.45	Avg steps: 621
2020-07-08 00:18:52,803	INFO	Total steps: 6474939	Episode: 8340/821	Avg reward: 16.45	Avg steps: 652
2020-07-08 00:25:55,473	INFO	Total steps: 6488826	Episode: 8360/763	Avg reward: 15.30	Avg steps: 693
2020-07-08 00:32:35,336	INFO	Total steps: 6501851	Episode: 8380/607	Avg reward: 15.90	Avg steps: 650
2020-07-08 00:38:04,154	INFO	Total steps: 6513806	Episode: 8400/569	Avg reward: 16.45	Avg steps: 596
2020-07-08 00:43:43,074	INFO	Total steps: 6526039	Episode: 8420/578	Avg reward: 16.15	Avg steps: 610
2020-07-08 00:50:05,479	INFO	Total steps: 6538749	Episode: 8440/588	Avg reward: 15.55	Avg steps: 634
2020-07-08 00:56:19,074	INFO	Total steps: 6551057	Episode: 8460/715	Avg reward: 16.05	Avg steps: 614
2020-07-08 01:02:54,546	INFO	Total steps: 6564330	Episode: 8480/837	Avg reward: 15.50	Avg steps: 662
2020-07-08 01:09:29,001	INFO	Total steps: 6577750	Episode: 8500/449	Avg reward: 15.20	Avg steps: 670
2020-07-08 01:15:36,085	INFO	Total steps: 6590182	Episode: 8520/576	Avg reward: 16.55	Avg steps: 620
2020-07-08 01:22:08,225	INFO	Total steps: 6603268	Episode: 8540/521	Avg reward: 15.80	Avg steps: 653
2020-07-08 01:28:51,288	INFO	Total steps: 6616626	Episode: 8560/475	Avg reward: 15.40	Avg steps: 666
2020-07-08 01:35:35,447	INFO	Total steps: 6630023	Episode: 8580/752	Avg reward: 15.50	Avg steps: 668
2020-07-08 01:41:55,234	INFO	Total steps: 6642562	Episode: 8600/628	Avg reward: 15.25	Avg steps: 625
2020-07-08 01:47:52,081	INFO	Total steps: 6654332	Episode: 8620/467	Avg reward: 16.35	Avg steps: 587
2020-07-08 01:53:57,218	INFO	Total steps: 6666461	Episode: 8640/556	Avg reward: 16.25	Avg steps: 605
2020-07-08 02:00:30,698	INFO	Total steps: 6679583	Episode: 8660/682	Avg reward: 15.95	Avg steps: 655
2020-07-08 02:06:49,895	INFO	Total steps: 6691902	Episode: 8680/419	Avg reward: 16.25	Avg steps: 614
2020-07-08 02:13:33,751	INFO	Total steps: 6705101	Episode: 8700/663	Avg reward: 16.05	Avg steps: 658
2020-07-08 02:20:18,061	INFO	Total steps: 6718202	Episode: 8720/736	Avg reward: 16.95	Avg steps: 654
2020-07-08 02:26:39,814	INFO	Total steps: 6730627	Episode: 8740/556	Avg reward: 17.35	Avg steps: 620
2020-07-08 02:33:08,010	INFO	Total steps: 6743311	Episode: 8760/634	Avg reward: 16.40	Avg steps: 633
2020-07-08 02:39:10,232	INFO	Total steps: 6755160	Episode: 8780/523	Avg reward: 17.10	Avg steps: 591
2020-07-08 02:45:09,656	INFO	Total steps: 6766933	Episode: 8800/796	Avg reward: 16.65	Avg steps: 587
2020-07-08 02:51:22,351	INFO	Total steps: 6779379	Episode: 8820/593	Avg reward: 16.30	Avg steps: 621
2020-07-08 02:57:26,938	INFO	Total steps: 6791544	Episode: 8840/440	Avg reward: 16.50	Avg steps: 607
2020-07-08 03:03:53,836	INFO	Total steps: 6804399	Episode: 8860/823	Avg reward: 15.95	Avg steps: 641
2020-07-08 03:10:07,981	INFO	Total steps: 6816786	Episode: 8880/552	Avg reward: 15.60	Avg steps: 618
2020-07-08 03:16:45,383	INFO	Total steps: 6829788	Episode: 8900/735	Avg reward: 16.35	Avg steps: 649
2020-07-08 03:23:40,992	INFO	Total steps: 6843261	Episode: 8920/561	Avg reward: 15.40	Avg steps: 672
2020-07-08 03:30:07,436	INFO	Total steps: 6855832	Episode: 8940/692	Avg reward: 16.15	Avg steps: 627
2020-07-08 03:36:41,857	INFO	Total steps: 6868663	Episode: 8960/637	Avg reward: 16.25	Avg steps: 640
2020-07-08 03:42:45,619	INFO	Total steps: 6880482	Episode: 8980/508	Avg reward: 17.20	Avg steps: 589
2020-07-08 03:49:46,636	INFO	Total steps: 6894152	Episode: 9000/592	Avg reward: 16.35	Avg steps: 682
2020-07-08 03:56:23,661	INFO	Total steps: 6906915	Episode: 9020/667	Avg reward: 15.90	Avg steps: 637
2020-07-08 04:02:51,296	INFO	Total steps: 6919283	Episode: 9040/677	Avg reward: 16.10	Avg steps: 617
2020-07-08 04:08:51,059	INFO	Total steps: 6930946	Episode: 9060/571	Avg reward: 16.05	Avg steps: 582
2020-07-08 04:15:14,997	INFO	Total steps: 6943310	Episode: 9080/583	Avg reward: 15.10	Avg steps: 617
2020-07-08 04:21:26,795	INFO	Total steps: 6955267	Episode: 9100/518	Avg reward: 15.90	Avg steps: 596
2020-07-08 04:27:49,455	INFO	Total steps: 6967659	Episode: 9120/722	Avg reward: 15.05	Avg steps: 618
2020-07-08 04:34:43,911	INFO	Total steps: 6980946	Episode: 9140/610	Avg reward: 14.90	Avg steps: 663
2020-07-08 04:40:51,747	INFO	Total steps: 6992750	Episode: 9160/571	Avg reward: 16.15	Avg steps: 589
2020-07-08 04:46:50,680	INFO	Total steps: 7004266	Episode: 9180/575	Avg reward: 16.15	Avg steps: 574
2020-07-08 04:53:19,520	INFO	Total steps: 7016748	Episode: 9200/555	Avg reward: 15.65	Avg steps: 623
2020-07-08 05:00:04,144	INFO	Total steps: 7029700	Episode: 9220/392	Avg reward: 14.60	Avg steps: 646
2020-07-08 05:06:08,079	INFO	Total steps: 7041475	Episode: 9240/826	Avg reward: 15.65	Avg steps: 587
2020-07-08 05:12:21,590	INFO	Total steps: 7053754	Episode: 9260/684	Avg reward: 15.05	Avg steps: 612
2020-07-08 05:18:35,466	INFO	Total steps: 7065773	Episode: 9280/902	Avg reward: 15.35	Avg steps: 599
2020-07-08 05:25:10,324	INFO	Total steps: 7078419	Episode: 9300/477	Avg reward: 13.55	Avg steps: 631
2020-07-08 05:31:23,592	INFO	Total steps: 7090429	Episode: 9320/593	Avg reward: 14.75	Avg steps: 599
2020-07-08 05:37:55,354	INFO	Total steps: 7103035	Episode: 9340/508	Avg reward: 13.85	Avg steps: 629
2020-07-08 05:44:18,344	INFO	Total steps: 7115397	Episode: 9360/504	Avg reward: 15.35	Avg steps: 617
2020-07-08 05:51:03,598	INFO	Total steps: 7128415	Episode: 9380/646	Avg reward: 14.45	Avg steps: 649
2020-07-08 05:57:08,507	INFO	Total steps: 7140227	Episode: 9400/832	Avg reward: 15.25	Avg steps: 589
2020-07-08 06:03:26,056	INFO	Total steps: 7152289	Episode: 9420/462	Avg reward: 14.20	Avg steps: 602
2020-07-08 06:10:34,465	INFO	Total steps: 7166038	Episode: 9440/692	Avg reward: 13.60	Avg steps: 686
2020-07-08 06:16:30,534	INFO	Total steps: 7177565	Episode: 9460/477	Avg reward: 15.65	Avg steps: 575
2020-07-08 06:23:11,738	INFO	Total steps: 7190442	Episode: 9480/619	Avg reward: 14.25	Avg steps: 642
2020-07-08 06:29:32,616	INFO	Total steps: 7202682	Episode: 9500/603	Avg reward: 15.05	Avg steps: 611
2020-07-08 06:35:46,352	INFO	Total steps: 7214703	Episode: 9520/625	Avg reward: 14.75	Avg steps: 600
2020-07-08 06:42:06,703	INFO	Total steps: 7226921	Episode: 9540/476	Avg reward: 15.55	Avg steps: 609
2020-07-08 06:48:52,044	INFO	Total steps: 7239937	Episode: 9560/806	Avg reward: 13.55	Avg steps: 649
2020-07-08 06:54:38,633	INFO	Total steps: 7251244	Episode: 9580/537	Avg reward: 15.75	Avg steps: 564
2020-07-08 07:01:18,844	INFO	Total steps: 7264114	Episode: 9600/675	Avg reward: 13.45	Avg steps: 642
2020-07-08 07:07:57,410	INFO	Total steps: 7276891	Episode: 9620/699	Avg reward: 15.35	Avg steps: 637
2020-07-08 07:14:31,310	INFO	Total steps: 7289646	Episode: 9640/622	Avg reward: 15.05	Avg steps: 636
2020-07-08 07:21:40,544	INFO	Total steps: 7303514	Episode: 9660/639	Avg reward: 13.30	Avg steps: 692
2020-07-08 07:28:09,850	INFO	Total steps: 7316115	Episode: 9680/669	Avg reward: 14.50	Avg steps: 629
2020-07-08 07:34:47,122	INFO	Total steps: 7328975	Episode: 9700/564	Avg reward: 14.45	Avg steps: 642
2020-07-08 07:42:15,265	INFO	Total steps: 7343431	Episode: 9720/688	Avg reward: 13.55	Avg steps: 721
2020-07-08 07:49:09,065	INFO	Total steps: 7356742	Episode: 9740/870	Avg reward: 13.15	Avg steps: 664
2020-07-08 07:55:49,413	INFO	Total steps: 7369666	Episode: 9760/780	Avg reward: 13.80	Avg steps: 645
2020-07-08 08:02:19,252	INFO	Total steps: 7382276	Episode: 9780/657	Avg reward: 14.50	Avg steps: 629
2020-07-08 08:09:14,500	INFO	Total steps: 7395638	Episode: 9800/550	Avg reward: 14.70	Avg steps: 667
2020-07-08 08:15:45,352	INFO	Total steps: 7408252	Episode: 9820/559	Avg reward: 15.30	Avg steps: 629
2020-07-08 08:22:11,479	INFO	Total steps: 7420662	Episode: 9840/549	Avg reward: 15.40	Avg steps: 619
2020-07-08 08:28:29,745	INFO	Total steps: 7432778	Episode: 9860/699	Avg reward: 14.80	Avg steps: 604
2020-07-08 08:35:29,726	INFO	Total steps: 7446299	Episode: 9880/792	Avg reward: 15.55	Avg steps: 675
2020-07-08 08:41:50,255	INFO	Total steps: 7458512	Episode: 9900/527	Avg reward: 15.65	Avg steps: 609
2020-07-08 08:48:39,108	INFO	Total steps: 7471639	Episode: 9920/1056	Avg reward: 13.45	Avg steps: 655
2020-07-08 08:55:49,044	INFO	Total steps: 7485501	Episode: 9940/781	Avg reward: 13.15	Avg steps: 692
2020-07-08 09:03:07,631	INFO	Total steps: 7499643	Episode: 9960/609	Avg reward: 12.55	Avg steps: 706
2020-07-08 09:09:59,045	INFO	Total steps: 7512829	Episode: 9980/565	Avg reward: 14.00	Avg steps: 658
2020-07-08 09:16:44,976	INFO	Total steps: 7525855	Episode: 10000/712	Avg reward: 13.30	Avg steps: 650
2020-07-08 09:23:28,123	INFO	Total steps: 7538757	Episode: 10020/612	Avg reward: 13.05	Avg steps: 644
2020-07-08 09:30:01,423	INFO	Total steps: 7551452	Episode: 10040/690	Avg reward: 13.25	Avg steps: 633
2020-07-08 09:36:30,239	INFO	Total steps: 7563904	Episode: 10060/523	Avg reward: 14.70	Avg steps: 621
2020-07-08 09:43:01,516	INFO	Total steps: 7576520	Episode: 10080/771	Avg reward: 13.95	Avg steps: 629
2020-07-08 09:49:30,641	INFO	Total steps: 7589025	Episode: 10100/902	Avg reward: 14.00	Avg steps: 624
2020-07-08 09:56:23,840	INFO	Total steps: 7601833	Episode: 10120/489	Avg reward: 14.95	Avg steps: 639
2020-07-08 10:02:56,478	INFO	Total steps: 7614568	Episode: 10140/795	Avg reward: 14.25	Avg steps: 635
2020-07-08 10:09:14,124	INFO	Total steps: 7628323	Episode: 10160/759	Avg reward: 13.60	Avg steps: 686
2020-07-08 10:15:06,499	INFO	Total steps: 7641289	Episode: 10180/700	Avg reward: 13.50	Avg steps: 647
2020-07-08 10:21:04,730	INFO	Total steps: 7654305	Episode: 10200/657	Avg reward: 14.55	Avg steps: 649
2020-07-08 10:27:13,344	INFO	Total steps: 7667640	Episode: 10220/523	Avg reward: 13.60	Avg steps: 665
2020-07-08 10:33:07,668	INFO	Total steps: 7680583	Episode: 10240/686	Avg reward: 13.50	Avg steps: 646
2020-07-08 10:38:26,407	INFO	Total steps: 7692226	Episode: 10260/578	Avg reward: 15.55	Avg steps: 581
2020-07-08 10:44:01,372	INFO	Total steps: 7704287	Episode: 10280/578	Avg reward: 14.25	Avg steps: 602
2020-07-08 10:49:40,320	INFO	Total steps: 7716523	Episode: 10300/477	Avg reward: 14.20	Avg steps: 610
2020-07-08 10:55:12,809	INFO	Total steps: 7728503	Episode: 10320/484	Avg reward: 13.50	Avg steps: 598
2020-07-08 11:00:38,693	INFO	Total steps: 7740457	Episode: 10340/514	Avg reward: 13.90	Avg steps: 596
2020-07-08 11:06:12,131	INFO	Total steps: 7752555	Episode: 10360/768	Avg reward: 14.20	Avg steps: 603
2020-07-08 11:12:04,186	INFO	Total steps: 7765340	Episode: 10380/503	Avg reward: 13.40	Avg steps: 638
2020-07-08 11:18:18,762	INFO	Total steps: 7778878	Episode: 10400/612	Avg reward: 13.05	Avg steps: 675
2020-07-08 11:23:46,820	INFO	Total steps: 7790745	Episode: 10420/590	Avg reward: 13.80	Avg steps: 592
2020-07-08 11:29:31,006	INFO	Total steps: 7803199	Episode: 10440/466	Avg reward: 12.20	Avg steps: 621
2020-07-08 11:35:15,460	INFO	Total steps: 7815714	Episode: 10460/551	Avg reward: 12.85	Avg steps: 624
2020-07-08 11:41:04,983	INFO	Total steps: 7828343	Episode: 10480/812	Avg reward: 11.55	Avg steps: 630
2020-07-08 11:46:34,089	INFO	Total steps: 7840276	Episode: 10500/523	Avg reward: 13.55	Avg steps: 595
2020-07-08 11:52:10,570	INFO	Total steps: 7852498	Episode: 10520/540	Avg reward: 13.20	Avg steps: 610
2020-07-08 11:57:27,678	INFO	Total steps: 7863959	Episode: 10540/488	Avg reward: 13.80	Avg steps: 572
2020-07-08 12:03:12,888	INFO	Total steps: 7876599	Episode: 10560/744	Avg reward: 13.15	Avg steps: 631
2020-07-08 12:08:43,592	INFO	Total steps: 7888716	Episode: 10580/756	Avg reward: 14.30	Avg steps: 604
2020-07-08 12:14:14,428	INFO	Total steps: 7900776	Episode: 10600/668	Avg reward: 14.15	Avg steps: 602
2020-07-08 12:19:56,884	INFO	Total steps: 7913142	Episode: 10620/723	Avg reward: 13.45	Avg steps: 617
2020-07-08 12:25:47,668	INFO	Total steps: 7925881	Episode: 10640/671	Avg reward: 12.60	Avg steps: 635
2020-07-08 12:31:33,735	INFO	Total steps: 7938422	Episode: 10660/637	Avg reward: 12.90	Avg steps: 626
2020-07-08 12:36:57,664	INFO	Total steps: 7950260	Episode: 10680/692	Avg reward: 13.75	Avg steps: 590
2020-07-08 12:42:46,437	INFO	Total steps: 7962840	Episode: 10700/789	Avg reward: 13.60	Avg steps: 628
2020-07-08 12:47:50,305	INFO	Total steps: 7974510	Episode: 10720/539	Avg reward: 13.85	Avg steps: 582
2020-07-08 12:53:14,140	INFO	Total steps: 7987109	Episode: 10740/644	Avg reward: 13.90	Avg steps: 628
2020-07-08 12:57:57,134	INFO	Total steps: 7998121	Episode: 10760/509	Avg reward: 14.55	Avg steps: 549
2020-07-08 13:03:10,799	INFO	Total steps: 8010614	Episode: 10780/564	Avg reward: 13.60	Avg steps: 623
2020-07-08 13:08:18,626	INFO	Total steps: 8022616	Episode: 10800/648	Avg reward: 14.15	Avg steps: 599
2020-07-08 13:13:55,372	INFO	Total steps: 8034711	Episode: 10820/734	Avg reward: 14.05	Avg steps: 603
2020-07-08 13:19:20,114	INFO	Total steps: 8046496	Episode: 10840/650	Avg reward: 14.25	Avg steps: 588
2020-07-08 13:25:22,035	INFO	Total steps: 8059677	Episode: 10860/754	Avg reward: 13.65	Avg steps: 658
2020-07-08 13:31:22,337	INFO	Total steps: 8072745	Episode: 10880/656	Avg reward: 13.60	Avg steps: 652
2020-07-08 13:36:57,380	INFO	Total steps: 8085368	Episode: 10900/601	Avg reward: 14.05	Avg steps: 630
2020-07-08 14:34:14,852	INFO	Total steps: 8097816	Episode: 10920/686	Avg reward: 13.45	Avg steps: 621
2020-07-08 14:40:12,391	INFO	Total steps: 8110918	Episode: 10940/523	Avg reward: 14.15	Avg steps: 654
2020-07-08 14:46:00,566	INFO	Total steps: 8123740	Episode: 10960/590	Avg reward: 15.15	Avg steps: 640
2020-07-08 14:52:07,539	INFO	Total steps: 8137160	Episode: 10980/626	Avg reward: 13.90	Avg steps: 670
2020-07-08 14:57:30,348	INFO	Total steps: 8148974	Episode: 11000/541	Avg reward: 15.60	Avg steps: 589
2020-07-08 15:03:10,299	INFO	Total steps: 8161487	Episode: 11020/607	Avg reward: 14.15	Avg steps: 624
2020-07-08 15:09:01,181	INFO	Total steps: 8174223	Episode: 11040/674	Avg reward: 14.40	Avg steps: 635
2020-07-08 15:14:17,734	INFO	Total steps: 8185730	Episode: 11060/708	Avg reward: 15.75	Avg steps: 574
2020-07-08 15:20:06,447	INFO	Total steps: 8198379	Episode: 11080/615	Avg reward: 14.90	Avg steps: 631
2020-07-08 15:25:38,718	INFO	Total steps: 8210559	Episode: 11100/484	Avg reward: 14.90	Avg steps: 608
2020-07-08 15:31:23,501	INFO	Total steps: 8223207	Episode: 11120/527	Avg reward: 15.00	Avg steps: 631
2020-07-08 15:36:42,452	INFO	Total steps: 8234953	Episode: 11140/589	Avg reward: 13.70	Avg steps: 586
2020-07-08 15:42:35,015	INFO	Total steps: 8247749	Episode: 11160/540	Avg reward: 13.75	Avg steps: 638
2020-07-08 15:48:31,572	INFO	Total steps: 8260607	Episode: 11180/795	Avg reward: 13.95	Avg steps: 641
2020-07-08 15:53:45,925	INFO	Total steps: 8272188	Episode: 11200/760	Avg reward: 15.00	Avg steps: 578
2020-07-08 15:59:15,205	INFO	Total steps: 8284252	Episode: 11220/535	Avg reward: 15.50	Avg steps: 602
2020-07-08 16:05:05,510	INFO	Total steps: 8297042	Episode: 11240/578	Avg reward: 13.45	Avg steps: 638
2020-07-08 16:10:25,926	INFO	Total steps: 8308777	Episode: 11260/646	Avg reward: 14.15	Avg steps: 585
2020-07-08 16:16:06,665	INFO	Total steps: 8321301	Episode: 11280/726	Avg reward: 14.10	Avg steps: 625
2020-07-08 16:21:38,116	INFO	Total steps: 8333396	Episode: 11300/834	Avg reward: 14.60	Avg steps: 603
2020-07-08 16:27:10,994	INFO	Total steps: 8345626	Episode: 11320/596	Avg reward: 14.05	Avg steps: 610
2020-07-08 16:32:28,611	INFO	Total steps: 8357227	Episode: 11340/569	Avg reward: 14.15	Avg steps: 579
2020-07-08 16:37:41,381	INFO	Total steps: 8369479	Episode: 11360/537	Avg reward: 14.15	Avg steps: 611
2020-07-08 16:43:06,743	INFO	Total steps: 8381531	Episode: 11380/515	Avg reward: 14.65	Avg steps: 601
2020-07-08 16:48:14,392	INFO	Total steps: 8392811	Episode: 11400/649	Avg reward: 15.50	Avg steps: 563
2020-07-08 16:53:29,868	INFO	Total steps: 8404388	Episode: 11420/473	Avg reward: 14.65	Avg steps: 577
2020-07-08 16:59:06,659	INFO	Total steps: 8416669	Episode: 11440/555	Avg reward: 14.00	Avg steps: 613
2020-07-08 17:04:57,129	INFO	Total steps: 8429435	Episode: 11460/643	Avg reward: 14.05	Avg steps: 637
2020-07-08 17:10:42,954	INFO	Total steps: 8441998	Episode: 11480/539	Avg reward: 15.10	Avg steps: 627
2020-07-08 17:16:13,017	INFO	Total steps: 8454001	Episode: 11500/515	Avg reward: 13.40	Avg steps: 599
2020-07-08 17:21:58,073	INFO	Total steps: 8466723	Episode: 11520/463	Avg reward: 14.90	Avg steps: 635
2020-07-08 17:27:49,096	INFO	Total steps: 8479486	Episode: 11540/577	Avg reward: 13.80	Avg steps: 637
2020-07-08 17:33:15,758	INFO	Total steps: 8491420	Episode: 11560/549	Avg reward: 15.50	Avg steps: 595
2020-07-08 17:38:27,846	INFO	Total steps: 8502713	Episode: 11580/573	Avg reward: 14.90	Avg steps: 563
2020-07-08 17:44:24,643	INFO	Total steps: 8515698	Episode: 11600/744	Avg reward: 14.20	Avg steps: 648
2020-07-08 17:49:55,020	INFO	Total steps: 8527633	Episode: 11620/608	Avg reward: 14.70	Avg steps: 595
2020-07-08 17:55:30,040	INFO	Total steps: 8539949	Episode: 11640/747	Avg reward: 15.65	Avg steps: 614
2020-07-08 18:01:22,818	INFO	Total steps: 8552915	Episode: 11660/583	Avg reward: 14.05	Avg steps: 647
2020-07-08 18:06:54,763	INFO	Total steps: 8565162	Episode: 11680/599	Avg reward: 14.05	Avg steps: 611
2020-07-08 18:12:26,748	INFO	Total steps: 8577235	Episode: 11700/575	Avg reward: 15.05	Avg steps: 602
2020-07-08 18:17:51,325	INFO	Total steps: 8589127	Episode: 11720/496	Avg reward: 15.10	Avg steps: 593
2020-07-08 18:23:24,857	INFO	Total steps: 8601354	Episode: 11740/518	Avg reward: 15.20	Avg steps: 610
2020-07-08 18:28:41,289	INFO	Total steps: 8612954	Episode: 11760/424	Avg reward: 15.25	Avg steps: 579
2020-07-08 18:33:52,523	INFO	Total steps: 8624379	Episode: 11780/460	Avg reward: 14.60	Avg steps: 570
2020-07-08 18:39:00,746	INFO	Total steps: 8635635	Episode: 11800/528	Avg reward: 15.25	Avg steps: 561
2020-07-08 18:44:15,166	INFO	Total steps: 8647600	Episode: 11820/609	Avg reward: 13.90	Avg steps: 597
2020-07-08 18:49:38,828	INFO	Total steps: 8660396	Episode: 11840/704	Avg reward: 13.90	Avg steps: 638
2020-07-08 18:54:38,738	INFO	Total steps: 8672108	Episode: 11860/562	Avg reward: 15.75	Avg steps: 584
2020-07-08 19:00:01,775	INFO	Total steps: 8684706	Episode: 11880/629	Avg reward: 14.60	Avg steps: 628
2020-07-08 19:05:07,493	INFO	Total steps: 8696729	Episode: 11900/729	Avg reward: 15.75	Avg steps: 600
2020-07-08 19:10:15,712	INFO	Total steps: 8708772	Episode: 11920/735	Avg reward: 15.25	Avg steps: 601
2020-07-08 19:15:21,705	INFO	Total steps: 8720894	Episode: 11940/607	Avg reward: 15.00	Avg steps: 605
2020-07-08 19:20:27,383	INFO	Total steps: 8732903	Episode: 11960/607	Avg reward: 15.10	Avg steps: 599
2020-07-08 19:25:45,060	INFO	Total steps: 8745378	Episode: 11980/615	Avg reward: 14.50	Avg steps: 622
2020-07-08 19:31:10,952	INFO	Total steps: 8758262	Episode: 12000/845	Avg reward: 14.25	Avg steps: 643
