2020-07-01 22:22:41,894	INFO	--width 160 --height 160 --ball 1.0 --ball-size 2.0 --snell 1.0 --snell-width 60.0 --snell-change 0.0 --snell-visible none --paddle-speed 1.0 --paddle-angle 75.0 --paddle-length 20.0 --update-prob 0.2 --state binary --learning-rate 0.0001 --network dqn_pong_model --render False --epsdecay 1000 --episodes 4000 --replay 10000 --checkpoint dqn_pong_model --history history.p --store-dir ../experiments/snell_width.60.0-paddle_length.20.0-paddle_angle.75.0-update_prob.0.2 
2020-07-01 22:22:41,894	INFO	Device: cuda
2020-07-01 22:25:45,349	INFO	Total steps: 13658	Episode: 20/921	Avg reward: -17.90	Avg steps: 681
2020-07-01 22:33:11,573	INFO	Total steps: 26594	Episode: 40/564	Avg reward: -17.60	Avg steps: 645
2020-07-01 22:42:09,456	INFO	Total steps: 42056	Episode: 60/705	Avg reward: -16.95	Avg steps: 772
2020-07-01 22:51:04,602	INFO	Total steps: 57562	Episode: 80/797	Avg reward: -17.05	Avg steps: 774
2020-07-01 23:00:20,499	INFO	Total steps: 73638	Episode: 100/1175	Avg reward: -17.35	Avg steps: 802
2020-07-01 23:09:46,364	INFO	Total steps: 90019	Episode: 120/781	Avg reward: -16.20	Avg steps: 818
2020-07-01 23:17:50,996	INFO	Total steps: 106416	Episode: 140/519	Avg reward: -16.50	Avg steps: 818
2020-07-01 23:25:11,840	INFO	Total steps: 121967	Episode: 160/815	Avg reward: -17.00	Avg steps: 776
2020-07-01 23:33:15,215	INFO	Total steps: 139065	Episode: 180/566	Avg reward: -15.80	Avg steps: 853
2020-07-01 23:41:22,869	INFO	Total steps: 156349	Episode: 200/520	Avg reward: -16.10	Avg steps: 863
2020-07-01 23:49:21,575	INFO	Total steps: 173302	Episode: 220/702	Avg reward: -15.80	Avg steps: 846
2020-07-01 23:57:33,668	INFO	Total steps: 190796	Episode: 240/908	Avg reward: -15.00	Avg steps: 873
2020-07-02 00:05:19,093	INFO	Total steps: 207219	Episode: 260/1081	Avg reward: -15.90	Avg steps: 820
2020-07-02 00:14:20,562	INFO	Total steps: 226132	Episode: 280/791	Avg reward: -14.80	Avg steps: 944
2020-07-02 00:23:18,642	INFO	Total steps: 244950	Episode: 300/914	Avg reward: -15.10	Avg steps: 939
2020-07-02 00:31:18,977	INFO	Total steps: 261916	Episode: 320/787	Avg reward: -15.25	Avg steps: 847
2020-07-02 00:40:02,093	INFO	Total steps: 280380	Episode: 340/656	Avg reward: -15.35	Avg steps: 922
2020-07-02 00:48:28,877	INFO	Total steps: 298366	Episode: 360/827	Avg reward: -15.05	Avg steps: 898
2020-07-02 00:56:45,404	INFO	Total steps: 316076	Episode: 380/636	Avg reward: -15.15	Avg steps: 884
2020-07-02 01:05:23,781	INFO	Total steps: 334458	Episode: 400/707	Avg reward: -15.20	Avg steps: 918
2020-07-02 01:14:40,610	INFO	Total steps: 354080	Episode: 420/694	Avg reward: -14.50	Avg steps: 980
2020-07-02 01:24:15,064	INFO	Total steps: 374337	Episode: 440/902	Avg reward: -13.80	Avg steps: 1011
2020-07-02 01:34:00,665	INFO	Total steps: 394999	Episode: 460/773	Avg reward: -13.80	Avg steps: 1032
2020-07-02 01:45:05,212	INFO	Total steps: 418608	Episode: 480/1276	Avg reward: -12.20	Avg steps: 1179
2020-07-02 01:54:46,832	INFO	Total steps: 439262	Episode: 500/1214	Avg reward: -13.55	Avg steps: 1031
2020-07-02 02:05:57,118	INFO	Total steps: 462954	Episode: 520/1765	Avg reward: -12.50	Avg steps: 1183
2020-07-02 02:17:20,766	INFO	Total steps: 487076	Episode: 540/1116	Avg reward: -11.60	Avg steps: 1205
2020-07-02 02:29:10,074	INFO	Total steps: 512139	Episode: 560/1189	Avg reward: -11.60	Avg steps: 1252
2020-07-02 02:39:36,158	INFO	Total steps: 534334	Episode: 580/796	Avg reward: -12.75	Avg steps: 1108
2020-07-02 02:50:04,223	INFO	Total steps: 556492	Episode: 600/1211	Avg reward: -12.20	Avg steps: 1106
2020-07-02 03:02:14,939	INFO	Total steps: 582223	Episode: 620/760	Avg reward: -11.15	Avg steps: 1285
2020-07-02 03:13:56,229	INFO	Total steps: 607021	Episode: 640/897	Avg reward: -11.85	Avg steps: 1238
2020-07-02 03:25:12,364	INFO	Total steps: 631086	Episode: 660/1224	Avg reward: -11.45	Avg steps: 1202
2020-07-02 03:37:46,204	INFO	Total steps: 657816	Episode: 680/1447	Avg reward: -10.30	Avg steps: 1335
2020-07-02 03:49:17,055	INFO	Total steps: 682310	Episode: 700/1334	Avg reward: -11.20	Avg steps: 1223
2020-07-02 04:01:25,670	INFO	Total steps: 707679	Episode: 720/1024	Avg reward: -10.95	Avg steps: 1267
2020-07-02 04:12:39,009	INFO	Total steps: 731425	Episode: 740/1204	Avg reward: -11.75	Avg steps: 1186
2020-07-02 04:25:14,912	INFO	Total steps: 758414	Episode: 760/2372	Avg reward: -9.40	Avg steps: 1348
2020-07-02 04:38:55,042	INFO	Total steps: 787554	Episode: 780/964	Avg reward: -7.65	Avg steps: 1456
2020-07-02 04:52:19,013	INFO	Total steps: 816291	Episode: 800/1857	Avg reward: -8.60	Avg steps: 1435
2020-07-02 05:05:02,811	INFO	Total steps: 843275	Episode: 820/1789	Avg reward: -9.75	Avg steps: 1348
2020-07-02 05:19:50,718	INFO	Total steps: 874729	Episode: 840/2133	Avg reward: -7.35	Avg steps: 1571
2020-07-02 05:34:04,249	INFO	Total steps: 905175	Episode: 860/1470	Avg reward: -7.05	Avg steps: 1521
2020-07-02 05:49:58,143	INFO	Total steps: 939082	Episode: 880/1891	Avg reward: -6.25	Avg steps: 1694
2020-07-02 06:04:53,129	INFO	Total steps: 970880	Episode: 900/2449	Avg reward: -6.85	Avg steps: 1588
2020-07-02 06:19:00,694	INFO	Total steps: 1000864	Episode: 920/1795	Avg reward: -7.70	Avg steps: 1498
2020-07-02 06:33:06,671	INFO	Total steps: 1030886	Episode: 940/1123	Avg reward: -7.40	Avg steps: 1500
2020-07-02 06:48:42,086	INFO	Total steps: 1064107	Episode: 960/1632	Avg reward: -3.95	Avg steps: 1660
2020-07-02 07:03:56,203	INFO	Total steps: 1096113	Episode: 980/1469	Avg reward: -4.30	Avg steps: 1599
2020-07-02 07:19:13,599	INFO	Total steps: 1128305	Episode: 1000/1919	Avg reward: -3.65	Avg steps: 1608
2020-07-02 07:35:12,743	INFO	Total steps: 1162451	Episode: 1020/1610	Avg reward: -4.40	Avg steps: 1706
2020-07-02 07:50:09,666	INFO	Total steps: 1194244	Episode: 1040/1423	Avg reward: -6.30	Avg steps: 1588
2020-07-02 08:06:18,690	INFO	Total steps: 1228469	Episode: 1060/1751	Avg reward: -4.55	Avg steps: 1710
2020-07-02 08:22:04,433	INFO	Total steps: 1262117	Episode: 1080/1641	Avg reward: -5.50	Avg steps: 1681
2020-07-02 08:38:13,112	INFO	Total steps: 1296015	Episode: 1100/1885	Avg reward: -4.60	Avg steps: 1693
2020-07-02 08:54:07,918	INFO	Total steps: 1329701	Episode: 1120/1702	Avg reward: -2.45	Avg steps: 1683
2020-07-02 09:11:23,795	INFO	Total steps: 1366331	Episode: 1140/1648	Avg reward: 0.85	Avg steps: 1830
2020-07-02 09:29:33,333	INFO	Total steps: 1404750	Episode: 1160/1698	Avg reward: 0.40	Avg steps: 1919
2020-07-02 09:46:27,895	INFO	Total steps: 1439903	Episode: 1180/1692	Avg reward: 0.65	Avg steps: 1756
2020-07-02 10:04:04,072	INFO	Total steps: 1476149	Episode: 1200/1937	Avg reward: -1.45	Avg steps: 1811
2020-07-02 10:21:29,810	INFO	Total steps: 1512683	Episode: 1220/2096	Avg reward: 1.55	Avg steps: 1825
2020-07-02 10:39:32,692	INFO	Total steps: 1550823	Episode: 1240/2099	Avg reward: 2.05	Avg steps: 1906
2020-07-02 10:56:55,196	INFO	Total steps: 1587509	Episode: 1260/1938	Avg reward: 1.70	Avg steps: 1833
2020-07-02 11:14:32,447	INFO	Total steps: 1624786	Episode: 1280/2020	Avg reward: 1.70	Avg steps: 1862
2020-07-02 11:32:45,298	INFO	Total steps: 1663612	Episode: 1300/2261	Avg reward: 6.45	Avg steps: 1940
2020-07-02 11:49:56,067	INFO	Total steps: 1700102	Episode: 1320/1796	Avg reward: 0.55	Avg steps: 1823
2020-07-02 12:07:34,089	INFO	Total steps: 1737702	Episode: 1340/2030	Avg reward: 4.65	Avg steps: 1879
2020-07-02 12:24:44,786	INFO	Total steps: 1773909	Episode: 1360/1323	Avg reward: 7.10	Avg steps: 1809
2020-07-02 12:42:27,457	INFO	Total steps: 1811675	Episode: 1380/1762	Avg reward: 4.40	Avg steps: 1887
2020-07-02 13:00:40,394	INFO	Total steps: 1850384	Episode: 1400/1891	Avg reward: 4.55	Avg steps: 1934
2020-07-02 13:18:37,859	INFO	Total steps: 1888518	Episode: 1420/1959	Avg reward: 1.15	Avg steps: 1905
2020-07-02 13:36:18,556	INFO	Total steps: 1925932	Episode: 1440/1749	Avg reward: 5.65	Avg steps: 1869
2020-07-02 13:53:49,678	INFO	Total steps: 1962863	Episode: 1460/1726	Avg reward: 6.85	Avg steps: 1845
2020-07-02 14:10:53,865	INFO	Total steps: 1998870	Episode: 1480/1698	Avg reward: 8.95	Avg steps: 1799
2020-07-02 14:28:31,869	INFO	Total steps: 2035566	Episode: 1500/1798	Avg reward: 8.65	Avg steps: 1833
2020-07-02 14:46:50,882	INFO	Total steps: 2073776	Episode: 1520/1994	Avg reward: 6.55	Avg steps: 1909
2020-07-02 15:05:37,462	INFO	Total steps: 2112959	Episode: 1540/1856	Avg reward: 8.05	Avg steps: 1958
2020-07-02 15:23:57,074	INFO	Total steps: 2151439	Episode: 1560/2574	Avg reward: 9.20	Avg steps: 1923
2020-07-02 15:41:18,912	INFO	Total steps: 2187691	Episode: 1580/1560	Avg reward: 12.00	Avg steps: 1811
2020-07-02 15:58:11,237	INFO	Total steps: 2223414	Episode: 1600/1757	Avg reward: 11.25	Avg steps: 1785
2020-07-02 16:14:57,235	INFO	Total steps: 2258764	Episode: 1620/1880	Avg reward: 11.05	Avg steps: 1766
2020-07-02 16:32:26,547	INFO	Total steps: 2295726	Episode: 1640/2206	Avg reward: 11.10	Avg steps: 1847
2020-07-02 16:49:22,938	INFO	Total steps: 2331245	Episode: 1660/1613	Avg reward: 9.90	Avg steps: 1774
2020-07-02 17:05:33,364	INFO	Total steps: 2364980	Episode: 1680/1676	Avg reward: 12.05	Avg steps: 1685
2020-07-02 17:22:12,425	INFO	Total steps: 2399854	Episode: 1700/1763	Avg reward: 12.55	Avg steps: 1742
2020-07-02 17:38:46,800	INFO	Total steps: 2434517	Episode: 1720/1944	Avg reward: 10.55	Avg steps: 1732
2020-07-02 17:55:00,180	INFO	Total steps: 2468418	Episode: 1740/1813	Avg reward: 13.40	Avg steps: 1694
2020-07-02 18:11:27,576	INFO	Total steps: 2502795	Episode: 1760/1894	Avg reward: 14.00	Avg steps: 1717
2020-07-02 18:27:59,724	INFO	Total steps: 2537551	Episode: 1780/1434	Avg reward: 12.10	Avg steps: 1736
2020-07-02 18:45:22,836	INFO	Total steps: 2573672	Episode: 1800/1932	Avg reward: 12.90	Avg steps: 1805
2020-07-02 19:02:59,620	INFO	Total steps: 2610317	Episode: 1820/1667	Avg reward: 11.30	Avg steps: 1831
2020-07-02 19:19:41,104	INFO	Total steps: 2645699	Episode: 1840/1528	Avg reward: 12.40	Avg steps: 1768
2020-07-02 19:37:00,857	INFO	Total steps: 2682046	Episode: 1860/1681	Avg reward: 11.60	Avg steps: 1816
2020-07-02 19:52:37,894	INFO	Total steps: 2714927	Episode: 1880/2089	Avg reward: 14.20	Avg steps: 1643
2020-07-02 20:09:03,355	INFO	Total steps: 2749598	Episode: 1900/2048	Avg reward: 14.00	Avg steps: 1732
2020-07-02 20:25:09,638	INFO	Total steps: 2783481	Episode: 1920/1782	Avg reward: 14.50	Avg steps: 1693
2020-07-02 20:40:55,157	INFO	Total steps: 2816583	Episode: 1940/1699	Avg reward: 15.55	Avg steps: 1654
2020-07-02 20:57:09,228	INFO	Total steps: 2850439	Episode: 1960/1560	Avg reward: 14.90	Avg steps: 1691
2020-07-02 21:13:23,920	INFO	Total steps: 2884446	Episode: 1980/1606	Avg reward: 14.40	Avg steps: 1699
2020-07-02 21:29:45,135	INFO	Total steps: 2918826	Episode: 2000/1767	Avg reward: 13.40	Avg steps: 1718
2020-07-02 21:45:45,755	INFO	Total steps: 2952200	Episode: 2020/1581	Avg reward: 15.80	Avg steps: 1667
2020-07-02 22:01:11,901	INFO	Total steps: 2984289	Episode: 2040/1798	Avg reward: 14.30	Avg steps: 1603
2020-07-02 22:16:33,324	INFO	Total steps: 3016016	Episode: 2060/1640	Avg reward: 14.95	Avg steps: 1585
2020-07-02 22:32:38,602	INFO	Total steps: 3049657	Episode: 2080/1528	Avg reward: 13.75	Avg steps: 1681
2020-07-02 22:47:55,402	INFO	Total steps: 3081866	Episode: 2100/1586	Avg reward: 14.75	Avg steps: 1609
2020-07-02 23:03:19,352	INFO	Total steps: 3114262	Episode: 2120/1665	Avg reward: 14.80	Avg steps: 1618
2020-07-02 23:19:03,041	INFO	Total steps: 3147050	Episode: 2140/1604	Avg reward: 15.30	Avg steps: 1638
2020-07-02 23:34:28,173	INFO	Total steps: 3178911	Episode: 2160/1406	Avg reward: 15.55	Avg steps: 1592
2020-07-02 23:49:56,605	INFO	Total steps: 3211398	Episode: 2180/1397	Avg reward: 16.85	Avg steps: 1623
2020-07-03 00:04:54,015	INFO	Total steps: 3242888	Episode: 2200/1677	Avg reward: 16.10	Avg steps: 1573
2020-07-03 00:21:08,248	INFO	Total steps: 3276664	Episode: 2220/1756	Avg reward: 14.95	Avg steps: 1687
2020-07-03 00:36:12,366	INFO	Total steps: 3308276	Episode: 2240/1477	Avg reward: 15.60	Avg steps: 1579
2020-07-03 00:51:49,185	INFO	Total steps: 3341051	Episode: 2260/1568	Avg reward: 15.10	Avg steps: 1637
2020-07-03 01:06:24,665	INFO	Total steps: 3371569	Episode: 2280/1448	Avg reward: 17.20	Avg steps: 1524
2020-07-03 01:21:22,006	INFO	Total steps: 3402722	Episode: 2300/1539	Avg reward: 15.20	Avg steps: 1556
2020-07-03 01:36:09,099	INFO	Total steps: 3433718	Episode: 2320/1568	Avg reward: 16.60	Avg steps: 1548
2020-07-03 01:51:32,882	INFO	Total steps: 3466096	Episode: 2340/1364	Avg reward: 16.10	Avg steps: 1617
2020-07-03 02:06:59,112	INFO	Total steps: 3498154	Episode: 2360/1725	Avg reward: 16.55	Avg steps: 1601
2020-07-03 02:22:08,315	INFO	Total steps: 3529705	Episode: 2380/1747	Avg reward: 15.45	Avg steps: 1576
2020-07-03 02:36:53,581	INFO	Total steps: 3560408	Episode: 2400/1395	Avg reward: 16.00	Avg steps: 1534
2020-07-03 02:51:49,546	INFO	Total steps: 3591419	Episode: 2420/1502	Avg reward: 17.10	Avg steps: 1549
2020-07-03 03:07:10,905	INFO	Total steps: 3623237	Episode: 2440/1552	Avg reward: 17.50	Avg steps: 1589
2020-07-03 03:21:56,896	INFO	Total steps: 3653978	Episode: 2460/1401	Avg reward: 17.25	Avg steps: 1536
2020-07-03 03:36:58,204	INFO	Total steps: 3685181	Episode: 2480/1380	Avg reward: 16.80	Avg steps: 1559
2020-07-03 03:52:08,851	INFO	Total steps: 3716802	Episode: 2500/1210	Avg reward: 17.00	Avg steps: 1580
2020-07-03 04:06:59,799	INFO	Total steps: 3747765	Episode: 2520/1585	Avg reward: 16.60	Avg steps: 1547
2020-07-03 04:21:46,781	INFO	Total steps: 3778221	Episode: 2540/1568	Avg reward: 16.55	Avg steps: 1521
2020-07-03 04:36:29,186	INFO	Total steps: 3808632	Episode: 2560/1828	Avg reward: 16.15	Avg steps: 1519
2020-07-03 04:51:49,913	INFO	Total steps: 3840479	Episode: 2580/1561	Avg reward: 16.50	Avg steps: 1591
2020-07-03 05:06:18,686	INFO	Total steps: 3870557	Episode: 2600/1426	Avg reward: 17.00	Avg steps: 1502
2020-07-03 05:21:05,243	INFO	Total steps: 3901406	Episode: 2620/1324	Avg reward: 16.80	Avg steps: 1541
2020-07-03 05:36:01,651	INFO	Total steps: 3932501	Episode: 2640/1506	Avg reward: 17.00	Avg steps: 1553
2020-07-03 05:50:56,172	INFO	Total steps: 3963391	Episode: 2660/1736	Avg reward: 17.05	Avg steps: 1543
2020-07-03 06:05:31,853	INFO	Total steps: 3993757	Episode: 2680/1610	Avg reward: 17.95	Avg steps: 1517
2020-07-03 06:19:49,686	INFO	Total steps: 4023496	Episode: 2700/1659	Avg reward: 17.60	Avg steps: 1485
2020-07-03 06:34:53,328	INFO	Total steps: 4054572	Episode: 2720/1417	Avg reward: 16.95	Avg steps: 1552
2020-07-03 06:49:13,443	INFO	Total steps: 4084561	Episode: 2740/1464	Avg reward: 18.10	Avg steps: 1498
2020-07-03 07:03:30,009	INFO	Total steps: 4114417	Episode: 2760/1570	Avg reward: 17.20	Avg steps: 1491
2020-07-03 07:17:52,367	INFO	Total steps: 4144333	Episode: 2780/1510	Avg reward: 17.45	Avg steps: 1494
2020-07-03 07:31:56,677	INFO	Total steps: 4173656	Episode: 2800/1710	Avg reward: 17.15	Avg steps: 1465
2020-07-03 07:46:55,478	INFO	Total steps: 4204381	Episode: 2820/1776	Avg reward: 17.50	Avg steps: 1535
2020-07-03 08:02:20,101	INFO	Total steps: 4236000	Episode: 2840/1726	Avg reward: 17.25	Avg steps: 1579
2020-07-03 08:18:18,584	INFO	Total steps: 4268990	Episode: 2860/1652	Avg reward: 16.00	Avg steps: 1648
2020-07-03 08:33:02,105	INFO	Total steps: 4299470	Episode: 2880/1435	Avg reward: 16.70	Avg steps: 1523
2020-07-03 08:49:04,360	INFO	Total steps: 4332570	Episode: 2900/1529	Avg reward: 17.45	Avg steps: 1654
2020-07-03 09:04:02,377	INFO	Total steps: 4363618	Episode: 2920/1509	Avg reward: 17.05	Avg steps: 1551
2020-07-03 09:18:32,806	INFO	Total steps: 4393544	Episode: 2940/1291	Avg reward: 17.15	Avg steps: 1495
2020-07-03 09:33:11,152	INFO	Total steps: 4423794	Episode: 2960/1544	Avg reward: 16.75	Avg steps: 1511
2020-07-03 09:48:02,482	INFO	Total steps: 4454705	Episode: 2980/1647	Avg reward: 17.50	Avg steps: 1544
2020-07-03 10:02:35,443	INFO	Total steps: 4485102	Episode: 3000/1702	Avg reward: 16.85	Avg steps: 1518
2020-07-03 10:17:17,061	INFO	Total steps: 4515216	Episode: 3020/1605	Avg reward: 17.85	Avg steps: 1504
2020-07-03 10:32:37,894	INFO	Total steps: 4545877	Episode: 3040/1276	Avg reward: 16.90	Avg steps: 1532
2020-07-03 10:48:02,651	INFO	Total steps: 4576282	Episode: 3060/1653	Avg reward: 16.75	Avg steps: 1519
2020-07-03 11:03:53,347	INFO	Total steps: 4607363	Episode: 3080/1399	Avg reward: 17.85	Avg steps: 1553
2020-07-03 11:20:13,473	INFO	Total steps: 4638835	Episode: 3100/1726	Avg reward: 17.55	Avg steps: 1572
2020-07-03 11:36:08,510	INFO	Total steps: 4669572	Episode: 3120/1471	Avg reward: 17.45	Avg steps: 1535
2020-07-03 11:51:15,507	INFO	Total steps: 4699027	Episode: 3140/1587	Avg reward: 17.40	Avg steps: 1471
2020-07-03 12:07:14,269	INFO	Total steps: 4730127	Episode: 3160/1437	Avg reward: 17.70	Avg steps: 1554
2020-07-03 12:23:04,620	INFO	Total steps: 4760980	Episode: 3180/1446	Avg reward: 18.30	Avg steps: 1541
2020-07-03 12:38:03,198	INFO	Total steps: 4790149	Episode: 3200/1734	Avg reward: 18.10	Avg steps: 1457
2020-07-03 12:54:15,427	INFO	Total steps: 4822009	Episode: 3220/1718	Avg reward: 17.70	Avg steps: 1592
2020-07-03 13:09:39,831	INFO	Total steps: 4852327	Episode: 3240/1325	Avg reward: 18.20	Avg steps: 1514
2020-07-03 13:24:41,373	INFO	Total steps: 4881875	Episode: 3260/1371	Avg reward: 18.20	Avg steps: 1476
2020-07-03 13:39:39,087	INFO	Total steps: 4911382	Episode: 3280/1326	Avg reward: 18.05	Avg steps: 1474
2020-07-03 13:54:02,985	INFO	Total steps: 4939742	Episode: 3300/1314	Avg reward: 17.90	Avg steps: 1417
2020-07-03 14:09:10,746	INFO	Total steps: 4969633	Episode: 3320/1363	Avg reward: 18.35	Avg steps: 1493
2020-07-03 14:23:30,310	INFO	Total steps: 4997977	Episode: 3340/1227	Avg reward: 18.20	Avg steps: 1416
2020-07-03 14:38:54,260	INFO	Total steps: 5028243	Episode: 3360/1469	Avg reward: 18.45	Avg steps: 1512
2020-07-03 14:53:41,360	INFO	Total steps: 5057243	Episode: 3380/1458	Avg reward: 18.00	Avg steps: 1449
2020-07-03 15:09:56,391	INFO	Total steps: 5088801	Episode: 3400/1532	Avg reward: 18.05	Avg steps: 1576
2020-07-03 15:25:38,217	INFO	Total steps: 5119169	Episode: 3420/1425	Avg reward: 17.85	Avg steps: 1517
2020-07-03 15:40:54,646	INFO	Total steps: 5148861	Episode: 3440/1438	Avg reward: 18.35	Avg steps: 1483
2020-07-03 15:56:05,728	INFO	Total steps: 5178548	Episode: 3460/1390	Avg reward: 18.15	Avg steps: 1483
2020-07-03 16:10:58,363	INFO	Total steps: 5207802	Episode: 3480/1391	Avg reward: 17.85	Avg steps: 1461
2020-07-03 16:26:48,988	INFO	Total steps: 5239017	Episode: 3500/1945	Avg reward: 18.15	Avg steps: 1559
2020-07-03 16:42:11,144	INFO	Total steps: 5269238	Episode: 3520/1216	Avg reward: 18.20	Avg steps: 1510
2020-07-03 16:57:36,046	INFO	Total steps: 5299519	Episode: 3540/1743	Avg reward: 18.45	Avg steps: 1513
2020-07-03 17:12:36,217	INFO	Total steps: 5329164	Episode: 3560/1681	Avg reward: 17.90	Avg steps: 1481
2020-07-03 17:27:30,523	INFO	Total steps: 5358568	Episode: 3580/1400	Avg reward: 17.60	Avg steps: 1469
2020-07-03 17:42:35,012	INFO	Total steps: 5388155	Episode: 3600/1421	Avg reward: 18.25	Avg steps: 1478
2020-07-03 17:57:52,839	INFO	Total steps: 5417620	Episode: 3620/1491	Avg reward: 18.35	Avg steps: 1472
2020-07-03 18:13:08,371	INFO	Total steps: 5447200	Episode: 3640/1600	Avg reward: 17.70	Avg steps: 1478
2020-07-03 18:28:15,267	INFO	Total steps: 5476604	Episode: 3660/1453	Avg reward: 18.50	Avg steps: 1469
2020-07-03 18:43:39,409	INFO	Total steps: 5506951	Episode: 3680/1501	Avg reward: 18.20	Avg steps: 1516
2020-07-03 18:58:54,036	INFO	Total steps: 5536824	Episode: 3700/1298	Avg reward: 17.65	Avg steps: 1492
2020-07-03 19:14:20,361	INFO	Total steps: 5566933	Episode: 3720/1606	Avg reward: 18.70	Avg steps: 1504
2020-07-03 19:29:54,016	INFO	Total steps: 5597281	Episode: 3740/1383	Avg reward: 18.05	Avg steps: 1516
2020-07-03 19:45:27,562	INFO	Total steps: 5627833	Episode: 3760/1219	Avg reward: 18.20	Avg steps: 1526
2020-07-03 20:01:11,373	INFO	Total steps: 5658777	Episode: 3780/1642	Avg reward: 18.15	Avg steps: 1546
2020-07-03 20:17:01,240	INFO	Total steps: 5689837	Episode: 3800/1633	Avg reward: 18.10	Avg steps: 1552
2020-07-03 20:32:30,821	INFO	Total steps: 5720067	Episode: 3820/1608	Avg reward: 17.70	Avg steps: 1510
2020-07-03 20:47:55,442	INFO	Total steps: 5750146	Episode: 3840/1262	Avg reward: 17.80	Avg steps: 1502
2020-07-03 21:03:39,558	INFO	Total steps: 5780807	Episode: 3860/1555	Avg reward: 18.80	Avg steps: 1532
2020-07-03 21:18:56,881	INFO	Total steps: 5810671	Episode: 3880/1337	Avg reward: 18.45	Avg steps: 1492
2020-07-03 21:34:15,052	INFO	Total steps: 5840666	Episode: 3900/1494	Avg reward: 17.65	Avg steps: 1498
2020-07-03 21:49:41,993	INFO	Total steps: 5870894	Episode: 3920/1452	Avg reward: 18.10	Avg steps: 1510
2020-07-03 22:05:33,144	INFO	Total steps: 5901768	Episode: 3940/1286	Avg reward: 18.05	Avg steps: 1542
2020-07-03 22:21:15,790	INFO	Total steps: 5932481	Episode: 3960/1302	Avg reward: 17.70	Avg steps: 1534
2020-07-03 22:36:37,722	INFO	Total steps: 5962303	Episode: 3980/1522	Avg reward: 17.55	Avg steps: 1490
2020-07-03 22:52:10,467	INFO	Total steps: 5992457	Episode: 4000/1668	Avg reward: 17.95	Avg steps: 1506
2020-07-06 17:19:04,365	INFO	--width 160 --height 160 --ball 1.0 --ball-size 2.0 --snell 1.0 --snell-width 60.0 --snell-change 0.0 --snell-visible none --paddle-speed 1.0 --paddle-angle 75.0 --paddle-length 20.0 --update-prob 0.2 --state binary --learning-rate 0.0001 --network dqn_pong_model --render False --epsdecay 1000 --episodes 4000 --replay 10000 --checkpoint dqn_pong_model --history history.p --store-dir ../experiments/snell_width.60.0-paddle_length.20.0-paddle_angle.75.0-update_prob.0.2 
2020-07-06 17:19:04,440	INFO	Device: cuda
2020-07-06 17:22:24,563	INFO	Total steps: 14964	Episode: 20/635	Avg reward: -16.90	Avg steps: 747
2020-07-06 17:28:16,832	INFO	Total steps: 28211	Episode: 40/801	Avg reward: -18.30	Avg steps: 661
2020-07-06 17:34:58,773	INFO	Total steps: 43122	Episode: 60/592	Avg reward: -17.55	Avg steps: 744
2020-07-06 17:42:09,906	INFO	Total steps: 59043	Episode: 80/882	Avg reward: -16.55	Avg steps: 795
2020-07-06 17:49:14,872	INFO	Total steps: 74529	Episode: 100/566	Avg reward: -17.15	Avg steps: 773
2020-07-06 17:56:43,813	INFO	Total steps: 90765	Episode: 120/1176	Avg reward: -16.50	Avg steps: 810
2020-07-06 18:03:56,201	INFO	Total steps: 106635	Episode: 140/847	Avg reward: -16.40	Avg steps: 792
2020-07-06 18:10:46,458	INFO	Total steps: 122113	Episode: 160/844	Avg reward: -16.90	Avg steps: 772
2020-07-06 18:18:38,494	INFO	Total steps: 138681	Episode: 180/811	Avg reward: -16.70	Avg steps: 827
2020-07-06 18:26:23,174	INFO	Total steps: 154755	Episode: 200/650	Avg reward: -15.90	Avg steps: 802
2020-07-06 18:34:25,206	INFO	Total steps: 171775	Episode: 220/950	Avg reward: -16.25	Avg steps: 850
2020-07-06 18:42:10,748	INFO	Total steps: 188492	Episode: 240/1063	Avg reward: -16.20	Avg steps: 834
2020-07-06 18:49:53,771	INFO	Total steps: 204447	Episode: 260/899	Avg reward: -16.10	Avg steps: 796
2020-07-06 18:58:53,448	INFO	Total steps: 222550	Episode: 280/978	Avg reward: -16.05	Avg steps: 904
2020-07-06 19:07:42,814	INFO	Total steps: 240437	Episode: 300/1213	Avg reward: -15.15	Avg steps: 893
2020-07-06 19:16:30,743	INFO	Total steps: 258548	Episode: 320/627	Avg reward: -15.55	Avg steps: 904
2020-07-06 19:25:13,191	INFO	Total steps: 276252	Episode: 340/772	Avg reward: -15.10	Avg steps: 884
2020-07-06 19:33:48,665	INFO	Total steps: 293745	Episode: 360/1211	Avg reward: -15.55	Avg steps: 873
2020-07-06 19:41:39,250	INFO	Total steps: 309734	Episode: 380/559	Avg reward: -16.05	Avg steps: 798
2020-07-06 19:51:02,460	INFO	Total steps: 330209	Episode: 400/984	Avg reward: -14.50	Avg steps: 1022
2020-07-06 19:58:46,002	INFO	Total steps: 347654	Episode: 420/986	Avg reward: -15.15	Avg steps: 871
2020-07-06 20:07:10,535	INFO	Total steps: 366722	Episode: 440/1078	Avg reward: -14.55	Avg steps: 952
2020-07-06 20:15:07,838	INFO	Total steps: 383891	Episode: 460/782	Avg reward: -15.05	Avg steps: 857
2020-07-06 20:25:06,094	INFO	Total steps: 404078	Episode: 480/1179	Avg reward: -14.10	Avg steps: 1008
2020-07-06 20:35:07,483	INFO	Total steps: 424274	Episode: 500/745	Avg reward: -14.55	Avg steps: 1008
2020-07-06 20:44:19,051	INFO	Total steps: 442878	Episode: 520/707	Avg reward: -14.85	Avg steps: 929
2020-07-06 20:55:17,146	INFO	Total steps: 464956	Episode: 540/1117	Avg reward: -13.00	Avg steps: 1102
2020-07-06 21:04:09,319	INFO	Total steps: 482524	Episode: 560/858	Avg reward: -15.60	Avg steps: 877
2020-07-06 21:15:53,593	INFO	Total steps: 506029	Episode: 580/1276	Avg reward: -11.60	Avg steps: 1174
2020-07-06 21:27:08,069	INFO	Total steps: 528304	Episode: 600/1253	Avg reward: -12.15	Avg steps: 1112
2020-07-06 21:39:03,447	INFO	Total steps: 552029	Episode: 620/1306	Avg reward: -12.15	Avg steps: 1185
2020-07-06 21:50:17,174	INFO	Total steps: 574559	Episode: 640/668	Avg reward: -12.90	Avg steps: 1125
2020-07-06 22:01:26,378	INFO	Total steps: 597216	Episode: 660/1094	Avg reward: -12.20	Avg steps: 1131
2020-07-06 22:14:34,691	INFO	Total steps: 623534	Episode: 680/2078	Avg reward: -10.15	Avg steps: 1314
2020-07-06 22:26:31,988	INFO	Total steps: 647481	Episode: 700/973	Avg reward: -12.00	Avg steps: 1196
2020-07-06 22:40:37,215	INFO	Total steps: 675367	Episode: 720/1911	Avg reward: -10.05	Avg steps: 1393
2020-07-06 22:54:07,675	INFO	Total steps: 702032	Episode: 740/1738	Avg reward: -9.65	Avg steps: 1332
2020-07-06 23:08:17,151	INFO	Total steps: 729959	Episode: 760/1061	Avg reward: -9.10	Avg steps: 1395
2020-07-06 23:23:20,435	INFO	Total steps: 759759	Episode: 780/1069	Avg reward: -8.95	Avg steps: 1489
2020-07-06 23:38:25,442	INFO	Total steps: 789761	Episode: 800/2064	Avg reward: -7.20	Avg steps: 1499
2020-07-06 23:52:50,818	INFO	Total steps: 821799	Episode: 820/1827	Avg reward: -5.55	Avg steps: 1600
2020-07-07 00:05:55,918	INFO	Total steps: 850499	Episode: 840/1978	Avg reward: -6.65	Avg steps: 1434
2020-07-07 00:21:42,486	INFO	Total steps: 885070	Episode: 860/1561	Avg reward: -3.70	Avg steps: 1727
2020-07-07 00:36:00,195	INFO	Total steps: 916646	Episode: 880/1150	Avg reward: -5.30	Avg steps: 1577
2020-07-07 00:50:05,588	INFO	Total steps: 947811	Episode: 900/1780	Avg reward: -5.65	Avg steps: 1557
2020-07-07 01:05:10,939	INFO	Total steps: 979585	Episode: 920/1217	Avg reward: -6.60	Avg steps: 1587
2020-07-07 01:20:16,034	INFO	Total steps: 1011995	Episode: 940/1168	Avg reward: -6.40	Avg steps: 1619
2020-07-07 01:34:43,391	INFO	Total steps: 1041635	Episode: 960/1513	Avg reward: -7.95	Avg steps: 1481
2020-07-07 01:50:24,533	INFO	Total steps: 1073905	Episode: 980/1702	Avg reward: -6.30	Avg steps: 1612
2020-07-07 02:06:11,707	INFO	Total steps: 1106375	Episode: 1000/1862	Avg reward: -4.80	Avg steps: 1622
2020-07-07 02:23:11,599	INFO	Total steps: 1141153	Episode: 1020/1204	Avg reward: -5.25	Avg steps: 1737
2020-07-07 02:40:52,627	INFO	Total steps: 1177603	Episode: 1040/2451	Avg reward: -2.75	Avg steps: 1821
2020-07-07 02:58:33,797	INFO	Total steps: 1214060	Episode: 1060/1924	Avg reward: 1.10	Avg steps: 1821
2020-07-07 03:16:07,007	INFO	Total steps: 1250221	Episode: 1080/2014	Avg reward: 0.50	Avg steps: 1807
2020-07-07 03:33:16,720	INFO	Total steps: 1285664	Episode: 1100/2008	Avg reward: 1.65	Avg steps: 1771
2020-07-07 03:51:02,709	INFO	Total steps: 1322738	Episode: 1120/1699	Avg reward: 0.25	Avg steps: 1852
2020-07-07 04:07:48,019	INFO	Total steps: 1358229	Episode: 1140/1667	Avg reward: -2.45	Avg steps: 1773
2020-07-07 04:24:44,273	INFO	Total steps: 1393951	Episode: 1160/2121	Avg reward: -2.50	Avg steps: 1785
2020-07-07 04:43:32,181	INFO	Total steps: 1430089	Episode: 1180/1942	Avg reward: -3.15	Avg steps: 1805
2020-07-07 05:03:36,574	INFO	Total steps: 1468358	Episode: 1200/2172	Avg reward: -0.70	Avg steps: 1912
2020-07-07 05:22:41,995	INFO	Total steps: 1504950	Episode: 1220/1884	Avg reward: -0.20	Avg steps: 1828
2020-07-07 05:43:22,140	INFO	Total steps: 1543728	Episode: 1240/1998	Avg reward: -0.30	Avg steps: 1937
2020-07-07 06:01:48,315	INFO	Total steps: 1578391	Episode: 1260/1953	Avg reward: -3.40	Avg steps: 1732
2020-07-07 06:20:25,731	INFO	Total steps: 1613848	Episode: 1280/1806	Avg reward: -2.35	Avg steps: 1771
2020-07-07 06:40:41,553	INFO	Total steps: 1652515	Episode: 1300/1808	Avg reward: 4.40	Avg steps: 1932
2020-07-07 07:00:23,442	INFO	Total steps: 1690164	Episode: 1320/1284	Avg reward: 1.80	Avg steps: 1881
2020-07-07 07:21:11,683	INFO	Total steps: 1729633	Episode: 1340/1961	Avg reward: 4.55	Avg steps: 1972
2020-07-07 07:40:51,451	INFO	Total steps: 1766526	Episode: 1360/1849	Avg reward: 6.70	Avg steps: 1843
2020-07-07 08:01:15,803	INFO	Total steps: 1804598	Episode: 1380/1897	Avg reward: 7.00	Avg steps: 1902
2020-07-07 08:21:18,273	INFO	Total steps: 1842040	Episode: 1400/1830	Avg reward: 9.55	Avg steps: 1871
2020-07-07 08:40:48,733	INFO	Total steps: 1878596	Episode: 1420/1840	Avg reward: 9.35	Avg steps: 1826
2020-07-07 08:59:54,944	INFO	Total steps: 1914310	Episode: 1440/2047	Avg reward: 10.15	Avg steps: 1784
2020-07-07 09:19:38,190	INFO	Total steps: 1951113	Episode: 1460/1669	Avg reward: 8.35	Avg steps: 1839
2020-07-07 09:38:49,377	INFO	Total steps: 1986721	Episode: 1480/2091	Avg reward: 9.55	Avg steps: 1779
2020-07-07 09:58:24,978	INFO	Total steps: 2023547	Episode: 1500/1820	Avg reward: 9.60	Avg steps: 1840
2020-07-07 10:18:17,152	INFO	Total steps: 2061107	Episode: 1520/2214	Avg reward: 9.50	Avg steps: 1877
2020-07-07 10:37:20,946	INFO	Total steps: 2098169	Episode: 1540/1896	Avg reward: 10.60	Avg steps: 1852
2020-07-07 10:56:10,919	INFO	Total steps: 2133962	Episode: 1560/1594	Avg reward: 9.60	Avg steps: 1788
2020-07-07 11:15:31,783	INFO	Total steps: 2170733	Episode: 1580/2205	Avg reward: 9.10	Avg steps: 1837
2020-07-07 11:34:54,822	INFO	Total steps: 2208068	Episode: 1600/1922	Avg reward: 7.95	Avg steps: 1865
2020-07-07 11:53:55,324	INFO	Total steps: 2243844	Episode: 1620/2047	Avg reward: 9.35	Avg steps: 1787
2020-07-07 12:13:52,656	INFO	Total steps: 2281445	Episode: 1640/1818	Avg reward: 9.40	Avg steps: 1879
2020-07-07 12:33:55,550	INFO	Total steps: 2319415	Episode: 1660/1875	Avg reward: 11.05	Avg steps: 1897
2020-07-07 12:53:25,325	INFO	Total steps: 2356224	Episode: 1680/2133	Avg reward: 10.65	Avg steps: 1839
2020-07-07 13:13:34,876	INFO	Total steps: 2394052	Episode: 1700/2022	Avg reward: 10.15	Avg steps: 1890
2020-07-07 13:33:38,881	INFO	Total steps: 2431696	Episode: 1720/2138	Avg reward: 9.50	Avg steps: 1881
2020-07-07 13:51:28,477	INFO	Total steps: 2464956	Episode: 1740/1539	Avg reward: 12.95	Avg steps: 1662
2020-07-07 14:10:09,918	INFO	Total steps: 2499802	Episode: 1760/2106	Avg reward: 11.70	Avg steps: 1741
2020-07-07 14:27:56,989	INFO	Total steps: 2532978	Episode: 1780/1574	Avg reward: 12.50	Avg steps: 1657
2020-07-07 14:47:15,397	INFO	Total steps: 2568950	Episode: 1800/1672	Avg reward: 12.45	Avg steps: 1797
2020-07-07 15:05:41,528	INFO	Total steps: 2603329	Episode: 1820/1791	Avg reward: 13.40	Avg steps: 1717
2020-07-07 15:24:03,337	INFO	Total steps: 2637499	Episode: 1840/1558	Avg reward: 13.95	Avg steps: 1707
2020-07-07 15:41:27,931	INFO	Total steps: 2669978	Episode: 1860/1470	Avg reward: 13.65	Avg steps: 1622
2020-07-07 15:59:30,648	INFO	Total steps: 2703511	Episode: 1880/1477	Avg reward: 12.95	Avg steps: 1675
2020-07-07 16:18:20,153	INFO	Total steps: 2738349	Episode: 1900/1982	Avg reward: 14.85	Avg steps: 1740
2020-07-07 16:36:46,259	INFO	Total steps: 2772919	Episode: 1920/1569	Avg reward: 13.30	Avg steps: 1727
2020-07-07 16:53:27,929	INFO	Total steps: 2806508	Episode: 1940/1520	Avg reward: 13.45	Avg steps: 1678
2020-07-07 17:09:43,193	INFO	Total steps: 2839239	Episode: 1960/1638	Avg reward: 15.35	Avg steps: 1635
2020-07-07 17:26:46,827	INFO	Total steps: 2873635	Episode: 1980/1598	Avg reward: 12.05	Avg steps: 1718
2020-07-07 17:42:54,885	INFO	Total steps: 2906221	Episode: 2000/1471	Avg reward: 14.40	Avg steps: 1628
2020-07-07 17:59:07,096	INFO	Total steps: 2939088	Episode: 2020/1746	Avg reward: 15.50	Avg steps: 1642
2020-07-07 18:14:35,545	INFO	Total steps: 2970506	Episode: 2040/1513	Avg reward: 14.75	Avg steps: 1569
2020-07-07 18:30:18,468	INFO	Total steps: 3002375	Episode: 2060/1428	Avg reward: 14.15	Avg steps: 1592
2020-07-07 18:46:23,147	INFO	Total steps: 3034978	Episode: 2080/2074	Avg reward: 15.70	Avg steps: 1629
2020-07-07 19:02:50,459	INFO	Total steps: 3068020	Episode: 2100/2019	Avg reward: 14.85	Avg steps: 1651
2020-07-07 19:19:00,432	INFO	Total steps: 3100429	Episode: 2120/1613	Avg reward: 15.35	Avg steps: 1619
2020-07-07 19:35:00,175	INFO	Total steps: 3132223	Episode: 2140/1643	Avg reward: 15.05	Avg steps: 1588
2020-07-07 19:51:15,735	INFO	Total steps: 3164124	Episode: 2160/1675	Avg reward: 15.25	Avg steps: 1594
2020-07-07 20:08:14,612	INFO	Total steps: 3195633	Episode: 2180/1477	Avg reward: 15.30	Avg steps: 1574
2020-07-07 20:27:10,998	INFO	Total steps: 3230812	Episode: 2200/1652	Avg reward: 14.95	Avg steps: 1757
2020-07-07 20:44:10,129	INFO	Total steps: 3262377	Episode: 2220/1352	Avg reward: 15.20	Avg steps: 1577
2020-07-07 21:01:21,581	INFO	Total steps: 3294396	Episode: 2240/1512	Avg reward: 15.75	Avg steps: 1599
2020-07-07 21:18:02,329	INFO	Total steps: 3325401	Episode: 2260/1453	Avg reward: 16.75	Avg steps: 1549
2020-07-07 21:35:21,811	INFO	Total steps: 3357683	Episode: 2280/1693	Avg reward: 17.05	Avg steps: 1613
2020-07-07 21:52:39,142	INFO	Total steps: 3389830	Episode: 2300/1391	Avg reward: 16.60	Avg steps: 1606
2020-07-07 22:09:24,740	INFO	Total steps: 3420879	Episode: 2320/1778	Avg reward: 15.40	Avg steps: 1551
2020-07-07 22:26:29,564	INFO	Total steps: 3452440	Episode: 2340/1521	Avg reward: 15.05	Avg steps: 1577
2020-07-07 22:43:54,884	INFO	Total steps: 3484482	Episode: 2360/1624	Avg reward: 16.40	Avg steps: 1601
2020-07-07 23:01:16,908	INFO	Total steps: 3516444	Episode: 2380/1322	Avg reward: 16.40	Avg steps: 1597
2020-07-07 23:18:40,883	INFO	Total steps: 3548356	Episode: 2400/1246	Avg reward: 16.70	Avg steps: 1594
2020-07-07 23:36:08,678	INFO	Total steps: 3580495	Episode: 2420/1345	Avg reward: 16.15	Avg steps: 1605
2020-07-07 23:53:10,038	INFO	Total steps: 3611731	Episode: 2440/1458	Avg reward: 16.70	Avg steps: 1560
2020-07-08 00:10:55,715	INFO	Total steps: 3644440	Episode: 2460/1695	Avg reward: 16.00	Avg steps: 1634
2020-07-08 00:28:04,708	INFO	Total steps: 3676537	Episode: 2480/1710	Avg reward: 15.95	Avg steps: 1603
2020-07-08 00:45:03,505	INFO	Total steps: 3707750	Episode: 2500/1494	Avg reward: 16.45	Avg steps: 1559
2020-07-08 01:02:44,923	INFO	Total steps: 3740170	Episode: 2520/1548	Avg reward: 16.60	Avg steps: 1620
2020-07-08 01:19:46,429	INFO	Total steps: 3771371	Episode: 2540/1543	Avg reward: 17.15	Avg steps: 1559
2020-07-08 01:36:11,683	INFO	Total steps: 3802423	Episode: 2560/1476	Avg reward: 17.00	Avg steps: 1551
2020-07-08 01:53:13,882	INFO	Total steps: 3833258	Episode: 2580/1785	Avg reward: 16.45	Avg steps: 1540
2020-07-08 02:10:40,479	INFO	Total steps: 3864227	Episode: 2600/1590	Avg reward: 16.80	Avg steps: 1547
2020-07-08 02:27:28,303	INFO	Total steps: 3894261	Episode: 2620/1845	Avg reward: 16.95	Avg steps: 1500
2020-07-08 02:44:45,639	INFO	Total steps: 3925249	Episode: 2640/1851	Avg reward: 17.00	Avg steps: 1548
2020-07-08 03:01:20,469	INFO	Total steps: 3954846	Episode: 2660/1552	Avg reward: 18.00	Avg steps: 1478
2020-07-08 03:19:08,883	INFO	Total steps: 3987647	Episode: 2680/1557	Avg reward: 16.95	Avg steps: 1639
2020-07-08 03:37:15,455	INFO	Total steps: 4020435	Episode: 2700/1465	Avg reward: 16.35	Avg steps: 1638
2020-07-08 03:54:15,146	INFO	Total steps: 4050802	Episode: 2720/1659	Avg reward: 17.00	Avg steps: 1517
2020-07-08 04:10:53,043	INFO	Total steps: 4080573	Episode: 2740/1470	Avg reward: 17.35	Avg steps: 1487
2020-07-08 04:28:27,620	INFO	Total steps: 4111860	Episode: 2760/1519	Avg reward: 16.80	Avg steps: 1563
2020-07-08 04:46:11,250	INFO	Total steps: 4143520	Episode: 2780/1569	Avg reward: 17.15	Avg steps: 1582
2020-07-08 05:04:03,814	INFO	Total steps: 4175493	Episode: 2800/1269	Avg reward: 16.10	Avg steps: 1597
2020-07-08 05:21:25,994	INFO	Total steps: 4206491	Episode: 2820/1579	Avg reward: 16.95	Avg steps: 1548
2020-07-08 05:37:35,136	INFO	Total steps: 4235324	Episode: 2840/1509	Avg reward: 17.55	Avg steps: 1440
2020-07-08 05:54:22,190	INFO	Total steps: 4265388	Episode: 2860/1289	Avg reward: 16.65	Avg steps: 1502
2020-07-08 06:11:39,744	INFO	Total steps: 4296373	Episode: 2880/1690	Avg reward: 17.20	Avg steps: 1548
2020-07-08 06:28:59,180	INFO	Total steps: 4327484	Episode: 2900/1872	Avg reward: 16.65	Avg steps: 1554
2020-07-08 06:47:15,436	INFO	Total steps: 4359984	Episode: 2920/1726	Avg reward: 17.15	Avg steps: 1624
2020-07-08 07:03:58,828	INFO	Total steps: 4390605	Episode: 2940/1589	Avg reward: 17.65	Avg steps: 1530
2020-07-08 07:21:02,415	INFO	Total steps: 4422145	Episode: 2960/1332	Avg reward: 16.85	Avg steps: 1576
2020-07-08 07:36:48,501	INFO	Total steps: 4451236	Episode: 2980/1517	Avg reward: 17.20	Avg steps: 1453
2020-07-08 07:52:30,070	INFO	Total steps: 4480119	Episode: 3000/1292	Avg reward: 17.20	Avg steps: 1443
2020-07-08 08:10:17,980	INFO	Total steps: 4512808	Episode: 3020/1493	Avg reward: 17.45	Avg steps: 1633
2020-07-08 08:26:41,078	INFO	Total steps: 4543101	Episode: 3040/1436	Avg reward: 17.20	Avg steps: 1513
2020-07-08 08:42:52,763	INFO	Total steps: 4573008	Episode: 3060/1379	Avg reward: 17.50	Avg steps: 1494
2020-07-08 08:58:31,916	INFO	Total steps: 4601801	Episode: 3080/1535	Avg reward: 17.65	Avg steps: 1438
2020-07-08 09:14:57,017	INFO	Total steps: 4631901	Episode: 3100/1566	Avg reward: 17.60	Avg steps: 1504
2020-07-08 09:31:17,836	INFO	Total steps: 4661869	Episode: 3120/1328	Avg reward: 17.10	Avg steps: 1497
2020-07-08 09:47:28,421	INFO	Total steps: 4691587	Episode: 3140/1510	Avg reward: 17.40	Avg steps: 1484
2020-07-08 10:04:32,033	INFO	Total steps: 4722931	Episode: 3160/1748	Avg reward: 17.20	Avg steps: 1566
2020-07-08 10:21:24,440	INFO	Total steps: 4753928	Episode: 3180/1594	Avg reward: 17.30	Avg steps: 1548
2020-07-08 10:37:20,236	INFO	Total steps: 4783086	Episode: 3200/1383	Avg reward: 18.50	Avg steps: 1456
2020-07-08 10:53:15,403	INFO	Total steps: 4811976	Episode: 3220/1304	Avg reward: 18.35	Avg steps: 1443
2020-07-08 11:10:05,923	INFO	Total steps: 4842690	Episode: 3240/1914	Avg reward: 17.80	Avg steps: 1534
2020-07-08 11:27:01,580	INFO	Total steps: 4873747	Episode: 3260/1425	Avg reward: 16.75	Avg steps: 1551
2020-07-08 11:43:18,874	INFO	Total steps: 4903569	Episode: 3280/1437	Avg reward: 17.50	Avg steps: 1490
2020-07-08 11:59:35,496	INFO	Total steps: 4933449	Episode: 3300/1329	Avg reward: 17.10	Avg steps: 1493
2020-07-08 12:15:15,122	INFO	Total steps: 4962177	Episode: 3320/1385	Avg reward: 17.50	Avg steps: 1435
2020-07-08 12:31:17,759	INFO	Total steps: 4991410	Episode: 3340/1208	Avg reward: 17.60	Avg steps: 1460
2020-07-08 12:48:18,752	INFO	Total steps: 5022488	Episode: 3360/1692	Avg reward: 17.75	Avg steps: 1552
2020-07-08 13:04:33,508	INFO	Total steps: 5052363	Episode: 3380/1712	Avg reward: 18.05	Avg steps: 1492
2020-07-08 13:21:07,806	INFO	Total steps: 5082608	Episode: 3400/1293	Avg reward: 18.00	Avg steps: 1511
2020-07-08 13:37:22,449	INFO	Total steps: 5112727	Episode: 3420/1630	Avg reward: 17.25	Avg steps: 1504
2020-07-08 13:51:39,119	INFO	Total steps: 5143460	Episode: 3440/1502	Avg reward: 17.30	Avg steps: 1535
2020-07-08 14:05:41,876	INFO	Total steps: 5174462	Episode: 3460/1965	Avg reward: 17.50	Avg steps: 1549
2020-07-08 14:20:24,069	INFO	Total steps: 5207013	Episode: 3480/1566	Avg reward: 17.60	Avg steps: 1626
2020-07-08 14:35:08,856	INFO	Total steps: 5237384	Episode: 3500/1436	Avg reward: 18.05	Avg steps: 1517
2020-07-08 14:51:54,694	INFO	Total steps: 5268203	Episode: 3520/1438	Avg reward: 17.40	Avg steps: 1539
2020-07-08 15:07:51,494	INFO	Total steps: 5297479	Episode: 3540/1289	Avg reward: 18.10	Avg steps: 1462
2020-07-08 15:24:12,901	INFO	Total steps: 5327469	Episode: 3560/1583	Avg reward: 17.95	Avg steps: 1498
2020-07-08 15:40:35,107	INFO	Total steps: 5357563	Episode: 3580/1403	Avg reward: 17.95	Avg steps: 1503
2020-07-08 15:56:35,520	INFO	Total steps: 5386852	Episode: 3600/1776	Avg reward: 18.35	Avg steps: 1463
2020-07-08 16:12:45,574	INFO	Total steps: 5416437	Episode: 3620/1502	Avg reward: 18.40	Avg steps: 1478
2020-07-08 16:29:14,652	INFO	Total steps: 5446644	Episode: 3640/1572	Avg reward: 17.95	Avg steps: 1509
2020-07-08 16:45:30,885	INFO	Total steps: 5475815	Episode: 3660/1407	Avg reward: 18.70	Avg steps: 1457
2020-07-08 17:01:18,501	INFO	Total steps: 5504422	Episode: 3680/1300	Avg reward: 18.65	Avg steps: 1429
2020-07-08 17:17:58,918	INFO	Total steps: 5534531	Episode: 3700/1312	Avg reward: 18.05	Avg steps: 1504
2020-07-08 17:34:02,844	INFO	Total steps: 5563917	Episode: 3720/1220	Avg reward: 18.00	Avg steps: 1468
2020-07-08 17:50:25,170	INFO	Total steps: 5593451	Episode: 3740/1503	Avg reward: 17.90	Avg steps: 1475
2020-07-08 18:07:11,772	INFO	Total steps: 5623826	Episode: 3760/1733	Avg reward: 18.60	Avg steps: 1517
2020-07-08 18:23:58,288	INFO	Total steps: 5654124	Episode: 3780/1494	Avg reward: 17.70	Avg steps: 1513
2020-07-08 18:40:56,280	INFO	Total steps: 5684827	Episode: 3800/1495	Avg reward: 17.80	Avg steps: 1534
2020-07-08 18:57:59,932	INFO	Total steps: 5715802	Episode: 3820/1704	Avg reward: 17.25	Avg steps: 1547
2020-07-08 19:15:47,769	INFO	Total steps: 5747966	Episode: 3840/1619	Avg reward: 17.55	Avg steps: 1607
2020-07-08 19:32:54,847	INFO	Total steps: 5778940	Episode: 3860/1457	Avg reward: 17.60	Avg steps: 1547
2020-07-08 19:48:42,257	INFO	Total steps: 5809928	Episode: 3880/1636	Avg reward: 17.30	Avg steps: 1548
2020-07-08 20:03:04,872	INFO	Total steps: 5838803	Episode: 3900/1338	Avg reward: 18.10	Avg steps: 1442
2020-07-08 20:17:40,593	INFO	Total steps: 5868342	Episode: 3920/1349	Avg reward: 17.70	Avg steps: 1475
2020-07-08 20:33:09,523	INFO	Total steps: 5899857	Episode: 3940/1787	Avg reward: 17.45	Avg steps: 1574
2020-07-08 20:48:11,746	INFO	Total steps: 5930037	Episode: 3960/1665	Avg reward: 18.00	Avg steps: 1508
2020-07-08 21:04:04,963	INFO	Total steps: 5961975	Episode: 3980/1469	Avg reward: 17.45	Avg steps: 1595
2020-07-08 21:20:30,765	INFO	Total steps: 5994987	Episode: 4000/1617	Avg reward: 17.25	Avg steps: 1649
