2020-07-01 22:22:33,990	INFO	--width 160 --height 160 --ball 1.0 --ball-size 2.0 --snell 1.0 --snell-width 40.0 --snell-change 0.0 --snell-visible none --paddle-speed 1.0 --paddle-angle 75.0 --paddle-length 20.0 --update-prob 0.3 --state binary --learning-rate 0.0001 --network dqn_pong_model --render False --epsdecay 1000 --episodes 4000 --replay 10000 --checkpoint dqn_pong_model --history history.p --store-dir ../experiments/snell_width.40.0-paddle_length.20.0-paddle_angle.75.0-update_prob.0.3 
2020-07-01 22:22:33,990	INFO	Device: cuda
2020-07-01 22:26:31,166	INFO	Total steps: 14971	Episode: 20/523	Avg reward: -18.45	Avg steps: 747
2020-07-01 22:35:03,152	INFO	Total steps: 29783	Episode: 40/829	Avg reward: -18.40	Avg steps: 739
2020-07-01 22:44:28,607	INFO	Total steps: 46131	Episode: 60/811	Avg reward: -17.80	Avg steps: 816
2020-07-01 22:53:39,581	INFO	Total steps: 61936	Episode: 80/829	Avg reward: -18.45	Avg steps: 789
2020-07-01 23:03:21,177	INFO	Total steps: 78697	Episode: 100/851	Avg reward: -17.95	Avg steps: 837
2020-07-01 23:12:59,825	INFO	Total steps: 95971	Episode: 120/1042	Avg reward: -17.40	Avg steps: 862
2020-07-01 23:19:53,318	INFO	Total steps: 110587	Episode: 140/662	Avg reward: -18.20	Avg steps: 729
2020-07-01 23:28:28,781	INFO	Total steps: 128527	Episode: 160/769	Avg reward: -17.25	Avg steps: 896
2020-07-01 23:36:49,454	INFO	Total steps: 145263	Episode: 180/1013	Avg reward: -17.25	Avg steps: 835
2020-07-01 23:45:52,132	INFO	Total steps: 163139	Episode: 200/644	Avg reward: -17.30	Avg steps: 892
2020-07-01 23:54:08,394	INFO	Total steps: 179373	Episode: 220/699	Avg reward: -17.35	Avg steps: 810
2020-07-02 00:02:17,871	INFO	Total steps: 196264	Episode: 240/771	Avg reward: -17.60	Avg steps: 843
2020-07-02 00:10:19,881	INFO	Total steps: 212933	Episode: 260/674	Avg reward: -17.50	Avg steps: 832
2020-07-02 00:19:28,577	INFO	Total steps: 231755	Episode: 280/892	Avg reward: -17.00	Avg steps: 940
2020-07-02 00:29:55,887	INFO	Total steps: 252212	Episode: 300/886	Avg reward: -16.65	Avg steps: 1021
2020-07-02 00:39:50,625	INFO	Total steps: 271675	Episode: 320/918	Avg reward: -16.40	Avg steps: 972
2020-07-02 00:50:12,406	INFO	Total steps: 291716	Episode: 340/976	Avg reward: -16.05	Avg steps: 1001
2020-07-02 01:00:40,865	INFO	Total steps: 311817	Episode: 360/985	Avg reward: -15.70	Avg steps: 1004
2020-07-02 01:13:29,427	INFO	Total steps: 336500	Episode: 380/825	Avg reward: -13.65	Avg steps: 1233
2020-07-02 01:24:55,270	INFO	Total steps: 359320	Episode: 400/844	Avg reward: -15.30	Avg steps: 1140
2020-07-02 01:34:59,448	INFO	Total steps: 380661	Episode: 420/1263	Avg reward: -15.60	Avg steps: 1066
2020-07-02 01:45:57,794	INFO	Total steps: 404233	Episode: 440/857	Avg reward: -14.55	Avg steps: 1177
2020-07-02 01:56:05,657	INFO	Total steps: 426161	Episode: 460/943	Avg reward: -15.00	Avg steps: 1095
2020-07-02 02:05:20,191	INFO	Total steps: 446642	Episode: 480/684	Avg reward: -15.45	Avg steps: 1023
2020-07-02 02:15:58,796	INFO	Total steps: 470189	Episode: 500/915	Avg reward: -15.00	Avg steps: 1176
2020-07-02 02:26:10,435	INFO	Total steps: 492273	Episode: 520/1287	Avg reward: -15.50	Avg steps: 1103
2020-07-02 02:37:24,028	INFO	Total steps: 516693	Episode: 540/1286	Avg reward: -13.65	Avg steps: 1220
2020-07-02 02:48:09,888	INFO	Total steps: 540762	Episode: 560/1225	Avg reward: -13.70	Avg steps: 1202
2020-07-02 02:59:03,723	INFO	Total steps: 565805	Episode: 580/1574	Avg reward: -13.75	Avg steps: 1251
2020-07-02 03:11:16,361	INFO	Total steps: 592563	Episode: 600/1204	Avg reward: -12.10	Avg steps: 1336
2020-07-02 03:24:25,452	INFO	Total steps: 620875	Episode: 620/1254	Avg reward: -12.45	Avg steps: 1414
2020-07-02 03:35:39,182	INFO	Total steps: 645141	Episode: 640/949	Avg reward: -12.75	Avg steps: 1212
2020-07-02 03:47:47,729	INFO	Total steps: 670005	Episode: 660/1495	Avg reward: -13.85	Avg steps: 1242
2020-07-02 04:01:05,745	INFO	Total steps: 697866	Episode: 680/1008	Avg reward: -12.05	Avg steps: 1392
2020-07-02 04:16:38,147	INFO	Total steps: 730118	Episode: 700/2398	Avg reward: -10.10	Avg steps: 1611
2020-07-02 04:30:19,021	INFO	Total steps: 759314	Episode: 720/1490	Avg reward: -11.20	Avg steps: 1458
2020-07-02 04:43:59,860	INFO	Total steps: 788063	Episode: 740/1622	Avg reward: -11.00	Avg steps: 1436
2020-07-02 04:59:34,160	INFO	Total steps: 820466	Episode: 760/1463	Avg reward: -11.00	Avg steps: 1619
2020-07-02 05:15:08,718	INFO	Total steps: 852244	Episode: 780/1573	Avg reward: -9.20	Avg steps: 1587
2020-07-02 05:32:52,209	INFO	Total steps: 888938	Episode: 800/1647	Avg reward: -6.75	Avg steps: 1833
2020-07-02 05:49:34,975	INFO	Total steps: 923827	Episode: 820/1998	Avg reward: -7.90	Avg steps: 1743
2020-07-02 06:08:48,284	INFO	Total steps: 963311	Episode: 840/1604	Avg reward: -6.65	Avg steps: 1973
2020-07-02 06:26:24,050	INFO	Total steps: 997333	Episode: 860/1948	Avg reward: -7.45	Avg steps: 1700
2020-07-02 06:46:15,144	INFO	Total steps: 1034915	Episode: 880/2486	Avg reward: -6.40	Avg steps: 1878
2020-07-02 07:06:44,186	INFO	Total steps: 1073289	Episode: 900/2780	Avg reward: -6.10	Avg steps: 1917
2020-07-02 07:28:40,053	INFO	Total steps: 1113958	Episode: 920/1577	Avg reward: -5.10	Avg steps: 2032
2020-07-02 07:49:35,470	INFO	Total steps: 1153289	Episode: 940/2205	Avg reward: -4.65	Avg steps: 1965
2020-07-02 08:13:39,628	INFO	Total steps: 1198241	Episode: 960/2008	Avg reward: -3.50	Avg steps: 2246
2020-07-02 08:38:08,367	INFO	Total steps: 1244195	Episode: 980/2289	Avg reward: 0.25	Avg steps: 2296
2020-07-02 09:01:53,885	INFO	Total steps: 1289567	Episode: 1000/2948	Avg reward: -1.70	Avg steps: 2267
2020-07-02 09:25:20,673	INFO	Total steps: 1333558	Episode: 1020/1841	Avg reward: 0.40	Avg steps: 2198
2020-07-02 09:48:35,020	INFO	Total steps: 1378248	Episode: 1040/2515	Avg reward: -1.75	Avg steps: 2233
2020-07-02 10:09:40,401	INFO	Total steps: 1418932	Episode: 1060/2016	Avg reward: -1.00	Avg steps: 2033
2020-07-02 10:34:10,489	INFO	Total steps: 1466036	Episode: 1080/2433	Avg reward: 2.50	Avg steps: 2354
2020-07-02 10:58:43,089	INFO	Total steps: 1513813	Episode: 1100/2913	Avg reward: 1.20	Avg steps: 2387
2020-07-02 11:21:31,994	INFO	Total steps: 1558694	Episode: 1120/2607	Avg reward: 0.65	Avg steps: 2243
2020-07-02 11:44:15,204	INFO	Total steps: 1602776	Episode: 1140/2032	Avg reward: 1.90	Avg steps: 2203
2020-07-02 12:06:53,262	INFO	Total steps: 1646537	Episode: 1160/2407	Avg reward: 2.20	Avg steps: 2187
2020-07-02 12:29:33,652	INFO	Total steps: 1690042	Episode: 1180/2081	Avg reward: 3.10	Avg steps: 2174
2020-07-02 12:52:42,690	INFO	Total steps: 1732278	Episode: 1200/1965	Avg reward: 1.45	Avg steps: 2110
2020-07-02 13:18:14,045	INFO	Total steps: 1778962	Episode: 1220/1746	Avg reward: 2.70	Avg steps: 2333
2020-07-02 13:43:28,414	INFO	Total steps: 1825854	Episode: 1240/2200	Avg reward: 5.55	Avg steps: 2343
2020-07-02 14:09:12,935	INFO	Total steps: 1874077	Episode: 1260/2953	Avg reward: 4.00	Avg steps: 2410
2020-07-02 14:32:48,941	INFO	Total steps: 1918373	Episode: 1280/1973	Avg reward: 4.20	Avg steps: 2213
2020-07-02 14:57:18,011	INFO	Total steps: 1964007	Episode: 1300/1784	Avg reward: 4.05	Avg steps: 2280
2020-07-02 15:21:38,859	INFO	Total steps: 2008827	Episode: 1320/1762	Avg reward: 7.10	Avg steps: 2240
2020-07-02 15:48:12,232	INFO	Total steps: 2058315	Episode: 1340/2480	Avg reward: 6.45	Avg steps: 2473
2020-07-02 16:13:08,065	INFO	Total steps: 2104856	Episode: 1360/2154	Avg reward: 5.95	Avg steps: 2326
2020-07-02 16:37:49,762	INFO	Total steps: 2150502	Episode: 1380/2000	Avg reward: 6.95	Avg steps: 2281
2020-07-02 17:00:23,493	INFO	Total steps: 2192895	Episode: 1400/2270	Avg reward: 8.25	Avg steps: 2118
2020-07-02 17:22:59,802	INFO	Total steps: 2235097	Episode: 1420/1428	Avg reward: 8.45	Avg steps: 2109
2020-07-02 17:45:52,630	INFO	Total steps: 2278019	Episode: 1440/1942	Avg reward: 9.15	Avg steps: 2145
2020-07-02 18:09:03,111	INFO	Total steps: 2321944	Episode: 1460/2320	Avg reward: 9.00	Avg steps: 2195
2020-07-02 18:30:16,931	INFO	Total steps: 2363175	Episode: 1480/1625	Avg reward: 11.70	Avg steps: 2060
2020-07-02 18:53:14,977	INFO	Total steps: 2406305	Episode: 1500/2159	Avg reward: 9.75	Avg steps: 2155
2020-07-02 19:16:29,061	INFO	Total steps: 2450027	Episode: 1520/1970	Avg reward: 10.20	Avg steps: 2185
2020-07-02 19:39:03,030	INFO	Total steps: 2491892	Episode: 1540/1541	Avg reward: 9.80	Avg steps: 2092
2020-07-02 20:01:39,306	INFO	Total steps: 2533981	Episode: 1560/2317	Avg reward: 8.85	Avg steps: 2103
2020-07-02 20:24:11,486	INFO	Total steps: 2578032	Episode: 1580/2448	Avg reward: 8.60	Avg steps: 2201
2020-07-02 20:47:00,561	INFO	Total steps: 2622575	Episode: 1600/1560	Avg reward: 8.15	Avg steps: 2226
2020-07-02 21:09:10,190	INFO	Total steps: 2665388	Episode: 1620/1852	Avg reward: 10.50	Avg steps: 2139
2020-07-02 21:30:09,581	INFO	Total steps: 2705893	Episode: 1640/1507	Avg reward: 11.25	Avg steps: 2024
2020-07-02 21:51:54,943	INFO	Total steps: 2747522	Episode: 1660/1757	Avg reward: 10.95	Avg steps: 2080
2020-07-02 22:12:24,262	INFO	Total steps: 2788180	Episode: 1680/1625	Avg reward: 11.50	Avg steps: 2031
2020-07-02 22:32:17,724	INFO	Total steps: 2827007	Episode: 1700/1740	Avg reward: 12.85	Avg steps: 1940
2020-07-02 22:51:58,865	INFO	Total steps: 2866190	Episode: 1720/2416	Avg reward: 13.25	Avg steps: 1958
2020-07-02 23:11:33,703	INFO	Total steps: 2905097	Episode: 1740/2131	Avg reward: 12.40	Avg steps: 1944
2020-07-02 23:32:21,691	INFO	Total steps: 2945140	Episode: 1760/3039	Avg reward: 11.70	Avg steps: 2001
2020-07-02 23:52:44,312	INFO	Total steps: 2985028	Episode: 1780/1467	Avg reward: 13.50	Avg steps: 1993
2020-07-03 00:10:25,147	INFO	Total steps: 3024013	Episode: 1800/1868	Avg reward: 13.40	Avg steps: 1948
2020-07-03 00:27:41,570	INFO	Total steps: 3061855	Episode: 1820/1775	Avg reward: 12.20	Avg steps: 1891
2020-07-03 00:45:35,161	INFO	Total steps: 3101848	Episode: 1840/2473	Avg reward: 12.20	Avg steps: 1998
2020-07-03 01:02:05,555	INFO	Total steps: 3138655	Episode: 1860/1788	Avg reward: 13.10	Avg steps: 1839
2020-07-03 01:21:42,256	INFO	Total steps: 3176266	Episode: 1880/1902	Avg reward: 13.60	Avg steps: 1879
2020-07-03 01:39:18,738	INFO	Total steps: 3215384	Episode: 1900/1858	Avg reward: 15.10	Avg steps: 1954
2020-07-03 01:56:58,292	INFO	Total steps: 3254655	Episode: 1920/2244	Avg reward: 13.40	Avg steps: 1962
2020-07-03 02:15:49,543	INFO	Total steps: 3294747	Episode: 1940/2022	Avg reward: 13.00	Avg steps: 2003
2020-07-03 02:33:12,855	INFO	Total steps: 3333729	Episode: 1960/1462	Avg reward: 13.60	Avg steps: 1948
2020-07-03 02:50:04,093	INFO	Total steps: 3369295	Episode: 1980/1800	Avg reward: 15.25	Avg steps: 1777
2020-07-03 03:08:16,509	INFO	Total steps: 3408274	Episode: 2000/2248	Avg reward: 14.25	Avg steps: 1947
2020-07-03 03:24:30,864	INFO	Total steps: 3444887	Episode: 2020/1937	Avg reward: 14.65	Avg steps: 1829
2020-07-03 03:40:53,031	INFO	Total steps: 3481366	Episode: 2040/1824	Avg reward: 15.15	Avg steps: 1822
2020-07-03 03:57:34,599	INFO	Total steps: 3517874	Episode: 2060/1842	Avg reward: 14.90	Avg steps: 1824
2020-07-03 04:15:13,043	INFO	Total steps: 3556364	Episode: 2080/2027	Avg reward: 14.30	Avg steps: 1923
2020-07-03 04:32:12,126	INFO	Total steps: 3593252	Episode: 2100/2155	Avg reward: 14.85	Avg steps: 1843
2020-07-03 04:49:08,972	INFO	Total steps: 3630051	Episode: 2120/2224	Avg reward: 15.25	Avg steps: 1838
2020-07-03 05:05:32,484	INFO	Total steps: 3666251	Episode: 2140/2091	Avg reward: 15.60	Avg steps: 1809
2020-07-03 05:22:21,534	INFO	Total steps: 3704223	Episode: 2160/1524	Avg reward: 14.85	Avg steps: 1897
2020-07-03 05:38:39,793	INFO	Total steps: 3739608	Episode: 2180/1999	Avg reward: 15.80	Avg steps: 1768
2020-07-03 05:54:59,685	INFO	Total steps: 3775126	Episode: 2200/1683	Avg reward: 15.85	Avg steps: 1774
2020-07-03 06:11:35,946	INFO	Total steps: 3812278	Episode: 2220/1737	Avg reward: 14.60	Avg steps: 1856
2020-07-03 06:28:15,406	INFO	Total steps: 3849861	Episode: 2240/2084	Avg reward: 15.40	Avg steps: 1878
2020-07-03 06:45:04,109	INFO	Total steps: 3887483	Episode: 2260/2024	Avg reward: 15.00	Avg steps: 1880
2020-07-03 07:00:37,475	INFO	Total steps: 3922364	Episode: 2280/1574	Avg reward: 15.60	Avg steps: 1743
2020-07-03 07:16:14,664	INFO	Total steps: 3956873	Episode: 2300/1960	Avg reward: 16.15	Avg steps: 1724
2020-07-03 07:31:58,423	INFO	Total steps: 3990786	Episode: 2320/1543	Avg reward: 16.55	Avg steps: 1694
2020-07-03 07:49:45,793	INFO	Total steps: 4026688	Episode: 2340/1824	Avg reward: 16.90	Avg steps: 1794
2020-07-03 08:06:00,200	INFO	Total steps: 4061077	Episode: 2360/1502	Avg reward: 16.85	Avg steps: 1718
2020-07-03 08:23:43,302	INFO	Total steps: 4099501	Episode: 2380/2148	Avg reward: 15.30	Avg steps: 1920
2020-07-03 08:41:21,976	INFO	Total steps: 4137237	Episode: 2400/1648	Avg reward: 16.60	Avg steps: 1885
2020-07-03 08:58:28,952	INFO	Total steps: 4173721	Episode: 2420/1937	Avg reward: 16.30	Avg steps: 1823
2020-07-03 09:17:07,965	INFO	Total steps: 4210765	Episode: 2440/1827	Avg reward: 15.60	Avg steps: 1851
2020-07-03 09:35:50,800	INFO	Total steps: 4247176	Episode: 2460/2036	Avg reward: 16.95	Avg steps: 1819
2020-07-03 09:53:39,431	INFO	Total steps: 4282257	Episode: 2480/1857	Avg reward: 17.30	Avg steps: 1753
2020-07-03 10:11:22,529	INFO	Total steps: 4317345	Episode: 2500/1697	Avg reward: 16.65	Avg steps: 1753
2020-07-03 10:28:31,806	INFO	Total steps: 4350832	Episode: 2520/1795	Avg reward: 16.15	Avg steps: 1673
2020-07-03 10:46:45,021	INFO	Total steps: 4385728	Episode: 2540/1778	Avg reward: 16.70	Avg steps: 1743
2020-07-03 11:04:10,531	INFO	Total steps: 4420678	Episode: 2560/1829	Avg reward: 16.55	Avg steps: 1746
2020-07-03 11:21:28,887	INFO	Total steps: 4456078	Episode: 2580/1479	Avg reward: 16.70	Avg steps: 1769
2020-07-03 11:38:43,450	INFO	Total steps: 4491221	Episode: 2600/2048	Avg reward: 16.70	Avg steps: 1756
2020-07-03 11:58:07,736	INFO	Total steps: 4527694	Episode: 2620/1522	Avg reward: 16.70	Avg steps: 1822
2020-07-03 12:17:21,729	INFO	Total steps: 4564084	Episode: 2640/1524	Avg reward: 16.00	Avg steps: 1818
2020-07-03 12:34:59,024	INFO	Total steps: 4598524	Episode: 2660/1812	Avg reward: 16.90	Avg steps: 1721
2020-07-03 12:51:37,518	INFO	Total steps: 4633230	Episode: 2680/2134	Avg reward: 16.70	Avg steps: 1734
2020-07-03 13:06:44,662	INFO	Total steps: 4666411	Episode: 2700/1620	Avg reward: 17.25	Avg steps: 1658
2020-07-03 13:22:31,259	INFO	Total steps: 4700391	Episode: 2720/1846	Avg reward: 17.25	Avg steps: 1698
2020-07-03 13:37:41,318	INFO	Total steps: 4733394	Episode: 2740/2096	Avg reward: 16.75	Avg steps: 1649
2020-07-03 13:53:45,926	INFO	Total steps: 4767937	Episode: 2760/2035	Avg reward: 16.15	Avg steps: 1726
2020-07-03 14:10:28,398	INFO	Total steps: 4804258	Episode: 2780/1911	Avg reward: 16.30	Avg steps: 1815
2020-07-03 14:26:44,509	INFO	Total steps: 4839604	Episode: 2800/1633	Avg reward: 16.90	Avg steps: 1766
2020-07-03 14:43:26,097	INFO	Total steps: 4874874	Episode: 2820/1534	Avg reward: 17.15	Avg steps: 1762
2020-07-03 14:59:03,304	INFO	Total steps: 4908077	Episode: 2840/1715	Avg reward: 17.05	Avg steps: 1659
2020-07-03 15:13:58,970	INFO	Total steps: 4940481	Episode: 2860/1711	Avg reward: 17.65	Avg steps: 1619
2020-07-03 15:30:23,567	INFO	Total steps: 4973873	Episode: 2880/1405	Avg reward: 17.60	Avg steps: 1668
2020-07-03 15:46:41,285	INFO	Total steps: 5009576	Episode: 2900/2308	Avg reward: 16.90	Avg steps: 1784
2020-07-03 16:02:54,454	INFO	Total steps: 5045000	Episode: 2920/1878	Avg reward: 16.90	Avg steps: 1770
2020-07-03 16:20:06,553	INFO	Total steps: 5081615	Episode: 2940/2092	Avg reward: 16.40	Avg steps: 1829
2020-07-03 16:36:14,426	INFO	Total steps: 5116601	Episode: 2960/2300	Avg reward: 17.35	Avg steps: 1748
2020-07-03 16:53:12,351	INFO	Total steps: 5152660	Episode: 2980/1756	Avg reward: 16.40	Avg steps: 1801
2020-07-03 17:08:40,892	INFO	Total steps: 5185897	Episode: 3000/1228	Avg reward: 17.70	Avg steps: 1660
2020-07-03 17:24:03,645	INFO	Total steps: 5219806	Episode: 3020/1536	Avg reward: 16.85	Avg steps: 1694
2020-07-03 17:39:52,642	INFO	Total steps: 5255103	Episode: 3040/1500	Avg reward: 17.35	Avg steps: 1763
2020-07-03 17:55:24,264	INFO	Total steps: 5288647	Episode: 3060/1493	Avg reward: 17.30	Avg steps: 1676
2020-07-03 18:12:09,141	INFO	Total steps: 5324953	Episode: 3080/2194	Avg reward: 16.40	Avg steps: 1814
2020-07-03 18:29:01,096	INFO	Total steps: 5360490	Episode: 3100/1989	Avg reward: 16.70	Avg steps: 1775
2020-07-03 18:45:48,911	INFO	Total steps: 5395646	Episode: 3120/1698	Avg reward: 16.80	Avg steps: 1756
2020-07-03 19:04:48,258	INFO	Total steps: 5432001	Episode: 3140/1334	Avg reward: 17.65	Avg steps: 1816
2020-07-03 19:23:07,305	INFO	Total steps: 5467019	Episode: 3160/1793	Avg reward: 15.90	Avg steps: 1749
2020-07-03 19:40:43,074	INFO	Total steps: 5502751	Episode: 3180/1910	Avg reward: 16.20	Avg steps: 1785
2020-07-03 19:56:15,765	INFO	Total steps: 5536170	Episode: 3200/1890	Avg reward: 16.95	Avg steps: 1669
2020-07-03 20:11:45,217	INFO	Total steps: 5569663	Episode: 3220/1599	Avg reward: 17.05	Avg steps: 1673
2020-07-03 20:27:38,491	INFO	Total steps: 5603906	Episode: 3240/1738	Avg reward: 17.00	Avg steps: 1711
2020-07-03 20:44:15,462	INFO	Total steps: 5639836	Episode: 3260/1600	Avg reward: 16.85	Avg steps: 1795
2020-07-03 20:59:55,681	INFO	Total steps: 5672627	Episode: 3280/1515	Avg reward: 17.60	Avg steps: 1638
2020-07-03 21:15:20,715	INFO	Total steps: 5705927	Episode: 3300/1512	Avg reward: 17.55	Avg steps: 1664
2020-07-03 21:31:01,585	INFO	Total steps: 5739673	Episode: 3320/1709	Avg reward: 17.90	Avg steps: 1686
2020-07-03 21:46:33,456	INFO	Total steps: 5772954	Episode: 3340/1653	Avg reward: 17.85	Avg steps: 1663
2020-07-03 22:02:18,755	INFO	Total steps: 5806493	Episode: 3360/1800	Avg reward: 16.90	Avg steps: 1675
2020-07-03 22:18:44,219	INFO	Total steps: 5842556	Episode: 3380/1982	Avg reward: 16.90	Avg steps: 1802
2020-07-03 22:36:13,536	INFO	Total steps: 5880499	Episode: 3400/1720	Avg reward: 16.15	Avg steps: 1896
2020-07-03 22:53:00,456	INFO	Total steps: 5917134	Episode: 3420/1457	Avg reward: 16.15	Avg steps: 1830
2020-07-03 23:10:10,437	INFO	Total steps: 5955056	Episode: 3440/2070	Avg reward: 16.05	Avg steps: 1895
2020-07-03 23:28:09,771	INFO	Total steps: 5993224	Episode: 3460/2009	Avg reward: 16.00	Avg steps: 1907
2020-07-03 23:45:17,163	INFO	Total steps: 6031250	Episode: 3480/1614	Avg reward: 15.95	Avg steps: 1900
2020-07-04 00:02:30,837	INFO	Total steps: 6067142	Episode: 3500/2041	Avg reward: 16.05	Avg steps: 1793
2020-07-04 00:18:55,723	INFO	Total steps: 6103115	Episode: 3520/1513	Avg reward: 17.05	Avg steps: 1797
2020-07-04 00:35:51,099	INFO	Total steps: 6140113	Episode: 3540/1928	Avg reward: 16.40	Avg steps: 1848
2020-07-04 00:53:59,673	INFO	Total steps: 6177486	Episode: 3560/2221	Avg reward: 16.15	Avg steps: 1867
2020-07-04 01:14:30,287	INFO	Total steps: 6216697	Episode: 3580/1591	Avg reward: 15.10	Avg steps: 1959
2020-07-04 01:32:35,203	INFO	Total steps: 6251031	Episode: 3600/1432	Avg reward: 17.05	Avg steps: 1715
2020-07-04 01:49:58,541	INFO	Total steps: 6286400	Episode: 3620/2370	Avg reward: 16.15	Avg steps: 1767
2020-07-04 02:05:48,283	INFO	Total steps: 6321117	Episode: 3640/1756	Avg reward: 17.20	Avg steps: 1734
2020-07-04 02:21:42,825	INFO	Total steps: 6356298	Episode: 3660/1724	Avg reward: 17.55	Avg steps: 1758
2020-07-04 02:37:49,593	INFO	Total steps: 6393064	Episode: 3680/1753	Avg reward: 17.05	Avg steps: 1837
2020-07-04 02:51:56,958	INFO	Total steps: 6426457	Episode: 3700/1938	Avg reward: 17.50	Avg steps: 1668
2020-07-04 03:06:15,338	INFO	Total steps: 6461539	Episode: 3720/1729	Avg reward: 17.45	Avg steps: 1753
2020-07-04 03:20:00,454	INFO	Total steps: 6495341	Episode: 3740/1940	Avg reward: 16.25	Avg steps: 1689
2020-07-04 03:34:06,997	INFO	Total steps: 6530052	Episode: 3760/1909	Avg reward: 16.95	Avg steps: 1734
2020-07-04 03:48:44,323	INFO	Total steps: 6565789	Episode: 3780/1714	Avg reward: 16.90	Avg steps: 1785
2020-07-04 04:03:23,339	INFO	Total steps: 6601753	Episode: 3800/1751	Avg reward: 17.00	Avg steps: 1797
2020-07-04 04:17:18,848	INFO	Total steps: 6636099	Episode: 3820/1597	Avg reward: 16.95	Avg steps: 1716
2020-07-04 04:31:36,415	INFO	Total steps: 6670806	Episode: 3840/1918	Avg reward: 17.40	Avg steps: 1734
2020-07-04 04:46:14,668	INFO	Total steps: 6706517	Episode: 3860/1379	Avg reward: 16.65	Avg steps: 1784
2020-07-04 05:00:28,196	INFO	Total steps: 6741507	Episode: 3880/1711	Avg reward: 16.40	Avg steps: 1748
2020-07-04 05:14:54,232	INFO	Total steps: 6777730	Episode: 3900/1569	Avg reward: 17.05	Avg steps: 1810
2020-07-04 05:28:59,746	INFO	Total steps: 6812373	Episode: 3920/1543	Avg reward: 18.00	Avg steps: 1731
2020-07-04 05:42:34,807	INFO	Total steps: 6845734	Episode: 3940/1576	Avg reward: 17.20	Avg steps: 1667
2020-07-04 05:57:21,371	INFO	Total steps: 6882241	Episode: 3960/1933	Avg reward: 17.05	Avg steps: 1824
2020-07-04 06:11:08,924	INFO	Total steps: 6916081	Episode: 3980/1725	Avg reward: 16.90	Avg steps: 1691
2020-07-04 06:24:50,784	INFO	Total steps: 6949744	Episode: 4000/1758	Avg reward: 17.60	Avg steps: 1682
2020-07-06 17:19:28,749	INFO	--width 160 --height 160 --ball 1.0 --ball-size 2.0 --snell 1.0 --snell-width 40.0 --snell-change 0.0 --snell-visible none --paddle-speed 1.0 --paddle-angle 75.0 --paddle-length 20.0 --update-prob 0.3 --state binary --learning-rate 0.0001 --network dqn_pong_model --render False --epsdecay 1000 --episodes 4000 --replay 10000 --checkpoint dqn_pong_model --history history.p --store-dir ../experiments/snell_width.40.0-paddle_length.20.0-paddle_angle.75.0-update_prob.0.3 
2020-07-06 17:19:28,840	INFO	Device: cuda
2020-07-06 17:22:45,824	INFO	Total steps: 13726	Episode: 20/528	Avg reward: -19.10	Avg steps: 685
2020-07-06 17:29:53,649	INFO	Total steps: 27355	Episode: 40/812	Avg reward: -19.05	Avg steps: 680
2020-07-06 17:38:39,624	INFO	Total steps: 44075	Episode: 60/834	Avg reward: -17.85	Avg steps: 835
2020-07-06 17:47:51,074	INFO	Total steps: 61470	Episode: 80/1317	Avg reward: -17.75	Avg steps: 868
2020-07-06 17:55:51,915	INFO	Total steps: 76736	Episode: 100/1011	Avg reward: -18.00	Avg steps: 762
2020-07-06 18:03:55,005	INFO	Total steps: 91991	Episode: 120/646	Avg reward: -18.40	Avg steps: 761
2020-07-06 18:11:52,437	INFO	Total steps: 107025	Episode: 140/863	Avg reward: -18.00	Avg steps: 750
2020-07-06 18:20:49,388	INFO	Total steps: 123922	Episode: 160/678	Avg reward: -17.75	Avg steps: 843
2020-07-06 18:29:53,282	INFO	Total steps: 140893	Episode: 180/701	Avg reward: -17.90	Avg steps: 847
2020-07-06 18:37:48,100	INFO	Total steps: 155762	Episode: 200/519	Avg reward: -18.35	Avg steps: 742
2020-07-06 18:47:07,539	INFO	Total steps: 173206	Episode: 220/539	Avg reward: -17.50	Avg steps: 871
2020-07-06 18:55:51,146	INFO	Total steps: 189480	Episode: 240/1028	Avg reward: -17.60	Avg steps: 812
2020-07-06 19:05:30,821	INFO	Total steps: 207598	Episode: 260/819	Avg reward: -17.35	Avg steps: 904
2020-07-06 19:15:35,467	INFO	Total steps: 226504	Episode: 280/1120	Avg reward: -16.45	Avg steps: 944
2020-07-06 19:24:33,576	INFO	Total steps: 243257	Episode: 300/1133	Avg reward: -17.30	Avg steps: 836
2020-07-06 19:35:03,155	INFO	Total steps: 262855	Episode: 320/503	Avg reward: -16.50	Avg steps: 978
2020-07-06 19:45:16,254	INFO	Total steps: 281949	Episode: 340/951	Avg reward: -16.45	Avg steps: 953
2020-07-06 19:55:47,852	INFO	Total steps: 301511	Episode: 360/675	Avg reward: -16.65	Avg steps: 977
2020-07-06 20:07:41,438	INFO	Total steps: 323658	Episode: 380/1155	Avg reward: -14.75	Avg steps: 1106
2020-07-06 20:21:01,231	INFO	Total steps: 348397	Episode: 400/1665	Avg reward: -14.15	Avg steps: 1235
2020-07-06 20:33:44,139	INFO	Total steps: 371941	Episode: 420/1203	Avg reward: -15.00	Avg steps: 1176
2020-07-06 20:45:26,821	INFO	Total steps: 393565	Episode: 440/869	Avg reward: -15.35	Avg steps: 1080
2020-07-06 20:57:56,321	INFO	Total steps: 416615	Episode: 460/1207	Avg reward: -14.65	Avg steps: 1151
2020-07-06 21:09:57,818	INFO	Total steps: 438880	Episode: 480/846	Avg reward: -14.90	Avg steps: 1112
2020-07-06 21:22:25,510	INFO	Total steps: 461857	Episode: 500/919	Avg reward: -15.00	Avg steps: 1147
2020-07-06 21:35:56,687	INFO	Total steps: 486780	Episode: 520/1057	Avg reward: -14.00	Avg steps: 1245
2020-07-06 21:49:18,898	INFO	Total steps: 511518	Episode: 540/1412	Avg reward: -13.80	Avg steps: 1235
2020-07-06 22:02:27,450	INFO	Total steps: 535872	Episode: 560/1204	Avg reward: -13.95	Avg steps: 1216
2020-07-06 22:17:57,091	INFO	Total steps: 564465	Episode: 580/1790	Avg reward: -12.35	Avg steps: 1428
2020-07-06 22:33:14,951	INFO	Total steps: 592638	Episode: 600/1712	Avg reward: -12.25	Avg steps: 1407
2020-07-06 22:49:34,471	INFO	Total steps: 622654	Episode: 620/2124	Avg reward: -12.15	Avg steps: 1499
2020-07-06 23:05:36,265	INFO	Total steps: 652100	Episode: 640/1559	Avg reward: -11.50	Avg steps: 1471
2020-07-06 23:20:40,387	INFO	Total steps: 679739	Episode: 660/1206	Avg reward: -12.30	Avg steps: 1380
2020-07-06 23:36:10,834	INFO	Total steps: 708175	Episode: 680/1417	Avg reward: -11.60	Avg steps: 1420
2020-07-06 23:52:16,365	INFO	Total steps: 737698	Episode: 700/1386	Avg reward: -11.40	Avg steps: 1475
2020-07-07 00:09:23,936	INFO	Total steps: 769201	Episode: 720/1212	Avg reward: -10.70	Avg steps: 1574
2020-07-07 00:27:35,290	INFO	Total steps: 802493	Episode: 740/1990	Avg reward: -10.10	Avg steps: 1663
2020-07-07 00:47:11,191	INFO	Total steps: 838380	Episode: 760/1816	Avg reward: -8.70	Avg steps: 1793
2020-07-07 01:06:47,157	INFO	Total steps: 874295	Episode: 780/2362	Avg reward: -8.10	Avg steps: 1794
2020-07-07 01:26:04,611	INFO	Total steps: 909117	Episode: 800/1987	Avg reward: -8.20	Avg steps: 1740
2020-07-07 01:45:25,810	INFO	Total steps: 942787	Episode: 820/1797	Avg reward: -8.30	Avg steps: 1682
2020-07-07 02:07:11,971	INFO	Total steps: 980701	Episode: 840/1713	Avg reward: -6.65	Avg steps: 1894
2020-07-07 02:29:09,660	INFO	Total steps: 1018995	Episode: 860/1848	Avg reward: -4.40	Avg steps: 1913
2020-07-07 02:52:23,740	INFO	Total steps: 1059516	Episode: 880/1541	Avg reward: -5.60	Avg steps: 2025
2020-07-07 03:14:54,270	INFO	Total steps: 1098574	Episode: 900/2189	Avg reward: -4.15	Avg steps: 1951
2020-07-07 03:38:51,568	INFO	Total steps: 1138936	Episode: 920/1691	Avg reward: -4.70	Avg steps: 2017
2020-07-07 04:07:29,273	INFO	Total steps: 1184699	Episode: 940/2054	Avg reward: -3.45	Avg steps: 2287
2020-07-07 04:35:10,535	INFO	Total steps: 1229048	Episode: 960/2527	Avg reward: -2.55	Avg steps: 2216
2020-07-07 05:03:57,933	INFO	Total steps: 1275461	Episode: 980/2673	Avg reward: 0.85	Avg steps: 2319
2020-07-07 05:30:54,523	INFO	Total steps: 1318536	Episode: 1000/2259	Avg reward: -0.70	Avg steps: 2152
2020-07-07 05:59:40,177	INFO	Total steps: 1364416	Episode: 1020/2056	Avg reward: 0.55	Avg steps: 2293
2020-07-07 06:28:27,488	INFO	Total steps: 1410521	Episode: 1040/1819	Avg reward: -1.55	Avg steps: 2304
2020-07-07 06:53:34,599	INFO	Total steps: 1450697	Episode: 1060/1683	Avg reward: -3.00	Avg steps: 2007
2020-07-07 07:20:07,246	INFO	Total steps: 1493024	Episode: 1080/2209	Avg reward: -1.65	Avg steps: 2115
2020-07-07 07:49:51,930	INFO	Total steps: 1540617	Episode: 1100/2728	Avg reward: 1.35	Avg steps: 2378
2020-07-07 08:18:57,418	INFO	Total steps: 1587154	Episode: 1120/2737	Avg reward: 1.55	Avg steps: 2325
2020-07-07 08:47:10,803	INFO	Total steps: 1632226	Episode: 1140/2524	Avg reward: 2.50	Avg steps: 2252
2020-07-07 09:15:44,447	INFO	Total steps: 1677961	Episode: 1160/2278	Avg reward: 1.80	Avg steps: 2285
2020-07-07 09:43:53,623	INFO	Total steps: 1722978	Episode: 1180/2165	Avg reward: 1.90	Avg steps: 2249
2020-07-07 10:12:32,139	INFO	Total steps: 1768758	Episode: 1200/1852	Avg reward: 2.15	Avg steps: 2288
2020-07-07 10:42:04,125	INFO	Total steps: 1816141	Episode: 1220/2798	Avg reward: 1.45	Avg steps: 2368
2020-07-07 11:10:19,038	INFO	Total steps: 1861140	Episode: 1240/1969	Avg reward: 5.80	Avg steps: 2248
2020-07-07 11:39:16,718	INFO	Total steps: 1907539	Episode: 1260/2186	Avg reward: 6.95	Avg steps: 2318
2020-07-07 12:06:01,366	INFO	Total steps: 1950623	Episode: 1280/2452	Avg reward: 7.60	Avg steps: 2153
2020-07-07 12:32:16,043	INFO	Total steps: 1992831	Episode: 1300/2312	Avg reward: 8.85	Avg steps: 2109
2020-07-07 13:01:14,128	INFO	Total steps: 2039475	Episode: 1320/2460	Avg reward: 7.50	Avg steps: 2331
2020-07-07 13:26:25,894	INFO	Total steps: 2080109	Episode: 1340/1783	Avg reward: 9.60	Avg steps: 2030
2020-07-07 13:54:30,843	INFO	Total steps: 2125417	Episode: 1360/2353	Avg reward: 8.95	Avg steps: 2264
2020-07-07 14:22:39,447	INFO	Total steps: 2170727	Episode: 1380/2629	Avg reward: 5.40	Avg steps: 2264
2020-07-07 14:50:01,362	INFO	Total steps: 2214503	Episode: 1400/2134	Avg reward: 9.05	Avg steps: 2187
2020-07-07 15:16:44,740	INFO	Total steps: 2256709	Episode: 1420/2216	Avg reward: 7.95	Avg steps: 2109
2020-07-07 15:43:36,891	INFO	Total steps: 2299274	Episode: 1440/1646	Avg reward: 10.40	Avg steps: 2127
2020-07-07 16:08:44,151	INFO	Total steps: 2339144	Episode: 1460/1711	Avg reward: 12.25	Avg steps: 1992
2020-07-07 16:35:37,121	INFO	Total steps: 2381469	Episode: 1480/2055	Avg reward: 10.30	Avg steps: 2115
2020-07-07 17:00:33,816	INFO	Total steps: 2421049	Episode: 1500/1562	Avg reward: 11.65	Avg steps: 1978
2020-07-07 17:24:57,129	INFO	Total steps: 2459732	Episode: 1520/1823	Avg reward: 11.55	Avg steps: 1933
2020-07-07 17:50:19,604	INFO	Total steps: 2500134	Episode: 1540/1976	Avg reward: 10.45	Avg steps: 2019
2020-07-07 18:17:07,705	INFO	Total steps: 2542629	Episode: 1560/2098	Avg reward: 8.15	Avg steps: 2123
2020-07-07 18:43:28,781	INFO	Total steps: 2584434	Episode: 1580/1754	Avg reward: 11.00	Avg steps: 2089
2020-07-07 19:09:00,768	INFO	Total steps: 2625061	Episode: 1600/2561	Avg reward: 12.65	Avg steps: 2030
2020-07-07 19:35:39,518	INFO	Total steps: 2667536	Episode: 1620/1857	Avg reward: 11.45	Avg steps: 2122
2020-07-07 20:01:01,534	INFO	Total steps: 2708175	Episode: 1640/1877	Avg reward: 10.85	Avg steps: 2030
2020-07-07 20:26:29,193	INFO	Total steps: 2748351	Episode: 1660/1813	Avg reward: 12.70	Avg steps: 2007
2020-07-07 20:52:27,708	INFO	Total steps: 2789283	Episode: 1680/2086	Avg reward: 11.00	Avg steps: 2045
2020-07-07 21:16:51,272	INFO	Total steps: 2827967	Episode: 1700/1871	Avg reward: 12.20	Avg steps: 1933
2020-07-07 21:40:57,184	INFO	Total steps: 2866577	Episode: 1720/2054	Avg reward: 11.90	Avg steps: 1929
2020-07-07 22:06:42,833	INFO	Total steps: 2907685	Episode: 1740/1872	Avg reward: 12.15	Avg steps: 2054
2020-07-07 22:30:51,524	INFO	Total steps: 2946423	Episode: 1760/2186	Avg reward: 12.10	Avg steps: 1935
2020-07-07 22:51:26,244	INFO	Total steps: 2981517	Episode: 1780/1730	Avg reward: 14.10	Avg steps: 1753
2020-07-07 23:12:52,412	INFO	Total steps: 3018087	Episode: 1800/1982	Avg reward: 14.25	Avg steps: 1827
2020-07-07 23:35:11,953	INFO	Total steps: 3056342	Episode: 1820/2113	Avg reward: 14.30	Avg steps: 1911
2020-07-07 23:57:39,711	INFO	Total steps: 3094902	Episode: 1840/1781	Avg reward: 13.50	Avg steps: 1927
2020-07-08 00:18:13,049	INFO	Total steps: 3130114	Episode: 1860/1543	Avg reward: 14.60	Avg steps: 1759
2020-07-08 00:41:00,295	INFO	Total steps: 3169132	Episode: 1880/2316	Avg reward: 14.00	Avg steps: 1949
2020-07-08 01:03:25,529	INFO	Total steps: 3207577	Episode: 1900/2075	Avg reward: 14.65	Avg steps: 1921
2020-07-08 01:25:17,084	INFO	Total steps: 3244985	Episode: 1920/1721	Avg reward: 15.55	Avg steps: 1869
2020-07-08 01:48:20,076	INFO	Total steps: 3284535	Episode: 1940/1883	Avg reward: 13.90	Avg steps: 1976
2020-07-08 02:09:38,178	INFO	Total steps: 3321018	Episode: 1960/1617	Avg reward: 13.70	Avg steps: 1823
2020-07-08 02:31:25,846	INFO	Total steps: 3358309	Episode: 1980/1888	Avg reward: 15.00	Avg steps: 1863
2020-07-08 02:53:43,864	INFO	Total steps: 3396470	Episode: 2000/2042	Avg reward: 14.25	Avg steps: 1907
2020-07-08 03:16:23,246	INFO	Total steps: 3435325	Episode: 2020/2118	Avg reward: 14.25	Avg steps: 1941
2020-07-08 03:39:21,337	INFO	Total steps: 3474596	Episode: 2040/1706	Avg reward: 14.70	Avg steps: 1962
2020-07-08 04:00:48,047	INFO	Total steps: 3511347	Episode: 2060/1942	Avg reward: 14.80	Avg steps: 1836
2020-07-08 04:24:06,824	INFO	Total steps: 3551254	Episode: 2080/1693	Avg reward: 14.55	Avg steps: 1994
2020-07-08 04:47:17,452	INFO	Total steps: 3590889	Episode: 2100/2295	Avg reward: 14.05	Avg steps: 1980
2020-07-08 05:08:10,248	INFO	Total steps: 3626659	Episode: 2120/1681	Avg reward: 15.80	Avg steps: 1787
2020-07-08 05:27:43,054	INFO	Total steps: 3660086	Episode: 2140/1809	Avg reward: 15.80	Avg steps: 1670
2020-07-08 05:48:22,522	INFO	Total steps: 3695411	Episode: 2160/1781	Avg reward: 16.40	Avg steps: 1765
2020-07-08 06:09:48,516	INFO	Total steps: 3732074	Episode: 2180/2422	Avg reward: 15.00	Avg steps: 1832
2020-07-08 06:31:06,233	INFO	Total steps: 3768561	Episode: 2200/1439	Avg reward: 14.60	Avg steps: 1823
2020-07-08 06:54:25,048	INFO	Total steps: 3808427	Episode: 2220/1885	Avg reward: 14.55	Avg steps: 1992
2020-07-08 07:15:31,762	INFO	Total steps: 3844713	Episode: 2240/1741	Avg reward: 14.60	Avg steps: 1813
2020-07-08 07:35:25,860	INFO	Total steps: 3879008	Episode: 2260/2368	Avg reward: 15.40	Avg steps: 1713
2020-07-08 07:56:42,945	INFO	Total steps: 3915715	Episode: 2280/2031	Avg reward: 15.80	Avg steps: 1834
2020-07-08 08:18:03,032	INFO	Total steps: 3952453	Episode: 2300/1449	Avg reward: 15.60	Avg steps: 1835
2020-07-08 08:38:47,644	INFO	Total steps: 3988085	Episode: 2320/1909	Avg reward: 15.80	Avg steps: 1780
2020-07-08 08:58:56,681	INFO	Total steps: 4022745	Episode: 2340/1693	Avg reward: 16.75	Avg steps: 1732
2020-07-08 09:18:52,647	INFO	Total steps: 4057054	Episode: 2360/1667	Avg reward: 16.40	Avg steps: 1714
2020-07-08 09:40:26,069	INFO	Total steps: 4094149	Episode: 2380/1945	Avg reward: 14.65	Avg steps: 1853
2020-07-08 10:01:47,907	INFO	Total steps: 4130963	Episode: 2400/1537	Avg reward: 16.20	Avg steps: 1839
2020-07-08 10:21:39,864	INFO	Total steps: 4165136	Episode: 2420/1462	Avg reward: 16.30	Avg steps: 1707
2020-07-08 10:43:05,240	INFO	Total steps: 4201762	Episode: 2440/1781	Avg reward: 16.40	Avg steps: 1830
2020-07-08 11:04:14,704	INFO	Total steps: 4238162	Episode: 2460/2211	Avg reward: 15.50	Avg steps: 1819
2020-07-08 11:24:51,459	INFO	Total steps: 4273588	Episode: 2480/1506	Avg reward: 15.90	Avg steps: 1770
2020-07-08 11:45:58,475	INFO	Total steps: 4309801	Episode: 2500/1560	Avg reward: 16.45	Avg steps: 1809
2020-07-08 12:07:10,889	INFO	Total steps: 4345683	Episode: 2520/1811	Avg reward: 15.30	Avg steps: 1793
2020-07-08 12:28:51,620	INFO	Total steps: 4382364	Episode: 2540/1822	Avg reward: 16.00	Avg steps: 1833
2020-07-08 12:49:55,703	INFO	Total steps: 4418523	Episode: 2560/1643	Avg reward: 16.35	Avg steps: 1806
2020-07-08 13:09:09,701	INFO	Total steps: 4451750	Episode: 2580/1717	Avg reward: 17.35	Avg steps: 1660
2020-07-08 13:29:24,772	INFO	Total steps: 4486653	Episode: 2600/1492	Avg reward: 17.60	Avg steps: 1744
2020-07-08 13:49:14,995	INFO	Total steps: 4521001	Episode: 2620/1657	Avg reward: 16.05	Avg steps: 1716
2020-07-08 14:08:52,520	INFO	Total steps: 4555107	Episode: 2640/1748	Avg reward: 16.85	Avg steps: 1704
2020-07-08 14:26:02,512	INFO	Total steps: 4591059	Episode: 2660/1996	Avg reward: 16.95	Avg steps: 1796
2020-07-08 14:45:45,195	INFO	Total steps: 4626107	Episode: 2680/1716	Avg reward: 17.10	Avg steps: 1751
2020-07-08 15:06:14,888	INFO	Total steps: 4661191	Episode: 2700/1612	Avg reward: 16.60	Avg steps: 1753
2020-07-08 15:26:06,055	INFO	Total steps: 4695301	Episode: 2720/1617	Avg reward: 17.95	Avg steps: 1704
2020-07-08 15:45:44,699	INFO	Total steps: 4728996	Episode: 2740/1958	Avg reward: 17.90	Avg steps: 1683
2020-07-08 16:06:03,667	INFO	Total steps: 4763844	Episode: 2760/1818	Avg reward: 16.25	Avg steps: 1741
2020-07-08 16:27:08,059	INFO	Total steps: 4799899	Episode: 2780/1917	Avg reward: 17.45	Avg steps: 1801
2020-07-08 16:46:27,317	INFO	Total steps: 4832901	Episode: 2800/1499	Avg reward: 17.65	Avg steps: 1649
2020-07-08 17:06:10,342	INFO	Total steps: 4866539	Episode: 2820/1704	Avg reward: 17.30	Avg steps: 1680
2020-07-08 17:26:12,789	INFO	Total steps: 4900827	Episode: 2840/1862	Avg reward: 17.35	Avg steps: 1713
2020-07-08 17:45:36,660	INFO	Total steps: 4933802	Episode: 2860/1525	Avg reward: 17.75	Avg steps: 1647
2020-07-08 18:05:38,805	INFO	Total steps: 4967739	Episode: 2880/1402	Avg reward: 17.40	Avg steps: 1695
2020-07-08 18:26:17,021	INFO	Total steps: 5002811	Episode: 2900/1725	Avg reward: 16.90	Avg steps: 1752
2020-07-08 18:47:05,398	INFO	Total steps: 5037928	Episode: 2920/1821	Avg reward: 17.20	Avg steps: 1754
2020-07-08 19:07:41,431	INFO	Total steps: 5072820	Episode: 2940/1620	Avg reward: 16.75	Avg steps: 1743
2020-07-08 19:27:39,519	INFO	Total steps: 5106711	Episode: 2960/1687	Avg reward: 18.20	Avg steps: 1693
2020-07-08 19:48:08,921	INFO	Total steps: 5141726	Episode: 2980/1603	Avg reward: 17.05	Avg steps: 1749
2020-07-08 20:08:57,976	INFO	Total steps: 5177231	Episode: 3000/1759	Avg reward: 17.15	Avg steps: 1774
2020-07-08 20:28:08,181	INFO	Total steps: 5209941	Episode: 3020/1724	Avg reward: 18.05	Avg steps: 1634
2020-07-08 20:47:16,767	INFO	Total steps: 5242605	Episode: 3040/1687	Avg reward: 18.20	Avg steps: 1632
2020-07-08 21:09:07,705	INFO	Total steps: 5279941	Episode: 3060/1418	Avg reward: 17.15	Avg steps: 1865
2020-07-08 21:28:42,247	INFO	Total steps: 5313451	Episode: 3080/1408	Avg reward: 17.40	Avg steps: 1674
2020-07-08 21:48:32,787	INFO	Total steps: 5347358	Episode: 3100/1575	Avg reward: 17.05	Avg steps: 1694
2020-07-08 22:08:35,788	INFO	Total steps: 5381322	Episode: 3120/1433	Avg reward: 17.85	Avg steps: 1697
2020-07-08 22:30:59,561	INFO	Total steps: 5417522	Episode: 3140/2039	Avg reward: 17.45	Avg steps: 1809
2020-07-08 22:52:44,735	INFO	Total steps: 5452717	Episode: 3160/1695	Avg reward: 17.25	Avg steps: 1758
2020-07-08 23:12:48,154	INFO	Total steps: 5487102	Episode: 3180/1716	Avg reward: 17.05	Avg steps: 1718
2020-07-08 23:32:06,767	INFO	Total steps: 5520194	Episode: 3200/1785	Avg reward: 18.05	Avg steps: 1653
2020-07-08 23:51:51,974	INFO	Total steps: 5554100	Episode: 3220/1541	Avg reward: 17.05	Avg steps: 1694
2020-07-09 00:11:58,414	INFO	Total steps: 5588540	Episode: 3240/1664	Avg reward: 17.15	Avg steps: 1721
2020-07-09 00:31:21,517	INFO	Total steps: 5621769	Episode: 3260/1751	Avg reward: 17.25	Avg steps: 1660
2020-07-09 00:51:11,815	INFO	Total steps: 5655769	Episode: 3280/1522	Avg reward: 16.85	Avg steps: 1699
2020-07-09 01:10:26,864	INFO	Total steps: 5688760	Episode: 3300/1867	Avg reward: 18.25	Avg steps: 1648
2020-07-09 01:30:40,601	INFO	Total steps: 5723463	Episode: 3320/1394	Avg reward: 18.15	Avg steps: 1734
2020-07-09 01:51:18,826	INFO	Total steps: 5758875	Episode: 3340/1634	Avg reward: 16.95	Avg steps: 1769
2020-07-09 02:10:44,698	INFO	Total steps: 5791899	Episode: 3360/1532	Avg reward: 17.70	Avg steps: 1650
2020-07-09 02:31:08,606	INFO	Total steps: 5826591	Episode: 3380/1925	Avg reward: 17.45	Avg steps: 1733
2020-07-09 02:51:14,194	INFO	Total steps: 5860761	Episode: 3400/1738	Avg reward: 17.95	Avg steps: 1707
2020-07-09 03:11:57,763	INFO	Total steps: 5895849	Episode: 3420/1958	Avg reward: 17.20	Avg steps: 1753
2020-07-09 03:33:58,585	INFO	Total steps: 5932884	Episode: 3440/1603	Avg reward: 16.90	Avg steps: 1850
2020-07-09 03:54:52,369	INFO	Total steps: 5968179	Episode: 3460/1485	Avg reward: 17.90	Avg steps: 1763
2020-07-09 04:15:24,006	INFO	Total steps: 6002924	Episode: 3480/1904	Avg reward: 17.10	Avg steps: 1736
2020-07-09 04:36:15,514	INFO	Total steps: 6037986	Episode: 3500/2073	Avg reward: 16.75	Avg steps: 1752
2020-07-09 04:54:05,167	INFO	Total steps: 6070408	Episode: 3520/1298	Avg reward: 17.70	Avg steps: 1620
2020-07-09 05:12:38,576	INFO	Total steps: 6104451	Episode: 3540/1547	Avg reward: 17.85	Avg steps: 1701
2020-07-09 05:30:56,839	INFO	Total steps: 6138048	Episode: 3560/1574	Avg reward: 18.10	Avg steps: 1678
2020-07-09 05:48:56,171	INFO	Total steps: 6171169	Episode: 3580/1634	Avg reward: 18.10	Avg steps: 1655
2020-07-09 06:07:17,153	INFO	Total steps: 6205035	Episode: 3600/1387	Avg reward: 17.70	Avg steps: 1692
2020-07-09 06:25:37,772	INFO	Total steps: 6241393	Episode: 3620/2076	Avg reward: 17.80	Avg steps: 1816
2020-07-09 06:41:51,688	INFO	Total steps: 6274718	Episode: 3640/1411	Avg reward: 17.70	Avg steps: 1665
2020-07-09 06:59:05,964	INFO	Total steps: 6309984	Episode: 3660/1699	Avg reward: 17.90	Avg steps: 1762
2020-07-09 07:14:52,361	INFO	Total steps: 6342314	Episode: 3680/1539	Avg reward: 18.25	Avg steps: 1615
2020-07-09 07:31:06,270	INFO	Total steps: 6375540	Episode: 3700/1604	Avg reward: 17.75	Avg steps: 1660
2020-07-09 07:46:57,133	INFO	Total steps: 6408111	Episode: 3720/1412	Avg reward: 18.35	Avg steps: 1627
2020-07-09 08:03:01,345	INFO	Total steps: 6441059	Episode: 3740/1696	Avg reward: 18.15	Avg steps: 1646
2020-07-09 08:19:40,590	INFO	Total steps: 6475248	Episode: 3760/1693	Avg reward: 17.60	Avg steps: 1708
2020-07-09 08:36:24,880	INFO	Total steps: 6509888	Episode: 3780/1717	Avg reward: 17.90	Avg steps: 1731
2020-07-09 08:52:26,949	INFO	Total steps: 6543161	Episode: 3800/1555	Avg reward: 18.15	Avg steps: 1662
2020-07-09 09:08:59,247	INFO	Total steps: 6577426	Episode: 3820/1651	Avg reward: 18.05	Avg steps: 1712
2020-07-09 09:26:11,481	INFO	Total steps: 6613099	Episode: 3840/1904	Avg reward: 17.65	Avg steps: 1782
2020-07-09 09:42:59,614	INFO	Total steps: 6648033	Episode: 3860/1439	Avg reward: 17.35	Avg steps: 1745
2020-07-09 09:59:22,317	INFO	Total steps: 6682131	Episode: 3880/1427	Avg reward: 17.55	Avg steps: 1703
2020-07-09 10:15:09,538	INFO	Total steps: 6714941	Episode: 3900/1729	Avg reward: 17.15	Avg steps: 1639
2020-07-09 10:30:17,531	INFO	Total steps: 6746398	Episode: 3920/1653	Avg reward: 18.35	Avg steps: 1571
2020-07-09 10:46:04,006	INFO	Total steps: 6779225	Episode: 3940/1814	Avg reward: 18.25	Avg steps: 1640
2020-07-09 11:01:41,300	INFO	Total steps: 6811742	Episode: 3960/1717	Avg reward: 18.85	Avg steps: 1624
2020-07-09 11:18:05,585	INFO	Total steps: 6845865	Episode: 3980/1764	Avg reward: 17.60	Avg steps: 1705
2020-07-09 11:35:11,592	INFO	Total steps: 6881404	Episode: 4000/1761	Avg reward: 17.65	Avg steps: 1775
