2020-06-23 16:57:55,216	INFO	--width 160 --height 160 --ball 1.0 --snell 1.0 --ps 1.0 --paddle-speed 1.0 --pa 45.0 --paddle-angle 45.0 --pl 45 --paddle-length 45 --lr 0.0001 --learning-rate 0.0001 --network dqn_pong_model --pretrain False --render False --update-prob 0.2 --episodes 4000 --checkpoint dqn_pong_model --history history.p --store-dir ../experiments/20 
2020-06-23 17:02:04,121	INFO	Total steps: 26902	Episode: 20/1405	Avg reward: -17.15	Avg steps: 1344
2020-06-23 17:08:55,446	INFO	Total steps: 57150	Episode: 40/1575	Avg reward: -17.05	Avg steps: 1511
2020-06-23 17:14:57,086	INFO	Total steps: 83605	Episode: 60/1653	Avg reward: -17.50	Avg steps: 1321
2020-06-23 17:21:52,191	INFO	Total steps: 112495	Episode: 80/2370	Avg reward: -16.70	Avg steps: 1443
2020-06-23 17:29:29,119	INFO	Total steps: 141983	Episode: 100/1084	Avg reward: -15.10	Avg steps: 1473
2020-06-23 17:37:17,848	INFO	Total steps: 172097	Episode: 120/1326	Avg reward: -15.55	Avg steps: 1504
2020-06-23 17:46:11,707	INFO	Total steps: 206346	Episode: 140/1784	Avg reward: -13.80	Avg steps: 1711
2020-06-23 17:55:17,447	INFO	Total steps: 241237	Episode: 160/1336	Avg reward: -14.00	Avg steps: 1743
2020-06-23 18:04:17,941	INFO	Total steps: 275718	Episode: 180/1167	Avg reward: -14.25	Avg steps: 1723
2020-06-23 18:13:51,476	INFO	Total steps: 311876	Episode: 200/1875	Avg reward: -13.20	Avg steps: 1806
2020-06-23 18:23:49,739	INFO	Total steps: 349542	Episode: 220/2329	Avg reward: -12.00	Avg steps: 1882
2020-06-23 18:33:33,928	INFO	Total steps: 386536	Episode: 240/2378	Avg reward: -12.30	Avg steps: 1848
2020-06-23 18:42:11,341	INFO	Total steps: 419139	Episode: 260/2042	Avg reward: -12.75	Avg steps: 1629
2020-06-23 18:51:40,277	INFO	Total steps: 454902	Episode: 280/2046	Avg reward: -10.80	Avg steps: 1787
2020-06-23 19:02:03,772	INFO	Total steps: 494304	Episode: 300/1851	Avg reward: -10.60	Avg steps: 1969
2020-06-23 19:11:48,343	INFO	Total steps: 531173	Episode: 320/2024	Avg reward: -11.25	Avg steps: 1842
2020-06-23 23:16:20,954	INFO	--width 160 --height 160 --ball 1.0 --snell 1.0 --ps 1.0 --paddle-speed 1.0 --pa 45.0 --paddle-angle 45.0 --pl 45 --paddle-length 45 --lr 0.0001 --learning-rate 0.0001 --network dqn_pong_model --pretrain False --render False --update-prob 0.2 --episodes 4000 --checkpoint dqn_pong_model --history history.p --store-dir ../experiments/20 
2020-06-24 00:12:12,687	INFO	--width 160 --height 160 --ball 1.0 --snell 1.0 --ps 1.0 --paddle-speed 1.0 --pa 45.0 --paddle-angle 45.0 --pl 45 --paddle-length 45 --lr 0.0001 --learning-rate 0.0001 --network dqn_pong_model --pretrain False --render False --update-prob 0.2 --episodes 4000 --checkpoint dqn_pong_model --history history.p --store-dir ../experiments/20 
2020-06-24 00:12:12,907	INFO	Device: cuda
2020-06-24 00:20:55,388	INFO	--width 160 --height 160 --ball 1.0 --snell 1.0 --ps 1.0 --paddle-speed 1.0 --pa 45.0 --paddle-angle 45.0 --pl 45 --paddle-length 45 --lr 0.0001 --learning-rate 0.0001 --network dqn_pong_model --pretrain False --render False --update-prob 0.2 --episodes 4000 --checkpoint dqn_pong_model --history history.p --store-dir ../experiments/20 
2020-06-24 00:20:55,779	INFO	Device: cuda
2020-06-24 03:38:19,609	INFO	--width 160 --height 160 --ball 1.0 --snell 1.0 --ps 1.0 --paddle-speed 1.0 --pa 45.0 --paddle-angle 45.0 --pl 45 --paddle-length 45 --lr 0.0001 --learning-rate 0.0001 --network dqn_pong_model --pretrain False --render False --update-prob 0.2 --episodes 4000 --checkpoint dqn_pong_model --history history.p --store-dir ../experiments/20 
2020-06-24 03:38:19,659	INFO	Device: cuda
2020-06-24 03:48:58,698	INFO	Total steps: 27588	Episode: 20/1348	Avg reward: -17.05	Avg steps: 1378
2020-06-24 04:05:15,439	INFO	Total steps: 55408	Episode: 40/1937	Avg reward: -17.45	Avg steps: 1390
2020-06-24 04:21:23,323	INFO	Total steps: 82919	Episode: 60/1199	Avg reward: -16.40	Avg steps: 1374
2020-06-24 04:37:59,932	INFO	Total steps: 110996	Episode: 80/1252	Avg reward: -16.95	Avg steps: 1402
2020-06-24 04:55:50,096	INFO	Total steps: 140907	Episode: 100/1164	Avg reward: -16.00	Avg steps: 1494
2020-06-24 05:13:53,284	INFO	Total steps: 170995	Episode: 120/1931	Avg reward: -15.60	Avg steps: 1503
2020-06-24 05:33:04,859	INFO	Total steps: 202798	Episode: 140/1870	Avg reward: -14.70	Avg steps: 1589
2020-06-24 05:53:11,775	INFO	Total steps: 236214	Episode: 160/1452	Avg reward: -14.15	Avg steps: 1669
2020-06-24 06:13:09,756	INFO	Total steps: 269380	Episode: 180/2180	Avg reward: -14.30	Avg steps: 1657
2020-06-24 06:31:38,936	INFO	Total steps: 301034	Episode: 200/1634	Avg reward: -14.60	Avg steps: 1581
2020-06-24 06:50:01,439	INFO	Total steps: 332536	Episode: 220/1585	Avg reward: -12.85	Avg steps: 1574
2020-06-24 07:08:24,977	INFO	Total steps: 364118	Episode: 240/1613	Avg reward: -13.35	Avg steps: 1578
2020-06-24 07:27:16,238	INFO	Total steps: 396016	Episode: 260/1669	Avg reward: -12.40	Avg steps: 1593
2020-06-24 07:47:57,505	INFO	Total steps: 430482	Episode: 280/1048	Avg reward: -11.50	Avg steps: 1722
2020-06-24 08:09:40,563	INFO	Total steps: 466812	Episode: 300/1768	Avg reward: -10.35	Avg steps: 1815
2020-06-24 08:31:34,222	INFO	Total steps: 503463	Episode: 320/1203	Avg reward: -10.65	Avg steps: 1831
2020-06-24 08:54:35,213	INFO	Total steps: 542110	Episode: 340/2872	Avg reward: -8.00	Avg steps: 1931
2020-06-24 09:19:17,592	INFO	Total steps: 583502	Episode: 360/2765	Avg reward: -9.15	Avg steps: 2068
2020-06-24 09:42:44,241	INFO	Total steps: 622599	Episode: 380/1954	Avg reward: -10.25	Avg steps: 1953
2020-06-24 10:10:38,587	INFO	Total steps: 668700	Episode: 400/2075	Avg reward: -7.15	Avg steps: 2304
2020-06-24 10:39:54,744	INFO	Total steps: 717005	Episode: 420/2432	Avg reward: -5.60	Avg steps: 2414
2020-06-24 11:07:37,028	INFO	Total steps: 762852	Episode: 440/3106	Avg reward: -4.90	Avg steps: 2291
2020-06-24 11:35:47,857	INFO	Total steps: 809503	Episode: 460/2267	Avg reward: -5.00	Avg steps: 2331
2020-06-24 12:08:40,666	INFO	Total steps: 864368	Episode: 480/2766	Avg reward: -1.75	Avg steps: 2742
2020-06-24 12:44:29,760	INFO	Total steps: 924176	Episode: 500/2266	Avg reward: -1.05	Avg steps: 2989
2020-06-24 13:18:16,998	INFO	Total steps: 980417	Episode: 520/3409	Avg reward: 1.70	Avg steps: 2811
2020-06-24 13:51:30,996	INFO	Total steps: 1035151	Episode: 540/1856	Avg reward: 2.10	Avg steps: 2735
2020-06-24 14:24:02,648	INFO	Total steps: 1088864	Episode: 560/2289	Avg reward: 4.50	Avg steps: 2684
2020-06-24 14:54:45,478	INFO	Total steps: 1140000	Episode: 580/2546	Avg reward: 5.90	Avg steps: 2555
2020-06-24 15:23:54,301	INFO	Total steps: 1188360	Episode: 600/1715	Avg reward: 7.75	Avg steps: 2417
2020-06-24 15:57:30,927	INFO	Total steps: 1244337	Episode: 620/3002	Avg reward: 5.05	Avg steps: 2797
2020-06-24 16:31:28,049	INFO	Total steps: 1300762	Episode: 640/2842	Avg reward: 4.15	Avg steps: 2820
2020-06-24 17:03:26,704	INFO	Total steps: 1353608	Episode: 660/2650	Avg reward: 7.45	Avg steps: 2641
2020-06-24 17:37:57,277	INFO	Total steps: 1410380	Episode: 680/2436	Avg reward: 5.35	Avg steps: 2837
2020-06-24 18:11:46,792	INFO	Total steps: 1466939	Episode: 700/2524	Avg reward: 5.95	Avg steps: 2826
2020-06-24 18:42:39,511	INFO	Total steps: 1518040	Episode: 720/2361	Avg reward: 7.75	Avg steps: 2554
2020-06-24 19:16:28,290	INFO	Total steps: 1573445	Episode: 740/3380	Avg reward: 9.15	Avg steps: 2769
2020-06-24 19:49:01,330	INFO	Total steps: 1626954	Episode: 760/3014	Avg reward: 9.45	Avg steps: 2674
2020-06-24 20:20:49,577	INFO	Total steps: 1679110	Episode: 780/1941	Avg reward: 10.60	Avg steps: 2606
2020-06-24 20:51:57,180	INFO	Total steps: 1730165	Episode: 800/1946	Avg reward: 11.35	Avg steps: 2551
2020-06-24 21:25:42,087	INFO	Total steps: 1785354	Episode: 820/2500	Avg reward: 10.05	Avg steps: 2758
2020-06-24 21:57:33,328	INFO	Total steps: 1837298	Episode: 840/2212	Avg reward: 10.55	Avg steps: 2596
2020-06-24 22:30:59,302	INFO	Total steps: 1891748	Episode: 860/2506	Avg reward: 11.60	Avg steps: 2721
2020-06-24 23:01:52,969	INFO	Total steps: 1942117	Episode: 880/3742	Avg reward: 11.50	Avg steps: 2517
2020-06-26 23:09:45,639	INFO	--width 160 --height 160 --ball 1.0 --ball-size 2.0 --snell 1.0 --snell-width 40.0 --snell-change 0 --snell-visible none --ps 1.0 --paddle-speed 1.0 --pa 45.0 --paddle-angle 45.0 --pl 45 --paddle-length 45 --lr 0.0001 --learning-rate 0.0001 --state binary --network dqn_pong_model --render False --epsdecay 1000 --replay 10000 --update-prob 0.2 --episodes 4000 --checkpoint dqn_pong_model --history history.p --store-dir ../experiments/20 
2020-06-26 23:09:45,640	INFO	Device: cuda
2020-06-26 23:16:50,504	INFO	Total steps: 22838	Episode: 20/1034	Avg reward: -18.15	Avg steps: 1140
2020-06-26 23:28:38,739	INFO	Total steps: 48350	Episode: 40/997	Avg reward: -18.10	Avg steps: 1274
2020-06-26 23:40:19,631	INFO	Total steps: 73556	Episode: 60/694	Avg reward: -17.20	Avg steps: 1259
2020-06-26 23:53:17,949	INFO	Total steps: 101702	Episode: 80/1656	Avg reward: -16.40	Avg steps: 1406
2020-06-27 00:05:15,814	INFO	Total steps: 129866	Episode: 100/1164	Avg reward: -17.00	Avg steps: 1407
2020-06-27 00:17:38,181	INFO	Total steps: 159033	Episode: 120/1350	Avg reward: -16.15	Avg steps: 1457
2020-06-27 00:30:54,948	INFO	Total steps: 188850	Episode: 140/1567	Avg reward: -15.80	Avg steps: 1489
2020-06-27 00:44:37,772	INFO	Total steps: 217087	Episode: 160/1199	Avg reward: -15.90	Avg steps: 1410
2020-06-27 00:58:27,114	INFO	Total steps: 245824	Episode: 180/1637	Avg reward: -16.40	Avg steps: 1435
2020-06-27 01:12:20,482	INFO	Total steps: 274940	Episode: 200/1770	Avg reward: -13.85	Avg steps: 1454
2020-06-27 01:27:28,542	INFO	Total steps: 306969	Episode: 220/1852	Avg reward: -14.85	Avg steps: 1600
2020-06-27 01:44:10,647	INFO	Total steps: 341276	Episode: 240/2023	Avg reward: -13.20	Avg steps: 1714
2020-06-27 01:59:02,428	INFO	Total steps: 371878	Episode: 260/1347	Avg reward: -14.75	Avg steps: 1529
2020-06-27 02:15:07,496	INFO	Total steps: 404995	Episode: 280/1732	Avg reward: -14.50	Avg steps: 1654
2020-06-27 02:31:39,337	INFO	Total steps: 438730	Episode: 300/1188	Avg reward: -13.90	Avg steps: 1685
2020-06-27 02:48:36,889	INFO	Total steps: 473594	Episode: 320/1439	Avg reward: -13.50	Avg steps: 1742
2020-06-27 03:05:24,877	INFO	Total steps: 510520	Episode: 340/2076	Avg reward: -12.25	Avg steps: 1845
2020-06-27 03:20:53,591	INFO	Total steps: 546360	Episode: 360/2012	Avg reward: -12.35	Avg steps: 1791
2020-06-27 03:36:23,378	INFO	Total steps: 581704	Episode: 380/1802	Avg reward: -12.70	Avg steps: 1766
2020-06-27 03:54:35,319	INFO	Total steps: 621498	Episode: 400/2404	Avg reward: -10.20	Avg steps: 1988
2020-06-27 04:12:51,851	INFO	Total steps: 663095	Episode: 420/2490	Avg reward: -10.65	Avg steps: 2078
2020-06-27 04:29:24,644	INFO	Total steps: 700879	Episode: 440/1966	Avg reward: -11.95	Avg steps: 1888
2020-06-27 04:46:12,929	INFO	Total steps: 738989	Episode: 460/1786	Avg reward: -11.55	Avg steps: 1904
2020-06-27 05:03:42,120	INFO	Total steps: 778484	Episode: 480/1191	Avg reward: -10.25	Avg steps: 1973
2020-06-27 05:21:34,584	INFO	Total steps: 819228	Episode: 500/1635	Avg reward: -8.95	Avg steps: 2036
2020-06-27 05:40:27,631	INFO	Total steps: 862688	Episode: 520/2601	Avg reward: -9.10	Avg steps: 2172
2020-06-27 06:00:27,681	INFO	Total steps: 907751	Episode: 540/2526	Avg reward: -6.40	Avg steps: 2252
2020-06-27 06:18:23,334	INFO	Total steps: 948077	Episode: 560/2464	Avg reward: -8.90	Avg steps: 2015
2020-06-27 06:37:44,390	INFO	Total steps: 990954	Episode: 580/1817	Avg reward: -8.30	Avg steps: 2142
2020-06-27 06:56:01,551	INFO	Total steps: 1031440	Episode: 600/2308	Avg reward: -8.65	Avg steps: 2023
2020-06-27 07:15:22,196	INFO	Total steps: 1071405	Episode: 620/1941	Avg reward: -6.65	Avg steps: 1997
2020-06-27 07:38:18,494	INFO	Total steps: 1117829	Episode: 640/2099	Avg reward: -5.80	Avg steps: 2320
2020-06-27 08:02:22,639	INFO	Total steps: 1163812	Episode: 660/2335	Avg reward: -6.75	Avg steps: 2298
2020-06-27 08:26:46,977	INFO	Total steps: 1210692	Episode: 680/2518	Avg reward: -5.20	Avg steps: 2343
2020-06-27 08:49:31,460	INFO	Total steps: 1254339	Episode: 700/2389	Avg reward: -6.05	Avg steps: 2181
2020-06-27 09:13:31,047	INFO	Total steps: 1300713	Episode: 720/2387	Avg reward: -3.60	Avg steps: 2317
2020-06-27 09:38:21,514	INFO	Total steps: 1348601	Episode: 740/2271	Avg reward: -4.10	Avg steps: 2393
2020-06-27 10:05:59,082	INFO	Total steps: 1401956	Episode: 760/2566	Avg reward: -0.95	Avg steps: 2666
2020-06-27 10:32:32,153	INFO	Total steps: 1452018	Episode: 780/2026	Avg reward: -4.05	Avg steps: 2502
2020-06-27 11:01:52,271	INFO	Total steps: 1504240	Episode: 800/1702	Avg reward: -4.00	Avg steps: 2610
2020-06-27 11:32:25,850	INFO	Total steps: 1559221	Episode: 820/2456	Avg reward: -2.40	Avg steps: 2748
2020-06-27 12:02:20,110	INFO	Total steps: 1614453	Episode: 840/3083	Avg reward: -1.00	Avg steps: 2760
2020-06-27 12:30:13,864	INFO	Total steps: 1669775	Episode: 860/3746	Avg reward: -0.75	Avg steps: 2765
2020-06-27 12:57:20,319	INFO	Total steps: 1723671	Episode: 880/2569	Avg reward: 0.65	Avg steps: 2693
2020-06-27 13:25:41,284	INFO	Total steps: 1779894	Episode: 900/3045	Avg reward: -0.75	Avg steps: 2810
2020-06-27 13:56:11,556	INFO	Total steps: 1840220	Episode: 920/2361	Avg reward: -2.15	Avg steps: 3015
2020-06-27 14:25:01,709	INFO	Total steps: 1892320	Episode: 940/2434	Avg reward: 0.45	Avg steps: 2604
2020-06-27 14:51:17,025	INFO	Total steps: 1943087	Episode: 960/2890	Avg reward: 0.10	Avg steps: 2537
2020-06-27 15:21:23,057	INFO	Total steps: 2002042	Episode: 980/3941	Avg reward: 1.45	Avg steps: 2946
2020-06-27 15:49:41,763	INFO	Total steps: 2057576	Episode: 1000/2112	Avg reward: 1.60	Avg steps: 2775
2020-06-27 16:17:51,481	INFO	Total steps: 2112411	Episode: 1020/2018	Avg reward: 0.20	Avg steps: 2740
2020-06-27 16:45:02,470	INFO	Total steps: 2163762	Episode: 1040/2225	Avg reward: 1.35	Avg steps: 2566
2020-06-27 17:13:58,924	INFO	Total steps: 2218303	Episode: 1060/2872	Avg reward: 2.65	Avg steps: 2726
2020-06-27 17:43:10,712	INFO	Total steps: 2273409	Episode: 1080/2896	Avg reward: 2.80	Avg steps: 2754
2020-06-27 18:13:14,283	INFO	Total steps: 2330064	Episode: 1100/3498	Avg reward: 2.10	Avg steps: 2831
2020-06-27 18:45:39,065	INFO	Total steps: 2392227	Episode: 1120/2772	Avg reward: 0.80	Avg steps: 3107
2020-06-27 19:17:05,569	INFO	Total steps: 2452268	Episode: 1140/2962	Avg reward: 3.30	Avg steps: 3001
2020-06-27 19:46:02,165	INFO	Total steps: 2507601	Episode: 1160/2227	Avg reward: 3.75	Avg steps: 2765
2020-06-27 20:14:44,633	INFO	Total steps: 2563045	Episode: 1180/4691	Avg reward: 4.30	Avg steps: 2771
2020-06-27 20:40:04,574	INFO	Total steps: 2616504	Episode: 1200/2515	Avg reward: 6.80	Avg steps: 2671
2020-06-27 21:03:46,377	INFO	Total steps: 2671852	Episode: 1220/3121	Avg reward: 2.95	Avg steps: 2766
2020-06-27 21:26:41,733	INFO	Total steps: 2725853	Episode: 1240/2395	Avg reward: 6.30	Avg steps: 2699
2020-06-27 21:49:35,242	INFO	Total steps: 2780881	Episode: 1260/2190	Avg reward: 6.40	Avg steps: 2750
2020-06-27 22:12:01,660	INFO	Total steps: 2835297	Episode: 1280/3303	Avg reward: 5.20	Avg steps: 2719
2020-06-27 22:35:15,786	INFO	Total steps: 2891442	Episode: 1300/2870	Avg reward: 5.55	Avg steps: 2806
2020-06-27 22:59:07,904	INFO	Total steps: 2948756	Episode: 1320/3082	Avg reward: 7.05	Avg steps: 2864
2020-06-27 23:23:09,339	INFO	Total steps: 3006702	Episode: 1340/2868	Avg reward: 6.90	Avg steps: 2896
2020-06-27 23:46:41,000	INFO	Total steps: 3063231	Episode: 1360/2059	Avg reward: 7.00	Avg steps: 2825
2020-06-28 00:10:14,068	INFO	Total steps: 3119220	Episode: 1380/2167	Avg reward: 7.50	Avg steps: 2798
2020-06-28 00:33:39,503	INFO	Total steps: 3174714	Episode: 1400/2600	Avg reward: 7.70	Avg steps: 2773
2020-06-28 00:55:42,938	INFO	Total steps: 3227893	Episode: 1420/2795	Avg reward: 5.50	Avg steps: 2657
2020-06-28 01:18:23,269	INFO	Total steps: 3282306	Episode: 1440/2110	Avg reward: 7.20	Avg steps: 2719
2020-06-28 01:40:43,673	INFO	Total steps: 3336006	Episode: 1460/1807	Avg reward: 8.60	Avg steps: 2684
2020-06-28 02:03:37,676	INFO	Total steps: 3391028	Episode: 1480/2297	Avg reward: 6.85	Avg steps: 2750
2020-06-28 02:29:55,679	INFO	Total steps: 3454091	Episode: 1500/2730	Avg reward: 5.70	Avg steps: 3152
2020-06-28 02:53:30,780	INFO	Total steps: 3510975	Episode: 1520/3195	Avg reward: 10.20	Avg steps: 2843
2020-06-28 03:15:17,045	INFO	Total steps: 3563957	Episode: 1540/2151	Avg reward: 8.30	Avg steps: 2648
2020-06-28 03:36:49,305	INFO	Total steps: 3616151	Episode: 1560/2243	Avg reward: 7.40	Avg steps: 2608
2020-06-28 03:59:06,327	INFO	Total steps: 3669643	Episode: 1580/2555	Avg reward: 8.45	Avg steps: 2673
2020-06-28 04:21:05,833	INFO	Total steps: 3721707	Episode: 1600/2340	Avg reward: 8.25	Avg steps: 2602
2020-06-28 04:43:45,374	INFO	Total steps: 3775479	Episode: 1620/2613	Avg reward: 8.30	Avg steps: 2687
2020-06-28 05:05:50,582	INFO	Total steps: 3828142	Episode: 1640/2227	Avg reward: 8.40	Avg steps: 2632
2020-06-28 05:28:35,167	INFO	Total steps: 3882380	Episode: 1660/2585	Avg reward: 10.30	Avg steps: 2710
2020-06-28 05:48:53,150	INFO	Total steps: 3930854	Episode: 1680/2905	Avg reward: 10.55	Avg steps: 2422
2020-06-28 06:11:01,812	INFO	Total steps: 3983901	Episode: 1700/3423	Avg reward: 9.75	Avg steps: 2651
2020-06-28 06:33:13,225	INFO	Total steps: 4037072	Episode: 1720/2582	Avg reward: 11.75	Avg steps: 2657
2020-06-28 06:54:57,922	INFO	Total steps: 4088900	Episode: 1740/3388	Avg reward: 11.30	Avg steps: 2590
2020-06-28 07:18:20,866	INFO	Total steps: 4144489	Episode: 1760/3001	Avg reward: 11.20	Avg steps: 2778
2020-06-28 07:41:25,918	INFO	Total steps: 4200412	Episode: 1780/3052	Avg reward: 12.75	Avg steps: 2795
2020-06-28 08:05:39,141	INFO	Total steps: 4257963	Episode: 1800/4204	Avg reward: 10.40	Avg steps: 2876
2020-06-28 08:28:45,887	INFO	Total steps: 4312692	Episode: 1820/2859	Avg reward: 10.85	Avg steps: 2735
2020-06-28 08:51:36,798	INFO	Total steps: 4367090	Episode: 1840/3517	Avg reward: 10.30	Avg steps: 2718
2020-06-28 09:14:04,653	INFO	Total steps: 4420712	Episode: 1860/1877	Avg reward: 11.45	Avg steps: 2680
2020-06-28 09:41:09,843	INFO	Total steps: 4485369	Episode: 1880/2788	Avg reward: 7.85	Avg steps: 3231
2020-06-28 10:04:48,338	INFO	Total steps: 4541558	Episode: 1900/2311	Avg reward: 11.05	Avg steps: 2808
2020-06-28 10:27:18,286	INFO	Total steps: 4596668	Episode: 1920/2337	Avg reward: 10.80	Avg steps: 2754
2020-06-28 10:51:43,989	INFO	Total steps: 4654663	Episode: 1940/1981	Avg reward: 12.05	Avg steps: 2898
2020-06-28 11:17:46,306	INFO	Total steps: 4716821	Episode: 1960/2578	Avg reward: 11.10	Avg steps: 3106
2020-06-28 11:43:24,754	INFO	Total steps: 4777693	Episode: 1980/3612	Avg reward: 12.20	Avg steps: 3042
2020-06-28 12:08:18,061	INFO	Total steps: 4836501	Episode: 2000/2686	Avg reward: 12.15	Avg steps: 2939
2020-06-28 12:34:42,093	INFO	Total steps: 4898656	Episode: 2020/3450	Avg reward: 13.45	Avg steps: 3106
2020-06-28 12:59:46,631	INFO	Total steps: 4959121	Episode: 2040/1892	Avg reward: 12.70	Avg steps: 3022
2020-06-28 13:24:59,971	INFO	Total steps: 5019498	Episode: 2060/3175	Avg reward: 13.20	Avg steps: 3017
2020-06-28 13:48:38,508	INFO	Total steps: 5076015	Episode: 2080/1777	Avg reward: 12.20	Avg steps: 2824
2020-06-28 14:14:04,276	INFO	Total steps: 5136135	Episode: 2100/2317	Avg reward: 12.55	Avg steps: 3005
2020-06-28 14:40:16,739	INFO	Total steps: 5198395	Episode: 2120/3200	Avg reward: 12.00	Avg steps: 3112
2020-06-28 15:03:10,457	INFO	Total steps: 5252959	Episode: 2140/3137	Avg reward: 11.20	Avg steps: 2727
2020-06-28 15:26:14,976	INFO	Total steps: 5307830	Episode: 2160/3913	Avg reward: 12.15	Avg steps: 2742
2020-06-28 15:50:42,230	INFO	Total steps: 5365918	Episode: 2180/3231	Avg reward: 12.45	Avg steps: 2903
2020-06-28 16:14:47,632	INFO	Total steps: 5423501	Episode: 2200/3247	Avg reward: 12.45	Avg steps: 2878
2020-06-28 16:38:44,192	INFO	Total steps: 5480554	Episode: 2220/3150	Avg reward: 13.10	Avg steps: 2851
2020-06-28 17:02:36,214	INFO	Total steps: 5537547	Episode: 2240/1666	Avg reward: 11.45	Avg steps: 2848
2020-06-28 17:28:35,012	INFO	Total steps: 5599919	Episode: 2260/4093	Avg reward: 12.25	Avg steps: 3117
2020-06-28 17:53:36,443	INFO	Total steps: 5658939	Episode: 2280/2619	Avg reward: 12.35	Avg steps: 2950
2020-06-28 18:20:23,384	INFO	Total steps: 5722353	Episode: 2300/2617	Avg reward: 12.45	Avg steps: 3169
2020-06-28 18:48:20,117	INFO	Total steps: 5788928	Episode: 2320/2259	Avg reward: 13.50	Avg steps: 3327
2020-06-28 19:12:59,659	INFO	Total steps: 5859461	Episode: 2340/3449	Avg reward: 12.30	Avg steps: 3525
2020-06-28 19:37:44,240	INFO	Total steps: 5931688	Episode: 2360/2893	Avg reward: 12.00	Avg steps: 3610
2020-06-28 20:01:41,679	INFO	Total steps: 6002242	Episode: 2380/2088	Avg reward: 11.90	Avg steps: 3526
2020-06-28 20:23:12,525	INFO	Total steps: 6066219	Episode: 2400/2653	Avg reward: 12.60	Avg steps: 3197
2020-06-28 20:48:13,793	INFO	Total steps: 6140893	Episode: 2420/4560	Avg reward: 13.00	Avg steps: 3732
2020-06-28 21:10:41,843	INFO	Total steps: 6208316	Episode: 2440/3619	Avg reward: 13.00	Avg steps: 3370
2020-06-28 21:31:36,618	INFO	Total steps: 6270373	Episode: 2460/3834	Avg reward: 13.55	Avg steps: 3101
2020-06-28 21:53:33,085	INFO	Total steps: 6336193	Episode: 2480/3811	Avg reward: 14.80	Avg steps: 3290
2020-06-28 22:15:23,617	INFO	Total steps: 6401511	Episode: 2500/2774	Avg reward: 12.35	Avg steps: 3264
2020-06-28 22:38:35,971	INFO	Total steps: 6471019	Episode: 2520/4686	Avg reward: 12.60	Avg steps: 3474
2020-06-28 23:03:27,275	INFO	Total steps: 6545081	Episode: 2540/3814	Avg reward: 13.95	Avg steps: 3702
2020-06-28 23:22:54,005	INFO	Total steps: 6603012	Episode: 2560/3302	Avg reward: 13.40	Avg steps: 2895
2020-06-28 23:42:43,932	INFO	Total steps: 6661873	Episode: 2580/3801	Avg reward: 11.15	Avg steps: 2942
2020-06-29 00:04:39,236	INFO	Total steps: 6727583	Episode: 2600/1907	Avg reward: 11.80	Avg steps: 3284
2020-06-29 00:25:51,892	INFO	Total steps: 6789283	Episode: 2620/3142	Avg reward: 12.50	Avg steps: 3084
2020-06-29 00:48:42,966	INFO	Total steps: 6851963	Episode: 2640/2660	Avg reward: 13.75	Avg steps: 3133
2020-06-29 01:10:13,652	INFO	Total steps: 6913803	Episode: 2660/3805	Avg reward: 13.20	Avg steps: 3091
2020-06-29 01:31:17,666	INFO	Total steps: 6975490	Episode: 2680/3099	Avg reward: 12.35	Avg steps: 3083
2020-06-29 01:55:36,607	INFO	Total steps: 7046804	Episode: 2700/3495	Avg reward: 12.30	Avg steps: 3564
2020-06-29 02:18:09,802	INFO	Total steps: 7113808	Episode: 2720/2660	Avg reward: 12.55	Avg steps: 3349
2020-06-29 02:39:20,663	INFO	Total steps: 7176665	Episode: 2740/1614	Avg reward: 14.00	Avg steps: 3141
2020-06-29 03:00:49,747	INFO	Total steps: 7240112	Episode: 2760/3523	Avg reward: 13.15	Avg steps: 3171
2020-06-29 03:23:36,744	INFO	Total steps: 7307964	Episode: 2780/4012	Avg reward: 13.65	Avg steps: 3391
2020-06-29 03:44:20,036	INFO	Total steps: 7368922	Episode: 2800/2167	Avg reward: 14.55	Avg steps: 3046
2020-06-29 04:10:51,661	INFO	Total steps: 7447329	Episode: 2820/5331	Avg reward: 12.85	Avg steps: 3919
2020-06-29 04:31:24,588	INFO	Total steps: 7508826	Episode: 2840/2715	Avg reward: 13.80	Avg steps: 3073
2020-06-29 04:53:19,076	INFO	Total steps: 7573304	Episode: 2860/2501	Avg reward: 14.20	Avg steps: 3222
2020-06-29 05:15:30,611	INFO	Total steps: 7637965	Episode: 2880/4826	Avg reward: 13.05	Avg steps: 3232
2020-06-29 05:34:37,447	INFO	Total steps: 7695195	Episode: 2900/2752	Avg reward: 14.25	Avg steps: 2860
2020-06-29 05:56:05,634	INFO	Total steps: 7758781	Episode: 2920/2653	Avg reward: 14.70	Avg steps: 3178
2020-06-29 06:17:08,358	INFO	Total steps: 7821448	Episode: 2940/3912	Avg reward: 15.30	Avg steps: 3132
2020-06-29 06:41:31,827	INFO	Total steps: 7895205	Episode: 2960/3715	Avg reward: 13.55	Avg steps: 3686
2020-06-29 07:04:44,472	INFO	Total steps: 7963473	Episode: 2980/3129	Avg reward: 15.05	Avg steps: 3412
2020-06-29 07:28:18,829	INFO	Total steps: 8033992	Episode: 3000/2902	Avg reward: 13.15	Avg steps: 3524
2020-06-29 07:47:59,853	INFO	Total steps: 8093119	Episode: 3020/2685	Avg reward: 14.70	Avg steps: 2955
2020-06-29 08:10:44,344	INFO	Total steps: 8161078	Episode: 3040/2281	Avg reward: 12.75	Avg steps: 3396
2020-06-29 08:31:40,892	INFO	Total steps: 8221153	Episode: 3060/3846	Avg reward: 14.75	Avg steps: 3002
2020-06-29 08:52:14,490	INFO	Total steps: 8282938	Episode: 3080/2901	Avg reward: 14.85	Avg steps: 3088
2020-06-29 09:12:45,096	INFO	Total steps: 8344948	Episode: 3100/2485	Avg reward: 14.55	Avg steps: 3099
2020-06-29 09:35:33,118	INFO	Total steps: 8413658	Episode: 3120/4365	Avg reward: 14.65	Avg steps: 3434
2020-06-29 09:57:36,964	INFO	Total steps: 8480133	Episode: 3140/4510	Avg reward: 14.70	Avg steps: 3322
2020-06-29 10:20:13,973	INFO	Total steps: 8548109	Episode: 3160/2373	Avg reward: 13.65	Avg steps: 3397
2020-06-29 10:41:57,005	INFO	Total steps: 8614194	Episode: 3180/3644	Avg reward: 14.45	Avg steps: 3303
2020-06-29 11:03:47,376	INFO	Total steps: 8680327	Episode: 3200/4664	Avg reward: 13.65	Avg steps: 3305
2020-06-29 11:25:47,157	INFO	Total steps: 8746951	Episode: 3220/4460	Avg reward: 15.40	Avg steps: 3330
2020-06-29 11:47:45,592	INFO	Total steps: 8813713	Episode: 3240/3338	Avg reward: 14.35	Avg steps: 3337
2020-06-29 12:11:16,675	INFO	Total steps: 8884535	Episode: 3260/3182	Avg reward: 15.25	Avg steps: 3540
2020-06-29 12:31:31,136	INFO	Total steps: 8945614	Episode: 3280/3645	Avg reward: 14.60	Avg steps: 3052
2020-06-29 12:55:43,311	INFO	Total steps: 9014164	Episode: 3300/4145	Avg reward: 15.95	Avg steps: 3426
2020-06-29 13:17:02,143	INFO	Total steps: 9078697	Episode: 3320/2691	Avg reward: 14.90	Avg steps: 3225
2020-06-29 13:40:11,347	INFO	Total steps: 9148966	Episode: 3340/2003	Avg reward: 15.20	Avg steps: 3512
2020-06-29 14:03:34,985	INFO	Total steps: 9220903	Episode: 3360/5190	Avg reward: 13.80	Avg steps: 3595
2020-06-29 14:26:19,575	INFO	Total steps: 9289286	Episode: 3380/4407	Avg reward: 13.40	Avg steps: 3418
2020-06-29 14:47:15,385	INFO	Total steps: 9352482	Episode: 3400/4205	Avg reward: 13.85	Avg steps: 3158
2020-06-29 15:10:10,436	INFO	Total steps: 9419895	Episode: 3420/3326	Avg reward: 15.65	Avg steps: 3369
2020-06-29 15:32:40,336	INFO	Total steps: 9486765	Episode: 3440/4355	Avg reward: 14.30	Avg steps: 3342
2020-06-29 15:55:43,151	INFO	Total steps: 9553713	Episode: 3460/2677	Avg reward: 13.70	Avg steps: 3346
2020-06-29 16:15:36,062	INFO	Total steps: 9610972	Episode: 3480/3168	Avg reward: 14.80	Avg steps: 2861
2020-06-29 16:38:09,115	INFO	Total steps: 9678165	Episode: 3500/4734	Avg reward: 15.40	Avg steps: 3358
2020-06-29 17:00:49,172	INFO	Total steps: 9745900	Episode: 3520/2750	Avg reward: 14.25	Avg steps: 3385
2020-06-29 17:24:35,373	INFO	Total steps: 9816378	Episode: 3540/2891	Avg reward: 13.85	Avg steps: 3522
2020-06-29 17:46:35,341	INFO	Total steps: 9882461	Episode: 3560/2883	Avg reward: 15.80	Avg steps: 3303
2020-06-29 18:10:21,504	INFO	Total steps: 9953607	Episode: 3580/3386	Avg reward: 15.25	Avg steps: 3556
2020-06-29 18:36:03,599	INFO	Total steps: 10028924	Episode: 3600/4022	Avg reward: 13.55	Avg steps: 3764
2020-06-29 19:02:49,199	INFO	Total steps: 10109159	Episode: 3620/5081	Avg reward: 15.60	Avg steps: 4010
2020-06-29 19:28:39,081	INFO	Total steps: 10186264	Episode: 3640/4809	Avg reward: 14.70	Avg steps: 3854
2020-06-29 19:58:17,083	INFO	Total steps: 10274609	Episode: 3660/3266	Avg reward: 13.75	Avg steps: 4416
2020-06-29 20:25:44,478	INFO	Total steps: 10356551	Episode: 3680/3892	Avg reward: 14.35	Avg steps: 4096
2020-06-29 20:50:52,037	INFO	Total steps: 10432117	Episode: 3700/4562	Avg reward: 13.55	Avg steps: 3777
2020-06-29 21:13:19,427	INFO	Total steps: 10500106	Episode: 3720/2559	Avg reward: 12.85	Avg steps: 3398
2020-06-29 21:32:47,272	INFO	Total steps: 10558762	Episode: 3740/2492	Avg reward: 13.35	Avg steps: 2931
2020-06-29 21:56:27,296	INFO	Total steps: 10630370	Episode: 3760/3135	Avg reward: 14.10	Avg steps: 3579
2020-06-29 22:21:42,798	INFO	Total steps: 10707201	Episode: 3780/5633	Avg reward: 13.95	Avg steps: 3840
2020-06-29 22:43:43,117	INFO	Total steps: 10773535	Episode: 3800/2715	Avg reward: 14.10	Avg steps: 3315
2020-06-29 23:04:41,120	INFO	Total steps: 10836992	Episode: 3820/4769	Avg reward: 13.95	Avg steps: 3171
2020-06-29 23:27:54,168	INFO	Total steps: 10907221	Episode: 3840/2824	Avg reward: 14.95	Avg steps: 3510
2020-06-29 23:51:45,916	INFO	Total steps: 10979326	Episode: 3860/4378	Avg reward: 14.55	Avg steps: 3604
2020-06-30 00:10:46,807	INFO	Total steps: 11037390	Episode: 3880/2217	Avg reward: 15.00	Avg steps: 2902
2020-06-30 00:33:56,160	INFO	Total steps: 11102114	Episode: 3900/2323	Avg reward: 14.20	Avg steps: 3235
2020-06-30 00:59:08,876	INFO	Total steps: 11168960	Episode: 3920/3474	Avg reward: 16.40	Avg steps: 3341
2020-06-30 01:24:12,873	INFO	Total steps: 11240812	Episode: 3940/4833	Avg reward: 15.55	Avg steps: 3591
2020-06-30 01:48:12,188	INFO	Total steps: 11310708	Episode: 3960/2512	Avg reward: 16.70	Avg steps: 3493
2020-06-30 02:13:50,392	INFO	Total steps: 11386989	Episode: 3980/2987	Avg reward: 15.40	Avg steps: 3813
2020-06-30 02:34:52,270	INFO	Total steps: 11449234	Episode: 4000/3544	Avg reward: 15.25	Avg steps: 3111
