2020-06-24 01:20:33,251	INFO	--width 160 --height 160 --ball 3.0 --snell 3.0 --ps 3.0 --paddle-speed 3.0 --pa 45 --paddle-angle 45 --pl 45 --paddle-length 45 --lr 0.0001 --learning-rate 0.0001 --network dqn_pong_model --double True --pretrain False --render False --update-prob 0.2 --episodes 8000 --checkpoint dqn_pong_model --history history.p --store-dir ../experiments/double 
2020-06-24 01:20:33,251	INFO	Device: cuda
2020-06-24 01:20:46,805	INFO	Total steps: 7575	Episode: 20/343	Avg reward: -18.20	Avg steps: 377
2020-06-24 01:21:41,878	INFO	Total steps: 15376	Episode: 40/275	Avg reward: -17.95	Avg steps: 389
2020-06-24 01:22:56,153	INFO	Total steps: 23132	Episode: 60/346	Avg reward: -18.15	Avg steps: 386
2020-06-24 01:24:18,094	INFO	Total steps: 31322	Episode: 80/552	Avg reward: -17.65	Avg steps: 408
2020-06-24 01:25:38,378	INFO	Total steps: 39354	Episode: 100/629	Avg reward: -17.95	Avg steps: 400
2020-06-24 01:26:56,858	INFO	Total steps: 47481	Episode: 120/414	Avg reward: -17.65	Avg steps: 405
2020-06-24 01:28:20,749	INFO	Total steps: 56022	Episode: 140/549	Avg reward: -18.15	Avg steps: 426
2020-06-24 01:29:44,665	INFO	Total steps: 64470	Episode: 160/455	Avg reward: -17.75	Avg steps: 421
2020-06-24 01:31:04,671	INFO	Total steps: 72563	Episode: 180/429	Avg reward: -17.40	Avg steps: 403
2020-06-24 01:32:20,766	INFO	Total steps: 80284	Episode: 200/297	Avg reward: -18.05	Avg steps: 385
2020-06-24 01:33:43,647	INFO	Total steps: 88620	Episode: 220/287	Avg reward: -16.90	Avg steps: 415
2020-06-24 01:35:10,682	INFO	Total steps: 97316	Episode: 240/394	Avg reward: -17.10	Avg steps: 433
2020-06-24 01:36:28,493	INFO	Total steps: 105208	Episode: 260/494	Avg reward: -16.75	Avg steps: 393
2020-06-24 01:37:49,332	INFO	Total steps: 113644	Episode: 280/271	Avg reward: -16.95	Avg steps: 420
2020-06-24 01:39:16,349	INFO	Total steps: 122544	Episode: 300/459	Avg reward: -17.20	Avg steps: 444
2020-06-24 01:40:42,751	INFO	Total steps: 131207	Episode: 320/432	Avg reward: -17.25	Avg steps: 432
2020-06-24 01:42:02,874	INFO	Total steps: 139286	Episode: 340/422	Avg reward: -17.40	Avg steps: 402
2020-06-24 01:43:33,021	INFO	Total steps: 148369	Episode: 360/906	Avg reward: -15.95	Avg steps: 453
2020-06-24 01:45:01,250	INFO	Total steps: 157198	Episode: 380/388	Avg reward: -16.85	Avg steps: 440
2020-06-24 01:46:20,248	INFO	Total steps: 165123	Episode: 400/280	Avg reward: -17.15	Avg steps: 395
2020-06-24 01:47:49,712	INFO	Total steps: 174122	Episode: 420/429	Avg reward: -16.70	Avg steps: 448
2020-06-24 01:49:21,557	INFO	Total steps: 183392	Episode: 440/374	Avg reward: -16.80	Avg steps: 462
2020-06-24 01:50:55,060	INFO	Total steps: 192685	Episode: 460/349	Avg reward: -16.45	Avg steps: 463
2020-06-24 01:52:25,964	INFO	Total steps: 201849	Episode: 480/348	Avg reward: -16.45	Avg steps: 457
2020-06-24 01:53:56,333	INFO	Total steps: 210847	Episode: 500/418	Avg reward: -16.00	Avg steps: 448
2020-06-24 01:55:28,640	INFO	Total steps: 220030	Episode: 520/420	Avg reward: -15.75	Avg steps: 458
2020-06-24 01:56:52,839	INFO	Total steps: 228692	Episode: 540/375	Avg reward: -16.65	Avg steps: 432
2020-06-24 01:58:21,047	INFO	Total steps: 237593	Episode: 560/312	Avg reward: -15.55	Avg steps: 444
2020-06-24 01:59:51,206	INFO	Total steps: 246608	Episode: 580/427	Avg reward: -15.60	Avg steps: 449
2020-06-24 02:01:27,541	INFO	Total steps: 256263	Episode: 600/563	Avg reward: -15.50	Avg steps: 481
2020-06-24 02:03:06,649	INFO	Total steps: 266269	Episode: 620/620	Avg reward: -15.55	Avg steps: 499
2020-06-24 02:04:44,510	INFO	Total steps: 275920	Episode: 640/527	Avg reward: -15.35	Avg steps: 481
2020-06-24 02:06:18,537	INFO	Total steps: 285291	Episode: 660/397	Avg reward: -16.20	Avg steps: 467
2020-06-24 02:07:59,831	INFO	Total steps: 295414	Episode: 680/594	Avg reward: -15.15	Avg steps: 505
2020-06-24 02:09:48,668	INFO	Total steps: 306284	Episode: 700/575	Avg reward: -16.00	Avg steps: 542
2020-06-24 02:11:43,026	INFO	Total steps: 317555	Episode: 720/412	Avg reward: -14.90	Avg steps: 562
2020-06-24 02:13:29,740	INFO	Total steps: 328194	Episode: 740/345	Avg reward: -14.05	Avg steps: 530
2020-06-24 02:15:11,823	INFO	Total steps: 338244	Episode: 760/402	Avg reward: -14.70	Avg steps: 501
2020-06-24 02:16:51,795	INFO	Total steps: 348261	Episode: 780/632	Avg reward: -14.90	Avg steps: 499
2020-06-24 02:18:27,711	INFO	Total steps: 357927	Episode: 800/549	Avg reward: -15.55	Avg steps: 482
2020-06-24 02:20:07,729	INFO	Total steps: 368010	Episode: 820/546	Avg reward: -14.05	Avg steps: 503
2020-06-24 02:21:49,076	INFO	Total steps: 377857	Episode: 840/399	Avg reward: -15.10	Avg steps: 491
2020-06-24 02:23:30,144	INFO	Total steps: 387507	Episode: 860/533	Avg reward: -14.35	Avg steps: 481
2020-06-24 02:25:22,240	INFO	Total steps: 398175	Episode: 880/628	Avg reward: -13.45	Avg steps: 532
2020-06-24 02:27:06,895	INFO	Total steps: 408225	Episode: 900/620	Avg reward: -13.70	Avg steps: 501
2020-06-24 02:29:05,774	INFO	Total steps: 419774	Episode: 920/495	Avg reward: -13.25	Avg steps: 576
2020-06-24 02:30:56,142	INFO	Total steps: 430267	Episode: 940/490	Avg reward: -13.75	Avg steps: 523
2020-06-24 02:32:54,569	INFO	Total steps: 441557	Episode: 960/760	Avg reward: -13.40	Avg steps: 563
2020-06-24 02:34:52,781	INFO	Total steps: 452905	Episode: 980/343	Avg reward: -12.85	Avg steps: 566
2020-06-24 02:36:36,007	INFO	Total steps: 463108	Episode: 1000/342	Avg reward: -14.40	Avg steps: 509
2020-06-24 02:38:23,909	INFO	Total steps: 473667	Episode: 1020/378	Avg reward: -12.55	Avg steps: 526
2020-06-24 02:40:16,692	INFO	Total steps: 484881	Episode: 1040/492	Avg reward: -12.20	Avg steps: 559
2020-06-24 02:42:09,910	INFO	Total steps: 495579	Episode: 1060/608	Avg reward: -12.95	Avg steps: 533
2020-06-24 02:44:14,875	INFO	Total steps: 507713	Episode: 1080/365	Avg reward: -12.65	Avg steps: 605
2020-06-24 02:46:20,600	INFO	Total steps: 520051	Episode: 1100/529	Avg reward: -12.25	Avg steps: 615
2020-06-24 02:48:13,167	INFO	Total steps: 530933	Episode: 1120/535	Avg reward: -13.55	Avg steps: 543
2020-06-24 02:50:09,554	INFO	Total steps: 541934	Episode: 1140/541	Avg reward: -13.35	Avg steps: 549
2020-06-24 02:52:18,394	INFO	Total steps: 554175	Episode: 1160/714	Avg reward: -12.30	Avg steps: 611
2020-06-24 02:54:44,379	INFO	Total steps: 567712	Episode: 1180/593	Avg reward: -11.45	Avg steps: 675
2020-06-24 02:56:53,334	INFO	Total steps: 579858	Episode: 1200/772	Avg reward: -12.85	Avg steps: 606
2020-06-24 02:59:06,433	INFO	Total steps: 592477	Episode: 1220/505	Avg reward: -11.15	Avg steps: 629
2020-06-24 03:01:16,615	INFO	Total steps: 605167	Episode: 1240/655	Avg reward: -11.15	Avg steps: 633
2020-06-24 03:03:33,014	INFO	Total steps: 618307	Episode: 1260/586	Avg reward: -10.25	Avg steps: 656
2020-06-24 03:05:56,703	INFO	Total steps: 632105	Episode: 1280/659	Avg reward: -9.65	Avg steps: 688
2020-06-24 03:08:10,485	INFO	Total steps: 644812	Episode: 1300/731	Avg reward: -11.35	Avg steps: 634
2020-06-24 03:10:15,377	INFO	Total steps: 656480	Episode: 1320/653	Avg reward: -11.65	Avg steps: 582
2020-06-24 03:12:38,176	INFO	Total steps: 670074	Episode: 1340/990	Avg reward: -9.15	Avg steps: 678
2020-06-24 03:14:56,866	INFO	Total steps: 683095	Episode: 1360/596	Avg reward: -10.65	Avg steps: 650
2020-06-24 03:17:34,474	INFO	Total steps: 698090	Episode: 1380/610	Avg reward: -9.10	Avg steps: 748
2020-06-24 03:19:54,008	INFO	Total steps: 711532	Episode: 1400/767	Avg reward: -8.70	Avg steps: 671
2020-06-24 03:22:33,785	INFO	Total steps: 726603	Episode: 1420/723	Avg reward: -9.30	Avg steps: 752
2020-06-24 03:24:46,045	INFO	Total steps: 739297	Episode: 1440/803	Avg reward: -10.60	Avg steps: 633
2020-06-24 03:27:07,636	INFO	Total steps: 752805	Episode: 1460/692	Avg reward: -8.50	Avg steps: 674
2020-06-24 03:29:32,153	INFO	Total steps: 767171	Episode: 1480/890	Avg reward: -8.30	Avg steps: 717
2020-06-24 03:31:59,190	INFO	Total steps: 781424	Episode: 1500/779	Avg reward: -8.80	Avg steps: 711
2020-06-24 03:34:34,986	INFO	Total steps: 796545	Episode: 1520/859	Avg reward: -6.80	Avg steps: 755
2020-06-24 03:37:06,999	INFO	Total steps: 811389	Episode: 1540/853	Avg reward: -8.55	Avg steps: 741
2020-06-24 03:39:34,930	INFO	Total steps: 825955	Episode: 1560/707	Avg reward: -8.25	Avg steps: 727
2020-06-24 03:42:18,078	INFO	Total steps: 841720	Episode: 1580/884	Avg reward: -7.60	Avg steps: 787
2020-06-24 03:44:47,387	INFO	Total steps: 856698	Episode: 1600/713	Avg reward: -6.65	Avg steps: 747
2020-06-24 03:47:12,554	INFO	Total steps: 871323	Episode: 1620/827	Avg reward: -7.45	Avg steps: 730
2020-06-24 03:49:36,154	INFO	Total steps: 885470	Episode: 1640/835	Avg reward: -8.55	Avg steps: 706
2020-06-24 03:52:10,908	INFO	Total steps: 900994	Episode: 1660/822	Avg reward: -7.85	Avg steps: 775
2020-06-24 03:54:47,882	INFO	Total steps: 916670	Episode: 1680/1123	Avg reward: -6.45	Avg steps: 782
2020-06-24 03:57:27,445	INFO	Total steps: 932019	Episode: 1700/653	Avg reward: -6.80	Avg steps: 766
2020-06-24 04:00:14,064	INFO	Total steps: 948565	Episode: 1720/936	Avg reward: -5.10	Avg steps: 826
2020-06-24 04:03:02,780	INFO	Total steps: 965229	Episode: 1740/669	Avg reward: -5.55	Avg steps: 832
2020-06-24 04:05:46,901	INFO	Total steps: 981243	Episode: 1760/716	Avg reward: -3.70	Avg steps: 799
2020-06-24 04:08:27,354	INFO	Total steps: 996912	Episode: 1780/673	Avg reward: -4.20	Avg steps: 782
2020-06-24 04:11:20,143	INFO	Total steps: 1014173	Episode: 1800/1075	Avg reward: -3.70	Avg steps: 862
2020-06-24 04:14:04,795	INFO	Total steps: 1030403	Episode: 1820/892	Avg reward: -2.15	Avg steps: 810
2020-06-24 04:16:56,918	INFO	Total steps: 1047680	Episode: 1840/677	Avg reward: -3.85	Avg steps: 862
2020-06-24 04:19:40,257	INFO	Total steps: 1064221	Episode: 1860/1101	Avg reward: -2.95	Avg steps: 826
2020-06-24 04:22:33,689	INFO	Total steps: 1081706	Episode: 1880/951	Avg reward: -2.50	Avg steps: 873
2020-06-24 04:25:28,532	INFO	Total steps: 1099173	Episode: 1900/905	Avg reward: -1.65	Avg steps: 872
2020-06-24 04:28:10,449	INFO	Total steps: 1115107	Episode: 1920/947	Avg reward: -4.55	Avg steps: 795
2020-06-24 04:31:04,404	INFO	Total steps: 1132456	Episode: 1940/870	Avg reward: -2.95	Avg steps: 866
2020-06-24 04:33:49,850	INFO	Total steps: 1148996	Episode: 1960/1093	Avg reward: -2.10	Avg steps: 826
2020-06-24 04:36:43,330	INFO	Total steps: 1166721	Episode: 1980/848	Avg reward: -1.85	Avg steps: 885
2020-06-24 04:39:35,779	INFO	Total steps: 1184014	Episode: 2000/1089	Avg reward: -2.65	Avg steps: 863
2020-06-24 04:42:28,504	INFO	Total steps: 1201186	Episode: 2020/731	Avg reward: -1.10	Avg steps: 857
2020-06-24 04:45:21,513	INFO	Total steps: 1218368	Episode: 2040/724	Avg reward: -1.55	Avg steps: 858
2020-06-24 04:48:05,463	INFO	Total steps: 1235071	Episode: 2060/699	Avg reward: 0.80	Avg steps: 834
2020-06-24 04:51:03,354	INFO	Total steps: 1252860	Episode: 2080/808	Avg reward: -0.50	Avg steps: 888
2020-06-24 04:53:59,920	INFO	Total steps: 1270635	Episode: 2100/1017	Avg reward: -2.05	Avg steps: 887
2020-06-24 04:57:00,496	INFO	Total steps: 1288520	Episode: 2120/944	Avg reward: 0.30	Avg steps: 893
2020-06-24 05:00:10,229	INFO	Total steps: 1307083	Episode: 2140/1035	Avg reward: 1.50	Avg steps: 927
2020-06-24 05:02:58,305	INFO	Total steps: 1323907	Episode: 2160/729	Avg reward: -2.30	Avg steps: 840
2020-06-24 05:05:49,753	INFO	Total steps: 1341234	Episode: 2180/1138	Avg reward: 2.65	Avg steps: 865
2020-06-24 05:08:59,739	INFO	Total steps: 1359744	Episode: 2200/1346	Avg reward: 2.55	Avg steps: 924
2020-06-24 05:12:09,550	INFO	Total steps: 1378294	Episode: 2220/869	Avg reward: 1.95	Avg steps: 926
2020-06-24 05:15:26,254	INFO	Total steps: 1397532	Episode: 2240/1074	Avg reward: 2.75	Avg steps: 960
2020-06-24 05:18:46,127	INFO	Total steps: 1416963	Episode: 2260/879	Avg reward: 0.30	Avg steps: 970
2020-06-24 05:21:46,020	INFO	Total steps: 1434663	Episode: 2280/964	Avg reward: 1.95	Avg steps: 884
2020-06-24 05:24:57,733	INFO	Total steps: 1453311	Episode: 2300/936	Avg reward: 3.00	Avg steps: 931
2020-06-24 05:28:07,447	INFO	Total steps: 1471839	Episode: 2320/921	Avg reward: 4.05	Avg steps: 925
2020-06-24 05:31:31,120	INFO	Total steps: 1491350	Episode: 2340/906	Avg reward: 2.05	Avg steps: 974
2020-06-24 05:34:31,498	INFO	Total steps: 1509114	Episode: 2360/1037	Avg reward: 2.85	Avg steps: 887
2020-06-24 05:37:40,567	INFO	Total steps: 1527566	Episode: 2380/866	Avg reward: 5.00	Avg steps: 921
2020-06-24 05:40:33,385	INFO	Total steps: 1544491	Episode: 2400/1220	Avg reward: 5.80	Avg steps: 845
2020-06-24 05:43:33,909	INFO	Total steps: 1562084	Episode: 2420/953	Avg reward: 7.20	Avg steps: 878
2020-06-24 05:46:33,676	INFO	Total steps: 1579813	Episode: 2440/746	Avg reward: 5.05	Avg steps: 885
2020-06-24 05:49:29,349	INFO	Total steps: 1596878	Episode: 2460/735	Avg reward: 6.85	Avg steps: 852
2020-06-24 05:52:27,494	INFO	Total steps: 1614237	Episode: 2480/854	Avg reward: 6.00	Avg steps: 866
2020-06-24 05:55:13,550	INFO	Total steps: 1630404	Episode: 2500/821	Avg reward: 5.90	Avg steps: 807
2020-06-24 05:58:27,516	INFO	Total steps: 1649123	Episode: 2520/979	Avg reward: 5.00	Avg steps: 934
2020-06-24 06:01:29,309	INFO	Total steps: 1666750	Episode: 2540/941	Avg reward: 5.95	Avg steps: 880
2020-06-24 06:04:38,065	INFO	Total steps: 1684945	Episode: 2560/911	Avg reward: 3.20	Avg steps: 908
2020-06-24 06:07:32,493	INFO	Total steps: 1702076	Episode: 2580/746	Avg reward: 5.70	Avg steps: 855
2020-06-24 06:10:44,958	INFO	Total steps: 1720813	Episode: 2600/1163	Avg reward: 4.15	Avg steps: 935
2020-06-24 06:13:59,544	INFO	Total steps: 1739776	Episode: 2620/1082	Avg reward: 4.80	Avg steps: 947
2020-06-24 06:17:02,353	INFO	Total steps: 1757606	Episode: 2640/642	Avg reward: 5.70	Avg steps: 890
2020-06-24 06:19:39,944	INFO	Total steps: 1773101	Episode: 2660/633	Avg reward: 8.85	Avg steps: 773
2020-06-24 06:22:45,663	INFO	Total steps: 1791360	Episode: 2680/644	Avg reward: 7.55	Avg steps: 911
2020-06-24 06:25:51,549	INFO	Total steps: 1809656	Episode: 2700/873	Avg reward: 7.15	Avg steps: 913
2020-06-24 06:28:50,896	INFO	Total steps: 1827162	Episode: 2720/904	Avg reward: 5.95	Avg steps: 874
2020-06-24 06:31:40,814	INFO	Total steps: 1843870	Episode: 2740/903	Avg reward: 5.90	Avg steps: 834
2020-06-24 06:34:44,810	INFO	Total steps: 1861637	Episode: 2760/763	Avg reward: 6.90	Avg steps: 887
2020-06-24 06:37:46,212	INFO	Total steps: 1879326	Episode: 2780/706	Avg reward: 7.25	Avg steps: 883
2020-06-24 06:40:33,837	INFO	Total steps: 1895678	Episode: 2800/841	Avg reward: 6.80	Avg steps: 816
2020-06-24 06:43:33,138	INFO	Total steps: 1913199	Episode: 2820/568	Avg reward: 6.70	Avg steps: 875
2020-06-24 06:46:31,312	INFO	Total steps: 1930580	Episode: 2840/714	Avg reward: 8.15	Avg steps: 868
2020-06-24 06:49:20,809	INFO	Total steps: 1947094	Episode: 2860/1324	Avg reward: 7.85	Avg steps: 824
2020-06-24 06:52:28,423	INFO	Total steps: 1965293	Episode: 2880/827	Avg reward: 6.85	Avg steps: 908
2020-06-24 06:55:17,163	INFO	Total steps: 1981764	Episode: 2900/955	Avg reward: 10.30	Avg steps: 822
2020-06-24 06:58:10,935	INFO	Total steps: 1998622	Episode: 2920/1056	Avg reward: 7.65	Avg steps: 841
2020-06-24 07:01:09,497	INFO	Total steps: 2015891	Episode: 2940/753	Avg reward: 7.80	Avg steps: 862
2020-06-24 07:04:07,594	INFO	Total steps: 2033154	Episode: 2960/701	Avg reward: 8.50	Avg steps: 862
2020-06-24 07:07:02,959	INFO	Total steps: 2050020	Episode: 2980/761	Avg reward: 8.00	Avg steps: 842
2020-06-24 07:09:50,844	INFO	Total steps: 2066344	Episode: 3000/535	Avg reward: 7.45	Avg steps: 815
2020-06-24 07:12:38,118	INFO	Total steps: 2082509	Episode: 3020/758	Avg reward: 9.40	Avg steps: 807
2020-06-24 07:15:30,864	INFO	Total steps: 2099219	Episode: 3040/858	Avg reward: 8.40	Avg steps: 834
2020-06-24 07:18:24,359	INFO	Total steps: 2116150	Episode: 3060/902	Avg reward: 8.20	Avg steps: 845
2020-06-24 07:21:20,436	INFO	Total steps: 2133360	Episode: 3080/1063	Avg reward: 7.50	Avg steps: 859
2020-06-24 07:24:04,550	INFO	Total steps: 2149363	Episode: 3100/768	Avg reward: 7.85	Avg steps: 799
2020-06-24 07:26:44,700	INFO	Total steps: 2164792	Episode: 3120/729	Avg reward: 9.90	Avg steps: 770
2020-06-24 07:29:17,344	INFO	Total steps: 2179706	Episode: 3140/615	Avg reward: 10.85	Avg steps: 744
2020-06-24 07:32:10,462	INFO	Total steps: 2196578	Episode: 3160/976	Avg reward: 8.10	Avg steps: 842
2020-06-24 07:34:59,994	INFO	Total steps: 2213112	Episode: 3180/794	Avg reward: 8.55	Avg steps: 825
2020-06-24 07:38:02,866	INFO	Total steps: 2230455	Episode: 3200/944	Avg reward: 9.05	Avg steps: 866
2020-06-24 07:40:53,992	INFO	Total steps: 2247037	Episode: 3220/687	Avg reward: 9.45	Avg steps: 828
2020-06-24 07:43:45,391	INFO	Total steps: 2263874	Episode: 3240/977	Avg reward: 9.55	Avg steps: 840
2020-06-24 07:46:33,412	INFO	Total steps: 2279937	Episode: 3260/888	Avg reward: 9.95	Avg steps: 802
2020-06-24 07:49:33,379	INFO	Total steps: 2297068	Episode: 3280/908	Avg reward: 9.35	Avg steps: 855
2020-06-24 07:52:16,323	INFO	Total steps: 2312626	Episode: 3300/718	Avg reward: 7.70	Avg steps: 776
2020-06-24 07:55:07,724	INFO	Total steps: 2328837	Episode: 3320/933	Avg reward: 9.70	Avg steps: 809
2020-06-24 07:57:53,936	INFO	Total steps: 2344763	Episode: 3340/1065	Avg reward: 8.55	Avg steps: 795
2020-06-24 08:00:48,878	INFO	Total steps: 2361383	Episode: 3360/1017	Avg reward: 9.10	Avg steps: 830
2020-06-24 08:03:34,451	INFO	Total steps: 2376924	Episode: 3380/979	Avg reward: 10.40	Avg steps: 776
2020-06-24 08:06:37,402	INFO	Total steps: 2394385	Episode: 3400/1053	Avg reward: 8.60	Avg steps: 872
2020-06-24 08:09:38,586	INFO	Total steps: 2411345	Episode: 3420/746	Avg reward: 8.05	Avg steps: 847
2020-06-24 08:12:26,113	INFO	Total steps: 2427169	Episode: 3440/792	Avg reward: 9.60	Avg steps: 790
2020-06-24 08:15:03,822	INFO	Total steps: 2441940	Episode: 3460/970	Avg reward: 10.65	Avg steps: 737
2020-06-24 08:17:54,451	INFO	Total steps: 2458010	Episode: 3480/704	Avg reward: 9.50	Avg steps: 802
2020-06-24 08:20:57,024	INFO	Total steps: 2475275	Episode: 3500/965	Avg reward: 7.95	Avg steps: 862
2020-06-24 08:23:50,265	INFO	Total steps: 2491653	Episode: 3520/732	Avg reward: 10.70	Avg steps: 817
2020-06-24 08:26:35,089	INFO	Total steps: 2507135	Episode: 3540/779	Avg reward: 11.75	Avg steps: 773
2020-06-24 08:29:22,806	INFO	Total steps: 2522989	Episode: 3560/792	Avg reward: 9.40	Avg steps: 791
2020-06-24 08:32:05,247	INFO	Total steps: 2538388	Episode: 3580/846	Avg reward: 10.20	Avg steps: 768
2020-06-24 08:34:47,296	INFO	Total steps: 2554099	Episode: 3600/691	Avg reward: 10.20	Avg steps: 784
2020-06-24 08:37:22,185	INFO	Total steps: 2569070	Episode: 3620/848	Avg reward: 10.35	Avg steps: 747
2020-06-24 08:40:02,875	INFO	Total steps: 2584646	Episode: 3640/1159	Avg reward: 11.25	Avg steps: 777
2020-06-24 08:42:38,868	INFO	Total steps: 2599841	Episode: 3660/900	Avg reward: 10.25	Avg steps: 758
2020-06-24 08:45:25,728	INFO	Total steps: 2615998	Episode: 3680/766	Avg reward: 9.95	Avg steps: 806
2020-06-24 08:48:10,458	INFO	Total steps: 2632056	Episode: 3700/984	Avg reward: 10.00	Avg steps: 801
2020-06-24 08:50:48,441	INFO	Total steps: 2647243	Episode: 3720/526	Avg reward: 11.10	Avg steps: 758
2020-06-24 08:53:25,954	INFO	Total steps: 2662645	Episode: 3740/617	Avg reward: 11.70	Avg steps: 769
2020-06-24 08:56:09,070	INFO	Total steps: 2678577	Episode: 3760/602	Avg reward: 9.95	Avg steps: 795
2020-06-24 08:58:52,420	INFO	Total steps: 2694349	Episode: 3780/823	Avg reward: 10.25	Avg steps: 787
2020-06-24 09:01:36,085	INFO	Total steps: 2710139	Episode: 3800/875	Avg reward: 10.85	Avg steps: 788
2020-06-24 09:04:17,391	INFO	Total steps: 2725677	Episode: 3820/855	Avg reward: 10.90	Avg steps: 775
2020-06-24 09:07:03,994	INFO	Total steps: 2741879	Episode: 3840/951	Avg reward: 9.80	Avg steps: 809
2020-06-24 09:09:44,066	INFO	Total steps: 2757265	Episode: 3860/1210	Avg reward: 11.00	Avg steps: 768
2020-06-24 09:12:38,932	INFO	Total steps: 2773732	Episode: 3880/739	Avg reward: 10.30	Avg steps: 822
2020-06-24 09:15:20,516	INFO	Total steps: 2789433	Episode: 3900/545	Avg reward: 11.20	Avg steps: 784
2020-06-24 09:18:12,413	INFO	Total steps: 2805910	Episode: 3920/1106	Avg reward: 10.55	Avg steps: 822
2020-06-24 09:21:04,533	INFO	Total steps: 2822585	Episode: 3940/683	Avg reward: 10.80	Avg steps: 832
2020-06-24 09:23:51,481	INFO	Total steps: 2838629	Episode: 3960/651	Avg reward: 11.40	Avg steps: 801
2020-06-24 09:26:26,617	INFO	Total steps: 2853689	Episode: 3980/937	Avg reward: 11.65	Avg steps: 752
2020-06-24 09:29:10,685	INFO	Total steps: 2869604	Episode: 4000/941	Avg reward: 11.90	Avg steps: 794
2020-06-24 09:31:57,066	INFO	Total steps: 2885699	Episode: 4020/899	Avg reward: 11.40	Avg steps: 803
2020-06-24 09:34:37,481	INFO	Total steps: 2901507	Episode: 4040/875	Avg reward: 10.60	Avg steps: 789
2020-06-24 09:37:43,709	INFO	Total steps: 2919650	Episode: 4060/936	Avg reward: 9.60	Avg steps: 906
2020-06-24 09:40:22,771	INFO	Total steps: 2935172	Episode: 4080/730	Avg reward: 10.90	Avg steps: 775
2020-06-24 09:43:06,139	INFO	Total steps: 2950844	Episode: 4100/851	Avg reward: 11.50	Avg steps: 782
2020-06-24 09:46:01,361	INFO	Total steps: 2967876	Episode: 4120/924	Avg reward: 11.00	Avg steps: 850
2020-06-24 09:48:44,415	INFO	Total steps: 2983680	Episode: 4140/867	Avg reward: 12.30	Avg steps: 789
2020-06-24 09:51:18,120	INFO	Total steps: 2998625	Episode: 4160/717	Avg reward: 12.15	Avg steps: 746
2020-06-24 09:54:04,023	INFO	Total steps: 3014815	Episode: 4180/748	Avg reward: 11.90	Avg steps: 808
2020-06-24 09:56:49,055	INFO	Total steps: 3030731	Episode: 4200/768	Avg reward: 11.60	Avg steps: 794
2020-06-24 09:59:24,657	INFO	Total steps: 3045888	Episode: 4220/992	Avg reward: 11.65	Avg steps: 756
2020-06-24 10:02:02,312	INFO	Total steps: 3061240	Episode: 4240/930	Avg reward: 12.85	Avg steps: 766
2020-06-24 10:04:37,044	INFO	Total steps: 3076282	Episode: 4260/696	Avg reward: 12.55	Avg steps: 751
2020-06-24 10:07:32,307	INFO	Total steps: 3093309	Episode: 4280/934	Avg reward: 11.20	Avg steps: 850
2020-06-24 10:10:23,248	INFO	Total steps: 3109502	Episode: 4300/699	Avg reward: 10.45	Avg steps: 808
2020-06-24 10:13:06,419	INFO	Total steps: 3125083	Episode: 4320/672	Avg reward: 11.15	Avg steps: 778
2020-06-24 10:15:55,407	INFO	Total steps: 3141049	Episode: 4340/577	Avg reward: 11.35	Avg steps: 797
2020-06-24 10:18:25,182	INFO	Total steps: 3155549	Episode: 4360/699	Avg reward: 12.30	Avg steps: 724
2020-06-24 10:21:10,633	INFO	Total steps: 3171640	Episode: 4380/594	Avg reward: 11.90	Avg steps: 803
2020-06-24 10:24:02,710	INFO	Total steps: 3188291	Episode: 4400/857	Avg reward: 10.55	Avg steps: 831
2020-06-24 10:26:50,061	INFO	Total steps: 3204255	Episode: 4420/722	Avg reward: 11.65	Avg steps: 797
2020-06-24 10:29:30,961	INFO	Total steps: 3219758	Episode: 4440/841	Avg reward: 12.10	Avg steps: 774
2020-06-24 10:31:57,614	INFO	Total steps: 3233967	Episode: 4460/651	Avg reward: 14.15	Avg steps: 709
2020-06-24 10:34:25,909	INFO	Total steps: 3248202	Episode: 4480/890	Avg reward: 13.25	Avg steps: 710
2020-06-24 10:36:58,453	INFO	Total steps: 3262825	Episode: 4500/840	Avg reward: 12.10	Avg steps: 730
2020-06-24 10:39:46,176	INFO	Total steps: 3278873	Episode: 4520/523	Avg reward: 11.45	Avg steps: 801
2020-06-24 10:42:31,191	INFO	Total steps: 3294716	Episode: 4540/1028	Avg reward: 11.20	Avg steps: 791
2020-06-24 10:45:03,744	INFO	Total steps: 3309639	Episode: 4560/867	Avg reward: 12.85	Avg steps: 745
2020-06-24 10:47:47,433	INFO	Total steps: 3325296	Episode: 4580/713	Avg reward: 11.75	Avg steps: 781
2020-06-24 10:50:20,292	INFO	Total steps: 3340114	Episode: 4600/648	Avg reward: 12.10	Avg steps: 739
2020-06-24 10:53:10,950	INFO	Total steps: 3356669	Episode: 4620/877	Avg reward: 9.80	Avg steps: 826
2020-06-24 10:55:53,478	INFO	Total steps: 3372284	Episode: 4640/708	Avg reward: 12.05	Avg steps: 779
2020-06-24 10:58:37,983	INFO	Total steps: 3388248	Episode: 4660/674	Avg reward: 11.00	Avg steps: 797
2020-06-24 11:01:06,398	INFO	Total steps: 3402685	Episode: 4680/670	Avg reward: 12.85	Avg steps: 720
2020-06-24 11:03:40,416	INFO	Total steps: 3417802	Episode: 4700/654	Avg reward: 12.15	Avg steps: 754
2020-06-24 11:06:10,118	INFO	Total steps: 3432350	Episode: 4720/467	Avg reward: 12.45	Avg steps: 726
2020-06-24 11:08:47,246	INFO	Total steps: 3447642	Episode: 4740/645	Avg reward: 11.80	Avg steps: 763
2020-06-24 11:11:29,056	INFO	Total steps: 3463494	Episode: 4760/810	Avg reward: 10.90	Avg steps: 791
2020-06-24 11:14:18,824	INFO	Total steps: 3480004	Episode: 4780/544	Avg reward: 10.85	Avg steps: 824
2020-06-24 11:16:49,593	INFO	Total steps: 3494807	Episode: 4800/610	Avg reward: 13.00	Avg steps: 739
2020-06-24 11:19:45,946	INFO	Total steps: 3511530	Episode: 4820/952	Avg reward: 10.70	Avg steps: 835
2020-06-24 11:22:29,746	INFO	Total steps: 3527330	Episode: 4840/680	Avg reward: 11.85	Avg steps: 789
2020-06-24 11:25:20,314	INFO	Total steps: 3543899	Episode: 4860/802	Avg reward: 11.35	Avg steps: 827
2020-06-24 11:28:06,068	INFO	Total steps: 3559882	Episode: 4880/683	Avg reward: 12.45	Avg steps: 798
2020-06-24 11:30:57,249	INFO	Total steps: 3576427	Episode: 4900/952	Avg reward: 11.50	Avg steps: 826
2020-06-24 11:33:44,294	INFO	Total steps: 3592544	Episode: 4920/1048	Avg reward: 13.35	Avg steps: 804
2020-06-24 11:36:33,199	INFO	Total steps: 3608804	Episode: 4940/651	Avg reward: 12.25	Avg steps: 812
2020-06-24 11:39:22,271	INFO	Total steps: 3625186	Episode: 4960/610	Avg reward: 11.35	Avg steps: 818
2020-06-24 11:42:22,842	INFO	Total steps: 3642636	Episode: 4980/772	Avg reward: 11.85	Avg steps: 871
2020-06-24 11:44:53,072	INFO	Total steps: 3657191	Episode: 5000/616	Avg reward: 14.15	Avg steps: 726
2020-06-24 11:47:35,431	INFO	Total steps: 3672865	Episode: 5020/691	Avg reward: 12.15	Avg steps: 782
2020-06-24 11:50:22,633	INFO	Total steps: 3688820	Episode: 5040/764	Avg reward: 11.90	Avg steps: 796
2020-06-24 11:52:52,804	INFO	Total steps: 3703427	Episode: 5060/680	Avg reward: 13.80	Avg steps: 729
2020-06-24 11:55:46,470	INFO	Total steps: 3720146	Episode: 5080/834	Avg reward: 11.90	Avg steps: 834
2020-06-24 11:58:28,348	INFO	Total steps: 3735855	Episode: 5100/973	Avg reward: 12.95	Avg steps: 784
2020-06-24 12:01:18,709	INFO	Total steps: 3752237	Episode: 5120/670	Avg reward: 12.50	Avg steps: 818
2020-06-24 12:04:01,646	INFO	Total steps: 3767900	Episode: 5140/768	Avg reward: 13.10	Avg steps: 782
2020-06-24 12:06:41,536	INFO	Total steps: 3783321	Episode: 5160/791	Avg reward: 13.60	Avg steps: 770
2020-06-24 12:09:28,280	INFO	Total steps: 3799333	Episode: 5180/900	Avg reward: 12.60	Avg steps: 799
2020-06-24 12:12:25,986	INFO	Total steps: 3816518	Episode: 5200/767	Avg reward: 11.70	Avg steps: 858
2020-06-24 12:15:11,202	INFO	Total steps: 3832470	Episode: 5220/820	Avg reward: 12.25	Avg steps: 796
2020-06-24 12:17:57,447	INFO	Total steps: 3848582	Episode: 5240/535	Avg reward: 12.10	Avg steps: 804
2020-06-24 12:20:45,516	INFO	Total steps: 3864396	Episode: 5260/700	Avg reward: 12.00	Avg steps: 789
2020-06-24 12:23:16,314	INFO	Total steps: 3879108	Episode: 5280/792	Avg reward: 13.15	Avg steps: 734
2020-06-24 12:25:58,548	INFO	Total steps: 3894942	Episode: 5300/874	Avg reward: 12.50	Avg steps: 790
2020-06-24 12:28:25,516	INFO	Total steps: 3909058	Episode: 5320/778	Avg reward: 13.70	Avg steps: 704
2020-06-24 12:30:59,614	INFO	Total steps: 3923989	Episode: 5340/803	Avg reward: 13.55	Avg steps: 745
2020-06-24 12:33:26,790	INFO	Total steps: 3938112	Episode: 5360/796	Avg reward: 13.40	Avg steps: 705
2020-06-24 12:35:56,629	INFO	Total steps: 3952545	Episode: 5380/718	Avg reward: 13.35	Avg steps: 720
2020-06-24 12:38:28,181	INFO	Total steps: 3967441	Episode: 5400/827	Avg reward: 13.50	Avg steps: 743
2020-06-24 12:41:12,154	INFO	Total steps: 3983272	Episode: 5420/692	Avg reward: 12.20	Avg steps: 790
2020-06-24 12:43:49,867	INFO	Total steps: 3998609	Episode: 5440/933	Avg reward: 13.10	Avg steps: 765
2020-06-24 12:46:24,086	INFO	Total steps: 4013510	Episode: 5460/698	Avg reward: 12.95	Avg steps: 744
2020-06-24 12:49:06,731	INFO	Total steps: 4029162	Episode: 5480/654	Avg reward: 12.00	Avg steps: 781
2020-06-24 12:51:41,628	INFO	Total steps: 4044192	Episode: 5500/849	Avg reward: 12.95	Avg steps: 750
2020-06-24 12:54:28,082	INFO	Total steps: 4060029	Episode: 5520/930	Avg reward: 12.20	Avg steps: 790
2020-06-24 12:57:14,925	INFO	Total steps: 4076261	Episode: 5540/1356	Avg reward: 13.35	Avg steps: 810
2020-06-24 13:00:01,081	INFO	Total steps: 4092413	Episode: 5560/897	Avg reward: 12.90	Avg steps: 806
2020-06-24 13:02:40,670	INFO	Total steps: 4108007	Episode: 5580/637	Avg reward: 13.10	Avg steps: 778
2020-06-24 13:05:20,601	INFO	Total steps: 4123487	Episode: 5600/824	Avg reward: 13.00	Avg steps: 773
2020-06-24 13:08:11,508	INFO	Total steps: 4139904	Episode: 5620/547	Avg reward: 11.40	Avg steps: 819
2020-06-24 13:10:50,147	INFO	Total steps: 4155311	Episode: 5640/669	Avg reward: 12.00	Avg steps: 769
2020-06-24 13:13:15,800	INFO	Total steps: 4169557	Episode: 5660/583	Avg reward: 12.25	Avg steps: 711
2020-06-24 13:16:00,035	INFO	Total steps: 4185531	Episode: 5680/846	Avg reward: 11.85	Avg steps: 797
2020-06-24 13:18:49,865	INFO	Total steps: 4202100	Episode: 5700/749	Avg reward: 11.65	Avg steps: 827
2020-06-24 13:21:43,435	INFO	Total steps: 4218796	Episode: 5720/932	Avg reward: 11.85	Avg steps: 833
2020-06-24 13:24:31,931	INFO	Total steps: 4234928	Episode: 5740/830	Avg reward: 12.35	Avg steps: 805
2020-06-24 13:27:21,365	INFO	Total steps: 4251326	Episode: 5760/576	Avg reward: 12.70	Avg steps: 818
2020-06-24 13:29:55,572	INFO	Total steps: 4266154	Episode: 5780/630	Avg reward: 13.40	Avg steps: 740
2020-06-24 13:32:21,991	INFO	Total steps: 4280409	Episode: 5800/908	Avg reward: 13.80	Avg steps: 711
2020-06-24 13:35:03,363	INFO	Total steps: 4296222	Episode: 5820/722	Avg reward: 13.20	Avg steps: 789
2020-06-24 13:37:47,466	INFO	Total steps: 4312151	Episode: 5840/994	Avg reward: 12.30	Avg steps: 795
2020-06-24 13:40:29,287	INFO	Total steps: 4327809	Episode: 5860/739	Avg reward: 13.05	Avg steps: 781
2020-06-24 13:43:02,595	INFO	Total steps: 4342732	Episode: 5880/788	Avg reward: 12.05	Avg steps: 745
2020-06-24 13:45:45,859	INFO	Total steps: 4358589	Episode: 5900/588	Avg reward: 13.30	Avg steps: 791
2020-06-24 13:48:25,871	INFO	Total steps: 4373997	Episode: 5920/982	Avg reward: 12.35	Avg steps: 769
2020-06-24 13:51:02,448	INFO	Total steps: 4389115	Episode: 5940/716	Avg reward: 12.30	Avg steps: 754
2020-06-24 13:53:33,720	INFO	Total steps: 4403876	Episode: 5960/528	Avg reward: 12.95	Avg steps: 737
2020-06-24 13:56:16,391	INFO	Total steps: 4419467	Episode: 5980/544	Avg reward: 12.55	Avg steps: 778
2020-06-24 13:58:58,409	INFO	Total steps: 4435123	Episode: 6000/818	Avg reward: 13.00	Avg steps: 781
2020-06-24 14:01:33,417	INFO	Total steps: 4450054	Episode: 6020/863	Avg reward: 12.50	Avg steps: 745
2020-06-24 14:04:03,203	INFO	Total steps: 4464634	Episode: 6040/620	Avg reward: 12.60	Avg steps: 728
2020-06-24 14:06:43,381	INFO	Total steps: 4480197	Episode: 6060/776	Avg reward: 12.55	Avg steps: 777
2020-06-24 14:09:16,018	INFO	Total steps: 4494968	Episode: 6080/645	Avg reward: 11.95	Avg steps: 737
2020-06-24 14:11:57,650	INFO	Total steps: 4510681	Episode: 6100/555	Avg reward: 11.70	Avg steps: 784
2020-06-24 14:14:52,775	INFO	Total steps: 4527545	Episode: 6120/666	Avg reward: 11.50	Avg steps: 842
2020-06-24 14:17:28,865	INFO	Total steps: 4542621	Episode: 6140/879	Avg reward: 13.00	Avg steps: 752
2020-06-24 14:20:02,743	INFO	Total steps: 4557585	Episode: 6160/763	Avg reward: 12.70	Avg steps: 747
2020-06-24 14:22:42,469	INFO	Total steps: 4573224	Episode: 6180/688	Avg reward: 11.85	Avg steps: 780
2020-06-24 14:25:27,615	INFO	Total steps: 4589389	Episode: 6200/807	Avg reward: 12.10	Avg steps: 807
2020-06-24 14:28:14,279	INFO	Total steps: 4605312	Episode: 6220/923	Avg reward: 12.30	Avg steps: 795
2020-06-24 14:30:58,584	INFO	Total steps: 4621269	Episode: 6240/857	Avg reward: 12.70	Avg steps: 796
2020-06-24 14:33:41,346	INFO	Total steps: 4637039	Episode: 6260/815	Avg reward: 13.15	Avg steps: 787
2020-06-24 14:36:38,304	INFO	Total steps: 4654109	Episode: 6280/671	Avg reward: 11.95	Avg steps: 852
2020-06-24 14:39:18,611	INFO	Total steps: 4669614	Episode: 6300/719	Avg reward: 12.65	Avg steps: 774
2020-06-24 14:42:07,018	INFO	Total steps: 4685886	Episode: 6320/476	Avg reward: 12.30	Avg steps: 812
2020-06-24 14:44:56,677	INFO	Total steps: 4702226	Episode: 6340/841	Avg reward: 12.70	Avg steps: 816
2020-06-24 14:47:45,579	INFO	Total steps: 4718683	Episode: 6360/791	Avg reward: 12.35	Avg steps: 821
2020-06-24 14:50:29,193	INFO	Total steps: 4734598	Episode: 6380/688	Avg reward: 12.85	Avg steps: 794
2020-06-24 14:53:02,545	INFO	Total steps: 4749476	Episode: 6400/583	Avg reward: 13.35	Avg steps: 742
2020-06-24 14:55:46,295	INFO	Total steps: 4765281	Episode: 6420/731	Avg reward: 12.55	Avg steps: 789
2020-06-24 14:58:32,531	INFO	Total steps: 4781286	Episode: 6440/994	Avg reward: 13.10	Avg steps: 799
2020-06-24 15:01:19,645	INFO	Total steps: 4797358	Episode: 6460/783	Avg reward: 13.00	Avg steps: 802
2020-06-24 15:04:18,184	INFO	Total steps: 4814801	Episode: 6480/1012	Avg reward: 12.20	Avg steps: 871
2020-06-24 15:07:10,162	INFO	Total steps: 4831543	Episode: 6500/899	Avg reward: 12.55	Avg steps: 836
2020-06-24 15:09:52,357	INFO	Total steps: 4847245	Episode: 6520/614	Avg reward: 13.25	Avg steps: 784
2020-06-24 15:12:39,160	INFO	Total steps: 4863449	Episode: 6540/592	Avg reward: 12.35	Avg steps: 809
2020-06-24 15:15:19,958	INFO	Total steps: 4879203	Episode: 6560/613	Avg reward: 12.65	Avg steps: 786
2020-06-24 15:18:08,810	INFO	Total steps: 4895587	Episode: 6580/711	Avg reward: 12.95	Avg steps: 818
2020-06-24 15:20:58,032	INFO	Total steps: 4911964	Episode: 6600/559	Avg reward: 12.10	Avg steps: 817
2020-06-24 15:23:41,315	INFO	Total steps: 4927670	Episode: 6620/612	Avg reward: 13.75	Avg steps: 784
2020-06-24 15:26:31,127	INFO	Total steps: 4944043	Episode: 6640/738	Avg reward: 12.15	Avg steps: 817
2020-06-24 15:29:10,291	INFO	Total steps: 4959458	Episode: 6660/615	Avg reward: 13.05	Avg steps: 769
2020-06-24 15:32:03,201	INFO	Total steps: 4976203	Episode: 6680/776	Avg reward: 11.80	Avg steps: 836
2020-06-24 15:34:38,764	INFO	Total steps: 4991348	Episode: 6700/802	Avg reward: 12.95	Avg steps: 756
2020-06-24 15:37:39,432	INFO	Total steps: 5008640	Episode: 6720/688	Avg reward: 12.20	Avg steps: 863
2020-06-24 15:40:34,040	INFO	Total steps: 5025361	Episode: 6740/859	Avg reward: 12.30	Avg steps: 835
2020-06-24 15:43:35,621	INFO	Total steps: 5042933	Episode: 6760/1383	Avg reward: 11.20	Avg steps: 877
2020-06-24 15:46:19,805	INFO	Total steps: 5058824	Episode: 6780/680	Avg reward: 12.75	Avg steps: 793
2020-06-24 15:49:04,968	INFO	Total steps: 5074817	Episode: 6800/681	Avg reward: 13.55	Avg steps: 798
2020-06-24 15:51:35,758	INFO	Total steps: 5089359	Episode: 6820/874	Avg reward: 13.25	Avg steps: 726
2020-06-24 15:54:23,459	INFO	Total steps: 5105610	Episode: 6840/773	Avg reward: 13.45	Avg steps: 811
2020-06-24 15:57:23,989	INFO	Total steps: 5123183	Episode: 6860/943	Avg reward: 12.25	Avg steps: 877
2020-06-24 16:00:12,515	INFO	Total steps: 5139568	Episode: 6880/653	Avg reward: 12.75	Avg steps: 818
2020-06-24 16:03:19,167	INFO	Total steps: 5157368	Episode: 6900/718	Avg reward: 12.50	Avg steps: 889
2020-06-24 16:06:02,299	INFO	Total steps: 5173130	Episode: 6920/1144	Avg reward: 14.55	Avg steps: 787
2020-06-24 16:08:40,985	INFO	Total steps: 5188446	Episode: 6940/612	Avg reward: 14.35	Avg steps: 764
2020-06-24 16:11:27,614	INFO	Total steps: 5204556	Episode: 6960/675	Avg reward: 13.85	Avg steps: 804
2020-06-24 16:14:22,279	INFO	Total steps: 5221350	Episode: 6980/913	Avg reward: 13.95	Avg steps: 838
2020-06-24 16:17:09,421	INFO	Total steps: 5237498	Episode: 7000/860	Avg reward: 13.75	Avg steps: 806
2020-06-24 16:19:56,471	INFO	Total steps: 5253738	Episode: 7020/1075	Avg reward: 13.60	Avg steps: 811
2020-06-24 16:22:45,811	INFO	Total steps: 5270329	Episode: 7040/1417	Avg reward: 13.35	Avg steps: 828
2020-06-24 16:25:34,105	INFO	Total steps: 5286578	Episode: 7060/970	Avg reward: 14.05	Avg steps: 811
2020-06-24 16:28:35,404	INFO	Total steps: 5304378	Episode: 7080/824	Avg reward: 13.30	Avg steps: 889
2020-06-24 16:31:35,702	INFO	Total steps: 5321810	Episode: 7100/875	Avg reward: 12.65	Avg steps: 870
2020-06-24 16:34:36,617	INFO	Total steps: 5338942	Episode: 7120/653	Avg reward: 13.40	Avg steps: 855
2020-06-24 16:37:52,660	INFO	Total steps: 5357364	Episode: 7140/1065	Avg reward: 12.55	Avg steps: 920
2020-06-24 16:40:38,911	INFO	Total steps: 5373032	Episode: 7160/1083	Avg reward: 13.90	Avg steps: 782
2020-06-24 16:43:20,642	INFO	Total steps: 5388300	Episode: 7180/766	Avg reward: 13.75	Avg steps: 762
2020-06-24 16:46:25,367	INFO	Total steps: 5405687	Episode: 7200/998	Avg reward: 12.35	Avg steps: 868
2020-06-24 16:49:14,596	INFO	Total steps: 5421764	Episode: 7220/492	Avg reward: 14.00	Avg steps: 802
2020-06-24 16:52:00,718	INFO	Total steps: 5437621	Episode: 7240/777	Avg reward: 14.15	Avg steps: 791
2020-06-24 16:54:54,284	INFO	Total steps: 5454413	Episode: 7260/704	Avg reward: 13.10	Avg steps: 838
2020-06-24 16:57:46,807	INFO	Total steps: 5470455	Episode: 7280/962	Avg reward: 13.25	Avg steps: 801
2020-06-24 17:00:44,068	INFO	Total steps: 5487361	Episode: 7300/925	Avg reward: 13.05	Avg steps: 844
2020-06-24 17:03:51,644	INFO	Total steps: 5505068	Episode: 7320/662	Avg reward: 12.40	Avg steps: 884
2020-06-24 17:06:32,848	INFO	Total steps: 5520930	Episode: 7340/927	Avg reward: 14.20	Avg steps: 792
2020-06-24 17:09:33,290	INFO	Total steps: 5538819	Episode: 7360/788	Avg reward: 13.80	Avg steps: 893
2020-06-24 17:12:15,415	INFO	Total steps: 5554976	Episode: 7380/1066	Avg reward: 14.35	Avg steps: 806
2020-06-24 17:15:03,705	INFO	Total steps: 5571536	Episode: 7400/588	Avg reward: 13.45	Avg steps: 827
2020-06-24 17:17:56,088	INFO	Total steps: 5588282	Episode: 7420/931	Avg reward: 12.75	Avg steps: 836
2020-06-24 17:20:51,518	INFO	Total steps: 5605724	Episode: 7440/966	Avg reward: 13.55	Avg steps: 871
2020-06-24 17:24:03,564	INFO	Total steps: 5624636	Episode: 7460/1162	Avg reward: 12.15	Avg steps: 944
2020-06-24 17:26:58,004	INFO	Total steps: 5642050	Episode: 7480/1009	Avg reward: 13.55	Avg steps: 869
2020-06-24 17:30:09,422	INFO	Total steps: 5661238	Episode: 7500/1116	Avg reward: 13.15	Avg steps: 958
2020-06-24 17:33:03,426	INFO	Total steps: 5678335	Episode: 7520/665	Avg reward: 14.35	Avg steps: 853
2020-06-24 17:35:43,109	INFO	Total steps: 5693967	Episode: 7540/675	Avg reward: 14.25	Avg steps: 780
2020-06-24 17:38:42,668	INFO	Total steps: 5712000	Episode: 7560/1325	Avg reward: 12.95	Avg steps: 900
2020-06-24 17:41:38,777	INFO	Total steps: 5729112	Episode: 7580/1046	Avg reward: 13.20	Avg steps: 854
2020-06-24 17:44:23,168	INFO	Total steps: 5745342	Episode: 7600/668	Avg reward: 12.80	Avg steps: 810
2020-06-24 17:47:14,301	INFO	Total steps: 5761873	Episode: 7620/772	Avg reward: 12.65	Avg steps: 825
2020-06-24 17:50:09,783	INFO	Total steps: 5778368	Episode: 7640/794	Avg reward: 13.65	Avg steps: 823
2020-06-24 17:52:56,026	INFO	Total steps: 5793949	Episode: 7660/706	Avg reward: 13.70	Avg steps: 778
2020-06-24 17:55:47,269	INFO	Total steps: 5810399	Episode: 7680/708	Avg reward: 12.40	Avg steps: 821
2020-06-24 17:58:36,206	INFO	Total steps: 5826230	Episode: 7700/838	Avg reward: 12.95	Avg steps: 790
2020-06-24 18:01:21,239	INFO	Total steps: 5841659	Episode: 7720/982	Avg reward: 12.60	Avg steps: 770
2020-06-24 18:04:09,810	INFO	Total steps: 5857691	Episode: 7740/906	Avg reward: 13.40	Avg steps: 800
2020-06-24 18:07:06,292	INFO	Total steps: 5874124	Episode: 7760/717	Avg reward: 13.60	Avg steps: 820
2020-06-24 18:09:54,829	INFO	Total steps: 5890044	Episode: 7780/1051	Avg reward: 13.85	Avg steps: 795
2020-06-24 18:12:49,751	INFO	Total steps: 5906660	Episode: 7800/913	Avg reward: 13.95	Avg steps: 829
2020-06-24 18:15:54,710	INFO	Total steps: 5924010	Episode: 7820/779	Avg reward: 13.20	Avg steps: 866
2020-06-24 18:18:52,227	INFO	Total steps: 5940690	Episode: 7840/715	Avg reward: 13.20	Avg steps: 833
2020-06-24 18:21:38,508	INFO	Total steps: 5956275	Episode: 7860/686	Avg reward: 14.35	Avg steps: 778
2020-06-24 18:24:10,280	INFO	Total steps: 5970881	Episode: 7880/837	Avg reward: 14.95	Avg steps: 729
2020-06-24 18:26:49,483	INFO	Total steps: 5985635	Episode: 7900/613	Avg reward: 14.45	Avg steps: 736
2020-06-24 18:29:36,710	INFO	Total steps: 6001487	Episode: 7920/650	Avg reward: 13.10	Avg steps: 791
2020-06-24 18:32:37,227	INFO	Total steps: 6018604	Episode: 7940/599	Avg reward: 12.30	Avg steps: 854
2020-06-24 18:35:39,254	INFO	Total steps: 6035362	Episode: 7960/811	Avg reward: 13.00	Avg steps: 836
2020-06-24 18:38:26,816	INFO	Total steps: 6051130	Episode: 7980/867	Avg reward: 13.40	Avg steps: 787
2020-06-24 18:41:14,124	INFO	Total steps: 6066936	Episode: 8000/985	Avg reward: 14.00	Avg steps: 789
