2020-07-01 22:22:33,967	INFO	--width 160 --height 160 --ball 1.0 --ball-size 2.0 --snell 1.0 --snell-width 60.0 --snell-change 0.0 --snell-visible none --paddle-speed 1.0 --paddle-angle 89.0 --paddle-length 10.0 --update-prob 0.4 --state binary --learning-rate 0.0001 --network dqn_pong_model --render False --epsdecay 1000 --episodes 4000 --replay 10000 --checkpoint dqn_pong_model --history history.p --store-dir ../experiments/snell_width.60.0-paddle_length.10.0-paddle_angle.89.0-update_prob.0.4 
2020-07-01 22:22:33,967	INFO	Device: cuda
2020-07-01 22:24:27,055	INFO	Total steps: 11468	Episode: 20/611	Avg reward: -19.20	Avg steps: 572
2020-07-01 22:30:53,916	INFO	Total steps: 22650	Episode: 40/677	Avg reward: -19.30	Avg steps: 558
2020-07-01 22:37:50,739	INFO	Total steps: 34646	Episode: 60/708	Avg reward: -18.90	Avg steps: 598
2020-07-01 22:45:03,623	INFO	Total steps: 47085	Episode: 80/530	Avg reward: -18.95	Avg steps: 620
2020-07-01 22:53:00,899	INFO	Total steps: 60846	Episode: 100/532	Avg reward: -19.05	Avg steps: 687
2020-07-01 23:00:48,811	INFO	Total steps: 74293	Episode: 120/610	Avg reward: -18.80	Avg steps: 671
2020-07-01 23:08:48,926	INFO	Total steps: 88092	Episode: 140/589	Avg reward: -18.80	Avg steps: 688
2020-07-01 23:16:16,215	INFO	Total steps: 102079	Episode: 160/767	Avg reward: -18.45	Avg steps: 698
2020-07-01 23:23:31,964	INFO	Total steps: 116511	Episode: 180/659	Avg reward: -18.60	Avg steps: 720
2020-07-01 23:30:12,396	INFO	Total steps: 130151	Episode: 200/754	Avg reward: -18.90	Avg steps: 681
2020-07-01 23:37:07,602	INFO	Total steps: 144515	Episode: 220/832	Avg reward: -18.80	Avg steps: 717
2020-07-01 23:44:30,856	INFO	Total steps: 159460	Episode: 240/759	Avg reward: -18.65	Avg steps: 746
2020-07-01 23:51:57,751	INFO	Total steps: 174402	Episode: 260/682	Avg reward: -18.50	Avg steps: 746
2020-07-02 00:00:29,929	INFO	Total steps: 191007	Episode: 280/714	Avg reward: -18.20	Avg steps: 829
2020-07-02 00:08:26,764	INFO	Total steps: 206783	Episode: 300/996	Avg reward: -18.20	Avg steps: 787
2020-07-02 00:16:20,388	INFO	Total steps: 222358	Episode: 320/683	Avg reward: -18.25	Avg steps: 777
2020-07-02 00:24:27,829	INFO	Total steps: 238524	Episode: 340/926	Avg reward: -17.85	Avg steps: 807
2020-07-02 00:32:29,355	INFO	Total steps: 254899	Episode: 360/980	Avg reward: -18.20	Avg steps: 817
2020-07-02 00:40:30,677	INFO	Total steps: 270902	Episode: 380/993	Avg reward: -18.25	Avg steps: 799
2020-07-02 00:48:33,522	INFO	Total steps: 288044	Episode: 400/907	Avg reward: -17.85	Avg steps: 856
2020-07-02 00:56:14,763	INFO	Total steps: 304380	Episode: 420/695	Avg reward: -17.85	Avg steps: 815
2020-07-02 01:04:03,268	INFO	Total steps: 320852	Episode: 440/1143	Avg reward: -18.20	Avg steps: 822
2020-07-02 01:12:21,396	INFO	Total steps: 337922	Episode: 460/829	Avg reward: -17.40	Avg steps: 852
2020-07-02 01:21:13,898	INFO	Total steps: 356330	Episode: 480/662	Avg reward: -16.85	Avg steps: 919
2020-07-02 01:30:30,330	INFO	Total steps: 375698	Episode: 500/1076	Avg reward: -17.25	Avg steps: 967
2020-07-02 01:40:24,795	INFO	Total steps: 395177	Episode: 520/1311	Avg reward: -16.90	Avg steps: 972
2020-07-02 01:50:58,112	INFO	Total steps: 415691	Episode: 540/1411	Avg reward: -16.45	Avg steps: 1024
2020-07-02 02:01:31,752	INFO	Total steps: 436114	Episode: 560/827	Avg reward: -17.00	Avg steps: 1020
2020-07-02 02:11:59,499	INFO	Total steps: 456332	Episode: 580/794	Avg reward: -15.95	Avg steps: 1009
2020-07-02 02:22:56,092	INFO	Total steps: 477790	Episode: 600/752	Avg reward: -16.70	Avg steps: 1071
2020-07-02 02:32:55,048	INFO	Total steps: 499214	Episode: 620/605	Avg reward: -16.50	Avg steps: 1070
2020-07-02 02:43:59,667	INFO	Total steps: 523147	Episode: 640/808	Avg reward: -15.50	Avg steps: 1195
2020-07-02 02:53:02,029	INFO	Total steps: 542265	Episode: 660/729	Avg reward: -17.20	Avg steps: 954
2020-07-02 03:04:02,531	INFO	Total steps: 565609	Episode: 680/1055	Avg reward: -15.65	Avg steps: 1166
2020-07-02 03:14:42,668	INFO	Total steps: 587426	Episode: 700/767	Avg reward: -15.90	Avg steps: 1089
2020-07-02 03:25:43,291	INFO	Total steps: 610706	Episode: 720/1339	Avg reward: -15.20	Avg steps: 1163
2020-07-02 03:35:34,804	INFO	Total steps: 631722	Episode: 740/712	Avg reward: -16.80	Avg steps: 1049
2020-07-02 03:47:05,771	INFO	Total steps: 656248	Episode: 760/994	Avg reward: -15.35	Avg steps: 1225
2020-07-02 03:58:45,798	INFO	Total steps: 680259	Episode: 780/1406	Avg reward: -14.85	Avg steps: 1199
2020-07-02 04:11:01,690	INFO	Total steps: 704705	Episode: 800/1371	Avg reward: -15.10	Avg steps: 1221
2020-07-02 04:24:32,507	INFO	Total steps: 730028	Episode: 820/1086	Avg reward: -14.90	Avg steps: 1265
2020-07-02 04:38:00,174	INFO	Total steps: 755841	Episode: 840/1471	Avg reward: -13.25	Avg steps: 1289
2020-07-02 04:50:22,067	INFO	Total steps: 779691	Episode: 860/1460	Avg reward: -15.30	Avg steps: 1191
2020-07-02 05:06:15,968	INFO	Total steps: 809939	Episode: 880/1439	Avg reward: -12.60	Avg steps: 1511
2020-07-02 05:20:22,754	INFO	Total steps: 836727	Episode: 900/1596	Avg reward: -14.70	Avg steps: 1338
2020-07-02 05:34:18,694	INFO	Total steps: 863040	Episode: 920/1274	Avg reward: -14.10	Avg steps: 1314
2020-07-02 05:49:32,629	INFO	Total steps: 892295	Episode: 940/798	Avg reward: -12.75	Avg steps: 1461
2020-07-02 06:05:40,215	INFO	Total steps: 922838	Episode: 960/2305	Avg reward: -12.80	Avg steps: 1526
2020-07-02 06:21:20,244	INFO	Total steps: 952003	Episode: 980/1489	Avg reward: -13.20	Avg steps: 1457
2020-07-02 06:38:01,320	INFO	Total steps: 984179	Episode: 1000/1561	Avg reward: -12.25	Avg steps: 1607
2020-07-02 06:55:30,486	INFO	Total steps: 1018390	Episode: 1020/1323	Avg reward: -12.25	Avg steps: 1709
2020-07-02 07:12:10,207	INFO	Total steps: 1050189	Episode: 1040/1281	Avg reward: -13.45	Avg steps: 1588
2020-07-02 07:29:19,876	INFO	Total steps: 1083808	Episode: 1060/1516	Avg reward: -12.15	Avg steps: 1679
2020-07-02 07:45:15,961	INFO	Total steps: 1114516	Episode: 1080/1113	Avg reward: -12.40	Avg steps: 1534
2020-07-02 08:04:42,814	INFO	Total steps: 1150897	Episode: 1100/3074	Avg reward: -11.00	Avg steps: 1818
2020-07-02 08:24:28,985	INFO	Total steps: 1187816	Episode: 1120/1382	Avg reward: -11.75	Avg steps: 1844
2020-07-02 08:43:27,914	INFO	Total steps: 1223666	Episode: 1140/2187	Avg reward: -10.80	Avg steps: 1791
2020-07-02 09:03:51,708	INFO	Total steps: 1261981	Episode: 1160/1368	Avg reward: -9.30	Avg steps: 1914
2020-07-02 09:23:22,835	INFO	Total steps: 1298470	Episode: 1180/1057	Avg reward: -10.75	Avg steps: 1823
2020-07-02 09:42:30,099	INFO	Total steps: 1334287	Episode: 1200/1438	Avg reward: -10.30	Avg steps: 1789
2020-07-02 10:02:31,136	INFO	Total steps: 1372026	Episode: 1220/2338	Avg reward: -9.60	Avg steps: 1885
2020-07-02 10:23:03,190	INFO	Total steps: 1412279	Episode: 1240/2055	Avg reward: -8.75	Avg steps: 2011
2020-07-02 10:43:22,693	INFO	Total steps: 1453438	Episode: 1260/2466	Avg reward: -9.45	Avg steps: 2056
2020-07-02 11:05:47,620	INFO	Total steps: 1498402	Episode: 1280/1859	Avg reward: -6.15	Avg steps: 2247
2020-07-02 11:27:46,887	INFO	Total steps: 1542389	Episode: 1300/2484	Avg reward: -9.25	Avg steps: 2198
2020-07-02 11:51:51,160	INFO	Total steps: 1590448	Episode: 1320/2494	Avg reward: -7.25	Avg steps: 2401
2020-07-02 12:18:16,716	INFO	Total steps: 1643459	Episode: 1340/2413	Avg reward: -5.00	Avg steps: 2649
2020-07-02 12:42:36,129	INFO	Total steps: 1691828	Episode: 1360/3348	Avg reward: -8.20	Avg steps: 2417
2020-07-02 13:05:27,686	INFO	Total steps: 1737129	Episode: 1380/3027	Avg reward: -6.95	Avg steps: 2264
2020-07-02 13:27:33,469	INFO	Total steps: 1781129	Episode: 1400/2245	Avg reward: -7.70	Avg steps: 2199
2020-07-02 13:50:03,261	INFO	Total steps: 1826439	Episode: 1420/2813	Avg reward: -6.80	Avg steps: 2264
2020-07-02 14:14:12,579	INFO	Total steps: 1875281	Episode: 1440/3020	Avg reward: -4.35	Avg steps: 2441
2020-07-02 14:39:30,689	INFO	Total steps: 1926312	Episode: 1460/2108	Avg reward: -4.95	Avg steps: 2550
2020-07-02 15:04:25,195	INFO	Total steps: 1975924	Episode: 1480/2285	Avg reward: -5.40	Avg steps: 2479
2020-07-02 15:28:43,718	INFO	Total steps: 2024335	Episode: 1500/1988	Avg reward: -5.25	Avg steps: 2419
2020-07-02 15:56:59,104	INFO	Total steps: 2078095	Episode: 1520/2717	Avg reward: -4.20	Avg steps: 2687
2020-07-02 16:24:59,584	INFO	Total steps: 2130913	Episode: 1540/2520	Avg reward: -3.65	Avg steps: 2639
2020-07-02 16:55:03,598	INFO	Total steps: 2187510	Episode: 1560/2692	Avg reward: -2.90	Avg steps: 2828
2020-07-02 17:22:32,218	INFO	Total steps: 2243100	Episode: 1580/2512	Avg reward: -1.65	Avg steps: 2778
2020-07-02 17:52:39,287	INFO	Total steps: 2301276	Episode: 1600/2673	Avg reward: 0.05	Avg steps: 2907
2020-07-02 18:20:10,643	INFO	Total steps: 2357041	Episode: 1620/2421	Avg reward: 0.75	Avg steps: 2787
2020-07-02 18:47:35,267	INFO	Total steps: 2413254	Episode: 1640/3077	Avg reward: -0.30	Avg steps: 2809
2020-07-02 19:12:42,616	INFO	Total steps: 2464533	Episode: 1660/2482	Avg reward: -2.90	Avg steps: 2562
2020-07-02 19:38:46,805	INFO	Total steps: 2516019	Episode: 1680/2903	Avg reward: -4.30	Avg steps: 2573
2020-07-02 20:07:31,331	INFO	Total steps: 2572976	Episode: 1700/2931	Avg reward: 1.05	Avg steps: 2846
2020-07-02 20:34:29,168	INFO	Total steps: 2627588	Episode: 1720/3096	Avg reward: -2.15	Avg steps: 2729
2020-07-02 21:02:03,404	INFO	Total steps: 2684508	Episode: 1740/4121	Avg reward: -0.80	Avg steps: 2845
2020-07-02 21:29:31,201	INFO	Total steps: 2739995	Episode: 1760/2291	Avg reward: -1.50	Avg steps: 2773
2020-07-02 21:59:13,605	INFO	Total steps: 2798235	Episode: 1780/3153	Avg reward: 0.60	Avg steps: 2911
2020-07-02 22:28:35,507	INFO	Total steps: 2853927	Episode: 1800/3384	Avg reward: 0.30	Avg steps: 2783
2020-07-02 22:56:08,196	INFO	Total steps: 2909540	Episode: 1820/2796	Avg reward: 2.75	Avg steps: 2779
2020-07-02 23:27:10,780	INFO	Total steps: 2968890	Episode: 1840/2152	Avg reward: 1.70	Avg steps: 2966
2020-07-02 23:57:37,344	INFO	Total steps: 3026344	Episode: 1860/2689	Avg reward: 3.10	Avg steps: 2871
2020-07-03 00:28:52,946	INFO	Total steps: 3084413	Episode: 1880/2699	Avg reward: 2.70	Avg steps: 2902
2020-07-03 00:59:54,772	INFO	Total steps: 3142743	Episode: 1900/2100	Avg reward: 5.90	Avg steps: 2915
2020-07-03 01:30:57,913	INFO	Total steps: 3201082	Episode: 1920/2742	Avg reward: 0.60	Avg steps: 2915
2020-07-03 02:00:40,955	INFO	Total steps: 3257081	Episode: 1940/3484	Avg reward: 5.65	Avg steps: 2798
2020-07-03 02:31:12,063	INFO	Total steps: 3314730	Episode: 1960/3230	Avg reward: 0.90	Avg steps: 2881
2020-07-03 03:01:23,828	INFO	Total steps: 3371151	Episode: 1980/3134	Avg reward: 3.30	Avg steps: 2820
2020-07-03 03:30:43,376	INFO	Total steps: 3426344	Episode: 2000/2127	Avg reward: -1.75	Avg steps: 2758
2020-07-03 04:01:44,523	INFO	Total steps: 3485139	Episode: 2020/2560	Avg reward: 2.80	Avg steps: 2938
2020-07-03 04:31:53,294	INFO	Total steps: 3541438	Episode: 2040/2909	Avg reward: 2.50	Avg steps: 2813
2020-07-03 05:00:08,981	INFO	Total steps: 3594628	Episode: 2060/2571	Avg reward: 3.10	Avg steps: 2658
2020-07-03 05:30:23,960	INFO	Total steps: 3650937	Episode: 2080/3686	Avg reward: 2.45	Avg steps: 2814
2020-07-03 06:00:52,594	INFO	Total steps: 3707657	Episode: 2100/3036	Avg reward: 5.15	Avg steps: 2835
2020-07-03 06:30:59,791	INFO	Total steps: 3764565	Episode: 2120/2062	Avg reward: 3.70	Avg steps: 2844
2020-07-03 06:58:49,542	INFO	Total steps: 3819713	Episode: 2140/2650	Avg reward: 5.40	Avg steps: 2756
2020-07-03 07:27:14,094	INFO	Total steps: 3876724	Episode: 2160/2354	Avg reward: 4.60	Avg steps: 2849
2020-07-03 07:55:45,885	INFO	Total steps: 3934320	Episode: 2180/2869	Avg reward: 2.80	Avg steps: 2878
2020-07-03 08:25:17,423	INFO	Total steps: 3993246	Episode: 2200/3618	Avg reward: 4.05	Avg steps: 2945
2020-07-03 08:52:37,586	INFO	Total steps: 4047449	Episode: 2220/2933	Avg reward: 4.70	Avg steps: 2709
2020-07-03 09:23:42,805	INFO	Total steps: 4109133	Episode: 2240/3624	Avg reward: 4.15	Avg steps: 3083
2020-07-03 09:51:49,025	INFO	Total steps: 4165660	Episode: 2260/2609	Avg reward: 5.30	Avg steps: 2825
2020-07-03 10:21:11,472	INFO	Total steps: 4224657	Episode: 2280/3249	Avg reward: 5.30	Avg steps: 2948
2020-07-03 10:51:28,841	INFO	Total steps: 4286208	Episode: 2300/3176	Avg reward: 3.35	Avg steps: 3076
2020-07-03 11:20:31,997	INFO	Total steps: 4344450	Episode: 2320/2918	Avg reward: 3.90	Avg steps: 2911
2020-07-03 11:48:18,270	INFO	Total steps: 4401479	Episode: 2340/2987	Avg reward: 5.15	Avg steps: 2850
2020-07-03 12:18:09,256	INFO	Total steps: 4459991	Episode: 2360/2681	Avg reward: 7.95	Avg steps: 2924
2020-07-03 12:46:22,640	INFO	Total steps: 4515631	Episode: 2380/2382	Avg reward: 4.85	Avg steps: 2781
2020-07-03 13:16:48,773	INFO	Total steps: 4574364	Episode: 2400/2545	Avg reward: 4.70	Avg steps: 2935
2020-07-03 13:44:35,434	INFO	Total steps: 4629491	Episode: 2420/2749	Avg reward: 6.15	Avg steps: 2755
2020-07-03 14:13:36,651	INFO	Total steps: 4686393	Episode: 2440/2651	Avg reward: 6.50	Avg steps: 2844
2020-07-03 14:40:36,559	INFO	Total steps: 4740682	Episode: 2460/2805	Avg reward: 5.65	Avg steps: 2713
2020-07-03 15:08:22,411	INFO	Total steps: 4797710	Episode: 2480/2785	Avg reward: 6.95	Avg steps: 2850
2020-07-03 15:36:08,690	INFO	Total steps: 4852093	Episode: 2500/2852	Avg reward: 4.55	Avg steps: 2718
2020-07-03 16:04:49,605	INFO	Total steps: 4909808	Episode: 2520/3287	Avg reward: 6.50	Avg steps: 2884
2020-07-03 16:32:11,276	INFO	Total steps: 4964604	Episode: 2540/3093	Avg reward: 5.35	Avg steps: 2738
2020-07-03 16:59:10,049	INFO	Total steps: 5020495	Episode: 2560/1870	Avg reward: 7.70	Avg steps: 2793
2020-07-03 17:28:26,324	INFO	Total steps: 5079884	Episode: 2580/2482	Avg reward: 6.00	Avg steps: 2968
2020-07-03 17:57:47,421	INFO	Total steps: 5137672	Episode: 2600/5049	Avg reward: 7.70	Avg steps: 2888
2020-07-03 18:27:36,082	INFO	Total steps: 5194504	Episode: 2620/2932	Avg reward: 7.80	Avg steps: 2840
2020-07-03 18:58:14,715	INFO	Total steps: 5252097	Episode: 2640/3669	Avg reward: 7.75	Avg steps: 2878
2020-07-03 19:29:07,057	INFO	Total steps: 5310655	Episode: 2660/4542	Avg reward: 8.35	Avg steps: 2926
2020-07-03 19:59:04,855	INFO	Total steps: 5368048	Episode: 2680/2510	Avg reward: 7.85	Avg steps: 2868
2020-07-03 20:30:06,452	INFO	Total steps: 5427656	Episode: 2700/3677	Avg reward: 9.75	Avg steps: 2979
2020-07-03 20:57:31,349	INFO	Total steps: 5484408	Episode: 2720/3438	Avg reward: 8.95	Avg steps: 2836
2020-07-03 21:26:30,211	INFO	Total steps: 5541748	Episode: 2740/2341	Avg reward: 6.85	Avg steps: 2866
2020-07-03 21:56:08,448	INFO	Total steps: 5600393	Episode: 2760/3231	Avg reward: 9.25	Avg steps: 2931
2020-07-03 22:24:43,877	INFO	Total steps: 5659582	Episode: 2780/3159	Avg reward: 9.00	Avg steps: 2958
2020-07-03 22:52:50,958	INFO	Total steps: 5717570	Episode: 2800/3385	Avg reward: 8.95	Avg steps: 2898
2020-07-03 23:21:50,242	INFO	Total steps: 5774942	Episode: 2820/2933	Avg reward: 9.15	Avg steps: 2867
2020-07-03 23:52:02,608	INFO	Total steps: 5831240	Episode: 2840/3311	Avg reward: 9.80	Avg steps: 2813
2020-07-04 00:23:12,302	INFO	Total steps: 5888381	Episode: 2860/2964	Avg reward: 8.30	Avg steps: 2856
2020-07-04 00:53:30,090	INFO	Total steps: 5943767	Episode: 2880/3173	Avg reward: 9.40	Avg steps: 2768
2020-07-04 01:26:23,021	INFO	Total steps: 6004662	Episode: 2900/2380	Avg reward: 7.05	Avg steps: 3043
2020-07-04 01:56:08,607	INFO	Total steps: 6059547	Episode: 2920/2517	Avg reward: 9.65	Avg steps: 2743
2020-07-04 02:27:38,411	INFO	Total steps: 6117109	Episode: 2940/2576	Avg reward: 9.20	Avg steps: 2877
2020-07-04 02:54:57,417	INFO	Total steps: 6166879	Episode: 2960/2827	Avg reward: 10.95	Avg steps: 2487
2020-07-04 03:26:29,713	INFO	Total steps: 6226176	Episode: 2980/2606	Avg reward: 8.15	Avg steps: 2963
2020-07-04 03:54:16,089	INFO	Total steps: 6280468	Episode: 3000/2351	Avg reward: 9.85	Avg steps: 2713
2020-07-04 04:28:59,855	INFO	Total steps: 6344492	Episode: 3020/2619	Avg reward: 7.65	Avg steps: 3200
2020-07-04 04:57:59,723	INFO	Total steps: 6397956	Episode: 3040/2425	Avg reward: 9.45	Avg steps: 2672
2020-07-04 05:27:52,174	INFO	Total steps: 6453216	Episode: 3060/2523	Avg reward: 10.05	Avg steps: 2762
2020-07-04 05:58:25,408	INFO	Total steps: 6509272	Episode: 3080/2060	Avg reward: 9.25	Avg steps: 2801
2020-07-04 06:30:29,596	INFO	Total steps: 6568516	Episode: 3100/2704	Avg reward: 9.90	Avg steps: 2961
2020-07-04 06:59:02,399	INFO	Total steps: 6626259	Episode: 3120/2497	Avg reward: 9.10	Avg steps: 2886
2020-07-04 07:26:12,138	INFO	Total steps: 6682811	Episode: 3140/3521	Avg reward: 10.05	Avg steps: 2826
2020-07-04 07:51:05,267	INFO	Total steps: 6736871	Episode: 3160/2912	Avg reward: 9.35	Avg steps: 2702
2020-07-04 08:16:17,886	INFO	Total steps: 6795013	Episode: 3180/3121	Avg reward: 7.05	Avg steps: 2906
2020-07-04 08:41:35,591	INFO	Total steps: 6851160	Episode: 3200/3186	Avg reward: 11.15	Avg steps: 2806
2020-07-04 09:10:30,790	INFO	Total steps: 6912251	Episode: 3220/3407	Avg reward: 6.80	Avg steps: 3053
2020-07-04 09:35:54,468	INFO	Total steps: 6966347	Episode: 3240/2147	Avg reward: 11.20	Avg steps: 2703
2020-07-04 09:59:31,565	INFO	Total steps: 7020252	Episode: 3260/2505	Avg reward: 11.50	Avg steps: 2694
2020-07-04 10:23:52,330	INFO	Total steps: 7075815	Episode: 3280/3421	Avg reward: 9.70	Avg steps: 2777
2020-07-04 10:49:34,707	INFO	Total steps: 7133140	Episode: 3300/3291	Avg reward: 10.55	Avg steps: 2865
2020-07-04 11:14:32,937	INFO	Total steps: 7191438	Episode: 3320/2636	Avg reward: 9.15	Avg steps: 2913
2020-07-04 11:41:40,715	INFO	Total steps: 7252642	Episode: 3340/2532	Avg reward: 5.20	Avg steps: 3059
2020-07-04 12:07:39,809	INFO	Total steps: 7308922	Episode: 3360/2939	Avg reward: 9.85	Avg steps: 2813
2020-07-04 12:33:11,027	INFO	Total steps: 7366077	Episode: 3380/2977	Avg reward: 10.05	Avg steps: 2856
2020-07-04 12:58:18,654	INFO	Total steps: 7422866	Episode: 3400/2511	Avg reward: 8.85	Avg steps: 2838
2020-07-04 13:23:46,074	INFO	Total steps: 7484392	Episode: 3420/3746	Avg reward: 7.25	Avg steps: 3075
2020-07-04 13:46:54,876	INFO	Total steps: 7545770	Episode: 3440/2686	Avg reward: 9.55	Avg steps: 3067
2020-07-04 14:09:34,563	INFO	Total steps: 7606072	Episode: 3460/3393	Avg reward: 8.40	Avg steps: 3014
2020-07-04 14:31:18,281	INFO	Total steps: 7664730	Episode: 3480/3175	Avg reward: 10.15	Avg steps: 2931
2020-07-04 14:51:18,552	INFO	Total steps: 7718779	Episode: 3500/2092	Avg reward: 9.35	Avg steps: 2701
2020-07-04 15:13:08,051	INFO	Total steps: 7778449	Episode: 3520/2802	Avg reward: 10.15	Avg steps: 2982
2020-07-04 15:34:59,970	INFO	Total steps: 7836083	Episode: 3540/3929	Avg reward: 10.55	Avg steps: 2880
2020-07-04 15:55:45,751	INFO	Total steps: 7891209	Episode: 3560/2997	Avg reward: 10.35	Avg steps: 2755
2020-07-04 16:16:35,086	INFO	Total steps: 7946963	Episode: 3580/2760	Avg reward: 13.50	Avg steps: 2786
2020-07-04 16:37:11,646	INFO	Total steps: 8002255	Episode: 3600/2248	Avg reward: 11.65	Avg steps: 2763
2020-07-04 16:58:59,422	INFO	Total steps: 8060555	Episode: 3620/2258	Avg reward: 10.65	Avg steps: 2914
2020-07-04 17:19:40,113	INFO	Total steps: 8115913	Episode: 3640/2725	Avg reward: 12.10	Avg steps: 2766
2020-07-04 17:40:25,441	INFO	Total steps: 8172206	Episode: 3660/2770	Avg reward: 9.65	Avg steps: 2813
2020-07-04 18:02:39,506	INFO	Total steps: 8230473	Episode: 3680/3221	Avg reward: 9.30	Avg steps: 2912
2020-07-04 18:24:12,830	INFO	Total steps: 8287309	Episode: 3700/2785	Avg reward: 9.35	Avg steps: 2840
2020-07-04 18:45:13,271	INFO	Total steps: 8342523	Episode: 3720/3119	Avg reward: 10.65	Avg steps: 2759
2020-07-04 19:06:07,484	INFO	Total steps: 8396762	Episode: 3740/3391	Avg reward: 9.80	Avg steps: 2710
2020-07-04 19:26:08,998	INFO	Total steps: 8449723	Episode: 3760/2838	Avg reward: 12.15	Avg steps: 2647
2020-07-04 19:46:24,347	INFO	Total steps: 8503839	Episode: 3780/2788	Avg reward: 10.10	Avg steps: 2704
2020-07-04 20:08:37,216	INFO	Total steps: 8563116	Episode: 3800/2345	Avg reward: 10.85	Avg steps: 2962
2020-07-04 20:29:38,695	INFO	Total steps: 8619127	Episode: 3820/2833	Avg reward: 11.15	Avg steps: 2799
2020-07-04 20:52:11,267	INFO	Total steps: 8676164	Episode: 3840/2416	Avg reward: 11.85	Avg steps: 2850
2020-07-04 21:15:43,339	INFO	Total steps: 8733416	Episode: 3860/3306	Avg reward: 10.65	Avg steps: 2861
2020-07-04 21:37:27,345	INFO	Total steps: 8790374	Episode: 3880/3018	Avg reward: 11.80	Avg steps: 2846
2020-07-04 22:01:18,110	INFO	Total steps: 8854015	Episode: 3900/4469	Avg reward: 9.60	Avg steps: 3181
2020-07-04 22:22:07,789	INFO	Total steps: 8909585	Episode: 3920/2634	Avg reward: 11.15	Avg steps: 2777
2020-07-04 22:43:52,709	INFO	Total steps: 8965706	Episode: 3940/2395	Avg reward: 11.75	Avg steps: 2805
2020-07-04 23:05:29,778	INFO	Total steps: 9021768	Episode: 3960/2961	Avg reward: 10.95	Avg steps: 2802
2020-07-04 23:26:47,254	INFO	Total steps: 9079628	Episode: 3980/3946	Avg reward: 9.65	Avg steps: 2892
2020-07-04 23:48:38,859	INFO	Total steps: 9137942	Episode: 4000/2908	Avg reward: 9.40	Avg steps: 2914
2020-07-06 17:18:27,534	INFO	--width 160 --height 160 --ball 1.0 --ball-size 2.0 --snell 1.0 --snell-width 60.0 --snell-change 0.0 --snell-visible none --paddle-speed 1.0 --paddle-angle 89.0 --paddle-length 10.0 --update-prob 0.4 --state binary --learning-rate 0.0001 --network dqn_pong_model --render False --epsdecay 1000 --episodes 4000 --replay 10000 --checkpoint dqn_pong_model --history history.p --store-dir ../experiments/snell_width.60.0-paddle_length.10.0-paddle_angle.89.0-update_prob.0.4 
2020-07-06 17:18:27,727	INFO	Device: cuda
2020-07-06 17:20:14,655	INFO	Total steps: 11443	Episode: 20/593	Avg reward: -19.15	Avg steps: 571
2020-07-06 17:25:20,766	INFO	Total steps: 22357	Episode: 40/601	Avg reward: -19.35	Avg steps: 544
2020-07-06 17:31:32,148	INFO	Total steps: 35103	Episode: 60/756	Avg reward: -18.55	Avg steps: 636
2020-07-06 17:37:37,367	INFO	Total steps: 48155	Episode: 80/536	Avg reward: -18.50	Avg steps: 651
2020-07-06 17:44:06,314	INFO	Total steps: 61946	Episode: 100/613	Avg reward: -18.70	Avg steps: 688
2020-07-06 17:49:57,090	INFO	Total steps: 74521	Episode: 120/713	Avg reward: -18.65	Avg steps: 627
2020-07-06 17:55:47,228	INFO	Total steps: 87379	Episode: 140/454	Avg reward: -19.00	Avg steps: 641
2020-07-06 18:02:02,993	INFO	Total steps: 100870	Episode: 160/824	Avg reward: -19.00	Avg steps: 673
2020-07-06 18:08:48,267	INFO	Total steps: 114351	Episode: 180/926	Avg reward: -19.40	Avg steps: 673
2020-07-06 18:15:36,005	INFO	Total steps: 128090	Episode: 200/609	Avg reward: -18.80	Avg steps: 685
2020-07-06 18:22:29,597	INFO	Total steps: 142440	Episode: 220/925	Avg reward: -18.85	Avg steps: 716
2020-07-06 18:29:25,060	INFO	Total steps: 156428	Episode: 240/852	Avg reward: -18.75	Avg steps: 698
2020-07-06 18:36:53,355	INFO	Total steps: 171885	Episode: 260/748	Avg reward: -18.35	Avg steps: 771
2020-07-06 18:44:21,200	INFO	Total steps: 187412	Episode: 280/1350	Avg reward: -18.25	Avg steps: 775
2020-07-06 18:51:18,125	INFO	Total steps: 202298	Episode: 300/811	Avg reward: -18.20	Avg steps: 743
2020-07-06 18:58:43,766	INFO	Total steps: 218146	Episode: 320/1012	Avg reward: -18.25	Avg steps: 791
2020-07-06 19:05:44,969	INFO	Total steps: 233163	Episode: 340/518	Avg reward: -18.30	Avg steps: 749
2020-07-06 19:13:32,205	INFO	Total steps: 249124	Episode: 360/617	Avg reward: -18.65	Avg steps: 797
2020-07-06 19:22:10,013	INFO	Total steps: 266000	Episode: 380/758	Avg reward: -18.45	Avg steps: 842
2020-07-06 19:31:02,071	INFO	Total steps: 283019	Episode: 400/894	Avg reward: -18.00	Avg steps: 849
2020-07-06 19:39:48,660	INFO	Total steps: 299891	Episode: 420/986	Avg reward: -18.25	Avg steps: 842
2020-07-06 19:48:43,158	INFO	Total steps: 317297	Episode: 440/1039	Avg reward: -16.85	Avg steps: 869
2020-07-06 19:56:48,163	INFO	Total steps: 333163	Episode: 460/665	Avg reward: -18.20	Avg steps: 792
2020-07-06 20:05:28,464	INFO	Total steps: 350520	Episode: 480/828	Avg reward: -17.15	Avg steps: 866
2020-07-06 20:13:37,878	INFO	Total steps: 367250	Episode: 500/871	Avg reward: -18.00	Avg steps: 835
2020-07-06 20:23:22,769	INFO	Total steps: 387012	Episode: 520/921	Avg reward: -16.95	Avg steps: 987
2020-07-06 20:32:51,871	INFO	Total steps: 405858	Episode: 540/832	Avg reward: -17.15	Avg steps: 941
2020-07-06 20:42:22,187	INFO	Total steps: 424571	Episode: 560/1077	Avg reward: -16.90	Avg steps: 934
2020-07-06 20:52:33,310	INFO	Total steps: 444695	Episode: 580/1505	Avg reward: -16.15	Avg steps: 1005
2020-07-06 21:02:01,364	INFO	Total steps: 463152	Episode: 600/1344	Avg reward: -18.00	Avg steps: 921
2020-07-06 21:13:27,894	INFO	Total steps: 485662	Episode: 620/689	Avg reward: -15.85	Avg steps: 1124
2020-07-06 21:25:14,511	INFO	Total steps: 508832	Episode: 640/1276	Avg reward: -16.20	Avg steps: 1157
2020-07-06 21:35:37,809	INFO	Total steps: 529262	Episode: 660/913	Avg reward: -16.95	Avg steps: 1020
2020-07-06 21:46:53,376	INFO	Total steps: 551432	Episode: 680/1505	Avg reward: -16.35	Avg steps: 1107
2020-07-06 21:57:59,709	INFO	Total steps: 573064	Episode: 700/850	Avg reward: -15.60	Avg steps: 1080
2020-07-06 22:09:03,424	INFO	Total steps: 595172	Episode: 720/842	Avg reward: -16.25	Avg steps: 1104
2020-07-06 22:20:05,650	INFO	Total steps: 617390	Episode: 740/1069	Avg reward: -15.85	Avg steps: 1109
2020-07-06 22:31:41,685	INFO	Total steps: 640418	Episode: 760/1102	Avg reward: -15.80	Avg steps: 1150
2020-07-06 22:43:26,349	INFO	Total steps: 663440	Episode: 780/1169	Avg reward: -14.95	Avg steps: 1150
2020-07-06 22:55:27,049	INFO	Total steps: 687079	Episode: 800/1070	Avg reward: -15.45	Avg steps: 1180
2020-07-06 23:08:13,577	INFO	Total steps: 711970	Episode: 820/769	Avg reward: -15.50	Avg steps: 1243
2020-07-06 23:21:25,898	INFO	Total steps: 737857	Episode: 840/1723	Avg reward: -15.10	Avg steps: 1293
2020-07-06 23:34:24,402	INFO	Total steps: 763492	Episode: 860/1206	Avg reward: -14.40	Avg steps: 1280
2020-07-06 23:48:18,010	INFO	Total steps: 791128	Episode: 880/1156	Avg reward: -14.75	Avg steps: 1380
2020-07-07 00:02:15,936	INFO	Total steps: 818516	Episode: 900/2221	Avg reward: -14.25	Avg steps: 1368
2020-07-07 00:16:28,061	INFO	Total steps: 846536	Episode: 920/1380	Avg reward: -14.45	Avg steps: 1400
2020-07-07 00:30:15,710	INFO	Total steps: 873959	Episode: 940/998	Avg reward: -14.40	Avg steps: 1370
2020-07-07 00:46:51,445	INFO	Total steps: 907062	Episode: 960/1711	Avg reward: -12.35	Avg steps: 1654
2020-07-07 01:01:23,300	INFO	Total steps: 935879	Episode: 980/1122	Avg reward: -13.60	Avg steps: 1439
2020-07-07 01:17:54,893	INFO	Total steps: 968293	Episode: 1000/1473	Avg reward: -11.50	Avg steps: 1619
2020-07-07 01:33:00,522	INFO	Total steps: 999570	Episode: 1020/1336	Avg reward: -13.30	Avg steps: 1562
2020-07-07 01:48:29,083	INFO	Total steps: 1033526	Episode: 1040/1660	Avg reward: -11.20	Avg steps: 1696
2020-07-07 02:03:00,709	INFO	Total steps: 1065199	Episode: 1060/1253	Avg reward: -12.45	Avg steps: 1582
2020-07-07 02:19:57,653	INFO	Total steps: 1102325	Episode: 1080/1005	Avg reward: -11.25	Avg steps: 1855
2020-07-07 02:36:18,442	INFO	Total steps: 1137830	Episode: 1100/1181	Avg reward: -11.20	Avg steps: 1774
2020-07-07 02:53:29,045	INFO	Total steps: 1175461	Episode: 1120/2141	Avg reward: -11.40	Avg steps: 1880
2020-07-07 03:11:06,524	INFO	Total steps: 1214003	Episode: 1140/1818	Avg reward: -10.80	Avg steps: 1926
2020-07-07 03:27:24,697	INFO	Total steps: 1249793	Episode: 1160/1574	Avg reward: -11.70	Avg steps: 1788
2020-07-07 03:45:06,790	INFO	Total steps: 1288564	Episode: 1180/2651	Avg reward: -9.75	Avg steps: 1937
2020-07-07 04:03:36,028	INFO	Total steps: 1329321	Episode: 1200/2104	Avg reward: -10.50	Avg steps: 2036
2020-07-07 04:22:50,677	INFO	Total steps: 1372271	Episode: 1220/2263	Avg reward: -8.45	Avg steps: 2146
2020-07-07 04:41:45,928	INFO	Total steps: 1413799	Episode: 1240/2279	Avg reward: -8.80	Avg steps: 2075
2020-07-07 05:01:55,533	INFO	Total steps: 1458047	Episode: 1260/2109	Avg reward: -7.45	Avg steps: 2211
2020-07-07 05:21:06,074	INFO	Total steps: 1500007	Episode: 1280/2500	Avg reward: -10.55	Avg steps: 2097
2020-07-07 05:43:28,936	INFO	Total steps: 1548648	Episode: 1300/2361	Avg reward: -5.50	Avg steps: 2431
2020-07-07 06:03:57,202	INFO	Total steps: 1593757	Episode: 1320/1199	Avg reward: -8.30	Avg steps: 2254
2020-07-07 06:23:13,662	INFO	Total steps: 1637334	Episode: 1340/1593	Avg reward: -9.15	Avg steps: 2177
2020-07-07 06:43:41,310	INFO	Total steps: 1684097	Episode: 1360/2870	Avg reward: -6.05	Avg steps: 2337
2020-07-07 07:03:50,527	INFO	Total steps: 1729424	Episode: 1380/2156	Avg reward: -8.30	Avg steps: 2265
2020-07-07 07:23:17,257	INFO	Total steps: 1774869	Episode: 1400/2562	Avg reward: -6.75	Avg steps: 2271
2020-07-07 07:46:54,362	INFO	Total steps: 1828663	Episode: 1420/3050	Avg reward: -5.15	Avg steps: 2688
2020-07-07 08:08:38,897	INFO	Total steps: 1876598	Episode: 1440/2123	Avg reward: -5.80	Avg steps: 2395
2020-07-07 08:30:34,898	INFO	Total steps: 1925041	Episode: 1460/1504	Avg reward: -6.45	Avg steps: 2421
2020-07-07 08:54:15,018	INFO	Total steps: 1976904	Episode: 1480/3171	Avg reward: -3.35	Avg steps: 2592
2020-07-07 09:19:38,737	INFO	Total steps: 2033179	Episode: 1500/2378	Avg reward: -2.95	Avg steps: 2812
2020-07-07 09:42:58,901	INFO	Total steps: 2084510	Episode: 1520/1625	Avg reward: -4.65	Avg steps: 2565
2020-07-07 10:07:06,353	INFO	Total steps: 2138344	Episode: 1540/2933	Avg reward: -2.50	Avg steps: 2690
2020-07-07 10:29:06,634	INFO	Total steps: 2187891	Episode: 1560/2560	Avg reward: -4.15	Avg steps: 2476
2020-07-07 10:52:23,421	INFO	Total steps: 2240484	Episode: 1580/2418	Avg reward: -0.05	Avg steps: 2628
2020-07-07 11:18:06,656	INFO	Total steps: 2298293	Episode: 1600/2775	Avg reward: -3.00	Avg steps: 2889
2020-07-07 11:44:39,217	INFO	Total steps: 2358280	Episode: 1620/2804	Avg reward: -1.05	Avg steps: 2998
2020-07-07 12:08:18,157	INFO	Total steps: 2411482	Episode: 1640/2947	Avg reward: -2.60	Avg steps: 2659
2020-07-07 12:33:01,108	INFO	Total steps: 2466830	Episode: 1660/2638	Avg reward: -1.05	Avg steps: 2766
2020-07-07 12:56:59,714	INFO	Total steps: 2520000	Episode: 1680/2821	Avg reward: -3.65	Avg steps: 2657
2020-07-07 13:23:39,244	INFO	Total steps: 2578493	Episode: 1700/2665	Avg reward: 0.15	Avg steps: 2923
2020-07-07 13:47:36,287	INFO	Total steps: 2631275	Episode: 1720/2670	Avg reward: -0.30	Avg steps: 2638
2020-07-07 14:13:19,699	INFO	Total steps: 2688211	Episode: 1740/2814	Avg reward: -1.65	Avg steps: 2845
2020-07-07 14:39:02,226	INFO	Total steps: 2744590	Episode: 1760/3999	Avg reward: -2.45	Avg steps: 2817
2020-07-07 15:04:54,459	INFO	Total steps: 2798346	Episode: 1780/2631	Avg reward: -0.20	Avg steps: 2686
2020-07-07 15:36:19,233	INFO	Total steps: 2857903	Episode: 1800/2014	Avg reward: 0.55	Avg steps: 2976
2020-07-07 16:05:19,237	INFO	Total steps: 2913135	Episode: 1820/2930	Avg reward: -0.70	Avg steps: 2760
2020-07-07 16:36:06,989	INFO	Total steps: 2971804	Episode: 1840/3443	Avg reward: 1.05	Avg steps: 2932
2020-07-07 17:06:19,321	INFO	Total steps: 3029315	Episode: 1860/2503	Avg reward: 3.15	Avg steps: 2874
2020-07-07 17:35:20,554	INFO	Total steps: 3084679	Episode: 1880/2429	Avg reward: 2.25	Avg steps: 2767
2020-07-07 18:05:19,270	INFO	Total steps: 3141770	Episode: 1900/2875	Avg reward: 4.00	Avg steps: 2853
2020-07-07 18:37:03,406	INFO	Total steps: 3201810	Episode: 1920/2140	Avg reward: 1.60	Avg steps: 3001
2020-07-07 19:08:42,906	INFO	Total steps: 3261254	Episode: 1940/2567	Avg reward: 0.65	Avg steps: 2971
2020-07-07 19:39:20,681	INFO	Total steps: 3319186	Episode: 1960/2971	Avg reward: 3.05	Avg steps: 2895
2020-07-07 20:11:25,266	INFO	Total steps: 3380153	Episode: 1980/3581	Avg reward: 2.95	Avg steps: 3047
2020-07-07 20:43:30,312	INFO	Total steps: 3440056	Episode: 2000/3556	Avg reward: 3.10	Avg steps: 2994
2020-07-07 21:13:02,723	INFO	Total steps: 3495926	Episode: 2020/2679	Avg reward: 5.75	Avg steps: 2792
2020-07-07 21:44:51,947	INFO	Total steps: 3555288	Episode: 2040/3082	Avg reward: 4.85	Avg steps: 2967
2020-07-07 22:16:10,507	INFO	Total steps: 3614544	Episode: 2060/3149	Avg reward: 3.80	Avg steps: 2961
2020-07-07 22:43:14,033	INFO	Total steps: 3667480	Episode: 2080/2554	Avg reward: 7.20	Avg steps: 2645
2020-07-07 23:13:19,151	INFO	Total steps: 3726045	Episode: 2100/3212	Avg reward: 4.60	Avg steps: 2927
2020-07-07 23:41:57,572	INFO	Total steps: 3782536	Episode: 2120/2898	Avg reward: 6.15	Avg steps: 2823
2020-07-08 00:12:41,021	INFO	Total steps: 3842896	Episode: 2140/2836	Avg reward: 5.15	Avg steps: 3017
2020-07-08 00:42:34,743	INFO	Total steps: 3901275	Episode: 2160/2588	Avg reward: 7.55	Avg steps: 2917
2020-07-08 01:13:19,401	INFO	Total steps: 3961486	Episode: 2180/1935	Avg reward: 5.65	Avg steps: 3009
2020-07-08 01:44:31,731	INFO	Total steps: 4022082	Episode: 2200/2665	Avg reward: 8.15	Avg steps: 3028
2020-07-08 02:15:32,042	INFO	Total steps: 4082541	Episode: 2220/3850	Avg reward: 5.75	Avg steps: 3021
2020-07-08 02:44:12,892	INFO	Total steps: 4137974	Episode: 2240/3395	Avg reward: 6.00	Avg steps: 2770
2020-07-08 03:14:32,657	INFO	Total steps: 4196489	Episode: 2260/2986	Avg reward: 6.35	Avg steps: 2924
2020-07-08 03:43:27,085	INFO	Total steps: 4253728	Episode: 2280/2667	Avg reward: 8.70	Avg steps: 2860
2020-07-08 04:11:58,650	INFO	Total steps: 4309938	Episode: 2300/2284	Avg reward: 6.15	Avg steps: 2809
2020-07-08 04:40:57,589	INFO	Total steps: 4366852	Episode: 2320/4103	Avg reward: 9.30	Avg steps: 2844
2020-07-08 05:09:19,597	INFO	Total steps: 4422930	Episode: 2340/2691	Avg reward: 8.30	Avg steps: 2802
2020-07-08 05:37:29,031	INFO	Total steps: 4479254	Episode: 2360/3043	Avg reward: 7.30	Avg steps: 2815
2020-07-08 06:05:44,182	INFO	Total steps: 4536288	Episode: 2380/2802	Avg reward: 7.25	Avg steps: 2850
2020-07-08 06:33:41,192	INFO	Total steps: 4591460	Episode: 2400/2396	Avg reward: 8.20	Avg steps: 2757
2020-07-08 07:01:58,416	INFO	Total steps: 4646891	Episode: 2420/2693	Avg reward: 8.80	Avg steps: 2770
2020-07-08 07:31:34,706	INFO	Total steps: 4705387	Episode: 2440/2930	Avg reward: 8.05	Avg steps: 2923
2020-07-08 08:02:09,591	INFO	Total steps: 4765651	Episode: 2460/3201	Avg reward: 7.50	Avg steps: 3012
2020-07-08 08:31:36,295	INFO	Total steps: 4823514	Episode: 2480/3280	Avg reward: 9.40	Avg steps: 2892
2020-07-08 08:59:10,886	INFO	Total steps: 4877909	Episode: 2500/2834	Avg reward: 10.05	Avg steps: 2718
2020-07-08 09:29:10,317	INFO	Total steps: 4937164	Episode: 2520/2458	Avg reward: 8.30	Avg steps: 2961
2020-07-08 09:57:45,292	INFO	Total steps: 4992970	Episode: 2540/2828	Avg reward: 8.00	Avg steps: 2789
2020-07-08 10:25:12,607	INFO	Total steps: 5046802	Episode: 2560/2303	Avg reward: 9.85	Avg steps: 2690
2020-07-08 10:55:00,577	INFO	Total steps: 5104841	Episode: 2580/2939	Avg reward: 10.15	Avg steps: 2900
2020-07-08 11:25:01,926	INFO	Total steps: 5162787	Episode: 2600/3645	Avg reward: 7.90	Avg steps: 2896
2020-07-08 11:53:11,616	INFO	Total steps: 5217157	Episode: 2620/1957	Avg reward: 10.65	Avg steps: 2717
2020-07-08 12:23:12,941	INFO	Total steps: 5274911	Episode: 2640/3552	Avg reward: 9.45	Avg steps: 2886
2020-07-08 12:54:30,657	INFO	Total steps: 5335562	Episode: 2660/2080	Avg reward: 9.80	Avg steps: 3031
2020-07-08 13:22:31,375	INFO	Total steps: 5394782	Episode: 2680/2584	Avg reward: 9.50	Avg steps: 2960
2020-07-08 13:51:32,426	INFO	Total steps: 5453875	Episode: 2700/3123	Avg reward: 8.10	Avg steps: 2953
2020-07-08 14:59:44,531	INFO	Total steps: 5513737	Episode: 2720/2418	Avg reward: 8.90	Avg steps: 2992
2020-07-08 15:30:06,327	INFO	Total steps: 5572065	Episode: 2740/2901	Avg reward: 10.25	Avg steps: 2915
2020-07-08 16:01:07,396	INFO	Total steps: 5631484	Episode: 2760/2874	Avg reward: 8.95	Avg steps: 2969
2020-07-08 16:30:19,887	INFO	Total steps: 5687298	Episode: 2780/1761	Avg reward: 10.80	Avg steps: 2789
2020-07-08 17:00:20,300	INFO	Total steps: 5744750	Episode: 2800/2936	Avg reward: 10.35	Avg steps: 2871
2020-07-08 17:31:29,547	INFO	Total steps: 5803764	Episode: 2820/3707	Avg reward: 10.55	Avg steps: 2949
2020-07-08 18:00:44,403	INFO	Total steps: 5859047	Episode: 2840/3043	Avg reward: 9.70	Avg steps: 2763
2020-07-08 18:30:12,432	INFO	Total steps: 5915049	Episode: 2860/2005	Avg reward: 9.85	Avg steps: 2799
2020-07-08 18:59:07,857	INFO	Total steps: 5969727	Episode: 2880/2086	Avg reward: 12.80	Avg steps: 2732
2020-07-08 19:29:22,849	INFO	Total steps: 6027376	Episode: 2900/2298	Avg reward: 10.20	Avg steps: 2881
2020-07-08 20:01:09,495	INFO	Total steps: 6087355	Episode: 2920/2879	Avg reward: 10.10	Avg steps: 2997
2020-07-08 20:31:05,628	INFO	Total steps: 6143697	Episode: 2940/2591	Avg reward: 11.45	Avg steps: 2816
2020-07-08 21:01:38,248	INFO	Total steps: 6201463	Episode: 2960/3132	Avg reward: 10.30	Avg steps: 2887
2020-07-08 21:31:50,630	INFO	Total steps: 6258371	Episode: 2980/2607	Avg reward: 10.40	Avg steps: 2844
2020-07-08 22:03:08,584	INFO	Total steps: 6318055	Episode: 3000/3075	Avg reward: 10.50	Avg steps: 2983
2020-07-08 22:31:47,733	INFO	Total steps: 6373664	Episode: 3020/2886	Avg reward: 11.50	Avg steps: 2779
2020-07-08 23:01:33,014	INFO	Total steps: 6431594	Episode: 3040/3473	Avg reward: 10.65	Avg steps: 2895
2020-07-08 23:29:42,355	INFO	Total steps: 6486840	Episode: 3060/3145	Avg reward: 10.60	Avg steps: 2761
2020-07-08 23:58:31,197	INFO	Total steps: 6545008	Episode: 3080/2939	Avg reward: 9.10	Avg steps: 2907
2020-07-09 00:23:22,869	INFO	Total steps: 6602759	Episode: 3100/3978	Avg reward: 9.40	Avg steps: 2886
2020-07-09 00:49:47,081	INFO	Total steps: 6665866	Episode: 3120/2631	Avg reward: 9.65	Avg steps: 3154
2020-07-09 01:13:28,771	INFO	Total steps: 6722186	Episode: 3140/3752	Avg reward: 9.90	Avg steps: 2815
2020-07-09 01:37:57,215	INFO	Total steps: 6780355	Episode: 3160/3086	Avg reward: 11.50	Avg steps: 2907
2020-07-09 02:04:08,093	INFO	Total steps: 6842649	Episode: 3180/3021	Avg reward: 10.05	Avg steps: 3113
2020-07-09 02:28:44,084	INFO	Total steps: 6901108	Episode: 3200/2843	Avg reward: 10.60	Avg steps: 2921
2020-07-09 02:53:59,321	INFO	Total steps: 6961875	Episode: 3220/3163	Avg reward: 11.65	Avg steps: 3037
2020-07-09 03:19:08,871	INFO	Total steps: 7021736	Episode: 3240/2454	Avg reward: 11.25	Avg steps: 2992
2020-07-09 03:42:30,219	INFO	Total steps: 7077207	Episode: 3260/2636	Avg reward: 10.85	Avg steps: 2772
2020-07-09 04:07:03,253	INFO	Total steps: 7136242	Episode: 3280/2368	Avg reward: 10.75	Avg steps: 2950
2020-07-09 04:30:22,075	INFO	Total steps: 7192087	Episode: 3300/2494	Avg reward: 12.40	Avg steps: 2791
2020-07-09 04:54:25,616	INFO	Total steps: 7249781	Episode: 3320/2766	Avg reward: 10.25	Avg steps: 2883
2020-07-09 05:16:56,423	INFO	Total steps: 7303706	Episode: 3340/2183	Avg reward: 11.10	Avg steps: 2695
2020-07-09 05:41:43,424	INFO	Total steps: 7362859	Episode: 3360/3301	Avg reward: 11.00	Avg steps: 2956
2020-07-09 06:07:01,925	INFO	Total steps: 7423265	Episode: 3380/2374	Avg reward: 10.15	Avg steps: 3019
2020-07-09 06:28:27,070	INFO	Total steps: 7481193	Episode: 3400/2964	Avg reward: 9.75	Avg steps: 2895
2020-07-09 06:48:55,450	INFO	Total steps: 7535956	Episode: 3420/3457	Avg reward: 10.70	Avg steps: 2737
2020-07-09 07:10:57,587	INFO	Total steps: 7595070	Episode: 3440/3259	Avg reward: 8.20	Avg steps: 2954
2020-07-09 07:32:58,734	INFO	Total steps: 7652681	Episode: 3460/3745	Avg reward: 10.05	Avg steps: 2879
2020-07-09 07:54:30,151	INFO	Total steps: 7709204	Episode: 3480/3317	Avg reward: 7.70	Avg steps: 2825
2020-07-09 08:17:43,087	INFO	Total steps: 7770074	Episode: 3500/2646	Avg reward: 8.95	Avg steps: 3042
2020-07-09 08:38:53,811	INFO	Total steps: 7825735	Episode: 3520/2177	Avg reward: 11.00	Avg steps: 2782
2020-07-09 09:00:00,685	INFO	Total steps: 7881049	Episode: 3540/3453	Avg reward: 10.20	Avg steps: 2764
2020-07-09 09:21:47,285	INFO	Total steps: 7938160	Episode: 3560/2824	Avg reward: 9.35	Avg steps: 2854
2020-07-09 09:43:07,408	INFO	Total steps: 7994106	Episode: 3580/3140	Avg reward: 10.55	Avg steps: 2796
2020-07-09 10:06:18,196	INFO	Total steps: 8054960	Episode: 3600/3442	Avg reward: 10.00	Avg steps: 3041
2020-07-09 10:27:54,129	INFO	Total steps: 8111962	Episode: 3620/2973	Avg reward: 9.30	Avg steps: 2849
2020-07-09 10:48:49,583	INFO	Total steps: 8167004	Episode: 3640/3330	Avg reward: 11.00	Avg steps: 2751
2020-07-09 11:11:09,220	INFO	Total steps: 8225735	Episode: 3660/2780	Avg reward: 8.60	Avg steps: 2935
2020-07-09 11:32:49,282	INFO	Total steps: 8282791	Episode: 3680/3444	Avg reward: 9.60	Avg steps: 2851
2020-07-09 11:54:41,890	INFO	Total steps: 8340449	Episode: 3700/2251	Avg reward: 9.70	Avg steps: 2881
2020-07-09 12:15:55,004	INFO	Total steps: 8396130	Episode: 3720/2366	Avg reward: 11.35	Avg steps: 2783
2020-07-09 12:36:47,234	INFO	Total steps: 8450905	Episode: 3740/2896	Avg reward: 10.80	Avg steps: 2737
2020-07-09 12:58:00,957	INFO	Total steps: 8506705	Episode: 3760/2817	Avg reward: 10.55	Avg steps: 2789
2020-07-09 13:18:32,836	INFO	Total steps: 8560631	Episode: 3780/2857	Avg reward: 11.80	Avg steps: 2695
2020-07-09 13:39:50,035	INFO	Total steps: 8616412	Episode: 3800/3019	Avg reward: 10.75	Avg steps: 2788
2020-07-09 14:01:36,631	INFO	Total steps: 8673493	Episode: 3820/3290	Avg reward: 10.20	Avg steps: 2853
2020-07-09 14:22:13,185	INFO	Total steps: 8729086	Episode: 3840/2862	Avg reward: 10.70	Avg steps: 2778
2020-07-09 14:42:40,572	INFO	Total steps: 8785003	Episode: 3860/3635	Avg reward: 11.75	Avg steps: 2794
2020-07-09 15:04:39,189	INFO	Total steps: 8842883	Episode: 3880/2882	Avg reward: 9.10	Avg steps: 2893
2020-07-09 15:26:10,663	INFO	Total steps: 8899281	Episode: 3900/3029	Avg reward: 11.45	Avg steps: 2818
2020-07-09 15:47:49,232	INFO	Total steps: 8955954	Episode: 3920/2549	Avg reward: 10.35	Avg steps: 2832
2020-07-09 16:09:06,909	INFO	Total steps: 9011448	Episode: 3940/2996	Avg reward: 10.80	Avg steps: 2773
2020-07-09 16:30:53,463	INFO	Total steps: 9068189	Episode: 3960/3259	Avg reward: 10.35	Avg steps: 2836
2020-07-09 16:52:39,499	INFO	Total steps: 9125052	Episode: 3980/2402	Avg reward: 10.20	Avg steps: 2842
2020-07-09 17:13:41,736	INFO	Total steps: 9179809	Episode: 4000/2521	Avg reward: 11.95	Avg steps: 2736
