2020-06-24 04:22:23,201	INFO	--width 160 --height 160 --ball 1.0 --snell 1.0 --ps 1.0 --paddle-speed 1.0 --pa 89.0 --paddle-angle 89.0 --pl 45 --paddle-length 45 --lr 0.0001 --learning-rate 0.0001 --network dqn_pong_model --pretrain False --render False --update-prob 0.2 --episodes 4000 --checkpoint dqn_pong_model --history history.p --store-dir ../experiments/27 
2020-06-24 04:22:23,202	INFO	Device: cuda
2020-06-24 04:30:37,012	INFO	Total steps: 23955	Episode: 20/924	Avg reward: -15.90	Avg steps: 1196
2020-06-24 04:45:42,764	INFO	Total steps: 50599	Episode: 40/1198	Avg reward: -15.65	Avg steps: 1331
2020-06-24 05:02:28,793	INFO	Total steps: 80109	Episode: 60/1975	Avg reward: -15.80	Avg steps: 1474
2020-06-24 05:19:54,873	INFO	Total steps: 110810	Episode: 80/974	Avg reward: -14.25	Avg steps: 1534
2020-06-24 05:37:55,155	INFO	Total steps: 142381	Episode: 100/1200	Avg reward: -13.25	Avg steps: 1577
2020-06-24 05:56:07,642	INFO	Total steps: 174137	Episode: 120/1415	Avg reward: -13.65	Avg steps: 1586
2020-06-24 06:13:18,312	INFO	Total steps: 204239	Episode: 140/1405	Avg reward: -13.85	Avg steps: 1504
2020-06-24 06:32:45,049	INFO	Total steps: 238277	Episode: 160/1503	Avg reward: -12.45	Avg steps: 1700
2020-06-24 06:51:12,478	INFO	Total steps: 270512	Episode: 180/1631	Avg reward: -12.10	Avg steps: 1610
2020-06-24 07:08:59,234	INFO	Total steps: 301586	Episode: 200/1453	Avg reward: -13.00	Avg steps: 1552
2020-06-24 07:27:02,473	INFO	Total steps: 333151	Episode: 220/2130	Avg reward: -12.75	Avg steps: 1577
2020-06-24 07:47:42,102	INFO	Total steps: 369397	Episode: 240/2006	Avg reward: -11.65	Avg steps: 1811
2020-06-24 08:10:30,823	INFO	Total steps: 409551	Episode: 260/1976	Avg reward: -8.95	Avg steps: 2006
2020-06-24 08:34:15,051	INFO	Total steps: 451243	Episode: 280/1874	Avg reward: -6.80	Avg steps: 2083
2020-06-24 08:59:51,986	INFO	Total steps: 496185	Episode: 300/1855	Avg reward: -5.85	Avg steps: 2246
2020-06-24 09:25:14,700	INFO	Total steps: 540663	Episode: 320/2544	Avg reward: -6.30	Avg steps: 2222
2020-06-24 09:51:16,366	INFO	Total steps: 586203	Episode: 340/2918	Avg reward: -5.35	Avg steps: 2276
2020-06-24 10:20:15,967	INFO	Total steps: 637004	Episode: 360/3285	Avg reward: -0.55	Avg steps: 2539
2020-06-24 10:50:06,547	INFO	Total steps: 689387	Episode: 380/2533	Avg reward: 0.45	Avg steps: 2618
2020-06-24 11:19:35,863	INFO	Total steps: 741066	Episode: 400/2657	Avg reward: 1.05	Avg steps: 2582
2020-06-24 11:47:58,876	INFO	Total steps: 790728	Episode: 420/2991	Avg reward: 3.10	Avg steps: 2482
2020-06-24 12:17:36,727	INFO	Total steps: 842739	Episode: 440/2221	Avg reward: 6.50	Avg steps: 2599
2020-06-24 12:45:11,484	INFO	Total steps: 891048	Episode: 460/2977	Avg reward: 5.30	Avg steps: 2414
2020-06-24 13:13:15,110	INFO	Total steps: 940032	Episode: 480/2097	Avg reward: 8.15	Avg steps: 2448
2020-06-24 13:38:01,476	INFO	Total steps: 983359	Episode: 500/2574	Avg reward: 11.30	Avg steps: 2165
2020-06-24 14:05:25,426	INFO	Total steps: 1030843	Episode: 520/2189	Avg reward: 9.70	Avg steps: 2373
2020-06-24 14:30:55,419	INFO	Total steps: 1075371	Episode: 540/1952	Avg reward: 11.65	Avg steps: 2225
2020-06-24 14:55:08,003	INFO	Total steps: 1117681	Episode: 560/2745	Avg reward: 11.60	Avg steps: 2114
2020-06-24 15:18:55,274	INFO	Total steps: 1159346	Episode: 580/1791	Avg reward: 12.45	Avg steps: 2082
2020-06-24 15:45:02,506	INFO	Total steps: 1203088	Episode: 600/2260	Avg reward: 13.10	Avg steps: 2186
2020-06-24 16:09:48,217	INFO	Total steps: 1246416	Episode: 620/2184	Avg reward: 13.90	Avg steps: 2165
2020-06-24 16:35:24,406	INFO	Total steps: 1290956	Episode: 640/1950	Avg reward: 13.55	Avg steps: 2226
2020-06-24 17:00:41,384	INFO	Total steps: 1335251	Episode: 660/2351	Avg reward: 13.20	Avg steps: 2213
2020-06-24 17:24:18,209	INFO	Total steps: 1376511	Episode: 680/1695	Avg reward: 15.25	Avg steps: 2062
2020-06-24 17:48:53,274	INFO	Total steps: 1419433	Episode: 700/1743	Avg reward: 15.50	Avg steps: 2145
2020-06-24 18:11:24,800	INFO	Total steps: 1458668	Episode: 720/2035	Avg reward: 15.30	Avg steps: 1960
2020-06-24 18:35:33,138	INFO	Total steps: 1500528	Episode: 740/1889	Avg reward: 15.40	Avg steps: 2092
2020-06-24 18:58:07,900	INFO	Total steps: 1539811	Episode: 760/1742	Avg reward: 15.65	Avg steps: 1963
2020-06-24 19:20:49,395	INFO	Total steps: 1579234	Episode: 780/2174	Avg reward: 16.35	Avg steps: 1970
2020-06-24 19:42:43,896	INFO	Total steps: 1617511	Episode: 800/1929	Avg reward: 16.30	Avg steps: 1912
2020-06-24 20:05:11,255	INFO	Total steps: 1656850	Episode: 820/1861	Avg reward: 17.00	Avg steps: 1965
2020-06-24 20:26:58,833	INFO	Total steps: 1694830	Episode: 840/2032	Avg reward: 16.90	Avg steps: 1898
2020-06-24 20:48:31,678	INFO	Total steps: 1732264	Episode: 860/2688	Avg reward: 17.25	Avg steps: 1870
2020-06-24 21:11:19,091	INFO	Total steps: 1771943	Episode: 880/2345	Avg reward: 17.30	Avg steps: 1982
2020-06-24 21:32:27,567	INFO	Total steps: 1808703	Episode: 900/1913	Avg reward: 17.30	Avg steps: 1837
2020-06-24 21:53:36,015	INFO	Total steps: 1845355	Episode: 920/1530	Avg reward: 18.05	Avg steps: 1831
2020-06-24 22:17:01,059	INFO	Total steps: 1886042	Episode: 940/1553	Avg reward: 17.15	Avg steps: 2033
2020-06-24 22:38:08,512	INFO	Total steps: 1922733	Episode: 960/2476	Avg reward: 17.00	Avg steps: 1833
2020-06-24 23:00:03,468	INFO	Total steps: 1960852	Episode: 980/1957	Avg reward: 17.75	Avg steps: 1904
2020-06-24 23:20:49,408	INFO	Total steps: 1996952	Episode: 1000/1889	Avg reward: 18.05	Avg steps: 1804
2020-06-24 23:41:14,782	INFO	Total steps: 2032315	Episode: 1020/1734	Avg reward: 18.30	Avg steps: 1767
2020-06-25 00:02:35,944	INFO	Total steps: 2069377	Episode: 1040/1741	Avg reward: 17.40	Avg steps: 1852
2020-06-25 00:24:41,614	INFO	Total steps: 2107556	Episode: 1060/1815	Avg reward: 18.25	Avg steps: 1907
2020-06-25 00:45:21,174	INFO	Total steps: 2143419	Episode: 1080/1747	Avg reward: 18.10	Avg steps: 1792
2020-06-25 01:06:10,608	INFO	Total steps: 2179417	Episode: 1100/1735	Avg reward: 18.75	Avg steps: 1798
2020-06-25 01:26:30,730	INFO	Total steps: 2214803	Episode: 1120/1612	Avg reward: 18.45	Avg steps: 1768
2020-06-25 01:46:42,735	INFO	Total steps: 2250007	Episode: 1140/2055	Avg reward: 18.20	Avg steps: 1759
2020-06-25 02:06:40,115	INFO	Total steps: 2284938	Episode: 1160/1429	Avg reward: 18.25	Avg steps: 1745
2020-06-25 02:25:02,301	INFO	Total steps: 2316986	Episode: 1180/1514	Avg reward: 19.20	Avg steps: 1601
2020-06-25 02:45:49,255	INFO	Total steps: 2353171	Episode: 1200/1599	Avg reward: 18.45	Avg steps: 1808
2020-06-25 03:05:35,270	INFO	Total steps: 2387628	Episode: 1220/1860	Avg reward: 19.05	Avg steps: 1721
2020-06-25 03:24:59,186	INFO	Total steps: 2421139	Episode: 1240/1409	Avg reward: 19.00	Avg steps: 1674
2020-06-25 03:44:35,352	INFO	Total steps: 2454814	Episode: 1260/1299	Avg reward: 18.70	Avg steps: 1682
2020-06-25 04:04:11,570	INFO	Total steps: 2488633	Episode: 1280/1810	Avg reward: 19.00	Avg steps: 1689
2020-06-25 04:23:45,439	INFO	Total steps: 2522309	Episode: 1300/2122	Avg reward: 18.75	Avg steps: 1682
2020-06-26 23:29:40,311	INFO	--width 160 --height 160 --ball 1.0 --ball-size 2.0 --snell 1.0 --snell-width 40.0 --snell-change 0 --snell-visible none --ps 1.0 --paddle-speed 1.0 --pa 89.0 --paddle-angle 89.0 --pl 45 --paddle-length 45 --lr 0.0001 --learning-rate 0.0001 --state binary --network dqn_pong_model --render False --epsdecay 1000 --replay 10000 --update-prob 0.2 --episodes 4000 --checkpoint dqn_pong_model --history history.p --store-dir ../experiments/27 
2020-06-26 23:29:40,311	INFO	Device: cuda
2020-06-26 23:38:39,073	INFO	Total steps: 26400	Episode: 20/1381	Avg reward: -14.65	Avg steps: 1319
2020-06-26 23:51:09,406	INFO	Total steps: 52305	Episode: 40/1302	Avg reward: -15.65	Avg steps: 1294
2020-06-27 00:04:54,437	INFO	Total steps: 80576	Episode: 60/1477	Avg reward: -14.95	Avg steps: 1412
2020-06-27 00:18:50,855	INFO	Total steps: 109132	Episode: 80/818	Avg reward: -14.30	Avg steps: 1426
2020-06-27 00:32:14,955	INFO	Total steps: 137804	Episode: 100/1460	Avg reward: -14.30	Avg steps: 1432
2020-06-27 00:45:10,937	INFO	Total steps: 166568	Episode: 120/2040	Avg reward: -14.25	Avg steps: 1437
2020-06-27 01:00:40,693	INFO	Total steps: 198375	Episode: 140/1361	Avg reward: -13.20	Avg steps: 1589
2020-06-27 01:15:04,713	INFO	Total steps: 228052	Episode: 160/2232	Avg reward: -14.60	Avg steps: 1482
2020-06-27 01:31:40,543	INFO	Total steps: 264113	Episode: 180/1991	Avg reward: -11.10	Avg steps: 1802
2020-06-27 01:47:16,323	INFO	Total steps: 298916	Episode: 200/1015	Avg reward: -12.05	Avg steps: 1739
2020-06-27 02:02:22,481	INFO	Total steps: 332148	Episode: 220/1965	Avg reward: -13.00	Avg steps: 1660
2020-06-27 02:18:08,519	INFO	Total steps: 365361	Episode: 240/1350	Avg reward: -11.75	Avg steps: 1659
2020-06-27 02:36:28,679	INFO	Total steps: 403790	Episode: 260/1341	Avg reward: -10.30	Avg steps: 1920
2020-06-27 02:54:02,322	INFO	Total steps: 439868	Episode: 280/1656	Avg reward: -11.35	Avg steps: 1802
2020-06-27 03:11:46,786	INFO	Total steps: 476150	Episode: 300/1382	Avg reward: -10.45	Avg steps: 1813
2020-06-27 03:31:24,533	INFO	Total steps: 516687	Episode: 320/2251	Avg reward: -8.00	Avg steps: 2025
2020-06-27 03:49:58,390	INFO	Total steps: 556399	Episode: 340/2231	Avg reward: -9.30	Avg steps: 1984
2020-06-27 04:10:44,724	INFO	Total steps: 598610	Episode: 360/1908	Avg reward: -7.60	Avg steps: 2109
2020-06-27 04:33:29,836	INFO	Total steps: 648172	Episode: 380/1989	Avg reward: -4.40	Avg steps: 2477
2020-06-27 04:49:58,336	INFO	Total steps: 683934	Episode: 400/1617	Avg reward: -9.40	Avg steps: 1787
2020-06-27 05:14:50,473	INFO	Total steps: 731035	Episode: 420/1943	Avg reward: -3.75	Avg steps: 2354
2020-06-27 05:38:03,432	INFO	Total steps: 775607	Episode: 440/2023	Avg reward: -3.30	Avg steps: 2227
2020-06-27 06:01:12,943	INFO	Total steps: 820556	Episode: 460/2390	Avg reward: -4.00	Avg steps: 2246
2020-06-27 06:24:49,396	INFO	Total steps: 865796	Episode: 480/1649	Avg reward: -4.35	Avg steps: 2261
2020-06-27 06:47:49,363	INFO	Total steps: 914572	Episode: 500/2373	Avg reward: -4.65	Avg steps: 2437
2020-06-27 07:10:00,082	INFO	Total steps: 962924	Episode: 520/1893	Avg reward: -0.50	Avg steps: 2416
2020-06-27 07:35:37,734	INFO	Total steps: 1016328	Episode: 540/3521	Avg reward: 0.40	Avg steps: 2669
2020-06-27 08:00:28,551	INFO	Total steps: 1066194	Episode: 560/2707	Avg reward: 2.45	Avg steps: 2492
2020-06-27 08:24:43,393	INFO	Total steps: 1117810	Episode: 580/2764	Avg reward: 2.10	Avg steps: 2579
2020-06-27 08:49:20,095	INFO	Total steps: 1169011	Episode: 600/2390	Avg reward: 4.75	Avg steps: 2559
2020-06-27 09:13:21,056	INFO	Total steps: 1218695	Episode: 620/2751	Avg reward: 2.45	Avg steps: 2483
2020-06-27 09:38:44,778	INFO	Total steps: 1268808	Episode: 640/2357	Avg reward: 3.40	Avg steps: 2504
2020-06-27 10:02:13,970	INFO	Total steps: 1316741	Episode: 660/2796	Avg reward: 7.15	Avg steps: 2395
2020-06-27 10:25:55,936	INFO	Total steps: 1368422	Episode: 680/2450	Avg reward: 5.55	Avg steps: 2583
2020-06-27 10:46:52,407	INFO	Total steps: 1413446	Episode: 700/2856	Avg reward: 4.80	Avg steps: 2250
2020-06-27 11:11:50,753	INFO	Total steps: 1464986	Episode: 720/2253	Avg reward: 5.25	Avg steps: 2576
2020-06-27 11:35:13,136	INFO	Total steps: 1514390	Episode: 740/2537	Avg reward: 7.80	Avg steps: 2469
2020-06-27 11:58:56,339	INFO	Total steps: 1564803	Episode: 760/3116	Avg reward: 8.00	Avg steps: 2519
2020-06-27 12:21:50,143	INFO	Total steps: 1611835	Episode: 780/2004	Avg reward: 9.00	Avg steps: 2350
2020-06-27 12:47:08,263	INFO	Total steps: 1661543	Episode: 800/2409	Avg reward: 9.60	Avg steps: 2484
2020-06-27 13:10:30,357	INFO	Total steps: 1707444	Episode: 820/2046	Avg reward: 11.35	Avg steps: 2294
2020-06-27 13:32:51,370	INFO	Total steps: 1750510	Episode: 840/1945	Avg reward: 11.20	Avg steps: 2152
2020-06-27 13:55:44,427	INFO	Total steps: 1794897	Episode: 860/1849	Avg reward: 11.25	Avg steps: 2218
2020-06-27 14:19:48,405	INFO	Total steps: 1842021	Episode: 880/1819	Avg reward: 10.90	Avg steps: 2355
2020-06-27 14:40:39,669	INFO	Total steps: 1883819	Episode: 900/2123	Avg reward: 11.65	Avg steps: 2088
2020-06-27 15:00:28,094	INFO	Total steps: 1926876	Episode: 920/2165	Avg reward: 11.75	Avg steps: 2151
2020-06-27 15:22:09,640	INFO	Total steps: 1974205	Episode: 940/2580	Avg reward: 10.75	Avg steps: 2365
2020-06-27 15:44:52,940	INFO	Total steps: 2018821	Episode: 960/2159	Avg reward: 11.70	Avg steps: 2229
2020-06-27 16:09:36,512	INFO	Total steps: 2064490	Episode: 980/2055	Avg reward: 10.85	Avg steps: 2282
2020-06-27 16:31:06,944	INFO	Total steps: 2105234	Episode: 1000/2404	Avg reward: 13.80	Avg steps: 2036
2020-06-27 16:55:46,715	INFO	Total steps: 2151623	Episode: 1020/2198	Avg reward: 13.20	Avg steps: 2318
2020-06-27 17:19:44,156	INFO	Total steps: 2196651	Episode: 1040/2404	Avg reward: 13.75	Avg steps: 2250
2020-06-27 17:41:54,157	INFO	Total steps: 2238289	Episode: 1060/2463	Avg reward: 13.45	Avg steps: 2080
2020-06-27 18:03:19,987	INFO	Total steps: 2278600	Episode: 1080/1740	Avg reward: 14.40	Avg steps: 2014
2020-06-27 18:25:13,482	INFO	Total steps: 2318922	Episode: 1100/1999	Avg reward: 14.30	Avg steps: 2015
2020-06-27 18:47:03,572	INFO	Total steps: 2358712	Episode: 1120/1833	Avg reward: 13.85	Avg steps: 1988
2020-06-27 19:09:21,357	INFO	Total steps: 2399580	Episode: 1140/1766	Avg reward: 13.25	Avg steps: 2042
2020-06-27 19:31:24,527	INFO	Total steps: 2440830	Episode: 1160/1935	Avg reward: 15.10	Avg steps: 2061
2020-06-27 19:52:51,189	INFO	Total steps: 2480769	Episode: 1180/1805	Avg reward: 15.45	Avg steps: 1995
2020-06-27 20:12:43,476	INFO	Total steps: 2518940	Episode: 1200/1856	Avg reward: 15.60	Avg steps: 1907
2020-06-27 20:32:45,125	INFO	Total steps: 2557084	Episode: 1220/2124	Avg reward: 15.55	Avg steps: 1906
2020-06-27 20:52:32,835	INFO	Total steps: 2594951	Episode: 1240/1458	Avg reward: 15.55	Avg steps: 1892
2020-06-27 21:11:55,970	INFO	Total steps: 2631649	Episode: 1260/1824	Avg reward: 16.15	Avg steps: 1833
2020-06-27 21:31:59,458	INFO	Total steps: 2670681	Episode: 1280/2227	Avg reward: 16.25	Avg steps: 1950
2020-06-27 21:49:38,050	INFO	Total steps: 2706871	Episode: 1300/1457	Avg reward: 16.25	Avg steps: 1808
2020-06-27 22:08:20,925	INFO	Total steps: 2745616	Episode: 1320/1486	Avg reward: 16.65	Avg steps: 1936
2020-06-27 22:26:35,845	INFO	Total steps: 2783213	Episode: 1340/1865	Avg reward: 16.05	Avg steps: 1878
2020-06-27 22:45:59,496	INFO	Total steps: 2819856	Episode: 1360/1629	Avg reward: 16.80	Avg steps: 1831
2020-06-27 23:06:40,085	INFO	Total steps: 2857148	Episode: 1380/2438	Avg reward: 16.65	Avg steps: 1863
2020-06-27 23:25:52,740	INFO	Total steps: 2891845	Episode: 1400/1981	Avg reward: 17.00	Avg steps: 1733
2020-06-27 23:44:29,719	INFO	Total steps: 2929272	Episode: 1420/2015	Avg reward: 15.50	Avg steps: 1870
2020-06-28 00:03:23,946	INFO	Total steps: 2967668	Episode: 1440/1701	Avg reward: 16.25	Avg steps: 1918
2020-06-28 00:21:29,360	INFO	Total steps: 3005464	Episode: 1460/2270	Avg reward: 16.65	Avg steps: 1888
2020-06-28 00:36:39,556	INFO	Total steps: 3040415	Episode: 1480/1668	Avg reward: 16.35	Avg steps: 1746
2020-06-28 00:53:19,311	INFO	Total steps: 3078901	Episode: 1500/2190	Avg reward: 17.30	Avg steps: 1923
2020-06-28 01:10:12,783	INFO	Total steps: 3118217	Episode: 1520/1871	Avg reward: 15.95	Avg steps: 1964
2020-06-28 01:26:08,992	INFO	Total steps: 3154157	Episode: 1540/2038	Avg reward: 16.65	Avg steps: 1796
2020-06-28 01:42:20,872	INFO	Total steps: 3190846	Episode: 1560/1644	Avg reward: 16.70	Avg steps: 1833
2020-06-28 01:58:55,773	INFO	Total steps: 3228312	Episode: 1580/2398	Avg reward: 16.65	Avg steps: 1872
2020-06-28 02:15:41,061	INFO	Total steps: 3265959	Episode: 1600/1448	Avg reward: 16.55	Avg steps: 1881
2020-06-28 02:32:49,933	INFO	Total steps: 3303432	Episode: 1620/2070	Avg reward: 17.40	Avg steps: 1872
2020-06-28 02:49:38,926	INFO	Total steps: 3338480	Episode: 1640/2252	Avg reward: 17.60	Avg steps: 1751
2020-06-28 03:07:04,045	INFO	Total steps: 3374732	Episode: 1660/2117	Avg reward: 17.60	Avg steps: 1811
2020-06-28 03:24:48,607	INFO	Total steps: 3411154	Episode: 1680/1778	Avg reward: 16.60	Avg steps: 1820
2020-06-28 03:42:54,314	INFO	Total steps: 3447320	Episode: 1700/1526	Avg reward: 17.55	Avg steps: 1807
2020-06-28 03:59:47,007	INFO	Total steps: 3481049	Episode: 1720/1608	Avg reward: 17.75	Avg steps: 1685
2020-06-28 04:17:46,521	INFO	Total steps: 3518009	Episode: 1740/2086	Avg reward: 17.50	Avg steps: 1847
2020-06-28 04:34:13,652	INFO	Total steps: 3551960	Episode: 1760/1492	Avg reward: 18.40	Avg steps: 1696
2020-06-28 04:50:51,671	INFO	Total steps: 3585850	Episode: 1780/1707	Avg reward: 18.00	Avg steps: 1693
2020-06-28 05:07:33,251	INFO	Total steps: 3620241	Episode: 1800/1575	Avg reward: 18.45	Avg steps: 1718
2020-06-28 05:24:47,143	INFO	Total steps: 3655918	Episode: 1820/1749	Avg reward: 17.75	Avg steps: 1782
2020-06-28 05:41:20,524	INFO	Total steps: 3690164	Episode: 1840/1911	Avg reward: 18.50	Avg steps: 1711
2020-06-28 05:58:48,406	INFO	Total steps: 3725359	Episode: 1860/1603	Avg reward: 17.75	Avg steps: 1758
2020-06-28 06:16:04,181	INFO	Total steps: 3760087	Episode: 1880/1429	Avg reward: 18.15	Avg steps: 1735
2020-06-28 06:34:00,668	INFO	Total steps: 3796132	Episode: 1900/1782	Avg reward: 17.45	Avg steps: 1801
2020-06-28 06:50:55,889	INFO	Total steps: 3830359	Episode: 1920/1497	Avg reward: 18.50	Avg steps: 1710
2020-06-28 07:07:12,676	INFO	Total steps: 3863510	Episode: 1940/1697	Avg reward: 18.65	Avg steps: 1656
2020-06-28 07:24:04,953	INFO	Total steps: 3897451	Episode: 1960/1931	Avg reward: 18.15	Avg steps: 1696
2020-06-28 07:40:54,723	INFO	Total steps: 3931123	Episode: 1980/1602	Avg reward: 18.35	Avg steps: 1682
2020-06-28 07:57:11,585	INFO	Total steps: 3964018	Episode: 2000/1449	Avg reward: 18.45	Avg steps: 1643
2020-06-28 08:13:35,430	INFO	Total steps: 3996928	Episode: 2020/1535	Avg reward: 18.80	Avg steps: 1644
2020-06-28 08:30:05,371	INFO	Total steps: 4030397	Episode: 2040/1766	Avg reward: 18.70	Avg steps: 1672
2020-06-28 08:46:56,372	INFO	Total steps: 4064480	Episode: 2060/1615	Avg reward: 18.10	Avg steps: 1703
2020-06-28 09:03:42,918	INFO	Total steps: 4098001	Episode: 2080/1556	Avg reward: 18.85	Avg steps: 1675
2020-06-28 09:20:20,044	INFO	Total steps: 4131344	Episode: 2100/1242	Avg reward: 18.70	Avg steps: 1666
2020-06-28 09:37:30,060	INFO	Total steps: 4165717	Episode: 2120/1447	Avg reward: 18.40	Avg steps: 1717
2020-06-28 09:53:48,607	INFO	Total steps: 4198451	Episode: 2140/1741	Avg reward: 18.85	Avg steps: 1635
2020-06-28 10:09:11,606	INFO	Total steps: 4230668	Episode: 2160/1513	Avg reward: 19.00	Avg steps: 1609
2020-06-28 10:23:20,331	INFO	Total steps: 4262214	Episode: 2180/1693	Avg reward: 18.50	Avg steps: 1576
2020-06-28 10:38:39,380	INFO	Total steps: 4294662	Episode: 2200/1394	Avg reward: 18.55	Avg steps: 1621
2020-06-28 10:53:01,950	INFO	Total steps: 4327269	Episode: 2220/1303	Avg reward: 18.60	Avg steps: 1629
2020-06-28 11:07:40,549	INFO	Total steps: 4360528	Episode: 2240/1547	Avg reward: 19.00	Avg steps: 1661
2020-06-28 11:22:51,910	INFO	Total steps: 4392437	Episode: 2260/1788	Avg reward: 19.00	Avg steps: 1594
2020-06-28 11:38:47,870	INFO	Total steps: 4424981	Episode: 2280/1329	Avg reward: 18.55	Avg steps: 1626
2020-06-28 11:54:27,926	INFO	Total steps: 4457084	Episode: 2300/1727	Avg reward: 19.00	Avg steps: 1604
2020-06-28 12:10:18,941	INFO	Total steps: 4489557	Episode: 2320/1678	Avg reward: 18.85	Avg steps: 1622
2020-06-28 12:26:41,639	INFO	Total steps: 4522830	Episode: 2340/1639	Avg reward: 18.65	Avg steps: 1662
2020-06-28 12:42:17,687	INFO	Total steps: 4554720	Episode: 2360/1854	Avg reward: 18.80	Avg steps: 1593
2020-06-28 12:58:20,305	INFO	Total steps: 4587503	Episode: 2380/1571	Avg reward: 18.10	Avg steps: 1638
2020-06-28 13:14:00,404	INFO	Total steps: 4619634	Episode: 2400/1583	Avg reward: 19.15	Avg steps: 1605
2020-06-28 13:28:33,012	INFO	Total steps: 4649648	Episode: 2420/1601	Avg reward: 19.55	Avg steps: 1499
2020-06-28 13:44:59,322	INFO	Total steps: 4683913	Episode: 2440/1736	Avg reward: 19.05	Avg steps: 1712
2020-06-28 14:00:41,001	INFO	Total steps: 4716257	Episode: 2460/1483	Avg reward: 19.00	Avg steps: 1616
2020-06-28 14:16:09,775	INFO	Total steps: 4748399	Episode: 2480/1805	Avg reward: 19.25	Avg steps: 1606
2020-06-28 14:30:51,492	INFO	Total steps: 4779173	Episode: 2500/1213	Avg reward: 18.80	Avg steps: 1537
2020-06-28 14:46:19,559	INFO	Total steps: 4810959	Episode: 2520/1455	Avg reward: 18.90	Avg steps: 1588
2020-06-28 15:02:01,145	INFO	Total steps: 4843457	Episode: 2540/1609	Avg reward: 18.55	Avg steps: 1623
2020-06-28 15:18:56,089	INFO	Total steps: 4878541	Episode: 2560/1586	Avg reward: 18.85	Avg steps: 1753
2020-06-28 15:33:12,452	INFO	Total steps: 4911473	Episode: 2580/1542	Avg reward: 19.00	Avg steps: 1645
2020-06-28 15:46:39,565	INFO	Total steps: 4942907	Episode: 2600/1657	Avg reward: 19.45	Avg steps: 1570
2020-06-28 16:00:05,220	INFO	Total steps: 4974123	Episode: 2620/1410	Avg reward: 19.15	Avg steps: 1559
2020-06-28 16:15:31,326	INFO	Total steps: 5006256	Episode: 2640/1339	Avg reward: 18.75	Avg steps: 1605
2020-06-28 16:30:38,087	INFO	Total steps: 5037871	Episode: 2660/1459	Avg reward: 19.30	Avg steps: 1579
2020-06-28 16:46:24,963	INFO	Total steps: 5070634	Episode: 2680/1496	Avg reward: 18.75	Avg steps: 1637
2020-06-28 17:01:49,825	INFO	Total steps: 5102388	Episode: 2700/1321	Avg reward: 19.05	Avg steps: 1586
2020-06-28 17:18:28,843	INFO	Total steps: 5136378	Episode: 2720/1848	Avg reward: 18.75	Avg steps: 1698
2020-06-28 17:34:05,105	INFO	Total steps: 5168219	Episode: 2740/1473	Avg reward: 19.25	Avg steps: 1591
2020-06-28 17:48:25,139	INFO	Total steps: 5200834	Episode: 2760/1671	Avg reward: 18.70	Avg steps: 1629
2020-06-28 18:01:53,250	INFO	Total steps: 5232330	Episode: 2780/1383	Avg reward: 19.10	Avg steps: 1573
2020-06-28 18:15:27,274	INFO	Total steps: 5264132	Episode: 2800/1323	Avg reward: 19.00	Avg steps: 1589
2020-06-28 18:29:10,347	INFO	Total steps: 5296180	Episode: 2820/1673	Avg reward: 18.80	Avg steps: 1601
2020-06-28 18:43:13,319	INFO	Total steps: 5328769	Episode: 2840/1509	Avg reward: 19.00	Avg steps: 1628
2020-06-28 18:56:34,537	INFO	Total steps: 5360292	Episode: 2860/1665	Avg reward: 18.95	Avg steps: 1575
2020-06-28 19:10:31,720	INFO	Total steps: 5393268	Episode: 2880/1888	Avg reward: 19.05	Avg steps: 1647
2020-06-28 19:23:31,719	INFO	Total steps: 5423797	Episode: 2900/1494	Avg reward: 18.85	Avg steps: 1525
2020-06-28 19:36:48,399	INFO	Total steps: 5454693	Episode: 2920/1392	Avg reward: 19.30	Avg steps: 1543
2020-06-28 19:50:24,497	INFO	Total steps: 5486644	Episode: 2940/1654	Avg reward: 18.95	Avg steps: 1596
2020-06-28 20:04:24,699	INFO	Total steps: 5519718	Episode: 2960/1411	Avg reward: 19.15	Avg steps: 1652
2020-06-28 20:17:27,915	INFO	Total steps: 5550840	Episode: 2980/1515	Avg reward: 18.90	Avg steps: 1555
2020-06-28 20:31:01,451	INFO	Total steps: 5582744	Episode: 3000/1409	Avg reward: 19.05	Avg steps: 1594
2020-06-28 20:44:25,868	INFO	Total steps: 5614460	Episode: 3020/1535	Avg reward: 19.10	Avg steps: 1584
2020-06-28 20:57:44,655	INFO	Total steps: 5645076	Episode: 3040/1594	Avg reward: 18.75	Avg steps: 1529
2020-06-28 21:11:01,400	INFO	Total steps: 5675809	Episode: 3060/1339	Avg reward: 18.95	Avg steps: 1535
2020-06-28 21:24:51,956	INFO	Total steps: 5707662	Episode: 3080/1582	Avg reward: 19.40	Avg steps: 1591
2020-06-28 21:38:31,969	INFO	Total steps: 5739305	Episode: 3100/1749	Avg reward: 19.25	Avg steps: 1581
2020-06-28 21:52:33,753	INFO	Total steps: 5771837	Episode: 3120/1415	Avg reward: 19.15	Avg steps: 1625
2020-06-28 22:06:27,130	INFO	Total steps: 5803963	Episode: 3140/1566	Avg reward: 18.95	Avg steps: 1605
2020-06-28 22:20:28,484	INFO	Total steps: 5836334	Episode: 3160/1685	Avg reward: 19.50	Avg steps: 1617
2020-06-28 22:33:58,128	INFO	Total steps: 5867448	Episode: 3180/1489	Avg reward: 19.50	Avg steps: 1554
2020-06-28 22:48:16,104	INFO	Total steps: 5900834	Episode: 3200/1835	Avg reward: 19.10	Avg steps: 1668
2020-06-28 23:02:03,637	INFO	Total steps: 5932724	Episode: 3220/1678	Avg reward: 19.45	Avg steps: 1593
2020-06-28 23:15:30,789	INFO	Total steps: 5963746	Episode: 3240/1679	Avg reward: 19.50	Avg steps: 1550
2020-06-28 23:28:41,640	INFO	Total steps: 5994000	Episode: 3260/1616	Avg reward: 19.25	Avg steps: 1511
2020-06-28 23:43:07,666	INFO	Total steps: 6026203	Episode: 3280/1566	Avg reward: 18.65	Avg steps: 1609
2020-06-28 23:57:42,126	INFO	Total steps: 6058167	Episode: 3300/1834	Avg reward: 19.75	Avg steps: 1597
2020-06-29 00:11:15,400	INFO	Total steps: 6088409	Episode: 3320/1669	Avg reward: 19.50	Avg steps: 1511
2020-06-29 00:25:10,350	INFO	Total steps: 6119947	Episode: 3340/1380	Avg reward: 19.10	Avg steps: 1575
2020-06-29 00:40:53,200	INFO	Total steps: 6154996	Episode: 3360/2095	Avg reward: 19.10	Avg steps: 1751
2020-06-29 00:55:40,324	INFO	Total steps: 6188357	Episode: 3380/1752	Avg reward: 18.95	Avg steps: 1667
2020-06-29 01:09:57,396	INFO	Total steps: 6220916	Episode: 3400/1552	Avg reward: 19.25	Avg steps: 1626
2020-06-29 01:24:14,171	INFO	Total steps: 6253405	Episode: 3420/1579	Avg reward: 18.75	Avg steps: 1623
2020-06-29 01:38:19,086	INFO	Total steps: 6285371	Episode: 3440/1708	Avg reward: 19.25	Avg steps: 1597
2020-06-29 01:52:21,698	INFO	Total steps: 6317781	Episode: 3460/1443	Avg reward: 18.90	Avg steps: 1619
2020-06-29 02:06:01,691	INFO	Total steps: 6348657	Episode: 3480/1574	Avg reward: 19.30	Avg steps: 1542
2020-06-29 02:20:05,700	INFO	Total steps: 6380535	Episode: 3500/1803	Avg reward: 19.15	Avg steps: 1592
2020-06-29 02:33:58,752	INFO	Total steps: 6412300	Episode: 3520/1754	Avg reward: 19.00	Avg steps: 1587
2020-06-29 02:48:02,487	INFO	Total steps: 6444245	Episode: 3540/1668	Avg reward: 19.20	Avg steps: 1596
2020-06-29 03:02:22,763	INFO	Total steps: 6478556	Episode: 3560/1760	Avg reward: 19.15	Avg steps: 1714
2020-06-29 03:15:10,736	INFO	Total steps: 6509977	Episode: 3580/1396	Avg reward: 19.60	Avg steps: 1570
2020-06-29 03:27:16,090	INFO	Total steps: 6539924	Episode: 3600/1710	Avg reward: 19.55	Avg steps: 1496
2020-06-29 03:39:09,252	INFO	Total steps: 6569925	Episode: 3620/1604	Avg reward: 19.35	Avg steps: 1499
2020-06-29 03:51:39,266	INFO	Total steps: 6601156	Episode: 3640/1869	Avg reward: 19.15	Avg steps: 1560
2020-06-29 04:03:52,141	INFO	Total steps: 6632024	Episode: 3660/1314	Avg reward: 19.55	Avg steps: 1542
2020-06-29 04:16:55,414	INFO	Total steps: 6664669	Episode: 3680/1617	Avg reward: 19.25	Avg steps: 1631
2020-06-29 04:29:37,724	INFO	Total steps: 6696485	Episode: 3700/1490	Avg reward: 19.35	Avg steps: 1589
2020-06-29 04:42:09,126	INFO	Total steps: 6727555	Episode: 3720/1489	Avg reward: 19.30	Avg steps: 1552
2020-06-29 04:54:54,284	INFO	Total steps: 6759348	Episode: 3740/1448	Avg reward: 19.30	Avg steps: 1588
2020-06-29 05:07:10,768	INFO	Total steps: 6790095	Episode: 3760/1419	Avg reward: 19.20	Avg steps: 1536
2020-06-29 05:19:31,115	INFO	Total steps: 6820958	Episode: 3780/1658	Avg reward: 19.30	Avg steps: 1542
2020-06-29 05:32:09,202	INFO	Total steps: 6852497	Episode: 3800/1817	Avg reward: 19.00	Avg steps: 1575
2020-06-29 05:45:01,336	INFO	Total steps: 6884680	Episode: 3820/1670	Avg reward: 19.00	Avg steps: 1608
2020-06-29 05:58:25,336	INFO	Total steps: 6918041	Episode: 3840/1990	Avg reward: 19.30	Avg steps: 1667
2020-06-29 06:11:28,953	INFO	Total steps: 6950648	Episode: 3860/1495	Avg reward: 19.30	Avg steps: 1629
2020-06-29 06:24:06,961	INFO	Total steps: 6982260	Episode: 3880/1286	Avg reward: 18.95	Avg steps: 1579
2020-06-29 06:36:41,200	INFO	Total steps: 7013915	Episode: 3900/1572	Avg reward: 18.95	Avg steps: 1581
2020-06-29 06:50:03,141	INFO	Total steps: 7046009	Episode: 3920/1648	Avg reward: 19.40	Avg steps: 1603
2020-06-29 07:02:33,802	INFO	Total steps: 7076283	Episode: 3940/1390	Avg reward: 19.55	Avg steps: 1512
2020-06-29 07:14:40,016	INFO	Total steps: 7105428	Episode: 3960/1326	Avg reward: 19.35	Avg steps: 1456
2020-06-29 07:27:34,786	INFO	Total steps: 7136517	Episode: 3980/1590	Avg reward: 19.45	Avg steps: 1553
2020-06-29 07:41:23,972	INFO	Total steps: 7169995	Episode: 4000/1663	Avg reward: 18.90	Avg steps: 1672
