2020-07-14 20:55:11,812	INFO	--width 160 --height 160 --ball 1.0 --ball-size 2.0 --snell 0.4 --snell-width 80.0 --snell-change 0.0 --snell-visible none --paddle-speed 1.0 --paddle-angle 60.0 --paddle-length 20.0 --update-prob 0.3 --state binary --learning-rate 0.0001 --network dqn_pong_model --render False --epsdecay 1000 --episodes 4000 --replay 10000 --checkpoint dqn_pong_model --history history.p --store-dir ../experiments/paddle_angle.60.0-update_prob.0.3-snell.0.4 
2020-07-14 20:55:11,812	INFO	Device: cuda
2020-07-14 21:04:42,234	INFO	Total steps: 25149	Episode: 20/1334	Avg reward: -19.55	Avg steps: 1256
2020-07-14 21:20:43,588	INFO	Total steps: 53683	Episode: 40/1573	Avg reward: -19.55	Avg steps: 1425
2020-07-14 21:38:20,475	INFO	Total steps: 85089	Episode: 60/1034	Avg reward: -19.50	Avg steps: 1569
2020-07-14 21:53:49,919	INFO	Total steps: 116391	Episode: 80/1624	Avg reward: -19.30	Avg steps: 1564
2020-07-14 22:06:33,267	INFO	Total steps: 143669	Episode: 100/1440	Avg reward: -19.20	Avg steps: 1362
2020-07-14 22:20:30,424	INFO	Total steps: 173545	Episode: 120/1365	Avg reward: -19.40	Avg steps: 1492
2020-07-14 22:33:58,014	INFO	Total steps: 202296	Episode: 140/1030	Avg reward: -19.40	Avg steps: 1436
2020-07-14 22:47:34,831	INFO	Total steps: 231527	Episode: 160/1711	Avg reward: -19.55	Avg steps: 1460
2020-07-14 23:04:51,634	INFO	Total steps: 268687	Episode: 180/1692	Avg reward: -19.35	Avg steps: 1857
2020-07-14 23:20:30,053	INFO	Total steps: 302334	Episode: 200/1661	Avg reward: -19.05	Avg steps: 1681
2020-07-14 23:34:51,255	INFO	Total steps: 333013	Episode: 220/1836	Avg reward: -19.30	Avg steps: 1532
2020-07-14 23:51:23,250	INFO	Total steps: 368420	Episode: 240/1671	Avg reward: -19.50	Avg steps: 1769
2020-07-15 00:09:32,288	INFO	Total steps: 407147	Episode: 260/2111	Avg reward: -19.35	Avg steps: 1935
2020-07-15 00:26:01,860	INFO	Total steps: 442448	Episode: 280/1389	Avg reward: -19.55	Avg steps: 1764
2020-07-15 00:43:17,793	INFO	Total steps: 479441	Episode: 300/1567	Avg reward: -19.45	Avg steps: 1848
2020-07-15 01:01:48,054	INFO	Total steps: 519016	Episode: 320/2682	Avg reward: -19.55	Avg steps: 1977
2020-07-15 01:21:57,789	INFO	Total steps: 561995	Episode: 340/1820	Avg reward: -19.25	Avg steps: 2147
2020-07-15 01:42:46,217	INFO	Total steps: 606563	Episode: 360/2359	Avg reward: -19.15	Avg steps: 2227
2020-07-15 02:03:43,083	INFO	Total steps: 651474	Episode: 380/2891	Avg reward: -19.25	Avg steps: 2244
2020-07-15 02:27:14,202	INFO	Total steps: 701557	Episode: 400/2296	Avg reward: -19.15	Avg steps: 2503
2020-07-15 02:49:26,401	INFO	Total steps: 749073	Episode: 420/2281	Avg reward: -19.45	Avg steps: 2374
2020-07-15 03:15:02,048	INFO	Total steps: 803738	Episode: 440/2082	Avg reward: -19.20	Avg steps: 2732
2020-07-15 03:39:24,695	INFO	Total steps: 855814	Episode: 460/1666	Avg reward: -18.85	Avg steps: 2602
2020-07-15 04:03:14,984	INFO	Total steps: 906830	Episode: 480/1823	Avg reward: -19.15	Avg steps: 2549
2020-07-15 04:26:18,935	INFO	Total steps: 956063	Episode: 500/2523	Avg reward: -19.05	Avg steps: 2460
2020-07-15 04:54:42,275	INFO	Total steps: 1015662	Episode: 520/2112	Avg reward: -19.30	Avg steps: 2978
2020-07-15 05:19:18,227	INFO	Total steps: 1067282	Episode: 540/1371	Avg reward: -19.15	Avg steps: 2580
2020-07-15 05:42:02,389	INFO	Total steps: 1115316	Episode: 560/2310	Avg reward: -19.30	Avg steps: 2400
2020-07-15 06:06:10,112	INFO	Total steps: 1166545	Episode: 580/2752	Avg reward: -19.50	Avg steps: 2560
2020-07-15 06:36:35,851	INFO	Total steps: 1231123	Episode: 600/3069	Avg reward: -19.15	Avg steps: 3227
2020-07-15 07:06:02,790	INFO	Total steps: 1293061	Episode: 620/2941	Avg reward: -19.25	Avg steps: 3095
2020-07-15 07:35:35,864	INFO	Total steps: 1355580	Episode: 640/3299	Avg reward: -19.10	Avg steps: 3124
2020-07-15 08:02:36,067	INFO	Total steps: 1413094	Episode: 660/3621	Avg reward: -19.35	Avg steps: 2874
2020-07-15 08:33:16,430	INFO	Total steps: 1478082	Episode: 680/3100	Avg reward: -19.05	Avg steps: 3248
2020-07-15 09:03:37,244	INFO	Total steps: 1542879	Episode: 700/2255	Avg reward: -19.10	Avg steps: 3238
2020-07-15 09:34:15,637	INFO	Total steps: 1608451	Episode: 720/2580	Avg reward: -19.15	Avg steps: 3277
2020-07-15 10:05:20,182	INFO	Total steps: 1674832	Episode: 740/3388	Avg reward: -19.00	Avg steps: 3318
2020-07-15 10:35:05,442	INFO	Total steps: 1738089	Episode: 760/3284	Avg reward: -19.25	Avg steps: 3161
2020-07-15 11:03:52,633	INFO	Total steps: 1798806	Episode: 780/3159	Avg reward: -19.25	Avg steps: 3034
2020-07-15 11:35:07,538	INFO	Total steps: 1865083	Episode: 800/2849	Avg reward: -19.30	Avg steps: 3312
2020-07-15 12:01:40,021	INFO	Total steps: 1921496	Episode: 820/3912	Avg reward: -18.90	Avg steps: 2819
2020-07-15 12:34:03,316	INFO	Total steps: 1990343	Episode: 840/2783	Avg reward: -19.00	Avg steps: 3441
2020-07-15 13:06:24,316	INFO	Total steps: 2059011	Episode: 860/3056	Avg reward: -18.60	Avg steps: 3432
2020-07-15 13:35:11,555	INFO	Total steps: 2120086	Episode: 880/4124	Avg reward: -18.95	Avg steps: 3052
2020-07-15 14:03:50,996	INFO	Total steps: 2180922	Episode: 900/3040	Avg reward: -19.30	Avg steps: 3040
2020-07-15 14:35:11,775	INFO	Total steps: 2247876	Episode: 920/3447	Avg reward: -18.85	Avg steps: 3346
2020-07-15 15:05:26,220	INFO	Total steps: 2312225	Episode: 940/1843	Avg reward: -18.95	Avg steps: 3216
2020-07-15 15:34:40,545	INFO	Total steps: 2374642	Episode: 960/3237	Avg reward: -19.05	Avg steps: 3119
2020-07-15 16:02:51,176	INFO	Total steps: 2434627	Episode: 980/3392	Avg reward: -19.35	Avg steps: 2998
2020-07-15 16:31:10,481	INFO	Total steps: 2494363	Episode: 1000/3137	Avg reward: -19.00	Avg steps: 2985
2020-07-15 17:02:29,256	INFO	Total steps: 2559253	Episode: 1020/2269	Avg reward: -19.05	Avg steps: 3243
2020-07-15 17:33:07,401	INFO	Total steps: 2623433	Episode: 1040/3042	Avg reward: -18.85	Avg steps: 3208
2020-07-15 18:00:51,223	INFO	Total steps: 2681817	Episode: 1060/3097	Avg reward: -19.20	Avg steps: 2918
2020-07-15 18:27:14,637	INFO	Total steps: 2737266	Episode: 1080/2402	Avg reward: -19.10	Avg steps: 2771
2020-07-15 18:57:05,123	INFO	Total steps: 2800006	Episode: 1100/3249	Avg reward: -19.15	Avg steps: 3136
2020-07-15 19:29:23,646	INFO	Total steps: 2868323	Episode: 1120/3015	Avg reward: -19.15	Avg steps: 3414
2020-07-15 20:01:01,977	INFO	Total steps: 2935033	Episode: 1140/2331	Avg reward: -19.10	Avg steps: 3334
2020-07-15 20:32:14,322	INFO	Total steps: 3000944	Episode: 1160/2654	Avg reward: -19.10	Avg steps: 3294
2020-07-15 21:04:13,211	INFO	Total steps: 3068455	Episode: 1180/2590	Avg reward: -19.00	Avg steps: 3374
2020-07-15 21:40:53,673	INFO	Total steps: 3145985	Episode: 1200/4326	Avg reward: -19.15	Avg steps: 3875
2020-07-15 22:17:05,821	INFO	Total steps: 3221482	Episode: 1220/4817	Avg reward: -19.15	Avg steps: 3773
2020-07-15 22:52:22,791	INFO	Total steps: 3295431	Episode: 1240/3785	Avg reward: -19.00	Avg steps: 3696
2020-07-15 23:29:51,249	INFO	Total steps: 3371375	Episode: 1260/4561	Avg reward: -18.75	Avg steps: 3796
2020-07-16 00:07:33,856	INFO	Total steps: 3447691	Episode: 1280/4445	Avg reward: -18.95	Avg steps: 3814
2020-07-16 00:40:23,535	INFO	Total steps: 3514780	Episode: 1300/3058	Avg reward: -18.65	Avg steps: 3353
2020-07-16 01:22:23,055	INFO	Total steps: 3599110	Episode: 1320/4078	Avg reward: -18.85	Avg steps: 4215
2020-07-16 01:57:29,697	INFO	Total steps: 3670320	Episode: 1340/3349	Avg reward: -19.00	Avg steps: 3559
2020-07-16 02:34:24,631	INFO	Total steps: 3745557	Episode: 1360/4822	Avg reward: -18.65	Avg steps: 3760
2020-07-16 03:15:16,426	INFO	Total steps: 3827635	Episode: 1380/5217	Avg reward: -18.85	Avg steps: 4102
2020-07-16 03:55:47,737	INFO	Total steps: 3909252	Episode: 1400/4149	Avg reward: -18.95	Avg steps: 4079
2020-07-16 04:36:03,422	INFO	Total steps: 3990609	Episode: 1420/4372	Avg reward: -18.95	Avg steps: 4066
2020-07-16 05:14:24,226	INFO	Total steps: 4068717	Episode: 1440/4101	Avg reward: -19.10	Avg steps: 3904
2020-07-16 05:54:34,459	INFO	Total steps: 4150159	Episode: 1460/4065	Avg reward: -18.35	Avg steps: 4071
2020-07-16 06:30:16,486	INFO	Total steps: 4222088	Episode: 1480/3222	Avg reward: -18.85	Avg steps: 3595
2020-07-16 07:05:30,732	INFO	Total steps: 4293481	Episode: 1500/2807	Avg reward: -19.15	Avg steps: 3568
2020-07-16 07:40:41,490	INFO	Total steps: 4365028	Episode: 1520/3028	Avg reward: -18.70	Avg steps: 3576
2020-07-16 08:18:04,670	INFO	Total steps: 4440624	Episode: 1540/3544	Avg reward: -19.20	Avg steps: 3778
2020-07-16 08:49:13,897	INFO	Total steps: 4504479	Episode: 1560/3301	Avg reward: -19.10	Avg steps: 3191
2020-07-16 09:26:37,417	INFO	Total steps: 4580217	Episode: 1580/4950	Avg reward: -19.25	Avg steps: 3785
2020-07-16 10:04:48,119	INFO	Total steps: 4657547	Episode: 1600/2792	Avg reward: -18.90	Avg steps: 3865
2020-07-16 10:41:48,317	INFO	Total steps: 4732192	Episode: 1620/5834	Avg reward: -18.75	Avg steps: 3731
2020-07-16 11:17:48,210	INFO	Total steps: 4804979	Episode: 1640/3264	Avg reward: -18.80	Avg steps: 3638
2020-07-16 11:56:37,118	INFO	Total steps: 4883427	Episode: 1660/4075	Avg reward: -18.95	Avg steps: 3921
2020-07-16 12:31:48,644	INFO	Total steps: 4954475	Episode: 1680/3462	Avg reward: -18.80	Avg steps: 3551
2020-07-16 13:07:30,318	INFO	Total steps: 5026554	Episode: 1700/2912	Avg reward: -18.85	Avg steps: 3602
2020-07-16 13:42:43,698	INFO	Total steps: 5097010	Episode: 1720/3059	Avg reward: -18.50	Avg steps: 3521
2020-07-16 14:19:54,703	INFO	Total steps: 5171380	Episode: 1740/4523	Avg reward: -18.70	Avg steps: 3717
2020-07-16 14:56:26,360	INFO	Total steps: 5245172	Episode: 1760/3422	Avg reward: -18.60	Avg steps: 3688
2020-07-16 15:30:46,718	INFO	Total steps: 5314824	Episode: 1780/3518	Avg reward: -18.60	Avg steps: 3481
2020-07-16 16:11:48,097	INFO	Total steps: 5397355	Episode: 1800/5974	Avg reward: -19.15	Avg steps: 4125
2020-07-16 16:47:33,092	INFO	Total steps: 5470035	Episode: 1820/3295	Avg reward: -18.50	Avg steps: 3633
2020-07-16 17:31:36,438	INFO	Total steps: 5558698	Episode: 1840/3533	Avg reward: -18.95	Avg steps: 4432
2020-07-16 18:15:59,080	INFO	Total steps: 5648252	Episode: 1860/3531	Avg reward: -18.90	Avg steps: 4476
2020-07-16 19:01:51,933	INFO	Total steps: 5739445	Episode: 1880/3656	Avg reward: -18.65	Avg steps: 4558
2020-07-16 19:41:26,606	INFO	Total steps: 5817141	Episode: 1900/3358	Avg reward: -18.55	Avg steps: 3883
2020-07-16 20:28:11,761	INFO	Total steps: 5909601	Episode: 1920/3889	Avg reward: -18.75	Avg steps: 4622
2020-07-16 21:06:44,798	INFO	Total steps: 5997900	Episode: 1940/7113	Avg reward: -18.80	Avg steps: 4413
2020-07-16 21:44:02,713	INFO	Total steps: 6083126	Episode: 1960/3200	Avg reward: -18.95	Avg steps: 4260
2020-07-16 22:16:10,398	INFO	Total steps: 6158004	Episode: 1980/4164	Avg reward: -18.55	Avg steps: 3742
2020-07-16 22:47:57,647	INFO	Total steps: 6232583	Episode: 2000/2704	Avg reward: -18.60	Avg steps: 3727
2020-07-16 23:22:46,853	INFO	Total steps: 6313969	Episode: 2020/6409	Avg reward: -19.00	Avg steps: 4068
2020-07-17 00:04:29,258	INFO	Total steps: 6411594	Episode: 2040/4017	Avg reward: -18.75	Avg steps: 4880
2020-07-17 00:41:24,655	INFO	Total steps: 6498326	Episode: 2060/4496	Avg reward: -18.75	Avg steps: 4335
2020-07-17 01:14:11,273	INFO	Total steps: 6576941	Episode: 2080/4233	Avg reward: -18.55	Avg steps: 3929
2020-07-17 01:54:16,393	INFO	Total steps: 6671366	Episode: 2100/3067	Avg reward: -18.80	Avg steps: 4720
2020-07-17 02:28:42,434	INFO	Total steps: 6754087	Episode: 2120/3265	Avg reward: -18.75	Avg steps: 4135
2020-07-17 03:07:19,371	INFO	Total steps: 6844252	Episode: 2140/3523	Avg reward: -18.95	Avg steps: 4507
2020-07-17 03:47:30,961	INFO	Total steps: 6938227	Episode: 2160/4300	Avg reward: -18.50	Avg steps: 4697
2020-07-17 04:21:16,033	INFO	Total steps: 7017377	Episode: 2180/3833	Avg reward: -18.30	Avg steps: 3956
2020-07-17 04:59:15,872	INFO	Total steps: 7108202	Episode: 2200/3488	Avg reward: -18.55	Avg steps: 4540
2020-07-17 05:41:08,649	INFO	Total steps: 7207733	Episode: 2220/3311	Avg reward: -18.70	Avg steps: 4975
2020-07-17 06:26:55,355	INFO	Total steps: 7315457	Episode: 2240/6407	Avg reward: -18.80	Avg steps: 5385
2020-07-17 07:08:07,410	INFO	Total steps: 7413219	Episode: 2260/4625	Avg reward: -18.60	Avg steps: 4887
2020-07-17 07:46:25,409	INFO	Total steps: 7503856	Episode: 2280/3800	Avg reward: -18.50	Avg steps: 4530
2020-07-17 08:25:23,544	INFO	Total steps: 7611312	Episode: 2300/7356	Avg reward: -18.60	Avg steps: 5371
2020-07-17 08:53:23,859	INFO	Total steps: 7692570	Episode: 2320/3280	Avg reward: -18.80	Avg steps: 4061
2020-07-17 09:30:58,817	INFO	Total steps: 7802067	Episode: 2340/4676	Avg reward: -18.60	Avg steps: 5473
2020-07-17 10:04:20,991	INFO	Total steps: 7899472	Episode: 2360/2636	Avg reward: -18.60	Avg steps: 4869
2020-07-17 10:43:44,000	INFO	Total steps: 8013448	Episode: 2380/5664	Avg reward: -18.50	Avg steps: 5697
2020-07-17 11:18:24,897	INFO	Total steps: 8110166	Episode: 2400/4790	Avg reward: -18.50	Avg steps: 4834
2020-07-17 11:54:55,618	INFO	Total steps: 8212264	Episode: 2420/4452	Avg reward: -17.90	Avg steps: 5103
2020-07-17 12:34:55,753	INFO	Total steps: 8324587	Episode: 2440/4742	Avg reward: -18.65	Avg steps: 5615
2020-07-17 13:16:52,844	INFO	Total steps: 8441566	Episode: 2460/8825	Avg reward: -18.65	Avg steps: 5847
2020-07-17 13:55:45,343	INFO	Total steps: 8549738	Episode: 2480/4154	Avg reward: -18.45	Avg steps: 5407
2020-07-17 14:31:49,685	INFO	Total steps: 8653150	Episode: 2500/3795	Avg reward: -18.65	Avg steps: 5169
2020-07-17 15:09:00,123	INFO	Total steps: 8760359	Episode: 2520/5089	Avg reward: -18.50	Avg steps: 5359
2020-07-17 15:46:47,870	INFO	Total steps: 8870001	Episode: 2540/2755	Avg reward: -18.45	Avg steps: 5481
2020-07-17 16:19:50,213	INFO	Total steps: 8969573	Episode: 2560/5604	Avg reward: -18.80	Avg steps: 4977
2020-07-17 17:00:32,887	INFO	Total steps: 9084971	Episode: 2580/6635	Avg reward: -18.35	Avg steps: 5768
2020-07-17 17:41:12,878	INFO	Total steps: 9198464	Episode: 2600/5925	Avg reward: -18.35	Avg steps: 5673
2020-07-17 18:15:16,203	INFO	Total steps: 9299022	Episode: 2620/3890	Avg reward: -18.45	Avg steps: 5026
2020-07-17 18:54:52,605	INFO	Total steps: 9415920	Episode: 2640/5271	Avg reward: -18.35	Avg steps: 5843
2020-07-17 19:29:20,531	INFO	Total steps: 9517760	Episode: 2660/4430	Avg reward: -18.45	Avg steps: 5091
2020-07-17 20:05:25,282	INFO	Total steps: 9624359	Episode: 2680/4622	Avg reward: -18.40	Avg steps: 5328
2020-07-17 20:39:57,779	INFO	Total steps: 9726321	Episode: 2700/3867	Avg reward: -18.35	Avg steps: 5097
2020-07-17 21:17:42,973	INFO	Total steps: 9837044	Episode: 2720/4604	Avg reward: -18.70	Avg steps: 5535
2020-07-17 21:57:54,501	INFO	Total steps: 9955087	Episode: 2740/4302	Avg reward: -18.55	Avg steps: 5901
2020-07-17 22:36:21,980	INFO	Total steps: 10068402	Episode: 2760/5074	Avg reward: -18.15	Avg steps: 5664
2020-07-17 23:17:22,301	INFO	Total steps: 10189122	Episode: 2780/5792	Avg reward: -18.70	Avg steps: 6035
2020-07-17 23:54:55,070	INFO	Total steps: 10306634	Episode: 2800/4162	Avg reward: -18.50	Avg steps: 5874
2020-07-18 00:31:28,656	INFO	Total steps: 10423873	Episode: 2820/7744	Avg reward: -18.10	Avg steps: 5860
2020-07-18 01:06:24,925	INFO	Total steps: 10536902	Episode: 2840/7899	Avg reward: -18.70	Avg steps: 5650
2020-07-18 01:40:15,050	INFO	Total steps: 10647567	Episode: 2860/5783	Avg reward: -18.55	Avg steps: 5532
2020-07-18 02:15:04,966	INFO	Total steps: 10761708	Episode: 2880/6670	Avg reward: -18.35	Avg steps: 5706
2020-07-18 02:55:01,339	INFO	Total steps: 10893316	Episode: 2900/6752	Avg reward: -18.45	Avg steps: 6579
2020-07-18 03:30:21,096	INFO	Total steps: 11010219	Episode: 2920/4736	Avg reward: -18.60	Avg steps: 5844
2020-07-18 04:14:22,613	INFO	Total steps: 11156854	Episode: 2940/4982	Avg reward: -17.70	Avg steps: 7330
2020-07-18 04:52:51,411	INFO	Total steps: 11283621	Episode: 2960/5427	Avg reward: -18.50	Avg steps: 6337
2020-07-18 05:28:13,822	INFO	Total steps: 11399951	Episode: 2980/5203	Avg reward: -18.85	Avg steps: 5815
2020-07-18 06:01:09,753	INFO	Total steps: 11508686	Episode: 3000/6303	Avg reward: -18.40	Avg steps: 5435
2020-07-18 06:42:51,776	INFO	Total steps: 11646765	Episode: 3020/5975	Avg reward: -18.20	Avg steps: 6902
2020-07-18 07:19:54,090	INFO	Total steps: 11768488	Episode: 3040/7148	Avg reward: -18.60	Avg steps: 6085
2020-07-18 08:02:34,195	INFO	Total steps: 11908399	Episode: 3060/8913	Avg reward: -18.95	Avg steps: 6994
2020-07-18 08:41:50,496	INFO	Total steps: 12037021	Episode: 3080/5435	Avg reward: -18.60	Avg steps: 6430
2020-07-18 09:25:06,545	INFO	Total steps: 12178480	Episode: 3100/4728	Avg reward: -18.35	Avg steps: 7071
2020-07-18 10:01:32,963	INFO	Total steps: 12297453	Episode: 3120/4010	Avg reward: -18.30	Avg steps: 5947
2020-07-18 10:45:46,232	INFO	Total steps: 12441768	Episode: 3140/5482	Avg reward: -18.25	Avg steps: 7214
2020-07-18 11:28:41,511	INFO	Total steps: 12582458	Episode: 3160/5726	Avg reward: -18.45	Avg steps: 7033
2020-07-18 12:11:42,800	INFO	Total steps: 12723432	Episode: 3180/6963	Avg reward: -18.85	Avg steps: 7047
2020-07-18 12:46:07,456	INFO	Total steps: 12837090	Episode: 3200/5558	Avg reward: -18.65	Avg steps: 5681
2020-07-18 13:20:25,091	INFO	Total steps: 12950160	Episode: 3220/7866	Avg reward: -18.55	Avg steps: 5652
2020-07-18 13:55:12,257	INFO	Total steps: 13078202	Episode: 3240/4936	Avg reward: -18.10	Avg steps: 6401
2020-07-18 14:25:55,945	INFO	Total steps: 13201555	Episode: 3260/4408	Avg reward: -18.15	Avg steps: 6166
2020-07-18 15:04:15,537	INFO	Total steps: 13355236	Episode: 3280/7568	Avg reward: -18.30	Avg steps: 7683
2020-07-18 15:40:52,561	INFO	Total steps: 13498842	Episode: 3300/4858	Avg reward: -18.45	Avg steps: 7179
2020-07-18 16:23:13,927	INFO	Total steps: 13667509	Episode: 3320/8350	Avg reward: -18.00	Avg steps: 8432
2020-07-18 16:57:48,667	INFO	Total steps: 13805014	Episode: 3340/11811	Avg reward: -18.30	Avg steps: 6874
2020-07-18 17:33:14,918	INFO	Total steps: 13947500	Episode: 3360/4567	Avg reward: -17.95	Avg steps: 7123
2020-07-18 18:02:23,481	INFO	Total steps: 14064318	Episode: 3380/5391	Avg reward: -18.25	Avg steps: 5839
2020-07-18 18:31:16,390	INFO	Total steps: 14180406	Episode: 3400/8878	Avg reward: -18.15	Avg steps: 5803
2020-07-18 19:01:08,014	INFO	Total steps: 14298850	Episode: 3420/3837	Avg reward: -18.40	Avg steps: 5921
2020-07-18 19:29:45,503	INFO	Total steps: 14412263	Episode: 3440/3994	Avg reward: -18.85	Avg steps: 5669
2020-07-18 19:58:32,525	INFO	Total steps: 14526699	Episode: 3460/3871	Avg reward: -18.25	Avg steps: 5720
2020-07-18 20:31:21,483	INFO	Total steps: 14658517	Episode: 3480/4790	Avg reward: -18.20	Avg steps: 6589
2020-07-18 20:59:53,777	INFO	Total steps: 14772872	Episode: 3500/5535	Avg reward: -18.35	Avg steps: 5716
2020-07-18 21:31:25,337	INFO	Total steps: 14891076	Episode: 3520/6751	Avg reward: -18.05	Avg steps: 5909
2020-07-18 22:04:13,941	INFO	Total steps: 15019586	Episode: 3540/6563	Avg reward: -18.30	Avg steps: 6424
2020-07-18 22:32:42,215	INFO	Total steps: 15134785	Episode: 3560/6029	Avg reward: -18.45	Avg steps: 5758
2020-07-18 23:04:32,002	INFO	Total steps: 15263840	Episode: 3580/13278	Avg reward: -17.55	Avg steps: 6451
2020-07-18 23:42:53,906	INFO	Total steps: 15421079	Episode: 3600/13295	Avg reward: -17.65	Avg steps: 7860
2020-07-19 00:16:29,543	INFO	Total steps: 15556267	Episode: 3620/3393	Avg reward: -18.30	Avg steps: 6758
2020-07-19 00:49:10,151	INFO	Total steps: 15687407	Episode: 3640/4341	Avg reward: -18.25	Avg steps: 6556
2020-07-19 01:23:33,162	INFO	Total steps: 15826576	Episode: 3660/7939	Avg reward: -18.10	Avg steps: 6957
2020-07-19 01:58:00,724	INFO	Total steps: 15966013	Episode: 3680/6620	Avg reward: -18.40	Avg steps: 6970
2020-07-19 02:34:30,486	INFO	Total steps: 16114066	Episode: 3700/4977	Avg reward: -18.55	Avg steps: 7401
2020-07-19 03:11:00,577	INFO	Total steps: 16262431	Episode: 3720/7520	Avg reward: -17.90	Avg steps: 7417
2020-07-19 03:41:46,096	INFO	Total steps: 16387886	Episode: 3740/6497	Avg reward: -18.45	Avg steps: 6271
2020-07-19 04:07:16,956	INFO	Total steps: 16492020	Episode: 3760/5738	Avg reward: -18.65	Avg steps: 5205
2020-07-19 04:39:33,741	INFO	Total steps: 16623382	Episode: 3780/10543	Avg reward: -18.65	Avg steps: 6567
2020-07-19 05:10:37,696	INFO	Total steps: 16749796	Episode: 3800/3820	Avg reward: -18.85	Avg steps: 6319
2020-07-19 05:41:28,131	INFO	Total steps: 16874772	Episode: 3820/7249	Avg reward: -17.80	Avg steps: 6247
2020-07-19 06:09:52,661	INFO	Total steps: 16990324	Episode: 3840/6696	Avg reward: -18.55	Avg steps: 5776
2020-07-19 06:39:23,511	INFO	Total steps: 17113504	Episode: 3860/3768	Avg reward: -18.55	Avg steps: 6158
2020-07-19 07:10:59,182	INFO	Total steps: 17244683	Episode: 3880/6802	Avg reward: -18.25	Avg steps: 6557
2020-07-19 07:43:14,196	INFO	Total steps: 17377561	Episode: 3900/6967	Avg reward: -18.10	Avg steps: 6642
2020-07-19 08:22:02,062	INFO	Total steps: 17537368	Episode: 3920/8900	Avg reward: -18.00	Avg steps: 7989
2020-07-19 09:09:07,269	INFO	Total steps: 17731483	Episode: 3940/6280	Avg reward: -18.40	Avg steps: 9704
2020-07-19 09:48:35,305	INFO	Total steps: 17890469	Episode: 3960/14645	Avg reward: -18.05	Avg steps: 7948
2020-07-19 10:22:50,023	INFO	Total steps: 18032935	Episode: 3980/5159	Avg reward: -18.70	Avg steps: 7122
2020-07-19 10:58:08,247	INFO	Total steps: 18180473	Episode: 4000/7136	Avg reward: -18.25	Avg steps: 7375
2020-07-21 20:17:08,364	INFO	--width 160 --height 160 --ball 1.0 --ball-size 2.0 --snell 0.4 --snell-width 80.0 --snell-change 0.0 --snell-visible none --paddle-speed 1.0 --paddle-angle 60.0 --paddle-length 20.0 --update-prob 0.3 --state binary --learning-rate 0.0001 --network dqn_pong_model --render False --epsdecay 1000 --episodes 4000 --replay 10000 --batch-size 32 --checkpoint dqn_pong_model --history history.p --store-dir ../experiments/paddle_angle.60.0-update_prob.0.3-snell.0.4 
2020-07-21 20:17:08,742	INFO	Device: cuda
2020-07-21 20:28:08,508	INFO	Total steps: 27332	Episode: 20/1787	Avg reward: -19.20	Avg steps: 1365
2020-07-21 20:39:17,503	INFO	Total steps: 54484	Episode: 40/1430	Avg reward: -19.35	Avg steps: 1356
2020-07-21 20:50:26,178	INFO	Total steps: 81354	Episode: 60/1530	Avg reward: -19.50	Avg steps: 1342
2020-07-21 21:03:07,465	INFO	Total steps: 111753	Episode: 80/1768	Avg reward: -19.40	Avg steps: 1518
2020-07-21 21:15:20,174	INFO	Total steps: 141107	Episode: 100/1667	Avg reward: -19.40	Avg steps: 1466
2020-07-21 21:28:59,186	INFO	Total steps: 174058	Episode: 120/1442	Avg reward: -19.10	Avg steps: 1646
2020-07-21 21:41:48,021	INFO	Total steps: 205129	Episode: 140/2442	Avg reward: -19.30	Avg steps: 1552
2020-07-21 21:55:08,451	INFO	Total steps: 237343	Episode: 160/1725	Avg reward: -19.45	Avg steps: 1609
2020-07-21 22:10:27,671	INFO	Total steps: 274404	Episode: 180/1997	Avg reward: -19.30	Avg steps: 1852
2020-07-21 22:24:54,343	INFO	Total steps: 308988	Episode: 200/1625	Avg reward: -19.45	Avg steps: 1728
2020-07-21 22:40:39,390	INFO	Total steps: 346830	Episode: 220/1935	Avg reward: -19.45	Avg steps: 1891
2020-07-21 22:56:38,489	INFO	Total steps: 385192	Episode: 240/2083	Avg reward: -19.35	Avg steps: 1917
2020-07-21 23:11:35,430	INFO	Total steps: 421068	Episode: 260/1705	Avg reward: -19.30	Avg steps: 1792
2020-07-21 23:26:52,683	INFO	Total steps: 457717	Episode: 280/1860	Avg reward: -19.35	Avg steps: 1831
2020-07-21 23:45:55,352	INFO	Total steps: 503318	Episode: 300/2840	Avg reward: -19.55	Avg steps: 2279
2020-07-22 00:05:34,341	INFO	Total steps: 551160	Episode: 320/2536	Avg reward: -19.40	Avg steps: 2391
2020-07-22 00:24:14,603	INFO	Total steps: 596668	Episode: 340/3105	Avg reward: -19.20	Avg steps: 2274
2020-07-22 00:46:57,571	INFO	Total steps: 650951	Episode: 360/3068	Avg reward: -19.20	Avg steps: 2713
2020-07-22 01:09:34,039	INFO	Total steps: 704879	Episode: 380/2135	Avg reward: -18.85	Avg steps: 2695
2020-07-22 01:33:40,298	INFO	Total steps: 762089	Episode: 400/1876	Avg reward: -19.45	Avg steps: 2859
2020-07-22 01:59:28,718	INFO	Total steps: 823568	Episode: 420/4579	Avg reward: -19.20	Avg steps: 3072
2020-07-22 02:27:28,001	INFO	Total steps: 890193	Episode: 440/2351	Avg reward: -18.75	Avg steps: 3330
2020-07-22 02:51:52,693	INFO	Total steps: 948361	Episode: 460/3796	Avg reward: -19.10	Avg steps: 2907
2020-07-22 03:18:50,505	INFO	Total steps: 1012232	Episode: 480/2084	Avg reward: -19.10	Avg steps: 3192
2020-07-22 03:42:19,817	INFO	Total steps: 1067460	Episode: 500/3723	Avg reward: -18.75	Avg steps: 2760
2020-07-22 04:07:36,219	INFO	Total steps: 1126978	Episode: 520/2095	Avg reward: -19.05	Avg steps: 2974
2020-07-22 04:36:49,183	INFO	Total steps: 1196324	Episode: 540/3107	Avg reward: -19.50	Avg steps: 3466
2020-07-22 05:05:11,345	INFO	Total steps: 1264192	Episode: 560/4056	Avg reward: -19.25	Avg steps: 3392
2020-07-22 05:38:53,900	INFO	Total steps: 1344842	Episode: 580/2119	Avg reward: -18.85	Avg steps: 4031
2020-07-22 06:05:49,686	INFO	Total steps: 1409225	Episode: 600/3267	Avg reward: -19.25	Avg steps: 3218
2020-07-22 06:31:24,504	INFO	Total steps: 1470331	Episode: 620/4157	Avg reward: -19.20	Avg steps: 3054
2020-07-22 06:57:18,512	INFO	Total steps: 1531987	Episode: 640/2374	Avg reward: -19.05	Avg steps: 3081
2020-07-22 07:21:54,891	INFO	Total steps: 1589992	Episode: 660/3568	Avg reward: -19.10	Avg steps: 2899
2020-07-22 07:46:01,545	INFO	Total steps: 1646413	Episode: 680/2344	Avg reward: -19.35	Avg steps: 2820
2020-07-22 08:10:55,286	INFO	Total steps: 1704891	Episode: 700/3676	Avg reward: -19.00	Avg steps: 2922
2020-07-22 08:39:59,518	INFO	Total steps: 1773225	Episode: 720/4115	Avg reward: -19.15	Avg steps: 3415
2020-07-22 09:06:22,062	INFO	Total steps: 1835380	Episode: 740/2800	Avg reward: -19.20	Avg steps: 3106
2020-07-22 09:32:46,632	INFO	Total steps: 1897401	Episode: 760/2125	Avg reward: -18.90	Avg steps: 3100
2020-07-22 10:04:09,740	INFO	Total steps: 1971031	Episode: 780/5385	Avg reward: -18.90	Avg steps: 3680
2020-07-22 10:31:11,041	INFO	Total steps: 2034031	Episode: 800/2816	Avg reward: -19.10	Avg steps: 3149
2020-07-22 11:01:24,294	INFO	Total steps: 2104767	Episode: 820/2782	Avg reward: -19.05	Avg steps: 3535
2020-07-22 11:29:07,243	INFO	Total steps: 2170289	Episode: 840/2661	Avg reward: -19.30	Avg steps: 3275
2020-07-22 11:56:31,985	INFO	Total steps: 2235098	Episode: 860/2123	Avg reward: -19.20	Avg steps: 3239
2020-07-22 12:21:29,854	INFO	Total steps: 2294248	Episode: 880/1952	Avg reward: -19.25	Avg steps: 2956
2020-07-22 12:45:40,070	INFO	Total steps: 2351319	Episode: 900/3433	Avg reward: -18.90	Avg steps: 2852
2020-07-22 13:09:50,050	INFO	Total steps: 2408346	Episode: 920/2132	Avg reward: -19.30	Avg steps: 2850
2020-07-22 13:35:14,209	INFO	Total steps: 2468342	Episode: 940/4513	Avg reward: -19.10	Avg steps: 2998
2020-07-22 13:58:57,605	INFO	Total steps: 2524481	Episode: 960/2706	Avg reward: -19.25	Avg steps: 2805
2020-07-22 14:24:48,402	INFO	Total steps: 2585491	Episode: 980/3188	Avg reward: -18.50	Avg steps: 3049
2020-07-22 14:54:54,134	INFO	Total steps: 2656393	Episode: 1000/3555	Avg reward: -19.05	Avg steps: 3544
2020-07-22 15:19:21,296	INFO	Total steps: 2713979	Episode: 1020/4399	Avg reward: -19.20	Avg steps: 2878
2020-07-22 15:43:48,559	INFO	Total steps: 2770951	Episode: 1040/3716	Avg reward: -18.65	Avg steps: 2847
2020-07-22 16:09:25,230	INFO	Total steps: 2831065	Episode: 1060/3498	Avg reward: -19.05	Avg steps: 3004
2020-07-22 16:37:29,694	INFO	Total steps: 2896448	Episode: 1080/2210	Avg reward: -19.05	Avg steps: 3268
2020-07-22 17:03:31,488	INFO	Total steps: 2957491	Episode: 1100/3081	Avg reward: -19.15	Avg steps: 3051
2020-07-22 17:24:56,337	INFO	Total steps: 3007377	Episode: 1120/2521	Avg reward: -19.55	Avg steps: 2493
2020-07-22 17:50:11,667	INFO	Total steps: 3065746	Episode: 1140/2434	Avg reward: -19.05	Avg steps: 2917
2020-07-22 18:13:09,472	INFO	Total steps: 3118667	Episode: 1160/2916	Avg reward: -19.45	Avg steps: 2645
2020-07-22 18:37:06,004	INFO	Total steps: 3174185	Episode: 1180/1926	Avg reward: -19.20	Avg steps: 2774
2020-07-22 19:00:49,579	INFO	Total steps: 3229254	Episode: 1200/2171	Avg reward: -19.40	Avg steps: 2752
2020-07-22 19:27:31,250	INFO	Total steps: 3290783	Episode: 1220/3627	Avg reward: -18.90	Avg steps: 3075
2020-07-22 19:51:30,677	INFO	Total steps: 3346283	Episode: 1240/3493	Avg reward: -19.00	Avg steps: 2774
2020-07-22 20:16:46,865	INFO	Total steps: 3404657	Episode: 1260/2941	Avg reward: -19.10	Avg steps: 2917
2020-07-22 20:46:39,146	INFO	Total steps: 3473569	Episode: 1280/2870	Avg reward: -18.55	Avg steps: 3444
2020-07-22 21:11:39,166	INFO	Total steps: 3531215	Episode: 1300/3822	Avg reward: -19.20	Avg steps: 2881
2020-07-22 21:36:22,274	INFO	Total steps: 3588738	Episode: 1320/3687	Avg reward: -19.20	Avg steps: 2875
2020-07-22 22:05:01,150	INFO	Total steps: 3655312	Episode: 1340/3858	Avg reward: -18.85	Avg steps: 3327
2020-07-22 22:31:43,615	INFO	Total steps: 3716646	Episode: 1360/4522	Avg reward: -19.00	Avg steps: 3065
2020-07-22 22:59:47,383	INFO	Total steps: 3779859	Episode: 1380/3268	Avg reward: -19.20	Avg steps: 3159
2020-07-22 23:25:02,358	INFO	Total steps: 3836446	Episode: 1400/3336	Avg reward: -19.20	Avg steps: 2828
2020-07-22 23:52:07,370	INFO	Total steps: 3897049	Episode: 1420/4024	Avg reward: -18.95	Avg steps: 3029
2020-07-23 00:15:58,984	INFO	Total steps: 3950614	Episode: 1440/1970	Avg reward: -18.75	Avg steps: 2677
2020-07-23 00:41:22,982	INFO	Total steps: 4008119	Episode: 1460/3338	Avg reward: -18.70	Avg steps: 2874
2020-07-23 01:08:43,294	INFO	Total steps: 4070008	Episode: 1480/3695	Avg reward: -18.90	Avg steps: 3093
2020-07-23 01:34:26,535	INFO	Total steps: 4128253	Episode: 1500/4076	Avg reward: -18.80	Avg steps: 2911
2020-07-23 02:00:53,683	INFO	Total steps: 4187902	Episode: 1520/1303	Avg reward: -19.10	Avg steps: 2981
2020-07-23 02:27:16,463	INFO	Total steps: 4247403	Episode: 1540/2263	Avg reward: -18.70	Avg steps: 2974
2020-07-23 02:53:06,150	INFO	Total steps: 4305407	Episode: 1560/3280	Avg reward: -18.95	Avg steps: 2899
2020-07-23 03:16:29,097	INFO	Total steps: 4357877	Episode: 1580/3764	Avg reward: -18.90	Avg steps: 2622
2020-07-23 03:43:31,978	INFO	Total steps: 4418490	Episode: 1600/3194	Avg reward: -19.25	Avg steps: 3029
2020-07-23 04:04:58,575	INFO	Total steps: 4466886	Episode: 1620/3344	Avg reward: -18.85	Avg steps: 2418
2020-07-23 04:30:22,945	INFO	Total steps: 4524249	Episode: 1640/2759	Avg reward: -18.75	Avg steps: 2867
2020-07-23 04:59:36,294	INFO	Total steps: 4590139	Episode: 1660/3634	Avg reward: -18.70	Avg steps: 3293
2020-07-23 05:25:07,567	INFO	Total steps: 4647805	Episode: 1680/2615	Avg reward: -18.70	Avg steps: 2882
2020-07-23 05:50:07,277	INFO	Total steps: 4704107	Episode: 1700/3206	Avg reward: -19.05	Avg steps: 2814
2020-07-23 06:10:13,728	INFO	Total steps: 4749330	Episode: 1720/2661	Avg reward: -18.95	Avg steps: 2260
2020-07-23 06:34:24,841	INFO	Total steps: 4803658	Episode: 1740/2165	Avg reward: -18.55	Avg steps: 2715
2020-07-23 07:04:21,331	INFO	Total steps: 4870942	Episode: 1760/3109	Avg reward: -18.80	Avg steps: 3363
2020-07-23 07:31:40,381	INFO	Total steps: 4932256	Episode: 1780/2935	Avg reward: -18.70	Avg steps: 3064
2020-07-23 08:01:51,870	INFO	Total steps: 4999231	Episode: 1800/4064	Avg reward: -19.00	Avg steps: 3347
2020-07-23 08:31:29,735	INFO	Total steps: 5065108	Episode: 1820/2678	Avg reward: -18.85	Avg steps: 3292
2020-07-23 09:06:59,765	INFO	Total steps: 5144498	Episode: 1840/5614	Avg reward: -19.00	Avg steps: 3968
2020-07-23 09:39:31,391	INFO	Total steps: 5217670	Episode: 1860/4668	Avg reward: -18.60	Avg steps: 3657
2020-07-23 10:15:58,532	INFO	Total steps: 5299429	Episode: 1880/4134	Avg reward: -18.55	Avg steps: 4086
2020-07-23 10:46:40,963	INFO	Total steps: 5367612	Episode: 1900/1677	Avg reward: -19.10	Avg steps: 3408
2020-07-23 11:15:17,935	INFO	Total steps: 5431771	Episode: 1920/3640	Avg reward: -19.00	Avg steps: 3206
2020-07-23 11:44:42,595	INFO	Total steps: 5497695	Episode: 1940/2140	Avg reward: -19.15	Avg steps: 3295
2020-07-23 12:13:13,400	INFO	Total steps: 5561646	Episode: 1960/2926	Avg reward: -18.80	Avg steps: 3196
2020-07-23 12:44:15,255	INFO	Total steps: 5630744	Episode: 1980/3838	Avg reward: -18.90	Avg steps: 3453
2020-07-23 13:22:37,947	INFO	Total steps: 5716003	Episode: 2000/3060	Avg reward: -19.00	Avg steps: 4261
2020-07-23 14:00:33,917	INFO	Total steps: 5800256	Episode: 2020/4385	Avg reward: -18.60	Avg steps: 4211
2020-07-23 14:43:28,786	INFO	Total steps: 5895855	Episode: 2040/3331	Avg reward: -18.55	Avg steps: 4778
2020-07-23 15:17:37,021	INFO	Total steps: 5972264	Episode: 2060/4949	Avg reward: -18.80	Avg steps: 3819
2020-07-23 15:59:37,030	INFO	Total steps: 6066250	Episode: 2080/3619	Avg reward: -18.70	Avg steps: 4698
2020-07-23 16:41:16,926	INFO	Total steps: 6159528	Episode: 2100/4332	Avg reward: -18.65	Avg steps: 4662
2020-07-23 17:22:17,975	INFO	Total steps: 6251258	Episode: 2120/4131	Avg reward: -18.50	Avg steps: 4585
2020-07-23 18:01:39,082	INFO	Total steps: 6339246	Episode: 2140/8307	Avg reward: -18.80	Avg steps: 4398
2020-07-23 18:48:34,798	INFO	Total steps: 6444330	Episode: 2160/7919	Avg reward: -19.00	Avg steps: 5253
2020-07-23 19:30:21,487	INFO	Total steps: 6537937	Episode: 2180/4131	Avg reward: -18.55	Avg steps: 4679
2020-07-23 20:15:07,970	INFO	Total steps: 6638336	Episode: 2200/3168	Avg reward: -18.75	Avg steps: 5018
2020-07-23 20:53:11,729	INFO	Total steps: 6723510	Episode: 2220/7643	Avg reward: -18.65	Avg steps: 4257
2020-07-23 21:45:11,514	INFO	Total steps: 6840060	Episode: 2240/6954	Avg reward: -18.60	Avg steps: 5826
2020-07-23 22:26:57,261	INFO	Total steps: 6933490	Episode: 2260/6553	Avg reward: -18.65	Avg steps: 4670
2020-07-23 23:09:18,087	INFO	Total steps: 7028063	Episode: 2280/4864	Avg reward: -18.85	Avg steps: 4727
2020-07-23 23:53:01,780	INFO	Total steps: 7125904	Episode: 2300/9739	Avg reward: -18.50	Avg steps: 4891
2020-07-24 00:49:06,161	INFO	Total steps: 7251414	Episode: 2320/5643	Avg reward: -18.60	Avg steps: 6274
2020-07-24 01:36:23,215	INFO	Total steps: 7357367	Episode: 2340/4608	Avg reward: -18.45	Avg steps: 5296
2020-07-24 02:19:41,108	INFO	Total steps: 7454072	Episode: 2360/2789	Avg reward: -18.60	Avg steps: 4834
2020-07-24 02:53:34,730	INFO	Total steps: 7529354	Episode: 2380/6903	Avg reward: -18.75	Avg steps: 3763
2020-07-24 03:49:35,571	INFO	Total steps: 7654322	Episode: 2400/4382	Avg reward: -18.70	Avg steps: 6247
2020-07-24 04:30:56,662	INFO	Total steps: 7746790	Episode: 2420/4223	Avg reward: -18.75	Avg steps: 4622
2020-07-24 05:13:14,514	INFO	Total steps: 7841443	Episode: 2440/3716	Avg reward: -18.35	Avg steps: 4731
2020-07-24 05:53:50,779	INFO	Total steps: 7932189	Episode: 2460/3909	Avg reward: -18.55	Avg steps: 4536
2020-07-24 06:36:09,113	INFO	Total steps: 8040401	Episode: 2480/3068	Avg reward: -18.40	Avg steps: 5409
2020-07-24 07:16:51,137	INFO	Total steps: 8144544	Episode: 2500/2984	Avg reward: -18.25	Avg steps: 5206
2020-07-24 07:58:13,648	INFO	Total steps: 8250603	Episode: 2520/5997	Avg reward: -18.80	Avg steps: 5301
2020-07-24 08:40:05,566	INFO	Total steps: 8357977	Episode: 2540/4598	Avg reward: -18.70	Avg steps: 5367
2020-07-24 09:24:04,477	INFO	Total steps: 8470586	Episode: 2560/4152	Avg reward: -18.70	Avg steps: 5629
2020-07-24 10:05:36,821	INFO	Total steps: 8577442	Episode: 2580/9980	Avg reward: -18.90	Avg steps: 5341
2020-07-24 10:54:34,838	INFO	Total steps: 8702858	Episode: 2600/7625	Avg reward: -19.00	Avg steps: 6269
2020-07-24 11:50:11,296	INFO	Total steps: 8845445	Episode: 2620/6345	Avg reward: -18.15	Avg steps: 7128
2020-07-24 12:49:32,315	INFO	Total steps: 8997766	Episode: 2640/7908	Avg reward: -18.65	Avg steps: 7615
2020-07-24 13:57:21,708	INFO	Total steps: 9171891	Episode: 2660/5985	Avg reward: -18.20	Avg steps: 8705
2020-07-24 14:52:56,466	INFO	Total steps: 9314230	Episode: 2680/6004	Avg reward: -19.00	Avg steps: 7115
2020-07-24 15:48:03,460	INFO	Total steps: 9467816	Episode: 2700/7241	Avg reward: -18.20	Avg steps: 7678
2020-07-24 16:29:15,313	INFO	Total steps: 9589018	Episode: 2720/6759	Avg reward: -18.70	Avg steps: 6059
2020-07-24 16:59:58,309	INFO	Total steps: 9678917	Episode: 2740/4371	Avg reward: -18.60	Avg steps: 4493
2020-07-24 17:41:20,123	INFO	Total steps: 9799734	Episode: 2760/4548	Avg reward: -18.20	Avg steps: 6039
2020-07-24 18:29:20,065	INFO	Total steps: 9940700	Episode: 2780/6196	Avg reward: -18.55	Avg steps: 7047
2020-07-24 19:29:07,279	INFO	Total steps: 10115954	Episode: 2800/9425	Avg reward: -18.40	Avg steps: 8761
2020-07-24 20:16:01,453	INFO	Total steps: 10253678	Episode: 2820/2842	Avg reward: -19.15	Avg steps: 6885
2020-07-24 21:06:04,463	INFO	Total steps: 10400979	Episode: 2840/6208	Avg reward: -18.55	Avg steps: 7364
2020-07-24 21:51:21,081	INFO	Total steps: 10533917	Episode: 2860/5280	Avg reward: -18.75	Avg steps: 6645
2020-07-24 22:35:00,983	INFO	Total steps: 10662703	Episode: 2880/9143	Avg reward: -18.90	Avg steps: 6438
2020-07-24 23:26:58,872	INFO	Total steps: 10815297	Episode: 2900/5882	Avg reward: -18.65	Avg steps: 7628
2020-07-25 00:14:22,031	INFO	Total steps: 10954250	Episode: 2920/6546	Avg reward: -18.65	Avg steps: 6946
2020-07-25 01:04:50,665	INFO	Total steps: 11102443	Episode: 2940/4218	Avg reward: -18.80	Avg steps: 7408
2020-07-25 01:47:06,166	INFO	Total steps: 11226698	Episode: 2960/11159	Avg reward: -18.65	Avg steps: 6211
2020-07-25 02:39:15,149	INFO	Total steps: 11379781	Episode: 2980/6045	Avg reward: -18.60	Avg steps: 7653
2020-07-25 03:23:12,969	INFO	Total steps: 11508906	Episode: 3000/6376	Avg reward: -19.05	Avg steps: 6455
2020-07-25 04:09:23,251	INFO	Total steps: 11644652	Episode: 3020/3210	Avg reward: -18.70	Avg steps: 6786
2020-07-25 05:00:09,832	INFO	Total steps: 11804341	Episode: 3040/8648	Avg reward: -18.60	Avg steps: 7983
2020-07-25 05:41:47,034	INFO	Total steps: 11943109	Episode: 3060/4616	Avg reward: -18.80	Avg steps: 6937
2020-07-25 06:25:36,909	INFO	Total steps: 12088912	Episode: 3080/6093	Avg reward: -18.50	Avg steps: 7289
2020-07-25 07:08:16,608	INFO	Total steps: 12230226	Episode: 3100/5699	Avg reward: -18.80	Avg steps: 7064
2020-07-25 07:35:59,158	INFO	Total steps: 12322367	Episode: 3120/4755	Avg reward: -19.15	Avg steps: 4606
2020-07-25 08:17:30,384	INFO	Total steps: 12460570	Episode: 3140/5594	Avg reward: -18.30	Avg steps: 6909
2020-07-25 09:00:07,272	INFO	Total steps: 12603325	Episode: 3160/8016	Avg reward: -18.60	Avg steps: 7136
2020-07-25 09:40:19,124	INFO	Total steps: 12737572	Episode: 3180/8553	Avg reward: -18.85	Avg steps: 6711
2020-07-25 10:31:49,202	INFO	Total steps: 12910371	Episode: 3200/6176	Avg reward: -18.55	Avg steps: 8638
2020-07-25 11:24:45,501	INFO	Total steps: 13096992	Episode: 3220/8859	Avg reward: -18.45	Avg steps: 9330
2020-07-25 12:13:31,961	INFO	Total steps: 13294327	Episode: 3240/12234	Avg reward: -18.35	Avg steps: 9865
2020-07-25 13:01:41,488	INFO	Total steps: 13486306	Episode: 3260/12615	Avg reward: -18.25	Avg steps: 9597
2020-07-25 13:43:49,613	INFO	Total steps: 13654345	Episode: 3280/12909	Avg reward: -18.65	Avg steps: 8400
2020-07-25 14:33:31,879	INFO	Total steps: 13852258	Episode: 3300/22600	Avg reward: -18.55	Avg steps: 9894
2020-07-25 15:30:39,226	INFO	Total steps: 14079368	Episode: 3320/7474	Avg reward: -18.40	Avg steps: 11354
2020-07-25 16:08:11,412	INFO	Total steps: 14229295	Episode: 3340/9356	Avg reward: -18.70	Avg steps: 7495
2020-07-25 16:47:59,216	INFO	Total steps: 14388219	Episode: 3360/8498	Avg reward: -18.70	Avg steps: 7945
2020-07-25 17:32:49,884	INFO	Total steps: 14567544	Episode: 3380/9313	Avg reward: -18.75	Avg steps: 8965
2020-07-25 18:04:09,826	INFO	Total steps: 14692685	Episode: 3400/5804	Avg reward: -18.80	Avg steps: 6256
2020-07-25 19:00:01,657	INFO	Total steps: 14915845	Episode: 3420/7634	Avg reward: -18.45	Avg steps: 11157
2020-07-25 20:08:20,415	INFO	Total steps: 15189539	Episode: 3440/27483	Avg reward: -18.00	Avg steps: 13683
2020-07-25 21:22:37,615	INFO	Total steps: 15487529	Episode: 3460/10844	Avg reward: -18.45	Avg steps: 14898
2020-07-25 22:06:23,831	INFO	Total steps: 15661273	Episode: 3480/10225	Avg reward: -18.65	Avg steps: 8686
2020-07-25 22:39:18,762	INFO	Total steps: 15792692	Episode: 3500/4125	Avg reward: -19.30	Avg steps: 6569
2020-07-25 23:35:22,858	INFO	Total steps: 16016409	Episode: 3520/12036	Avg reward: -18.95	Avg steps: 11184
2020-07-26 00:20:25,452	INFO	Total steps: 16196072	Episode: 3540/11546	Avg reward: -18.35	Avg steps: 8982
2020-07-26 01:17:33,596	INFO	Total steps: 16423522	Episode: 3560/13493	Avg reward: -18.60	Avg steps: 11371
2020-07-26 02:15:12,473	INFO	Total steps: 16653785	Episode: 3580/6033	Avg reward: -18.85	Avg steps: 11512
2020-07-26 03:18:28,977	INFO	Total steps: 16907588	Episode: 3600/13512	Avg reward: -18.60	Avg steps: 12689
2020-07-26 04:08:13,023	INFO	Total steps: 17106196	Episode: 3620/8891	Avg reward: -18.70	Avg steps: 9929
2020-07-26 04:58:28,134	INFO	Total steps: 17307122	Episode: 3640/4251	Avg reward: -18.80	Avg steps: 10045
2020-07-26 05:36:57,422	INFO	Total steps: 17461628	Episode: 3660/8151	Avg reward: -18.95	Avg steps: 7724
2020-07-26 06:24:03,114	INFO	Total steps: 17650089	Episode: 3680/5261	Avg reward: -18.15	Avg steps: 9422
2020-07-26 07:23:15,133	INFO	Total steps: 17886698	Episode: 3700/9525	Avg reward: -18.75	Avg steps: 11829
2020-07-26 08:28:58,335	INFO	Total steps: 18145165	Episode: 3720/14849	Avg reward: -17.95	Avg steps: 12922
2020-07-26 09:28:01,089	INFO	Total steps: 18380427	Episode: 3740/8779	Avg reward: -18.35	Avg steps: 11762
2020-07-26 10:23:43,270	INFO	Total steps: 18602263	Episode: 3760/14334	Avg reward: -18.55	Avg steps: 11090
2020-07-26 11:03:07,207	INFO	Total steps: 18759335	Episode: 3780/4118	Avg reward: -18.55	Avg steps: 7852
2020-07-26 11:40:45,635	INFO	Total steps: 18909265	Episode: 3800/7132	Avg reward: -18.60	Avg steps: 7495
2020-07-26 12:18:37,600	INFO	Total steps: 19059613	Episode: 3820/13906	Avg reward: -18.35	Avg steps: 7516
2020-07-26 13:13:09,629	INFO	Total steps: 19276777	Episode: 3840/8608	Avg reward: -18.35	Avg steps: 10857
2020-07-26 14:00:17,837	INFO	Total steps: 19465403	Episode: 3860/5592	Avg reward: -18.40	Avg steps: 9430
2020-07-26 14:51:01,447	INFO	Total steps: 19668092	Episode: 3880/16321	Avg reward: -18.55	Avg steps: 10133
2020-07-26 15:50:07,964	INFO	Total steps: 19903207	Episode: 3900/2389	Avg reward: -18.75	Avg steps: 11754
2020-07-26 16:40:19,892	INFO	Total steps: 20103435	Episode: 3920/6269	Avg reward: -18.90	Avg steps: 10010
2020-07-26 17:28:49,744	INFO	Total steps: 20296754	Episode: 3940/7783	Avg reward: -18.25	Avg steps: 9664
2020-07-26 18:06:48,494	INFO	Total steps: 20448204	Episode: 3960/6995	Avg reward: -18.45	Avg steps: 7571
2020-07-26 18:45:04,624	INFO	Total steps: 20600357	Episode: 3980/5031	Avg reward: -18.40	Avg steps: 7606
2020-07-26 19:23:45,096	INFO	Total steps: 20754879	Episode: 4000/9492	Avg reward: -18.75	Avg steps: 7725
