2020-07-14 20:55:11,812	INFO	--width 160 --height 160 --ball 1.0 --ball-size 2.0 --snell 0.6 --snell-width 80.0 --snell-change 0.0 --snell-visible none --paddle-speed 1.0 --paddle-angle 60.0 --paddle-length 20.0 --update-prob 0.3 --state binary --learning-rate 0.0001 --network dqn_pong_model --render False --epsdecay 1000 --episodes 4000 --replay 10000 --checkpoint dqn_pong_model --history history.p --store-dir ../experiments/paddle_angle.60.0-update_prob.0.3-snell.0.6 
2020-07-14 20:55:11,812	INFO	Device: cuda
2020-07-14 21:01:58,180	INFO	Total steps: 20229	Episode: 20/647	Avg reward: -19.35	Avg steps: 1010
2020-07-14 21:12:21,428	INFO	Total steps: 38772	Episode: 40/955	Avg reward: -19.30	Avg steps: 926
2020-07-14 21:24:35,453	INFO	Total steps: 60474	Episode: 60/844	Avg reward: -19.35	Avg steps: 1084
2020-07-14 21:35:36,546	INFO	Total steps: 80080	Episode: 80/1046	Avg reward: -19.55	Avg steps: 979
2020-07-14 21:46:52,578	INFO	Total steps: 101225	Episode: 100/842	Avg reward: -19.60	Avg steps: 1056
2020-07-14 21:57:58,270	INFO	Total steps: 125187	Episode: 120/729	Avg reward: -19.35	Avg steps: 1197
2020-07-14 22:08:41,513	INFO	Total steps: 148138	Episode: 140/742	Avg reward: -19.30	Avg steps: 1146
2020-07-14 22:19:20,796	INFO	Total steps: 170769	Episode: 160/1151	Avg reward: -19.50	Avg steps: 1130
2020-07-14 22:30:11,323	INFO	Total steps: 193918	Episode: 180/859	Avg reward: -19.10	Avg steps: 1156
2020-07-14 22:41:41,575	INFO	Total steps: 218319	Episode: 200/855	Avg reward: -19.25	Avg steps: 1219
2020-07-14 22:52:18,779	INFO	Total steps: 240843	Episode: 220/1050	Avg reward: -19.45	Avg steps: 1125
2020-07-14 23:03:57,434	INFO	Total steps: 265493	Episode: 240/1663	Avg reward: -19.40	Avg steps: 1231
2020-07-14 23:15:39,402	INFO	Total steps: 290361	Episode: 260/1340	Avg reward: -18.95	Avg steps: 1242
2020-07-14 23:27:29,885	INFO	Total steps: 315722	Episode: 280/1058	Avg reward: -19.25	Avg steps: 1267
2020-07-14 23:38:44,214	INFO	Total steps: 339641	Episode: 300/950	Avg reward: -19.35	Avg steps: 1194
2020-07-14 23:50:04,079	INFO	Total steps: 363831	Episode: 320/1579	Avg reward: -19.20	Avg steps: 1208
2020-07-15 00:04:26,639	INFO	Total steps: 394374	Episode: 340/1670	Avg reward: -19.00	Avg steps: 1526
2020-07-15 00:16:55,117	INFO	Total steps: 420616	Episode: 360/856	Avg reward: -18.80	Avg steps: 1311
2020-07-15 00:29:39,823	INFO	Total steps: 447509	Episode: 380/929	Avg reward: -19.05	Avg steps: 1343
2020-07-15 00:42:21,076	INFO	Total steps: 474243	Episode: 400/950	Avg reward: -19.10	Avg steps: 1335
2020-07-15 00:54:10,510	INFO	Total steps: 499192	Episode: 420/1372	Avg reward: -19.00	Avg steps: 1246
2020-07-15 01:06:55,111	INFO	Total steps: 526039	Episode: 440/1242	Avg reward: -19.60	Avg steps: 1341
2020-07-15 01:21:16,949	INFO	Total steps: 556477	Episode: 460/1828	Avg reward: -18.75	Avg steps: 1520
2020-07-15 01:34:06,433	INFO	Total steps: 583849	Episode: 480/1672	Avg reward: -19.15	Avg steps: 1367
2020-07-15 01:48:47,063	INFO	Total steps: 615100	Episode: 500/1777	Avg reward: -19.15	Avg steps: 1561
2020-07-15 02:04:04,816	INFO	Total steps: 647636	Episode: 520/1701	Avg reward: -18.90	Avg steps: 1625
2020-07-15 02:21:29,225	INFO	Total steps: 684617	Episode: 540/2012	Avg reward: -19.10	Avg steps: 1848
2020-07-15 02:38:22,830	INFO	Total steps: 720585	Episode: 560/2405	Avg reward: -18.80	Avg steps: 1797
2020-07-15 02:56:21,582	INFO	Total steps: 759045	Episode: 580/1354	Avg reward: -18.45	Avg steps: 1922
2020-07-15 03:13:23,587	INFO	Total steps: 795110	Episode: 600/1057	Avg reward: -18.65	Avg steps: 1802
2020-07-15 03:27:59,126	INFO	Total steps: 825577	Episode: 620/1919	Avg reward: -19.20	Avg steps: 1522
2020-07-15 03:43:33,568	INFO	Total steps: 858323	Episode: 640/1357	Avg reward: -19.05	Avg steps: 1636
2020-07-15 03:59:11,156	INFO	Total steps: 891262	Episode: 660/1565	Avg reward: -18.80	Avg steps: 1645
2020-07-15 04:14:12,858	INFO	Total steps: 923033	Episode: 680/1171	Avg reward: -18.60	Avg steps: 1587
2020-07-15 04:30:47,227	INFO	Total steps: 958149	Episode: 700/1328	Avg reward: -18.30	Avg steps: 1754
2020-07-15 04:46:43,484	INFO	Total steps: 992009	Episode: 720/2320	Avg reward: -18.15	Avg steps: 1692
2020-07-15 05:01:25,406	INFO	Total steps: 1023183	Episode: 740/1701	Avg reward: -18.70	Avg steps: 1557
2020-07-15 05:14:20,050	INFO	Total steps: 1050540	Episode: 760/1533	Avg reward: -18.80	Avg steps: 1366
2020-07-15 05:29:00,260	INFO	Total steps: 1081495	Episode: 780/1345	Avg reward: -18.65	Avg steps: 1546
2020-07-15 05:44:17,564	INFO	Total steps: 1113756	Episode: 800/1070	Avg reward: -18.75	Avg steps: 1612
2020-07-15 06:00:04,039	INFO	Total steps: 1146985	Episode: 820/1985	Avg reward: -18.50	Avg steps: 1660
2020-07-15 06:17:55,990	INFO	Total steps: 1184407	Episode: 840/1922	Avg reward: -18.20	Avg steps: 1870
2020-07-15 06:35:49,817	INFO	Total steps: 1222205	Episode: 860/2104	Avg reward: -17.55	Avg steps: 1888
2020-07-15 06:54:37,980	INFO	Total steps: 1261855	Episode: 880/1749	Avg reward: -18.35	Avg steps: 1981
2020-07-15 07:13:16,313	INFO	Total steps: 1301043	Episode: 900/1768	Avg reward: -18.25	Avg steps: 1958
2020-07-15 07:30:47,721	INFO	Total steps: 1338049	Episode: 920/2336	Avg reward: -18.90	Avg steps: 1849
2020-07-15 07:51:37,845	INFO	Total steps: 1382381	Episode: 940/1670	Avg reward: -18.00	Avg steps: 2215
2020-07-15 08:13:04,339	INFO	Total steps: 1428058	Episode: 960/3751	Avg reward: -17.90	Avg steps: 2282
2020-07-15 08:36:38,892	INFO	Total steps: 1478029	Episode: 980/2201	Avg reward: -17.45	Avg steps: 2497
2020-07-15 08:56:57,352	INFO	Total steps: 1520877	Episode: 1000/2488	Avg reward: -17.80	Avg steps: 2141
2020-07-15 09:17:46,479	INFO	Total steps: 1564998	Episode: 1020/2083	Avg reward: -17.60	Avg steps: 2205
2020-07-15 09:41:26,460	INFO	Total steps: 1614941	Episode: 1040/1763	Avg reward: -17.75	Avg steps: 2496
2020-07-15 09:59:27,259	INFO	Total steps: 1652946	Episode: 1060/2075	Avg reward: -17.85	Avg steps: 1899
2020-07-15 10:21:03,627	INFO	Total steps: 1698653	Episode: 1080/1863	Avg reward: -17.50	Avg steps: 2284
2020-07-15 10:38:23,538	INFO	Total steps: 1734831	Episode: 1100/1733	Avg reward: -17.85	Avg steps: 1807
2020-07-15 10:55:49,877	INFO	Total steps: 1771418	Episode: 1120/1906	Avg reward: -17.70	Avg steps: 1828
2020-07-15 11:13:07,771	INFO	Total steps: 1807517	Episode: 1140/1563	Avg reward: -17.65	Avg steps: 1803
2020-07-15 11:31:40,303	INFO	Total steps: 1846206	Episode: 1160/1917	Avg reward: -17.45	Avg steps: 1933
2020-07-15 11:54:23,011	INFO	Total steps: 1893718	Episode: 1180/2131	Avg reward: -17.80	Avg steps: 2374
2020-07-15 12:14:50,502	INFO	Total steps: 1936537	Episode: 1200/2022	Avg reward: -17.80	Avg steps: 2139
2020-07-15 12:35:16,954	INFO	Total steps: 1979359	Episode: 1220/2204	Avg reward: -17.50	Avg steps: 2140
2020-07-15 12:57:44,901	INFO	Total steps: 2026772	Episode: 1240/2712	Avg reward: -17.45	Avg steps: 2369
2020-07-15 13:19:08,286	INFO	Total steps: 2071741	Episode: 1260/2363	Avg reward: -17.35	Avg steps: 2247
2020-07-15 13:38:09,607	INFO	Total steps: 2111578	Episode: 1280/1929	Avg reward: -17.55	Avg steps: 1990
2020-07-15 14:00:48,597	INFO	Total steps: 2158902	Episode: 1300/2064	Avg reward: -16.50	Avg steps: 2365
2020-07-15 14:27:47,592	INFO	Total steps: 2215634	Episode: 1320/1982	Avg reward: -16.65	Avg steps: 2835
2020-07-15 14:51:43,119	INFO	Total steps: 2265913	Episode: 1340/2509	Avg reward: -17.35	Avg steps: 2512
2020-07-15 15:13:25,103	INFO	Total steps: 2311245	Episode: 1360/2067	Avg reward: -17.35	Avg steps: 2265
2020-07-15 15:37:05,557	INFO	Total steps: 2360226	Episode: 1380/2108	Avg reward: -16.95	Avg steps: 2448
2020-07-15 16:02:46,315	INFO	Total steps: 2414040	Episode: 1400/2923	Avg reward: -17.20	Avg steps: 2689
2020-07-15 16:28:09,341	INFO	Total steps: 2466841	Episode: 1420/2954	Avg reward: -16.85	Avg steps: 2639
2020-07-15 16:51:37,792	INFO	Total steps: 2516090	Episode: 1440/1768	Avg reward: -16.90	Avg steps: 2461
2020-07-15 17:12:43,422	INFO	Total steps: 2560301	Episode: 1460/1905	Avg reward: -16.60	Avg steps: 2209
2020-07-15 17:34:57,588	INFO	Total steps: 2606916	Episode: 1480/2684	Avg reward: -16.50	Avg steps: 2329
2020-07-15 18:01:15,020	INFO	Total steps: 2662331	Episode: 1500/2404	Avg reward: -16.75	Avg steps: 2769
2020-07-15 18:24:18,114	INFO	Total steps: 2710725	Episode: 1520/2679	Avg reward: -17.70	Avg steps: 2418
2020-07-15 18:49:53,144	INFO	Total steps: 2764655	Episode: 1540/4062	Avg reward: -16.80	Avg steps: 2695
2020-07-15 19:14:16,188	INFO	Total steps: 2816073	Episode: 1560/2989	Avg reward: -17.20	Avg steps: 2569
2020-07-15 19:40:31,177	INFO	Total steps: 2870980	Episode: 1580/4136	Avg reward: -17.25	Avg steps: 2744
2020-07-15 20:12:37,824	INFO	Total steps: 2938012	Episode: 1600/2571	Avg reward: -16.60	Avg steps: 3350
2020-07-15 20:39:42,058	INFO	Total steps: 2994652	Episode: 1620/2438	Avg reward: -17.85	Avg steps: 2831
2020-07-15 21:06:52,803	INFO	Total steps: 3051208	Episode: 1640/3886	Avg reward: -17.30	Avg steps: 2826
2020-07-15 21:32:17,153	INFO	Total steps: 3103781	Episode: 1660/2747	Avg reward: -17.15	Avg steps: 2627
2020-07-15 21:58:02,517	INFO	Total steps: 3157298	Episode: 1680/2466	Avg reward: -16.95	Avg steps: 2674
2020-07-15 22:26:48,166	INFO	Total steps: 3217443	Episode: 1700/4057	Avg reward: -17.20	Avg steps: 3006
2020-07-15 22:54:06,986	INFO	Total steps: 3274628	Episode: 1720/1753	Avg reward: -17.30	Avg steps: 2858
2020-07-15 23:22:28,577	INFO	Total steps: 3331860	Episode: 1740/3647	Avg reward: -16.95	Avg steps: 2860
2020-07-15 23:53:20,351	INFO	Total steps: 3393774	Episode: 1760/3050	Avg reward: -16.90	Avg steps: 3094
2020-07-16 00:17:59,927	INFO	Total steps: 3443473	Episode: 1780/2854	Avg reward: -17.00	Avg steps: 2483
2020-07-16 00:44:50,850	INFO	Total steps: 3497818	Episode: 1800/2510	Avg reward: -17.60	Avg steps: 2716
2020-07-16 01:13:13,076	INFO	Total steps: 3555110	Episode: 1820/2144	Avg reward: -17.50	Avg steps: 2863
2020-07-16 01:48:32,730	INFO	Total steps: 3626552	Episode: 1840/4526	Avg reward: -16.95	Avg steps: 3571
2020-07-16 02:23:31,418	INFO	Total steps: 3697189	Episode: 1860/3890	Avg reward: -16.55	Avg steps: 3530
2020-07-16 03:04:23,036	INFO	Total steps: 3779207	Episode: 1880/4879	Avg reward: -16.35	Avg steps: 4099
2020-07-16 03:40:05,517	INFO	Total steps: 3851617	Episode: 1900/3593	Avg reward: -16.70	Avg steps: 3619
2020-07-16 04:11:31,534	INFO	Total steps: 3914607	Episode: 1920/4222	Avg reward: -16.75	Avg steps: 3148
2020-07-16 04:44:12,644	INFO	Total steps: 3980804	Episode: 1940/3568	Avg reward: -16.95	Avg steps: 3308
2020-07-16 05:21:33,800	INFO	Total steps: 4055921	Episode: 1960/2969	Avg reward: -16.25	Avg steps: 3754
2020-07-16 05:48:46,431	INFO	Total steps: 4110253	Episode: 1980/3328	Avg reward: -16.85	Avg steps: 2715
2020-07-16 06:17:19,512	INFO	Total steps: 4167405	Episode: 2000/3123	Avg reward: -16.55	Avg steps: 2856
2020-07-16 06:51:21,883	INFO	Total steps: 4235910	Episode: 2020/3353	Avg reward: -16.40	Avg steps: 3424
2020-07-16 07:24:35,247	INFO	Total steps: 4302753	Episode: 2040/3728	Avg reward: -15.70	Avg steps: 3341
2020-07-16 07:59:38,480	INFO	Total steps: 4373726	Episode: 2060/3139	Avg reward: -17.15	Avg steps: 3547
2020-07-16 08:34:49,534	INFO	Total steps: 4444301	Episode: 2080/3558	Avg reward: -16.40	Avg steps: 3527
2020-07-16 09:12:04,089	INFO	Total steps: 4519080	Episode: 2100/3027	Avg reward: -16.40	Avg steps: 3737
2020-07-16 09:43:09,391	INFO	Total steps: 4581883	Episode: 2120/2902	Avg reward: -16.55	Avg steps: 3139
2020-07-16 10:12:34,758	INFO	Total steps: 4640161	Episode: 2140/3247	Avg reward: -17.00	Avg steps: 2912
2020-07-16 10:49:51,237	INFO	Total steps: 4714346	Episode: 2160/4728	Avg reward: -15.65	Avg steps: 3708
2020-07-16 11:23:00,038	INFO	Total steps: 4780595	Episode: 2180/2392	Avg reward: -16.20	Avg steps: 3311
2020-07-16 11:58:47,657	INFO	Total steps: 4852342	Episode: 2200/5293	Avg reward: -16.05	Avg steps: 3586
2020-07-16 12:35:27,841	INFO	Total steps: 4925797	Episode: 2220/2734	Avg reward: -15.85	Avg steps: 3671
2020-07-16 13:17:19,674	INFO	Total steps: 5010033	Episode: 2240/4155	Avg reward: -16.55	Avg steps: 4210
2020-07-16 13:57:10,936	INFO	Total steps: 5089943	Episode: 2260/3395	Avg reward: -15.90	Avg steps: 3994
2020-07-16 14:36:31,893	INFO	Total steps: 5169132	Episode: 2280/4141	Avg reward: -16.55	Avg steps: 3958
2020-07-16 15:12:43,112	INFO	Total steps: 5241821	Episode: 2300/3666	Avg reward: -17.00	Avg steps: 3633
2020-07-16 15:53:23,239	INFO	Total steps: 5322877	Episode: 2320/5204	Avg reward: -16.35	Avg steps: 4051
2020-07-16 16:36:18,451	INFO	Total steps: 5408723	Episode: 2340/3220	Avg reward: -15.10	Avg steps: 4291
2020-07-16 17:20:53,507	INFO	Total steps: 5497216	Episode: 2360/4656	Avg reward: -16.50	Avg steps: 4423
2020-07-16 18:09:05,041	INFO	Total steps: 5592922	Episode: 2380/5212	Avg reward: -16.65	Avg steps: 4784
2020-07-16 18:57:07,494	INFO	Total steps: 5688992	Episode: 2400/3034	Avg reward: -16.85	Avg steps: 4802
2020-07-16 19:41:27,802	INFO	Total steps: 5776049	Episode: 2420/3060	Avg reward: -15.30	Avg steps: 4351
2020-07-16 20:24:21,114	INFO	Total steps: 5859825	Episode: 2440/3076	Avg reward: -15.55	Avg steps: 4187
2020-07-16 21:05:51,420	INFO	Total steps: 5954718	Episode: 2460/7888	Avg reward: -17.00	Avg steps: 4743
2020-07-16 21:42:47,308	INFO	Total steps: 6043364	Episode: 2480/4332	Avg reward: -15.65	Avg steps: 4431
2020-07-16 22:21:53,360	INFO	Total steps: 6135550	Episode: 2500/5410	Avg reward: -15.80	Avg steps: 4608
2020-07-16 23:01:22,860	INFO	Total steps: 6229677	Episode: 2520/5931	Avg reward: -16.15	Avg steps: 4705
2020-07-16 23:38:10,432	INFO	Total steps: 6316454	Episode: 2540/2850	Avg reward: -16.55	Avg steps: 4337
2020-07-17 00:12:29,210	INFO	Total steps: 6396824	Episode: 2560/2826	Avg reward: -16.60	Avg steps: 4017
2020-07-17 00:47:51,835	INFO	Total steps: 6479517	Episode: 2580/4202	Avg reward: -15.75	Avg steps: 4133
2020-07-17 01:23:37,403	INFO	Total steps: 6563008	Episode: 2600/4200	Avg reward: -16.70	Avg steps: 4173
2020-07-17 02:02:37,666	INFO	Total steps: 6653859	Episode: 2620/2434	Avg reward: -17.05	Avg steps: 4541
2020-07-17 02:39:53,090	INFO	Total steps: 6741907	Episode: 2640/4750	Avg reward: -17.15	Avg steps: 4401
2020-07-17 03:15:31,948	INFO	Total steps: 6826478	Episode: 2660/3273	Avg reward: -15.75	Avg steps: 4227
2020-07-17 03:44:11,528	INFO	Total steps: 6893680	Episode: 2680/4628	Avg reward: -15.75	Avg steps: 3359
2020-07-17 04:14:44,030	INFO	Total steps: 6966064	Episode: 2700/2632	Avg reward: -15.75	Avg steps: 3618
2020-07-17 04:45:04,087	INFO	Total steps: 7037951	Episode: 2720/3186	Avg reward: -16.15	Avg steps: 3593
2020-07-17 05:15:36,621	INFO	Total steps: 7109813	Episode: 2740/5144	Avg reward: -16.00	Avg steps: 3592
2020-07-17 05:53:37,554	INFO	Total steps: 7198200	Episode: 2760/4203	Avg reward: -15.80	Avg steps: 4418
2020-07-17 06:27:30,194	INFO	Total steps: 7276577	Episode: 2780/4814	Avg reward: -15.80	Avg steps: 3917
2020-07-17 07:03:05,049	INFO	Total steps: 7358561	Episode: 2800/3510	Avg reward: -16.50	Avg steps: 4098
2020-07-17 07:34:55,669	INFO	Total steps: 7432022	Episode: 2820/4158	Avg reward: -16.25	Avg steps: 3672
2020-07-17 08:03:39,530	INFO	Total steps: 7502133	Episode: 2840/5022	Avg reward: -17.05	Avg steps: 3504
2020-07-17 08:32:23,163	INFO	Total steps: 7586041	Episode: 2860/4471	Avg reward: -15.95	Avg steps: 4194
2020-07-17 09:00:04,228	INFO	Total steps: 7666565	Episode: 2880/4066	Avg reward: -16.40	Avg steps: 4025
2020-07-17 09:30:01,751	INFO	Total steps: 7754036	Episode: 2900/6346	Avg reward: -16.05	Avg steps: 4372
2020-07-17 09:58:13,917	INFO	Total steps: 7836224	Episode: 2920/4438	Avg reward: -16.40	Avg steps: 4108
2020-07-17 10:24:22,618	INFO	Total steps: 7912490	Episode: 2940/2288	Avg reward: -15.95	Avg steps: 3812
2020-07-17 10:56:27,150	INFO	Total steps: 8003539	Episode: 2960/3132	Avg reward: -16.50	Avg steps: 4551
2020-07-17 11:25:33,717	INFO	Total steps: 8084392	Episode: 2980/4819	Avg reward: -16.35	Avg steps: 4041
2020-07-17 11:56:04,015	INFO	Total steps: 8169713	Episode: 3000/3071	Avg reward: -16.00	Avg steps: 4265
2020-07-17 12:22:02,925	INFO	Total steps: 8242376	Episode: 3020/2994	Avg reward: -16.25	Avg steps: 3632
2020-07-17 12:50:22,418	INFO	Total steps: 8321280	Episode: 3040/3171	Avg reward: -16.70	Avg steps: 3944
2020-07-17 13:26:44,651	INFO	Total steps: 8422284	Episode: 3060/4856	Avg reward: -16.35	Avg steps: 5049
2020-07-17 13:57:21,247	INFO	Total steps: 8507561	Episode: 3080/5445	Avg reward: -16.50	Avg steps: 4262
2020-07-17 14:24:32,762	INFO	Total steps: 8585145	Episode: 3100/3776	Avg reward: -16.05	Avg steps: 3878
2020-07-17 14:48:45,101	INFO	Total steps: 8655045	Episode: 3120/3676	Avg reward: -16.40	Avg steps: 3494
2020-07-17 15:18:33,701	INFO	Total steps: 8740663	Episode: 3140/4189	Avg reward: -15.00	Avg steps: 4279
2020-07-17 15:47:24,899	INFO	Total steps: 8824735	Episode: 3160/2836	Avg reward: -15.55	Avg steps: 4202
2020-07-17 16:14:59,111	INFO	Total steps: 8907894	Episode: 3180/3287	Avg reward: -16.55	Avg steps: 4156
2020-07-17 16:52:01,117	INFO	Total steps: 9013886	Episode: 3200/5861	Avg reward: -16.15	Avg steps: 5298
2020-07-17 17:28:04,364	INFO	Total steps: 9114280	Episode: 3220/4380	Avg reward: -15.90	Avg steps: 5018
2020-07-17 17:59:24,232	INFO	Total steps: 9205086	Episode: 3240/3642	Avg reward: -16.55	Avg steps: 4539
2020-07-17 18:35:18,970	INFO	Total steps: 9310988	Episode: 3260/3606	Avg reward: -16.70	Avg steps: 5294
2020-07-17 19:08:03,751	INFO	Total steps: 9407646	Episode: 3280/6289	Avg reward: -15.85	Avg steps: 4831
2020-07-17 19:42:20,046	INFO	Total steps: 9508819	Episode: 3300/3188	Avg reward: -15.50	Avg steps: 5057
2020-07-17 20:15:32,785	INFO	Total steps: 9606840	Episode: 3320/3546	Avg reward: -15.30	Avg steps: 4900
2020-07-17 20:48:53,066	INFO	Total steps: 9705574	Episode: 3340/5866	Avg reward: -16.25	Avg steps: 4935
2020-07-17 21:26:35,901	INFO	Total steps: 9816247	Episode: 3360/4123	Avg reward: -16.70	Avg steps: 5532
2020-07-17 21:59:46,664	INFO	Total steps: 9913709	Episode: 3380/3029	Avg reward: -17.10	Avg steps: 4872
2020-07-17 22:38:20,285	INFO	Total steps: 10027299	Episode: 3400/4031	Avg reward: -15.30	Avg steps: 5678
2020-07-17 23:12:37,267	INFO	Total steps: 10127791	Episode: 3420/6136	Avg reward: -16.55	Avg steps: 5023
2020-07-17 23:48:39,441	INFO	Total steps: 10239680	Episode: 3440/5705	Avg reward: -15.50	Avg steps: 5593
2020-07-18 00:19:07,541	INFO	Total steps: 10337121	Episode: 3460/4587	Avg reward: -15.75	Avg steps: 4871
2020-07-18 00:54:06,781	INFO	Total steps: 10449501	Episode: 3480/9817	Avg reward: -16.00	Avg steps: 5618
2020-07-18 01:28:35,053	INFO	Total steps: 10562287	Episode: 3500/5071	Avg reward: -15.20	Avg steps: 5638
2020-07-18 02:00:26,143	INFO	Total steps: 10666416	Episode: 3520/5000	Avg reward: -15.80	Avg steps: 5205
2020-07-18 02:27:28,982	INFO	Total steps: 10754963	Episode: 3540/2519	Avg reward: -15.55	Avg steps: 4426
2020-07-18 03:00:03,858	INFO	Total steps: 10862644	Episode: 3560/3552	Avg reward: -15.50	Avg steps: 5383
2020-07-18 03:29:57,635	INFO	Total steps: 10961571	Episode: 3580/5831	Avg reward: -15.40	Avg steps: 4945
2020-07-18 03:55:21,376	INFO	Total steps: 11046319	Episode: 3600/3875	Avg reward: -15.85	Avg steps: 4236
2020-07-18 04:20:58,365	INFO	Total steps: 11131242	Episode: 3620/4854	Avg reward: -15.45	Avg steps: 4245
2020-07-18 04:51:22,784	INFO	Total steps: 11231423	Episode: 3640/5338	Avg reward: -14.55	Avg steps: 5008
2020-07-18 05:18:16,089	INFO	Total steps: 11319781	Episode: 3660/3833	Avg reward: -15.70	Avg steps: 4416
2020-07-18 05:47:56,440	INFO	Total steps: 11417393	Episode: 3680/5701	Avg reward: -15.75	Avg steps: 4879
2020-07-18 06:18:37,053	INFO	Total steps: 11518972	Episode: 3700/7350	Avg reward: -14.30	Avg steps: 5077
2020-07-18 06:47:07,721	INFO	Total steps: 11613340	Episode: 3720/4066	Avg reward: -15.25	Avg steps: 4717
2020-07-18 07:21:01,753	INFO	Total steps: 11724638	Episode: 3740/6187	Avg reward: -14.70	Avg steps: 5563
2020-07-18 07:54:31,192	INFO	Total steps: 11834546	Episode: 3760/5086	Avg reward: -14.90	Avg steps: 5494
2020-07-18 08:21:55,184	INFO	Total steps: 11924375	Episode: 3780/3354	Avg reward: -15.50	Avg steps: 4490
2020-07-18 08:48:04,766	INFO	Total steps: 12010021	Episode: 3800/4975	Avg reward: -15.75	Avg steps: 4281
2020-07-18 09:17:10,661	INFO	Total steps: 12105262	Episode: 3820/3898	Avg reward: -13.70	Avg steps: 4761
2020-07-18 09:49:40,162	INFO	Total steps: 12211259	Episode: 3840/5108	Avg reward: -14.40	Avg steps: 5298
2020-07-18 10:11:47,330	INFO	Total steps: 12283529	Episode: 3860/2710	Avg reward: -15.70	Avg steps: 3612
2020-07-18 10:42:44,575	INFO	Total steps: 12384567	Episode: 3880/5822	Avg reward: -14.40	Avg steps: 5050
2020-07-18 11:16:43,524	INFO	Total steps: 12495694	Episode: 3900/4459	Avg reward: -13.55	Avg steps: 5555
2020-07-18 11:41:44,925	INFO	Total steps: 12577356	Episode: 3920/4211	Avg reward: -14.85	Avg steps: 4082
2020-07-18 12:10:21,479	INFO	Total steps: 12671278	Episode: 3940/3161	Avg reward: -14.55	Avg steps: 4695
2020-07-18 12:37:35,948	INFO	Total steps: 12761310	Episode: 3960/3390	Avg reward: -15.00	Avg steps: 4500
2020-07-18 13:05:00,408	INFO	Total steps: 12851492	Episode: 3980/2854	Avg reward: -15.90	Avg steps: 4508
2020-07-18 13:36:02,900	INFO	Total steps: 12953977	Episode: 4000/4382	Avg reward: -14.80	Avg steps: 5123
2020-07-21 20:17:08,334	INFO	--width 160 --height 160 --ball 1.0 --ball-size 2.0 --snell 0.6 --snell-width 80.0 --snell-change 0.0 --snell-visible none --paddle-speed 1.0 --paddle-angle 60.0 --paddle-length 20.0 --update-prob 0.3 --state binary --learning-rate 0.0001 --network dqn_pong_model --render False --epsdecay 1000 --episodes 4000 --replay 10000 --batch-size 32 --checkpoint dqn_pong_model --history history.p --store-dir ../experiments/paddle_angle.60.0-update_prob.0.3-snell.0.6 
2020-07-21 20:17:08,654	INFO	Device: cuda
2020-07-21 20:24:08,994	INFO	Total steps: 17654	Episode: 20/739	Avg reward: -19.45	Avg steps: 881
2020-07-21 20:32:35,627	INFO	Total steps: 38221	Episode: 40/1143	Avg reward: -19.55	Avg steps: 1027
2020-07-21 20:41:04,573	INFO	Total steps: 58759	Episode: 60/1040	Avg reward: -19.10	Avg steps: 1025
2020-07-21 20:50:29,060	INFO	Total steps: 81666	Episode: 80/1461	Avg reward: -19.40	Avg steps: 1144
2020-07-21 20:59:27,090	INFO	Total steps: 103404	Episode: 100/744	Avg reward: -19.45	Avg steps: 1085
2020-07-21 21:09:42,415	INFO	Total steps: 128196	Episode: 120/1354	Avg reward: -19.50	Avg steps: 1238
2020-07-21 21:18:43,487	INFO	Total steps: 149973	Episode: 140/1062	Avg reward: -19.45	Avg steps: 1087
2020-07-21 21:29:38,471	INFO	Total steps: 176282	Episode: 160/1574	Avg reward: -19.25	Avg steps: 1314
2020-07-21 21:41:48,286	INFO	Total steps: 205296	Episode: 180/1284	Avg reward: -19.25	Avg steps: 1449
2020-07-21 21:52:38,422	INFO	Total steps: 231277	Episode: 200/1052	Avg reward: -19.30	Avg steps: 1298
2020-07-21 22:02:42,369	INFO	Total steps: 255447	Episode: 220/1595	Avg reward: -19.55	Avg steps: 1207
2020-07-21 22:13:38,313	INFO	Total steps: 281857	Episode: 240/2284	Avg reward: -19.25	Avg steps: 1319
2020-07-21 22:27:48,423	INFO	Total steps: 315922	Episode: 260/2715	Avg reward: -19.20	Avg steps: 1702
2020-07-21 22:40:29,003	INFO	Total steps: 346363	Episode: 280/1476	Avg reward: -19.05	Avg steps: 1521
2020-07-21 22:50:39,235	INFO	Total steps: 370724	Episode: 300/1687	Avg reward: -19.30	Avg steps: 1217
2020-07-21 23:05:27,762	INFO	Total steps: 406218	Episode: 320/2201	Avg reward: -19.05	Avg steps: 1773
2020-07-21 23:19:36,472	INFO	Total steps: 440059	Episode: 340/1349	Avg reward: -19.60	Avg steps: 1691
2020-07-21 23:33:22,820	INFO	Total steps: 473010	Episode: 360/1315	Avg reward: -19.15	Avg steps: 1646
2020-07-21 23:50:31,826	INFO	Total steps: 514120	Episode: 380/2598	Avg reward: -19.10	Avg steps: 2054
2020-07-22 00:08:12,443	INFO	Total steps: 557382	Episode: 400/2005	Avg reward: -19.55	Avg steps: 2162
2020-07-22 00:25:39,073	INFO	Total steps: 599872	Episode: 420/1777	Avg reward: -18.95	Avg steps: 2123
2020-07-22 00:45:18,586	INFO	Total steps: 647038	Episode: 440/3053	Avg reward: -19.35	Avg steps: 2357
2020-07-22 01:04:30,182	INFO	Total steps: 693053	Episode: 460/2636	Avg reward: -19.00	Avg steps: 2299
2020-07-22 01:26:36,029	INFO	Total steps: 745805	Episode: 480/2596	Avg reward: -18.75	Avg steps: 2636
2020-07-22 01:45:48,930	INFO	Total steps: 791512	Episode: 500/1687	Avg reward: -19.00	Avg steps: 2284
2020-07-22 02:05:39,586	INFO	Total steps: 838647	Episode: 520/2437	Avg reward: -18.85	Avg steps: 2355
2020-07-22 02:29:11,766	INFO	Total steps: 894137	Episode: 540/3332	Avg reward: -19.05	Avg steps: 2773
2020-07-22 02:55:20,947	INFO	Total steps: 955722	Episode: 560/3048	Avg reward: -19.20	Avg steps: 3078
2020-07-22 03:18:10,950	INFO	Total steps: 1009810	Episode: 580/1505	Avg reward: -18.85	Avg steps: 2703
2020-07-22 03:40:34,940	INFO	Total steps: 1062734	Episode: 600/2427	Avg reward: -18.75	Avg steps: 2645
2020-07-22 04:03:01,716	INFO	Total steps: 1115294	Episode: 620/3459	Avg reward: -18.55	Avg steps: 2627
2020-07-22 04:28:39,662	INFO	Total steps: 1175862	Episode: 640/2707	Avg reward: -18.70	Avg steps: 3027
2020-07-22 04:53:16,123	INFO	Total steps: 1234236	Episode: 660/2660	Avg reward: -18.05	Avg steps: 2917
2020-07-22 05:17:37,023	INFO	Total steps: 1292212	Episode: 680/2252	Avg reward: -18.60	Avg steps: 2897
2020-07-22 05:42:16,043	INFO	Total steps: 1351041	Episode: 700/3058	Avg reward: -18.75	Avg steps: 2940
2020-07-22 06:07:49,038	INFO	Total steps: 1411786	Episode: 720/3150	Avg reward: -18.40	Avg steps: 3036
2020-07-22 06:31:09,734	INFO	Total steps: 1467195	Episode: 740/1789	Avg reward: -18.65	Avg steps: 2769
2020-07-22 06:55:55,968	INFO	Total steps: 1525916	Episode: 760/3044	Avg reward: -18.30	Avg steps: 2935
2020-07-22 07:17:37,354	INFO	Total steps: 1577040	Episode: 780/2329	Avg reward: -18.65	Avg steps: 2555
2020-07-22 07:40:16,375	INFO	Total steps: 1630236	Episode: 800/3380	Avg reward: -18.85	Avg steps: 2658
2020-07-22 08:02:01,248	INFO	Total steps: 1681558	Episode: 820/4500	Avg reward: -18.40	Avg steps: 2565
2020-07-22 08:23:02,641	INFO	Total steps: 1731058	Episode: 840/2146	Avg reward: -18.85	Avg steps: 2474
2020-07-22 08:41:13,805	INFO	Total steps: 1773920	Episode: 860/1544	Avg reward: -19.00	Avg steps: 2142
2020-07-22 09:00:13,504	INFO	Total steps: 1818643	Episode: 880/2810	Avg reward: -18.85	Avg steps: 2235
2020-07-22 09:25:04,644	INFO	Total steps: 1877006	Episode: 900/2007	Avg reward: -18.55	Avg steps: 2917
2020-07-22 09:48:05,597	INFO	Total steps: 1931025	Episode: 920/2338	Avg reward: -18.55	Avg steps: 2699
2020-07-22 10:09:47,258	INFO	Total steps: 1981868	Episode: 940/4370	Avg reward: -18.40	Avg steps: 2541
2020-07-22 10:34:42,297	INFO	Total steps: 2040175	Episode: 960/3152	Avg reward: -18.70	Avg steps: 2914
2020-07-22 10:52:39,707	INFO	Total steps: 2082192	Episode: 980/2304	Avg reward: -18.20	Avg steps: 2099
2020-07-22 11:11:54,590	INFO	Total steps: 2127436	Episode: 1000/3060	Avg reward: -18.85	Avg steps: 2261
2020-07-22 11:31:01,730	INFO	Total steps: 2172465	Episode: 1020/1363	Avg reward: -18.75	Avg steps: 2250
2020-07-22 11:50:44,265	INFO	Total steps: 2218857	Episode: 1040/2508	Avg reward: -18.50	Avg steps: 2318
2020-07-22 12:11:52,584	INFO	Total steps: 2268765	Episode: 1060/2273	Avg reward: -18.85	Avg steps: 2494
2020-07-22 12:34:36,315	INFO	Total steps: 2322252	Episode: 1080/2101	Avg reward: -18.55	Avg steps: 2673
2020-07-22 13:00:03,590	INFO	Total steps: 2382262	Episode: 1100/3775	Avg reward: -18.15	Avg steps: 2999
2020-07-22 13:26:49,712	INFO	Total steps: 2445098	Episode: 1120/2607	Avg reward: -17.95	Avg steps: 3140
2020-07-22 13:52:01,408	INFO	Total steps: 2504342	Episode: 1140/3207	Avg reward: -18.45	Avg steps: 2961
2020-07-22 14:17:07,249	INFO	Total steps: 2563287	Episode: 1160/2736	Avg reward: -18.40	Avg steps: 2946
2020-07-22 14:40:01,888	INFO	Total steps: 2617102	Episode: 1180/1973	Avg reward: -18.50	Avg steps: 2689
2020-07-22 15:03:14,037	INFO	Total steps: 2671533	Episode: 1200/4286	Avg reward: -18.45	Avg steps: 2720
2020-07-22 15:23:22,154	INFO	Total steps: 2718770	Episode: 1220/2268	Avg reward: -18.75	Avg steps: 2360
2020-07-22 15:45:48,455	INFO	Total steps: 2771533	Episode: 1240/4096	Avg reward: -18.45	Avg steps: 2637
2020-07-22 16:11:15,824	INFO	Total steps: 2831320	Episode: 1260/4006	Avg reward: -18.10	Avg steps: 2988
2020-07-22 16:33:26,625	INFO	Total steps: 2883312	Episode: 1280/3264	Avg reward: -18.10	Avg steps: 2598
2020-07-22 16:55:08,040	INFO	Total steps: 2934071	Episode: 1300/2368	Avg reward: -18.05	Avg steps: 2536
2020-07-22 17:17:04,643	INFO	Total steps: 2985173	Episode: 1320/2414	Avg reward: -18.65	Avg steps: 2554
2020-07-22 17:39:59,832	INFO	Total steps: 3038014	Episode: 1340/2673	Avg reward: -18.40	Avg steps: 2641
2020-07-22 18:04:41,377	INFO	Total steps: 3094459	Episode: 1360/2217	Avg reward: -18.40	Avg steps: 2821
2020-07-22 18:28:03,702	INFO	Total steps: 3147336	Episode: 1380/2898	Avg reward: -17.90	Avg steps: 2642
2020-07-22 18:52:36,837	INFO	Total steps: 3203217	Episode: 1400/3018	Avg reward: -18.20	Avg steps: 2793
2020-07-22 19:18:53,648	INFO	Total steps: 3262561	Episode: 1420/3147	Avg reward: -18.20	Avg steps: 2966
2020-07-22 19:42:31,806	INFO	Total steps: 3316008	Episode: 1440/3587	Avg reward: -18.50	Avg steps: 2671
2020-07-22 20:07:11,130	INFO	Total steps: 3371725	Episode: 1460/4159	Avg reward: -17.60	Avg steps: 2784
2020-07-22 20:33:23,392	INFO	Total steps: 3430938	Episode: 1480/2889	Avg reward: -18.30	Avg steps: 2959
2020-07-22 20:57:36,917	INFO	Total steps: 3485716	Episode: 1500/3668	Avg reward: -18.25	Avg steps: 2737
2020-07-22 21:20:08,438	INFO	Total steps: 3537090	Episode: 1520/3284	Avg reward: -18.35	Avg steps: 2567
2020-07-22 21:44:04,348	INFO	Total steps: 3592565	Episode: 1540/2190	Avg reward: -18.10	Avg steps: 2772
2020-07-22 22:03:27,542	INFO	Total steps: 3637658	Episode: 1560/2176	Avg reward: -18.30	Avg steps: 2253
2020-07-22 22:30:02,182	INFO	Total steps: 3699571	Episode: 1580/2775	Avg reward: -18.20	Avg steps: 3094
2020-07-22 22:53:44,514	INFO	Total steps: 3753588	Episode: 1600/3442	Avg reward: -18.15	Avg steps: 2699
2020-07-22 23:19:54,922	INFO	Total steps: 3812514	Episode: 1620/3240	Avg reward: -18.25	Avg steps: 2945
2020-07-22 23:47:11,442	INFO	Total steps: 3874107	Episode: 1640/4228	Avg reward: -18.50	Avg steps: 3078
2020-07-23 00:13:09,872	INFO	Total steps: 3932877	Episode: 1660/2499	Avg reward: -18.00	Avg steps: 2937
2020-07-23 00:37:33,303	INFO	Total steps: 3988126	Episode: 1680/3370	Avg reward: -17.60	Avg steps: 2761
2020-07-23 01:01:25,906	INFO	Total steps: 4042035	Episode: 1700/3603	Avg reward: -17.80	Avg steps: 2694
2020-07-23 01:24:29,632	INFO	Total steps: 4094088	Episode: 1720/2312	Avg reward: -18.30	Avg steps: 2601
2020-07-23 01:46:56,732	INFO	Total steps: 4144568	Episode: 1740/1781	Avg reward: -18.50	Avg steps: 2523
2020-07-23 02:10:56,528	INFO	Total steps: 4198475	Episode: 1760/2191	Avg reward: -18.15	Avg steps: 2694
2020-07-23 02:34:10,780	INFO	Total steps: 4250799	Episode: 1780/1373	Avg reward: -18.05	Avg steps: 2615
2020-07-23 02:58:44,387	INFO	Total steps: 4306093	Episode: 1800/1897	Avg reward: -18.40	Avg steps: 2763
2020-07-23 03:20:48,309	INFO	Total steps: 4355481	Episode: 1820/2416	Avg reward: -18.75	Avg steps: 2468
2020-07-23 03:41:55,891	INFO	Total steps: 4402266	Episode: 1840/1450	Avg reward: -18.35	Avg steps: 2338
2020-07-23 04:07:22,698	INFO	Total steps: 4458749	Episode: 1860/3112	Avg reward: -17.85	Avg steps: 2823
2020-07-23 04:30:12,793	INFO	Total steps: 4509286	Episode: 1880/3195	Avg reward: -18.50	Avg steps: 2525
2020-07-23 04:53:57,710	INFO	Total steps: 4561607	Episode: 1900/2413	Avg reward: -18.15	Avg steps: 2615
2020-07-23 05:17:28,554	INFO	Total steps: 4613773	Episode: 1920/2222	Avg reward: -17.80	Avg steps: 2607
2020-07-23 05:40:06,847	INFO	Total steps: 4664120	Episode: 1940/2837	Avg reward: -18.75	Avg steps: 2516
2020-07-23 06:06:08,963	INFO	Total steps: 4721895	Episode: 1960/3225	Avg reward: -17.90	Avg steps: 2887
2020-07-23 06:34:29,985	INFO	Total steps: 4784953	Episode: 1980/3279	Avg reward: -17.95	Avg steps: 3151
2020-07-23 06:57:22,303	INFO	Total steps: 4836269	Episode: 2000/2234	Avg reward: -18.05	Avg steps: 2564
2020-07-23 07:20:38,533	INFO	Total steps: 4888301	Episode: 2020/1593	Avg reward: -17.95	Avg steps: 2600
2020-07-23 07:43:00,213	INFO	Total steps: 4938314	Episode: 2040/2093	Avg reward: -18.65	Avg steps: 2499
2020-07-23 08:03:06,465	INFO	Total steps: 4983254	Episode: 2060/2377	Avg reward: -17.85	Avg steps: 2246
2020-07-23 08:27:57,845	INFO	Total steps: 5038696	Episode: 2080/2925	Avg reward: -18.30	Avg steps: 2771
2020-07-23 08:52:37,386	INFO	Total steps: 5093702	Episode: 2100/3516	Avg reward: -18.25	Avg steps: 2749
2020-07-23 09:17:29,220	INFO	Total steps: 5149194	Episode: 2120/1281	Avg reward: -17.25	Avg steps: 2773
2020-07-23 09:41:35,630	INFO	Total steps: 5203122	Episode: 2140/2855	Avg reward: -17.70	Avg steps: 2695
2020-07-23 10:03:37,946	INFO	Total steps: 5252380	Episode: 2160/2729	Avg reward: -18.50	Avg steps: 2461
2020-07-23 10:28:00,974	INFO	Total steps: 5307034	Episode: 2180/2301	Avg reward: -17.70	Avg steps: 2731
2020-07-23 10:55:02,846	INFO	Total steps: 5367637	Episode: 2200/5436	Avg reward: -17.55	Avg steps: 3029
2020-07-23 11:20:54,145	INFO	Total steps: 5425529	Episode: 2220/1658	Avg reward: -17.65	Avg steps: 2893
2020-07-23 11:44:11,925	INFO	Total steps: 5477809	Episode: 2240/2824	Avg reward: -18.35	Avg steps: 2613
2020-07-23 12:07:31,035	INFO	Total steps: 5529930	Episode: 2260/1904	Avg reward: -17.65	Avg steps: 2605
2020-07-23 12:29:28,166	INFO	Total steps: 5579012	Episode: 2280/2535	Avg reward: -17.55	Avg steps: 2453
2020-07-23 12:50:50,807	INFO	Total steps: 5626862	Episode: 2300/2359	Avg reward: -17.55	Avg steps: 2391
2020-07-23 13:14:05,582	INFO	Total steps: 5678920	Episode: 2320/2709	Avg reward: -17.90	Avg steps: 2601
2020-07-23 13:37:42,028	INFO	Total steps: 5731825	Episode: 2340/1992	Avg reward: -18.35	Avg steps: 2644
2020-07-23 14:01:03,595	INFO	Total steps: 5784241	Episode: 2360/2669	Avg reward: -17.55	Avg steps: 2619
2020-07-23 14:27:09,346	INFO	Total steps: 5842584	Episode: 2380/1986	Avg reward: -17.55	Avg steps: 2916
2020-07-23 14:44:57,611	INFO	Total steps: 5882424	Episode: 2400/1793	Avg reward: -18.80	Avg steps: 1991
2020-07-23 15:04:27,319	INFO	Total steps: 5926027	Episode: 2420/1495	Avg reward: -18.65	Avg steps: 2179
2020-07-23 15:25:47,178	INFO	Total steps: 5973634	Episode: 2440/2022	Avg reward: -18.20	Avg steps: 2379
2020-07-23 15:47:47,273	INFO	Total steps: 6022797	Episode: 2460/1908	Avg reward: -17.55	Avg steps: 2457
2020-07-23 16:10:05,779	INFO	Total steps: 6072676	Episode: 2480/1221	Avg reward: -18.05	Avg steps: 2492
2020-07-23 16:38:29,949	INFO	Total steps: 6135516	Episode: 2500/2112	Avg reward: -17.95	Avg steps: 3141
2020-07-23 17:04:45,009	INFO	Total steps: 6194010	Episode: 2520/2360	Avg reward: -18.05	Avg steps: 2923
2020-07-23 17:31:21,759	INFO	Total steps: 6253562	Episode: 2540/2717	Avg reward: -18.05	Avg steps: 2976
2020-07-23 18:02:11,509	INFO	Total steps: 6322278	Episode: 2560/1569	Avg reward: -18.25	Avg steps: 3434
2020-07-23 18:32:42,752	INFO	Total steps: 6389948	Episode: 2580/4722	Avg reward: -18.25	Avg steps: 3382
2020-07-23 19:03:27,016	INFO	Total steps: 6458690	Episode: 2600/3784	Avg reward: -18.35	Avg steps: 3436
2020-07-23 19:37:04,367	INFO	Total steps: 6533826	Episode: 2620/3348	Avg reward: -18.30	Avg steps: 3755
2020-07-23 20:16:26,864	INFO	Total steps: 6621826	Episode: 2640/7055	Avg reward: -18.05	Avg steps: 4399
2020-07-23 20:50:21,809	INFO	Total steps: 6697677	Episode: 2660/3233	Avg reward: -17.95	Avg steps: 3791
2020-07-23 21:28:41,797	INFO	Total steps: 6783337	Episode: 2680/4505	Avg reward: -18.25	Avg steps: 4282
2020-07-23 22:13:58,723	INFO	Total steps: 6884576	Episode: 2700/5451	Avg reward: -18.35	Avg steps: 5060
2020-07-23 23:02:10,801	INFO	Total steps: 6992043	Episode: 2720/7514	Avg reward: -17.15	Avg steps: 5372
2020-07-23 23:45:49,792	INFO	Total steps: 7089551	Episode: 2740/6577	Avg reward: -17.35	Avg steps: 4874
2020-07-24 00:29:13,355	INFO	Total steps: 7186485	Episode: 2760/3748	Avg reward: -17.95	Avg steps: 4845
2020-07-24 01:11:12,981	INFO	Total steps: 7280478	Episode: 2780/2630	Avg reward: -17.85	Avg steps: 4698
2020-07-24 01:54:11,731	INFO	Total steps: 7376524	Episode: 2800/3985	Avg reward: -17.55	Avg steps: 4801
2020-07-24 02:26:41,678	INFO	Total steps: 7449366	Episode: 2820/2828	Avg reward: -18.10	Avg steps: 3641
2020-07-24 02:55:07,425	INFO	Total steps: 7512898	Episode: 2840/2562	Avg reward: -17.90	Avg steps: 3175
2020-07-24 03:21:26,237	INFO	Total steps: 7571688	Episode: 2860/3612	Avg reward: -17.85	Avg steps: 2938
2020-07-24 03:50:45,314	INFO	Total steps: 7637101	Episode: 2880/3154	Avg reward: -18.15	Avg steps: 3269
2020-07-24 04:17:21,826	INFO	Total steps: 7695996	Episode: 2900/2843	Avg reward: -18.40	Avg steps: 2943
2020-07-24 04:47:14,963	INFO	Total steps: 7762252	Episode: 2920/2082	Avg reward: -17.70	Avg steps: 3311
2020-07-24 05:27:58,521	INFO	Total steps: 7852772	Episode: 2940/6994	Avg reward: -17.10	Avg steps: 4525
2020-07-24 06:00:38,483	INFO	Total steps: 7927458	Episode: 2960/3659	Avg reward: -17.85	Avg steps: 3733
2020-07-24 06:22:42,584	INFO	Total steps: 7984021	Episode: 2980/2658	Avg reward: -18.20	Avg steps: 2827
2020-07-24 06:49:04,832	INFO	Total steps: 8051589	Episode: 3000/2230	Avg reward: -18.50	Avg steps: 3377
2020-07-24 07:17:21,912	INFO	Total steps: 8123409	Episode: 3020/3127	Avg reward: -17.20	Avg steps: 3590
2020-07-24 07:47:44,676	INFO	Total steps: 8201104	Episode: 3040/3897	Avg reward: -18.05	Avg steps: 3883
2020-07-24 08:17:25,282	INFO	Total steps: 8277382	Episode: 3060/4142	Avg reward: -18.15	Avg steps: 3812
2020-07-24 08:45:35,987	INFO	Total steps: 8349601	Episode: 3080/5358	Avg reward: -18.35	Avg steps: 3609
2020-07-24 09:11:04,980	INFO	Total steps: 8414979	Episode: 3100/3789	Avg reward: -17.90	Avg steps: 3267
2020-07-24 09:38:24,628	INFO	Total steps: 8484956	Episode: 3120/2449	Avg reward: -17.30	Avg steps: 3497
2020-07-24 10:03:47,599	INFO	Total steps: 8550043	Episode: 3140/3329	Avg reward: -18.10	Avg steps: 3253
2020-07-24 10:27:49,355	INFO	Total steps: 8611530	Episode: 3160/3035	Avg reward: -17.70	Avg steps: 3073
2020-07-24 10:59:57,320	INFO	Total steps: 8693934	Episode: 3180/2966	Avg reward: -17.85	Avg steps: 4119
2020-07-24 11:20:23,559	INFO	Total steps: 8746364	Episode: 3200/2006	Avg reward: -18.70	Avg steps: 2620
2020-07-24 11:49:28,273	INFO	Total steps: 8820876	Episode: 3220/4120	Avg reward: -17.80	Avg steps: 3724
2020-07-24 12:28:05,613	INFO	Total steps: 8920343	Episode: 3240/3882	Avg reward: -16.65	Avg steps: 4972
2020-07-24 13:03:23,761	INFO	Total steps: 9010838	Episode: 3260/3605	Avg reward: -17.25	Avg steps: 4523
2020-07-24 13:43:00,443	INFO	Total steps: 9112262	Episode: 3280/5683	Avg reward: -17.95	Avg steps: 5070
2020-07-24 14:30:36,851	INFO	Total steps: 9233967	Episode: 3300/4188	Avg reward: -17.30	Avg steps: 6084
2020-07-24 15:06:12,992	INFO	Total steps: 9325148	Episode: 3320/4522	Avg reward: -17.95	Avg steps: 4558
2020-07-24 15:37:33,054	INFO	Total steps: 9413537	Episode: 3340/4168	Avg reward: -17.85	Avg steps: 4418
2020-07-24 16:06:55,892	INFO	Total steps: 9500000	Episode: 3360/5999	Avg reward: -18.00	Avg steps: 4322
2020-07-24 16:36:09,577	INFO	Total steps: 9585621	Episode: 3380/4927	Avg reward: -17.90	Avg steps: 4280
2020-07-24 17:02:41,358	INFO	Total steps: 9663236	Episode: 3400/4034	Avg reward: -17.40	Avg steps: 3879
2020-07-24 17:29:35,401	INFO	Total steps: 9741713	Episode: 3420/3657	Avg reward: -17.85	Avg steps: 3922
2020-07-24 17:50:31,604	INFO	Total steps: 9803022	Episode: 3440/3286	Avg reward: -18.35	Avg steps: 3064
2020-07-24 18:18:32,912	INFO	Total steps: 9885041	Episode: 3460/2494	Avg reward: -18.05	Avg steps: 4099
2020-07-24 18:48:17,149	INFO	Total steps: 9972280	Episode: 3480/5628	Avg reward: -17.65	Avg steps: 4360
2020-07-24 19:38:10,920	INFO	Total steps: 10118012	Episode: 3500/7131	Avg reward: -17.30	Avg steps: 7285
2020-07-24 20:14:17,745	INFO	Total steps: 10224109	Episode: 3520/4535	Avg reward: -17.15	Avg steps: 5303
2020-07-24 20:53:49,340	INFO	Total steps: 10340356	Episode: 3540/2386	Avg reward: -16.25	Avg steps: 5811
2020-07-24 21:27:44,969	INFO	Total steps: 10439742	Episode: 3560/3901	Avg reward: -16.40	Avg steps: 4968
2020-07-24 22:03:20,530	INFO	Total steps: 10544588	Episode: 3580/3527	Avg reward: -16.90	Avg steps: 5241
2020-07-24 22:51:51,382	INFO	Total steps: 10687282	Episode: 3600/4114	Avg reward: -15.95	Avg steps: 7133
2020-07-24 23:38:34,884	INFO	Total steps: 10824203	Episode: 3620/7111	Avg reward: -16.85	Avg steps: 6845
2020-07-25 00:50:31,063	INFO	Total steps: 11033339	Episode: 3640/5895	Avg reward: -17.20	Avg steps: 10455
2020-07-25 01:37:19,446	INFO	Total steps: 11169593	Episode: 3660/7017	Avg reward: -17.40	Avg steps: 6811
2020-07-25 02:21:20,799	INFO	Total steps: 11297991	Episode: 3680/4482	Avg reward: -16.65	Avg steps: 6418
2020-07-25 03:04:28,244	INFO	Total steps: 11423624	Episode: 3700/8072	Avg reward: -18.05	Avg steps: 6280
2020-07-25 03:47:19,593	INFO	Total steps: 11548669	Episode: 3720/8368	Avg reward: -17.10	Avg steps: 6251
2020-07-25 04:25:16,923	INFO	Total steps: 11659205	Episode: 3740/2927	Avg reward: -17.45	Avg steps: 5525
2020-07-25 05:01:08,994	INFO	Total steps: 11775488	Episode: 3760/10619	Avg reward: -17.90	Avg steps: 5813
2020-07-25 05:33:30,099	INFO	Total steps: 11883255	Episode: 3780/5405	Avg reward: -17.45	Avg steps: 5387
2020-07-25 06:04:23,856	INFO	Total steps: 11986021	Episode: 3800/7483	Avg reward: -16.80	Avg steps: 5137
2020-07-25 06:38:47,963	INFO	Total steps: 12100188	Episode: 3820/7590	Avg reward: -17.80	Avg steps: 5707
2020-07-25 07:03:46,323	INFO	Total steps: 12182870	Episode: 3840/3001	Avg reward: -18.30	Avg steps: 4133
2020-07-25 07:24:13,697	INFO	Total steps: 12250531	Episode: 3860/2731	Avg reward: -18.45	Avg steps: 3382
2020-07-25 07:52:48,740	INFO	Total steps: 12345835	Episode: 3880/3123	Avg reward: -17.35	Avg steps: 4764
2020-07-25 08:22:39,025	INFO	Total steps: 12444696	Episode: 3900/3476	Avg reward: -18.40	Avg steps: 4942
2020-07-25 08:54:17,385	INFO	Total steps: 12550555	Episode: 3920/6804	Avg reward: -16.65	Avg steps: 5291
2020-07-25 09:19:16,061	INFO	Total steps: 12633970	Episode: 3940/4413	Avg reward: -17.55	Avg steps: 4169
2020-07-25 09:53:03,796	INFO	Total steps: 12746894	Episode: 3960/9090	Avg reward: -17.30	Avg steps: 5645
2020-07-25 10:29:25,485	INFO	Total steps: 12868881	Episode: 3980/7605	Avg reward: -16.60	Avg steps: 6098
2020-07-25 11:11:53,531	INFO	Total steps: 13011716	Episode: 4000/14161	Avg reward: -17.65	Avg steps: 7140
