2020-07-19 16:25:02,856	INFO	--width 160 --height 160 --ball 3.0 --ball-size 2.0 --snell 3.0 --snell-width 40.0 --snell-change 0 --snell-visible none --paddle-speed 3.0 --paddle-angle 45.0 --paddle-length 45.0 --update-prob 0.2 --state binary --learning-rate 0.0001 --network dqn_pong_model --render False --epsdecay 1000 --episodes 6000 --replay 10000 --checkpoint dqn_pong_model --history history.p --store-dir ../experiments/exactorcritic 
2020-07-19 16:25:02,856	INFO	Device: cuda
2020-07-19 16:25:06,789	INFO	Training the Policy gradient model
2020-07-19 16:26:19,507	INFO	Total steps: 0	Episode: 20/398	Avg reward: -17.80	Avg steps: 393
2020-07-19 16:27:20,909	INFO	Total steps: 0	Episode: 40/286	Avg reward: -18.40	Avg steps: 333
2020-07-19 16:28:26,930	INFO	Total steps: 0	Episode: 60/218	Avg reward: -18.05	Avg steps: 358
2020-07-19 16:29:38,235	INFO	Total steps: 0	Episode: 80/401	Avg reward: -18.00	Avg steps: 386
2020-07-19 16:30:55,066	INFO	Total steps: 0	Episode: 100/313	Avg reward: -17.40	Avg steps: 415
2020-07-19 16:31:59,226	INFO	Total steps: 0	Episode: 120/269	Avg reward: -18.45	Avg steps: 344
2020-07-19 16:33:05,253	INFO	Total steps: 0	Episode: 140/356	Avg reward: -18.30	Avg steps: 357
2020-07-19 16:34:11,928	INFO	Total steps: 0	Episode: 160/364	Avg reward: -17.40	Avg steps: 360
2020-07-19 16:35:29,711	INFO	Total steps: 0	Episode: 180/507	Avg reward: -17.75	Avg steps: 417
2020-07-19 16:36:35,487	INFO	Total steps: 0	Episode: 200/247	Avg reward: -18.25	Avg steps: 350
2020-07-19 16:37:41,677	INFO	Total steps: 0	Episode: 220/430	Avg reward: -18.40	Avg steps: 352
2020-07-19 16:38:52,807	INFO	Total steps: 0	Episode: 240/445	Avg reward: -17.90	Avg steps: 381
2020-07-19 16:39:57,429	INFO	Total steps: 0	Episode: 260/306	Avg reward: -18.15	Avg steps: 347
2020-07-19 16:41:06,284	INFO	Total steps: 0	Episode: 280/350	Avg reward: -18.50	Avg steps: 370
2020-07-19 16:42:06,955	INFO	Total steps: 0	Episode: 300/347	Avg reward: -18.60	Avg steps: 325
2020-07-19 16:43:17,964	INFO	Total steps: 0	Episode: 320/312	Avg reward: -16.90	Avg steps: 379
2020-07-19 16:44:20,755	INFO	Total steps: 0	Episode: 340/401	Avg reward: -18.90	Avg steps: 335
2020-07-19 16:45:32,228	INFO	Total steps: 0	Episode: 360/510	Avg reward: -17.65	Avg steps: 384
2020-07-19 16:47:05,945	INFO	Total steps: 0	Episode: 380/619	Avg reward: -16.55	Avg steps: 504
2020-07-19 16:48:38,581	INFO	Total steps: 0	Episode: 400/371	Avg reward: -15.85	Avg steps: 497
2020-07-19 16:50:22,303	INFO	Total steps: 0	Episode: 420/550	Avg reward: -15.25	Avg steps: 561
2020-07-19 16:52:13,870	INFO	Total steps: 0	Episode: 440/502	Avg reward: -15.45	Avg steps: 604
2020-07-19 16:54:00,289	INFO	Total steps: 0	Episode: 460/368	Avg reward: -14.80	Avg steps: 576
2020-07-19 16:55:50,751	INFO	Total steps: 0	Episode: 480/618	Avg reward: -15.10	Avg steps: 598
2020-07-19 16:57:35,112	INFO	Total steps: 0	Episode: 500/570	Avg reward: -14.85	Avg steps: 564
2020-07-19 16:59:17,100	INFO	Total steps: 0	Episode: 520/478	Avg reward: -16.30	Avg steps: 550
2020-07-19 17:01:06,665	INFO	Total steps: 0	Episode: 540/593	Avg reward: -15.25	Avg steps: 593
2020-07-19 17:03:05,299	INFO	Total steps: 0	Episode: 560/767	Avg reward: -14.30	Avg steps: 643
2020-07-19 17:05:11,095	INFO	Total steps: 0	Episode: 580/690	Avg reward: -14.30	Avg steps: 681
2020-07-19 17:07:13,433	INFO	Total steps: 0	Episode: 600/827	Avg reward: -14.45	Avg steps: 662
2020-07-19 17:09:13,199	INFO	Total steps: 0	Episode: 620/535	Avg reward: -14.75	Avg steps: 646
2020-07-19 17:10:57,824	INFO	Total steps: 0	Episode: 640/702	Avg reward: -15.30	Avg steps: 563
2020-07-19 17:12:57,855	INFO	Total steps: 0	Episode: 660/716	Avg reward: -13.95	Avg steps: 649
2020-07-19 17:15:02,483	INFO	Total steps: 0	Episode: 680/678	Avg reward: -13.55	Avg steps: 671
2020-07-19 17:17:12,290	INFO	Total steps: 0	Episode: 700/788	Avg reward: -14.30	Avg steps: 699
2020-07-19 17:20:00,456	INFO	Total steps: 0	Episode: 720/1037	Avg reward: -13.85	Avg steps: 883
2020-07-19 17:23:16,641	INFO	Total steps: 0	Episode: 740/1197	Avg reward: -12.15	Avg steps: 1054
2020-07-19 17:26:34,137	INFO	Total steps: 0	Episode: 760/1030	Avg reward: -12.20	Avg steps: 1067
2020-07-19 17:29:27,902	INFO	Total steps: 0	Episode: 780/1210	Avg reward: -12.80	Avg steps: 936
2020-07-19 17:32:40,985	INFO	Total steps: 0	Episode: 800/1015	Avg reward: -10.25	Avg steps: 1042
2020-07-19 17:35:56,643	INFO	Total steps: 0	Episode: 820/1149	Avg reward: -12.05	Avg steps: 1058
2020-07-19 17:39:52,223	INFO	Total steps: 0	Episode: 840/1317	Avg reward: -11.10	Avg steps: 1285
2020-07-19 17:44:05,329	INFO	Total steps: 0	Episode: 860/896	Avg reward: -11.85	Avg steps: 1382
2020-07-19 17:48:03,792	INFO	Total steps: 0	Episode: 880/1244	Avg reward: -11.45	Avg steps: 1297
2020-07-19 17:51:15,719	INFO	Total steps: 0	Episode: 900/1153	Avg reward: -14.20	Avg steps: 1039
2020-07-19 17:54:40,609	INFO	Total steps: 0	Episode: 920/1048	Avg reward: -13.00	Avg steps: 1115
2020-07-19 17:58:19,738	INFO	Total steps: 0	Episode: 940/1016	Avg reward: -13.35	Avg steps: 1196
2020-07-19 18:02:22,625	INFO	Total steps: 0	Episode: 960/1044	Avg reward: -11.55	Avg steps: 1309
2020-07-19 18:06:01,633	INFO	Total steps: 0	Episode: 980/1147	Avg reward: -12.95	Avg steps: 1180
2020-07-19 18:10:48,824	INFO	Total steps: 0	Episode: 1000/1219	Avg reward: -11.35	Avg steps: 1544
2020-07-19 18:14:37,493	INFO	Total steps: 0	Episode: 1020/1049	Avg reward: -12.80	Avg steps: 1178
2020-07-19 18:17:45,308	INFO	Total steps: 0	Episode: 1040/879	Avg reward: -13.80	Avg steps: 981
2020-07-19 18:20:59,571	INFO	Total steps: 0	Episode: 1060/1014	Avg reward: -13.00	Avg steps: 1040
2020-07-19 18:24:12,995	INFO	Total steps: 0	Episode: 1080/980	Avg reward: -13.70	Avg steps: 1033
2020-07-19 18:28:19,474	INFO	Total steps: 0	Episode: 1100/650	Avg reward: -13.90	Avg steps: 1322
2020-07-19 18:31:16,318	INFO	Total steps: 0	Episode: 1120/1247	Avg reward: -14.80	Avg steps: 937
2020-07-19 18:34:18,961	INFO	Total steps: 0	Episode: 1140/987	Avg reward: -12.15	Avg steps: 972
2020-07-19 18:37:17,440	INFO	Total steps: 0	Episode: 1160/993	Avg reward: -13.00	Avg steps: 952
2020-07-19 18:41:39,774	INFO	Total steps: 0	Episode: 1180/1661	Avg reward: -10.80	Avg steps: 1404
2020-07-19 18:46:39,445	INFO	Total steps: 0	Episode: 1200/1682	Avg reward: -10.50	Avg steps: 1606
2020-07-19 18:51:58,509	INFO	Total steps: 0	Episode: 1220/1554	Avg reward: -11.55	Avg steps: 1704
2020-07-19 18:58:07,612	INFO	Total steps: 0	Episode: 1240/1884	Avg reward: -9.55	Avg steps: 1938
2020-07-19 19:03:52,800	INFO	Total steps: 0	Episode: 1260/1092	Avg reward: -10.60	Avg steps: 1848
2020-07-19 19:08:55,401	INFO	Total steps: 0	Episode: 1280/1848	Avg reward: -11.40	Avg steps: 1608
2020-07-19 19:14:48,812	INFO	Total steps: 0	Episode: 1300/1677	Avg reward: -8.20	Avg steps: 1890
2020-07-19 19:19:57,196	INFO	Total steps: 0	Episode: 1320/2256	Avg reward: -10.45	Avg steps: 1641
2020-07-19 19:25:58,985	INFO	Total steps: 0	Episode: 1340/2302	Avg reward: -8.25	Avg steps: 1948
2020-07-19 19:32:03,510	INFO	Total steps: 0	Episode: 1360/2057	Avg reward: -7.45	Avg steps: 1951
2020-07-19 19:38:07,864	INFO	Total steps: 0	Episode: 1380/1871	Avg reward: -6.70	Avg steps: 1953
2020-07-19 19:44:18,254	INFO	Total steps: 0	Episode: 1400/1764	Avg reward: -8.90	Avg steps: 1900
2020-07-19 19:51:30,731	INFO	Total steps: 0	Episode: 1420/2084	Avg reward: -7.90	Avg steps: 2293
2020-07-19 19:59:13,279	INFO	Total steps: 0	Episode: 1440/2615	Avg reward: -8.60	Avg steps: 2485
2020-07-19 20:07:56,277	INFO	Total steps: 0	Episode: 1460/1922	Avg reward: -7.85	Avg steps: 2721
2020-07-19 20:16:11,038	INFO	Total steps: 0	Episode: 1480/2455	Avg reward: -8.40	Avg steps: 2614
2020-07-19 20:25:28,925	INFO	Total steps: 0	Episode: 1500/2501	Avg reward: -7.50	Avg steps: 2945
2020-07-19 20:34:33,881	INFO	Total steps: 0	Episode: 1520/2181	Avg reward: -5.65	Avg steps: 2851
2020-07-19 20:43:01,268	INFO	Total steps: 0	Episode: 1540/2210	Avg reward: -7.70	Avg steps: 2663
2020-07-19 20:52:24,299	INFO	Total steps: 0	Episode: 1560/3423	Avg reward: -6.20	Avg steps: 2985
2020-07-19 21:01:43,319	INFO	Total steps: 0	Episode: 1580/3065	Avg reward: -6.60	Avg steps: 2950
2020-07-19 21:13:09,125	INFO	Total steps: 0	Episode: 1600/3358	Avg reward: -2.30	Avg steps: 3641
2020-07-19 21:22:34,046	INFO	Total steps: 0	Episode: 1620/3454	Avg reward: -6.85	Avg steps: 2969
2020-07-19 21:33:47,477	INFO	Total steps: 0	Episode: 1640/4268	Avg reward: -6.00	Avg steps: 3562
2020-07-19 21:47:29,593	INFO	Total steps: 0	Episode: 1660/5236	Avg reward: -1.45	Avg steps: 4327
2020-07-19 22:02:03,415	INFO	Total steps: 0	Episode: 1680/4494	Avg reward: -3.35	Avg steps: 4618
2020-07-19 22:14:33,873	INFO	Total steps: 0	Episode: 1700/3121	Avg reward: -4.20	Avg steps: 3665
2020-07-19 22:29:41,935	INFO	Total steps: 0	Episode: 1720/5914	Avg reward: -5.45	Avg steps: 4469
2020-07-19 22:42:51,131	INFO	Total steps: 0	Episode: 1740/2459	Avg reward: -6.50	Avg steps: 3852
2020-07-19 22:54:47,938	INFO	Total steps: 0	Episode: 1760/4937	Avg reward: -6.20	Avg steps: 3435
2020-07-19 23:03:41,746	INFO	Total steps: 0	Episode: 1780/2798	Avg reward: -9.65	Avg steps: 2576
2020-07-19 23:11:40,569	INFO	Total steps: 0	Episode: 1800/2292	Avg reward: -11.40	Avg steps: 2283
2020-07-19 23:18:52,300	INFO	Total steps: 0	Episode: 1820/3120	Avg reward: -10.55	Avg steps: 2069
2020-07-19 23:24:55,663	INFO	Total steps: 0	Episode: 1840/1642	Avg reward: -10.55	Avg steps: 1744
2020-07-19 23:32:30,467	INFO	Total steps: 0	Episode: 1860/1706	Avg reward: -9.60	Avg steps: 2218
2020-07-19 23:40:19,903	INFO	Total steps: 0	Episode: 1880/2713	Avg reward: -8.30	Avg steps: 2292
2020-07-19 23:46:01,319	INFO	Total steps: 0	Episode: 1900/1470	Avg reward: -10.35	Avg steps: 1624
2020-07-19 23:52:38,057	INFO	Total steps: 0	Episode: 1920/2535	Avg reward: -9.95	Avg steps: 1899
2020-07-20 00:01:29,777	INFO	Total steps: 0	Episode: 1940/736	Avg reward: -7.80	Avg steps: 2582
2020-07-20 00:08:51,469	INFO	Total steps: 0	Episode: 1960/7115	Avg reward: -10.50	Avg steps: 2109
2020-07-20 00:25:55,209	INFO	Total steps: 0	Episode: 1980/3934	Avg reward: -1.20	Avg steps: 4765
2020-07-20 00:39:26,959	INFO	Total steps: 0	Episode: 2000/1858	Avg reward: -6.45	Avg steps: 3814
2020-07-20 00:50:06,257	INFO	Total steps: 0	Episode: 2020/1933	Avg reward: -7.95	Avg steps: 2970
2020-07-20 01:03:09,184	INFO	Total steps: 0	Episode: 2040/3461	Avg reward: -7.30	Avg steps: 3809
2020-07-20 01:14:41,499	INFO	Total steps: 0	Episode: 2060/2722	Avg reward: -8.00	Avg steps: 3317
2020-07-20 01:24:34,000	INFO	Total steps: 0	Episode: 2080/2718	Avg reward: -10.60	Avg steps: 2795
2020-07-20 01:32:19,219	INFO	Total steps: 0	Episode: 2100/2294	Avg reward: -12.20	Avg steps: 2197
2020-07-20 01:37:53,748	INFO	Total steps: 0	Episode: 2120/1104	Avg reward: -13.55	Avg steps: 1508
2020-07-20 01:44:15,954	INFO	Total steps: 0	Episode: 2140/2214	Avg reward: -13.50	Avg steps: 1719
2020-07-20 01:52:34,766	INFO	Total steps: 0	Episode: 2160/1773	Avg reward: -13.30	Avg steps: 2261
2020-07-20 02:00:59,392	INFO	Total steps: 0	Episode: 2180/1933	Avg reward: -12.15	Avg steps: 2344
2020-07-20 02:10:25,300	INFO	Total steps: 0	Episode: 2200/1671	Avg reward: -9.95	Avg steps: 2719
2020-07-20 02:16:03,595	INFO	Total steps: 0	Episode: 2220/1732	Avg reward: -14.40	Avg steps: 1504
2020-07-20 02:22:59,613	INFO	Total steps: 0	Episode: 2240/1024	Avg reward: -14.40	Avg steps: 1950
2020-07-20 02:29:32,365	INFO	Total steps: 0	Episode: 2260/3326	Avg reward: -13.35	Avg steps: 1780
2020-07-20 02:39:22,543	INFO	Total steps: 0	Episode: 2280/1875	Avg reward: -10.80	Avg steps: 2915
2020-07-20 02:43:52,827	INFO	Total steps: 0	Episode: 2300/2732	Avg reward: -15.65	Avg steps: 1229
2020-07-20 02:52:11,732	INFO	Total steps: 0	Episode: 2320/1278	Avg reward: -10.95	Avg steps: 2306
2020-07-20 02:56:17,691	INFO	Total steps: 0	Episode: 2340/1079	Avg reward: -13.40	Avg steps: 1095
2020-07-20 03:01:27,297	INFO	Total steps: 0	Episode: 2360/1449	Avg reward: -13.60	Avg steps: 1367
2020-07-20 03:08:03,667	INFO	Total steps: 0	Episode: 2380/1792	Avg reward: -10.80	Avg steps: 1752
2020-07-20 03:14:32,351	INFO	Total steps: 0	Episode: 2400/2001	Avg reward: -10.85	Avg steps: 1730
2020-07-20 03:19:45,454	INFO	Total steps: 0	Episode: 2420/1076	Avg reward: -12.45	Avg steps: 1404
2020-07-20 03:24:24,581	INFO	Total steps: 0	Episode: 2440/1670	Avg reward: -15.35	Avg steps: 1254
2020-07-20 03:32:11,502	INFO	Total steps: 0	Episode: 2460/2028	Avg reward: -12.10	Avg steps: 2208
2020-07-20 03:38:58,994	INFO	Total steps: 0	Episode: 2480/1635	Avg reward: -12.95	Avg steps: 1913
2020-07-20 03:49:32,582	INFO	Total steps: 0	Episode: 2500/4437	Avg reward: -10.10	Avg steps: 3062
2020-07-20 04:08:27,022	INFO	Total steps: 0	Episode: 2520/5176	Avg reward: -5.30	Avg steps: 5464
2020-07-20 04:20:20,184	INFO	Total steps: 0	Episode: 2540/2064	Avg reward: -8.80	Avg steps: 3221
2020-07-20 04:30:45,043	INFO	Total steps: 0	Episode: 2560/4203	Avg reward: -9.65	Avg steps: 2936
2020-07-20 04:41:53,447	INFO	Total steps: 0	Episode: 2580/1995	Avg reward: -8.50	Avg steps: 3167
2020-07-20 04:49:39,132	INFO	Total steps: 0	Episode: 2600/3553	Avg reward: -11.95	Avg steps: 2102
2020-07-20 05:00:27,739	INFO	Total steps: 0	Episode: 2620/2901	Avg reward: -5.70	Avg steps: 3137
2020-07-20 05:13:19,498	INFO	Total steps: 0	Episode: 2640/2790	Avg reward: -2.00	Avg steps: 3765
2020-07-20 05:24:09,110	INFO	Total steps: 0	Episode: 2660/2351	Avg reward: -4.80	Avg steps: 3159
2020-07-20 05:32:34,093	INFO	Total steps: 0	Episode: 2680/2850	Avg reward: -6.80	Avg steps: 2355
2020-07-20 05:40:08,086	INFO	Total steps: 0	Episode: 2700/2271	Avg reward: -9.20	Avg steps: 2077
2020-07-20 05:47:45,272	INFO	Total steps: 0	Episode: 2720/1752	Avg reward: -9.85	Avg steps: 2023
2020-07-20 05:56:30,553	INFO	Total steps: 0	Episode: 2740/2263	Avg reward: -8.35	Avg steps: 2375
2020-07-20 06:05:53,023	INFO	Total steps: 0	Episode: 2760/2052	Avg reward: -7.55	Avg steps: 2600
2020-07-20 06:13:49,310	INFO	Total steps: 0	Episode: 2780/1566	Avg reward: -10.00	Avg steps: 2079
2020-07-20 06:20:13,977	INFO	Total steps: 0	Episode: 2800/2252	Avg reward: -11.45	Avg steps: 1660
2020-07-20 06:26:02,733	INFO	Total steps: 0	Episode: 2820/1898	Avg reward: -11.75	Avg steps: 1491
2020-07-20 06:34:00,729	INFO	Total steps: 0	Episode: 2840/2218	Avg reward: -9.85	Avg steps: 2116
2020-07-20 06:38:03,933	INFO	Total steps: 0	Episode: 2860/523	Avg reward: -15.15	Avg steps: 1106
2020-07-20 06:40:29,344	INFO	Total steps: 0	Episode: 2880/645	Avg reward: -16.95	Avg steps: 640
2020-07-20 06:45:19,684	INFO	Total steps: 0	Episode: 2900/2506	Avg reward: -13.20	Avg steps: 1283
2020-07-20 06:52:14,550	INFO	Total steps: 0	Episode: 2920/953	Avg reward: -11.70	Avg steps: 1960
2020-07-20 06:54:17,332	INFO	Total steps: 0	Episode: 2940/281	Avg reward: -17.60	Avg steps: 553
2020-07-20 06:56:07,814	INFO	Total steps: 0	Episode: 2960/894	Avg reward: -18.00	Avg steps: 497
2020-07-20 06:58:43,987	INFO	Total steps: 0	Episode: 2980/551	Avg reward: -17.10	Avg steps: 698
2020-07-20 07:00:39,061	INFO	Total steps: 0	Episode: 3000/678	Avg reward: -17.65	Avg steps: 510
2020-07-20 07:03:05,997	INFO	Total steps: 0	Episode: 3020/500	Avg reward: -16.10	Avg steps: 650
2020-07-20 07:07:34,287	INFO	Total steps: 0	Episode: 3040/1328	Avg reward: -12.25	Avg steps: 1191
2020-07-20 07:12:01,673	INFO	Total steps: 0	Episode: 3060/1259	Avg reward: -12.05	Avg steps: 1195
2020-07-20 07:15:25,212	INFO	Total steps: 0	Episode: 3080/780	Avg reward: -14.50	Avg steps: 899
2020-07-20 07:20:33,472	INFO	Total steps: 0	Episode: 3100/2145	Avg reward: -13.40	Avg steps: 1401
2020-07-20 07:27:36,562	INFO	Total steps: 0	Episode: 3120/2065	Avg reward: -11.80	Avg steps: 1844
2020-07-20 07:38:31,273	INFO	Total steps: 0	Episode: 3140/2391	Avg reward: -8.40	Avg steps: 3062
2020-07-20 07:45:33,984	INFO	Total steps: 0	Episode: 3160/1978	Avg reward: -8.90	Avg steps: 1887
2020-07-20 07:57:36,938	INFO	Total steps: 0	Episode: 3180/2968	Avg reward: -7.45	Avg steps: 3373
2020-07-20 08:13:55,761	INFO	Total steps: 0	Episode: 3200/5262	Avg reward: -1.20	Avg steps: 4732
2020-07-20 08:38:52,517	INFO	Total steps: 0	Episode: 3220/9051	Avg reward: 6.50	Avg steps: 7290
2020-07-20 09:08:47,976	INFO	Total steps: 0	Episode: 3240/12169	Avg reward: 9.00	Avg steps: 8786
2020-07-20 09:42:27,576	INFO	Total steps: 0	Episode: 3260/7526	Avg reward: 9.70	Avg steps: 9835
2020-07-20 10:17:30,104	INFO	Total steps: 0	Episode: 3280/12529	Avg reward: 12.40	Avg steps: 9811
2020-07-20 10:52:18,416	INFO	Total steps: 0	Episode: 3300/12010	Avg reward: 11.85	Avg steps: 9691
2020-07-20 11:26:38,044	INFO	Total steps: 0	Episode: 3320/11373	Avg reward: 10.60	Avg steps: 9714
2020-07-20 12:10:33,255	INFO	Total steps: 0	Episode: 3340/10125	Avg reward: 7.60	Avg steps: 12649
2020-07-20 12:38:00,463	INFO	Total steps: 0	Episode: 3360/1609	Avg reward: -0.80	Avg steps: 7562
2020-07-20 12:44:40,211	INFO	Total steps: 0	Episode: 3380/1271	Avg reward: -11.20	Avg steps: 1568
2020-07-20 12:49:48,170	INFO	Total steps: 0	Episode: 3400/1041	Avg reward: -13.15	Avg steps: 1226
2020-07-20 12:53:31,560	INFO	Total steps: 0	Episode: 3420/1163	Avg reward: -14.65	Avg steps: 892
2020-07-20 13:00:46,774	INFO	Total steps: 0	Episode: 3440/2838	Avg reward: -9.90	Avg steps: 1714
2020-07-20 13:10:03,899	INFO	Total steps: 0	Episode: 3460/1719	Avg reward: -9.65	Avg steps: 2197
2020-07-20 13:17:01,444	INFO	Total steps: 0	Episode: 3480/1679	Avg reward: -11.10	Avg steps: 1643
2020-07-20 13:21:49,072	INFO	Total steps: 0	Episode: 3500/1112	Avg reward: -14.20	Avg steps: 1146
2020-07-20 13:28:36,268	INFO	Total steps: 0	Episode: 3520/1941	Avg reward: -11.05	Avg steps: 1614
2020-07-20 13:41:15,171	INFO	Total steps: 0	Episode: 3540/5174	Avg reward: -7.40	Avg steps: 3130
2020-07-20 13:58:27,028	INFO	Total steps: 0	Episode: 3560/6974	Avg reward: -4.75	Avg steps: 4729
2020-07-20 14:26:41,786	INFO	Total steps: 0	Episode: 3580/4898	Avg reward: -0.80	Avg steps: 8068
2020-07-20 14:41:14,000	INFO	Total steps: 0	Episode: 3600/4809	Avg reward: -3.95	Avg steps: 3688
2020-07-20 14:50:30,696	INFO	Total steps: 0	Episode: 3620/1265	Avg reward: -9.35	Avg steps: 2281
2020-07-20 14:54:23,067	INFO	Total steps: 0	Episode: 3640/856	Avg reward: -14.35	Avg steps: 950
2020-07-20 14:58:18,771	INFO	Total steps: 0	Episode: 3660/879	Avg reward: -15.25	Avg steps: 975
2020-07-20 15:02:20,694	INFO	Total steps: 0	Episode: 3680/1447	Avg reward: -15.10	Avg steps: 1011
2020-07-20 15:08:43,617	INFO	Total steps: 0	Episode: 3700/2559	Avg reward: -13.45	Avg steps: 1570
2020-07-20 15:22:35,179	INFO	Total steps: 0	Episode: 3720/1865	Avg reward: -6.90	Avg steps: 3413
2020-07-20 15:38:39,017	INFO	Total steps: 0	Episode: 3740/4791	Avg reward: -1.80	Avg steps: 4107
2020-07-20 15:54:50,345	INFO	Total steps: 0	Episode: 3760/3401	Avg reward: -4.75	Avg steps: 4326
2020-07-20 16:11:52,033	INFO	Total steps: 0	Episode: 3780/4400	Avg reward: -5.35	Avg steps: 4431
2020-07-20 16:31:44,043	INFO	Total steps: 0	Episode: 3800/6930	Avg reward: -1.30	Avg steps: 5327
2020-07-20 16:52:44,359	INFO	Total steps: 0	Episode: 3820/3581	Avg reward: -2.85	Avg steps: 5704
2020-07-20 17:11:53,610	INFO	Total steps: 0	Episode: 3840/4617	Avg reward: -0.85	Avg steps: 5112
2020-07-20 17:32:43,348	INFO	Total steps: 0	Episode: 3860/7138	Avg reward: 1.10	Avg steps: 5458
2020-07-20 17:55:49,917	INFO	Total steps: 0	Episode: 3880/7954	Avg reward: -3.45	Avg steps: 6091
2020-07-20 18:20:50,355	INFO	Total steps: 0	Episode: 3900/5916	Avg reward: -1.30	Avg steps: 6830
2020-07-20 18:37:55,235	INFO	Total steps: 0	Episode: 3920/4352	Avg reward: -8.00	Avg steps: 4235
2020-07-20 18:57:22,135	INFO	Total steps: 0	Episode: 3940/4681	Avg reward: -9.70	Avg steps: 4792
2020-07-20 19:22:16,049	INFO	Total steps: 0	Episode: 3960/8205	Avg reward: -3.05	Avg steps: 6770
2020-07-20 19:44:49,490	INFO	Total steps: 0	Episode: 3980/2881	Avg reward: -8.80	Avg steps: 6049
2020-07-20 20:21:17,723	INFO	Total steps: 0	Episode: 4000/11148	Avg reward: -2.20	Avg steps: 9910
2020-07-20 20:58:19,848	INFO	Total steps: 0	Episode: 4020/8320	Avg reward: -1.35	Avg steps: 9857
2020-07-20 21:25:19,086	INFO	Total steps: 0	Episode: 4040/8938	Avg reward: -5.90	Avg steps: 6612
2020-07-20 21:55:56,464	INFO	Total steps: 0	Episode: 4060/7033	Avg reward: 1.85	Avg steps: 8263
2020-07-20 22:20:36,312	INFO	Total steps: 0	Episode: 4080/7103	Avg reward: -4.30	Avg steps: 6600
2020-07-20 22:43:36,075	INFO	Total steps: 0	Episode: 4100/5871	Avg reward: -6.85	Avg steps: 5999
2020-07-20 23:08:19,170	INFO	Total steps: 0	Episode: 4120/8389	Avg reward: -4.90	Avg steps: 7233
2020-07-20 23:32:23,961	INFO	Total steps: 0	Episode: 4140/7987	Avg reward: -7.20	Avg steps: 7066
2020-07-21 00:03:42,884	INFO	Total steps: 0	Episode: 4160/14280	Avg reward: -4.80	Avg steps: 8897
2020-07-21 00:56:50,265	INFO	Total steps: 0	Episode: 4180/9413	Avg reward: 12.85	Avg steps: 12768
2020-07-21 01:29:16,314	INFO	--width 160 --height 160 --ball 3.0 --ball-size 2.0 --snell 3.0 --snell-width 40.0 --snell-change 0 --snell-visible none --paddle-speed 3.0 --paddle-angle 45.0 --paddle-length 45.0 --update-prob 0.2 --state binary --learning-rate 0.0001 --network dqn_pong_model --render False --epsdecay 1000 --episodes 6000 --replay 10000 --checkpoint dqn_pong_model --history history.p --store-dir ../experiments/exactorcritic 
2020-07-21 01:29:16,337	INFO	Device: cuda
2020-07-21 01:29:20,268	INFO	Training the Policy gradient model
2020-07-21 01:30:45,881	INFO	Total steps: 0	Episode: 20/299	Avg reward: -18.25	Avg steps: 353
2020-07-21 01:32:16,509	INFO	Total steps: 0	Episode: 40/325	Avg reward: -18.00	Avg steps: 364
2020-07-21 01:33:40,389	INFO	Total steps: 0	Episode: 60/427	Avg reward: -18.10	Avg steps: 343
2020-07-21 01:35:12,627	INFO	Total steps: 0	Episode: 80/332	Avg reward: -17.75	Avg steps: 370
2020-07-21 01:36:43,827	INFO	Total steps: 0	Episode: 100/271	Avg reward: -17.45	Avg steps: 362
2020-07-21 01:38:21,623	INFO	Total steps: 0	Episode: 120/414	Avg reward: -17.50	Avg steps: 395
2020-07-21 01:39:51,316	INFO	Total steps: 0	Episode: 140/450	Avg reward: -18.10	Avg steps: 362
2020-07-21 01:41:26,944	INFO	Total steps: 0	Episode: 160/333	Avg reward: -18.10	Avg steps: 381
2020-07-21 01:42:56,961	INFO	Total steps: 0	Episode: 180/276	Avg reward: -18.20	Avg steps: 367
2020-07-21 01:44:30,431	INFO	Total steps: 0	Episode: 200/454	Avg reward: -18.30	Avg steps: 380
2020-07-21 01:46:00,988	INFO	Total steps: 0	Episode: 220/347	Avg reward: -18.30	Avg steps: 367
2020-07-21 01:47:28,486	INFO	Total steps: 0	Episode: 240/280	Avg reward: -17.45	Avg steps: 360
2020-07-21 01:48:59,826	INFO	Total steps: 0	Episode: 260/421	Avg reward: -18.35	Avg steps: 374
2020-07-21 01:50:33,611	INFO	Total steps: 0	Episode: 280/225	Avg reward: -18.05	Avg steps: 379
2020-07-21 01:52:02,886	INFO	Total steps: 0	Episode: 300/325	Avg reward: -18.40	Avg steps: 358
2020-07-21 01:53:39,884	INFO	Total steps: 0	Episode: 320/423	Avg reward: -17.25	Avg steps: 391
2020-07-21 01:55:39,357	INFO	Total steps: 0	Episode: 340/597	Avg reward: -16.15	Avg steps: 488
2020-07-21 01:57:47,804	INFO	Total steps: 0	Episode: 360/699	Avg reward: -15.55	Avg steps: 523
2020-07-21 01:59:56,845	INFO	Total steps: 0	Episode: 380/699	Avg reward: -15.35	Avg steps: 520
2020-07-21 02:02:09,921	INFO	Total steps: 0	Episode: 400/436	Avg reward: -14.40	Avg steps: 547
2020-07-21 02:04:35,404	INFO	Total steps: 0	Episode: 420/671	Avg reward: -13.85	Avg steps: 604
2020-07-21 02:06:52,200	INFO	Total steps: 0	Episode: 440/687	Avg reward: -15.20	Avg steps: 559
2020-07-21 02:09:07,822	INFO	Total steps: 0	Episode: 460/617	Avg reward: -15.10	Avg steps: 563
2020-07-21 02:11:44,391	INFO	Total steps: 0	Episode: 480/557	Avg reward: -14.00	Avg steps: 644
2020-07-21 02:14:01,938	INFO	Total steps: 0	Episode: 500/408	Avg reward: -15.25	Avg steps: 562
2020-07-21 02:16:26,373	INFO	Total steps: 0	Episode: 520/469	Avg reward: -14.55	Avg steps: 596
2020-07-21 02:18:37,490	INFO	Total steps: 0	Episode: 540/607	Avg reward: -15.70	Avg steps: 539
2020-07-21 02:21:04,058	INFO	Total steps: 0	Episode: 560/672	Avg reward: -15.00	Avg steps: 596
2020-07-21 02:23:20,128	INFO	Total steps: 0	Episode: 580/517	Avg reward: -15.50	Avg steps: 560
2020-07-21 02:25:48,785	INFO	Total steps: 0	Episode: 600/712	Avg reward: -14.80	Avg steps: 615
2020-07-21 02:28:12,669	INFO	Total steps: 0	Episode: 620/760	Avg reward: -15.25	Avg steps: 591
2020-07-21 02:30:25,394	INFO	Total steps: 0	Episode: 640/549	Avg reward: -15.25	Avg steps: 544
2020-07-21 02:32:34,161	INFO	Total steps: 0	Episode: 660/352	Avg reward: -15.20	Avg steps: 532
2020-07-21 02:34:48,942	INFO	Total steps: 0	Episode: 680/682	Avg reward: -15.85	Avg steps: 552
2020-07-21 02:37:00,345	INFO	Total steps: 0	Episode: 700/553	Avg reward: -15.60	Avg steps: 548
2020-07-21 02:39:12,886	INFO	Total steps: 0	Episode: 720/633	Avg reward: -14.80	Avg steps: 562
2020-07-21 02:41:25,016	INFO	Total steps: 0	Episode: 740/522	Avg reward: -15.30	Avg steps: 548
2020-07-21 02:43:35,470	INFO	Total steps: 0	Episode: 760/386	Avg reward: -15.20	Avg steps: 542
2020-07-21 02:45:54,756	INFO	Total steps: 0	Episode: 780/569	Avg reward: -14.95	Avg steps: 587
2020-07-21 02:48:05,700	INFO	Total steps: 0	Episode: 800/718	Avg reward: -15.40	Avg steps: 545
2020-07-21 02:50:18,992	INFO	Total steps: 0	Episode: 820/693	Avg reward: -15.95	Avg steps: 557
2020-07-21 02:52:27,240	INFO	Total steps: 0	Episode: 840/619	Avg reward: -16.20	Avg steps: 535
2020-07-21 02:54:29,871	INFO	Total steps: 0	Episode: 860/590	Avg reward: -15.80	Avg steps: 527
2020-07-21 02:56:41,787	INFO	Total steps: 0	Episode: 880/681	Avg reward: -14.90	Avg steps: 550
2020-07-21 02:58:45,168	INFO	Total steps: 0	Episode: 900/502	Avg reward: -15.50	Avg steps: 508
2020-07-21 03:00:57,432	INFO	Total steps: 0	Episode: 920/460	Avg reward: -15.25	Avg steps: 556
2020-07-21 03:03:11,411	INFO	Total steps: 0	Episode: 940/412	Avg reward: -15.80	Avg steps: 563
2020-07-21 03:05:19,596	INFO	Total steps: 0	Episode: 960/415	Avg reward: -15.90	Avg steps: 535
2020-07-21 03:07:29,119	INFO	Total steps: 0	Episode: 980/707	Avg reward: -15.45	Avg steps: 561
2020-07-21 03:09:41,183	INFO	Total steps: 0	Episode: 1000/565	Avg reward: -15.45	Avg steps: 557
2020-07-21 03:11:56,170	INFO	Total steps: 0	Episode: 1020/460	Avg reward: -15.30	Avg steps: 567
2020-07-21 03:14:24,653	INFO	Total steps: 0	Episode: 1040/368	Avg reward: -14.00	Avg steps: 628
2020-07-21 03:16:44,510	INFO	Total steps: 0	Episode: 1060/412	Avg reward: -14.55	Avg steps: 599
2020-07-21 03:19:11,672	INFO	Total steps: 0	Episode: 1080/540	Avg reward: -14.20	Avg steps: 621
2020-07-21 03:21:36,486	INFO	Total steps: 0	Episode: 1100/687	Avg reward: -14.30	Avg steps: 607
2020-07-21 03:23:39,388	INFO	Total steps: 0	Episode: 1120/545	Avg reward: -15.60	Avg steps: 534
2020-07-21 03:25:53,381	INFO	Total steps: 0	Episode: 1140/552	Avg reward: -14.65	Avg steps: 574
2020-07-21 03:28:12,513	INFO	Total steps: 0	Episode: 1160/547	Avg reward: -13.90	Avg steps: 594
2020-07-21 03:30:24,466	INFO	Total steps: 0	Episode: 1180/412	Avg reward: -14.85	Avg steps: 558
2020-07-21 03:32:42,401	INFO	Total steps: 0	Episode: 1200/551	Avg reward: -15.65	Avg steps: 570
2020-07-21 03:35:19,011	INFO	Total steps: 0	Episode: 1220/649	Avg reward: -13.50	Avg steps: 642
2020-07-21 03:37:28,483	INFO	Total steps: 0	Episode: 1240/617	Avg reward: -14.70	Avg steps: 539
2020-07-21 03:39:38,035	INFO	Total steps: 0	Episode: 1260/530	Avg reward: -15.60	Avg steps: 547
2020-07-21 03:41:46,439	INFO	Total steps: 0	Episode: 1280/564	Avg reward: -15.90	Avg steps: 527
2020-07-21 03:43:50,292	INFO	Total steps: 0	Episode: 1300/442	Avg reward: -15.10	Avg steps: 510
2020-07-21 03:46:02,553	INFO	Total steps: 0	Episode: 1320/492	Avg reward: -14.90	Avg steps: 553
2020-07-21 03:48:24,599	INFO	Total steps: 0	Episode: 1340/507	Avg reward: -14.70	Avg steps: 586
2020-07-21 03:50:50,753	INFO	Total steps: 0	Episode: 1360/524	Avg reward: -13.75	Avg steps: 595
2020-07-21 03:53:05,825	INFO	Total steps: 0	Episode: 1380/630	Avg reward: -15.80	Avg steps: 551
2020-07-21 03:55:24,241	INFO	Total steps: 0	Episode: 1400/455	Avg reward: -15.50	Avg steps: 566
2020-07-21 03:57:41,087	INFO	Total steps: 0	Episode: 1420/585	Avg reward: -15.20	Avg steps: 563
2020-07-21 03:59:57,581	INFO	Total steps: 0	Episode: 1440/457	Avg reward: -15.10	Avg steps: 572
2020-07-21 04:02:23,131	INFO	Total steps: 0	Episode: 1460/573	Avg reward: -14.15	Avg steps: 608
2020-07-21 04:04:48,413	INFO	Total steps: 0	Episode: 1480/517	Avg reward: -15.15	Avg steps: 602
2020-07-21 04:06:53,377	INFO	Total steps: 0	Episode: 1500/558	Avg reward: -14.90	Avg steps: 520
2020-07-21 04:09:06,499	INFO	Total steps: 0	Episode: 1520/505	Avg reward: -15.65	Avg steps: 546
2020-07-21 04:11:22,903	INFO	Total steps: 0	Episode: 1540/420	Avg reward: -14.70	Avg steps: 563
2020-07-21 04:13:37,059	INFO	Total steps: 0	Episode: 1560/388	Avg reward: -14.75	Avg steps: 557
2020-07-21 04:15:47,023	INFO	Total steps: 0	Episode: 1580/591	Avg reward: -15.40	Avg steps: 541
2020-07-21 04:18:04,871	INFO	Total steps: 0	Episode: 1600/504	Avg reward: -14.25	Avg steps: 569
2020-07-21 04:20:17,963	INFO	Total steps: 0	Episode: 1620/675	Avg reward: -14.55	Avg steps: 561
2020-07-21 04:22:40,949	INFO	Total steps: 0	Episode: 1640/581	Avg reward: -14.75	Avg steps: 599
2020-07-21 04:24:51,842	INFO	Total steps: 0	Episode: 1660/592	Avg reward: -15.05	Avg steps: 547
2020-07-21 04:27:15,560	INFO	Total steps: 0	Episode: 1680/658	Avg reward: -14.10	Avg steps: 596
2020-07-21 04:29:40,716	INFO	Total steps: 0	Episode: 1700/547	Avg reward: -14.60	Avg steps: 594
2020-07-21 04:31:58,854	INFO	Total steps: 0	Episode: 1720/574	Avg reward: -15.55	Avg steps: 576
2020-07-21 04:34:19,394	INFO	Total steps: 0	Episode: 1740/518	Avg reward: -14.25	Avg steps: 580
2020-07-21 04:36:33,015	INFO	Total steps: 0	Episode: 1760/554	Avg reward: -15.20	Avg steps: 545
2020-07-21 04:38:53,493	INFO	Total steps: 0	Episode: 1780/672	Avg reward: -14.50	Avg steps: 582
2020-07-21 04:41:15,453	INFO	Total steps: 0	Episode: 1800/713	Avg reward: -15.20	Avg steps: 587
2020-07-21 04:43:46,788	INFO	Total steps: 0	Episode: 1820/652	Avg reward: -14.75	Avg steps: 602
2020-07-21 04:45:53,396	INFO	Total steps: 0	Episode: 1840/605	Avg reward: -15.25	Avg steps: 525
2020-07-21 04:48:14,595	INFO	Total steps: 0	Episode: 1860/625	Avg reward: -14.95	Avg steps: 587
2020-07-21 04:50:23,487	INFO	Total steps: 0	Episode: 1880/517	Avg reward: -15.00	Avg steps: 528
2020-07-21 04:52:45,768	INFO	Total steps: 0	Episode: 1900/696	Avg reward: -14.30	Avg steps: 577
2020-07-21 04:55:05,748	INFO	Total steps: 0	Episode: 1920/805	Avg reward: -15.15	Avg steps: 564
2020-07-21 04:57:19,652	INFO	Total steps: 0	Episode: 1940/644	Avg reward: -14.65	Avg steps: 552
2020-07-21 04:59:33,388	INFO	Total steps: 0	Episode: 1960/517	Avg reward: -14.25	Avg steps: 556
2020-07-21 05:02:01,429	INFO	Total steps: 0	Episode: 1980/703	Avg reward: -14.60	Avg steps: 602
2020-07-21 05:04:22,995	INFO	Total steps: 0	Episode: 2000/416	Avg reward: -15.10	Avg steps: 588
2020-07-21 05:06:51,621	INFO	Total steps: 0	Episode: 2020/439	Avg reward: -14.20	Avg steps: 616
2020-07-21 05:09:04,452	INFO	Total steps: 0	Episode: 2040/570	Avg reward: -14.80	Avg steps: 557
2020-07-21 05:11:30,762	INFO	Total steps: 0	Episode: 2060/387	Avg reward: -14.30	Avg steps: 605
2020-07-21 05:13:41,192	INFO	Total steps: 0	Episode: 2080/602	Avg reward: -15.45	Avg steps: 545
2020-07-21 05:15:59,003	INFO	Total steps: 0	Episode: 2100/596	Avg reward: -15.55	Avg steps: 576
2020-07-21 05:18:25,195	INFO	Total steps: 0	Episode: 2120/512	Avg reward: -14.30	Avg steps: 613
2020-07-21 05:20:51,720	INFO	Total steps: 0	Episode: 2140/556	Avg reward: -14.70	Avg steps: 612
2020-07-21 05:23:13,245	INFO	Total steps: 0	Episode: 2160/635	Avg reward: -14.45	Avg steps: 597
2020-07-21 05:25:35,021	INFO	Total steps: 0	Episode: 2180/478	Avg reward: -14.65	Avg steps: 587
2020-07-21 05:27:47,079	INFO	Total steps: 0	Episode: 2200/537	Avg reward: -14.75	Avg steps: 544
2020-07-21 05:30:09,474	INFO	Total steps: 0	Episode: 2220/643	Avg reward: -15.00	Avg steps: 594
2020-07-21 05:32:17,840	INFO	Total steps: 0	Episode: 2240/654	Avg reward: -15.00	Avg steps: 536
2020-07-21 05:34:25,745	INFO	Total steps: 0	Episode: 2260/597	Avg reward: -15.30	Avg steps: 533
2020-07-21 05:36:41,346	INFO	Total steps: 0	Episode: 2280/440	Avg reward: -14.70	Avg steps: 560
2020-07-21 05:38:54,992	INFO	Total steps: 0	Episode: 2300/423	Avg reward: -15.15	Avg steps: 551
2020-07-21 05:40:59,520	INFO	Total steps: 0	Episode: 2320/494	Avg reward: -15.80	Avg steps: 525
2020-07-21 05:43:20,263	INFO	Total steps: 0	Episode: 2340/851	Avg reward: -15.35	Avg steps: 594
2020-07-21 05:45:46,344	INFO	Total steps: 0	Episode: 2360/435	Avg reward: -15.20	Avg steps: 599
2020-07-21 05:48:03,100	INFO	Total steps: 0	Episode: 2380/429	Avg reward: -14.80	Avg steps: 568
2020-07-21 05:50:27,732	INFO	Total steps: 0	Episode: 2400/710	Avg reward: -14.25	Avg steps: 600
2020-07-21 05:52:43,507	INFO	Total steps: 0	Episode: 2420/491	Avg reward: -14.85	Avg steps: 575
2020-07-21 05:55:04,527	INFO	Total steps: 0	Episode: 2440/475	Avg reward: -15.10	Avg steps: 580
2020-07-21 05:57:24,862	INFO	Total steps: 0	Episode: 2460/577	Avg reward: -14.60	Avg steps: 588
2020-07-21 05:59:39,904	INFO	Total steps: 0	Episode: 2480/514	Avg reward: -15.00	Avg steps: 557
2020-07-21 06:01:47,356	INFO	Total steps: 0	Episode: 2500/581	Avg reward: -15.85	Avg steps: 527
2020-07-21 06:04:03,917	INFO	Total steps: 0	Episode: 2520/426	Avg reward: -15.00	Avg steps: 559
2020-07-21 06:06:23,818	INFO	Total steps: 0	Episode: 2540/637	Avg reward: -15.10	Avg steps: 576
2020-07-21 06:08:41,283	INFO	Total steps: 0	Episode: 2560/501	Avg reward: -15.20	Avg steps: 573
2020-07-21 06:10:57,880	INFO	Total steps: 0	Episode: 2580/472	Avg reward: -14.60	Avg steps: 569
2020-07-21 06:13:10,949	INFO	Total steps: 0	Episode: 2600/438	Avg reward: -15.10	Avg steps: 548
2020-07-21 06:15:33,051	INFO	Total steps: 0	Episode: 2620/541	Avg reward: -14.80	Avg steps: 590
2020-07-21 06:17:39,485	INFO	Total steps: 0	Episode: 2640/731	Avg reward: -16.30	Avg steps: 531
2020-07-21 06:19:51,581	INFO	Total steps: 0	Episode: 2660/742	Avg reward: -15.50	Avg steps: 553
2020-07-21 06:22:01,740	INFO	Total steps: 0	Episode: 2680/449	Avg reward: -15.25	Avg steps: 542
2020-07-21 06:24:17,283	INFO	Total steps: 0	Episode: 2700/502	Avg reward: -14.60	Avg steps: 566
2020-07-21 06:26:42,696	INFO	Total steps: 0	Episode: 2720/607	Avg reward: -14.15	Avg steps: 614
2020-07-21 06:28:45,750	INFO	Total steps: 0	Episode: 2740/467	Avg reward: -15.90	Avg steps: 511
2020-07-21 06:31:03,363	INFO	Total steps: 0	Episode: 2760/513	Avg reward: -14.65	Avg steps: 579
2020-07-21 06:33:12,157	INFO	Total steps: 0	Episode: 2780/596	Avg reward: -15.50	Avg steps: 542
2020-07-21 06:35:33,852	INFO	Total steps: 0	Episode: 2800/498	Avg reward: -15.30	Avg steps: 584
2020-07-21 06:37:42,903	INFO	Total steps: 0	Episode: 2820/454	Avg reward: -15.85	Avg steps: 543
2020-07-21 06:39:59,848	INFO	Total steps: 0	Episode: 2840/769	Avg reward: -15.90	Avg steps: 560
2020-07-21 06:42:20,515	INFO	Total steps: 0	Episode: 2860/555	Avg reward: -15.10	Avg steps: 577
2020-07-21 06:44:31,661	INFO	Total steps: 0	Episode: 2880/436	Avg reward: -15.60	Avg steps: 530
2020-07-21 06:46:51,746	INFO	Total steps: 0	Episode: 2900/802	Avg reward: -14.90	Avg steps: 576
2020-07-21 06:49:16,559	INFO	Total steps: 0	Episode: 2920/707	Avg reward: -15.10	Avg steps: 595
2020-07-21 06:51:32,937	INFO	Total steps: 0	Episode: 2940/555	Avg reward: -14.65	Avg steps: 565
2020-07-21 06:53:43,017	INFO	Total steps: 0	Episode: 2960/464	Avg reward: -15.55	Avg steps: 531
2020-07-21 06:55:52,714	INFO	Total steps: 0	Episode: 2980/485	Avg reward: -16.00	Avg steps: 530
2020-07-21 06:58:03,614	INFO	Total steps: 0	Episode: 3000/432	Avg reward: -15.20	Avg steps: 543
2020-07-21 07:00:09,487	INFO	Total steps: 0	Episode: 3020/299	Avg reward: -15.05	Avg steps: 532
2020-07-21 07:02:22,601	INFO	Total steps: 0	Episode: 3040/783	Avg reward: -15.10	Avg steps: 552
2020-07-21 07:04:31,107	INFO	Total steps: 0	Episode: 3060/464	Avg reward: -15.45	Avg steps: 534
2020-07-21 07:06:50,061	INFO	Total steps: 0	Episode: 3080/665	Avg reward: -14.95	Avg steps: 570
2020-07-21 07:09:07,997	INFO	Total steps: 0	Episode: 3100/550	Avg reward: -14.65	Avg steps: 563
2020-07-21 07:11:30,385	INFO	Total steps: 0	Episode: 3120/735	Avg reward: -15.35	Avg steps: 580
2020-07-21 07:13:42,560	INFO	Total steps: 0	Episode: 3140/561	Avg reward: -14.95	Avg steps: 549
2020-07-21 07:16:00,783	INFO	Total steps: 0	Episode: 3160/432	Avg reward: -14.35	Avg steps: 566
2020-07-21 07:18:11,114	INFO	Total steps: 0	Episode: 3180/510	Avg reward: -15.65	Avg steps: 538
2020-07-21 07:20:25,824	INFO	Total steps: 0	Episode: 3200/573	Avg reward: -15.10	Avg steps: 561
2020-07-21 07:22:51,722	INFO	Total steps: 0	Episode: 3220/797	Avg reward: -15.25	Avg steps: 548
2020-07-21 07:25:04,143	INFO	Total steps: 0	Episode: 3240/375	Avg reward: -14.85	Avg steps: 554
2020-07-21 07:27:25,163	INFO	Total steps: 0	Episode: 3260/512	Avg reward: -14.45	Avg steps: 577
2020-07-21 07:29:53,219	INFO	Total steps: 0	Episode: 3280/703	Avg reward: -14.25	Avg steps: 613
2020-07-21 07:32:04,883	INFO	Total steps: 0	Episode: 3300/676	Avg reward: -14.65	Avg steps: 549
2020-07-21 07:34:28,772	INFO	Total steps: 0	Episode: 3320/834	Avg reward: -14.35	Avg steps: 595
2020-07-21 07:36:43,303	INFO	Total steps: 0	Episode: 3340/420	Avg reward: -15.55	Avg steps: 554
2020-07-21 07:39:02,695	INFO	Total steps: 0	Episode: 3360/666	Avg reward: -14.95	Avg steps: 579
2020-07-21 07:41:20,819	INFO	Total steps: 0	Episode: 3380/445	Avg reward: -14.70	Avg steps: 575
2020-07-21 07:43:37,348	INFO	Total steps: 0	Episode: 3400/613	Avg reward: -15.25	Avg steps: 573
2020-07-21 07:45:58,107	INFO	Total steps: 0	Episode: 3420/598	Avg reward: -14.90	Avg steps: 586
2020-07-21 07:48:04,571	INFO	Total steps: 0	Episode: 3440/433	Avg reward: -14.85	Avg steps: 525
2020-07-21 07:50:32,222	INFO	Total steps: 0	Episode: 3460/768	Avg reward: -13.85	Avg steps: 616
2020-07-21 07:52:59,972	INFO	Total steps: 0	Episode: 3480/814	Avg reward: -14.85	Avg steps: 608
2020-07-21 07:55:17,759	INFO	Total steps: 0	Episode: 3500/763	Avg reward: -15.10	Avg steps: 583
2020-07-21 07:57:30,282	INFO	Total steps: 0	Episode: 3520/744	Avg reward: -15.10	Avg steps: 533
2020-07-21 07:59:47,982	INFO	Total steps: 0	Episode: 3540/721	Avg reward: -15.25	Avg steps: 572
2020-07-21 08:02:00,565	INFO	Total steps: 0	Episode: 3560/412	Avg reward: -15.35	Avg steps: 549
2020-07-21 08:04:12,728	INFO	Total steps: 0	Episode: 3580/628	Avg reward: -15.15	Avg steps: 562
2020-07-21 08:06:25,313	INFO	Total steps: 0	Episode: 3600/668	Avg reward: -14.80	Avg steps: 550
2020-07-21 08:08:49,160	INFO	Total steps: 0	Episode: 3620/735	Avg reward: -14.40	Avg steps: 599
2020-07-21 08:11:07,455	INFO	Total steps: 0	Episode: 3640/518	Avg reward: -14.15	Avg steps: 577
2020-07-21 08:13:25,621	INFO	Total steps: 0	Episode: 3660/841	Avg reward: -14.65	Avg steps: 574
2020-07-21 08:15:42,180	INFO	Total steps: 0	Episode: 3680/473	Avg reward: -15.00	Avg steps: 566
2020-07-21 08:18:09,137	INFO	Total steps: 0	Episode: 3700/727	Avg reward: -13.20	Avg steps: 607
2020-07-21 08:20:18,803	INFO	Total steps: 0	Episode: 3720/311	Avg reward: -14.55	Avg steps: 528
2020-07-21 08:22:33,318	INFO	Total steps: 0	Episode: 3740/538	Avg reward: -15.10	Avg steps: 548
2020-07-21 08:24:56,202	INFO	Total steps: 0	Episode: 3760/556	Avg reward: -14.85	Avg steps: 584
2020-07-21 08:27:21,721	INFO	Total steps: 0	Episode: 3780/616	Avg reward: -14.15	Avg steps: 596
2020-07-21 08:29:38,307	INFO	Total steps: 0	Episode: 3800/633	Avg reward: -15.10	Avg steps: 560
2020-07-21 08:31:45,607	INFO	Total steps: 0	Episode: 3820/511	Avg reward: -15.65	Avg steps: 540
2020-07-21 08:33:57,597	INFO	Total steps: 0	Episode: 3840/530	Avg reward: -15.15	Avg steps: 543
2020-07-21 08:36:26,015	INFO	Total steps: 0	Episode: 3860/562	Avg reward: -13.70	Avg steps: 615
2020-07-21 08:38:35,519	INFO	Total steps: 0	Episode: 3880/798	Avg reward: -15.30	Avg steps: 534
2020-07-21 08:40:53,010	INFO	Total steps: 0	Episode: 3900/578	Avg reward: -14.50	Avg steps: 579
2020-07-21 08:43:19,261	INFO	Total steps: 0	Episode: 3920/679	Avg reward: -13.85	Avg steps: 609
2020-07-21 08:45:35,566	INFO	Total steps: 0	Episode: 3940/639	Avg reward: -14.20	Avg steps: 565
2020-07-21 08:47:53,703	INFO	Total steps: 0	Episode: 3960/547	Avg reward: -14.35	Avg steps: 571
2020-07-21 08:50:10,385	INFO	Total steps: 0	Episode: 3980/487	Avg reward: -14.65	Avg steps: 567
2020-07-21 08:52:30,356	INFO	Total steps: 0	Episode: 4000/624	Avg reward: -15.05	Avg steps: 578
2020-07-21 08:54:53,253	INFO	Total steps: 0	Episode: 4020/664	Avg reward: -13.65	Avg steps: 596
2020-07-21 08:57:11,405	INFO	Total steps: 0	Episode: 4040/400	Avg reward: -14.45	Avg steps: 572
2020-07-21 08:59:25,447	INFO	Total steps: 0	Episode: 4060/503	Avg reward: -15.10	Avg steps: 557
2020-07-21 09:01:45,097	INFO	Total steps: 0	Episode: 4080/513	Avg reward: -14.35	Avg steps: 577
2020-07-21 09:03:54,309	INFO	Total steps: 0	Episode: 4100/679	Avg reward: -15.55	Avg steps: 536
2020-07-21 09:06:22,032	INFO	Total steps: 0	Episode: 4120/634	Avg reward: -13.95	Avg steps: 610
2020-07-21 09:08:38,614	INFO	Total steps: 0	Episode: 4140/828	Avg reward: -14.45	Avg steps: 570
2020-07-21 09:11:00,653	INFO	Total steps: 0	Episode: 4160/488	Avg reward: -15.30	Avg steps: 584
2020-07-21 09:13:18,192	INFO	Total steps: 0	Episode: 4180/445	Avg reward: -14.45	Avg steps: 569
2020-07-21 09:15:31,558	INFO	Total steps: 0	Episode: 4200/603	Avg reward: -14.80	Avg steps: 558
2020-07-21 09:17:41,257	INFO	Total steps: 0	Episode: 4220/539	Avg reward: -15.20	Avg steps: 533
2020-07-21 09:20:00,373	INFO	Total steps: 0	Episode: 4240/605	Avg reward: -14.45	Avg steps: 572
2020-07-21 09:22:15,474	INFO	Total steps: 0	Episode: 4260/620	Avg reward: -14.85	Avg steps: 566
2020-07-21 09:24:45,760	INFO	Total steps: 0	Episode: 4280/539	Avg reward: -14.05	Avg steps: 627
2020-07-21 09:27:07,797	INFO	Total steps: 0	Episode: 4300/592	Avg reward: -15.15	Avg steps: 592
2020-07-21 09:29:24,113	INFO	Total steps: 0	Episode: 4320/635	Avg reward: -15.50	Avg steps: 565
2020-07-21 09:31:42,595	INFO	Total steps: 0	Episode: 4340/521	Avg reward: -14.35	Avg steps: 571
2020-07-21 09:34:01,251	INFO	Total steps: 0	Episode: 4360/593	Avg reward: -15.30	Avg steps: 580
2020-07-21 09:36:20,810	INFO	Total steps: 0	Episode: 4380/458	Avg reward: -13.90	Avg steps: 577
2020-07-21 09:38:39,154	INFO	Total steps: 0	Episode: 4400/461	Avg reward: -14.80	Avg steps: 583
2020-07-21 09:41:07,095	INFO	Total steps: 0	Episode: 4420/619	Avg reward: -14.50	Avg steps: 611
2020-07-21 09:43:33,685	INFO	Total steps: 0	Episode: 4440/470	Avg reward: -14.10	Avg steps: 604
2020-07-21 09:45:55,036	INFO	Total steps: 0	Episode: 4460/847	Avg reward: -14.95	Avg steps: 583
2020-07-21 09:48:17,425	INFO	Total steps: 0	Episode: 4480/598	Avg reward: -14.55	Avg steps: 587
2020-07-21 09:50:29,929	INFO	Total steps: 0	Episode: 4500/534	Avg reward: -15.70	Avg steps: 547
2020-07-21 09:52:40,140	INFO	Total steps: 0	Episode: 4520/441	Avg reward: -15.20	Avg steps: 542
2020-07-21 09:54:57,918	INFO	Total steps: 0	Episode: 4540/647	Avg reward: -15.35	Avg steps: 566
2020-07-21 09:57:11,961	INFO	Total steps: 0	Episode: 4560/575	Avg reward: -14.90	Avg steps: 558
2020-07-21 09:59:27,367	INFO	Total steps: 0	Episode: 4580/701	Avg reward: -15.25	Avg steps: 561
2020-07-21 10:01:42,239	INFO	Total steps: 0	Episode: 4600/652	Avg reward: -14.90	Avg steps: 562
2020-07-21 10:04:19,331	INFO	Total steps: 0	Episode: 4620/786	Avg reward: -14.45	Avg steps: 590
2020-07-21 10:06:30,641	INFO	Total steps: 0	Episode: 4640/639	Avg reward: -15.95	Avg steps: 547
2020-07-21 10:08:43,251	INFO	Total steps: 0	Episode: 4660/557	Avg reward: -14.10	Avg steps: 541
2020-07-21 10:11:05,206	INFO	Total steps: 0	Episode: 4680/683	Avg reward: -14.55	Avg steps: 581
2020-07-21 10:13:19,382	INFO	Total steps: 0	Episode: 4700/459	Avg reward: -14.35	Avg steps: 552
2020-07-21 10:15:32,807	INFO	Total steps: 0	Episode: 4720/519	Avg reward: -16.30	Avg steps: 546
2020-07-21 10:17:50,916	INFO	Total steps: 0	Episode: 4740/393	Avg reward: -14.85	Avg steps: 559
2020-07-21 10:20:04,751	INFO	Total steps: 0	Episode: 4760/732	Avg reward: -15.80	Avg steps: 535
2020-07-21 10:22:23,200	INFO	Total steps: 0	Episode: 4780/502	Avg reward: -14.45	Avg steps: 578
2020-07-21 10:24:37,783	INFO	Total steps: 0	Episode: 4800/650	Avg reward: -15.45	Avg steps: 562
2020-07-21 10:26:58,588	INFO	Total steps: 0	Episode: 4820/518	Avg reward: -15.10	Avg steps: 584
2020-07-21 10:29:11,914	INFO	Total steps: 0	Episode: 4840/529	Avg reward: -15.65	Avg steps: 549
2020-07-21 10:31:32,378	INFO	Total steps: 0	Episode: 4860/594	Avg reward: -14.10	Avg steps: 581
2020-07-21 10:33:48,289	INFO	Total steps: 0	Episode: 4880/618	Avg reward: -14.65	Avg steps: 558
2020-07-21 10:36:00,768	INFO	Total steps: 0	Episode: 4900/629	Avg reward: -15.40	Avg steps: 543
2020-07-21 10:38:04,827	INFO	Total steps: 0	Episode: 4920/574	Avg reward: -15.80	Avg steps: 512
2020-07-21 10:40:14,373	INFO	Total steps: 0	Episode: 4940/497	Avg reward: -14.25	Avg steps: 538
2020-07-21 10:42:34,521	INFO	Total steps: 0	Episode: 4960/704	Avg reward: -14.50	Avg steps: 583
2020-07-21 10:44:59,478	INFO	Total steps: 0	Episode: 4980/601	Avg reward: -14.75	Avg steps: 600
2020-07-21 10:47:24,969	INFO	Total steps: 0	Episode: 5000/554	Avg reward: -14.85	Avg steps: 603
2020-07-21 10:49:47,492	INFO	Total steps: 0	Episode: 5020/460	Avg reward: -14.15	Avg steps: 583
2020-07-21 10:51:58,327	INFO	Total steps: 0	Episode: 5040/556	Avg reward: -14.45	Avg steps: 537
2020-07-21 10:54:18,138	INFO	Total steps: 0	Episode: 5060/469	Avg reward: -14.80	Avg steps: 580
2020-07-21 10:56:33,059	INFO	Total steps: 0	Episode: 5080/455	Avg reward: -15.05	Avg steps: 561
2020-07-21 10:58:47,711	INFO	Total steps: 0	Episode: 5100/659	Avg reward: -14.35	Avg steps: 562
2020-07-21 11:01:01,608	INFO	Total steps: 0	Episode: 5120/640	Avg reward: -15.20	Avg steps: 555
2020-07-21 11:03:05,676	INFO	Total steps: 0	Episode: 5140/374	Avg reward: -15.15	Avg steps: 508
2020-07-21 11:05:26,307	INFO	Total steps: 0	Episode: 5160/662	Avg reward: -14.65	Avg steps: 586
2020-07-21 11:07:30,242	INFO	Total steps: 0	Episode: 5180/325	Avg reward: -15.60	Avg steps: 520
2020-07-21 11:09:45,288	INFO	Total steps: 0	Episode: 5200/472	Avg reward: -14.90	Avg steps: 576
2020-07-21 11:11:52,058	INFO	Total steps: 0	Episode: 5220/750	Avg reward: -15.45	Avg steps: 540
2020-07-21 11:14:12,508	INFO	Total steps: 0	Episode: 5240/574	Avg reward: -14.70	Avg steps: 589
2020-07-21 11:16:36,266	INFO	Total steps: 0	Episode: 5260/625	Avg reward: -14.65	Avg steps: 603
2020-07-21 11:18:47,411	INFO	Total steps: 0	Episode: 5280/574	Avg reward: -14.30	Avg steps: 553
2020-07-21 11:21:02,788	INFO	Total steps: 0	Episode: 5300/603	Avg reward: -14.65	Avg steps: 575
2020-07-21 11:23:24,049	INFO	Total steps: 0	Episode: 5320/626	Avg reward: -14.80	Avg steps: 558
2020-07-21 11:25:43,727	INFO	Total steps: 0	Episode: 5340/621	Avg reward: -14.55	Avg steps: 593
2020-07-21 11:27:54,817	INFO	Total steps: 0	Episode: 5360/587	Avg reward: -14.95	Avg steps: 549
2020-07-21 11:30:18,953	INFO	Total steps: 0	Episode: 5380/540	Avg reward: -14.25	Avg steps: 599
2020-07-21 11:32:28,497	INFO	Total steps: 0	Episode: 5400/534	Avg reward: -14.85	Avg steps: 549
2020-07-21 11:34:46,808	INFO	Total steps: 0	Episode: 5420/664	Avg reward: -14.45	Avg steps: 567
2020-07-21 11:36:58,103	INFO	Total steps: 0	Episode: 5440/636	Avg reward: -16.10	Avg steps: 538
2020-07-21 11:39:06,760	INFO	Total steps: 0	Episode: 5460/529	Avg reward: -15.75	Avg steps: 541
2020-07-21 11:41:30,744	INFO	Total steps: 0	Episode: 5480/501	Avg reward: -14.80	Avg steps: 588
2020-07-21 11:43:52,477	INFO	Total steps: 0	Episode: 5500/431	Avg reward: -14.35	Avg steps: 579
2020-07-21 11:46:01,169	INFO	Total steps: 0	Episode: 5520/475	Avg reward: -14.45	Avg steps: 528
2020-07-21 11:48:27,002	INFO	Total steps: 0	Episode: 5540/466	Avg reward: -14.80	Avg steps: 602
2020-07-21 11:50:47,385	INFO	Total steps: 0	Episode: 5560/449	Avg reward: -15.30	Avg steps: 580
2020-07-21 11:53:00,044	INFO	Total steps: 0	Episode: 5580/672	Avg reward: -14.45	Avg steps: 548
2020-07-21 11:55:20,780	INFO	Total steps: 0	Episode: 5600/490	Avg reward: -14.40	Avg steps: 594
2020-07-21 11:57:28,169	INFO	Total steps: 0	Episode: 5620/592	Avg reward: -15.10	Avg steps: 530
2020-07-21 11:59:33,174	INFO	Total steps: 0	Episode: 5640/414	Avg reward: -14.75	Avg steps: 520
2020-07-21 12:01:40,694	INFO	Total steps: 0	Episode: 5660/446	Avg reward: -15.45	Avg steps: 522
2020-07-21 12:04:06,767	INFO	Total steps: 0	Episode: 5680/500	Avg reward: -13.60	Avg steps: 606
2020-07-21 12:06:27,261	INFO	Total steps: 0	Episode: 5700/892	Avg reward: -14.50	Avg steps: 593
2020-07-21 12:08:39,395	INFO	Total steps: 0	Episode: 5720/635	Avg reward: -14.50	Avg steps: 556
2020-07-21 12:10:56,561	INFO	Total steps: 0	Episode: 5740/487	Avg reward: -14.80	Avg steps: 565
2020-07-21 12:13:04,575	INFO	Total steps: 0	Episode: 5760/482	Avg reward: -15.85	Avg steps: 530
2020-07-21 12:15:21,529	INFO	Total steps: 0	Episode: 5780/580	Avg reward: -15.05	Avg steps: 574
2020-07-21 12:17:37,388	INFO	Total steps: 0	Episode: 5800/538	Avg reward: -14.75	Avg steps: 559
2020-07-21 12:19:54,590	INFO	Total steps: 0	Episode: 5820/555	Avg reward: -13.75	Avg steps: 555
2020-07-21 12:22:16,865	INFO	Total steps: 0	Episode: 5840/626	Avg reward: -14.55	Avg steps: 581
2020-07-21 12:24:28,446	INFO	Total steps: 0	Episode: 5860/608	Avg reward: -15.05	Avg steps: 537
2020-07-21 12:26:39,969	INFO	Total steps: 0	Episode: 5880/412	Avg reward: -14.85	Avg steps: 549
2020-07-21 12:28:59,507	INFO	Total steps: 0	Episode: 5900/417	Avg reward: -15.00	Avg steps: 576
2020-07-21 12:31:12,104	INFO	Total steps: 0	Episode: 5920/656	Avg reward: -15.40	Avg steps: 540
2020-07-21 12:33:25,698	INFO	Total steps: 0	Episode: 5940/520	Avg reward: -15.20	Avg steps: 542
2020-07-21 12:35:48,453	INFO	Total steps: 0	Episode: 5960/510	Avg reward: -14.60	Avg steps: 587
2020-07-21 12:37:57,496	INFO	Total steps: 0	Episode: 5980/544	Avg reward: -15.00	Avg steps: 532
2020-07-21 12:40:16,657	INFO	Total steps: 0	Episode: 6000/762	Avg reward: -15.25	Avg steps: 575
