2020-07-01 22:21:14,645	INFO	--width 160 --height 160 --ball 1.0 --ball-size 2.0 --snell 1.0 --snell-width 80.0 --snell-change 0.0 --snell-visible none --paddle-speed 1.0 --paddle-angle 60.0 --paddle-length 20.0 --update-prob 0.3 --state binary --learning-rate 0.0001 --network dqn_pong_model --render False --epsdecay 1000 --episodes 4000 --replay 10000 --checkpoint dqn_pong_model --history history.p --store-dir ../experiments/snell_width.80.0-paddle_length.20.0-paddle_angle.60.0-update_prob.0.3 
2020-07-01 22:21:14,645	INFO	Device: cuda
2020-07-01 22:24:19,500	INFO	Total steps: 13845	Episode: 20/615	Avg reward: -18.75	Avg steps: 691
2020-07-01 22:32:43,750	INFO	Total steps: 28801	Episode: 40/648	Avg reward: -18.15	Avg steps: 746
2020-07-01 22:42:16,185	INFO	Total steps: 45862	Episode: 60/925	Avg reward: -18.05	Avg steps: 852
2020-07-01 22:51:56,422	INFO	Total steps: 63103	Episode: 80/1087	Avg reward: -18.30	Avg steps: 861
2020-07-01 23:01:43,578	INFO	Total steps: 80663	Episode: 100/1094	Avg reward: -18.15	Avg steps: 877
2020-07-01 23:16:25,396	INFO	Total steps: 97848	Episode: 120/966	Avg reward: -17.90	Avg steps: 858
2020-07-01 23:24:33,393	INFO	Total steps: 115673	Episode: 140/813	Avg reward: -17.75	Avg steps: 890
2020-07-01 23:32:02,936	INFO	Total steps: 131759	Episode: 160/855	Avg reward: -17.65	Avg steps: 803
2020-07-01 23:39:58,106	INFO	Total steps: 148990	Episode: 180/931	Avg reward: -18.10	Avg steps: 860
2020-07-01 23:48:00,223	INFO	Total steps: 166522	Episode: 200/716	Avg reward: -17.60	Avg steps: 875
2020-07-01 23:56:04,818	INFO	Total steps: 184033	Episode: 220/600	Avg reward: -18.10	Avg steps: 874
2020-07-02 00:04:47,542	INFO	Total steps: 203012	Episode: 240/1030	Avg reward: -17.60	Avg steps: 947
2020-07-02 00:13:33,889	INFO	Total steps: 222199	Episode: 260/929	Avg reward: -17.65	Avg steps: 958
2020-07-02 00:23:57,624	INFO	Total steps: 244855	Episode: 280/1483	Avg reward: -17.25	Avg steps: 1131
2020-07-02 00:33:10,358	INFO	Total steps: 264898	Episode: 300/1110	Avg reward: -16.90	Avg steps: 1001
2020-07-02 00:43:11,690	INFO	Total steps: 286638	Episode: 320/748	Avg reward: -16.65	Avg steps: 1086
2020-07-02 00:52:14,463	INFO	Total steps: 306341	Episode: 340/882	Avg reward: -17.05	Avg steps: 984
2020-07-02 01:01:31,432	INFO	Total steps: 326501	Episode: 360/727	Avg reward: -16.45	Avg steps: 1007
2020-07-02 01:11:12,625	INFO	Total steps: 347555	Episode: 380/1024	Avg reward: -16.10	Avg steps: 1051
2020-07-02 01:22:40,985	INFO	Total steps: 372470	Episode: 400/1025	Avg reward: -15.05	Avg steps: 1244
2020-07-02 01:34:53,717	INFO	Total steps: 399246	Episode: 420/752	Avg reward: -14.65	Avg steps: 1337
2020-07-02 01:47:23,337	INFO	Total steps: 426165	Episode: 440/1436	Avg reward: -15.10	Avg steps: 1344
2020-07-02 01:59:30,240	INFO	Total steps: 452315	Episode: 460/2193	Avg reward: -13.70	Avg steps: 1306
2020-07-02 02:12:14,502	INFO	Total steps: 479697	Episode: 480/1584	Avg reward: -14.65	Avg steps: 1368
2020-07-02 02:23:42,320	INFO	Total steps: 504476	Episode: 500/1384	Avg reward: -16.05	Avg steps: 1237
2020-07-02 02:35:38,648	INFO	Total steps: 530476	Episode: 520/1187	Avg reward: -14.40	Avg steps: 1299
2020-07-02 02:48:38,498	INFO	Total steps: 558748	Episode: 540/1435	Avg reward: -13.70	Avg steps: 1412
2020-07-02 03:02:40,810	INFO	Total steps: 589346	Episode: 560/1480	Avg reward: -12.65	Avg steps: 1528
2020-07-02 03:15:46,865	INFO	Total steps: 617953	Episode: 580/1841	Avg reward: -13.50	Avg steps: 1429
2020-07-02 03:28:52,148	INFO	Total steps: 646525	Episode: 600/1567	Avg reward: -13.15	Avg steps: 1427
2020-07-02 03:43:05,006	INFO	Total steps: 677582	Episode: 620/1120	Avg reward: -12.45	Avg steps: 1551
2020-07-02 03:57:36,576	INFO	Total steps: 709355	Episode: 640/1517	Avg reward: -11.75	Avg steps: 1587
2020-07-02 04:11:30,854	INFO	Total steps: 739808	Episode: 660/965	Avg reward: -12.05	Avg steps: 1521
2020-07-02 04:25:56,441	INFO	Total steps: 771417	Episode: 680/1040	Avg reward: -11.35	Avg steps: 1579
2020-07-02 04:40:24,752	INFO	Total steps: 803030	Episode: 700/1837	Avg reward: -11.70	Avg steps: 1579
2020-07-02 04:56:38,559	INFO	Total steps: 838435	Episode: 720/1721	Avg reward: -10.80	Avg steps: 1769
2020-07-02 05:12:49,466	INFO	Total steps: 873708	Episode: 740/1355	Avg reward: -10.40	Avg steps: 1762
2020-07-02 05:29:49,728	INFO	Total steps: 910695	Episode: 760/1721	Avg reward: -8.30	Avg steps: 1848
2020-07-02 05:47:00,934	INFO	Total steps: 948100	Episode: 780/1612	Avg reward: -10.20	Avg steps: 1869
2020-07-02 06:05:47,387	INFO	Total steps: 988436	Episode: 800/1852	Avg reward: -7.40	Avg steps: 2015
2020-07-02 06:21:55,593	INFO	Total steps: 1022902	Episode: 820/1096	Avg reward: -10.25	Avg steps: 1722
2020-07-02 06:39:52,283	INFO	Total steps: 1061619	Episode: 840/1684	Avg reward: -8.05	Avg steps: 1934
2020-07-02 06:58:40,044	INFO	Total steps: 1102142	Episode: 860/2276	Avg reward: -7.90	Avg steps: 2025
2020-07-02 07:18:19,340	INFO	Total steps: 1143959	Episode: 880/2031	Avg reward: -7.30	Avg steps: 2089
2020-07-02 07:39:57,963	INFO	Total steps: 1189991	Episode: 900/1438	Avg reward: -2.40	Avg steps: 2300
2020-07-02 08:00:36,262	INFO	Total steps: 1234306	Episode: 920/3191	Avg reward: -6.25	Avg steps: 2214
2020-07-02 08:23:10,318	INFO	Total steps: 1281827	Episode: 940/2551	Avg reward: -1.80	Avg steps: 2375
2020-07-02 08:45:31,766	INFO	Total steps: 1330167	Episode: 960/2858	Avg reward: -1.05	Avg steps: 2416
2020-07-02 09:07:04,238	INFO	Total steps: 1376227	Episode: 980/2095	Avg reward: -0.35	Avg steps: 2302
2020-07-02 09:31:01,703	INFO	Total steps: 1427399	Episode: 1000/2677	Avg reward: -0.60	Avg steps: 2557
2020-07-02 09:51:43,177	INFO	Total steps: 1472124	Episode: 1020/2593	Avg reward: -3.95	Avg steps: 2235
2020-07-02 10:13:59,459	INFO	Total steps: 1519723	Episode: 1040/2056	Avg reward: -0.85	Avg steps: 2378
2020-07-02 10:34:21,647	INFO	Total steps: 1562470	Episode: 1060/2282	Avg reward: -2.15	Avg steps: 2136
2020-07-02 10:56:22,171	INFO	Total steps: 1609435	Episode: 1080/2901	Avg reward: -0.30	Avg steps: 2347
2020-07-02 11:18:07,124	INFO	Total steps: 1656310	Episode: 1100/2946	Avg reward: -1.25	Avg steps: 2342
2020-07-02 11:39:36,008	INFO	Total steps: 1701777	Episode: 1120/1793	Avg reward: 0.40	Avg steps: 2272
2020-07-02 12:03:07,722	INFO	Total steps: 1751663	Episode: 1140/3333	Avg reward: -0.50	Avg steps: 2493
2020-07-02 12:26:34,778	INFO	Total steps: 1802026	Episode: 1160/3059	Avg reward: 1.25	Avg steps: 2517
2020-07-02 12:48:16,327	INFO	Total steps: 1848503	Episode: 1180/2318	Avg reward: 1.50	Avg steps: 2322
2020-07-02 13:09:47,680	INFO	Total steps: 1894676	Episode: 1200/1848	Avg reward: 3.20	Avg steps: 2307
2020-07-02 13:33:41,350	INFO	Total steps: 1946404	Episode: 1220/2167	Avg reward: 1.85	Avg steps: 2585
2020-07-02 13:56:16,753	INFO	Total steps: 1994334	Episode: 1240/2622	Avg reward: 5.80	Avg steps: 2395
2020-07-02 14:19:14,384	INFO	Total steps: 2043544	Episode: 1260/2704	Avg reward: 4.30	Avg steps: 2459
2020-07-02 14:42:31,565	INFO	Total steps: 2093206	Episode: 1280/2909	Avg reward: 5.10	Avg steps: 2482
2020-07-02 15:06:42,526	INFO	Total steps: 2144742	Episode: 1300/2085	Avg reward: 3.25	Avg steps: 2575
2020-07-02 15:31:04,518	INFO	Total steps: 2196351	Episode: 1320/2562	Avg reward: 3.85	Avg steps: 2579
2020-07-02 15:54:12,638	INFO	Total steps: 2244819	Episode: 1340/1887	Avg reward: 4.85	Avg steps: 2422
2020-07-02 16:16:02,620	INFO	Total steps: 2290944	Episode: 1360/2248	Avg reward: 5.35	Avg steps: 2305
2020-07-02 16:38:47,533	INFO	Total steps: 2339219	Episode: 1380/2618	Avg reward: 3.80	Avg steps: 2412
2020-07-02 17:00:24,558	INFO	Total steps: 2385203	Episode: 1400/2463	Avg reward: 7.30	Avg steps: 2298
2020-07-02 17:22:05,387	INFO	Total steps: 2431303	Episode: 1420/2570	Avg reward: 7.75	Avg steps: 2304
2020-07-02 17:44:16,711	INFO	Total steps: 2479216	Episode: 1440/2688	Avg reward: 9.25	Avg steps: 2394
2020-07-02 18:06:00,123	INFO	Total steps: 2525174	Episode: 1460/1423	Avg reward: 7.65	Avg steps: 2296
2020-07-02 18:27:34,504	INFO	Total steps: 2570807	Episode: 1480/2490	Avg reward: 10.30	Avg steps: 2280
2020-07-02 18:49:20,652	INFO	Total steps: 2617043	Episode: 1500/2529	Avg reward: 9.30	Avg steps: 2310
2020-07-02 19:12:03,960	INFO	Total steps: 2664678	Episode: 1520/1737	Avg reward: 10.15	Avg steps: 2380
2020-07-02 19:32:51,094	INFO	Total steps: 2708304	Episode: 1540/1487	Avg reward: 10.65	Avg steps: 2180
2020-07-02 19:53:18,506	INFO	Total steps: 2751603	Episode: 1560/1711	Avg reward: 9.65	Avg steps: 2163
2020-07-02 20:14:51,450	INFO	Total steps: 2797298	Episode: 1580/2905	Avg reward: 9.75	Avg steps: 2283
2020-07-02 20:36:09,069	INFO	Total steps: 2842109	Episode: 1600/1908	Avg reward: 10.25	Avg steps: 2239
2020-07-02 20:58:39,205	INFO	Total steps: 2889428	Episode: 1620/2435	Avg reward: 8.70	Avg steps: 2364
2020-07-02 21:19:50,474	INFO	Total steps: 2933852	Episode: 1640/2274	Avg reward: 10.90	Avg steps: 2220
2020-07-02 21:40:20,190	INFO	Total steps: 2976762	Episode: 1660/2303	Avg reward: 10.70	Avg steps: 2144
2020-07-02 22:01:28,715	INFO	Total steps: 3021408	Episode: 1680/2582	Avg reward: 11.30	Avg steps: 2231
2020-07-02 22:20:59,642	INFO	Total steps: 3062501	Episode: 1700/1865	Avg reward: 11.70	Avg steps: 2053
2020-07-02 22:42:22,120	INFO	Total steps: 3107217	Episode: 1720/2548	Avg reward: 11.10	Avg steps: 2234
2020-07-02 23:02:39,392	INFO	Total steps: 3149939	Episode: 1740/2018	Avg reward: 13.10	Avg steps: 2135
2020-07-02 23:22:29,461	INFO	Total steps: 3191903	Episode: 1760/1701	Avg reward: 11.55	Avg steps: 2097
2020-07-02 23:42:23,388	INFO	Total steps: 3234092	Episode: 1780/1929	Avg reward: 11.85	Avg steps: 2108
2020-07-03 00:02:15,219	INFO	Total steps: 3276647	Episode: 1800/2131	Avg reward: 12.90	Avg steps: 2126
2020-07-03 00:23:54,874	INFO	Total steps: 3322967	Episode: 1820/1956	Avg reward: 11.10	Avg steps: 2315
2020-07-03 00:44:03,420	INFO	Total steps: 3365895	Episode: 1840/1952	Avg reward: 12.85	Avg steps: 2145
2020-07-03 01:03:56,432	INFO	Total steps: 3408464	Episode: 1860/2577	Avg reward: 12.55	Avg steps: 2127
2020-07-03 01:24:45,926	INFO	Total steps: 3452763	Episode: 1880/1813	Avg reward: 13.05	Avg steps: 2213
2020-07-03 01:44:19,473	INFO	Total steps: 3494175	Episode: 1900/1882	Avg reward: 12.50	Avg steps: 2069
2020-07-03 02:02:51,589	INFO	Total steps: 3533433	Episode: 1920/2038	Avg reward: 13.70	Avg steps: 1961
2020-07-03 02:22:34,458	INFO	Total steps: 3575412	Episode: 1940/1971	Avg reward: 12.35	Avg steps: 2097
2020-07-03 02:42:53,223	INFO	Total steps: 3618923	Episode: 1960/2059	Avg reward: 13.70	Avg steps: 2174
2020-07-03 03:03:29,885	INFO	Total steps: 3663043	Episode: 1980/2183	Avg reward: 12.10	Avg steps: 2205
2020-07-03 03:22:40,696	INFO	Total steps: 3704011	Episode: 2000/2591	Avg reward: 13.10	Avg steps: 2047
2020-07-03 03:41:58,738	INFO	Total steps: 3744957	Episode: 2020/1798	Avg reward: 13.90	Avg steps: 2046
2020-07-03 04:00:27,742	INFO	Total steps: 3784135	Episode: 2040/2062	Avg reward: 13.75	Avg steps: 1957
2020-07-03 04:18:14,829	INFO	Total steps: 3821779	Episode: 2060/2044	Avg reward: 13.95	Avg steps: 1881
2020-07-03 04:36:46,048	INFO	Total steps: 3860928	Episode: 2080/1998	Avg reward: 14.65	Avg steps: 1956
2020-07-03 04:55:40,137	INFO	Total steps: 3901009	Episode: 2100/2377	Avg reward: 14.05	Avg steps: 2003
2020-07-03 05:14:20,295	INFO	Total steps: 3940515	Episode: 2120/2074	Avg reward: 14.40	Avg steps: 1974
2020-07-03 05:33:17,058	INFO	Total steps: 3980743	Episode: 2140/1826	Avg reward: 14.10	Avg steps: 2010
2020-07-03 05:51:56,683	INFO	Total steps: 4020583	Episode: 2160/1923	Avg reward: 14.60	Avg steps: 1991
2020-07-03 06:10:47,690	INFO	Total steps: 4060880	Episode: 2180/1925	Avg reward: 14.85	Avg steps: 2013
2020-07-03 06:29:43,242	INFO	Total steps: 4101344	Episode: 2200/1743	Avg reward: 15.35	Avg steps: 2022
2020-07-03 06:46:51,132	INFO	Total steps: 4137734	Episode: 2220/2697	Avg reward: 14.85	Avg steps: 1818
2020-07-03 07:04:38,591	INFO	Total steps: 4175293	Episode: 2240/2219	Avg reward: 15.05	Avg steps: 1876
2020-07-03 07:22:44,456	INFO	Total steps: 4213856	Episode: 2260/1739	Avg reward: 15.25	Avg steps: 1927
2020-07-03 07:41:08,388	INFO	Total steps: 4253172	Episode: 2280/1533	Avg reward: 14.30	Avg steps: 1964
2020-07-03 07:58:40,936	INFO	Total steps: 4290559	Episode: 2300/1830	Avg reward: 16.40	Avg steps: 1868
2020-07-03 08:17:20,753	INFO	Total steps: 4330289	Episode: 2320/1800	Avg reward: 14.95	Avg steps: 1985
2020-07-03 08:36:50,924	INFO	Total steps: 4371906	Episode: 2340/1698	Avg reward: 15.45	Avg steps: 2079
2020-07-03 08:55:06,537	INFO	Total steps: 4410767	Episode: 2360/2064	Avg reward: 14.80	Avg steps: 1942
2020-07-03 09:13:44,785	INFO	Total steps: 4449815	Episode: 2380/2594	Avg reward: 15.40	Avg steps: 1951
2020-07-03 09:32:09,742	INFO	Total steps: 4488309	Episode: 2400/1875	Avg reward: 15.95	Avg steps: 1923
2020-07-03 09:50:16,512	INFO	Total steps: 4526697	Episode: 2420/2267	Avg reward: 15.00	Avg steps: 1918
2020-07-03 10:08:27,593	INFO	Total steps: 4565215	Episode: 2440/2031	Avg reward: 15.45	Avg steps: 1924
2020-07-03 10:26:44,434	INFO	Total steps: 4604046	Episode: 2460/1787	Avg reward: 15.10	Avg steps: 1940
2020-07-03 10:45:25,599	INFO	Total steps: 4643643	Episode: 2480/2136	Avg reward: 15.30	Avg steps: 1978
2020-07-03 11:04:09,341	INFO	Total steps: 4683127	Episode: 2500/1906	Avg reward: 14.55	Avg steps: 1973
2020-07-03 11:22:35,257	INFO	Total steps: 4721199	Episode: 2520/2047	Avg reward: 16.30	Avg steps: 1902
2020-07-03 11:40:54,389	INFO	Total steps: 4759641	Episode: 2540/1964	Avg reward: 16.30	Avg steps: 1921
2020-07-03 12:00:15,441	INFO	Total steps: 4799887	Episode: 2560/2531	Avg reward: 15.85	Avg steps: 2011
2020-07-03 12:19:49,778	INFO	Total steps: 4840706	Episode: 2580/2060	Avg reward: 15.95	Avg steps: 2039
2020-07-03 12:38:10,499	INFO	Total steps: 4879198	Episode: 2600/2215	Avg reward: 16.25	Avg steps: 1923
2020-07-03 12:55:14,689	INFO	Total steps: 4915260	Episode: 2620/2236	Avg reward: 16.30	Avg steps: 1802
2020-07-03 13:12:34,789	INFO	Total steps: 4951712	Episode: 2640/1590	Avg reward: 16.55	Avg steps: 1821
2020-07-03 13:29:37,248	INFO	Total steps: 4987434	Episode: 2660/1486	Avg reward: 16.80	Avg steps: 1785
2020-07-03 13:47:44,672	INFO	Total steps: 5025114	Episode: 2680/2253	Avg reward: 16.65	Avg steps: 1883
2020-07-03 14:05:17,696	INFO	Total steps: 5061834	Episode: 2700/1693	Avg reward: 15.95	Avg steps: 1835
2020-07-03 14:23:05,834	INFO	Total steps: 5098829	Episode: 2720/1896	Avg reward: 16.20	Avg steps: 1848
2020-07-03 14:40:56,373	INFO	Total steps: 5135950	Episode: 2740/1896	Avg reward: 16.75	Avg steps: 1855
2020-07-03 14:58:30,075	INFO	Total steps: 5172490	Episode: 2760/1922	Avg reward: 16.15	Avg steps: 1826
2020-07-03 15:16:08,830	INFO	Total steps: 5209675	Episode: 2780/1355	Avg reward: 16.25	Avg steps: 1858
2020-07-03 15:34:27,156	INFO	Total steps: 5248341	Episode: 2800/1859	Avg reward: 15.55	Avg steps: 1932
2020-07-03 15:51:55,545	INFO	Total steps: 5285088	Episode: 2820/1767	Avg reward: 14.90	Avg steps: 1836
2020-07-03 16:10:10,621	INFO	Total steps: 5323395	Episode: 2840/1797	Avg reward: 16.10	Avg steps: 1914
2020-07-03 16:27:46,633	INFO	Total steps: 5360346	Episode: 2860/2481	Avg reward: 16.20	Avg steps: 1846
2020-07-03 16:46:01,425	INFO	Total steps: 5398439	Episode: 2880/1909	Avg reward: 16.50	Avg steps: 1903
2020-07-03 17:04:13,560	INFO	Total steps: 5436342	Episode: 2900/1867	Avg reward: 16.45	Avg steps: 1894
2020-07-03 17:22:30,350	INFO	Total steps: 5474480	Episode: 2920/2512	Avg reward: 16.45	Avg steps: 1905
2020-07-03 17:40:22,157	INFO	Total steps: 5512063	Episode: 2940/2329	Avg reward: 15.95	Avg steps: 1878
2020-07-03 17:58:52,825	INFO	Total steps: 5550775	Episode: 2960/1717	Avg reward: 15.60	Avg steps: 1934
2020-07-03 18:16:12,929	INFO	Total steps: 5586892	Episode: 2980/1670	Avg reward: 16.90	Avg steps: 1804
2020-07-03 18:34:16,886	INFO	Total steps: 5624536	Episode: 3000/1399	Avg reward: 16.20	Avg steps: 1881
2020-07-03 18:52:58,079	INFO	Total steps: 5663551	Episode: 3020/1743	Avg reward: 15.25	Avg steps: 1949
2020-07-03 19:11:43,701	INFO	Total steps: 5702959	Episode: 3040/1673	Avg reward: 15.60	Avg steps: 1969
2020-07-03 19:31:19,418	INFO	Total steps: 5744298	Episode: 3060/2340	Avg reward: 16.60	Avg steps: 2065
2020-07-03 19:48:45,429	INFO	Total steps: 5781019	Episode: 3080/1744	Avg reward: 17.45	Avg steps: 1835
2020-07-03 20:08:22,326	INFO	Total steps: 5822042	Episode: 3100/1577	Avg reward: 15.60	Avg steps: 2050
2020-07-03 20:26:03,009	INFO	Total steps: 5859270	Episode: 3120/1848	Avg reward: 16.00	Avg steps: 1860
2020-07-03 20:43:33,783	INFO	Total steps: 5896294	Episode: 3140/1942	Avg reward: 16.40	Avg steps: 1850
2020-07-03 21:03:03,748	INFO	Total steps: 5937483	Episode: 3160/1647	Avg reward: 15.80	Avg steps: 2058
2020-07-03 21:17:43,905	INFO	Total steps: 5976151	Episode: 3180/1882	Avg reward: 17.40	Avg steps: 1932
2020-07-03 21:29:38,848	INFO	Total steps: 6016390	Episode: 3200/2512	Avg reward: 16.20	Avg steps: 2010
2020-07-03 21:40:32,948	INFO	Total steps: 6053041	Episode: 3220/2256	Avg reward: 15.60	Avg steps: 1831
2020-07-03 21:52:21,802	INFO	Total steps: 6092967	Episode: 3240/1824	Avg reward: 16.35	Avg steps: 1995
2020-07-03 22:03:22,257	INFO	Total steps: 6129966	Episode: 3260/1949	Avg reward: 17.40	Avg steps: 1848
2020-07-03 22:14:57,925	INFO	Total steps: 6169006	Episode: 3280/1607	Avg reward: 15.95	Avg steps: 1951
2020-07-03 22:26:49,700	INFO	Total steps: 6209054	Episode: 3300/1570	Avg reward: 16.35	Avg steps: 2001
2020-07-03 22:38:14,984	INFO	Total steps: 6247460	Episode: 3320/1787	Avg reward: 17.15	Avg steps: 1919
2020-07-03 22:49:58,711	INFO	Total steps: 6287079	Episode: 3340/1630	Avg reward: 15.75	Avg steps: 1979
2020-07-03 23:01:25,821	INFO	Total steps: 6325708	Episode: 3360/1386	Avg reward: 16.55	Avg steps: 1930
2020-07-03 23:12:10,688	INFO	Total steps: 6362143	Episode: 3380/1717	Avg reward: 17.60	Avg steps: 1820
2020-07-03 23:22:57,766	INFO	Total steps: 6398471	Episode: 3400/1960	Avg reward: 16.55	Avg steps: 1815
2020-07-03 23:34:03,663	INFO	Total steps: 6435960	Episode: 3420/2057	Avg reward: 17.05	Avg steps: 1873
2020-07-03 23:45:27,938	INFO	Total steps: 6474526	Episode: 3440/2248	Avg reward: 16.10	Avg steps: 1927
2020-07-03 23:56:26,391	INFO	Total steps: 6511443	Episode: 3460/1797	Avg reward: 16.50	Avg steps: 1844
2020-07-04 00:07:26,061	INFO	Total steps: 6548531	Episode: 3480/1934	Avg reward: 16.20	Avg steps: 1853
2020-07-04 00:18:39,386	INFO	Total steps: 6586334	Episode: 3500/1748	Avg reward: 16.65	Avg steps: 1889
2020-07-04 00:30:01,458	INFO	Total steps: 6624736	Episode: 3520/2108	Avg reward: 16.60	Avg steps: 1919
2020-07-04 00:40:48,843	INFO	Total steps: 6660960	Episode: 3540/1663	Avg reward: 17.10	Avg steps: 1810
2020-07-04 00:52:00,718	INFO	Total steps: 6698506	Episode: 3560/1904	Avg reward: 16.30	Avg steps: 1876
2020-07-04 01:03:30,924	INFO	Total steps: 6737350	Episode: 3580/1767	Avg reward: 16.05	Avg steps: 1941
2020-07-04 01:14:27,961	INFO	Total steps: 6773743	Episode: 3600/1549	Avg reward: 17.10	Avg steps: 1818
2020-07-04 01:25:28,043	INFO	Total steps: 6809876	Episode: 3620/1747	Avg reward: 15.85	Avg steps: 1805
2020-07-04 01:36:45,514	INFO	Total steps: 6847345	Episode: 3640/1606	Avg reward: 16.60	Avg steps: 1872
2020-07-04 01:48:54,844	INFO	Total steps: 6887399	Episode: 3660/1985	Avg reward: 16.45	Avg steps: 2001
2020-07-04 02:00:17,463	INFO	Total steps: 6925078	Episode: 3680/1688	Avg reward: 15.35	Avg steps: 1882
2020-07-04 02:11:52,000	INFO	Total steps: 6963376	Episode: 3700/2425	Avg reward: 16.05	Avg steps: 1913
2020-07-04 02:23:46,424	INFO	Total steps: 7002777	Episode: 3720/1751	Avg reward: 16.05	Avg steps: 1969
2020-07-04 02:36:22,159	INFO	Total steps: 7044119	Episode: 3740/1746	Avg reward: 16.10	Avg steps: 2066
2020-07-04 02:47:55,580	INFO	Total steps: 7082011	Episode: 3760/1523	Avg reward: 16.00	Avg steps: 1893
2020-07-04 02:59:17,229	INFO	Total steps: 7119646	Episode: 3780/2096	Avg reward: 16.30	Avg steps: 1880
2020-07-04 03:11:19,197	INFO	Total steps: 7159293	Episode: 3800/2155	Avg reward: 15.10	Avg steps: 1981
2020-07-04 03:22:51,777	INFO	Total steps: 7197365	Episode: 3820/2595	Avg reward: 16.50	Avg steps: 1902
2020-07-04 03:34:21,623	INFO	Total steps: 7235220	Episode: 3840/1787	Avg reward: 15.60	Avg steps: 1891
2020-07-04 03:45:36,241	INFO	Total steps: 7272160	Episode: 3860/1585	Avg reward: 15.55	Avg steps: 1846
2020-07-04 03:56:43,291	INFO	Total steps: 7308771	Episode: 3880/1830	Avg reward: 15.45	Avg steps: 1829
2020-07-04 04:08:00,352	INFO	Total steps: 7346061	Episode: 3900/2556	Avg reward: 15.50	Avg steps: 1863
2020-07-04 04:18:28,358	INFO	Total steps: 7380780	Episode: 3920/2193	Avg reward: 17.05	Avg steps: 1734
2020-07-04 04:29:47,109	INFO	Total steps: 7418305	Episode: 3940/2103	Avg reward: 16.65	Avg steps: 1875
2020-07-04 04:40:41,632	INFO	Total steps: 7454396	Episode: 3960/1521	Avg reward: 16.65	Avg steps: 1803
2020-07-04 04:51:33,190	INFO	Total steps: 7490153	Episode: 3980/1524	Avg reward: 16.05	Avg steps: 1786
2020-07-04 05:02:25,851	INFO	Total steps: 7525872	Episode: 4000/1999	Avg reward: 17.20	Avg steps: 1784
2020-07-06 17:24:41,924	INFO	--width 160 --height 160 --ball 1.0 --ball-size 2.0 --snell 1.0 --snell-width 80.0 --snell-change 0.0 --snell-visible none --paddle-speed 1.0 --paddle-angle 60.0 --paddle-length 20.0 --update-prob 0.3 --state binary --learning-rate 0.0001 --network dqn_pong_model --render False --epsdecay 1000 --episodes 4000 --replay 10000 --checkpoint dqn_pong_model --history history.p --store-dir ../experiments/snell_width.80.0-paddle_length.20.0-paddle_angle.60.0-update_prob.0.3 
2020-07-06 17:24:42,084	INFO	Device: cuda
2020-07-06 17:27:09,138	INFO	Total steps: 13282	Episode: 20/911	Avg reward: -19.20	Avg steps: 663
2020-07-06 17:33:55,552	INFO	Total steps: 28409	Episode: 40/827	Avg reward: -18.95	Avg steps: 755
2020-07-06 17:41:11,979	INFO	Total steps: 44643	Episode: 60/767	Avg reward: -18.80	Avg steps: 810
2020-07-06 17:47:50,704	INFO	Total steps: 59422	Episode: 80/747	Avg reward: -18.60	Avg steps: 737
2020-07-06 17:55:02,173	INFO	Total steps: 75424	Episode: 100/759	Avg reward: -18.30	Avg steps: 799
2020-07-06 18:01:49,887	INFO	Total steps: 90504	Episode: 120/679	Avg reward: -18.65	Avg steps: 753
2020-07-06 18:09:07,516	INFO	Total steps: 106724	Episode: 140/676	Avg reward: -18.65	Avg steps: 810
2020-07-06 18:17:04,890	INFO	Total steps: 124309	Episode: 160/855	Avg reward: -18.50	Avg steps: 878
2020-07-06 18:24:31,964	INFO	Total steps: 140767	Episode: 180/798	Avg reward: -17.95	Avg steps: 821
2020-07-06 18:33:14,991	INFO	Total steps: 159966	Episode: 200/1122	Avg reward: -17.75	Avg steps: 958
2020-07-06 18:41:30,370	INFO	Total steps: 178180	Episode: 220/958	Avg reward: -17.20	Avg steps: 909
2020-07-06 18:49:40,260	INFO	Total steps: 196154	Episode: 240/696	Avg reward: -18.05	Avg steps: 897
2020-07-06 18:58:45,294	INFO	Total steps: 216195	Episode: 260/1081	Avg reward: -16.90	Avg steps: 1001
2020-07-06 19:08:24,739	INFO	Total steps: 237429	Episode: 280/1457	Avg reward: -16.75	Avg steps: 1060
2020-07-06 19:18:00,351	INFO	Total steps: 258602	Episode: 300/1122	Avg reward: -16.70	Avg steps: 1057
2020-07-06 19:27:40,527	INFO	Total steps: 279794	Episode: 320/1233	Avg reward: -16.75	Avg steps: 1058
2020-07-06 19:37:42,403	INFO	Total steps: 301773	Episode: 340/1805	Avg reward: -16.75	Avg steps: 1097
2020-07-06 19:48:51,402	INFO	Total steps: 326169	Episode: 360/758	Avg reward: -14.25	Avg steps: 1218
2020-07-06 19:59:35,532	INFO	Total steps: 349620	Episode: 380/1368	Avg reward: -15.35	Avg steps: 1171
2020-07-06 20:10:38,559	INFO	Total steps: 373729	Episode: 400/1234	Avg reward: -15.70	Avg steps: 1204
2020-07-06 20:20:35,196	INFO	Total steps: 395415	Episode: 420/1206	Avg reward: -15.80	Avg steps: 1083
2020-07-06 20:31:21,791	INFO	Total steps: 418861	Episode: 440/1066	Avg reward: -15.70	Avg steps: 1171
2020-07-06 20:43:08,826	INFO	Total steps: 444422	Episode: 460/1578	Avg reward: -14.95	Avg steps: 1277
2020-07-06 20:55:33,619	INFO	Total steps: 471382	Episode: 480/1136	Avg reward: -13.90	Avg steps: 1347
2020-07-06 21:06:56,041	INFO	Total steps: 496097	Episode: 500/1655	Avg reward: -14.25	Avg steps: 1234
2020-07-06 21:19:18,361	INFO	Total steps: 522936	Episode: 520/1311	Avg reward: -14.50	Avg steps: 1340
2020-07-06 21:31:25,494	INFO	Total steps: 549280	Episode: 540/1510	Avg reward: -14.65	Avg steps: 1316
2020-07-06 21:43:36,411	INFO	Total steps: 575668	Episode: 560/1433	Avg reward: -13.80	Avg steps: 1318
2020-07-06 21:54:40,976	INFO	Total steps: 599676	Episode: 580/1489	Avg reward: -14.70	Avg steps: 1199
2020-07-06 22:08:04,130	INFO	Total steps: 628689	Episode: 600/1621	Avg reward: -13.20	Avg steps: 1449
2020-07-06 22:20:50,879	INFO	Total steps: 656332	Episode: 620/1491	Avg reward: -13.35	Avg steps: 1381
2020-07-06 22:34:49,794	INFO	Total steps: 686606	Episode: 640/882	Avg reward: -11.50	Avg steps: 1512
2020-07-06 22:47:59,745	INFO	Total steps: 715064	Episode: 660/1415	Avg reward: -12.70	Avg steps: 1421
2020-07-06 23:02:51,201	INFO	Total steps: 747145	Episode: 680/1947	Avg reward: -11.90	Avg steps: 1603
2020-07-06 23:18:48,066	INFO	Total steps: 781597	Episode: 700/2109	Avg reward: -11.05	Avg steps: 1721
2020-07-06 23:34:10,087	INFO	Total steps: 814729	Episode: 720/1292	Avg reward: -11.85	Avg steps: 1655
2020-07-06 23:50:28,074	INFO	Total steps: 849821	Episode: 740/1538	Avg reward: -10.40	Avg steps: 1753
2020-07-07 00:07:04,434	INFO	Total steps: 885577	Episode: 760/1865	Avg reward: -9.95	Avg steps: 1786
2020-07-07 00:25:41,386	INFO	Total steps: 925630	Episode: 780/2117	Avg reward: -8.90	Avg steps: 2001
2020-07-07 00:40:33,419	INFO	Total steps: 957532	Episode: 800/1208	Avg reward: -10.65	Avg steps: 1594
2020-07-07 00:57:01,871	INFO	Total steps: 993046	Episode: 820/2063	Avg reward: -10.30	Avg steps: 1774
2020-07-07 01:14:07,585	INFO	Total steps: 1029918	Episode: 840/1783	Avg reward: -9.70	Avg steps: 1842
2020-07-07 01:32:37,383	INFO	Total steps: 1069957	Episode: 860/2163	Avg reward: -6.65	Avg steps: 2000
2020-07-07 01:53:47,463	INFO	Total steps: 1115654	Episode: 880/1854	Avg reward: -7.10	Avg steps: 2283
2020-07-07 02:15:07,004	INFO	Total steps: 1161645	Episode: 900/2887	Avg reward: -4.10	Avg steps: 2298
2020-07-07 02:34:59,989	INFO	Total steps: 1204494	Episode: 920/2184	Avg reward: -4.75	Avg steps: 2141
2020-07-07 02:53:34,808	INFO	Total steps: 1244516	Episode: 940/1789	Avg reward: -7.70	Avg steps: 2000
2020-07-07 03:13:16,334	INFO	Total steps: 1286864	Episode: 960/2423	Avg reward: -5.50	Avg steps: 2116
2020-07-07 03:32:31,674	INFO	Total steps: 1328236	Episode: 980/2162	Avg reward: -3.80	Avg steps: 2067
2020-07-07 03:53:31,935	INFO	Total steps: 1373345	Episode: 1000/2248	Avg reward: -2.40	Avg steps: 2254
2020-07-07 04:15:41,387	INFO	Total steps: 1420994	Episode: 1020/1995	Avg reward: -0.40	Avg steps: 2381
2020-07-07 04:35:48,718	INFO	Total steps: 1464250	Episode: 1040/2391	Avg reward: -4.00	Avg steps: 2161
2020-07-07 04:59:48,587	INFO	Total steps: 1515830	Episode: 1060/2573	Avg reward: 0.35	Avg steps: 2578
2020-07-07 05:21:30,710	INFO	Total steps: 1562441	Episode: 1080/2693	Avg reward: 2.10	Avg steps: 2329
2020-07-07 05:44:11,804	INFO	Total steps: 1611146	Episode: 1100/1918	Avg reward: -1.00	Avg steps: 2434
2020-07-07 06:05:16,943	INFO	Total steps: 1656367	Episode: 1120/1399	Avg reward: 0.15	Avg steps: 2260
2020-07-07 06:26:27,103	INFO	Total steps: 1701768	Episode: 1140/2352	Avg reward: 1.20	Avg steps: 2269
2020-07-07 06:48:37,043	INFO	Total steps: 1749240	Episode: 1160/2387	Avg reward: 1.60	Avg steps: 2372
2020-07-07 07:11:43,091	INFO	Total steps: 1798766	Episode: 1180/2803	Avg reward: 2.60	Avg steps: 2475
2020-07-07 07:33:15,477	INFO	Total steps: 1844875	Episode: 1200/3096	Avg reward: 0.10	Avg steps: 2304
2020-07-07 07:55:23,139	INFO	Total steps: 1892227	Episode: 1220/2243	Avg reward: 2.80	Avg steps: 2366
2020-07-07 08:18:38,977	INFO	Total steps: 1941912	Episode: 1240/2569	Avg reward: 0.25	Avg steps: 2483
2020-07-07 08:39:39,709	INFO	Total steps: 1986787	Episode: 1260/2557	Avg reward: 2.70	Avg steps: 2242
2020-07-07 09:02:57,006	INFO	Total steps: 2036468	Episode: 1280/2427	Avg reward: 2.65	Avg steps: 2483
2020-07-07 09:26:24,873	INFO	Total steps: 2086555	Episode: 1300/2005	Avg reward: 4.55	Avg steps: 2503
2020-07-07 09:48:17,710	INFO	Total steps: 2133204	Episode: 1320/2623	Avg reward: 4.75	Avg steps: 2331
2020-07-07 10:09:40,429	INFO	Total steps: 2178830	Episode: 1340/1918	Avg reward: 5.40	Avg steps: 2280
2020-07-07 10:31:35,675	INFO	Total steps: 2225623	Episode: 1360/2603	Avg reward: 7.10	Avg steps: 2338
2020-07-07 10:52:08,040	INFO	Total steps: 2269416	Episode: 1380/2197	Avg reward: 8.25	Avg steps: 2188
2020-07-07 11:12:58,183	INFO	Total steps: 2313813	Episode: 1400/2352	Avg reward: 7.00	Avg steps: 2218
2020-07-07 11:35:17,734	INFO	Total steps: 2361361	Episode: 1420/3826	Avg reward: 7.70	Avg steps: 2376
2020-07-07 11:57:29,911	INFO	Total steps: 2408649	Episode: 1440/2116	Avg reward: 9.30	Avg steps: 2363
2020-07-07 12:19:56,444	INFO	Total steps: 2456417	Episode: 1460/2984	Avg reward: 7.45	Avg steps: 2387
2020-07-07 12:41:53,997	INFO	Total steps: 2503113	Episode: 1480/2732	Avg reward: 7.90	Avg steps: 2333
2020-07-07 13:04:44,148	INFO	Total steps: 2551612	Episode: 1500/2097	Avg reward: 7.00	Avg steps: 2423
2020-07-07 13:25:34,298	INFO	Total steps: 2596504	Episode: 1520/2702	Avg reward: 8.65	Avg steps: 2243
2020-07-07 13:45:53,192	INFO	Total steps: 2639584	Episode: 1540/2949	Avg reward: 8.85	Avg steps: 2153
2020-07-07 14:06:25,712	INFO	Total steps: 2683154	Episode: 1560/2901	Avg reward: 11.15	Avg steps: 2177
2020-07-07 14:27:50,892	INFO	Total steps: 2728593	Episode: 1580/2321	Avg reward: 9.00	Avg steps: 2270
2020-07-07 14:49:50,457	INFO	Total steps: 2775186	Episode: 1600/1802	Avg reward: 7.70	Avg steps: 2328
2020-07-07 15:12:26,045	INFO	Total steps: 2823012	Episode: 1620/2138	Avg reward: 7.65	Avg steps: 2390
2020-07-07 15:33:16,945	INFO	Total steps: 2867177	Episode: 1640/2388	Avg reward: 9.70	Avg steps: 2207
2020-07-07 15:56:03,787	INFO	Total steps: 2915372	Episode: 1660/2388	Avg reward: 8.70	Avg steps: 2408
2020-07-07 16:17:21,255	INFO	Total steps: 2960096	Episode: 1680/2150	Avg reward: 9.80	Avg steps: 2235
2020-07-07 16:37:26,498	INFO	Total steps: 3002281	Episode: 1700/2308	Avg reward: 10.00	Avg steps: 2108
2020-07-07 16:57:57,544	INFO	Total steps: 3045340	Episode: 1720/2707	Avg reward: 11.50	Avg steps: 2151
2020-07-07 17:18:25,174	INFO	Total steps: 3088247	Episode: 1740/2465	Avg reward: 10.45	Avg steps: 2144
2020-07-07 17:40:38,268	INFO	Total steps: 3134818	Episode: 1760/1496	Avg reward: 10.70	Avg steps: 2327
2020-07-07 18:01:47,159	INFO	Total steps: 3179098	Episode: 1780/1964	Avg reward: 9.00	Avg steps: 2213
2020-07-07 18:21:44,502	INFO	Total steps: 3220926	Episode: 1800/2259	Avg reward: 12.65	Avg steps: 2090
2020-07-07 18:41:47,300	INFO	Total steps: 3262955	Episode: 1820/1732	Avg reward: 12.10	Avg steps: 2100
2020-07-07 19:02:32,447	INFO	Total steps: 3306408	Episode: 1840/1981	Avg reward: 11.35	Avg steps: 2171
2020-07-07 19:23:39,479	INFO	Total steps: 3350661	Episode: 1860/2464	Avg reward: 11.00	Avg steps: 2211
2020-07-07 19:43:24,348	INFO	Total steps: 3391974	Episode: 1880/1935	Avg reward: 13.05	Avg steps: 2064
2020-07-07 20:02:46,222	INFO	Total steps: 3432379	Episode: 1900/1766	Avg reward: 12.95	Avg steps: 2019
2020-07-07 20:23:42,333	INFO	Total steps: 3476091	Episode: 1920/1979	Avg reward: 12.10	Avg steps: 2184
2020-07-07 20:44:14,392	INFO	Total steps: 3519071	Episode: 1940/2297	Avg reward: 11.60	Avg steps: 2148
2020-07-07 21:04:38,732	INFO	Total steps: 3562043	Episode: 1960/2010	Avg reward: 13.45	Avg steps: 2147
2020-07-07 21:25:19,038	INFO	Total steps: 3605173	Episode: 1980/2060	Avg reward: 13.15	Avg steps: 2155
2020-07-07 21:45:26,031	INFO	Total steps: 3647997	Episode: 2000/2064	Avg reward: 11.60	Avg steps: 2140
2020-07-07 22:05:07,363	INFO	Total steps: 3688606	Episode: 2020/2309	Avg reward: 12.65	Avg steps: 2029
2020-07-07 22:25:25,169	INFO	Total steps: 3730786	Episode: 2040/2155	Avg reward: 12.70	Avg steps: 2108
2020-07-07 22:45:55,143	INFO	Total steps: 3773579	Episode: 2060/2357	Avg reward: 11.80	Avg steps: 2138
2020-07-07 23:04:04,385	INFO	Total steps: 3811532	Episode: 2080/1655	Avg reward: 12.40	Avg steps: 1896
2020-07-07 23:25:00,103	INFO	Total steps: 3855089	Episode: 2100/2017	Avg reward: 12.95	Avg steps: 2176
2020-07-07 23:45:27,030	INFO	Total steps: 3897658	Episode: 2120/2192	Avg reward: 13.40	Avg steps: 2127
2020-07-08 00:05:03,092	INFO	Total steps: 3938665	Episode: 2140/2201	Avg reward: 13.60	Avg steps: 2049
2020-07-08 00:23:59,325	INFO	Total steps: 3978207	Episode: 2160/1968	Avg reward: 13.85	Avg steps: 1976
2020-07-08 00:42:01,871	INFO	Total steps: 4015896	Episode: 2180/2329	Avg reward: 16.10	Avg steps: 1883
2020-07-08 01:00:25,602	INFO	Total steps: 4054513	Episode: 2200/2272	Avg reward: 14.50	Avg steps: 1929
2020-07-08 01:20:13,210	INFO	Total steps: 4096076	Episode: 2220/2105	Avg reward: 13.90	Avg steps: 2077
2020-07-08 01:39:30,682	INFO	Total steps: 4136542	Episode: 2240/2698	Avg reward: 14.90	Avg steps: 2022
2020-07-08 01:59:22,404	INFO	Total steps: 4178009	Episode: 2260/2029	Avg reward: 13.50	Avg steps: 2072
2020-07-08 02:20:16,769	INFO	Total steps: 4221550	Episode: 2280/2569	Avg reward: 14.10	Avg steps: 2176
2020-07-08 02:39:05,689	INFO	Total steps: 4260798	Episode: 2300/2100	Avg reward: 14.15	Avg steps: 1961
2020-07-08 03:00:05,472	INFO	Total steps: 4304567	Episode: 2320/2412	Avg reward: 13.90	Avg steps: 2187
2020-07-08 03:20:38,562	INFO	Total steps: 4347561	Episode: 2340/2475	Avg reward: 14.70	Avg steps: 2148
2020-07-08 03:39:27,665	INFO	Total steps: 4386991	Episode: 2360/2115	Avg reward: 15.00	Avg steps: 1970
2020-07-08 03:58:44,492	INFO	Total steps: 4427383	Episode: 2380/2187	Avg reward: 15.15	Avg steps: 2018
2020-07-08 04:18:13,555	INFO	Total steps: 4468188	Episode: 2400/2225	Avg reward: 14.25	Avg steps: 2039
2020-07-08 04:37:45,559	INFO	Total steps: 4509068	Episode: 2420/1416	Avg reward: 14.55	Avg steps: 2043
2020-07-08 04:56:08,514	INFO	Total steps: 4547572	Episode: 2440/2144	Avg reward: 15.50	Avg steps: 1924
2020-07-08 05:14:27,803	INFO	Total steps: 4585919	Episode: 2460/2141	Avg reward: 15.60	Avg steps: 1916
2020-07-08 05:34:43,014	INFO	Total steps: 4628343	Episode: 2480/2551	Avg reward: 15.05	Avg steps: 2120
2020-07-08 05:54:03,411	INFO	Total steps: 4668799	Episode: 2500/1920	Avg reward: 14.25	Avg steps: 2021
2020-07-08 06:13:34,224	INFO	Total steps: 4709613	Episode: 2520/1782	Avg reward: 15.75	Avg steps: 2039
2020-07-08 06:32:54,003	INFO	Total steps: 4750063	Episode: 2540/1834	Avg reward: 14.85	Avg steps: 2021
2020-07-08 06:51:39,859	INFO	Total steps: 4789305	Episode: 2560/1788	Avg reward: 15.05	Avg steps: 1961
2020-07-08 07:10:04,487	INFO	Total steps: 4827851	Episode: 2580/2029	Avg reward: 15.90	Avg steps: 1926
2020-07-08 07:29:40,886	INFO	Total steps: 4868852	Episode: 2600/1748	Avg reward: 14.90	Avg steps: 2049
2020-07-08 07:48:52,947	INFO	Total steps: 4909041	Episode: 2620/2650	Avg reward: 15.20	Avg steps: 2008
2020-07-08 08:06:38,840	INFO	Total steps: 4946207	Episode: 2640/1626	Avg reward: 16.10	Avg steps: 1857
2020-07-08 08:25:25,936	INFO	Total steps: 4985512	Episode: 2660/1917	Avg reward: 15.65	Avg steps: 1964
2020-07-08 08:44:27,406	INFO	Total steps: 5025337	Episode: 2680/2134	Avg reward: 15.35	Avg steps: 1990
2020-07-08 09:03:57,426	INFO	Total steps: 5066131	Episode: 2700/1962	Avg reward: 14.85	Avg steps: 2038
2020-07-08 09:22:46,076	INFO	Total steps: 5105479	Episode: 2720/2105	Avg reward: 15.45	Avg steps: 1966
2020-07-08 09:41:33,518	INFO	Total steps: 5144761	Episode: 2740/1934	Avg reward: 14.80	Avg steps: 1963
2020-07-08 09:59:59,880	INFO	Total steps: 5183422	Episode: 2760/2382	Avg reward: 15.55	Avg steps: 1932
2020-07-08 10:18:04,560	INFO	Total steps: 5221208	Episode: 2780/1636	Avg reward: 16.30	Avg steps: 1888
2020-07-08 10:36:40,465	INFO	Total steps: 5260091	Episode: 2800/1815	Avg reward: 15.30	Avg steps: 1943
2020-07-08 10:55:41,179	INFO	Total steps: 5299777	Episode: 2820/2316	Avg reward: 14.75	Avg steps: 1983
2020-07-08 11:14:45,229	INFO	Total steps: 5339585	Episode: 2840/1839	Avg reward: 15.15	Avg steps: 1989
2020-07-08 11:33:46,637	INFO	Total steps: 5379261	Episode: 2860/1677	Avg reward: 16.15	Avg steps: 1982
2020-07-08 11:52:13,742	INFO	Total steps: 5417729	Episode: 2880/1815	Avg reward: 16.55	Avg steps: 1922
2020-07-08 12:11:13,631	INFO	Total steps: 5457352	Episode: 2900/1917	Avg reward: 16.00	Avg steps: 1980
2020-07-08 12:29:00,638	INFO	Total steps: 5494441	Episode: 2920/1634	Avg reward: 15.95	Avg steps: 1853
2020-07-08 12:48:22,666	INFO	Total steps: 5534845	Episode: 2940/1945	Avg reward: 15.65	Avg steps: 2019
2020-07-08 13:07:52,041	INFO	Total steps: 5575489	Episode: 2960/1515	Avg reward: 16.00	Avg steps: 2031
2020-07-08 13:26:15,397	INFO	Total steps: 5614790	Episode: 2980/1963	Avg reward: 15.75	Avg steps: 1964
2020-07-08 13:41:18,938	INFO	Total steps: 5650731	Episode: 3000/1797	Avg reward: 16.85	Avg steps: 1796
2020-07-08 14:46:20,517	INFO	Total steps: 5687647	Episode: 3020/2271	Avg reward: 15.80	Avg steps: 1844
2020-07-08 15:04:43,750	INFO	Total steps: 5725951	Episode: 3040/1632	Avg reward: 16.70	Avg steps: 1914
2020-07-08 15:23:51,205	INFO	Total steps: 5765979	Episode: 3060/2056	Avg reward: 17.05	Avg steps: 2000
2020-07-08 15:41:28,164	INFO	Total steps: 5802714	Episode: 3080/1750	Avg reward: 16.60	Avg steps: 1835
2020-07-08 15:59:25,484	INFO	Total steps: 5840110	Episode: 3100/1646	Avg reward: 17.00	Avg steps: 1868
2020-07-08 16:17:30,487	INFO	Total steps: 5877756	Episode: 3120/2108	Avg reward: 16.10	Avg steps: 1881
2020-07-08 16:36:46,132	INFO	Total steps: 5917899	Episode: 3140/1855	Avg reward: 16.00	Avg steps: 2006
2020-07-08 16:55:33,909	INFO	Total steps: 5956930	Episode: 3160/1911	Avg reward: 16.60	Avg steps: 1950
2020-07-08 17:13:00,512	INFO	Total steps: 5997263	Episode: 3180/1999	Avg reward: 16.60	Avg steps: 2015
2020-07-08 17:29:28,576	INFO	Total steps: 6036185	Episode: 3200/1992	Avg reward: 16.35	Avg steps: 1945
2020-07-08 17:45:00,532	INFO	Total steps: 6072792	Episode: 3220/1527	Avg reward: 16.90	Avg steps: 1829
2020-07-08 18:01:49,563	INFO	Total steps: 6113097	Episode: 3240/1707	Avg reward: 15.90	Avg steps: 2014
2020-07-08 18:16:01,299	INFO	Total steps: 6151639	Episode: 3260/1899	Avg reward: 15.80	Avg steps: 1926
2020-07-08 18:30:45,785	INFO	Total steps: 6191696	Episode: 3280/2007	Avg reward: 15.40	Avg steps: 2001
2020-07-08 18:46:06,351	INFO	Total steps: 6233393	Episode: 3300/1774	Avg reward: 15.80	Avg steps: 2083
2020-07-08 19:00:19,311	INFO	Total steps: 6272041	Episode: 3320/2547	Avg reward: 16.85	Avg steps: 1931
2020-07-08 19:14:14,163	INFO	Total steps: 6309846	Episode: 3340/2125	Avg reward: 15.85	Avg steps: 1889
2020-07-08 19:28:18,063	INFO	Total steps: 6348059	Episode: 3360/2436	Avg reward: 16.85	Avg steps: 1909
2020-07-08 19:42:40,205	INFO	Total steps: 6387108	Episode: 3380/2008	Avg reward: 16.35	Avg steps: 1951
2020-07-08 19:57:41,861	INFO	Total steps: 6427927	Episode: 3400/1777	Avg reward: 16.05	Avg steps: 2039
2020-07-08 20:11:51,878	INFO	Total steps: 6466383	Episode: 3420/1516	Avg reward: 16.60	Avg steps: 1921
2020-07-08 20:26:02,332	INFO	Total steps: 6504876	Episode: 3440/2493	Avg reward: 16.70	Avg steps: 1923
2020-07-08 20:41:04,433	INFO	Total steps: 6545683	Episode: 3460/1660	Avg reward: 15.95	Avg steps: 2039
2020-07-08 20:55:20,239	INFO	Total steps: 6584391	Episode: 3480/1784	Avg reward: 17.10	Avg steps: 1934
2020-07-08 21:08:16,053	INFO	Total steps: 6619493	Episode: 3500/2554	Avg reward: 16.80	Avg steps: 1754
2020-07-08 21:21:57,864	INFO	Total steps: 6656667	Episode: 3520/1840	Avg reward: 16.35	Avg steps: 1857
2020-07-08 21:35:26,952	INFO	Total steps: 6693269	Episode: 3540/1785	Avg reward: 16.95	Avg steps: 1829
2020-07-08 21:48:46,436	INFO	Total steps: 6729444	Episode: 3560/1789	Avg reward: 16.70	Avg steps: 1807
2020-07-08 22:01:36,243	INFO	Total steps: 6764309	Episode: 3580/2018	Avg reward: 17.55	Avg steps: 1742
2020-07-08 22:15:17,494	INFO	Total steps: 6801481	Episode: 3600/1718	Avg reward: 16.70	Avg steps: 1857
2020-07-08 22:29:03,453	INFO	Total steps: 6838849	Episode: 3620/1630	Avg reward: 17.05	Avg steps: 1867
2020-07-08 22:42:41,535	INFO	Total steps: 6875863	Episode: 3640/1850	Avg reward: 16.45	Avg steps: 1849
2020-07-08 22:57:11,495	INFO	Total steps: 6915204	Episode: 3660/2075	Avg reward: 16.40	Avg steps: 1966
2020-07-08 23:11:04,010	INFO	Total steps: 6952862	Episode: 3680/2190	Avg reward: 16.60	Avg steps: 1881
2020-07-08 23:25:27,864	INFO	Total steps: 6991912	Episode: 3700/1825	Avg reward: 16.55	Avg steps: 1951
2020-07-08 23:38:34,152	INFO	Total steps: 7027449	Episode: 3720/1824	Avg reward: 17.25	Avg steps: 1775
2020-07-08 23:51:40,806	INFO	Total steps: 7063026	Episode: 3740/1448	Avg reward: 17.00	Avg steps: 1777
2020-07-09 00:06:19,313	INFO	Total steps: 7102717	Episode: 3760/1823	Avg reward: 15.65	Avg steps: 1983
2020-07-09 00:19:54,772	INFO	Total steps: 7139544	Episode: 3780/2208	Avg reward: 16.50	Avg steps: 1840
2020-07-09 00:33:34,327	INFO	Total steps: 7176579	Episode: 3800/1595	Avg reward: 17.00	Avg steps: 1850
2020-07-09 00:48:32,410	INFO	Total steps: 7217214	Episode: 3820/2422	Avg reward: 16.90	Avg steps: 2030
2020-07-09 01:03:19,702	INFO	Total steps: 7257304	Episode: 3840/1795	Avg reward: 16.85	Avg steps: 2003
2020-07-09 01:17:59,596	INFO	Total steps: 7297077	Episode: 3860/2690	Avg reward: 16.35	Avg steps: 1987
2020-07-09 01:32:43,694	INFO	Total steps: 7337025	Episode: 3880/2061	Avg reward: 15.50	Avg steps: 1996
2020-07-09 01:47:51,682	INFO	Total steps: 7378049	Episode: 3900/2087	Avg reward: 15.50	Avg steps: 2050
2020-07-09 02:02:47,689	INFO	Total steps: 7418548	Episode: 3920/2253	Avg reward: 16.40	Avg steps: 2023
2020-07-09 02:17:36,908	INFO	Total steps: 7458756	Episode: 3940/1837	Avg reward: 15.25	Avg steps: 2009
2020-07-09 02:32:26,979	INFO	Total steps: 7498988	Episode: 3960/2332	Avg reward: 16.10	Avg steps: 2010
2020-07-09 02:46:55,269	INFO	Total steps: 7538247	Episode: 3980/1811	Avg reward: 16.30	Avg steps: 1961
2020-07-09 03:00:46,625	INFO	Total steps: 7575817	Episode: 4000/1952	Avg reward: 16.00	Avg steps: 1877
