2020-07-01 22:18:57,256	INFO	--width 160 --height 160 --ball 1.0 --ball-size 2.0 --snell 1.0 --snell-width 80.0 --snell-change 0.0 --snell-visible none --paddle-speed 1.0 --paddle-angle 60.0 --paddle-length 10.0 --update-prob 0.3 --state binary --learning-rate 0.0001 --network dqn_pong_model --render False --epsdecay 1000 --episodes 4000 --replay 10000 --checkpoint dqn_pong_model --history history.p --store-dir ../experiments/snell_width.80.0-paddle_length.10.0-paddle_angle.60.0-update_prob.0.3 
2020-07-01 22:18:57,256	INFO	Device: cuda
2020-07-01 22:20:25,852	INFO	Total steps: 10561	Episode: 20/582	Avg reward: -19.00	Avg steps: 527
2020-07-01 22:27:47,468	INFO	Total steps: 22775	Episode: 40/535	Avg reward: -18.80	Avg steps: 609
2020-07-01 22:36:16,370	INFO	Total steps: 36749	Episode: 60/735	Avg reward: -18.50	Avg steps: 697
2020-07-01 22:44:03,885	INFO	Total steps: 49566	Episode: 80/633	Avg reward: -18.60	Avg steps: 639
2020-07-01 22:51:44,389	INFO	Total steps: 62266	Episode: 100/514	Avg reward: -18.65	Avg steps: 634
2020-07-01 22:59:55,395	INFO	Total steps: 75737	Episode: 120/686	Avg reward: -18.85	Avg steps: 672
2020-07-01 23:07:25,024	INFO	Total steps: 88135	Episode: 140/642	Avg reward: -18.65	Avg steps: 618
2020-07-01 23:15:01,237	INFO	Total steps: 101735	Episode: 160/664	Avg reward: -18.15	Avg steps: 679
2020-07-01 23:22:13,639	INFO	Total steps: 115593	Episode: 180/597	Avg reward: -18.75	Avg steps: 691
2020-07-01 23:30:27,198	INFO	Total steps: 131213	Episode: 200/581	Avg reward: -18.50	Avg steps: 780
2020-07-01 23:37:31,394	INFO	Total steps: 144908	Episode: 220/813	Avg reward: -18.45	Avg steps: 683
2020-07-01 23:44:34,410	INFO	Total steps: 158965	Episode: 240/782	Avg reward: -18.75	Avg steps: 701
2020-07-01 23:52:26,218	INFO	Total steps: 174274	Episode: 260/735	Avg reward: -17.90	Avg steps: 764
2020-07-02 00:00:45,614	INFO	Total steps: 190156	Episode: 280/787	Avg reward: -17.80	Avg steps: 793
2020-07-02 00:09:20,547	INFO	Total steps: 206697	Episode: 300/854	Avg reward: -17.75	Avg steps: 826
2020-07-02 00:16:58,372	INFO	Total steps: 221295	Episode: 320/1174	Avg reward: -18.50	Avg steps: 728
2020-07-02 00:25:32,223	INFO	Total steps: 237637	Episode: 340/634	Avg reward: -18.60	Avg steps: 816
2020-07-02 00:33:37,978	INFO	Total steps: 253227	Episode: 360/872	Avg reward: -18.30	Avg steps: 778
2020-07-02 00:42:01,058	INFO	Total steps: 269770	Episode: 380/723	Avg reward: -17.55	Avg steps: 826
2020-07-02 00:50:51,230	INFO	Total steps: 286932	Episode: 400/952	Avg reward: -17.30	Avg steps: 857
2020-07-02 00:59:28,808	INFO	Total steps: 303433	Episode: 420/941	Avg reward: -18.20	Avg steps: 824
2020-07-02 01:08:08,565	INFO	Total steps: 319616	Episode: 440/605	Avg reward: -17.20	Avg steps: 808
2020-07-02 01:17:54,076	INFO	Total steps: 338066	Episode: 460/786	Avg reward: -17.50	Avg steps: 921
2020-07-02 01:27:02,268	INFO	Total steps: 355353	Episode: 480/923	Avg reward: -17.10	Avg steps: 863
2020-07-02 01:36:11,824	INFO	Total steps: 372973	Episode: 500/1091	Avg reward: -16.90	Avg steps: 880
2020-07-02 01:46:32,792	INFO	Total steps: 392966	Episode: 520/1210	Avg reward: -16.55	Avg steps: 998
2020-07-02 01:56:23,763	INFO	Total steps: 411981	Episode: 540/1293	Avg reward: -16.35	Avg steps: 949
2020-07-02 02:06:31,030	INFO	Total steps: 431816	Episode: 560/1898	Avg reward: -16.50	Avg steps: 990
2020-07-02 02:17:10,810	INFO	Total steps: 452575	Episode: 580/1081	Avg reward: -16.70	Avg steps: 1036
2020-07-02 02:27:12,450	INFO	Total steps: 472429	Episode: 600/1078	Avg reward: -16.20	Avg steps: 991
2020-07-02 02:38:04,410	INFO	Total steps: 493986	Episode: 620/1200	Avg reward: -15.95	Avg steps: 1076
2020-07-02 02:48:55,400	INFO	Total steps: 515417	Episode: 640/1109	Avg reward: -16.25	Avg steps: 1070
2020-07-02 02:58:56,024	INFO	Total steps: 535546	Episode: 660/775	Avg reward: -15.80	Avg steps: 1005
2020-07-02 03:10:36,067	INFO	Total steps: 558450	Episode: 680/1328	Avg reward: -16.00	Avg steps: 1144
2020-07-02 03:23:00,753	INFO	Total steps: 582248	Episode: 700/883	Avg reward: -14.60	Avg steps: 1188
2020-07-02 03:33:59,425	INFO	Total steps: 603973	Episode: 720/669	Avg reward: -15.90	Avg steps: 1085
2020-07-02 03:45:59,973	INFO	Total steps: 626957	Episode: 740/1223	Avg reward: -15.15	Avg steps: 1148
2020-07-02 03:59:17,401	INFO	Total steps: 652829	Episode: 760/2165	Avg reward: -14.25	Avg steps: 1292
2020-07-02 04:12:48,815	INFO	Total steps: 678805	Episode: 780/585	Avg reward: -14.25	Avg steps: 1297
2020-07-02 04:24:34,727	INFO	Total steps: 701714	Episode: 800/1331	Avg reward: -14.85	Avg steps: 1144
2020-07-02 04:37:34,476	INFO	Total steps: 726736	Episode: 820/1872	Avg reward: -13.45	Avg steps: 1250
2020-07-02 04:52:32,761	INFO	Total steps: 755537	Episode: 840/1051	Avg reward: -12.50	Avg steps: 1439
2020-07-02 05:07:09,329	INFO	Total steps: 784383	Episode: 860/1262	Avg reward: -12.55	Avg steps: 1441
2020-07-02 05:21:50,340	INFO	Total steps: 812675	Episode: 880/1314	Avg reward: -13.10	Avg steps: 1413
2020-07-02 05:36:05,232	INFO	Total steps: 840152	Episode: 900/823	Avg reward: -13.55	Avg steps: 1372
2020-07-02 05:51:58,987	INFO	Total steps: 870775	Episode: 920/1615	Avg reward: -10.60	Avg steps: 1530
2020-07-02 06:05:59,387	INFO	Total steps: 898032	Episode: 940/1343	Avg reward: -12.85	Avg steps: 1361
2020-07-02 06:19:44,492	INFO	Total steps: 924438	Episode: 960/1272	Avg reward: -11.90	Avg steps: 1319
2020-07-02 06:35:27,082	INFO	Total steps: 954786	Episode: 980/1245	Avg reward: -11.40	Avg steps: 1516
2020-07-02 06:50:08,594	INFO	Total steps: 982534	Episode: 1000/1144	Avg reward: -13.15	Avg steps: 1386
2020-07-02 07:06:29,257	INFO	Total steps: 1013695	Episode: 1020/1780	Avg reward: -11.80	Avg steps: 1557
2020-07-02 07:21:53,266	INFO	Total steps: 1042757	Episode: 1040/1283	Avg reward: -11.90	Avg steps: 1452
2020-07-02 07:39:23,918	INFO	Total steps: 1076501	Episode: 1060/1576	Avg reward: -10.45	Avg steps: 1686
2020-07-02 07:56:02,987	INFO	Total steps: 1108789	Episode: 1080/1284	Avg reward: -11.15	Avg steps: 1613
2020-07-02 08:14:15,913	INFO	Total steps: 1144379	Episode: 1100/1619	Avg reward: -10.25	Avg steps: 1778
2020-07-02 08:34:35,456	INFO	Total steps: 1183798	Episode: 1120/1291	Avg reward: -8.00	Avg steps: 1969
2020-07-02 08:54:59,921	INFO	Total steps: 1222964	Episode: 1140/1426	Avg reward: -7.10	Avg steps: 1957
2020-07-02 09:15:03,262	INFO	Total steps: 1261121	Episode: 1160/1509	Avg reward: -6.75	Avg steps: 1906
2020-07-02 09:35:27,289	INFO	Total steps: 1300214	Episode: 1180/1698	Avg reward: -6.80	Avg steps: 1953
2020-07-02 09:54:11,917	INFO	Total steps: 1336206	Episode: 1200/2946	Avg reward: -8.60	Avg steps: 1798
2020-07-02 10:15:12,890	INFO	Total steps: 1376651	Episode: 1220/2187	Avg reward: -6.60	Avg steps: 2021
2020-07-02 10:36:36,292	INFO	Total steps: 1417802	Episode: 1240/2169	Avg reward: -5.85	Avg steps: 2056
2020-07-02 10:57:52,426	INFO	Total steps: 1458316	Episode: 1260/1109	Avg reward: -7.75	Avg steps: 2024
2020-07-02 11:18:20,209	INFO	Total steps: 1497327	Episode: 1280/2458	Avg reward: -7.95	Avg steps: 1949
2020-07-02 11:39:38,280	INFO	Total steps: 1537202	Episode: 1300/1120	Avg reward: -7.40	Avg steps: 1992
2020-07-02 12:01:22,084	INFO	Total steps: 1577970	Episode: 1320/2434	Avg reward: -7.85	Avg steps: 2037
2020-07-02 12:21:18,195	INFO	Total steps: 1616064	Episode: 1340/1723	Avg reward: -9.10	Avg steps: 1903
2020-07-02 12:41:06,021	INFO	Total steps: 1654256	Episode: 1360/2833	Avg reward: -8.25	Avg steps: 1908
2020-07-02 13:00:31,234	INFO	Total steps: 1691687	Episode: 1380/2033	Avg reward: -8.60	Avg steps: 1870
2020-07-02 13:22:14,729	INFO	Total steps: 1733004	Episode: 1400/2508	Avg reward: -7.20	Avg steps: 2064
2020-07-02 13:42:47,648	INFO	Total steps: 1772148	Episode: 1420/2528	Avg reward: -6.90	Avg steps: 1956
2020-07-02 14:02:34,671	INFO	Total steps: 1810003	Episode: 1440/1436	Avg reward: -7.05	Avg steps: 1891
2020-07-02 14:26:16,877	INFO	Total steps: 1854732	Episode: 1460/2166	Avg reward: -5.45	Avg steps: 2235
2020-07-02 14:51:48,207	INFO	Total steps: 1903390	Episode: 1480/2689	Avg reward: -1.60	Avg steps: 2431
2020-07-02 15:16:06,178	INFO	Total steps: 1949372	Episode: 1500/1967	Avg reward: -5.60	Avg steps: 2298
2020-07-02 15:39:35,338	INFO	Total steps: 1993515	Episode: 1520/2292	Avg reward: -5.15	Avg steps: 2206
2020-07-02 16:03:25,588	INFO	Total steps: 2038405	Episode: 1540/2459	Avg reward: -4.95	Avg steps: 2243
2020-07-02 16:27:54,656	INFO	Total steps: 2084606	Episode: 1560/2285	Avg reward: -4.00	Avg steps: 2309
2020-07-02 16:51:30,637	INFO	Total steps: 2128989	Episode: 1580/2455	Avg reward: -3.30	Avg steps: 2218
2020-07-02 17:14:55,260	INFO	Total steps: 2173273	Episode: 1600/2332	Avg reward: -6.80	Avg steps: 2213
2020-07-02 17:39:30,633	INFO	Total steps: 2218262	Episode: 1620/2143	Avg reward: -5.90	Avg steps: 2248
2020-07-02 18:05:37,891	INFO	Total steps: 2266080	Episode: 1640/1855	Avg reward: -2.20	Avg steps: 2389
2020-07-02 18:31:33,522	INFO	Total steps: 2313820	Episode: 1660/2453	Avg reward: -1.20	Avg steps: 2386
2020-07-02 18:58:42,374	INFO	Total steps: 2364701	Episode: 1680/2680	Avg reward: 1.95	Avg steps: 2543
2020-07-02 19:22:45,602	INFO	Total steps: 2410655	Episode: 1700/3422	Avg reward: 0.35	Avg steps: 2296
2020-07-02 19:48:52,669	INFO	Total steps: 2460216	Episode: 1720/3042	Avg reward: 0.00	Avg steps: 2477
2020-07-02 20:14:35,466	INFO	Total steps: 2509633	Episode: 1740/2132	Avg reward: 0.95	Avg steps: 2469
2020-07-02 20:43:31,765	INFO	Total steps: 2564813	Episode: 1760/3396	Avg reward: 2.50	Avg steps: 2758
2020-07-02 21:10:05,655	INFO	Total steps: 2615298	Episode: 1780/2756	Avg reward: 0.70	Avg steps: 2523
2020-07-02 21:36:30,541	INFO	Total steps: 2665162	Episode: 1800/1877	Avg reward: -0.40	Avg steps: 2492
2020-07-02 22:04:23,847	INFO	Total steps: 2718219	Episode: 1820/2714	Avg reward: -0.05	Avg steps: 2651
2020-07-02 22:29:46,012	INFO	Total steps: 2766204	Episode: 1840/2289	Avg reward: 2.60	Avg steps: 2398
2020-07-02 22:55:05,472	INFO	Total steps: 2814025	Episode: 1860/2845	Avg reward: 4.90	Avg steps: 2390
2020-07-02 23:21:07,651	INFO	Total steps: 2863265	Episode: 1880/2448	Avg reward: 5.90	Avg steps: 2461
2020-07-02 23:46:30,127	INFO	Total steps: 2911120	Episode: 1900/2248	Avg reward: 5.00	Avg steps: 2391
2020-07-03 00:12:32,492	INFO	Total steps: 2959985	Episode: 1920/2321	Avg reward: 5.00	Avg steps: 2442
2020-07-03 00:37:58,743	INFO	Total steps: 3008256	Episode: 1940/2734	Avg reward: 5.90	Avg steps: 2412
2020-07-03 01:06:38,060	INFO	Total steps: 3062307	Episode: 1960/2436	Avg reward: 4.15	Avg steps: 2701
2020-07-03 01:34:11,347	INFO	Total steps: 3114494	Episode: 1980/3007	Avg reward: 4.85	Avg steps: 2608
2020-07-03 02:00:58,361	INFO	Total steps: 3165226	Episode: 2000/2402	Avg reward: 5.40	Avg steps: 2535
2020-07-03 02:26:37,897	INFO	Total steps: 3215508	Episode: 2020/2194	Avg reward: 3.80	Avg steps: 2513
2020-07-03 02:52:29,112	INFO	Total steps: 3265188	Episode: 2040/2458	Avg reward: 5.25	Avg steps: 2483
2020-07-03 03:19:18,994	INFO	Total steps: 3317181	Episode: 2060/2783	Avg reward: 6.10	Avg steps: 2598
2020-07-03 03:47:50,409	INFO	Total steps: 3369577	Episode: 2080/2319	Avg reward: 5.30	Avg steps: 2618
2020-07-03 04:15:08,803	INFO	Total steps: 3417895	Episode: 2100/2262	Avg reward: 5.10	Avg steps: 2414
2020-07-03 04:44:09,602	INFO	Total steps: 3469202	Episode: 2120/1999	Avg reward: 5.75	Avg steps: 2564
2020-07-03 05:13:01,878	INFO	Total steps: 3520322	Episode: 2140/2134	Avg reward: 5.25	Avg steps: 2555
2020-07-03 05:37:36,832	INFO	Total steps: 3564010	Episode: 2160/2474	Avg reward: 8.60	Avg steps: 2183
2020-07-03 06:04:08,769	INFO	Total steps: 3611100	Episode: 2180/1871	Avg reward: 7.35	Avg steps: 2353
2020-07-03 06:30:47,288	INFO	Total steps: 3658101	Episode: 2200/2635	Avg reward: 7.80	Avg steps: 2349
2020-07-03 07:00:10,794	INFO	Total steps: 3709763	Episode: 2220/2182	Avg reward: 5.70	Avg steps: 2582
2020-07-03 07:28:15,486	INFO	Total steps: 3759201	Episode: 2240/3038	Avg reward: 5.45	Avg steps: 2470
2020-07-03 07:54:08,284	INFO	Total steps: 3804938	Episode: 2260/1941	Avg reward: 6.90	Avg steps: 2285
2020-07-03 08:21:42,841	INFO	Total steps: 3853052	Episode: 2280/2790	Avg reward: 5.70	Avg steps: 2404
2020-07-03 08:49:42,426	INFO	Total steps: 3902165	Episode: 2300/2628	Avg reward: 9.40	Avg steps: 2454
2020-07-03 09:17:52,249	INFO	Total steps: 3951244	Episode: 2320/1976	Avg reward: 6.35	Avg steps: 2452
2020-07-03 09:45:35,888	INFO	Total steps: 4000002	Episode: 2340/2094	Avg reward: 8.95	Avg steps: 2436
2020-07-03 10:12:27,669	INFO	Total steps: 4047249	Episode: 2360/2923	Avg reward: 9.75	Avg steps: 2361
2020-07-03 10:41:34,866	INFO	Total steps: 4098485	Episode: 2380/2574	Avg reward: 9.40	Avg steps: 2560
2020-07-03 11:08:39,861	INFO	Total steps: 4145930	Episode: 2400/2373	Avg reward: 10.70	Avg steps: 2371
2020-07-03 11:38:50,266	INFO	Total steps: 4200219	Episode: 2420/2121	Avg reward: 6.25	Avg steps: 2713
2020-07-03 12:05:13,921	INFO	Total steps: 4246844	Episode: 2440/2511	Avg reward: 11.70	Avg steps: 2330
2020-07-03 12:32:29,751	INFO	Total steps: 4294920	Episode: 2460/2107	Avg reward: 9.00	Avg steps: 2402
2020-07-03 13:00:19,924	INFO	Total steps: 4344266	Episode: 2480/2401	Avg reward: 9.85	Avg steps: 2466
2020-07-03 13:27:22,145	INFO	Total steps: 4391927	Episode: 2500/1860	Avg reward: 9.35	Avg steps: 2382
2020-07-03 13:57:11,409	INFO	Total steps: 4444504	Episode: 2520/3839	Avg reward: 9.55	Avg steps: 2627
2020-07-03 14:26:48,698	INFO	Total steps: 4496509	Episode: 2540/2381	Avg reward: 8.35	Avg steps: 2599
2020-07-03 14:51:59,928	INFO	Total steps: 4540537	Episode: 2560/2330	Avg reward: 11.50	Avg steps: 2200
2020-07-03 15:18:11,884	INFO	Total steps: 4586574	Episode: 2580/2568	Avg reward: 10.65	Avg steps: 2300
2020-07-03 15:44:20,282	INFO	Total steps: 4632470	Episode: 2600/2467	Avg reward: 11.65	Avg steps: 2293
2020-07-03 16:12:20,321	INFO	Total steps: 4681512	Episode: 2620/3011	Avg reward: 9.15	Avg steps: 2451
2020-07-03 16:41:09,813	INFO	Total steps: 4732009	Episode: 2640/2667	Avg reward: 9.35	Avg steps: 2523
2020-07-03 17:07:39,882	INFO	Total steps: 4780786	Episode: 2660/2804	Avg reward: 11.45	Avg steps: 2437
2020-07-03 17:34:21,615	INFO	Total steps: 4827630	Episode: 2680/1631	Avg reward: 11.15	Avg steps: 2341
2020-07-03 18:00:43,125	INFO	Total steps: 4874136	Episode: 2700/2263	Avg reward: 10.60	Avg steps: 2324
2020-07-03 18:26:18,644	INFO	Total steps: 4919781	Episode: 2720/2388	Avg reward: 11.05	Avg steps: 2281
2020-07-03 18:52:58,069	INFO	Total steps: 4967784	Episode: 2740/2434	Avg reward: 11.30	Avg steps: 2399
2020-07-03 19:19:28,731	INFO	Total steps: 5014954	Episode: 2760/1616	Avg reward: 10.60	Avg steps: 2357
2020-07-03 19:46:55,069	INFO	Total steps: 5063868	Episode: 2780/1919	Avg reward: 10.55	Avg steps: 2444
2020-07-03 20:11:50,504	INFO	Total steps: 5107939	Episode: 2800/1836	Avg reward: 12.20	Avg steps: 2202
2020-07-03 20:39:23,910	INFO	Total steps: 5157069	Episode: 2820/2767	Avg reward: 11.40	Avg steps: 2455
2020-07-03 21:04:51,003	INFO	Total steps: 5203991	Episode: 2840/2755	Avg reward: 12.35	Avg steps: 2345
2020-07-03 21:32:27,058	INFO	Total steps: 5252527	Episode: 2860/2571	Avg reward: 11.00	Avg steps: 2425
2020-07-03 21:57:28,192	INFO	Total steps: 5296123	Episode: 2880/2238	Avg reward: 11.90	Avg steps: 2178
2020-07-03 22:21:28,784	INFO	Total steps: 5338207	Episode: 2900/2561	Avg reward: 12.70	Avg steps: 2103
2020-07-03 22:47:07,035	INFO	Total steps: 5383744	Episode: 2920/2367	Avg reward: 12.10	Avg steps: 2275
2020-07-03 23:13:26,620	INFO	Total steps: 5430253	Episode: 2940/2995	Avg reward: 11.15	Avg steps: 2324
2020-07-03 23:39:04,625	INFO	Total steps: 5475567	Episode: 2960/1986	Avg reward: 10.25	Avg steps: 2264
2020-07-04 00:06:15,495	INFO	Total steps: 5523627	Episode: 2980/1848	Avg reward: 12.45	Avg steps: 2402
2020-07-04 00:32:54,063	INFO	Total steps: 5571350	Episode: 3000/2722	Avg reward: 10.25	Avg steps: 2385
2020-07-04 00:57:11,185	INFO	Total steps: 5614461	Episode: 3020/1848	Avg reward: 13.00	Avg steps: 2154
2020-07-04 01:23:22,250	INFO	Total steps: 5660140	Episode: 3040/2486	Avg reward: 12.45	Avg steps: 2282
2020-07-04 01:49:59,660	INFO	Total steps: 5706959	Episode: 3060/2020	Avg reward: 11.80	Avg steps: 2339
2020-07-04 02:15:32,941	INFO	Total steps: 5752876	Episode: 3080/2267	Avg reward: 12.15	Avg steps: 2294
2020-07-04 02:41:59,367	INFO	Total steps: 5801246	Episode: 3100/2641	Avg reward: 11.25	Avg steps: 2417
2020-07-04 03:06:59,304	INFO	Total steps: 5846649	Episode: 3120/2795	Avg reward: 12.15	Avg steps: 2269
2020-07-04 03:32:26,394	INFO	Total steps: 5893309	Episode: 3140/3003	Avg reward: 13.20	Avg steps: 2332
2020-07-04 03:58:04,254	INFO	Total steps: 5940109	Episode: 3160/2678	Avg reward: 11.75	Avg steps: 2339
2020-07-04 04:23:50,717	INFO	Total steps: 5986945	Episode: 3180/2266	Avg reward: 13.05	Avg steps: 2340
2020-07-04 04:48:17,246	INFO	Total steps: 6033484	Episode: 3200/2441	Avg reward: 12.90	Avg steps: 2325
2020-07-04 05:10:30,166	INFO	Total steps: 6081932	Episode: 3220/2566	Avg reward: 12.05	Avg steps: 2421
2020-07-04 05:32:42,679	INFO	Total steps: 6129358	Episode: 3240/2139	Avg reward: 12.75	Avg steps: 2370
2020-07-04 05:55:06,912	INFO	Total steps: 6177784	Episode: 3260/2802	Avg reward: 11.90	Avg steps: 2420
2020-07-04 06:17:17,782	INFO	Total steps: 6225131	Episode: 3280/2021	Avg reward: 11.40	Avg steps: 2366
2020-07-04 06:37:32,789	INFO	Total steps: 6268564	Episode: 3300/1943	Avg reward: 13.65	Avg steps: 2170
2020-07-04 06:58:12,225	INFO	Total steps: 6312842	Episode: 3320/2215	Avg reward: 13.80	Avg steps: 2212
2020-07-04 07:19:09,649	INFO	Total steps: 6357911	Episode: 3340/2255	Avg reward: 14.10	Avg steps: 2252
2020-07-04 07:38:44,651	INFO	Total steps: 6404366	Episode: 3360/2093	Avg reward: 13.30	Avg steps: 2321
2020-07-04 07:58:45,561	INFO	Total steps: 6447473	Episode: 3380/2153	Avg reward: 14.30	Avg steps: 2154
2020-07-04 08:19:11,097	INFO	Total steps: 6491635	Episode: 3400/2542	Avg reward: 13.55	Avg steps: 2207
2020-07-04 08:39:28,916	INFO	Total steps: 6535576	Episode: 3420/2112	Avg reward: 13.95	Avg steps: 2196
2020-07-04 08:58:27,876	INFO	Total steps: 6576680	Episode: 3440/1755	Avg reward: 15.35	Avg steps: 2054
2020-07-04 09:18:33,570	INFO	Total steps: 6620328	Episode: 3460/1947	Avg reward: 13.10	Avg steps: 2181
2020-07-04 09:38:06,758	INFO	Total steps: 6662658	Episode: 3480/2093	Avg reward: 13.80	Avg steps: 2115
2020-07-04 09:59:10,870	INFO	Total steps: 6708160	Episode: 3500/2200	Avg reward: 13.70	Avg steps: 2274
2020-07-04 10:18:12,448	INFO	Total steps: 6751664	Episode: 3520/2203	Avg reward: 14.10	Avg steps: 2174
2020-07-04 10:35:09,404	INFO	Total steps: 6795637	Episode: 3540/1878	Avg reward: 15.00	Avg steps: 2197
2020-07-04 10:54:52,340	INFO	Total steps: 6846391	Episode: 3560/3173	Avg reward: 14.30	Avg steps: 2536
2020-07-04 11:12:06,643	INFO	Total steps: 6890786	Episode: 3580/2462	Avg reward: 13.00	Avg steps: 2218
2020-07-04 11:29:55,294	INFO	Total steps: 6936711	Episode: 3600/2554	Avg reward: 13.10	Avg steps: 2295
2020-07-04 11:47:21,651	INFO	Total steps: 6982116	Episode: 3620/2236	Avg reward: 14.45	Avg steps: 2269
2020-07-04 12:03:41,577	INFO	Total steps: 7024198	Episode: 3640/2082	Avg reward: 14.90	Avg steps: 2103
2020-07-04 12:21:05,830	INFO	Total steps: 7069311	Episode: 3660/2241	Avg reward: 13.75	Avg steps: 2254
2020-07-04 12:40:03,665	INFO	Total steps: 7118366	Episode: 3680/1799	Avg reward: 13.75	Avg steps: 2451
2020-07-04 12:57:08,134	INFO	Total steps: 7162959	Episode: 3700/1803	Avg reward: 13.95	Avg steps: 2228
2020-07-04 13:13:30,258	INFO	Total steps: 7205551	Episode: 3720/2043	Avg reward: 14.30	Avg steps: 2128
2020-07-04 13:29:55,897	INFO	Total steps: 7248076	Episode: 3740/1829	Avg reward: 14.75	Avg steps: 2125
2020-07-04 13:45:54,449	INFO	Total steps: 7289502	Episode: 3760/1487	Avg reward: 14.20	Avg steps: 2070
2020-07-04 14:04:15,704	INFO	Total steps: 7336617	Episode: 3780/2145	Avg reward: 13.05	Avg steps: 2354
2020-07-04 14:21:36,004	INFO	Total steps: 7381252	Episode: 3800/3198	Avg reward: 13.90	Avg steps: 2230
2020-07-04 14:37:00,454	INFO	Total steps: 7422014	Episode: 3820/2183	Avg reward: 14.65	Avg steps: 2037
2020-07-04 14:56:14,529	INFO	Total steps: 7471667	Episode: 3840/2696	Avg reward: 12.45	Avg steps: 2481
2020-07-04 15:14:18,115	INFO	Total steps: 7518282	Episode: 3860/2659	Avg reward: 13.25	Avg steps: 2329
2020-07-04 15:33:35,210	INFO	Total steps: 7568208	Episode: 3880/2124	Avg reward: 13.55	Avg steps: 2495
2020-07-04 15:50:44,939	INFO	Total steps: 7614345	Episode: 3900/2943	Avg reward: 13.75	Avg steps: 2305
2020-07-04 16:08:03,804	INFO	Total steps: 7661234	Episode: 3920/2310	Avg reward: 10.40	Avg steps: 2343
2020-07-04 16:25:05,407	INFO	Total steps: 7707275	Episode: 3940/2573	Avg reward: 12.15	Avg steps: 2301
2020-07-04 16:43:34,900	INFO	Total steps: 7757221	Episode: 3960/2182	Avg reward: 12.40	Avg steps: 2496
2020-07-04 17:00:30,127	INFO	Total steps: 7802877	Episode: 3980/3064	Avg reward: 12.30	Avg steps: 2281
2020-07-04 17:17:20,773	INFO	Total steps: 7848080	Episode: 4000/1540	Avg reward: 11.85	Avg steps: 2259
2020-07-06 17:22:55,438	INFO	--width 160 --height 160 --ball 1.0 --ball-size 2.0 --snell 1.0 --snell-width 80.0 --snell-change 0.0 --snell-visible none --paddle-speed 1.0 --paddle-angle 60.0 --paddle-length 10.0 --update-prob 0.3 --state binary --learning-rate 0.0001 --network dqn_pong_model --render False --epsdecay 1000 --episodes 4000 --replay 10000 --checkpoint dqn_pong_model --history history.p --store-dir ../experiments/snell_width.80.0-paddle_length.10.0-paddle_angle.60.0-update_prob.0.3 
2020-07-06 17:22:55,568	INFO	Device: cuda
2020-07-06 17:24:28,597	INFO	Total steps: 10943	Episode: 20/515	Avg reward: -18.90	Avg steps: 546
2020-07-06 17:29:55,923	INFO	Total steps: 22921	Episode: 40/673	Avg reward: -18.65	Avg steps: 597
2020-07-06 17:35:44,623	INFO	Total steps: 35395	Episode: 60/668	Avg reward: -18.80	Avg steps: 622
2020-07-06 17:41:07,421	INFO	Total steps: 46889	Episode: 80/511	Avg reward: -19.25	Avg steps: 573
2020-07-06 17:47:21,893	INFO	Total steps: 60147	Episode: 100/647	Avg reward: -18.80	Avg steps: 661
2020-07-06 17:54:08,109	INFO	Total steps: 74381	Episode: 120/870	Avg reward: -18.45	Avg steps: 710
2020-07-06 18:00:22,272	INFO	Total steps: 87581	Episode: 140/571	Avg reward: -18.30	Avg steps: 659
2020-07-06 18:06:47,193	INFO	Total steps: 101624	Episode: 160/532	Avg reward: -18.10	Avg steps: 701
2020-07-06 18:13:45,889	INFO	Total steps: 116727	Episode: 180/800	Avg reward: -18.15	Avg steps: 754
2020-07-06 18:21:04,980	INFO	Total steps: 131089	Episode: 200/733	Avg reward: -18.75	Avg steps: 717
2020-07-06 18:27:47,538	INFO	Total steps: 144401	Episode: 220/605	Avg reward: -18.90	Avg steps: 664
2020-07-06 18:35:14,867	INFO	Total steps: 159157	Episode: 240/732	Avg reward: -18.15	Avg steps: 736
2020-07-06 18:41:58,583	INFO	Total steps: 172641	Episode: 260/649	Avg reward: -18.60	Avg steps: 673
2020-07-06 18:49:49,993	INFO	Total steps: 187929	Episode: 280/598	Avg reward: -18.15	Avg steps: 763
2020-07-06 18:57:40,758	INFO	Total steps: 203325	Episode: 300/965	Avg reward: -18.35	Avg steps: 768
2020-07-06 19:05:23,408	INFO	Total steps: 219065	Episode: 320/893	Avg reward: -17.95	Avg steps: 786
2020-07-06 19:13:16,425	INFO	Total steps: 234912	Episode: 340/695	Avg reward: -17.30	Avg steps: 791
2020-07-06 19:20:46,941	INFO	Total steps: 249830	Episode: 360/891	Avg reward: -18.45	Avg steps: 744
2020-07-06 19:28:38,381	INFO	Total steps: 265219	Episode: 380/865	Avg reward: -18.25	Avg steps: 768
2020-07-06 19:37:30,052	INFO	Total steps: 282814	Episode: 400/730	Avg reward: -17.00	Avg steps: 878
2020-07-06 19:45:59,697	INFO	Total steps: 299467	Episode: 420/605	Avg reward: -17.55	Avg steps: 831
2020-07-06 19:54:17,902	INFO	Total steps: 315769	Episode: 440/725	Avg reward: -18.00	Avg steps: 814
2020-07-06 20:03:16,532	INFO	Total steps: 333098	Episode: 460/887	Avg reward: -17.80	Avg steps: 865
2020-07-06 20:10:59,455	INFO	Total steps: 348340	Episode: 480/1042	Avg reward: -18.35	Avg steps: 761
2020-07-06 20:19:14,435	INFO	Total steps: 364576	Episode: 500/901	Avg reward: -17.50	Avg steps: 810
2020-07-06 20:28:12,462	INFO	Total steps: 382946	Episode: 520/1113	Avg reward: -16.95	Avg steps: 917
2020-07-06 20:35:30,526	INFO	Total steps: 399388	Episode: 540/1003	Avg reward: -16.90	Avg steps: 821
2020-07-06 20:43:45,866	INFO	Total steps: 417811	Episode: 560/872	Avg reward: -17.15	Avg steps: 920
2020-07-06 20:52:15,306	INFO	Total steps: 436471	Episode: 580/642	Avg reward: -17.05	Avg steps: 932
2020-07-06 21:01:00,434	INFO	Total steps: 455747	Episode: 600/1220	Avg reward: -16.60	Avg steps: 962
2020-07-06 21:10:14,978	INFO	Total steps: 476227	Episode: 620/922	Avg reward: -16.75	Avg steps: 1023
2020-07-06 21:19:24,292	INFO	Total steps: 497002	Episode: 640/1061	Avg reward: -15.80	Avg steps: 1037
2020-07-06 21:28:58,477	INFO	Total steps: 518972	Episode: 660/828	Avg reward: -15.60	Avg steps: 1097
2020-07-06 21:38:46,051	INFO	Total steps: 541388	Episode: 680/1056	Avg reward: -15.45	Avg steps: 1119
2020-07-06 21:48:21,839	INFO	Total steps: 563440	Episode: 700/957	Avg reward: -15.35	Avg steps: 1101
2020-07-06 21:58:47,466	INFO	Total steps: 585887	Episode: 720/875	Avg reward: -15.10	Avg steps: 1121
2020-07-06 22:11:32,339	INFO	Total steps: 614487	Episode: 740/1427	Avg reward: -13.50	Avg steps: 1429
2020-07-06 22:21:26,091	INFO	Total steps: 637152	Episode: 760/684	Avg reward: -15.05	Avg steps: 1132
2020-07-06 22:33:14,416	INFO	Total steps: 664146	Episode: 780/1305	Avg reward: -14.15	Avg steps: 1348
2020-07-06 22:44:23,718	INFO	Total steps: 689387	Episode: 800/1057	Avg reward: -14.20	Avg steps: 1261
2020-07-06 22:56:15,365	INFO	Total steps: 716584	Episode: 820/1452	Avg reward: -13.85	Avg steps: 1358
2020-07-06 23:07:56,305	INFO	Total steps: 744136	Episode: 840/1471	Avg reward: -13.35	Avg steps: 1376
2020-07-06 23:19:37,847	INFO	Total steps: 770651	Episode: 860/879	Avg reward: -13.45	Avg steps: 1324
2020-07-06 23:32:11,338	INFO	Total steps: 799056	Episode: 880/1549	Avg reward: -13.60	Avg steps: 1419
2020-07-06 23:45:26,397	INFO	Total steps: 829114	Episode: 900/2170	Avg reward: -12.00	Avg steps: 1501
2020-07-06 23:56:15,351	INFO	Total steps: 854282	Episode: 920/1282	Avg reward: -13.40	Avg steps: 1257
2020-07-07 00:07:42,168	INFO	Total steps: 880538	Episode: 940/1276	Avg reward: -13.10	Avg steps: 1311
2020-07-07 00:20:07,768	INFO	Total steps: 908081	Episode: 960/813	Avg reward: -13.20	Avg steps: 1376
2020-07-07 00:32:50,152	INFO	Total steps: 936196	Episode: 980/1004	Avg reward: -11.45	Avg steps: 1404
2020-07-07 00:45:40,286	INFO	Total steps: 964438	Episode: 1000/2083	Avg reward: -13.75	Avg steps: 1411
2020-07-07 00:59:48,562	INFO	Total steps: 994815	Episode: 1020/970	Avg reward: -11.75	Avg steps: 1517
2020-07-07 01:15:19,705	INFO	Total steps: 1025011	Episode: 1040/1926	Avg reward: -11.65	Avg steps: 1508
2020-07-07 01:32:25,306	INFO	Total steps: 1057110	Episode: 1060/1341	Avg reward: -10.65	Avg steps: 1603
2020-07-07 01:51:14,629	INFO	Total steps: 1093382	Episode: 1080/1633	Avg reward: -8.60	Avg steps: 1812
2020-07-07 02:08:33,876	INFO	Total steps: 1127023	Episode: 1100/2230	Avg reward: -9.35	Avg steps: 1681
2020-07-07 02:25:54,637	INFO	Total steps: 1160237	Episode: 1120/1216	Avg reward: -11.20	Avg steps: 1659
2020-07-07 02:43:58,911	INFO	Total steps: 1194343	Episode: 1140/1738	Avg reward: -9.70	Avg steps: 1704
2020-07-07 03:02:28,617	INFO	Total steps: 1228804	Episode: 1160/1701	Avg reward: -9.85	Avg steps: 1722
2020-07-07 03:21:48,383	INFO	Total steps: 1264733	Episode: 1180/2155	Avg reward: -9.55	Avg steps: 1795
2020-07-07 03:43:12,750	INFO	Total steps: 1304377	Episode: 1200/1949	Avg reward: -8.80	Avg steps: 1981
2020-07-07 04:04:42,890	INFO	Total steps: 1344190	Episode: 1220/2127	Avg reward: -7.15	Avg steps: 1989
2020-07-07 04:27:05,239	INFO	Total steps: 1385448	Episode: 1240/2846	Avg reward: -6.30	Avg steps: 2061
2020-07-07 04:48:39,402	INFO	Total steps: 1425422	Episode: 1260/2314	Avg reward: -8.55	Avg steps: 1997
2020-07-07 05:11:54,028	INFO	Total steps: 1468407	Episode: 1280/1939	Avg reward: -4.70	Avg steps: 2148
2020-07-07 05:34:02,259	INFO	Total steps: 1510365	Episode: 1300/2248	Avg reward: -6.80	Avg steps: 2096
2020-07-07 05:56:28,547	INFO	Total steps: 1551745	Episode: 1320/1999	Avg reward: -7.10	Avg steps: 2068
2020-07-07 06:21:11,700	INFO	Total steps: 1597311	Episode: 1340/2763	Avg reward: -5.45	Avg steps: 2277
2020-07-07 06:44:00,455	INFO	Total steps: 1639373	Episode: 1360/2512	Avg reward: -7.40	Avg steps: 2102
2020-07-07 07:05:15,140	INFO	Total steps: 1678400	Episode: 1380/1650	Avg reward: -5.65	Avg steps: 1950
2020-07-07 07:29:57,702	INFO	Total steps: 1723761	Episode: 1400/1762	Avg reward: -3.85	Avg steps: 2267
2020-07-07 07:52:15,522	INFO	Total steps: 1764692	Episode: 1420/1309	Avg reward: -3.95	Avg steps: 2045
2020-07-07 08:17:41,790	INFO	Total steps: 1811412	Episode: 1440/2347	Avg reward: -3.80	Avg steps: 2335
2020-07-07 08:42:55,143	INFO	Total steps: 1857484	Episode: 1460/1212	Avg reward: -2.15	Avg steps: 2302
2020-07-07 09:09:56,880	INFO	Total steps: 1907111	Episode: 1480/2390	Avg reward: -2.55	Avg steps: 2480
2020-07-07 09:36:23,613	INFO	Total steps: 1955946	Episode: 1500/2656	Avg reward: -3.25	Avg steps: 2440
2020-07-07 10:00:06,033	INFO	Total steps: 2004107	Episode: 1520/3322	Avg reward: -1.55	Avg steps: 2407
2020-07-07 10:22:02,785	INFO	Total steps: 2048982	Episode: 1540/3047	Avg reward: -0.80	Avg steps: 2242
2020-07-07 10:48:05,493	INFO	Total steps: 2100505	Episode: 1560/2211	Avg reward: -1.25	Avg steps: 2575
2020-07-07 11:14:04,625	INFO	Total steps: 2150165	Episode: 1580/2702	Avg reward: -0.40	Avg steps: 2482
2020-07-07 11:37:43,341	INFO	Total steps: 2195208	Episode: 1600/2390	Avg reward: -0.15	Avg steps: 2251
2020-07-07 12:02:44,924	INFO	Total steps: 2243167	Episode: 1620/2123	Avg reward: -1.25	Avg steps: 2396
2020-07-07 12:28:13,721	INFO	Total steps: 2291898	Episode: 1640/2265	Avg reward: -1.45	Avg steps: 2435
2020-07-07 12:55:41,684	INFO	Total steps: 2344546	Episode: 1660/2719	Avg reward: 1.15	Avg steps: 2631
2020-07-07 13:20:04,556	INFO	Total steps: 2393835	Episode: 1680/2020	Avg reward: -0.95	Avg steps: 2463
2020-07-07 13:44:23,388	INFO	Total steps: 2441600	Episode: 1700/2207	Avg reward: -1.70	Avg steps: 2387
2020-07-07 14:10:51,559	INFO	Total steps: 2492962	Episode: 1720/2317	Avg reward: 0.30	Avg steps: 2567
2020-07-07 14:36:54,721	INFO	Total steps: 2543237	Episode: 1740/2442	Avg reward: 1.65	Avg steps: 2512
2020-07-07 15:02:25,736	INFO	Total steps: 2592592	Episode: 1760/2370	Avg reward: -1.75	Avg steps: 2466
2020-07-07 15:28:37,254	INFO	Total steps: 2642806	Episode: 1780/2590	Avg reward: -0.40	Avg steps: 2509
2020-07-07 15:54:48,352	INFO	Total steps: 2693340	Episode: 1800/1894	Avg reward: 1.80	Avg steps: 2525
2020-07-07 16:21:22,827	INFO	Total steps: 2745266	Episode: 1820/2651	Avg reward: 4.45	Avg steps: 2595
2020-07-07 16:46:44,916	INFO	Total steps: 2793833	Episode: 1840/2470	Avg reward: 4.35	Avg steps: 2427
2020-07-07 17:11:25,582	INFO	Total steps: 2841353	Episode: 1860/2523	Avg reward: 3.00	Avg steps: 2375
2020-07-07 17:37:14,106	INFO	Total steps: 2891213	Episode: 1880/2694	Avg reward: 7.35	Avg steps: 2492
2020-07-07 18:04:14,583	INFO	Total steps: 2940870	Episode: 1900/2651	Avg reward: 5.75	Avg steps: 2481
2020-07-07 18:29:02,646	INFO	Total steps: 2986147	Episode: 1920/2062	Avg reward: 8.65	Avg steps: 2262
2020-07-07 18:56:30,648	INFO	Total steps: 3036723	Episode: 1940/2620	Avg reward: 5.90	Avg steps: 2527
2020-07-07 19:22:59,476	INFO	Total steps: 3084897	Episode: 1960/2459	Avg reward: 7.70	Avg steps: 2407
2020-07-07 19:53:07,946	INFO	Total steps: 3139730	Episode: 1980/2258	Avg reward: 3.25	Avg steps: 2740
2020-07-07 20:19:29,325	INFO	Total steps: 3187878	Episode: 2000/2206	Avg reward: 5.90	Avg steps: 2406
2020-07-07 20:48:32,568	INFO	Total steps: 3240833	Episode: 2020/3304	Avg reward: 5.55	Avg steps: 2646
2020-07-07 21:18:13,191	INFO	Total steps: 3294914	Episode: 2040/2167	Avg reward: 5.10	Avg steps: 2703
2020-07-07 21:43:52,531	INFO	Total steps: 3342018	Episode: 2060/2329	Avg reward: 5.90	Avg steps: 2354
2020-07-07 22:10:57,531	INFO	Total steps: 3390943	Episode: 2080/2587	Avg reward: 6.60	Avg steps: 2445
2020-07-07 22:37:39,545	INFO	Total steps: 3438750	Episode: 2100/2063	Avg reward: 6.80	Avg steps: 2389
2020-07-07 23:07:44,710	INFO	Total steps: 3492919	Episode: 2120/2374	Avg reward: 6.20	Avg steps: 2707
2020-07-07 23:36:00,455	INFO	Total steps: 3543656	Episode: 2140/2348	Avg reward: 8.10	Avg steps: 2535
2020-07-08 00:05:00,151	INFO	Total steps: 3596218	Episode: 2160/1822	Avg reward: 6.45	Avg steps: 2627
2020-07-08 00:32:15,856	INFO	Total steps: 3646100	Episode: 2180/1974	Avg reward: 5.35	Avg steps: 2493
2020-07-08 00:59:17,190	INFO	Total steps: 3695241	Episode: 2200/2534	Avg reward: 8.15	Avg steps: 2456
2020-07-08 01:27:08,708	INFO	Total steps: 3745967	Episode: 2220/1587	Avg reward: 5.40	Avg steps: 2535
2020-07-08 01:52:20,197	INFO	Total steps: 3791466	Episode: 2240/2455	Avg reward: 8.45	Avg steps: 2273
2020-07-08 02:18:05,441	INFO	Total steps: 3838294	Episode: 2260/1803	Avg reward: 10.30	Avg steps: 2340
2020-07-08 02:45:51,684	INFO	Total steps: 3888856	Episode: 2280/2631	Avg reward: 9.10	Avg steps: 2527
2020-07-08 03:12:08,214	INFO	Total steps: 3937064	Episode: 2300/2320	Avg reward: 8.30	Avg steps: 2409
2020-07-08 03:39:03,969	INFO	Total steps: 3986227	Episode: 2320/2016	Avg reward: 9.20	Avg steps: 2457
2020-07-08 04:05:31,390	INFO	Total steps: 4034548	Episode: 2340/2291	Avg reward: 7.25	Avg steps: 2415
2020-07-08 04:34:00,264	INFO	Total steps: 4086885	Episode: 2360/2658	Avg reward: 9.25	Avg steps: 2615
2020-07-08 05:02:48,104	INFO	Total steps: 4139764	Episode: 2380/2122	Avg reward: 9.65	Avg steps: 2642
2020-07-08 05:31:29,353	INFO	Total steps: 4192417	Episode: 2400/2678	Avg reward: 8.80	Avg steps: 2631
2020-07-08 05:57:35,414	INFO	Total steps: 4240221	Episode: 2420/2473	Avg reward: 10.90	Avg steps: 2389
2020-07-08 06:22:47,393	INFO	Total steps: 4286952	Episode: 2440/1740	Avg reward: 10.05	Avg steps: 2335
2020-07-08 06:49:32,752	INFO	Total steps: 4336115	Episode: 2460/2351	Avg reward: 10.45	Avg steps: 2457
2020-07-08 07:16:06,489	INFO	Total steps: 4384727	Episode: 2480/2967	Avg reward: 9.90	Avg steps: 2429
2020-07-08 07:44:13,613	INFO	Total steps: 4435948	Episode: 2500/1711	Avg reward: 9.35	Avg steps: 2560
2020-07-08 08:08:34,161	INFO	Total steps: 4480386	Episode: 2520/2435	Avg reward: 10.30	Avg steps: 2220
2020-07-08 08:35:01,928	INFO	Total steps: 4528615	Episode: 2540/1792	Avg reward: 9.85	Avg steps: 2410
2020-07-08 08:59:45,906	INFO	Total steps: 4574194	Episode: 2560/2435	Avg reward: 11.00	Avg steps: 2277
2020-07-08 09:27:28,593	INFO	Total steps: 4624498	Episode: 2580/2206	Avg reward: 8.50	Avg steps: 2514
2020-07-08 09:53:08,659	INFO	Total steps: 4671563	Episode: 2600/2712	Avg reward: 9.50	Avg steps: 2352
2020-07-08 10:18:46,544	INFO	Total steps: 4718483	Episode: 2620/1906	Avg reward: 11.10	Avg steps: 2345
2020-07-08 10:44:07,523	INFO	Total steps: 4764746	Episode: 2640/2286	Avg reward: 12.35	Avg steps: 2312
2020-07-08 11:10:34,533	INFO	Total steps: 4813114	Episode: 2660/2585	Avg reward: 9.65	Avg steps: 2417
2020-07-08 11:36:28,700	INFO	Total steps: 4859886	Episode: 2680/2611	Avg reward: 10.45	Avg steps: 2337
2020-07-08 12:03:28,963	INFO	Total steps: 4908637	Episode: 2700/2683	Avg reward: 11.60	Avg steps: 2436
2020-07-08 12:30:24,924	INFO	Total steps: 4957795	Episode: 2720/1872	Avg reward: 10.85	Avg steps: 2456
2020-07-08 12:57:07,686	INFO	Total steps: 5007597	Episode: 2740/2227	Avg reward: 10.55	Avg steps: 2489
2020-07-08 13:24:26,914	INFO	Total steps: 5058544	Episode: 2760/3559	Avg reward: 10.60	Avg steps: 2546
2020-07-08 13:47:10,820	INFO	Total steps: 5101051	Episode: 2780/2078	Avg reward: 13.45	Avg steps: 2124
2020-07-08 14:09:56,256	INFO	Total steps: 5150702	Episode: 2800/3140	Avg reward: 10.50	Avg steps: 2481
2020-07-08 14:54:57,331	INFO	Total steps: 5198466	Episode: 2820/1647	Avg reward: 10.70	Avg steps: 2387
2020-07-08 15:22:38,358	INFO	Total steps: 5248844	Episode: 2840/3108	Avg reward: 10.55	Avg steps: 2517
2020-07-08 15:47:53,756	INFO	Total steps: 5295565	Episode: 2860/1943	Avg reward: 11.05	Avg steps: 2335
2020-07-08 16:14:05,330	INFO	Total steps: 5343009	Episode: 2880/3078	Avg reward: 11.80	Avg steps: 2371
2020-07-08 16:41:03,869	INFO	Total steps: 5391950	Episode: 2900/3554	Avg reward: 11.30	Avg steps: 2446
2020-07-08 17:07:44,829	INFO	Total steps: 5440129	Episode: 2920/3285	Avg reward: 11.35	Avg steps: 2407
2020-07-08 17:32:37,413	INFO	Total steps: 5484980	Episode: 2940/1841	Avg reward: 11.70	Avg steps: 2241
2020-07-08 17:58:47,862	INFO	Total steps: 5532360	Episode: 2960/3430	Avg reward: 10.50	Avg steps: 2368
2020-07-08 18:22:34,259	INFO	Total steps: 5575007	Episode: 2980/2541	Avg reward: 12.90	Avg steps: 2131
2020-07-08 18:47:41,591	INFO	Total steps: 5620821	Episode: 3000/2450	Avg reward: 12.25	Avg steps: 2289
2020-07-08 19:13:36,354	INFO	Total steps: 5668068	Episode: 3020/2079	Avg reward: 11.95	Avg steps: 2361
2020-07-08 19:40:19,955	INFO	Total steps: 5716664	Episode: 3040/2889	Avg reward: 11.60	Avg steps: 2428
2020-07-08 20:04:12,617	INFO	Total steps: 5760155	Episode: 3060/1933	Avg reward: 11.85	Avg steps: 2173
2020-07-08 20:28:15,841	INFO	Total steps: 5805581	Episode: 3080/3347	Avg reward: 11.45	Avg steps: 2270
2020-07-08 20:51:38,553	INFO	Total steps: 5852486	Episode: 3100/1933	Avg reward: 11.85	Avg steps: 2344
2020-07-08 21:14:14,120	INFO	Total steps: 5898455	Episode: 3120/2170	Avg reward: 12.10	Avg steps: 2297
2020-07-08 21:36:20,214	INFO	Total steps: 5943317	Episode: 3140/1678	Avg reward: 12.45	Avg steps: 2242
2020-07-08 21:58:48,828	INFO	Total steps: 5988819	Episode: 3160/2157	Avg reward: 11.00	Avg steps: 2274
2020-07-08 22:21:42,266	INFO	Total steps: 6034894	Episode: 3180/2163	Avg reward: 11.80	Avg steps: 2302
2020-07-08 22:43:37,682	INFO	Total steps: 6078963	Episode: 3200/2063	Avg reward: 12.55	Avg steps: 2202
2020-07-08 23:05:43,063	INFO	Total steps: 6123591	Episode: 3220/1622	Avg reward: 13.25	Avg steps: 2230
2020-07-08 23:28:27,079	INFO	Total steps: 6169297	Episode: 3240/1744	Avg reward: 12.85	Avg steps: 2284
2020-07-08 23:51:12,999	INFO	Total steps: 6215214	Episode: 3260/1771	Avg reward: 14.40	Avg steps: 2294
2020-07-09 00:15:23,592	INFO	Total steps: 6263939	Episode: 3280/2477	Avg reward: 10.45	Avg steps: 2435
2020-07-09 00:37:52,082	INFO	Total steps: 6309076	Episode: 3300/2454	Avg reward: 11.35	Avg steps: 2255
2020-07-09 00:59:18,426	INFO	Total steps: 6352043	Episode: 3320/2484	Avg reward: 12.95	Avg steps: 2147
2020-07-09 01:22:15,762	INFO	Total steps: 6398759	Episode: 3340/2232	Avg reward: 11.85	Avg steps: 2334
2020-07-09 01:43:47,391	INFO	Total steps: 6441943	Episode: 3360/1648	Avg reward: 14.00	Avg steps: 2158
2020-07-09 02:07:15,669	INFO	Total steps: 6489747	Episode: 3380/3185	Avg reward: 12.10	Avg steps: 2389
2020-07-09 02:30:58,549	INFO	Total steps: 6537840	Episode: 3400/1470	Avg reward: 12.20	Avg steps: 2403
2020-07-09 02:53:51,831	INFO	Total steps: 6584131	Episode: 3420/2634	Avg reward: 12.75	Avg steps: 2313
2020-07-09 03:16:16,509	INFO	Total steps: 6629409	Episode: 3440/2508	Avg reward: 12.80	Avg steps: 2262
2020-07-09 03:37:10,604	INFO	Total steps: 6671596	Episode: 3460/2084	Avg reward: 13.10	Avg steps: 2108
2020-07-09 03:59:14,353	INFO	Total steps: 6716157	Episode: 3480/2057	Avg reward: 13.50	Avg steps: 2227
2020-07-09 04:18:54,698	INFO	Total steps: 6757295	Episode: 3500/2239	Avg reward: 14.20	Avg steps: 2055
2020-07-09 04:38:25,103	INFO	Total steps: 6801398	Episode: 3520/2074	Avg reward: 12.80	Avg steps: 2204
2020-07-09 04:57:12,966	INFO	Total steps: 6843683	Episode: 3540/2173	Avg reward: 11.80	Avg steps: 2113
2020-07-09 05:16:25,429	INFO	Total steps: 6887127	Episode: 3560/1662	Avg reward: 11.05	Avg steps: 2171
2020-07-09 05:35:51,436	INFO	Total steps: 6931048	Episode: 3580/2386	Avg reward: 13.10	Avg steps: 2195
2020-07-09 05:52:21,737	INFO	Total steps: 6967984	Episode: 3600/1835	Avg reward: 14.65	Avg steps: 1845
2020-07-09 06:12:16,001	INFO	Total steps: 7011673	Episode: 3620/2136	Avg reward: 13.90	Avg steps: 2183
2020-07-09 06:30:55,444	INFO	Total steps: 7053074	Episode: 3640/1393	Avg reward: 14.30	Avg steps: 2069
2020-07-09 06:50:09,983	INFO	Total steps: 7096035	Episode: 3660/1650	Avg reward: 13.05	Avg steps: 2147
2020-07-09 07:08:48,433	INFO	Total steps: 7137951	Episode: 3680/2531	Avg reward: 13.75	Avg steps: 2094
2020-07-09 07:28:56,202	INFO	Total steps: 7183135	Episode: 3700/2815	Avg reward: 13.10	Avg steps: 2258
2020-07-09 07:50:04,485	INFO	Total steps: 7230726	Episode: 3720/2664	Avg reward: 13.45	Avg steps: 2378
2020-07-09 08:11:02,233	INFO	Total steps: 7277858	Episode: 3740/2116	Avg reward: 12.00	Avg steps: 2355
2020-07-09 08:30:59,512	INFO	Total steps: 7322427	Episode: 3760/2476	Avg reward: 12.35	Avg steps: 2227
2020-07-09 08:50:49,050	INFO	Total steps: 7367128	Episode: 3780/2565	Avg reward: 13.80	Avg steps: 2234
2020-07-09 09:09:01,067	INFO	Total steps: 7409386	Episode: 3800/1898	Avg reward: 14.20	Avg steps: 2111
2020-07-09 09:28:49,763	INFO	Total steps: 7455084	Episode: 3820/2282	Avg reward: 12.20	Avg steps: 2283
2020-07-09 09:48:18,912	INFO	Total steps: 7500242	Episode: 3840/1432	Avg reward: 14.10	Avg steps: 2256
2020-07-09 10:07:51,124	INFO	Total steps: 7545085	Episode: 3860/2186	Avg reward: 14.25	Avg steps: 2241
2020-07-09 10:26:17,518	INFO	Total steps: 7587379	Episode: 3880/1883	Avg reward: 14.45	Avg steps: 2113
2020-07-09 10:44:41,849	INFO	Total steps: 7630186	Episode: 3900/2331	Avg reward: 13.65	Avg steps: 2139
2020-07-09 11:04:11,792	INFO	Total steps: 7675484	Episode: 3920/2889	Avg reward: 13.90	Avg steps: 2263
2020-07-09 11:22:56,390	INFO	Total steps: 7719105	Episode: 3940/1541	Avg reward: 12.25	Avg steps: 2180
2020-07-09 11:42:06,930	INFO	Total steps: 7763451	Episode: 3960/1875	Avg reward: 14.45	Avg steps: 2216
2020-07-09 12:02:57,606	INFO	Total steps: 7812050	Episode: 3980/2038	Avg reward: 12.45	Avg steps: 2428
2020-07-09 12:21:33,770	INFO	Total steps: 7854782	Episode: 4000/1726	Avg reward: 13.60	Avg steps: 2135
