2020-07-01 22:19:27,936	INFO	--width 160 --height 160 --ball 1.0 --ball-size 2.0 --snell 1.0 --snell-width 80.0 --snell-change 0.0 --snell-visible none --paddle-speed 1.0 --paddle-angle 60.0 --paddle-length 10.0 --update-prob 0.2 --state binary --learning-rate 0.0001 --network dqn_pong_model --render False --epsdecay 1000 --episodes 4000 --replay 10000 --checkpoint dqn_pong_model --history history.p --store-dir ../experiments/snell_width.80.0-paddle_length.10.0-paddle_angle.60.0-update_prob.0.2 
2020-07-01 22:19:27,936	INFO	Device: cuda
2020-07-01 23:27:37,972	INFO	--width 160 --height 160 --ball 1.0 --ball-size 2.0 --snell 1.0 --snell-width 80.0 --snell-change 0.0 --snell-visible none --paddle-speed 1.0 --paddle-angle 60.0 --paddle-length 10.0 --update-prob 0.2 --state binary --learning-rate 0.0001 --network dqn_pong_model --render False --epsdecay 1000 --episodes 4000 --replay 10000 --checkpoint dqn_pong_model --history history.p --store-dir ../experiments/snell_width.80.0-paddle_length.10.0-paddle_angle.60.0-update_prob.0.2 
2020-07-01 23:27:38,063	INFO	Device: cuda
2020-07-01 23:29:19,002	INFO	Total steps: 11128	Episode: 20/435	Avg reward: -18.20	Avg steps: 555
2020-07-01 23:35:44,415	INFO	Total steps: 22134	Episode: 40/565	Avg reward: -18.35	Avg steps: 549
2020-07-01 23:42:40,782	INFO	Total steps: 33770	Episode: 60/513	Avg reward: -18.35	Avg steps: 580
2020-07-01 23:51:00,335	INFO	Total steps: 47699	Episode: 80/634	Avg reward: -17.70	Avg steps: 695
2020-07-01 23:58:41,733	INFO	Total steps: 60634	Episode: 100/713	Avg reward: -17.60	Avg steps: 645
2020-07-02 00:07:10,156	INFO	Total steps: 74796	Episode: 120/783	Avg reward: -16.95	Avg steps: 707
2020-07-02 00:15:31,920	INFO	Total steps: 88813	Episode: 140/662	Avg reward: -17.05	Avg steps: 699
2020-07-02 00:33:36,917	INFO	Total steps: 101538	Episode: 160/781	Avg reward: -17.85	Avg steps: 635
2020-07-02 00:39:41,994	INFO	Total steps: 114634	Episode: 180/696	Avg reward: -17.80	Avg steps: 653
2020-07-02 00:46:26,269	INFO	Total steps: 129166	Episode: 200/582	Avg reward: -16.70	Avg steps: 725
2020-07-02 00:53:28,215	INFO	Total steps: 143613	Episode: 220/724	Avg reward: -17.20	Avg steps: 721
2020-07-02 01:00:46,074	INFO	Total steps: 157822	Episode: 240/670	Avg reward: -17.65	Avg steps: 709
2020-07-02 01:08:11,255	INFO	Total steps: 172579	Episode: 260/855	Avg reward: -17.25	Avg steps: 736
2020-07-02 01:15:00,935	INFO	Total steps: 186206	Episode: 280/714	Avg reward: -17.45	Avg steps: 680
2020-07-02 01:21:55,337	INFO	Total steps: 200886	Episode: 300/1015	Avg reward: -16.45	Avg steps: 733
2020-07-02 01:28:47,551	INFO	Total steps: 215021	Episode: 320/758	Avg reward: -17.55	Avg steps: 705
2020-07-02 01:36:14,952	INFO	Total steps: 230141	Episode: 340/523	Avg reward: -16.95	Avg steps: 755
2020-07-02 01:44:22,825	INFO	Total steps: 245680	Episode: 360/644	Avg reward: -16.65	Avg steps: 775
2020-07-02 01:52:48,793	INFO	Total steps: 262079	Episode: 380/1322	Avg reward: -16.65	Avg steps: 818
2020-07-02 02:02:05,286	INFO	Total steps: 279842	Episode: 400/1246	Avg reward: -15.30	Avg steps: 887
2020-07-02 02:10:36,870	INFO	Total steps: 296092	Episode: 420/862	Avg reward: -16.30	Avg steps: 811
2020-07-02 02:18:30,769	INFO	Total steps: 311114	Episode: 440/760	Avg reward: -16.40	Avg steps: 750
2020-07-02 02:27:17,702	INFO	Total steps: 327784	Episode: 460/845	Avg reward: -15.40	Avg steps: 832
2020-07-02 02:35:51,098	INFO	Total steps: 344165	Episode: 480/1010	Avg reward: -16.45	Avg steps: 818
2020-07-02 02:44:46,650	INFO	Total steps: 361357	Episode: 500/641	Avg reward: -15.45	Avg steps: 858
2020-07-02 02:53:54,327	INFO	Total steps: 379891	Episode: 520/782	Avg reward: -15.25	Avg steps: 925
2020-07-02 03:02:24,133	INFO	Total steps: 397767	Episode: 540/725	Avg reward: -15.50	Avg steps: 892
2020-07-02 03:11:46,431	INFO	Total steps: 417183	Episode: 560/969	Avg reward: -13.80	Avg steps: 969
2020-07-02 03:20:46,158	INFO	Total steps: 435835	Episode: 580/1133	Avg reward: -15.65	Avg steps: 931
2020-07-02 03:29:44,762	INFO	Total steps: 454333	Episode: 600/1033	Avg reward: -15.35	Avg steps: 923
2020-07-02 03:39:24,854	INFO	Total steps: 474627	Episode: 620/762	Avg reward: -14.05	Avg steps: 1013
2020-07-02 03:48:26,977	INFO	Total steps: 493421	Episode: 640/716	Avg reward: -14.60	Avg steps: 938
2020-07-02 03:57:40,888	INFO	Total steps: 512789	Episode: 660/1078	Avg reward: -14.60	Avg steps: 967
2020-07-02 04:06:59,859	INFO	Total steps: 532348	Episode: 680/1086	Avg reward: -13.45	Avg steps: 976
2020-07-02 04:16:20,356	INFO	Total steps: 552383	Episode: 700/1972	Avg reward: -13.75	Avg steps: 1000
2020-07-02 04:26:43,657	INFO	Total steps: 572792	Episode: 720/1181	Avg reward: -14.35	Avg steps: 1019
2020-07-02 04:38:43,518	INFO	Total steps: 595829	Episode: 740/940	Avg reward: -12.35	Avg steps: 1150
2020-07-02 04:50:25,220	INFO	Total steps: 618298	Episode: 760/1211	Avg reward: -12.60	Avg steps: 1122
2020-07-02 05:01:20,662	INFO	Total steps: 639366	Episode: 780/826	Avg reward: -13.10	Avg steps: 1052
2020-07-02 05:15:13,207	INFO	Total steps: 665952	Episode: 800/1170	Avg reward: -10.25	Avg steps: 1328
2020-07-02 05:25:03,434	INFO	Total steps: 685446	Episode: 820/1098	Avg reward: -14.30	Avg steps: 973
2020-07-02 05:36:55,888	INFO	Total steps: 708222	Episode: 840/1447	Avg reward: -11.50	Avg steps: 1137
2020-07-02 05:51:14,986	INFO	Total steps: 736175	Episode: 860/1758	Avg reward: -9.65	Avg steps: 1396
2020-07-02 06:02:47,158	INFO	Total steps: 759582	Episode: 880/897	Avg reward: -11.90	Avg steps: 1169
2020-07-02 06:17:10,561	INFO	Total steps: 786909	Episode: 900/2057	Avg reward: -9.70	Avg steps: 1365
2020-07-02 06:31:51,978	INFO	Total steps: 814637	Episode: 920/1496	Avg reward: -9.00	Avg steps: 1385
2020-07-02 06:45:25,581	INFO	Total steps: 840438	Episode: 940/1118	Avg reward: -10.25	Avg steps: 1289
2020-07-02 07:00:26,255	INFO	Total steps: 868813	Episode: 960/2272	Avg reward: -8.50	Avg steps: 1417
2020-07-02 07:16:33,512	INFO	Total steps: 899379	Episode: 980/1634	Avg reward: -7.95	Avg steps: 1527
2020-07-02 07:31:57,332	INFO	Total steps: 928745	Episode: 1000/777	Avg reward: -8.35	Avg steps: 1467
2020-07-02 07:45:27,912	INFO	Total steps: 955673	Episode: 1020/1203	Avg reward: -10.10	Avg steps: 1345
2020-07-02 08:01:31,636	INFO	Total steps: 986595	Episode: 1040/1743	Avg reward: -8.35	Avg steps: 1545
2020-07-02 08:17:56,989	INFO	Total steps: 1018089	Episode: 1060/1611	Avg reward: -6.25	Avg steps: 1573
2020-07-02 08:35:20,489	INFO	Total steps: 1051364	Episode: 1080/1335	Avg reward: -5.75	Avg steps: 1662
2020-07-02 08:54:14,922	INFO	Total steps: 1087671	Episode: 1100/2441	Avg reward: -4.50	Avg steps: 1814
2020-07-02 09:10:16,171	INFO	Total steps: 1118632	Episode: 1120/1835	Avg reward: -7.60	Avg steps: 1547
2020-07-02 09:30:10,755	INFO	Total steps: 1156579	Episode: 1140/2161	Avg reward: -2.65	Avg steps: 1896
2020-07-02 09:47:13,178	INFO	Total steps: 1188834	Episode: 1160/2229	Avg reward: -3.95	Avg steps: 1611
2020-07-02 10:05:39,627	INFO	Total steps: 1223289	Episode: 1180/1880	Avg reward: -3.15	Avg steps: 1721
2020-07-02 10:26:16,619	INFO	Total steps: 1262090	Episode: 1200/2082	Avg reward: -0.45	Avg steps: 1939
2020-07-02 10:44:56,168	INFO	Total steps: 1297491	Episode: 1220/1798	Avg reward: -1.80	Avg steps: 1769
2020-07-02 11:02:55,466	INFO	Total steps: 1331929	Episode: 1240/1748	Avg reward: -2.75	Avg steps: 1720
2020-07-02 11:21:35,012	INFO	Total steps: 1367198	Episode: 1260/2185	Avg reward: -3.75	Avg steps: 1762
2020-07-02 11:41:21,515	INFO	Total steps: 1404406	Episode: 1280/2092	Avg reward: 1.10	Avg steps: 1859
2020-07-02 12:01:37,897	INFO	Total steps: 1442890	Episode: 1300/1586	Avg reward: 1.60	Avg steps: 1923
2020-07-02 12:21:41,722	INFO	Total steps: 1480929	Episode: 1320/1709	Avg reward: 1.90	Avg steps: 1900
2020-07-02 12:41:35,393	INFO	Total steps: 1518832	Episode: 1340/1931	Avg reward: -1.75	Avg steps: 1894
2020-07-02 13:02:00,849	INFO	Total steps: 1557696	Episode: 1360/2493	Avg reward: -0.30	Avg steps: 1942
2020-07-02 13:22:15,475	INFO	Total steps: 1596262	Episode: 1380/1942	Avg reward: 1.05	Avg steps: 1927
2020-07-02 13:42:34,868	INFO	Total steps: 1635010	Episode: 1400/2191	Avg reward: -0.35	Avg steps: 1936
2020-07-02 14:03:44,460	INFO	Total steps: 1675702	Episode: 1420/2176	Avg reward: 4.30	Avg steps: 2033
2020-07-02 14:24:19,333	INFO	Total steps: 1715011	Episode: 1440/1821	Avg reward: 4.70	Avg steps: 1964
2020-07-02 14:45:23,999	INFO	Total steps: 1755816	Episode: 1460/2760	Avg reward: 4.90	Avg steps: 2039
2020-07-02 15:05:35,528	INFO	Total steps: 1794919	Episode: 1480/1879	Avg reward: 5.00	Avg steps: 1954
2020-07-02 15:25:25,046	INFO	Total steps: 1834156	Episode: 1500/1969	Avg reward: 4.85	Avg steps: 1960
2020-07-02 15:47:55,348	INFO	Total steps: 1877810	Episode: 1520/2070	Avg reward: 3.50	Avg steps: 2181
2020-07-02 16:08:33,649	INFO	Total steps: 1917487	Episode: 1540/1630	Avg reward: 5.20	Avg steps: 1982
2020-07-02 16:28:41,886	INFO	Total steps: 1956346	Episode: 1560/1789	Avg reward: 5.10	Avg steps: 1941
2020-07-02 16:51:01,408	INFO	Total steps: 1999646	Episode: 1580/2360	Avg reward: 3.65	Avg steps: 2164
2020-07-02 17:12:12,821	INFO	Total steps: 2040643	Episode: 1600/1687	Avg reward: 5.45	Avg steps: 2048
2020-07-02 17:33:13,685	INFO	Total steps: 2081271	Episode: 1620/2236	Avg reward: 6.00	Avg steps: 2030
2020-07-02 17:54:23,028	INFO	Total steps: 2121260	Episode: 1640/2213	Avg reward: 6.60	Avg steps: 1998
2020-07-02 18:14:56,369	INFO	Total steps: 2160284	Episode: 1660/1662	Avg reward: 6.85	Avg steps: 1950
2020-07-02 18:34:59,649	INFO	Total steps: 2198991	Episode: 1680/1505	Avg reward: 6.95	Avg steps: 1934
2020-07-02 18:55:31,764	INFO	Total steps: 2238196	Episode: 1700/1924	Avg reward: 7.90	Avg steps: 1959
2020-07-02 19:14:48,341	INFO	Total steps: 2275374	Episode: 1720/2067	Avg reward: 8.45	Avg steps: 1857
2020-07-02 19:35:14,295	INFO	Total steps: 2314400	Episode: 1740/1917	Avg reward: 9.00	Avg steps: 1950
2020-07-02 19:54:51,204	INFO	Total steps: 2352065	Episode: 1760/1960	Avg reward: 8.65	Avg steps: 1882
2020-07-02 20:14:20,618	INFO	Total steps: 2389523	Episode: 1780/1573	Avg reward: 9.65	Avg steps: 1871
2020-07-02 20:33:51,437	INFO	Total steps: 2426304	Episode: 1800/1576	Avg reward: 9.60	Avg steps: 1838
2020-07-02 20:52:53,180	INFO	Total steps: 2462993	Episode: 1820/2041	Avg reward: 11.00	Avg steps: 1833
2020-07-02 21:14:20,321	INFO	Total steps: 2504261	Episode: 1840/1779	Avg reward: 8.70	Avg steps: 2062
2020-07-02 21:34:47,054	INFO	Total steps: 2543203	Episode: 1860/2168	Avg reward: 8.65	Avg steps: 1946
2020-07-02 21:55:06,508	INFO	Total steps: 2582267	Episode: 1880/1801	Avg reward: 9.35	Avg steps: 1952
2020-07-02 22:16:19,633	INFO	Total steps: 2622893	Episode: 1900/1972	Avg reward: 9.60	Avg steps: 2030
2020-07-02 22:35:26,307	INFO	Total steps: 2659640	Episode: 1920/1639	Avg reward: 11.30	Avg steps: 1836
2020-07-02 22:54:47,810	INFO	Total steps: 2696588	Episode: 1940/2067	Avg reward: 10.45	Avg steps: 1846
2020-07-02 23:13:18,399	INFO	Total steps: 2731829	Episode: 1960/1573	Avg reward: 10.90	Avg steps: 1761
2020-07-02 23:33:31,183	INFO	Total steps: 2770855	Episode: 1980/2181	Avg reward: 11.10	Avg steps: 1950
2020-07-02 23:53:55,057	INFO	Total steps: 2809955	Episode: 2000/2603	Avg reward: 11.45	Avg steps: 1954
2020-07-03 00:13:47,198	INFO	Total steps: 2847975	Episode: 2020/2358	Avg reward: 10.85	Avg steps: 1900
2020-07-03 00:33:27,439	INFO	Total steps: 2886213	Episode: 2040/1999	Avg reward: 11.10	Avg steps: 1910
2020-07-03 00:53:47,587	INFO	Total steps: 2924960	Episode: 2060/2440	Avg reward: 10.55	Avg steps: 1936
2020-07-03 01:12:48,041	INFO	Total steps: 2961243	Episode: 2080/2031	Avg reward: 12.55	Avg steps: 1813
2020-07-03 01:32:54,019	INFO	Total steps: 2999547	Episode: 2100/1950	Avg reward: 12.60	Avg steps: 1914
2020-07-03 01:51:57,684	INFO	Total steps: 3035668	Episode: 2120/1773	Avg reward: 12.10	Avg steps: 1805
2020-07-03 02:10:49,842	INFO	Total steps: 3071982	Episode: 2140/1812	Avg reward: 12.80	Avg steps: 1814
2020-07-03 02:29:55,310	INFO	Total steps: 3108320	Episode: 2160/1648	Avg reward: 12.25	Avg steps: 1815
2020-07-03 02:48:35,694	INFO	Total steps: 3144412	Episode: 2180/1991	Avg reward: 13.05	Avg steps: 1803
2020-07-03 03:06:35,283	INFO	Total steps: 3179479	Episode: 2200/1861	Avg reward: 12.60	Avg steps: 1752
2020-07-03 03:25:55,154	INFO	Total steps: 3216388	Episode: 2220/2121	Avg reward: 11.95	Avg steps: 1844
2020-07-03 03:44:28,084	INFO	Total steps: 3251997	Episode: 2240/2151	Avg reward: 13.00	Avg steps: 1779
2020-07-03 04:03:32,487	INFO	Total steps: 3288492	Episode: 2260/1502	Avg reward: 13.05	Avg steps: 1823
2020-07-03 04:21:46,556	INFO	Total steps: 3323540	Episode: 2280/1493	Avg reward: 14.50	Avg steps: 1751
2020-07-03 04:39:37,106	INFO	Total steps: 3358810	Episode: 2300/1916	Avg reward: 14.00	Avg steps: 1762
2020-07-03 04:58:15,601	INFO	Total steps: 3396166	Episode: 2320/1622	Avg reward: 13.55	Avg steps: 1866
2020-07-03 05:17:33,437	INFO	Total steps: 3432837	Episode: 2340/2089	Avg reward: 13.15	Avg steps: 1832
2020-07-03 05:36:51,776	INFO	Total steps: 3469678	Episode: 2360/1856	Avg reward: 13.15	Avg steps: 1841
2020-07-03 05:57:27,217	INFO	Total steps: 3508909	Episode: 2380/1638	Avg reward: 12.65	Avg steps: 1960
2020-07-03 06:16:57,826	INFO	Total steps: 3546308	Episode: 2400/2396	Avg reward: 12.60	Avg steps: 1868
2020-07-03 06:34:50,859	INFO	Total steps: 3580503	Episode: 2420/1545	Avg reward: 14.35	Avg steps: 1708
2020-07-03 06:53:17,321	INFO	Total steps: 3615888	Episode: 2440/1860	Avg reward: 14.85	Avg steps: 1768
2020-07-03 07:11:02,081	INFO	Total steps: 3650295	Episode: 2460/1987	Avg reward: 14.05	Avg steps: 1719
2020-07-03 07:29:40,224	INFO	Total steps: 3685410	Episode: 2480/1569	Avg reward: 14.05	Avg steps: 1754
2020-07-03 07:48:34,589	INFO	Total steps: 3720448	Episode: 2500/1608	Avg reward: 14.45	Avg steps: 1750
2020-07-03 08:05:57,973	INFO	Total steps: 3752813	Episode: 2520/1588	Avg reward: 13.40	Avg steps: 1617
2020-07-03 08:23:39,038	INFO	Total steps: 3788065	Episode: 2540/2010	Avg reward: 14.60	Avg steps: 1761
2020-07-03 08:41:27,622	INFO	Total steps: 3821638	Episode: 2560/1488	Avg reward: 15.00	Avg steps: 1677
2020-07-03 08:59:59,151	INFO	Total steps: 3855940	Episode: 2580/1847	Avg reward: 14.75	Avg steps: 1714
2020-07-03 09:18:29,199	INFO	Total steps: 3890828	Episode: 2600/1692	Avg reward: 13.70	Avg steps: 1743
2020-07-03 09:37:45,072	INFO	Total steps: 3927724	Episode: 2620/2109	Avg reward: 14.45	Avg steps: 1843
2020-07-03 09:56:47,024	INFO	Total steps: 3964869	Episode: 2640/2133	Avg reward: 13.85	Avg steps: 1856
2020-07-03 10:13:55,744	INFO	Total steps: 3999654	Episode: 2660/1614	Avg reward: 14.35	Avg steps: 1738
2020-07-03 10:32:05,640	INFO	Total steps: 4034473	Episode: 2680/1476	Avg reward: 13.70	Avg steps: 1739
2020-07-03 10:50:08,046	INFO	Total steps: 4069264	Episode: 2700/1642	Avg reward: 14.10	Avg steps: 1738
2020-07-03 11:08:11,586	INFO	Total steps: 4103658	Episode: 2720/1541	Avg reward: 14.35	Avg steps: 1718
2020-07-03 11:25:38,216	INFO	Total steps: 4136172	Episode: 2740/1635	Avg reward: 15.95	Avg steps: 1624
2020-07-03 11:44:11,041	INFO	Total steps: 4170564	Episode: 2760/1811	Avg reward: 15.90	Avg steps: 1718
2020-07-03 12:03:32,660	INFO	Total steps: 4207139	Episode: 2780/1983	Avg reward: 15.30	Avg steps: 1827
2020-07-03 12:22:26,281	INFO	Total steps: 4242458	Episode: 2800/1968	Avg reward: 15.00	Avg steps: 1764
2020-07-03 12:40:32,702	INFO	Total steps: 4276467	Episode: 2820/1792	Avg reward: 15.75	Avg steps: 1699
2020-07-03 12:59:37,433	INFO	Total steps: 4311666	Episode: 2840/1892	Avg reward: 15.20	Avg steps: 1758
2020-07-03 13:17:36,546	INFO	Total steps: 4345060	Episode: 2860/2008	Avg reward: 14.50	Avg steps: 1668
2020-07-03 13:36:57,306	INFO	Total steps: 4380991	Episode: 2880/1464	Avg reward: 14.35	Avg steps: 1795
2020-07-03 13:55:19,493	INFO	Total steps: 4414988	Episode: 2900/2415	Avg reward: 15.35	Avg steps: 1698
2020-07-03 14:13:13,192	INFO	Total steps: 4448598	Episode: 2920/1667	Avg reward: 14.40	Avg steps: 1679
2020-07-03 14:31:21,415	INFO	Total steps: 4482286	Episode: 2940/1435	Avg reward: 15.45	Avg steps: 1683
2020-07-03 14:50:02,464	INFO	Total steps: 4516529	Episode: 2960/1712	Avg reward: 14.30	Avg steps: 1711
2020-07-03 15:09:19,521	INFO	Total steps: 4552093	Episode: 2980/1610	Avg reward: 15.15	Avg steps: 1777
2020-07-03 15:27:08,308	INFO	Total steps: 4585429	Episode: 3000/1586	Avg reward: 15.00	Avg steps: 1665
2020-07-03 15:45:03,490	INFO	Total steps: 4618772	Episode: 3020/1862	Avg reward: 16.35	Avg steps: 1666
2020-07-03 16:03:25,876	INFO	Total steps: 4652898	Episode: 3040/1477	Avg reward: 14.95	Avg steps: 1705
2020-07-03 16:21:38,417	INFO	Total steps: 4687160	Episode: 3060/1754	Avg reward: 15.65	Avg steps: 1712
2020-07-03 16:40:00,778	INFO	Total steps: 4721846	Episode: 3080/1746	Avg reward: 15.05	Avg steps: 1733
2020-07-03 16:57:32,482	INFO	Total steps: 4755633	Episode: 3100/1369	Avg reward: 15.45	Avg steps: 1688
2020-07-03 17:16:13,632	INFO	Total steps: 4790243	Episode: 3120/1915	Avg reward: 15.00	Avg steps: 1729
2020-07-03 17:33:35,137	INFO	Total steps: 4822475	Episode: 3140/2208	Avg reward: 15.20	Avg steps: 1610
2020-07-03 17:52:38,836	INFO	Total steps: 4857842	Episode: 3160/1973	Avg reward: 15.10	Avg steps: 1767
2020-07-03 18:10:34,248	INFO	Total steps: 4890874	Episode: 3180/1611	Avg reward: 16.05	Avg steps: 1650
2020-07-03 18:28:56,313	INFO	Total steps: 4924450	Episode: 3200/1708	Avg reward: 16.40	Avg steps: 1677
2020-07-03 18:47:18,530	INFO	Total steps: 4958443	Episode: 3220/1828	Avg reward: 15.85	Avg steps: 1698
2020-07-03 19:04:58,825	INFO	Total steps: 4991713	Episode: 3240/1703	Avg reward: 15.80	Avg steps: 1662
2020-07-03 19:22:52,599	INFO	Total steps: 5025259	Episode: 3260/1558	Avg reward: 16.30	Avg steps: 1676
2020-07-03 19:40:55,512	INFO	Total steps: 5058970	Episode: 3280/1906	Avg reward: 14.95	Avg steps: 1684
2020-07-03 19:59:31,395	INFO	Total steps: 5093430	Episode: 3300/2004	Avg reward: 15.75	Avg steps: 1722
2020-07-03 20:16:21,014	INFO	Total steps: 5124974	Episode: 3320/1963	Avg reward: 17.15	Avg steps: 1576
2020-07-03 20:33:10,256	INFO	Total steps: 5156260	Episode: 3340/1263	Avg reward: 17.50	Avg steps: 1563
2020-07-03 20:49:26,116	INFO	Total steps: 5188746	Episode: 3360/1487	Avg reward: 15.80	Avg steps: 1623
2020-07-03 21:08:31,620	INFO	Total steps: 5224522	Episode: 3380/1748	Avg reward: 14.80	Avg steps: 1787
2020-07-03 21:26:28,865	INFO	Total steps: 5257751	Episode: 3400/1734	Avg reward: 16.25	Avg steps: 1660
2020-07-03 21:44:49,714	INFO	Total steps: 5292351	Episode: 3420/1822	Avg reward: 15.25	Avg steps: 1729
2020-07-03 22:02:37,834	INFO	Total steps: 5326580	Episode: 3440/1869	Avg reward: 15.75	Avg steps: 1710
2020-07-03 22:21:11,318	INFO	Total steps: 5362636	Episode: 3460/1363	Avg reward: 15.40	Avg steps: 1801
2020-07-03 22:39:22,527	INFO	Total steps: 5396712	Episode: 3480/1694	Avg reward: 15.60	Avg steps: 1702
2020-07-03 22:57:22,758	INFO	Total steps: 5430224	Episode: 3500/1999	Avg reward: 16.60	Avg steps: 1674
2020-07-03 23:15:40,043	INFO	Total steps: 5464030	Episode: 3520/1511	Avg reward: 16.50	Avg steps: 1689
2020-07-03 23:33:52,183	INFO	Total steps: 5498951	Episode: 3540/1712	Avg reward: 15.90	Avg steps: 1745
2020-07-03 23:51:08,838	INFO	Total steps: 5531935	Episode: 3560/2006	Avg reward: 16.95	Avg steps: 1648
2020-07-04 00:08:00,979	INFO	Total steps: 5564542	Episode: 3580/1451	Avg reward: 16.95	Avg steps: 1629
2020-07-04 00:24:07,577	INFO	Total steps: 5596554	Episode: 3600/1878	Avg reward: 16.90	Avg steps: 1599
2020-07-04 00:41:34,700	INFO	Total steps: 5629125	Episode: 3620/1637	Avg reward: 16.40	Avg steps: 1627
2020-07-04 01:00:24,603	INFO	Total steps: 5664093	Episode: 3640/1632	Avg reward: 15.85	Avg steps: 1747
2020-07-04 01:18:08,294	INFO	Total steps: 5697995	Episode: 3660/1910	Avg reward: 15.35	Avg steps: 1694
2020-07-04 01:35:45,967	INFO	Total steps: 5730887	Episode: 3680/1655	Avg reward: 15.95	Avg steps: 1643
2020-07-04 01:53:37,166	INFO	Total steps: 5764187	Episode: 3700/1548	Avg reward: 16.80	Avg steps: 1664
2020-07-04 02:11:46,267	INFO	Total steps: 5798299	Episode: 3720/1532	Avg reward: 16.70	Avg steps: 1704
2020-07-04 02:28:58,084	INFO	Total steps: 5831126	Episode: 3740/1528	Avg reward: 16.45	Avg steps: 1640
2020-07-04 02:47:23,064	INFO	Total steps: 5865759	Episode: 3760/2062	Avg reward: 16.35	Avg steps: 1730
2020-07-04 03:04:15,981	INFO	Total steps: 5897734	Episode: 3780/1520	Avg reward: 15.80	Avg steps: 1597
2020-07-04 03:23:09,464	INFO	Total steps: 5932579	Episode: 3800/1463	Avg reward: 16.45	Avg steps: 1741
2020-07-04 03:40:42,626	INFO	Total steps: 5965965	Episode: 3820/1681	Avg reward: 17.70	Avg steps: 1668
2020-07-04 03:58:22,449	INFO	Total steps: 5999051	Episode: 3840/1460	Avg reward: 16.90	Avg steps: 1653
2020-07-04 04:17:04,658	INFO	Total steps: 6033666	Episode: 3860/1942	Avg reward: 15.40	Avg steps: 1729
2020-07-04 04:36:02,447	INFO	Total steps: 6068663	Episode: 3880/1618	Avg reward: 15.60	Avg steps: 1748
2020-07-04 04:53:20,437	INFO	Total steps: 6101025	Episode: 3900/2039	Avg reward: 16.65	Avg steps: 1617
2020-07-04 05:10:36,947	INFO	Total steps: 6133329	Episode: 3920/1483	Avg reward: 17.70	Avg steps: 1614
2020-07-04 05:27:47,003	INFO	Total steps: 6165288	Episode: 3940/1414	Avg reward: 16.45	Avg steps: 1596
2020-07-04 05:45:54,046	INFO	Total steps: 6199077	Episode: 3960/1544	Avg reward: 16.25	Avg steps: 1688
2020-07-04 06:03:39,226	INFO	Total steps: 6231860	Episode: 3980/2088	Avg reward: 16.95	Avg steps: 1638
2020-07-04 06:21:53,783	INFO	Total steps: 6265144	Episode: 4000/1900	Avg reward: 16.90	Avg steps: 1663
2020-07-06 17:19:49,059	INFO	--width 160 --height 160 --ball 1.0 --ball-size 2.0 --snell 1.0 --snell-width 80.0 --snell-change 0.0 --snell-visible none --paddle-speed 1.0 --paddle-angle 60.0 --paddle-length 10.0 --update-prob 0.2 --state binary --learning-rate 0.0001 --network dqn_pong_model --render False --epsdecay 1000 --episodes 4000 --replay 10000 --checkpoint dqn_pong_model --history history.p --store-dir ../experiments/snell_width.80.0-paddle_length.10.0-paddle_angle.60.0-update_prob.0.2 
2020-07-06 17:19:49,128	INFO	Device: cuda
2020-07-06 17:21:36,141	INFO	Total steps: 10914	Episode: 20/542	Avg reward: -18.40	Avg steps: 544
2020-07-06 17:27:29,542	INFO	Total steps: 22343	Episode: 40/512	Avg reward: -18.00	Avg steps: 570
2020-07-06 17:33:18,362	INFO	Total steps: 33630	Episode: 60/569	Avg reward: -18.30	Avg steps: 563
2020-07-06 17:39:50,857	INFO	Total steps: 46239	Episode: 80/575	Avg reward: -17.60	Avg steps: 629
2020-07-06 17:46:41,098	INFO	Total steps: 59457	Episode: 100/959	Avg reward: -17.00	Avg steps: 659
2020-07-06 17:52:56,992	INFO	Total steps: 71566	Episode: 120/785	Avg reward: -17.95	Avg steps: 604
2020-07-06 17:59:42,073	INFO	Total steps: 84548	Episode: 140/678	Avg reward: -18.30	Avg steps: 648
2020-07-06 18:06:24,594	INFO	Total steps: 97521	Episode: 160/584	Avg reward: -17.65	Avg steps: 647
2020-07-06 18:12:56,424	INFO	Total steps: 110121	Episode: 180/583	Avg reward: -17.40	Avg steps: 629
2020-07-06 18:19:58,697	INFO	Total steps: 123658	Episode: 200/565	Avg reward: -17.50	Avg steps: 675
2020-07-06 18:27:09,736	INFO	Total steps: 137405	Episode: 220/917	Avg reward: -17.45	Avg steps: 686
2020-07-06 18:33:58,518	INFO	Total steps: 150423	Episode: 240/610	Avg reward: -17.65	Avg steps: 649
2020-07-06 18:41:28,186	INFO	Total steps: 164698	Episode: 260/797	Avg reward: -17.35	Avg steps: 712
2020-07-06 18:49:45,360	INFO	Total steps: 180398	Episode: 280/982	Avg reward: -16.55	Avg steps: 784
2020-07-06 18:58:16,307	INFO	Total steps: 196573	Episode: 300/647	Avg reward: -16.70	Avg steps: 807
2020-07-06 19:05:50,754	INFO	Total steps: 210912	Episode: 320/638	Avg reward: -17.40	Avg steps: 715
2020-07-06 19:13:45,119	INFO	Total steps: 226001	Episode: 340/784	Avg reward: -16.75	Avg steps: 753
2020-07-06 19:22:16,096	INFO	Total steps: 242224	Episode: 360/732	Avg reward: -16.75	Avg steps: 810
2020-07-06 19:30:44,927	INFO	Total steps: 258205	Episode: 380/924	Avg reward: -16.65	Avg steps: 798
2020-07-06 19:39:06,294	INFO	Total steps: 273964	Episode: 400/844	Avg reward: -16.65	Avg steps: 786
2020-07-06 19:47:21,112	INFO	Total steps: 289483	Episode: 420/714	Avg reward: -17.00	Avg steps: 774
2020-07-06 19:56:01,202	INFO	Total steps: 306042	Episode: 440/985	Avg reward: -16.60	Avg steps: 826
2020-07-06 20:04:52,449	INFO	Total steps: 322787	Episode: 460/797	Avg reward: -15.75	Avg steps: 836
2020-07-06 20:13:39,806	INFO	Total steps: 339367	Episode: 480/795	Avg reward: -16.15	Avg steps: 828
2020-07-06 20:21:47,762	INFO	Total steps: 354630	Episode: 500/795	Avg reward: -16.15	Avg steps: 762
2020-07-06 20:30:20,421	INFO	Total steps: 370687	Episode: 520/1054	Avg reward: -15.90	Avg steps: 801
2020-07-06 20:40:19,346	INFO	Total steps: 389489	Episode: 540/847	Avg reward: -15.05	Avg steps: 939
2020-07-06 20:49:32,647	INFO	Total steps: 406792	Episode: 560/942	Avg reward: -15.45	Avg steps: 864
2020-07-06 20:58:45,490	INFO	Total steps: 424148	Episode: 580/837	Avg reward: -14.85	Avg steps: 866
2020-07-06 21:08:10,922	INFO	Total steps: 441859	Episode: 600/837	Avg reward: -15.00	Avg steps: 884
2020-07-06 21:18:13,322	INFO	Total steps: 460691	Episode: 620/636	Avg reward: -14.25	Avg steps: 940
2020-07-06 21:29:02,344	INFO	Total steps: 481020	Episode: 640/1278	Avg reward: -13.85	Avg steps: 1015
2020-07-06 21:38:40,150	INFO	Total steps: 499059	Episode: 660/1415	Avg reward: -14.95	Avg steps: 900
2020-07-06 21:48:50,991	INFO	Total steps: 518195	Episode: 680/1030	Avg reward: -13.85	Avg steps: 955
2020-07-06 21:59:26,314	INFO	Total steps: 538083	Episode: 700/910	Avg reward: -14.40	Avg steps: 993
2020-07-06 22:10:18,397	INFO	Total steps: 558445	Episode: 720/866	Avg reward: -13.25	Avg steps: 1017
2020-07-06 22:21:10,197	INFO	Total steps: 578775	Episode: 740/1097	Avg reward: -12.70	Avg steps: 1015
2020-07-06 22:32:15,237	INFO	Total steps: 599469	Episode: 760/775	Avg reward: -13.80	Avg steps: 1033
2020-07-06 22:43:44,541	INFO	Total steps: 620919	Episode: 780/1082	Avg reward: -13.55	Avg steps: 1071
2020-07-06 22:56:13,104	INFO	Total steps: 644280	Episode: 800/1128	Avg reward: -12.35	Avg steps: 1167
2020-07-06 23:09:03,021	INFO	Total steps: 668211	Episode: 820/1171	Avg reward: -12.00	Avg steps: 1195
2020-07-06 23:22:34,823	INFO	Total steps: 693488	Episode: 840/1565	Avg reward: -10.70	Avg steps: 1262
2020-07-06 23:34:46,082	INFO	Total steps: 716246	Episode: 860/719	Avg reward: -12.50	Avg steps: 1136
2020-07-06 23:48:18,016	INFO	Total steps: 741607	Episode: 880/1476	Avg reward: -10.85	Avg steps: 1267
2020-07-07 00:01:59,957	INFO	Total steps: 767174	Episode: 900/1373	Avg reward: -11.15	Avg steps: 1277
2020-07-07 00:15:49,071	INFO	Total steps: 792944	Episode: 920/1034	Avg reward: -10.95	Avg steps: 1287
2020-07-07 00:30:28,237	INFO	Total steps: 820310	Episode: 940/1313	Avg reward: -9.85	Avg steps: 1367
2020-07-07 00:44:52,925	INFO	Total steps: 847161	Episode: 960/1146	Avg reward: -10.25	Avg steps: 1341
2020-07-07 00:59:29,458	INFO	Total steps: 874380	Episode: 980/1429	Avg reward: -9.60	Avg steps: 1359
2020-07-07 01:14:07,723	INFO	Total steps: 901654	Episode: 1000/1083	Avg reward: -8.25	Avg steps: 1362
2020-07-07 01:28:47,761	INFO	Total steps: 928044	Episode: 1020/1743	Avg reward: -8.65	Avg steps: 1318
2020-07-07 01:44:34,906	INFO	Total steps: 955905	Episode: 1040/1969	Avg reward: -8.60	Avg steps: 1392
2020-07-07 02:00:48,477	INFO	Total steps: 984528	Episode: 1060/1273	Avg reward: -8.55	Avg steps: 1430
2020-07-07 02:16:58,750	INFO	Total steps: 1013000	Episode: 1080/1618	Avg reward: -9.70	Avg steps: 1422
2020-07-07 02:36:38,548	INFO	Total steps: 1047597	Episode: 1100/2271	Avg reward: -6.70	Avg steps: 1728
2020-07-07 02:55:20,754	INFO	Total steps: 1080515	Episode: 1120/1352	Avg reward: -7.80	Avg steps: 1644
2020-07-07 03:12:20,159	INFO	Total steps: 1110212	Episode: 1140/921	Avg reward: -6.70	Avg steps: 1483
2020-07-07 03:27:22,419	INFO	Total steps: 1136424	Episode: 1160/1343	Avg reward: -8.60	Avg steps: 1309
2020-07-07 03:47:13,598	INFO	Total steps: 1169106	Episode: 1180/963	Avg reward: -5.80	Avg steps: 1633
2020-07-07 04:07:46,800	INFO	Total steps: 1202382	Episode: 1200/1882	Avg reward: -5.85	Avg steps: 1662
2020-07-07 04:26:58,007	INFO	Total steps: 1233266	Episode: 1220/1227	Avg reward: -6.30	Avg steps: 1543
2020-07-07 04:45:03,111	INFO	Total steps: 1262499	Episode: 1240/1109	Avg reward: -8.05	Avg steps: 1460
2020-07-07 05:03:46,946	INFO	Total steps: 1292931	Episode: 1260/1404	Avg reward: -6.50	Avg steps: 1520
2020-07-07 05:24:59,099	INFO	Total steps: 1327163	Episode: 1280/1881	Avg reward: -5.30	Avg steps: 1710
2020-07-07 05:45:48,321	INFO	Total steps: 1360859	Episode: 1300/1265	Avg reward: -5.65	Avg steps: 1683
2020-07-07 06:05:02,167	INFO	Total steps: 1391929	Episode: 1320/1440	Avg reward: -6.65	Avg steps: 1552
2020-07-07 06:24:51,399	INFO	Total steps: 1424007	Episode: 1340/1609	Avg reward: -3.95	Avg steps: 1602
2020-07-07 06:45:32,181	INFO	Total steps: 1457310	Episode: 1360/1852	Avg reward: -6.35	Avg steps: 1664
2020-07-07 07:05:04,764	INFO	Total steps: 1488832	Episode: 1380/1761	Avg reward: -6.25	Avg steps: 1575
2020-07-07 07:25:51,028	INFO	Total steps: 1522273	Episode: 1400/1370	Avg reward: -4.30	Avg steps: 1671
2020-07-07 07:46:26,631	INFO	Total steps: 1555486	Episode: 1420/1513	Avg reward: -2.40	Avg steps: 1659
2020-07-07 08:07:43,417	INFO	Total steps: 1589784	Episode: 1440/1803	Avg reward: -1.80	Avg steps: 1713
2020-07-07 08:28:52,132	INFO	Total steps: 1623864	Episode: 1460/1793	Avg reward: -4.40	Avg steps: 1703
2020-07-07 08:52:51,678	INFO	Total steps: 1662536	Episode: 1480/1851	Avg reward: -0.70	Avg steps: 1932
2020-07-07 09:17:08,333	INFO	Total steps: 1701588	Episode: 1500/1665	Avg reward: 3.40	Avg steps: 1951
2020-07-07 09:40:55,469	INFO	Total steps: 1739376	Episode: 1520/1738	Avg reward: -0.30	Avg steps: 1888
2020-07-07 10:05:08,449	INFO	Total steps: 1778160	Episode: 1540/1702	Avg reward: 2.25	Avg steps: 1938
2020-07-07 10:28:10,535	INFO	Total steps: 1815175	Episode: 1560/1782	Avg reward: 5.30	Avg steps: 1849
2020-07-07 10:50:38,712	INFO	Total steps: 1851220	Episode: 1580/1121	Avg reward: 0.45	Avg steps: 1801
2020-07-07 11:14:09,807	INFO	Total steps: 1888927	Episode: 1600/2343	Avg reward: 3.05	Avg steps: 1884
2020-07-07 11:37:44,035	INFO	Total steps: 1926898	Episode: 1620/1561	Avg reward: 1.60	Avg steps: 1897
2020-07-07 11:59:18,901	INFO	Total steps: 1961783	Episode: 1640/1610	Avg reward: 1.10	Avg steps: 1743
2020-07-07 12:22:10,588	INFO	Total steps: 1998807	Episode: 1660/1287	Avg reward: 2.35	Avg steps: 1850
2020-07-07 12:45:01,603	INFO	Total steps: 2035686	Episode: 1680/1803	Avg reward: 2.95	Avg steps: 1842
2020-07-07 13:09:56,420	INFO	Total steps: 2075992	Episode: 1700/1979	Avg reward: 4.00	Avg steps: 2014
2020-07-07 13:33:22,472	INFO	Total steps: 2113938	Episode: 1720/1839	Avg reward: 4.50	Avg steps: 1896
2020-07-07 13:56:32,752	INFO	Total steps: 2151507	Episode: 1740/2008	Avg reward: 6.95	Avg steps: 1877
2020-07-07 14:19:14,929	INFO	Total steps: 2188396	Episode: 1760/1621	Avg reward: 7.20	Avg steps: 1843
2020-07-07 14:42:16,744	INFO	Total steps: 2225400	Episode: 1780/1792	Avg reward: 7.05	Avg steps: 1849
2020-07-07 15:06:18,218	INFO	Total steps: 2263758	Episode: 1800/1948	Avg reward: 7.20	Avg steps: 1916
2020-07-07 15:29:39,774	INFO	Total steps: 2301353	Episode: 1820/1739	Avg reward: 7.75	Avg steps: 1878
2020-07-07 15:53:06,304	INFO	Total steps: 2339008	Episode: 1840/1391	Avg reward: 8.85	Avg steps: 1881
2020-07-07 16:15:25,947	INFO	Total steps: 2374707	Episode: 1860/1498	Avg reward: 9.25	Avg steps: 1783
2020-07-07 16:37:18,804	INFO	Total steps: 2409636	Episode: 1880/1542	Avg reward: 10.65	Avg steps: 1745
2020-07-07 16:58:42,824	INFO	Total steps: 2443903	Episode: 1900/1646	Avg reward: 8.30	Avg steps: 1712
2020-07-07 17:20:13,021	INFO	Total steps: 2478229	Episode: 1920/1932	Avg reward: 11.45	Avg steps: 1715
2020-07-07 17:42:24,221	INFO	Total steps: 2513732	Episode: 1940/1399	Avg reward: 10.65	Avg steps: 1774
2020-07-07 18:04:31,347	INFO	Total steps: 2549323	Episode: 1960/2046	Avg reward: 9.35	Avg steps: 1778
2020-07-07 18:27:44,749	INFO	Total steps: 2586524	Episode: 1980/2335	Avg reward: 7.95	Avg steps: 1859
2020-07-07 18:50:30,513	INFO	Total steps: 2622889	Episode: 2000/1889	Avg reward: 8.95	Avg steps: 1817
2020-07-07 19:13:00,688	INFO	Total steps: 2658885	Episode: 2020/1963	Avg reward: 11.50	Avg steps: 1798
2020-07-07 19:36:00,928	INFO	Total steps: 2695989	Episode: 2040/2082	Avg reward: 10.70	Avg steps: 1854
2020-07-07 19:58:16,653	INFO	Total steps: 2731830	Episode: 2060/2073	Avg reward: 10.75	Avg steps: 1791
2020-07-07 20:20:12,672	INFO	Total steps: 2767104	Episode: 2080/1885	Avg reward: 11.20	Avg steps: 1762
2020-07-07 20:41:49,272	INFO	Total steps: 2801584	Episode: 2100/1877	Avg reward: 12.45	Avg steps: 1723
2020-07-07 21:05:18,566	INFO	Total steps: 2839253	Episode: 2120/2179	Avg reward: 10.40	Avg steps: 1882
2020-07-07 21:30:47,186	INFO	Total steps: 2876518	Episode: 2140/2002	Avg reward: 9.60	Avg steps: 1862
2020-07-07 21:53:08,234	INFO	Total steps: 2912697	Episode: 2160/1970	Avg reward: 10.35	Avg steps: 1807
2020-07-07 22:15:10,607	INFO	Total steps: 2947911	Episode: 2180/1797	Avg reward: 10.05	Avg steps: 1759
2020-07-07 22:36:58,353	INFO	Total steps: 2984057	Episode: 2200/1969	Avg reward: 12.65	Avg steps: 1806
2020-07-07 22:56:20,154	INFO	Total steps: 3017434	Episode: 2220/1659	Avg reward: 13.10	Avg steps: 1667
2020-07-07 23:16:12,042	INFO	Total steps: 3051822	Episode: 2240/2057	Avg reward: 12.10	Avg steps: 1718
2020-07-07 23:35:14,628	INFO	Total steps: 3084915	Episode: 2260/1516	Avg reward: 13.35	Avg steps: 1653
2020-07-07 23:55:24,726	INFO	Total steps: 3119950	Episode: 2280/1320	Avg reward: 12.15	Avg steps: 1750
2020-07-08 00:16:56,950	INFO	Total steps: 3157369	Episode: 2300/2149	Avg reward: 11.40	Avg steps: 1869
2020-07-08 00:37:05,179	INFO	Total steps: 3192313	Episode: 2320/1632	Avg reward: 12.50	Avg steps: 1746
2020-07-08 00:57:19,658	INFO	Total steps: 3227484	Episode: 2340/2216	Avg reward: 13.05	Avg steps: 1757
2020-07-08 01:17:14,236	INFO	Total steps: 3262092	Episode: 2360/1945	Avg reward: 12.90	Avg steps: 1729
2020-07-08 01:37:21,929	INFO	Total steps: 3296972	Episode: 2380/1459	Avg reward: 11.50	Avg steps: 1743
2020-07-08 01:58:02,335	INFO	Total steps: 3332845	Episode: 2400/1507	Avg reward: 10.65	Avg steps: 1792
2020-07-08 02:17:23,798	INFO	Total steps: 3366375	Episode: 2420/1383	Avg reward: 13.90	Avg steps: 1675
2020-07-08 02:37:21,440	INFO	Total steps: 3401019	Episode: 2440/1899	Avg reward: 14.00	Avg steps: 1731
2020-07-08 02:58:04,062	INFO	Total steps: 3436901	Episode: 2460/1706	Avg reward: 11.35	Avg steps: 1793
2020-07-08 03:17:26,652	INFO	Total steps: 3470466	Episode: 2480/1476	Avg reward: 12.10	Avg steps: 1677
2020-07-08 03:36:59,013	INFO	Total steps: 3504262	Episode: 2500/1951	Avg reward: 12.65	Avg steps: 1688
2020-07-08 03:55:54,423	INFO	Total steps: 3537010	Episode: 2520/1866	Avg reward: 12.50	Avg steps: 1636
2020-07-08 04:15:38,822	INFO	Total steps: 3571132	Episode: 2540/1618	Avg reward: 12.60	Avg steps: 1705
2020-07-08 04:35:57,251	INFO	Total steps: 3606288	Episode: 2560/1858	Avg reward: 13.65	Avg steps: 1756
2020-07-08 04:56:09,777	INFO	Total steps: 3641284	Episode: 2580/1572	Avg reward: 12.75	Avg steps: 1748
2020-07-08 05:15:07,714	INFO	Total steps: 3674286	Episode: 2600/1658	Avg reward: 14.30	Avg steps: 1649
2020-07-08 05:34:18,237	INFO	Total steps: 3707462	Episode: 2620/1563	Avg reward: 13.85	Avg steps: 1657
2020-07-08 05:54:24,412	INFO	Total steps: 3742316	Episode: 2640/1686	Avg reward: 14.50	Avg steps: 1741
2020-07-08 06:13:57,441	INFO	Total steps: 3776172	Episode: 2660/1607	Avg reward: 15.15	Avg steps: 1691
2020-07-08 06:32:10,095	INFO	Total steps: 3807758	Episode: 2680/1637	Avg reward: 14.65	Avg steps: 1578
2020-07-08 06:50:35,297	INFO	Total steps: 3839659	Episode: 2700/1545	Avg reward: 14.40	Avg steps: 1594
2020-07-08 07:09:18,636	INFO	Total steps: 3872181	Episode: 2720/1570	Avg reward: 15.70	Avg steps: 1625
2020-07-08 07:27:31,668	INFO	Total steps: 3903983	Episode: 2740/1549	Avg reward: 15.25	Avg steps: 1589
2020-07-08 07:47:12,549	INFO	Total steps: 3938313	Episode: 2760/2160	Avg reward: 15.05	Avg steps: 1715
2020-07-08 08:07:30,926	INFO	Total steps: 3973750	Episode: 2780/2367	Avg reward: 13.50	Avg steps: 1770
2020-07-08 08:26:38,518	INFO	Total steps: 4007121	Episode: 2800/1978	Avg reward: 14.35	Avg steps: 1667
2020-07-08 08:44:22,164	INFO	Total steps: 4038047	Episode: 2820/1294	Avg reward: 15.15	Avg steps: 1545
2020-07-08 09:02:46,084	INFO	Total steps: 4070163	Episode: 2840/1808	Avg reward: 14.75	Avg steps: 1604
2020-07-08 09:22:09,438	INFO	Total steps: 4104038	Episode: 2860/1698	Avg reward: 14.10	Avg steps: 1692
2020-07-08 09:41:25,980	INFO	Total steps: 4137697	Episode: 2880/1628	Avg reward: 16.30	Avg steps: 1681
2020-07-08 10:00:40,346	INFO	Total steps: 4171285	Episode: 2900/1517	Avg reward: 13.95	Avg steps: 1678
2020-07-08 10:20:14,451	INFO	Total steps: 4205412	Episode: 2920/1658	Avg reward: 15.25	Avg steps: 1705
2020-07-08 10:40:16,286	INFO	Total steps: 4240155	Episode: 2940/2252	Avg reward: 13.80	Avg steps: 1736
2020-07-08 10:59:30,784	INFO	Total steps: 4273677	Episode: 2960/1299	Avg reward: 15.65	Avg steps: 1675
2020-07-08 11:18:51,930	INFO	Total steps: 4307478	Episode: 2980/1950	Avg reward: 15.00	Avg steps: 1689
2020-07-08 11:40:07,913	INFO	Total steps: 4344465	Episode: 3000/1782	Avg reward: 14.70	Avg steps: 1848
2020-07-08 11:59:58,008	INFO	Total steps: 4378582	Episode: 3020/1367	Avg reward: 14.60	Avg steps: 1704
2020-07-08 12:18:12,290	INFO	Total steps: 4409904	Episode: 3040/1862	Avg reward: 15.35	Avg steps: 1565
2020-07-08 12:37:42,488	INFO	Total steps: 4443531	Episode: 3060/1409	Avg reward: 14.30	Avg steps: 1680
2020-07-08 12:56:51,744	INFO	Total steps: 4477031	Episode: 3080/2063	Avg reward: 14.70	Avg steps: 1674
2020-07-08 13:15:11,681	INFO	Total steps: 4509152	Episode: 3100/1530	Avg reward: 15.90	Avg steps: 1605
2020-07-08 13:36:52,049	INFO	Total steps: 4545259	Episode: 3120/1661	Avg reward: 14.60	Avg steps: 1804
2020-07-08 13:54:01,615	INFO	Total steps: 4578048	Episode: 3140/1915	Avg reward: 16.10	Avg steps: 1638
2020-07-08 14:11:29,131	INFO	Total steps: 4611523	Episode: 3160/1522	Avg reward: 15.80	Avg steps: 1672
2020-07-08 14:29:11,311	INFO	Total steps: 4646727	Episode: 3180/1874	Avg reward: 14.90	Avg steps: 1759
2020-07-08 14:48:25,280	INFO	Total steps: 4680236	Episode: 3200/1767	Avg reward: 14.45	Avg steps: 1674
2020-07-08 15:07:41,742	INFO	Total steps: 4713611	Episode: 3220/1706	Avg reward: 15.50	Avg steps: 1667
2020-07-08 15:26:09,789	INFO	Total steps: 4745722	Episode: 3240/2326	Avg reward: 15.80	Avg steps: 1604
2020-07-08 15:46:06,963	INFO	Total steps: 4780365	Episode: 3260/1381	Avg reward: 16.05	Avg steps: 1731
2020-07-08 16:04:47,017	INFO	Total steps: 4812759	Episode: 3280/1680	Avg reward: 15.95	Avg steps: 1618
2020-07-08 16:25:14,005	INFO	Total steps: 4848138	Episode: 3300/1921	Avg reward: 15.65	Avg steps: 1767
2020-07-08 16:45:57,104	INFO	Total steps: 4884031	Episode: 3320/1505	Avg reward: 15.70	Avg steps: 1793
2020-07-08 17:04:57,578	INFO	Total steps: 4917024	Episode: 3340/1784	Avg reward: 16.35	Avg steps: 1648
2020-07-08 17:23:57,178	INFO	Total steps: 4949953	Episode: 3360/1517	Avg reward: 15.75	Avg steps: 1645
2020-07-08 17:43:12,499	INFO	Total steps: 4983147	Episode: 3380/1631	Avg reward: 15.50	Avg steps: 1658
2020-07-08 18:01:40,795	INFO	Total steps: 5014950	Episode: 3400/1371	Avg reward: 16.15	Avg steps: 1589
2020-07-08 18:21:54,077	INFO	Total steps: 5049734	Episode: 3420/2086	Avg reward: 15.05	Avg steps: 1738
2020-07-08 18:41:30,975	INFO	Total steps: 5083351	Episode: 3440/1326	Avg reward: 15.30	Avg steps: 1679
2020-07-08 19:00:15,464	INFO	Total steps: 5115579	Episode: 3460/1539	Avg reward: 16.85	Avg steps: 1610
2020-07-08 19:19:56,059	INFO	Total steps: 5149369	Episode: 3480/1567	Avg reward: 15.05	Avg steps: 1688
2020-07-08 19:39:42,662	INFO	Total steps: 5183577	Episode: 3500/1954	Avg reward: 15.30	Avg steps: 1709
2020-07-08 19:59:30,385	INFO	Total steps: 5217864	Episode: 3520/1469	Avg reward: 15.80	Avg steps: 1713
2020-07-08 20:18:30,307	INFO	Total steps: 5250751	Episode: 3540/1550	Avg reward: 16.40	Avg steps: 1643
2020-07-08 20:38:33,950	INFO	Total steps: 5285431	Episode: 3560/1815	Avg reward: 15.25	Avg steps: 1733
2020-07-08 20:57:59,737	INFO	Total steps: 5319174	Episode: 3580/1983	Avg reward: 15.40	Avg steps: 1686
2020-07-08 21:17:29,323	INFO	Total steps: 5353012	Episode: 3600/1862	Avg reward: 15.45	Avg steps: 1690
2020-07-08 21:36:05,922	INFO	Total steps: 5385313	Episode: 3620/1917	Avg reward: 16.10	Avg steps: 1614
2020-07-08 21:55:31,762	INFO	Total steps: 5419030	Episode: 3640/2144	Avg reward: 16.25	Avg steps: 1684
2020-07-08 22:15:25,712	INFO	Total steps: 5452583	Episode: 3660/1752	Avg reward: 16.15	Avg steps: 1676
2020-07-08 22:36:44,028	INFO	Total steps: 5487136	Episode: 3680/1756	Avg reward: 14.85	Avg steps: 1726
2020-07-08 22:56:49,409	INFO	Total steps: 5520535	Episode: 3700/1426	Avg reward: 15.10	Avg steps: 1668
2020-07-08 23:15:59,273	INFO	Total steps: 5553905	Episode: 3720/1613	Avg reward: 16.25	Avg steps: 1667
2020-07-08 23:34:42,519	INFO	Total steps: 5586465	Episode: 3740/1696	Avg reward: 16.00	Avg steps: 1627
2020-07-08 23:54:09,123	INFO	Total steps: 5620367	Episode: 3760/1412	Avg reward: 16.80	Avg steps: 1694
2020-07-09 00:12:30,731	INFO	Total steps: 5652398	Episode: 3780/1440	Avg reward: 16.70	Avg steps: 1600
2020-07-09 00:30:59,104	INFO	Total steps: 5684592	Episode: 3800/1512	Avg reward: 17.05	Avg steps: 1608
2020-07-09 00:49:07,724	INFO	Total steps: 5716157	Episode: 3820/1581	Avg reward: 16.20	Avg steps: 1577
2020-07-09 01:08:39,215	INFO	Total steps: 5750129	Episode: 3840/2190	Avg reward: 17.00	Avg steps: 1697
2020-07-09 01:27:10,669	INFO	Total steps: 5782432	Episode: 3860/2181	Avg reward: 16.75	Avg steps: 1614
2020-07-09 01:47:11,654	INFO	Total steps: 5817173	Episode: 3880/1662	Avg reward: 16.15	Avg steps: 1736
2020-07-09 02:06:31,748	INFO	Total steps: 5850339	Episode: 3900/2008	Avg reward: 16.50	Avg steps: 1657
2020-07-09 02:25:36,581	INFO	Total steps: 5883100	Episode: 3920/1406	Avg reward: 15.85	Avg steps: 1637
2020-07-09 02:45:14,795	INFO	Total steps: 5916943	Episode: 3940/1537	Avg reward: 16.25	Avg steps: 1691
2020-07-09 03:03:42,907	INFO	Total steps: 5948613	Episode: 3960/1636	Avg reward: 16.30	Avg steps: 1582
2020-07-09 03:23:40,947	INFO	Total steps: 5982590	Episode: 3980/1492	Avg reward: 15.95	Avg steps: 1697
2020-07-09 03:43:00,375	INFO	Total steps: 6015408	Episode: 4000/1421	Avg reward: 16.70	Avg steps: 1639
