2020-07-01 22:24:21,025	INFO	--width 160 --height 160 --ball 1.0 --ball-size 2.0 --snell 1.0 --snell-width 60.0 --snell-change 0.0 --snell-visible none --paddle-speed 1.0 --paddle-angle 45.0 --paddle-length 10.0 --update-prob 0.3 --state binary --learning-rate 0.0001 --network dqn_pong_model --render False --epsdecay 1000 --episodes 4000 --replay 10000 --checkpoint dqn_pong_model --history history.p --store-dir ../experiments/snell_width.60.0-paddle_length.10.0-paddle_angle.45.0-update_prob.0.3 
2020-07-01 22:24:21,026	INFO	Device: cuda
2020-07-01 22:25:53,864	INFO	Total steps: 11053	Episode: 20/574	Avg reward: -19.50	Avg steps: 551
2020-07-01 22:31:52,507	INFO	Total steps: 21685	Episode: 40/612	Avg reward: -19.55	Avg steps: 530
2020-07-01 22:38:59,773	INFO	Total steps: 34339	Episode: 60/595	Avg reward: -18.80	Avg steps: 631
2020-07-01 22:46:46,235	INFO	Total steps: 48203	Episode: 80/662	Avg reward: -19.00	Avg steps: 692
2020-07-01 22:54:16,859	INFO	Total steps: 61662	Episode: 100/598	Avg reward: -19.05	Avg steps: 671
2020-07-01 23:01:35,126	INFO	Total steps: 74775	Episode: 120/613	Avg reward: -19.20	Avg steps: 654
2020-07-01 23:08:32,258	INFO	Total steps: 87119	Episode: 140/657	Avg reward: -19.05	Avg steps: 616
2020-07-01 23:15:28,056	INFO	Total steps: 100570	Episode: 160/822	Avg reward: -19.20	Avg steps: 671
2020-07-01 23:21:09,334	INFO	Total steps: 113508	Episode: 180/635	Avg reward: -18.85	Avg steps: 645
2020-07-01 23:27:27,443	INFO	Total steps: 127799	Episode: 200/677	Avg reward: -19.15	Avg steps: 713
2020-07-01 23:34:25,745	INFO	Total steps: 143552	Episode: 220/650	Avg reward: -18.75	Avg steps: 786
2020-07-01 23:41:59,530	INFO	Total steps: 159463	Episode: 240/601	Avg reward: -19.05	Avg steps: 794
2020-07-01 23:49:16,894	INFO	Total steps: 174872	Episode: 260/979	Avg reward: -18.40	Avg steps: 769
2020-07-01 23:56:24,675	INFO	Total steps: 189894	Episode: 280/611	Avg reward: -19.10	Avg steps: 750
2020-07-02 00:04:16,075	INFO	Total steps: 205847	Episode: 300/914	Avg reward: -19.20	Avg steps: 796
2020-07-02 00:12:34,110	INFO	Total steps: 222553	Episode: 320/866	Avg reward: -18.50	Avg steps: 834
2020-07-02 00:20:29,411	INFO	Total steps: 238541	Episode: 340/715	Avg reward: -18.65	Avg steps: 798
2020-07-02 00:28:38,044	INFO	Total steps: 255704	Episode: 360/682	Avg reward: -18.25	Avg steps: 857
2020-07-02 00:35:52,407	INFO	Total steps: 272028	Episode: 380/657	Avg reward: -18.60	Avg steps: 815
2020-07-02 00:43:14,482	INFO	Total steps: 288123	Episode: 400/1194	Avg reward: -18.40	Avg steps: 803
2020-07-02 00:50:25,937	INFO	Total steps: 304082	Episode: 420/593	Avg reward: -18.60	Avg steps: 796
2020-07-02 00:57:25,883	INFO	Total steps: 319615	Episode: 440/667	Avg reward: -18.90	Avg steps: 775
2020-07-02 01:05:36,732	INFO	Total steps: 337371	Episode: 460/743	Avg reward: -17.95	Avg steps: 886
2020-07-02 01:14:11,257	INFO	Total steps: 356108	Episode: 480/1074	Avg reward: -18.30	Avg steps: 935
2020-07-02 01:23:44,028	INFO	Total steps: 376507	Episode: 500/951	Avg reward: -17.65	Avg steps: 1018
2020-07-02 01:32:29,277	INFO	Total steps: 394478	Episode: 520/886	Avg reward: -18.15	Avg steps: 897
2020-07-02 01:40:44,200	INFO	Total steps: 411284	Episode: 540/734	Avg reward: -18.10	Avg steps: 839
2020-07-02 01:50:54,427	INFO	Total steps: 432111	Episode: 560/769	Avg reward: -17.40	Avg steps: 1040
2020-07-02 02:00:11,686	INFO	Total steps: 451822	Episode: 580/539	Avg reward: -17.75	Avg steps: 984
2020-07-02 02:09:12,590	INFO	Total steps: 471418	Episode: 600/810	Avg reward: -17.70	Avg steps: 978
2020-07-02 02:19:34,404	INFO	Total steps: 492835	Episode: 620/973	Avg reward: -16.70	Avg steps: 1069
2020-07-02 02:28:43,545	INFO	Total steps: 511775	Episode: 640/976	Avg reward: -17.75	Avg steps: 946
2020-07-02 02:38:34,581	INFO	Total steps: 532653	Episode: 660/758	Avg reward: -17.35	Avg steps: 1042
2020-07-02 02:47:27,407	INFO	Total steps: 552169	Episode: 680/833	Avg reward: -17.15	Avg steps: 974
2020-07-02 02:58:02,374	INFO	Total steps: 575043	Episode: 700/974	Avg reward: -17.35	Avg steps: 1142
2020-07-02 03:08:16,644	INFO	Total steps: 595802	Episode: 720/1172	Avg reward: -16.85	Avg steps: 1036
2020-07-02 03:19:46,539	INFO	Total steps: 619279	Episode: 740/929	Avg reward: -16.90	Avg steps: 1172
2020-07-02 03:31:07,249	INFO	Total steps: 642659	Episode: 760/1206	Avg reward: -16.60	Avg steps: 1168
2020-07-02 03:41:10,722	INFO	Total steps: 664054	Episode: 780/1371	Avg reward: -16.30	Avg steps: 1068
2020-07-02 03:51:27,079	INFO	Total steps: 685146	Episode: 800/1163	Avg reward: -17.05	Avg steps: 1053
2020-07-02 04:02:05,076	INFO	Total steps: 707020	Episode: 820/843	Avg reward: -16.40	Avg steps: 1092
2020-07-02 04:13:20,052	INFO	Total steps: 729882	Episode: 840/1287	Avg reward: -16.65	Avg steps: 1142
2020-07-02 04:24:39,065	INFO	Total steps: 753379	Episode: 860/1247	Avg reward: -16.80	Avg steps: 1173
2020-07-02 04:35:37,896	INFO	Total steps: 775904	Episode: 880/1096	Avg reward: -15.95	Avg steps: 1125
2020-07-02 04:45:45,306	INFO	Total steps: 797184	Episode: 900/1626	Avg reward: -16.80	Avg steps: 1063
2020-07-02 04:57:34,705	INFO	Total steps: 821440	Episode: 920/1013	Avg reward: -16.15	Avg steps: 1211
2020-07-02 05:10:11,083	INFO	Total steps: 847580	Episode: 940/1101	Avg reward: -15.00	Avg steps: 1306
2020-07-02 05:22:59,887	INFO	Total steps: 874408	Episode: 960/1527	Avg reward: -15.80	Avg steps: 1340
2020-07-02 05:36:00,047	INFO	Total steps: 901056	Episode: 980/1405	Avg reward: -14.55	Avg steps: 1331
2020-07-02 05:49:00,631	INFO	Total steps: 927811	Episode: 1000/1162	Avg reward: -15.35	Avg steps: 1336
2020-07-02 06:02:58,040	INFO	Total steps: 957550	Episode: 1020/1569	Avg reward: -14.30	Avg steps: 1485
2020-07-02 06:17:23,950	INFO	Total steps: 988436	Episode: 1040/1315	Avg reward: -13.95	Avg steps: 1543
2020-07-02 06:30:32,856	INFO	Total steps: 1015740	Episode: 1060/1602	Avg reward: -14.85	Avg steps: 1364
2020-07-02 06:44:39,426	INFO	Total steps: 1045107	Episode: 1080/1836	Avg reward: -14.30	Avg steps: 1467
2020-07-02 06:59:23,959	INFO	Total steps: 1075547	Episode: 1100/1767	Avg reward: -13.00	Avg steps: 1521
2020-07-02 07:14:14,053	INFO	Total steps: 1105986	Episode: 1120/1575	Avg reward: -14.05	Avg steps: 1520
2020-07-02 07:29:12,372	INFO	Total steps: 1136598	Episode: 1140/1544	Avg reward: -14.20	Avg steps: 1529
2020-07-02 07:44:38,327	INFO	Total steps: 1168426	Episode: 1160/1564	Avg reward: -13.95	Avg steps: 1590
2020-07-02 08:00:28,717	INFO	Total steps: 1201114	Episode: 1180/2035	Avg reward: -13.25	Avg steps: 1633
2020-07-02 08:16:58,088	INFO	Total steps: 1235436	Episode: 1200/1796	Avg reward: -12.10	Avg steps: 1715
2020-07-02 08:33:23,407	INFO	Total steps: 1268983	Episode: 1220/2027	Avg reward: -13.05	Avg steps: 1676
2020-07-02 08:50:04,889	INFO	Total steps: 1304016	Episode: 1240/1110	Avg reward: -13.25	Avg steps: 1750
2020-07-02 09:06:06,281	INFO	Total steps: 1338430	Episode: 1260/2735	Avg reward: -13.00	Avg steps: 1719
2020-07-02 09:22:56,182	INFO	Total steps: 1374780	Episode: 1280/1623	Avg reward: -13.35	Avg steps: 1816
2020-07-02 09:39:38,194	INFO	Total steps: 1409282	Episode: 1300/1709	Avg reward: -11.10	Avg steps: 1724
2020-07-02 09:55:07,404	INFO	Total steps: 1442064	Episode: 1320/1652	Avg reward: -12.75	Avg steps: 1638
2020-07-02 10:11:41,216	INFO	Total steps: 1478038	Episode: 1340/1497	Avg reward: -12.20	Avg steps: 1797
2020-07-02 10:30:53,610	INFO	Total steps: 1519537	Episode: 1360/1957	Avg reward: -10.20	Avg steps: 2073
2020-07-02 10:48:52,645	INFO	Total steps: 1558295	Episode: 1380/1881	Avg reward: -11.40	Avg steps: 1936
2020-07-02 11:09:57,243	INFO	Total steps: 1602708	Episode: 1400/2338	Avg reward: -12.05	Avg steps: 2219
2020-07-02 11:31:33,118	INFO	Total steps: 1649218	Episode: 1420/2237	Avg reward: -11.25	Avg steps: 2324
2020-07-02 11:53:04,924	INFO	Total steps: 1696050	Episode: 1440/2117	Avg reward: -10.30	Avg steps: 2340
2020-07-02 12:15:30,972	INFO	Total steps: 1743240	Episode: 1460/1136	Avg reward: -10.00	Avg steps: 2358
2020-07-02 12:37:24,970	INFO	Total steps: 1789259	Episode: 1480/2002	Avg reward: -10.80	Avg steps: 2299
2020-07-02 12:58:46,266	INFO	Total steps: 1833859	Episode: 1500/2255	Avg reward: -12.35	Avg steps: 2229
2020-07-02 13:22:09,241	INFO	Total steps: 1882049	Episode: 1520/2130	Avg reward: -11.55	Avg steps: 2408
2020-07-02 13:45:13,648	INFO	Total steps: 1930626	Episode: 1540/2010	Avg reward: -10.15	Avg steps: 2427
2020-07-02 14:07:38,230	INFO	Total steps: 1977872	Episode: 1560/3266	Avg reward: -10.20	Avg steps: 2361
2020-07-02 14:27:42,701	INFO	Total steps: 2020413	Episode: 1580/1671	Avg reward: -10.20	Avg steps: 2126
2020-07-02 14:49:03,646	INFO	Total steps: 2065445	Episode: 1600/1494	Avg reward: -9.30	Avg steps: 2250
2020-07-02 15:12:55,537	INFO	Total steps: 2115658	Episode: 1620/3211	Avg reward: -8.25	Avg steps: 2509
2020-07-02 15:36:19,818	INFO	Total steps: 2164539	Episode: 1640/2506	Avg reward: -9.10	Avg steps: 2443
2020-07-02 16:02:12,647	INFO	Total steps: 2218519	Episode: 1660/2250	Avg reward: -8.10	Avg steps: 2698
2020-07-02 16:24:02,426	INFO	Total steps: 2263880	Episode: 1680/2126	Avg reward: -9.00	Avg steps: 2267
2020-07-02 16:47:36,743	INFO	Total steps: 2312931	Episode: 1700/2388	Avg reward: -7.95	Avg steps: 2451
2020-07-02 17:12:35,470	INFO	Total steps: 2365751	Episode: 1720/3010	Avg reward: -9.20	Avg steps: 2640
2020-07-02 17:37:47,011	INFO	Total steps: 2419059	Episode: 1740/2398	Avg reward: -8.05	Avg steps: 2664
2020-07-02 18:02:41,957	INFO	Total steps: 2471147	Episode: 1760/2430	Avg reward: -7.95	Avg steps: 2603
2020-07-02 18:29:12,955	INFO	Total steps: 2526618	Episode: 1780/3212	Avg reward: -6.30	Avg steps: 2772
2020-07-02 18:56:55,020	INFO	Total steps: 2584337	Episode: 1800/2388	Avg reward: -6.85	Avg steps: 2884
2020-07-02 19:23:35,528	INFO	Total steps: 2638956	Episode: 1820/3575	Avg reward: -8.00	Avg steps: 2729
2020-07-02 19:49:25,450	INFO	Total steps: 2692322	Episode: 1840/3201	Avg reward: -9.45	Avg steps: 2667
2020-07-02 20:14:57,895	INFO	Total steps: 2744507	Episode: 1860/2747	Avg reward: -7.70	Avg steps: 2608
2020-07-02 20:41:37,989	INFO	Total steps: 2799496	Episode: 1880/2950	Avg reward: -8.40	Avg steps: 2748
2020-07-02 21:08:33,826	INFO	Total steps: 2855176	Episode: 1900/2332	Avg reward: -8.90	Avg steps: 2783
2020-07-02 21:42:40,515	INFO	Total steps: 2926053	Episode: 1920/3580	Avg reward: -5.10	Avg steps: 3542
2020-07-02 22:16:27,214	INFO	Total steps: 2995694	Episode: 1940/3229	Avg reward: -6.20	Avg steps: 3481
2020-07-02 22:48:23,536	INFO	Total steps: 3061354	Episode: 1960/3549	Avg reward: -7.75	Avg steps: 3282
2020-07-02 23:15:37,490	INFO	Total steps: 3117743	Episode: 1980/3539	Avg reward: -8.95	Avg steps: 2818
2020-07-02 23:44:47,128	INFO	Total steps: 3177724	Episode: 2000/1924	Avg reward: -8.30	Avg steps: 2998
2020-07-03 00:15:23,556	INFO	Total steps: 3240405	Episode: 2020/2084	Avg reward: -5.55	Avg steps: 3133
2020-07-03 00:46:44,705	INFO	Total steps: 3305049	Episode: 2040/2687	Avg reward: -6.80	Avg steps: 3231
2020-07-03 01:20:54,438	INFO	Total steps: 3374892	Episode: 2060/3676	Avg reward: -3.55	Avg steps: 3491
2020-07-03 01:55:34,994	INFO	Total steps: 3446489	Episode: 2080/2937	Avg reward: -5.85	Avg steps: 3578
2020-07-03 02:27:50,924	INFO	Total steps: 3512529	Episode: 2100/3947	Avg reward: -3.95	Avg steps: 3301
2020-07-03 02:57:51,425	INFO	Total steps: 3573859	Episode: 2120/3391	Avg reward: -4.00	Avg steps: 3065
2020-07-03 03:31:21,228	INFO	Total steps: 3644888	Episode: 2140/3024	Avg reward: -3.45	Avg steps: 3550
2020-07-03 04:01:51,051	INFO	Total steps: 3708567	Episode: 2160/4086	Avg reward: -4.25	Avg steps: 3182
2020-07-03 04:30:38,114	INFO	Total steps: 3767434	Episode: 2180/3145	Avg reward: -5.60	Avg steps: 2942
2020-07-03 05:05:44,614	INFO	Total steps: 3838882	Episode: 2200/3383	Avg reward: -3.70	Avg steps: 3571
2020-07-03 05:37:32,713	INFO	Total steps: 3904115	Episode: 2220/4641	Avg reward: -6.10	Avg steps: 3260
2020-07-03 06:15:33,091	INFO	Total steps: 3982141	Episode: 2240/3838	Avg reward: -3.35	Avg steps: 3900
2020-07-03 06:51:32,582	INFO	Total steps: 4054872	Episode: 2260/3196	Avg reward: -4.45	Avg steps: 3635
2020-07-03 07:24:42,458	INFO	Total steps: 4121803	Episode: 2280/3321	Avg reward: -0.90	Avg steps: 3345
2020-07-03 07:58:48,874	INFO	Total steps: 4191122	Episode: 2300/3356	Avg reward: -3.40	Avg steps: 3464
2020-07-03 08:32:32,840	INFO	Total steps: 4259994	Episode: 2320/3942	Avg reward: -4.05	Avg steps: 3442
2020-07-03 09:05:10,639	INFO	Total steps: 4325749	Episode: 2340/3436	Avg reward: -2.05	Avg steps: 3286
2020-07-03 09:38:55,059	INFO	Total steps: 4395169	Episode: 2360/2930	Avg reward: -2.55	Avg steps: 3470
2020-07-03 10:16:35,072	INFO	Total steps: 4471842	Episode: 2380/2807	Avg reward: -3.30	Avg steps: 3832
2020-07-03 10:55:54,665	INFO	Total steps: 4547565	Episode: 2400/3000	Avg reward: -0.80	Avg steps: 3785
2020-07-03 11:31:56,260	INFO	Total steps: 4617189	Episode: 2420/4215	Avg reward: -5.35	Avg steps: 3480
2020-07-03 12:06:59,693	INFO	Total steps: 4684628	Episode: 2440/3056	Avg reward: -3.30	Avg steps: 3370
2020-07-03 12:45:12,681	INFO	Total steps: 4758828	Episode: 2460/3632	Avg reward: -2.80	Avg steps: 3709
2020-07-03 13:20:57,947	INFO	Total steps: 4827825	Episode: 2480/4879	Avg reward: -5.80	Avg steps: 3448
2020-07-03 13:55:46,560	INFO	Total steps: 4894978	Episode: 2500/3002	Avg reward: -3.05	Avg steps: 3356
2020-07-03 14:35:31,982	INFO	Total steps: 4972214	Episode: 2520/3927	Avg reward: -0.55	Avg steps: 3860
2020-07-03 15:12:16,098	INFO	Total steps: 5042652	Episode: 2540/3728	Avg reward: -3.60	Avg steps: 3520
2020-07-03 15:48:17,761	INFO	Total steps: 5112365	Episode: 2560/2582	Avg reward: -3.20	Avg steps: 3484
2020-07-03 16:26:47,300	INFO	Total steps: 5187860	Episode: 2580/3123	Avg reward: 0.10	Avg steps: 3773
2020-07-03 17:04:45,831	INFO	Total steps: 5260937	Episode: 2600/3730	Avg reward: 0.65	Avg steps: 3652
2020-07-03 17:41:11,104	INFO	Total steps: 5331024	Episode: 2620/3280	Avg reward: -0.50	Avg steps: 3503
2020-07-03 18:16:45,971	INFO	Total steps: 5399254	Episode: 2640/3978	Avg reward: -3.00	Avg steps: 3410
2020-07-03 18:53:19,821	INFO	Total steps: 5469152	Episode: 2660/3969	Avg reward: -2.30	Avg steps: 3493
2020-07-03 19:32:29,179	INFO	Total steps: 5544129	Episode: 2680/4001	Avg reward: -1.20	Avg steps: 3747
2020-07-03 20:12:21,925	INFO	Total steps: 5620467	Episode: 2700/3683	Avg reward: -1.20	Avg steps: 3815
2020-07-03 20:51:30,559	INFO	Total steps: 5695493	Episode: 2720/4571	Avg reward: -2.90	Avg steps: 3750
2020-07-03 21:27:29,168	INFO	Total steps: 5764732	Episode: 2740/3939	Avg reward: -4.50	Avg steps: 3460
2020-07-03 22:03:57,641	INFO	Total steps: 5835589	Episode: 2760/3900	Avg reward: -1.75	Avg steps: 3541
2020-07-03 22:38:15,681	INFO	Total steps: 5901594	Episode: 2780/3623	Avg reward: -3.75	Avg steps: 3299
2020-07-03 23:15:22,126	INFO	Total steps: 5973660	Episode: 2800/3842	Avg reward: -2.75	Avg steps: 3602
2020-07-03 23:51:20,361	INFO	Total steps: 6043211	Episode: 2820/2584	Avg reward: -2.90	Avg steps: 3476
2020-07-04 00:25:05,786	INFO	Total steps: 6108353	Episode: 2840/3736	Avg reward: -5.55	Avg steps: 3256
2020-07-04 01:06:06,627	INFO	Total steps: 6187200	Episode: 2860/6035	Avg reward: -0.65	Avg steps: 3941
2020-07-04 01:39:02,584	INFO	Total steps: 6250789	Episode: 2880/2207	Avg reward: -1.85	Avg steps: 3178
2020-07-04 02:13:49,374	INFO	Total steps: 6317761	Episode: 2900/3970	Avg reward: -3.65	Avg steps: 3347
2020-07-04 02:44:32,607	INFO	Total steps: 6385749	Episode: 2920/3358	Avg reward: -3.40	Avg steps: 3398
2020-07-04 03:13:53,298	INFO	Total steps: 6453676	Episode: 2940/2934	Avg reward: -0.85	Avg steps: 3395
2020-07-04 03:44:53,131	INFO	Total steps: 6525085	Episode: 2960/3638	Avg reward: -3.15	Avg steps: 3569
2020-07-04 04:20:04,690	INFO	Total steps: 6605047	Episode: 2980/4811	Avg reward: -2.40	Avg steps: 3997
2020-07-04 04:53:48,153	INFO	Total steps: 6680696	Episode: 3000/3878	Avg reward: -0.15	Avg steps: 3781
2020-07-04 05:26:21,439	INFO	Total steps: 6751687	Episode: 3020/6174	Avg reward: -4.50	Avg steps: 3548
2020-07-04 05:58:42,422	INFO	Total steps: 6822727	Episode: 3040/3390	Avg reward: 0.10	Avg steps: 3551
2020-07-04 06:31:21,713	INFO	Total steps: 6894145	Episode: 3060/2812	Avg reward: -4.15	Avg steps: 3569
2020-07-04 07:03:43,266	INFO	Total steps: 6973245	Episode: 3080/4399	Avg reward: 0.75	Avg steps: 3954
2020-07-04 07:28:57,476	INFO	Total steps: 7037093	Episode: 3100/3466	Avg reward: -3.10	Avg steps: 3191
2020-07-04 07:56:10,938	INFO	Total steps: 7106292	Episode: 3120/3240	Avg reward: 0.55	Avg steps: 3458
2020-07-04 08:23:37,888	INFO	Total steps: 7176194	Episode: 3140/3130	Avg reward: 0.50	Avg steps: 3494
2020-07-04 08:50:44,597	INFO	Total steps: 7244737	Episode: 3160/2804	Avg reward: -0.25	Avg steps: 3426
2020-07-04 09:20:00,554	INFO	Total steps: 7318687	Episode: 3180/3434	Avg reward: -1.80	Avg steps: 3696
2020-07-04 09:47:52,171	INFO	Total steps: 7389446	Episode: 3200/3565	Avg reward: 1.55	Avg steps: 3536
2020-07-04 10:19:46,045	INFO	Total steps: 7469486	Episode: 3220/4555	Avg reward: -2.00	Avg steps: 4001
2020-07-04 10:50:43,481	INFO	Total steps: 7547711	Episode: 3240/2633	Avg reward: 0.10	Avg steps: 3910
2020-07-04 11:18:33,747	INFO	Total steps: 7618849	Episode: 3260/3440	Avg reward: -0.45	Avg steps: 3555
2020-07-04 11:45:46,234	INFO	Total steps: 7688317	Episode: 3280/2780	Avg reward: -1.55	Avg steps: 3472
2020-07-04 12:12:13,805	INFO	Total steps: 7755778	Episode: 3300/2791	Avg reward: -1.30	Avg steps: 3372
2020-07-04 12:43:38,460	INFO	Total steps: 7835797	Episode: 3320/3274	Avg reward: 0.60	Avg steps: 3999
2020-07-04 13:12:07,335	INFO	Total steps: 7908305	Episode: 3340/3269	Avg reward: -0.65	Avg steps: 3624
2020-07-04 13:39:49,321	INFO	Total steps: 7978187	Episode: 3360/4339	Avg reward: -2.85	Avg steps: 3493
2020-07-04 14:07:52,257	INFO	Total steps: 8048938	Episode: 3380/4197	Avg reward: -2.25	Avg steps: 3536
2020-07-04 14:33:29,374	INFO	Total steps: 8122795	Episode: 3400/3925	Avg reward: -1.35	Avg steps: 3691
2020-07-04 14:57:40,078	INFO	Total steps: 8196201	Episode: 3420/3274	Avg reward: -2.80	Avg steps: 3669
2020-07-04 15:21:02,547	INFO	Total steps: 8267240	Episode: 3440/3495	Avg reward: -3.55	Avg steps: 3550
2020-07-04 15:45:22,314	INFO	Total steps: 8341201	Episode: 3460/5140	Avg reward: -3.05	Avg steps: 3697
2020-07-04 16:12:28,451	INFO	Total steps: 8422608	Episode: 3480/4305	Avg reward: 0.00	Avg steps: 4069
2020-07-04 16:38:20,472	INFO	Total steps: 8499672	Episode: 3500/3912	Avg reward: -0.60	Avg steps: 3852
2020-07-04 17:03:21,092	INFO	Total steps: 8575417	Episode: 3520/2366	Avg reward: -2.25	Avg steps: 3786
2020-07-04 17:30:55,292	INFO	Total steps: 8659203	Episode: 3540/3982	Avg reward: 2.30	Avg steps: 4188
2020-07-04 17:54:24,850	INFO	Total steps: 8729884	Episode: 3560/4013	Avg reward: -2.70	Avg steps: 3533
2020-07-04 18:18:14,192	INFO	Total steps: 8804134	Episode: 3580/3785	Avg reward: -0.10	Avg steps: 3711
2020-07-04 18:40:56,182	INFO	Total steps: 8875986	Episode: 3600/3934	Avg reward: -4.00	Avg steps: 3591
2020-07-04 19:04:15,388	INFO	Total steps: 8950105	Episode: 3620/3268	Avg reward: 0.90	Avg steps: 3704
2020-07-04 19:27:33,186	INFO	Total steps: 9024336	Episode: 3640/3679	Avg reward: 1.25	Avg steps: 3710
2020-07-04 19:51:18,660	INFO	Total steps: 9099676	Episode: 3660/3918	Avg reward: -0.65	Avg steps: 3766
2020-07-04 20:17:36,052	INFO	Total steps: 9182483	Episode: 3680/5490	Avg reward: -1.75	Avg steps: 4139
2020-07-04 20:41:04,608	INFO	Total steps: 9256854	Episode: 3700/4473	Avg reward: 0.60	Avg steps: 3717
2020-07-04 21:06:17,385	INFO	Total steps: 9336884	Episode: 3720/4294	Avg reward: -0.10	Avg steps: 4000
2020-07-04 21:27:55,656	INFO	Total steps: 9405389	Episode: 3740/3981	Avg reward: -0.10	Avg steps: 3424
2020-07-04 21:48:56,586	INFO	Total steps: 9472085	Episode: 3760/3136	Avg reward: 2.75	Avg steps: 3333
2020-07-04 22:12:36,099	INFO	Total steps: 9546698	Episode: 3780/4627	Avg reward: 0.10	Avg steps: 3729
2020-07-04 22:35:33,593	INFO	Total steps: 9617072	Episode: 3800/3634	Avg reward: 2.30	Avg steps: 3517
2020-07-04 22:56:20,937	INFO	Total steps: 9682482	Episode: 3820/3023	Avg reward: 0.00	Avg steps: 3269
2020-07-04 23:19:18,903	INFO	Total steps: 9755232	Episode: 3840/3421	Avg reward: 2.70	Avg steps: 3636
2020-07-04 23:40:56,950	INFO	Total steps: 9823565	Episode: 3860/2387	Avg reward: 0.55	Avg steps: 3415
2020-07-05 00:04:01,473	INFO	Total steps: 9896739	Episode: 3880/3713	Avg reward: 0.30	Avg steps: 3657
2020-07-05 00:25:17,686	INFO	Total steps: 9963703	Episode: 3900/3194	Avg reward: -0.35	Avg steps: 3347
2020-07-05 00:46:51,271	INFO	Total steps: 10032269	Episode: 3920/3614	Avg reward: -1.20	Avg steps: 3427
2020-07-05 01:09:36,683	INFO	Total steps: 10104148	Episode: 3940/3316	Avg reward: -0.75	Avg steps: 3592
2020-07-05 01:31:00,085	INFO	Total steps: 10172021	Episode: 3960/2576	Avg reward: 0.55	Avg steps: 3392
2020-07-05 01:52:18,093	INFO	Total steps: 10239157	Episode: 3980/4576	Avg reward: 0.00	Avg steps: 3355
2020-07-05 02:13:28,928	INFO	Total steps: 10306003	Episode: 4000/3318	Avg reward: -1.05	Avg steps: 3341
2020-07-06 17:20:18,539	INFO	--width 160 --height 160 --ball 1.0 --ball-size 2.0 --snell 1.0 --snell-width 60.0 --snell-change 0.0 --snell-visible none --paddle-speed 1.0 --paddle-angle 45.0 --paddle-length 10.0 --update-prob 0.3 --state binary --learning-rate 0.0001 --network dqn_pong_model --render False --epsdecay 1000 --episodes 4000 --replay 10000 --checkpoint dqn_pong_model --history history.p --store-dir ../experiments/snell_width.60.0-paddle_length.10.0-paddle_angle.45.0-update_prob.0.3 
2020-07-06 17:20:18,631	INFO	Device: cuda
2020-07-06 17:22:16,861	INFO	Total steps: 11252	Episode: 20/517	Avg reward: -19.45	Avg steps: 561
2020-07-06 17:28:13,539	INFO	Total steps: 22748	Episode: 40/763	Avg reward: -19.20	Avg steps: 573
2020-07-06 17:33:59,363	INFO	Total steps: 33859	Episode: 60/526	Avg reward: -19.10	Avg steps: 554
2020-07-06 17:40:53,457	INFO	Total steps: 47216	Episode: 80/746	Avg reward: -19.25	Avg steps: 666
2020-07-06 17:48:00,740	INFO	Total steps: 61032	Episode: 100/717	Avg reward: -18.85	Avg steps: 689
2020-07-06 17:54:57,176	INFO	Total steps: 74429	Episode: 120/810	Avg reward: -19.15	Avg steps: 668
2020-07-06 18:02:08,276	INFO	Total steps: 88348	Episode: 140/670	Avg reward: -19.05	Avg steps: 694
2020-07-06 18:08:44,939	INFO	Total steps: 101205	Episode: 160/825	Avg reward: -18.90	Avg steps: 641
2020-07-06 18:15:47,609	INFO	Total steps: 114835	Episode: 180/517	Avg reward: -18.70	Avg steps: 680
2020-07-06 18:23:09,885	INFO	Total steps: 128893	Episode: 200/636	Avg reward: -18.75	Avg steps: 701
2020-07-06 18:30:12,239	INFO	Total steps: 142311	Episode: 220/464	Avg reward: -19.40	Avg steps: 669
2020-07-06 18:37:36,364	INFO	Total steps: 156375	Episode: 240/664	Avg reward: -18.90	Avg steps: 702
2020-07-06 18:45:17,758	INFO	Total steps: 171037	Episode: 260/742	Avg reward: -18.85	Avg steps: 732
2020-07-06 18:53:03,990	INFO	Total steps: 185778	Episode: 280/687	Avg reward: -18.50	Avg steps: 736
2020-07-06 19:01:05,121	INFO	Total steps: 201055	Episode: 300/980	Avg reward: -18.80	Avg steps: 762
2020-07-06 19:09:14,465	INFO	Total steps: 216548	Episode: 320/604	Avg reward: -18.45	Avg steps: 773
2020-07-06 19:18:11,981	INFO	Total steps: 233524	Episode: 340/788	Avg reward: -18.80	Avg steps: 847
2020-07-06 19:26:25,042	INFO	Total steps: 249002	Episode: 360/753	Avg reward: -18.70	Avg steps: 772
2020-07-06 19:34:21,464	INFO	Total steps: 264067	Episode: 380/752	Avg reward: -18.80	Avg steps: 752
2020-07-06 19:43:44,264	INFO	Total steps: 281837	Episode: 400/834	Avg reward: -18.35	Avg steps: 887
2020-07-06 19:52:52,903	INFO	Total steps: 299017	Episode: 420/1009	Avg reward: -18.25	Avg steps: 858
2020-07-06 20:03:04,839	INFO	Total steps: 318249	Episode: 440/1156	Avg reward: -18.20	Avg steps: 960
2020-07-06 20:13:34,326	INFO	Total steps: 338082	Episode: 460/904	Avg reward: -17.85	Avg steps: 990
2020-07-06 20:23:27,260	INFO	Total steps: 356688	Episode: 480/1072	Avg reward: -18.30	Avg steps: 929
2020-07-06 20:33:48,928	INFO	Total steps: 376091	Episode: 500/918	Avg reward: -18.10	Avg steps: 969
2020-07-06 20:44:10,243	INFO	Total steps: 395517	Episode: 520/1027	Avg reward: -17.95	Avg steps: 970
2020-07-06 20:54:41,075	INFO	Total steps: 415192	Episode: 540/682	Avg reward: -17.95	Avg steps: 982
2020-07-06 21:05:39,624	INFO	Total steps: 435968	Episode: 560/1214	Avg reward: -17.20	Avg steps: 1037
2020-07-06 21:14:27,037	INFO	Total steps: 452543	Episode: 580/749	Avg reward: -17.75	Avg steps: 827
2020-07-06 21:25:22,919	INFO	Total steps: 473097	Episode: 600/1217	Avg reward: -17.70	Avg steps: 1026
2020-07-06 21:36:49,433	INFO	Total steps: 494629	Episode: 620/901	Avg reward: -18.05	Avg steps: 1075
2020-07-06 21:48:03,954	INFO	Total steps: 515670	Episode: 640/1825	Avg reward: -17.95	Avg steps: 1051
2020-07-06 21:59:09,939	INFO	Total steps: 536615	Episode: 660/1398	Avg reward: -16.95	Avg steps: 1046
2020-07-06 22:11:17,827	INFO	Total steps: 559461	Episode: 680/1361	Avg reward: -17.35	Avg steps: 1141
2020-07-06 22:23:09,560	INFO	Total steps: 581653	Episode: 700/1441	Avg reward: -17.10	Avg steps: 1108
2020-07-06 22:34:50,147	INFO	Total steps: 603664	Episode: 720/824	Avg reward: -16.65	Avg steps: 1099
2020-07-06 22:47:08,086	INFO	Total steps: 626770	Episode: 740/1505	Avg reward: -16.40	Avg steps: 1154
2020-07-06 22:58:30,681	INFO	Total steps: 647687	Episode: 760/824	Avg reward: -16.90	Avg steps: 1044
2020-07-06 23:11:07,210	INFO	Total steps: 670932	Episode: 780/1295	Avg reward: -16.40	Avg steps: 1161
2020-07-06 23:25:08,021	INFO	Total steps: 696688	Episode: 800/1112	Avg reward: -15.25	Avg steps: 1286
2020-07-06 23:37:58,630	INFO	Total steps: 720202	Episode: 820/1342	Avg reward: -15.70	Avg steps: 1174
2020-07-06 23:49:58,126	INFO	Total steps: 742563	Episode: 840/1296	Avg reward: -16.35	Avg steps: 1117
2020-07-07 00:02:42,823	INFO	Total steps: 766218	Episode: 860/1490	Avg reward: -16.20	Avg steps: 1181
2020-07-07 00:18:31,711	INFO	Total steps: 795559	Episode: 880/1746	Avg reward: -14.80	Avg steps: 1466
2020-07-07 00:31:32,520	INFO	Total steps: 819816	Episode: 900/1184	Avg reward: -16.30	Avg steps: 1211
2020-07-07 00:46:13,751	INFO	Total steps: 847102	Episode: 920/1523	Avg reward: -13.90	Avg steps: 1363
2020-07-07 01:00:23,731	INFO	Total steps: 873492	Episode: 940/975	Avg reward: -15.55	Avg steps: 1318
2020-07-07 01:17:15,515	INFO	Total steps: 904844	Episode: 960/1031	Avg reward: -13.50	Avg steps: 1566
2020-07-07 01:34:32,224	INFO	Total steps: 935497	Episode: 980/954	Avg reward: -14.50	Avg steps: 1531
2020-07-07 01:52:36,829	INFO	Total steps: 967223	Episode: 1000/1325	Avg reward: -14.25	Avg steps: 1585
2020-07-07 02:09:47,873	INFO	Total steps: 997361	Episode: 1020/942	Avg reward: -15.10	Avg steps: 1505
2020-07-07 02:26:33,167	INFO	Total steps: 1026847	Episode: 1040/1709	Avg reward: -15.55	Avg steps: 1473
2020-07-07 02:44:05,315	INFO	Total steps: 1057760	Episode: 1060/1321	Avg reward: -14.20	Avg steps: 1544
2020-07-07 03:00:42,808	INFO	Total steps: 1087038	Episode: 1080/1469	Avg reward: -14.80	Avg steps: 1462
2020-07-07 03:15:45,485	INFO	Total steps: 1113285	Episode: 1100/1380	Avg reward: -14.95	Avg steps: 1311
2020-07-07 03:30:09,823	INFO	Total steps: 1138423	Episode: 1120/890	Avg reward: -15.15	Avg steps: 1255
2020-07-07 03:48:43,821	INFO	Total steps: 1168554	Episode: 1140/657	Avg reward: -13.30	Avg steps: 1505
2020-07-07 04:06:58,091	INFO	Total steps: 1198112	Episode: 1160/1750	Avg reward: -13.95	Avg steps: 1476
2020-07-07 04:28:07,245	INFO	Total steps: 1232342	Episode: 1180/1629	Avg reward: -13.60	Avg steps: 1710
2020-07-07 04:49:12,933	INFO	Total steps: 1266406	Episode: 1200/1583	Avg reward: -13.25	Avg steps: 1702
2020-07-07 05:10:37,800	INFO	Total steps: 1301208	Episode: 1220/1360	Avg reward: -12.65	Avg steps: 1739
2020-07-07 05:32:23,040	INFO	Total steps: 1336335	Episode: 1240/1897	Avg reward: -12.15	Avg steps: 1755
2020-07-07 05:57:01,496	INFO	Total steps: 1376126	Episode: 1260/2085	Avg reward: -11.05	Avg steps: 1988
2020-07-07 06:20:10,634	INFO	Total steps: 1413578	Episode: 1280/1850	Avg reward: -12.95	Avg steps: 1871
2020-07-07 06:43:10,745	INFO	Total steps: 1450786	Episode: 1300/2058	Avg reward: -10.60	Avg steps: 1859
2020-07-07 07:06:55,024	INFO	Total steps: 1488999	Episode: 1320/1524	Avg reward: -11.85	Avg steps: 1909
2020-07-07 07:32:59,144	INFO	Total steps: 1530945	Episode: 1340/2168	Avg reward: -11.90	Avg steps: 2096
2020-07-07 07:58:56,964	INFO	Total steps: 1572722	Episode: 1360/2470	Avg reward: -10.85	Avg steps: 2087
2020-07-07 08:24:33,390	INFO	Total steps: 1613882	Episode: 1380/2517	Avg reward: -12.20	Avg steps: 2057
2020-07-07 08:51:06,508	INFO	Total steps: 1656434	Episode: 1400/3164	Avg reward: -11.80	Avg steps: 2126
2020-07-07 09:17:05,003	INFO	Total steps: 1698066	Episode: 1420/2508	Avg reward: -11.05	Avg steps: 2080
2020-07-07 09:42:52,900	INFO	Total steps: 1739516	Episode: 1440/2342	Avg reward: -11.35	Avg steps: 2071
2020-07-07 10:12:01,746	INFO	Total steps: 1786150	Episode: 1460/2351	Avg reward: -11.05	Avg steps: 2330
2020-07-07 10:40:03,039	INFO	Total steps: 1831198	Episode: 1480/1701	Avg reward: -10.60	Avg steps: 2251
2020-07-07 11:10:03,152	INFO	Total steps: 1879206	Episode: 1500/3446	Avg reward: -10.65	Avg steps: 2399
2020-07-07 11:42:09,441	INFO	Total steps: 1930939	Episode: 1520/3019	Avg reward: -11.10	Avg steps: 2585
2020-07-07 12:13:33,084	INFO	Total steps: 1981581	Episode: 1540/2095	Avg reward: -10.85	Avg steps: 2531
2020-07-07 12:45:52,211	INFO	Total steps: 2034023	Episode: 1560/2296	Avg reward: -9.85	Avg steps: 2621
2020-07-07 13:17:44,285	INFO	Total steps: 2085834	Episode: 1580/3076	Avg reward: -8.55	Avg steps: 2589
2020-07-07 13:48:43,865	INFO	Total steps: 2136065	Episode: 1600/1671	Avg reward: -9.45	Avg steps: 2510
2020-07-07 14:21:32,536	INFO	Total steps: 2189421	Episode: 1620/3389	Avg reward: -9.95	Avg steps: 2666
2020-07-07 14:53:02,123	INFO	Total steps: 2240421	Episode: 1640/2470	Avg reward: -9.55	Avg steps: 2549
2020-07-07 15:24:24,743	INFO	Total steps: 2291262	Episode: 1660/1552	Avg reward: -5.95	Avg steps: 2541
2020-07-07 15:57:10,738	INFO	Total steps: 2344149	Episode: 1680/1855	Avg reward: -8.30	Avg steps: 2643
2020-07-07 16:31:34,378	INFO	Total steps: 2399307	Episode: 1700/2256	Avg reward: -10.00	Avg steps: 2756
2020-07-07 17:05:17,709	INFO	Total steps: 2453233	Episode: 1720/2656	Avg reward: -10.05	Avg steps: 2695
2020-07-07 17:39:22,447	INFO	Total steps: 2507586	Episode: 1740/1917	Avg reward: -8.15	Avg steps: 2716
2020-07-07 18:16:58,542	INFO	Total steps: 2567632	Episode: 1760/4024	Avg reward: -7.45	Avg steps: 3001
2020-07-07 18:54:14,234	INFO	Total steps: 2627169	Episode: 1780/3358	Avg reward: -8.10	Avg steps: 2975
2020-07-07 19:30:38,058	INFO	Total steps: 2685656	Episode: 1800/3373	Avg reward: -7.20	Avg steps: 2923
2020-07-07 20:08:08,843	INFO	Total steps: 2745770	Episode: 1820/2486	Avg reward: -8.25	Avg steps: 3004
2020-07-07 20:48:17,153	INFO	Total steps: 2809681	Episode: 1840/4632	Avg reward: -8.15	Avg steps: 3194
2020-07-07 21:26:22,498	INFO	Total steps: 2871019	Episode: 1860/2186	Avg reward: -6.65	Avg steps: 3065
2020-07-07 22:02:10,462	INFO	Total steps: 2928643	Episode: 1880/3775	Avg reward: -6.40	Avg steps: 2880
2020-07-07 22:42:09,840	INFO	Total steps: 2994593	Episode: 1900/3833	Avg reward: -6.20	Avg steps: 3296
2020-07-07 23:16:46,376	INFO	Total steps: 3054435	Episode: 1920/1820	Avg reward: -7.10	Avg steps: 2991
2020-07-07 23:52:00,362	INFO	Total steps: 3115701	Episode: 1940/2915	Avg reward: -8.60	Avg steps: 3062
2020-07-08 00:25:02,580	INFO	Total steps: 3173041	Episode: 1960/3387	Avg reward: -8.80	Avg steps: 2866
2020-07-08 00:59:49,795	INFO	Total steps: 3233425	Episode: 1980/2555	Avg reward: -6.90	Avg steps: 3018
2020-07-08 01:34:43,734	INFO	Total steps: 3294117	Episode: 2000/2921	Avg reward: -6.95	Avg steps: 3033
2020-07-08 02:11:42,256	INFO	Total steps: 3358222	Episode: 2020/2197	Avg reward: -5.80	Avg steps: 3204
2020-07-08 02:50:24,648	INFO	Total steps: 3425450	Episode: 2040/3007	Avg reward: -5.00	Avg steps: 3360
2020-07-08 03:27:01,275	INFO	Total steps: 3488837	Episode: 2060/3827	Avg reward: -8.10	Avg steps: 3168
2020-07-08 04:05:48,138	INFO	Total steps: 3556109	Episode: 2080/4816	Avg reward: -6.95	Avg steps: 3362
2020-07-08 04:43:12,163	INFO	Total steps: 3620720	Episode: 2100/3282	Avg reward: -6.65	Avg steps: 3229
2020-07-08 05:17:08,239	INFO	Total steps: 3679525	Episode: 2120/2551	Avg reward: -6.50	Avg steps: 2939
2020-07-08 05:55:51,084	INFO	Total steps: 3746598	Episode: 2140/4394	Avg reward: -7.40	Avg steps: 3352
2020-07-08 06:32:34,303	INFO	Total steps: 3810242	Episode: 2160/3222	Avg reward: -6.15	Avg steps: 3181
2020-07-08 07:12:39,501	INFO	Total steps: 3880008	Episode: 2180/4813	Avg reward: -5.45	Avg steps: 3487
2020-07-08 07:52:56,100	INFO	Total steps: 3950365	Episode: 2200/2867	Avg reward: -5.85	Avg steps: 3516
2020-07-08 08:35:46,621	INFO	Total steps: 4025171	Episode: 2220/3379	Avg reward: -4.75	Avg steps: 3739
2020-07-08 09:18:58,684	INFO	Total steps: 4100624	Episode: 2240/3544	Avg reward: -3.75	Avg steps: 3771
2020-07-08 09:57:50,359	INFO	Total steps: 4168365	Episode: 2260/3205	Avg reward: -6.75	Avg steps: 3386
2020-07-08 10:39:42,847	INFO	Total steps: 4241259	Episode: 2280/3184	Avg reward: -6.00	Avg steps: 3643
2020-07-08 11:20:15,819	INFO	Total steps: 4312097	Episode: 2300/2303	Avg reward: -6.00	Avg steps: 3540
2020-07-08 12:00:22,280	INFO	Total steps: 4381544	Episode: 2320/3763	Avg reward: -4.50	Avg steps: 3471
2020-07-08 12:41:01,392	INFO	Total steps: 4451609	Episode: 2340/4639	Avg reward: -7.05	Avg steps: 3502
2020-07-08 13:22:32,844	INFO	Total steps: 4526545	Episode: 2360/4193	Avg reward: -4.20	Avg steps: 3745
2020-07-08 14:04:27,725	INFO	Total steps: 4601108	Episode: 2380/2858	Avg reward: -6.90	Avg steps: 3727
2020-07-08 14:42:24,053	INFO	Total steps: 4671910	Episode: 2400/4135	Avg reward: -5.80	Avg steps: 3539
2020-07-08 15:23:15,731	INFO	Total steps: 4742858	Episode: 2420/2730	Avg reward: -4.85	Avg steps: 3546
2020-07-08 16:05:54,561	INFO	Total steps: 4816565	Episode: 2440/3614	Avg reward: -6.95	Avg steps: 3684
2020-07-08 16:52:04,315	INFO	Total steps: 4896101	Episode: 2460/4317	Avg reward: -6.90	Avg steps: 3975
2020-07-08 17:37:14,144	INFO	Total steps: 4973276	Episode: 2480/3234	Avg reward: -5.30	Avg steps: 3857
2020-07-08 18:22:17,786	INFO	Total steps: 5050482	Episode: 2500/4139	Avg reward: -4.25	Avg steps: 3859
2020-07-08 19:05:13,122	INFO	Total steps: 5123912	Episode: 2520/3632	Avg reward: -5.45	Avg steps: 3670
2020-07-08 19:48:01,167	INFO	Total steps: 5197729	Episode: 2540/3174	Avg reward: -5.30	Avg steps: 3689
2020-07-08 20:26:06,872	INFO	Total steps: 5263430	Episode: 2560/3778	Avg reward: -6.95	Avg steps: 3284
2020-07-08 21:05:06,603	INFO	Total steps: 5331126	Episode: 2580/2961	Avg reward: -5.40	Avg steps: 3383
2020-07-08 21:49:36,033	INFO	Total steps: 5408433	Episode: 2600/3640	Avg reward: -4.45	Avg steps: 3864
2020-07-08 22:36:34,117	INFO	Total steps: 5486417	Episode: 2620/2881	Avg reward: -5.50	Avg steps: 3898
2020-07-08 23:15:38,608	INFO	Total steps: 5552985	Episode: 2640/2604	Avg reward: -7.95	Avg steps: 3327
2020-07-08 23:56:07,472	INFO	Total steps: 5623603	Episode: 2660/4578	Avg reward: -6.95	Avg steps: 3529
2020-07-09 00:42:42,708	INFO	Total steps: 5704635	Episode: 2680/4685	Avg reward: -4.95	Avg steps: 4050
2020-07-09 01:27:21,142	INFO	Total steps: 5782389	Episode: 2700/4058	Avg reward: -2.20	Avg steps: 3886
2020-07-09 02:14:18,524	INFO	Total steps: 5863856	Episode: 2720/3676	Avg reward: -4.00	Avg steps: 4072
2020-07-09 02:54:44,345	INFO	Total steps: 5933691	Episode: 2740/3635	Avg reward: -3.80	Avg steps: 3490
2020-07-09 03:39:13,386	INFO	Total steps: 6009979	Episode: 2760/3216	Avg reward: -5.25	Avg steps: 3813
2020-07-09 04:30:09,704	INFO	Total steps: 6097243	Episode: 2780/4143	Avg reward: -3.45	Avg steps: 4362
2020-07-09 05:16:51,175	INFO	Total steps: 6177346	Episode: 2800/2915	Avg reward: -3.00	Avg steps: 4004
2020-07-09 06:01:20,134	INFO	Total steps: 6253817	Episode: 2820/3726	Avg reward: -4.45	Avg steps: 3822
2020-07-09 06:47:53,359	INFO	Total steps: 6334186	Episode: 2840/2700	Avg reward: -1.10	Avg steps: 4017
2020-07-09 07:32:39,125	INFO	Total steps: 6411292	Episode: 2860/3015	Avg reward: -4.70	Avg steps: 3854
2020-07-09 08:17:37,322	INFO	Total steps: 6488928	Episode: 2880/4149	Avg reward: -3.75	Avg steps: 3880
2020-07-09 08:58:56,192	INFO	Total steps: 6565890	Episode: 2900/4924	Avg reward: -5.35	Avg steps: 3847
2020-07-09 09:38:36,918	INFO	Total steps: 6640792	Episode: 2920/4521	Avg reward: -5.40	Avg steps: 3744
2020-07-09 10:23:19,162	INFO	Total steps: 6725411	Episode: 2940/3678	Avg reward: -2.85	Avg steps: 4229
2020-07-09 11:02:55,433	INFO	Total steps: 6800293	Episode: 2960/4754	Avg reward: -5.25	Avg steps: 3743
2020-07-09 11:47:08,992	INFO	Total steps: 6883804	Episode: 2980/4531	Avg reward: -4.05	Avg steps: 4174
2020-07-09 12:29:41,319	INFO	Total steps: 6964176	Episode: 3000/2686	Avg reward: -5.55	Avg steps: 4017
2020-07-09 13:07:27,504	INFO	Total steps: 7035537	Episode: 3020/4408	Avg reward: -4.65	Avg steps: 3567
2020-07-09 13:46:20,993	INFO	Total steps: 7109451	Episode: 3040/4310	Avg reward: -4.40	Avg steps: 3694
2020-07-09 14:21:52,749	INFO	Total steps: 7184791	Episode: 3060/3302	Avg reward: -2.25	Avg steps: 3766
2020-07-09 14:59:25,949	INFO	Total steps: 7264462	Episode: 3080/2653	Avg reward: -2.85	Avg steps: 3982
2020-07-09 15:35:52,450	INFO	Total steps: 7341181	Episode: 3100/4671	Avg reward: -5.05	Avg steps: 3834
2020-07-09 16:09:07,792	INFO	Total steps: 7410984	Episode: 3120/4127	Avg reward: -4.05	Avg steps: 3489
2020-07-09 16:46:34,745	INFO	Total steps: 7490005	Episode: 3140/4319	Avg reward: -5.30	Avg steps: 3950
2020-07-09 17:25:44,531	INFO	Total steps: 7572840	Episode: 3160/4980	Avg reward: -5.60	Avg steps: 4140
2020-07-09 17:58:46,374	INFO	Total steps: 7642363	Episode: 3180/4849	Avg reward: -6.65	Avg steps: 3475
2020-07-09 18:34:54,170	INFO	Total steps: 7718338	Episode: 3200/4551	Avg reward: -6.75	Avg steps: 3797
2020-07-09 19:15:21,816	INFO	Total steps: 7801312	Episode: 3220/3434	Avg reward: -7.40	Avg steps: 4147
2020-07-09 19:52:52,139	INFO	Total steps: 7879359	Episode: 3240/4617	Avg reward: -5.35	Avg steps: 3901
2020-07-09 20:34:11,016	INFO	Total steps: 7965268	Episode: 3260/4794	Avg reward: -5.20	Avg steps: 4294
2020-07-09 21:11:30,152	INFO	Total steps: 8044343	Episode: 3280/4258	Avg reward: -5.30	Avg steps: 3952
2020-07-09 21:51:17,029	INFO	Total steps: 8124684	Episode: 3300/4203	Avg reward: -5.55	Avg steps: 4016
2020-07-09 22:28:36,602	INFO	Total steps: 8201179	Episode: 3320/2470	Avg reward: -5.35	Avg steps: 3823
2020-07-09 23:05:03,262	INFO	Total steps: 8276754	Episode: 3340/4817	Avg reward: -2.00	Avg steps: 3777
2020-07-09 23:54:00,254	INFO	Total steps: 8377792	Episode: 3360/5832	Avg reward: -2.45	Avg steps: 5050
2020-07-10 00:33:29,542	INFO	Total steps: 8460355	Episode: 3380/4817	Avg reward: -2.95	Avg steps: 4127
2020-07-10 01:07:52,444	INFO	Total steps: 8539397	Episode: 3400/3318	Avg reward: -6.10	Avg steps: 3951
2020-07-10 01:39:54,836	INFO	Total steps: 8614165	Episode: 3420/5323	Avg reward: -4.10	Avg steps: 3737
2020-07-10 02:13:31,470	INFO	Total steps: 8692851	Episode: 3440/2536	Avg reward: -4.90	Avg steps: 3933
2020-07-10 02:45:47,396	INFO	Total steps: 8768039	Episode: 3460/4779	Avg reward: -6.30	Avg steps: 3758
2020-07-10 03:18:43,421	INFO	Total steps: 8845157	Episode: 3480/3178	Avg reward: -7.10	Avg steps: 3854
2020-07-10 03:51:19,169	INFO	Total steps: 8923668	Episode: 3500/4796	Avg reward: -2.95	Avg steps: 3924
2020-07-10 04:24:05,854	INFO	Total steps: 9002658	Episode: 3520/3517	Avg reward: -3.70	Avg steps: 3948
2020-07-10 04:53:18,663	INFO	Total steps: 9073125	Episode: 3540/3762	Avg reward: -4.40	Avg steps: 3522
2020-07-10 05:23:17,300	INFO	Total steps: 9144705	Episode: 3560/3395	Avg reward: -4.85	Avg steps: 3578
2020-07-10 05:55:19,496	INFO	Total steps: 9221217	Episode: 3580/4164	Avg reward: -1.75	Avg steps: 3824
2020-07-10 06:27:53,397	INFO	Total steps: 9298454	Episode: 3600/4103	Avg reward: -4.80	Avg steps: 3860
2020-07-10 06:56:38,805	INFO	Total steps: 9366731	Episode: 3620/4122	Avg reward: -2.25	Avg steps: 3412
2020-07-10 07:29:09,617	INFO	Total steps: 9443432	Episode: 3640/3878	Avg reward: -3.30	Avg steps: 3834
2020-07-10 07:58:26,846	INFO	Total steps: 9513011	Episode: 3660/2706	Avg reward: -5.75	Avg steps: 3477
2020-07-10 08:32:25,320	INFO	Total steps: 9593434	Episode: 3680/5380	Avg reward: -3.45	Avg steps: 4020
2020-07-10 09:07:48,190	INFO	Total steps: 9676225	Episode: 3700/4512	Avg reward: -1.50	Avg steps: 4138
2020-07-10 09:36:35,826	INFO	Total steps: 9745101	Episode: 3720/3248	Avg reward: -4.45	Avg steps: 3442
2020-07-10 10:07:44,781	INFO	Total steps: 9819488	Episode: 3740/3429	Avg reward: -2.35	Avg steps: 3718
2020-07-10 10:38:30,162	INFO	Total steps: 9892850	Episode: 3760/2350	Avg reward: -4.60	Avg steps: 3667
2020-07-10 11:07:37,016	INFO	Total steps: 9961518	Episode: 3780/3820	Avg reward: -4.65	Avg steps: 3432
2020-07-10 11:39:55,209	INFO	Total steps: 10036914	Episode: 3800/3112	Avg reward: -3.55	Avg steps: 3768
2020-07-10 12:17:27,663	INFO	Total steps: 10124853	Episode: 3820/4772	Avg reward: -1.60	Avg steps: 4395
2020-07-10 12:51:01,804	INFO	Total steps: 10203395	Episode: 3840/2419	Avg reward: -5.75	Avg steps: 3926
2020-07-10 13:24:48,536	INFO	Total steps: 10282452	Episode: 3860/2928	Avg reward: -2.65	Avg steps: 3951
2020-07-10 13:56:21,928	INFO	Total steps: 10356246	Episode: 3880/4311	Avg reward: -1.65	Avg steps: 3688
2020-07-10 14:31:53,361	INFO	Total steps: 10439219	Episode: 3900/5086	Avg reward: -3.90	Avg steps: 4147
2020-07-10 15:04:01,647	INFO	Total steps: 10514510	Episode: 3920/3360	Avg reward: -2.80	Avg steps: 3763
2020-07-10 15:37:25,073	INFO	Total steps: 10592465	Episode: 3940/4863	Avg reward: -3.75	Avg steps: 3896
2020-07-10 16:09:56,585	INFO	Total steps: 10668808	Episode: 3960/3703	Avg reward: -3.45	Avg steps: 3816
2020-07-10 16:45:14,401	INFO	Total steps: 10751610	Episode: 3980/4725	Avg reward: -1.35	Avg steps: 4139
2020-07-10 17:17:15,070	INFO	Total steps: 10829422	Episode: 4000/2527	Avg reward: -4.75	Avg steps: 3889
