2020-06-23 23:16:22,700	INFO	--width 160 --height 160 --ball 3.0 --snell 3.0 --ps 3.0 --paddle-speed 3.0 --pa 45.0 --paddle-angle 45.0 --pl 20 --paddle-length 20 --lr 0.0001 --learning-rate 0.0001 --network dqn_pong_model --pretrain False --render False --update-prob 0.2 --episodes 4000 --checkpoint dqn_pong_model --history history.p --store-dir ../experiments/23 
2020-06-23 23:16:32,843	INFO	Total steps: 4585	Episode: 20/196	Avg reward: -17.70	Avg steps: 228
2020-06-23 23:16:47,690	INFO	Total steps: 8874	Episode: 40/191	Avg reward: -18.15	Avg steps: 213
2020-06-24 00:12:12,687	INFO	--width 160 --height 160 --ball 3.0 --snell 3.0 --ps 3.0 --paddle-speed 3.0 --pa 45.0 --paddle-angle 45.0 --pl 20 --paddle-length 20 --lr 0.0001 --learning-rate 0.0001 --network dqn_pong_model --pretrain False --render False --update-prob 0.2 --episodes 4000 --checkpoint dqn_pong_model --history history.p --store-dir ../experiments/23 
2020-06-24 00:12:12,866	INFO	Device: cuda
2020-06-24 00:12:33,731	INFO	Total steps: 4362	Episode: 20/253	Avg reward: -18.50	Avg steps: 217
2020-06-24 00:12:48,546	INFO	Total steps: 8677	Episode: 40/292	Avg reward: -18.20	Avg steps: 214
2020-06-24 00:20:55,386	INFO	--width 160 --height 160 --ball 3.0 --snell 3.0 --ps 3.0 --paddle-speed 3.0 --pa 45.0 --paddle-angle 45.0 --pl 20 --paddle-length 20 --lr 0.0001 --learning-rate 0.0001 --network dqn_pong_model --pretrain False --render False --update-prob 0.2 --episodes 4000 --checkpoint dqn_pong_model --history history.p --store-dir ../experiments/23 
2020-06-24 00:20:55,622	INFO	Device: cuda
2020-06-24 00:21:11,306	INFO	Total steps: 4332	Episode: 20/154	Avg reward: -18.05	Avg steps: 215
2020-06-24 00:21:20,067	INFO	Total steps: 8658	Episode: 40/274	Avg reward: -18.60	Avg steps: 215
2020-06-24 00:23:18,109	INFO	Total steps: 13320	Episode: 60/244	Avg reward: -18.40	Avg steps: 232
2020-06-24 00:25:43,577	INFO	Total steps: 17496	Episode: 80/146	Avg reward: -18.25	Avg steps: 207
2020-06-24 00:28:21,990	INFO	Total steps: 22029	Episode: 100/149	Avg reward: -18.10	Avg steps: 225
2020-06-24 03:38:19,607	INFO	--width 160 --height 160 --ball 3.0 --snell 3.0 --ps 3.0 --paddle-speed 3.0 --pa 45.0 --paddle-angle 45.0 --pl 20 --paddle-length 20 --lr 0.0001 --learning-rate 0.0001 --network dqn_pong_model --pretrain False --render False --update-prob 0.2 --episodes 4000 --checkpoint dqn_pong_model --history history.p --store-dir ../experiments/23 
2020-06-24 03:38:19,693	INFO	Device: cuda
2020-06-24 03:38:36,438	INFO	Total steps: 4158	Episode: 20/167	Avg reward: -18.05	Avg steps: 206
2020-06-24 03:38:45,222	INFO	Total steps: 8463	Episode: 40/267	Avg reward: -18.45	Avg steps: 214
2020-06-24 03:40:23,415	INFO	Total steps: 12709	Episode: 60/248	Avg reward: -18.50	Avg steps: 211
2020-06-24 03:42:56,847	INFO	Total steps: 17107	Episode: 80/169	Avg reward: -18.30	Avg steps: 218
2020-06-24 03:45:31,761	INFO	Total steps: 21539	Episode: 100/247	Avg reward: -18.65	Avg steps: 220
2020-06-24 03:48:12,554	INFO	Total steps: 26085	Episode: 120/219	Avg reward: -18.15	Avg steps: 226
2020-06-24 03:50:48,751	INFO	Total steps: 30519	Episode: 140/182	Avg reward: -18.15	Avg steps: 220
2020-06-24 03:53:37,523	INFO	Total steps: 35297	Episode: 160/204	Avg reward: -18.20	Avg steps: 237
2020-06-24 03:56:25,289	INFO	Total steps: 40069	Episode: 180/215	Avg reward: -17.90	Avg steps: 237
2020-06-24 03:58:51,101	INFO	Total steps: 44184	Episode: 200/175	Avg reward: -18.25	Avg steps: 204
2020-06-24 04:01:34,026	INFO	Total steps: 48795	Episode: 220/152	Avg reward: -18.30	Avg steps: 229
2020-06-24 04:04:24,299	INFO	Total steps: 53626	Episode: 240/299	Avg reward: -17.80	Avg steps: 240
2020-06-24 04:06:57,394	INFO	Total steps: 57981	Episode: 260/246	Avg reward: -18.30	Avg steps: 216
2020-06-24 04:09:41,055	INFO	Total steps: 62667	Episode: 280/196	Avg reward: -18.10	Avg steps: 233
2020-06-24 04:12:34,838	INFO	Total steps: 67638	Episode: 300/195	Avg reward: -18.15	Avg steps: 247
2020-06-24 04:15:11,038	INFO	Total steps: 72054	Episode: 320/248	Avg reward: -17.80	Avg steps: 219
2020-06-24 04:18:05,783	INFO	Total steps: 77020	Episode: 340/241	Avg reward: -18.10	Avg steps: 247
2020-06-24 04:20:45,502	INFO	Total steps: 81536	Episode: 360/198	Avg reward: -18.35	Avg steps: 224
2020-06-24 04:23:28,477	INFO	Total steps: 86111	Episode: 380/232	Avg reward: -18.10	Avg steps: 227
2020-06-24 04:26:32,126	INFO	Total steps: 91263	Episode: 400/213	Avg reward: -17.45	Avg steps: 256
2020-06-24 04:29:10,926	INFO	Total steps: 95750	Episode: 420/220	Avg reward: -18.05	Avg steps: 223
2020-06-24 04:32:15,246	INFO	Total steps: 100961	Episode: 440/232	Avg reward: -17.60	Avg steps: 259
2020-06-24 04:35:23,073	INFO	Total steps: 106401	Episode: 460/305	Avg reward: -17.45	Avg steps: 271
2020-06-24 04:38:14,946	INFO	Total steps: 111340	Episode: 480/340	Avg reward: -17.85	Avg steps: 245
2020-06-24 04:41:25,743	INFO	Total steps: 116867	Episode: 500/215	Avg reward: -17.25	Avg steps: 275
2020-06-24 04:44:18,828	INFO	Total steps: 121844	Episode: 520/367	Avg reward: -18.10	Avg steps: 247
2020-06-24 04:47:13,626	INFO	Total steps: 126894	Episode: 540/206	Avg reward: -17.40	Avg steps: 251
2020-06-24 04:50:08,905	INFO	Total steps: 131927	Episode: 560/251	Avg reward: -18.35	Avg steps: 250
2020-06-24 04:53:02,864	INFO	Total steps: 136914	Episode: 580/178	Avg reward: -17.70	Avg steps: 248
2020-06-24 04:56:02,152	INFO	Total steps: 142050	Episode: 600/223	Avg reward: -17.60	Avg steps: 255
2020-06-24 04:59:04,491	INFO	Total steps: 147269	Episode: 620/287	Avg reward: -17.45	Avg steps: 259
2020-06-24 05:02:04,711	INFO	Total steps: 152453	Episode: 640/246	Avg reward: -17.75	Avg steps: 258
2020-06-24 05:05:04,915	INFO	Total steps: 157638	Episode: 660/285	Avg reward: -17.75	Avg steps: 258
2020-06-24 05:08:28,192	INFO	Total steps: 163448	Episode: 680/361	Avg reward: -16.85	Avg steps: 289
2020-06-24 05:11:21,379	INFO	Total steps: 168395	Episode: 700/191	Avg reward: -17.80	Avg steps: 246
2020-06-24 05:14:19,883	INFO	Total steps: 173522	Episode: 720/240	Avg reward: -17.85	Avg steps: 255
2020-06-24 05:17:25,081	INFO	Total steps: 178854	Episode: 740/191	Avg reward: -17.50	Avg steps: 265
2020-06-24 05:20:15,704	INFO	Total steps: 183764	Episode: 760/247	Avg reward: -17.35	Avg steps: 244
2020-06-24 05:23:23,314	INFO	Total steps: 189151	Episode: 780/241	Avg reward: -17.60	Avg steps: 268
2020-06-24 05:26:34,283	INFO	Total steps: 194723	Episode: 800/242	Avg reward: -17.25	Avg steps: 277
2020-06-24 05:29:46,253	INFO	Total steps: 200092	Episode: 820/221	Avg reward: -17.45	Avg steps: 267
2020-06-24 05:33:26,401	INFO	Total steps: 206139	Episode: 840/262	Avg reward: -17.05	Avg steps: 301
2020-06-24 05:36:49,522	INFO	Total steps: 211729	Episode: 860/287	Avg reward: -17.20	Avg steps: 278
2020-06-24 05:40:12,179	INFO	Total steps: 217304	Episode: 880/318	Avg reward: -17.20	Avg steps: 277
2020-06-24 05:43:41,078	INFO	Total steps: 223060	Episode: 900/301	Avg reward: -17.10	Avg steps: 286
2020-06-24 05:47:11,185	INFO	Total steps: 228830	Episode: 920/318	Avg reward: -16.95	Avg steps: 287
2020-06-24 05:50:46,081	INFO	Total steps: 234759	Episode: 940/322	Avg reward: -16.75	Avg steps: 295
2020-06-24 05:54:25,182	INFO	Total steps: 240800	Episode: 960/383	Avg reward: -16.60	Avg steps: 301
2020-06-24 05:58:00,081	INFO	Total steps: 246702	Episode: 980/255	Avg reward: -16.90	Avg steps: 294
2020-06-24 06:01:34,268	INFO	Total steps: 252580	Episode: 1000/273	Avg reward: -16.95	Avg steps: 292
2020-06-24 06:05:15,328	INFO	Total steps: 258676	Episode: 1020/377	Avg reward: -16.25	Avg steps: 303
2020-06-24 06:08:44,622	INFO	Total steps: 264415	Episode: 1040/276	Avg reward: -16.90	Avg steps: 285
2020-06-24 06:12:18,576	INFO	Total steps: 270343	Episode: 1060/249	Avg reward: -17.00	Avg steps: 295
2020-06-24 06:16:11,601	INFO	Total steps: 276776	Episode: 1080/320	Avg reward: -15.75	Avg steps: 320
2020-06-24 06:20:02,016	INFO	Total steps: 283130	Episode: 1100/349	Avg reward: -16.05	Avg steps: 316
2020-06-24 06:23:47,057	INFO	Total steps: 289348	Episode: 1120/289	Avg reward: -16.30	Avg steps: 309
2020-06-24 06:27:38,483	INFO	Total steps: 295753	Episode: 1140/384	Avg reward: -15.85	Avg steps: 319
2020-06-24 06:31:06,149	INFO	Total steps: 301490	Episode: 1160/299	Avg reward: -16.45	Avg steps: 285
2020-06-24 06:34:49,268	INFO	Total steps: 307583	Episode: 1180/412	Avg reward: -16.35	Avg steps: 303
2020-06-24 06:38:42,774	INFO	Total steps: 314023	Episode: 1200/211	Avg reward: -16.55	Avg steps: 321
2020-06-24 06:42:50,433	INFO	Total steps: 320831	Episode: 1220/429	Avg reward: -16.10	Avg steps: 339
2020-06-24 06:46:41,138	INFO	Total steps: 327197	Episode: 1240/347	Avg reward: -15.65	Avg steps: 317
2020-06-24 06:50:40,551	INFO	Total steps: 333813	Episode: 1260/391	Avg reward: -15.35	Avg steps: 329
2020-06-24 06:54:40,153	INFO	Total steps: 340451	Episode: 1280/334	Avg reward: -15.60	Avg steps: 330
2020-06-24 06:58:29,245	INFO	Total steps: 346746	Episode: 1300/240	Avg reward: -16.50	Avg steps: 313
2020-06-24 07:02:54,951	INFO	Total steps: 353965	Episode: 1320/490	Avg reward: -15.40	Avg steps: 359
2020-06-24 07:07:00,364	INFO	Total steps: 360720	Episode: 1340/302	Avg reward: -16.05	Avg steps: 336
2020-06-24 07:10:51,937	INFO	Total steps: 367049	Episode: 1360/347	Avg reward: -16.65	Avg steps: 315
2020-06-24 07:14:43,410	INFO	Total steps: 373373	Episode: 1380/241	Avg reward: -15.90	Avg steps: 315
2020-06-24 07:19:13,525	INFO	Total steps: 380749	Episode: 1400/316	Avg reward: -13.60	Avg steps: 367
2020-06-24 07:23:33,951	INFO	Total steps: 387861	Episode: 1420/421	Avg reward: -14.70	Avg steps: 354
2020-06-24 07:28:04,438	INFO	Total steps: 395277	Episode: 1440/583	Avg reward: -15.00	Avg steps: 369
2020-06-24 07:32:16,738	INFO	Total steps: 402329	Episode: 1460/199	Avg reward: -14.90	Avg steps: 351
2020-06-24 07:36:30,820	INFO	Total steps: 409447	Episode: 1480/386	Avg reward: -14.55	Avg steps: 354
2020-06-24 07:40:46,518	INFO	Total steps: 416610	Episode: 1500/376	Avg reward: -14.50	Avg steps: 357
2020-06-24 07:45:12,339	INFO	Total steps: 424052	Episode: 1520/355	Avg reward: -14.55	Avg steps: 371
2020-06-24 07:49:19,050	INFO	Total steps: 431002	Episode: 1540/452	Avg reward: -13.95	Avg steps: 346
2020-06-24 07:53:39,309	INFO	Total steps: 438340	Episode: 1560/242	Avg reward: -15.45	Avg steps: 365
2020-06-24 07:58:10,129	INFO	Total steps: 445929	Episode: 1580/235	Avg reward: -14.45	Avg steps: 378
2020-06-24 08:02:32,776	INFO	Total steps: 453314	Episode: 1600/442	Avg reward: -14.65	Avg steps: 368
2020-06-24 08:06:51,156	INFO	Total steps: 460547	Episode: 1620/446	Avg reward: -14.05	Avg steps: 360
2020-06-24 08:11:07,404	INFO	Total steps: 467722	Episode: 1640/285	Avg reward: -14.55	Avg steps: 357
2020-06-24 08:15:41,269	INFO	Total steps: 475424	Episode: 1660/254	Avg reward: -14.35	Avg steps: 384
2020-06-24 08:20:23,490	INFO	Total steps: 483338	Episode: 1680/577	Avg reward: -14.45	Avg steps: 394
2020-06-24 08:25:06,754	INFO	Total steps: 491287	Episode: 1700/459	Avg reward: -13.30	Avg steps: 396
2020-06-24 08:29:52,543	INFO	Total steps: 499303	Episode: 1720/320	Avg reward: -13.85	Avg steps: 399
2020-06-24 08:34:45,258	INFO	Total steps: 507497	Episode: 1740/472	Avg reward: -13.55	Avg steps: 408
2020-06-24 08:39:38,574	INFO	Total steps: 515735	Episode: 1760/451	Avg reward: -13.10	Avg steps: 410
2020-06-24 08:44:28,575	INFO	Total steps: 523851	Episode: 1780/328	Avg reward: -13.85	Avg steps: 404
2020-06-24 08:49:41,392	INFO	Total steps: 532625	Episode: 1800/344	Avg reward: -12.35	Avg steps: 437
2020-06-24 08:54:13,012	INFO	Total steps: 540226	Episode: 1820/367	Avg reward: -13.25	Avg steps: 379
2020-06-24 08:59:19,860	INFO	Total steps: 548804	Episode: 1840/412	Avg reward: -13.20	Avg steps: 427
2020-06-24 09:04:39,790	INFO	Total steps: 557754	Episode: 1860/372	Avg reward: -12.65	Avg steps: 446
2020-06-24 09:09:40,442	INFO	Total steps: 566184	Episode: 1880/451	Avg reward: -12.00	Avg steps: 420
2020-06-24 09:14:47,884	INFO	Total steps: 574781	Episode: 1900/519	Avg reward: -12.40	Avg steps: 428
2020-06-24 09:20:11,621	INFO	Total steps: 583832	Episode: 1920/342	Avg reward: -11.80	Avg steps: 451
2020-06-24 09:25:39,363	INFO	Total steps: 592962	Episode: 1940/397	Avg reward: -12.60	Avg steps: 455
2020-06-24 09:30:47,644	INFO	Total steps: 601499	Episode: 1960/451	Avg reward: -13.35	Avg steps: 425
2020-06-24 09:36:15,259	INFO	Total steps: 610565	Episode: 1980/371	Avg reward: -13.60	Avg steps: 452
2020-06-24 09:41:47,795	INFO	Total steps: 619759	Episode: 2000/485	Avg reward: -12.45	Avg steps: 458
2020-06-24 09:47:00,467	INFO	Total steps: 628381	Episode: 2020/701	Avg reward: -12.85	Avg steps: 430
2020-06-24 09:52:55,329	INFO	Total steps: 638151	Episode: 2040/338	Avg reward: -11.70	Avg steps: 487
2020-06-24 09:59:01,072	INFO	Total steps: 648241	Episode: 2060/394	Avg reward: -10.95	Avg steps: 503
2020-06-24 10:04:41,911	INFO	Total steps: 657638	Episode: 2080/397	Avg reward: -11.45	Avg steps: 468
2020-06-24 10:10:21,471	INFO	Total steps: 667045	Episode: 2100/718	Avg reward: -12.95	Avg steps: 469
2020-06-24 10:16:34,362	INFO	Total steps: 677265	Episode: 2120/524	Avg reward: -10.55	Avg steps: 510
2020-06-24 10:22:13,244	INFO	Total steps: 686668	Episode: 2140/602	Avg reward: -11.15	Avg steps: 469
2020-06-24 10:27:48,060	INFO	Total steps: 695922	Episode: 2160/601	Avg reward: -12.75	Avg steps: 461
2020-06-24 10:34:06,775	INFO	Total steps: 706431	Episode: 2180/550	Avg reward: -11.10	Avg steps: 524
2020-06-24 10:40:28,511	INFO	Total steps: 716999	Episode: 2200/390	Avg reward: -10.75	Avg steps: 527
2020-06-24 10:46:35,893	INFO	Total steps: 727274	Episode: 2220/537	Avg reward: -9.90	Avg steps: 512
2020-06-24 10:53:09,222	INFO	Total steps: 738229	Episode: 2240/495	Avg reward: -9.70	Avg steps: 546
2020-06-24 10:59:07,496	INFO	Total steps: 748140	Episode: 2260/550	Avg reward: -11.60	Avg steps: 494
2020-06-24 11:06:01,820	INFO	Total steps: 759576	Episode: 2280/778	Avg reward: -10.15	Avg steps: 570
2020-06-24 11:12:51,692	INFO	Total steps: 770888	Episode: 2300/546	Avg reward: -8.25	Avg steps: 564
2020-06-24 11:19:04,346	INFO	Total steps: 781177	Episode: 2320/490	Avg reward: -11.05	Avg steps: 513
2020-06-24 11:25:51,492	INFO	Total steps: 792458	Episode: 2340/679	Avg reward: -8.60	Avg steps: 563
2020-06-24 11:32:31,501	INFO	Total steps: 803560	Episode: 2360/763	Avg reward: -8.75	Avg steps: 554
2020-06-24 11:39:06,215	INFO	Total steps: 814597	Episode: 2380/870	Avg reward: -8.95	Avg steps: 550
2020-06-24 11:46:38,380	INFO	Total steps: 827238	Episode: 2400/522	Avg reward: -6.60	Avg steps: 631
2020-06-24 11:53:29,207	INFO	Total steps: 838686	Episode: 2420/360	Avg reward: -8.20	Avg steps: 571
2020-06-24 12:00:53,073	INFO	Total steps: 851079	Episode: 2440/707	Avg reward: -7.30	Avg steps: 618
2020-06-24 12:07:56,608	INFO	Total steps: 862916	Episode: 2460/472	Avg reward: -8.80	Avg steps: 590
2020-06-24 12:14:46,446	INFO	Total steps: 874352	Episode: 2480/616	Avg reward: -9.35	Avg steps: 570
2020-06-24 12:21:18,496	INFO	Total steps: 885270	Episode: 2500/555	Avg reward: -9.35	Avg steps: 544
2020-06-24 12:28:39,278	INFO	Total steps: 897581	Episode: 2520/474	Avg reward: -6.65	Avg steps: 614
2020-06-24 12:35:36,284	INFO	Total steps: 909215	Episode: 2540/554	Avg reward: -8.10	Avg steps: 580
2020-06-24 12:42:34,281	INFO	Total steps: 920891	Episode: 2560/675	Avg reward: -6.70	Avg steps: 582
2020-06-24 12:50:02,652	INFO	Total steps: 933410	Episode: 2580/478	Avg reward: -6.95	Avg steps: 624
2020-06-24 12:57:51,641	INFO	Total steps: 946492	Episode: 2600/832	Avg reward: -5.55	Avg steps: 653
2020-06-24 13:06:24,966	INFO	Total steps: 960693	Episode: 2620/835	Avg reward: -4.75	Avg steps: 709
2020-06-24 13:13:55,106	INFO	Total steps: 973235	Episode: 2640/559	Avg reward: -6.85	Avg steps: 626
2020-06-24 13:21:56,648	INFO	Total steps: 986586	Episode: 2660/708	Avg reward: -4.70	Avg steps: 666
2020-06-24 13:29:47,410	INFO	Total steps: 999565	Episode: 2680/572	Avg reward: -4.20	Avg steps: 647
2020-06-24 13:38:15,825	INFO	Total steps: 1013581	Episode: 2700/656	Avg reward: -6.15	Avg steps: 699
2020-06-24 13:47:07,120	INFO	Total steps: 1028240	Episode: 2720/528	Avg reward: -3.00	Avg steps: 731
2020-06-24 13:55:16,129	INFO	Total steps: 1041735	Episode: 2740/855	Avg reward: -5.60	Avg steps: 673
2020-06-24 14:03:52,934	INFO	Total steps: 1055957	Episode: 2760/641	Avg reward: -3.90	Avg steps: 710
2020-06-24 14:12:32,889	INFO	Total steps: 1070365	Episode: 2780/459	Avg reward: -3.45	Avg steps: 719
2020-06-24 14:20:53,927	INFO	Total steps: 1084303	Episode: 2800/984	Avg reward: -3.90	Avg steps: 695
2020-06-24 14:29:23,813	INFO	Total steps: 1098506	Episode: 2820/937	Avg reward: -1.85	Avg steps: 709
2020-06-24 14:36:54,876	INFO	Total steps: 1111058	Episode: 2840/928	Avg reward: -5.85	Avg steps: 626
2020-06-24 14:45:41,700	INFO	Total steps: 1125734	Episode: 2860/661	Avg reward: -1.85	Avg steps: 732
2020-06-24 14:54:10,202	INFO	Total steps: 1139858	Episode: 2880/880	Avg reward: -2.95	Avg steps: 705
2020-06-24 15:02:50,648	INFO	Total steps: 1154302	Episode: 2900/803	Avg reward: 0.05	Avg steps: 721
2020-06-24 15:11:19,261	INFO	Total steps: 1168242	Episode: 2920/648	Avg reward: -3.35	Avg steps: 696
2020-06-24 15:20:41,125	INFO	Total steps: 1183803	Episode: 2940/930	Avg reward: -0.05	Avg steps: 777
2020-06-24 15:29:43,584	INFO	Total steps: 1198896	Episode: 2960/757	Avg reward: -0.10	Avg steps: 753
2020-06-24 15:38:32,060	INFO	Total steps: 1213628	Episode: 2980/621	Avg reward: -0.95	Avg steps: 735
2020-06-24 15:47:13,148	INFO	Total steps: 1228130	Episode: 3000/642	Avg reward: 1.80	Avg steps: 724
2020-06-24 15:56:01,731	INFO	Total steps: 1242836	Episode: 3020/719	Avg reward: 0.70	Avg steps: 734
2020-06-24 16:05:13,543	INFO	Total steps: 1258148	Episode: 3040/857	Avg reward: 0.30	Avg steps: 764
2020-06-24 16:13:42,398	INFO	Total steps: 1272266	Episode: 3060/562	Avg reward: 0.70	Avg steps: 704
2020-06-24 16:23:37,267	INFO	Total steps: 1288905	Episode: 3080/885	Avg reward: 1.20	Avg steps: 830
2020-06-24 16:32:57,891	INFO	Total steps: 1304490	Episode: 3100/762	Avg reward: 1.35	Avg steps: 778
2020-06-24 16:42:09,738	INFO	Total steps: 1319735	Episode: 3120/681	Avg reward: 0.35	Avg steps: 761
2020-06-24 16:50:53,036	INFO	Total steps: 1334254	Episode: 3140/570	Avg reward: 3.65	Avg steps: 724
2020-06-24 17:00:07,513	INFO	Total steps: 1349582	Episode: 3160/780	Avg reward: 1.15	Avg steps: 765
2020-06-24 17:08:22,455	INFO	Total steps: 1363190	Episode: 3180/754	Avg reward: 2.10	Avg steps: 679
2020-06-24 17:17:51,233	INFO	Total steps: 1378758	Episode: 3200/867	Avg reward: 1.45	Avg steps: 777
2020-06-24 17:27:00,774	INFO	Total steps: 1393842	Episode: 3220/731	Avg reward: 5.10	Avg steps: 753
2020-06-24 17:36:35,909	INFO	Total steps: 1409678	Episode: 3240/650	Avg reward: 3.35	Avg steps: 790
2020-06-24 17:45:56,168	INFO	Total steps: 1425165	Episode: 3260/584	Avg reward: 1.30	Avg steps: 773
2020-06-24 17:55:00,078	INFO	Total steps: 1440230	Episode: 3280/780	Avg reward: 2.00	Avg steps: 752
2020-06-24 18:04:24,537	INFO	Total steps: 1455808	Episode: 3300/591	Avg reward: 6.35	Avg steps: 777
2020-06-24 18:13:37,958	INFO	Total steps: 1471076	Episode: 3320/770	Avg reward: 5.95	Avg steps: 762
2020-06-24 18:22:48,807	INFO	Total steps: 1486285	Episode: 3340/755	Avg reward: 6.20	Avg steps: 759
2020-06-24 18:32:02,557	INFO	Total steps: 1501494	Episode: 3360/786	Avg reward: 4.60	Avg steps: 759
2020-06-24 18:41:02,763	INFO	Total steps: 1516330	Episode: 3380/617	Avg reward: 6.40	Avg steps: 740
2020-06-24 18:50:24,479	INFO	Total steps: 1531771	Episode: 3400/768	Avg reward: 5.50	Avg steps: 771
2020-06-24 18:59:58,944	INFO	Total steps: 1547541	Episode: 3420/611	Avg reward: 3.95	Avg steps: 787
2020-06-24 19:09:24,443	INFO	Total steps: 1563084	Episode: 3440/779	Avg reward: 6.35	Avg steps: 776
2020-06-24 19:17:54,453	INFO	Total steps: 1577171	Episode: 3460/703	Avg reward: 7.35	Avg steps: 703
2020-06-24 19:27:37,438	INFO	Total steps: 1593240	Episode: 3480/759	Avg reward: 5.10	Avg steps: 802
2020-06-24 19:37:38,890	INFO	Total steps: 1609818	Episode: 3500/755	Avg reward: 5.90	Avg steps: 827
2020-06-24 19:47:27,946	INFO	Total steps: 1626019	Episode: 3520/632	Avg reward: 6.55	Avg steps: 809
2020-06-24 19:56:30,114	INFO	Total steps: 1640948	Episode: 3540/773	Avg reward: 9.05	Avg steps: 745
2020-06-24 20:06:33,095	INFO	Total steps: 1657462	Episode: 3560/931	Avg reward: 6.70	Avg steps: 824
2020-06-24 20:16:13,223	INFO	Total steps: 1673417	Episode: 3580/670	Avg reward: 6.45	Avg steps: 796
2020-06-24 20:25:17,972	INFO	Total steps: 1688406	Episode: 3600/697	Avg reward: 7.60	Avg steps: 748
2020-06-24 20:33:53,296	INFO	Total steps: 1702607	Episode: 3620/509	Avg reward: 9.90	Avg steps: 709
2020-06-24 20:43:05,511	INFO	Total steps: 1717779	Episode: 3640/977	Avg reward: 6.60	Avg steps: 757
2020-06-24 20:51:58,364	INFO	Total steps: 1732417	Episode: 3660/834	Avg reward: 7.65	Avg steps: 730
2020-06-24 21:00:36,922	INFO	Total steps: 1746706	Episode: 3680/855	Avg reward: 8.40	Avg steps: 713
2020-06-24 21:09:40,882	INFO	Total steps: 1761739	Episode: 3700/975	Avg reward: 7.70	Avg steps: 750
2020-06-24 21:18:50,929	INFO	Total steps: 1776857	Episode: 3720/1054	Avg reward: 7.75	Avg steps: 754
2020-06-24 21:28:00,260	INFO	Total steps: 1792129	Episode: 3740/673	Avg reward: 8.00	Avg steps: 762
2020-06-24 21:36:33,906	INFO	Total steps: 1806337	Episode: 3760/882	Avg reward: 9.40	Avg steps: 709
2020-06-24 21:45:27,949	INFO	Total steps: 1820995	Episode: 3780/561	Avg reward: 8.05	Avg steps: 731
2020-06-24 21:53:49,813	INFO	Total steps: 1834698	Episode: 3800/763	Avg reward: 10.90	Avg steps: 684
2020-06-24 22:02:28,758	INFO	Total steps: 1848935	Episode: 3820/765	Avg reward: 9.00	Avg steps: 710
2020-06-24 22:11:29,517	INFO	Total steps: 1863794	Episode: 3840/694	Avg reward: 8.15	Avg steps: 741
2020-06-24 22:20:29,377	INFO	Total steps: 1878593	Episode: 3860/886	Avg reward: 8.30	Avg steps: 738
2020-06-24 22:29:25,385	INFO	Total steps: 1893280	Episode: 3880/757	Avg reward: 10.25	Avg steps: 733
2020-06-24 22:38:16,018	INFO	Total steps: 1907866	Episode: 3900/657	Avg reward: 9.80	Avg steps: 728
2020-06-24 22:47:12,194	INFO	Total steps: 1922593	Episode: 3920/638	Avg reward: 9.65	Avg steps: 735
2020-06-24 22:55:57,080	INFO	Total steps: 1937082	Episode: 3940/705	Avg reward: 11.30	Avg steps: 723
2020-06-24 23:04:12,474	INFO	Total steps: 1950792	Episode: 3960/604	Avg reward: 11.65	Avg steps: 684
2020-06-24 23:12:58,179	INFO	Total steps: 1965233	Episode: 3980/780	Avg reward: 11.10	Avg steps: 721
2020-06-24 23:21:15,641	INFO	Total steps: 1978906	Episode: 4000/594	Avg reward: 11.75	Avg steps: 682
2020-06-26 23:09:45,654	INFO	--width 160 --height 160 --ball 3.0 --ball-size 2.0 --snell 3.0 --snell-width 40.0 --snell-change 0 --snell-visible none --ps 3.0 --paddle-speed 3.0 --pa 45.0 --paddle-angle 45.0 --pl 20 --paddle-length 20 --lr 0.0001 --learning-rate 0.0001 --state binary --network dqn_pong_model --render False --epsdecay 1000 --replay 10000 --update-prob 0.2 --episodes 4000 --checkpoint dqn_pong_model --history history.p --store-dir ../experiments/23 
2020-06-26 23:09:45,654	INFO	Device: cuda
2020-06-26 23:10:18,590	INFO	Total steps: 4289	Episode: 20/167	Avg reward: -18.75	Avg steps: 213
2020-06-26 23:10:43,859	INFO	Total steps: 8590	Episode: 40/197	Avg reward: -18.45	Avg steps: 214
2020-06-26 23:12:14,685	INFO	Total steps: 13034	Episode: 60/242	Avg reward: -18.25	Avg steps: 221
2020-06-26 23:14:25,549	INFO	Total steps: 17745	Episode: 80/267	Avg reward: -17.70	Avg steps: 234
2020-06-26 23:17:00,004	INFO	Total steps: 23267	Episode: 100/190	Avg reward: -17.85	Avg steps: 275
2020-06-26 23:19:17,793	INFO	Total steps: 28162	Episode: 120/291	Avg reward: -18.40	Avg steps: 243
2020-06-26 23:21:50,156	INFO	Total steps: 33389	Episode: 140/250	Avg reward: -17.55	Avg steps: 260
2020-06-26 23:24:33,356	INFO	Total steps: 39078	Episode: 160/256	Avg reward: -16.65	Avg steps: 283
2020-06-26 23:27:15,497	INFO	Total steps: 44770	Episode: 180/220	Avg reward: -17.05	Avg steps: 283
2020-06-26 23:29:58,516	INFO	Total steps: 50583	Episode: 200/438	Avg reward: -17.15	Avg steps: 289
2020-06-26 23:32:34,593	INFO	Total steps: 56105	Episode: 220/262	Avg reward: -17.65	Avg steps: 275
2020-06-26 23:35:18,298	INFO	Total steps: 61949	Episode: 240/341	Avg reward: -16.80	Avg steps: 291
2020-06-26 23:38:22,944	INFO	Total steps: 68491	Episode: 260/376	Avg reward: -16.10	Avg steps: 326
2020-06-26 23:41:08,511	INFO	Total steps: 74369	Episode: 280/339	Avg reward: -17.25	Avg steps: 292
2020-06-26 23:44:22,327	INFO	Total steps: 81355	Episode: 300/238	Avg reward: -16.00	Avg steps: 348
2020-06-26 23:47:29,314	INFO	Total steps: 88047	Episode: 320/280	Avg reward: -15.90	Avg steps: 333
2020-06-26 23:50:34,750	INFO	Total steps: 94666	Episode: 340/337	Avg reward: -16.10	Avg steps: 329
2020-06-26 23:53:34,157	INFO	Total steps: 101112	Episode: 360/315	Avg reward: -16.40	Avg steps: 321
2020-06-26 23:56:38,514	INFO	Total steps: 108166	Episode: 380/272	Avg reward: -15.55	Avg steps: 351
2020-06-26 23:59:54,277	INFO	Total steps: 115583	Episode: 400/529	Avg reward: -14.90	Avg steps: 369
2020-06-27 00:03:04,904	INFO	Total steps: 122750	Episode: 420/276	Avg reward: -16.00	Avg steps: 357
2020-06-27 00:06:27,009	INFO	Total steps: 130328	Episode: 440/512	Avg reward: -14.60	Avg steps: 377
2020-06-27 00:09:54,374	INFO	Total steps: 137808	Episode: 460/199	Avg reward: -15.65	Avg steps: 373
2020-06-27 00:13:41,571	INFO	Total steps: 145323	Episode: 480/250	Avg reward: -15.00	Avg steps: 374
2020-06-27 00:17:06,449	INFO	Total steps: 153178	Episode: 500/394	Avg reward: -15.10	Avg steps: 391
2020-06-27 00:20:18,091	INFO	Total steps: 160224	Episode: 520/357	Avg reward: -14.80	Avg steps: 351
2020-06-27 00:24:20,110	INFO	Total steps: 168391	Episode: 540/448	Avg reward: -13.65	Avg steps: 407
2020-06-27 00:28:10,957	INFO	Total steps: 176752	Episode: 560/326	Avg reward: -13.45	Avg steps: 417
2020-06-27 00:31:36,846	INFO	Total steps: 184792	Episode: 580/451	Avg reward: -14.50	Avg steps: 401
2020-06-27 00:35:41,389	INFO	Total steps: 193973	Episode: 600/375	Avg reward: -12.95	Avg steps: 458
2020-06-27 00:40:20,704	INFO	Total steps: 203667	Episode: 620/454	Avg reward: -12.55	Avg steps: 483
2020-06-27 00:44:40,845	INFO	Total steps: 212537	Episode: 640/336	Avg reward: -12.45	Avg steps: 442
2020-06-27 00:49:04,303	INFO	Total steps: 221501	Episode: 660/607	Avg reward: -12.85	Avg steps: 447
2020-06-27 00:53:40,327	INFO	Total steps: 230903	Episode: 680/585	Avg reward: -11.70	Avg steps: 469
2020-06-27 00:57:50,477	INFO	Total steps: 239456	Episode: 700/332	Avg reward: -13.20	Avg steps: 426
2020-06-27 01:02:47,846	INFO	Total steps: 249440	Episode: 720/383	Avg reward: -11.15	Avg steps: 498
2020-06-27 01:07:48,512	INFO	Total steps: 259685	Episode: 740/623	Avg reward: -10.95	Avg steps: 511
2020-06-27 01:12:26,771	INFO	Total steps: 269126	Episode: 760/484	Avg reward: -12.05	Avg steps: 471
2020-06-27 01:18:14,711	INFO	Total steps: 280850	Episode: 780/753	Avg reward: -9.45	Avg steps: 585
2020-06-27 01:23:11,328	INFO	Total steps: 290774	Episode: 800/529	Avg reward: -11.95	Avg steps: 495
2020-06-27 01:28:39,085	INFO	Total steps: 301909	Episode: 820/651	Avg reward: -8.35	Avg steps: 555
2020-06-27 01:34:13,585	INFO	Total steps: 313258	Episode: 840/337	Avg reward: -7.05	Avg steps: 566
2020-06-27 01:39:15,114	INFO	Total steps: 324401	Episode: 860/618	Avg reward: -9.60	Avg steps: 556
2020-06-27 01:44:29,063	INFO	Total steps: 335763	Episode: 880/585	Avg reward: -7.40	Avg steps: 567
2020-06-27 01:50:07,804	INFO	Total steps: 348473	Episode: 900/635	Avg reward: -7.20	Avg steps: 634
2020-06-27 01:55:54,387	INFO	Total steps: 360356	Episode: 920/670	Avg reward: -7.60	Avg steps: 593
2020-06-27 02:01:43,645	INFO	Total steps: 371801	Episode: 940/768	Avg reward: -7.90	Avg steps: 571
2020-06-27 02:07:04,892	INFO	Total steps: 383447	Episode: 960/337	Avg reward: -6.90	Avg steps: 581
2020-06-27 02:12:30,583	INFO	Total steps: 395781	Episode: 980/707	Avg reward: -8.70	Avg steps: 615
2020-06-27 02:19:03,820	INFO	Total steps: 409259	Episode: 1000/911	Avg reward: -6.15	Avg steps: 672
2020-06-27 02:25:03,091	INFO	Total steps: 421444	Episode: 1020/442	Avg reward: -7.85	Avg steps: 608
2020-06-27 02:31:48,520	INFO	Total steps: 435384	Episode: 1040/590	Avg reward: -2.30	Avg steps: 696
2020-06-27 02:39:07,653	INFO	Total steps: 450384	Episode: 1060/770	Avg reward: -3.10	Avg steps: 749
2020-06-27 02:45:52,869	INFO	Total steps: 464164	Episode: 1080/803	Avg reward: -4.45	Avg steps: 688
2020-06-27 02:52:46,653	INFO	Total steps: 478179	Episode: 1100/387	Avg reward: -3.70	Avg steps: 699
2020-06-27 02:59:20,858	INFO	Total steps: 491597	Episode: 1120/830	Avg reward: -5.35	Avg steps: 669
2020-06-27 03:06:52,991	INFO	Total steps: 506507	Episode: 1140/895	Avg reward: -1.55	Avg steps: 744
2020-06-27 03:14:15,818	INFO	Total steps: 521198	Episode: 1160/712	Avg reward: -1.60	Avg steps: 733
2020-06-27 03:21:42,637	INFO	Total steps: 535918	Episode: 1180/911	Avg reward: -1.35	Avg steps: 735
2020-06-27 03:29:14,266	INFO	Total steps: 550896	Episode: 1200/937	Avg reward: -0.80	Avg steps: 747
2020-06-27 03:37:08,930	INFO	Total steps: 566629	Episode: 1220/857	Avg reward: -1.25	Avg steps: 785
2020-06-27 03:44:31,994	INFO	Total steps: 581717	Episode: 1240/847	Avg reward: -1.00	Avg steps: 753
2020-06-27 03:52:03,302	INFO	Total steps: 596673	Episode: 1260/643	Avg reward: -2.85	Avg steps: 746
2020-06-27 03:59:43,844	INFO	Total steps: 611868	Episode: 1280/719	Avg reward: 0.70	Avg steps: 758
2020-06-27 04:07:29,574	INFO	Total steps: 627317	Episode: 1300/560	Avg reward: 0.90	Avg steps: 771
2020-06-27 04:14:54,432	INFO	Total steps: 642107	Episode: 1320/759	Avg reward: 1.65	Avg steps: 738
2020-06-27 04:22:16,207	INFO	Total steps: 656674	Episode: 1340/697	Avg reward: 1.65	Avg steps: 727
2020-06-27 04:29:55,673	INFO	Total steps: 671886	Episode: 1360/658	Avg reward: 1.85	Avg steps: 759
2020-06-27 04:37:20,975	INFO	Total steps: 686492	Episode: 1380/879	Avg reward: 2.60	Avg steps: 729
2020-06-27 04:45:19,745	INFO	Total steps: 702327	Episode: 1400/749	Avg reward: 3.00	Avg steps: 790
2020-06-27 04:52:49,194	INFO	Total steps: 717104	Episode: 1420/762	Avg reward: 3.45	Avg steps: 737
2020-06-27 05:00:24,108	INFO	Total steps: 732032	Episode: 1440/882	Avg reward: 5.30	Avg steps: 745
2020-06-27 05:08:21,207	INFO	Total steps: 747971	Episode: 1460/672	Avg reward: 4.25	Avg steps: 795
2020-06-27 05:15:44,225	INFO	Total steps: 762666	Episode: 1480/841	Avg reward: 4.15	Avg steps: 733
2020-06-27 05:22:53,145	INFO	Total steps: 776768	Episode: 1500/639	Avg reward: 5.90	Avg steps: 704
2020-06-27 05:30:41,974	INFO	Total steps: 792117	Episode: 1520/1029	Avg reward: 4.90	Avg steps: 766
2020-06-27 05:38:40,467	INFO	Total steps: 807957	Episode: 1540/1007	Avg reward: 4.35	Avg steps: 791
2020-06-27 05:46:55,488	INFO	Total steps: 824255	Episode: 1560/646	Avg reward: 4.30	Avg steps: 813
2020-06-27 05:54:52,326	INFO	Total steps: 840096	Episode: 1580/880	Avg reward: 6.00	Avg steps: 791
2020-06-27 06:02:12,028	INFO	Total steps: 854701	Episode: 1600/742	Avg reward: 8.10	Avg steps: 729
2020-06-27 06:10:03,534	INFO	Total steps: 870264	Episode: 1620/910	Avg reward: 5.45	Avg steps: 777
2020-06-27 06:17:17,297	INFO	Total steps: 884676	Episode: 1640/806	Avg reward: 6.45	Avg steps: 719
2020-06-27 06:25:12,291	INFO	Total steps: 900242	Episode: 1660/1001	Avg reward: 6.15	Avg steps: 777
2020-06-27 06:32:17,463	INFO	Total steps: 914293	Episode: 1680/541	Avg reward: 7.80	Avg steps: 701
2020-06-27 06:40:01,202	INFO	Total steps: 929551	Episode: 1700/678	Avg reward: 7.60	Avg steps: 761
2020-06-27 06:47:02,735	INFO	Total steps: 943498	Episode: 1720/676	Avg reward: 6.95	Avg steps: 696
2020-06-27 06:54:34,876	INFO	Total steps: 958565	Episode: 1740/920	Avg reward: 7.20	Avg steps: 752
2020-06-27 07:02:15,300	INFO	Total steps: 973688	Episode: 1760/917	Avg reward: 8.20	Avg steps: 755
2020-06-27 07:09:24,172	INFO	Total steps: 988059	Episode: 1780/551	Avg reward: 9.05	Avg steps: 717
2020-06-27 07:16:36,579	INFO	Total steps: 1002733	Episode: 1800/828	Avg reward: 9.55	Avg steps: 732
2020-06-27 07:23:51,780	INFO	Total steps: 1017400	Episode: 1820/811	Avg reward: 10.00	Avg steps: 732
2020-06-27 07:31:03,589	INFO	Total steps: 1031838	Episode: 1840/821	Avg reward: 8.90	Avg steps: 720
2020-06-27 07:38:13,815	INFO	Total steps: 1046179	Episode: 1860/950	Avg reward: 9.20	Avg steps: 716
2020-06-27 07:45:21,160	INFO	Total steps: 1060215	Episode: 1880/621	Avg reward: 9.75	Avg steps: 700
2020-06-27 07:52:07,140	INFO	Total steps: 1073627	Episode: 1900/697	Avg reward: 10.15	Avg steps: 669
2020-06-27 07:59:24,273	INFO	Total steps: 1088011	Episode: 1920/787	Avg reward: 7.60	Avg steps: 718
2020-06-27 08:06:21,260	INFO	Total steps: 1101672	Episode: 1940/574	Avg reward: 10.30	Avg steps: 682
2020-06-27 08:13:54,510	INFO	Total steps: 1116614	Episode: 1960/622	Avg reward: 8.90	Avg steps: 746
2020-06-27 08:21:08,970	INFO	Total steps: 1130775	Episode: 1980/888	Avg reward: 10.50	Avg steps: 707
2020-06-27 08:28:15,131	INFO	Total steps: 1144616	Episode: 2000/1089	Avg reward: 11.05	Avg steps: 691
2020-06-27 08:35:30,517	INFO	Total steps: 1158784	Episode: 2020/632	Avg reward: 10.75	Avg steps: 707
2020-06-27 08:42:39,597	INFO	Total steps: 1172726	Episode: 2040/698	Avg reward: 10.45	Avg steps: 696
2020-06-27 08:50:35,036	INFO	Total steps: 1188239	Episode: 2060/617	Avg reward: 10.90	Avg steps: 774
2020-06-27 08:58:02,173	INFO	Total steps: 1203109	Episode: 2080/771	Avg reward: 10.10	Avg steps: 742
2020-06-27 09:05:03,598	INFO	Total steps: 1217254	Episode: 2100/772	Avg reward: 10.80	Avg steps: 706
2020-06-27 09:12:17,714	INFO	Total steps: 1231686	Episode: 2120/546	Avg reward: 10.90	Avg steps: 720
2020-06-27 09:18:56,747	INFO	Total steps: 1245093	Episode: 2140/641	Avg reward: 10.90	Avg steps: 669
2020-06-27 09:26:04,030	INFO	Total steps: 1259301	Episode: 2160/731	Avg reward: 10.35	Avg steps: 709
2020-06-27 09:32:30,067	INFO	Total steps: 1272202	Episode: 2180/775	Avg reward: 13.40	Avg steps: 644
2020-06-27 09:39:37,845	INFO	Total steps: 1286416	Episode: 2200/931	Avg reward: 11.00	Avg steps: 709
2020-06-27 09:47:09,058	INFO	Total steps: 1301062	Episode: 2220/976	Avg reward: 10.55	Avg steps: 731
2020-06-27 09:54:02,898	INFO	Total steps: 1314535	Episode: 2240/730	Avg reward: 11.30	Avg steps: 672
2020-06-27 10:01:01,534	INFO	Total steps: 1328122	Episode: 2260/645	Avg reward: 12.30	Avg steps: 678
2020-06-27 10:08:05,662	INFO	Total steps: 1341933	Episode: 2280/708	Avg reward: 12.75	Avg steps: 689
2020-06-27 10:15:29,068	INFO	Total steps: 1356729	Episode: 2300/626	Avg reward: 11.85	Avg steps: 738
2020-06-27 10:22:33,607	INFO	Total steps: 1370717	Episode: 2320/760	Avg reward: 11.25	Avg steps: 698
2020-06-27 10:30:03,561	INFO	Total steps: 1385280	Episode: 2340/585	Avg reward: 10.85	Avg steps: 727
2020-06-27 10:37:41,726	INFO	Total steps: 1398992	Episode: 2360/609	Avg reward: 12.00	Avg steps: 684
2020-06-27 10:45:01,466	INFO	Total steps: 1412025	Episode: 2380/754	Avg reward: 12.40	Avg steps: 650
2020-06-27 10:52:04,893	INFO	Total steps: 1424623	Episode: 2400/557	Avg reward: 12.95	Avg steps: 628
2020-06-27 10:59:46,504	INFO	Total steps: 1438302	Episode: 2420/888	Avg reward: 11.90	Avg steps: 682
2020-06-27 11:07:38,692	INFO	Total steps: 1452405	Episode: 2440/809	Avg reward: 11.40	Avg steps: 704
2020-06-27 11:15:02,041	INFO	Total steps: 1466480	Episode: 2460/541	Avg reward: 11.65	Avg steps: 702
2020-06-27 11:22:03,828	INFO	Total steps: 1479859	Episode: 2480/831	Avg reward: 12.35	Avg steps: 667
2020-06-27 11:29:39,214	INFO	Total steps: 1493236	Episode: 2500/516	Avg reward: 12.60	Avg steps: 667
2020-06-27 11:37:32,777	INFO	Total steps: 1507132	Episode: 2520/758	Avg reward: 13.30	Avg steps: 693
2020-06-27 11:45:26,252	INFO	Total steps: 1521168	Episode: 2540/527	Avg reward: 12.20	Avg steps: 700
2020-06-27 11:53:33,313	INFO	Total steps: 1535391	Episode: 2560/547	Avg reward: 12.95	Avg steps: 710
2020-06-27 12:01:18,940	INFO	Total steps: 1549527	Episode: 2580/723	Avg reward: 11.25	Avg steps: 705
2020-06-27 12:08:49,741	INFO	Total steps: 1563980	Episode: 2600/1143	Avg reward: 13.20	Avg steps: 721
2020-06-27 12:16:20,790	INFO	Total steps: 1578452	Episode: 2620/631	Avg reward: 13.40	Avg steps: 722
2020-06-27 12:23:51,913	INFO	Total steps: 1593009	Episode: 2640/734	Avg reward: 13.10	Avg steps: 726
2020-06-27 12:31:12,010	INFO	Total steps: 1607087	Episode: 2660/687	Avg reward: 13.40	Avg steps: 702
2020-06-27 12:38:08,257	INFO	Total steps: 1620516	Episode: 2680/818	Avg reward: 12.15	Avg steps: 670
2020-06-27 12:44:43,933	INFO	Total steps: 1633349	Episode: 2700/719	Avg reward: 13.15	Avg steps: 640
2020-06-27 12:51:33,802	INFO	Total steps: 1646493	Episode: 2720/783	Avg reward: 13.55	Avg steps: 656
2020-06-27 12:58:55,563	INFO	Total steps: 1660602	Episode: 2740/744	Avg reward: 12.85	Avg steps: 704
2020-06-27 13:06:15,084	INFO	Total steps: 1674645	Episode: 2760/807	Avg reward: 12.90	Avg steps: 701
2020-06-27 13:13:29,829	INFO	Total steps: 1688747	Episode: 2780/800	Avg reward: 13.35	Avg steps: 704
2020-06-27 13:20:41,892	INFO	Total steps: 1702690	Episode: 2800/593	Avg reward: 12.25	Avg steps: 696
2020-06-27 13:27:41,641	INFO	Total steps: 1716099	Episode: 2820/609	Avg reward: 12.50	Avg steps: 669
2020-06-27 13:34:16,654	INFO	Total steps: 1728665	Episode: 2840/651	Avg reward: 14.40	Avg steps: 627
2020-06-27 13:41:00,696	INFO	Total steps: 1741523	Episode: 2860/490	Avg reward: 14.90	Avg steps: 641
2020-06-27 13:47:55,346	INFO	Total steps: 1754701	Episode: 2880/613	Avg reward: 14.35	Avg steps: 657
2020-06-27 13:55:03,121	INFO	Total steps: 1768418	Episode: 2900/444	Avg reward: 14.10	Avg steps: 684
2020-06-27 14:02:28,413	INFO	Total steps: 1781655	Episode: 2920/479	Avg reward: 12.90	Avg steps: 660
2020-06-27 14:10:03,877	INFO	Total steps: 1794983	Episode: 2940/607	Avg reward: 15.50	Avg steps: 665
2020-06-27 14:17:58,149	INFO	Total steps: 1808954	Episode: 2960/521	Avg reward: 13.95	Avg steps: 697
2020-06-27 14:24:49,435	INFO	Total steps: 1820973	Episode: 2980/541	Avg reward: 15.55	Avg steps: 599
2020-06-27 14:32:31,234	INFO	Total steps: 1834745	Episode: 3000/911	Avg reward: 13.95	Avg steps: 687
2020-06-27 14:39:17,322	INFO	Total steps: 1847695	Episode: 3020/614	Avg reward: 14.15	Avg steps: 646
2020-06-27 14:46:16,101	INFO	Total steps: 1861058	Episode: 3040/684	Avg reward: 13.20	Avg steps: 667
2020-06-27 14:52:56,340	INFO	Total steps: 1873827	Episode: 3060/539	Avg reward: 14.45	Avg steps: 637
2020-06-27 14:59:13,346	INFO	Total steps: 1885905	Episode: 3080/800	Avg reward: 15.45	Avg steps: 602
2020-06-27 15:05:57,181	INFO	Total steps: 1898882	Episode: 3100/497	Avg reward: 14.55	Avg steps: 647
2020-06-27 15:12:48,516	INFO	Total steps: 1912149	Episode: 3120/706	Avg reward: 13.90	Avg steps: 662
2020-06-27 15:20:11,933	INFO	Total steps: 1926353	Episode: 3140/551	Avg reward: 13.20	Avg steps: 709
2020-06-27 15:26:52,822	INFO	Total steps: 1939141	Episode: 3160/657	Avg reward: 15.00	Avg steps: 638
2020-06-27 15:33:49,918	INFO	Total steps: 1952455	Episode: 3180/648	Avg reward: 14.40	Avg steps: 664
2020-06-27 15:40:01,887	INFO	Total steps: 1964304	Episode: 3200/724	Avg reward: 14.45	Avg steps: 591
2020-06-27 15:47:06,751	INFO	Total steps: 1977763	Episode: 3220/618	Avg reward: 13.85	Avg steps: 671
2020-06-27 15:54:25,935	INFO	Total steps: 1991848	Episode: 3240/715	Avg reward: 13.75	Avg steps: 703
2020-06-27 16:01:39,266	INFO	Total steps: 2005653	Episode: 3260/661	Avg reward: 13.60	Avg steps: 689
2020-06-27 16:08:35,685	INFO	Total steps: 2019083	Episode: 3280/649	Avg reward: 14.40	Avg steps: 670
2020-06-27 16:16:14,863	INFO	Total steps: 2033881	Episode: 3300/676	Avg reward: 13.30	Avg steps: 738
2020-06-27 16:23:04,804	INFO	Total steps: 2047127	Episode: 3320/805	Avg reward: 14.70	Avg steps: 661
2020-06-27 16:29:19,204	INFO	Total steps: 2059209	Episode: 3340/688	Avg reward: 16.25	Avg steps: 603
2020-06-27 16:36:07,495	INFO	Total steps: 2072346	Episode: 3360/583	Avg reward: 14.15	Avg steps: 655
2020-06-27 16:43:11,869	INFO	Total steps: 2086069	Episode: 3380/635	Avg reward: 14.30	Avg steps: 685
2020-06-27 16:50:16,708	INFO	Total steps: 2099888	Episode: 3400/732	Avg reward: 14.40	Avg steps: 689
2020-06-27 16:57:04,121	INFO	Total steps: 2112980	Episode: 3420/572	Avg reward: 14.85	Avg steps: 653
2020-06-27 17:04:02,728	INFO	Total steps: 2126549	Episode: 3440/675	Avg reward: 14.15	Avg steps: 677
2020-06-27 17:10:59,326	INFO	Total steps: 2139957	Episode: 3460/912	Avg reward: 14.00	Avg steps: 669
2020-06-27 17:17:10,740	INFO	Total steps: 2152081	Episode: 3480/537	Avg reward: 15.65	Avg steps: 605
2020-06-27 17:23:28,265	INFO	Total steps: 2164357	Episode: 3500/455	Avg reward: 15.15	Avg steps: 612
2020-06-27 17:30:01,263	INFO	Total steps: 2177136	Episode: 3520/688	Avg reward: 14.95	Avg steps: 637
2020-06-27 17:36:40,791	INFO	Total steps: 2190306	Episode: 3540/564	Avg reward: 14.50	Avg steps: 657
2020-06-27 17:43:09,155	INFO	Total steps: 2202889	Episode: 3560/801	Avg reward: 15.75	Avg steps: 628
2020-06-27 17:49:37,340	INFO	Total steps: 2215578	Episode: 3580/568	Avg reward: 15.05	Avg steps: 633
2020-06-27 17:56:07,558	INFO	Total steps: 2228316	Episode: 3600/604	Avg reward: 15.00	Avg steps: 635
2020-06-27 18:02:35,010	INFO	Total steps: 2240684	Episode: 3620/424	Avg reward: 14.35	Avg steps: 617
2020-06-27 18:09:25,633	INFO	Total steps: 2253785	Episode: 3640/655	Avg reward: 14.25	Avg steps: 654
2020-06-27 18:16:41,206	INFO	Total steps: 2267537	Episode: 3660/591	Avg reward: 13.65	Avg steps: 686
2020-06-27 18:23:58,129	INFO	Total steps: 2281342	Episode: 3680/485	Avg reward: 15.25	Avg steps: 689
2020-06-27 18:31:00,060	INFO	Total steps: 2294939	Episode: 3700/557	Avg reward: 15.25	Avg steps: 678
2020-06-27 18:38:11,603	INFO	Total steps: 2308703	Episode: 3720/949	Avg reward: 14.85	Avg steps: 687
2020-06-27 18:44:30,413	INFO	Total steps: 2320785	Episode: 3740/714	Avg reward: 16.45	Avg steps: 603
2020-06-27 18:51:05,805	INFO	Total steps: 2333390	Episode: 3760/515	Avg reward: 15.35	Avg steps: 629
2020-06-27 18:57:39,254	INFO	Total steps: 2346024	Episode: 3780/607	Avg reward: 15.90	Avg steps: 630
2020-06-27 19:05:10,610	INFO	Total steps: 2360387	Episode: 3800/713	Avg reward: 14.40	Avg steps: 717
2020-06-27 19:11:52,531	INFO	Total steps: 2373202	Episode: 3820/492	Avg reward: 15.35	Avg steps: 639
2020-06-27 19:18:46,220	INFO	Total steps: 2386397	Episode: 3840/585	Avg reward: 14.80	Avg steps: 658
2020-06-27 19:25:32,423	INFO	Total steps: 2399343	Episode: 3860/524	Avg reward: 16.10	Avg steps: 646
2020-06-27 19:32:04,331	INFO	Total steps: 2412023	Episode: 3880/679	Avg reward: 15.30	Avg steps: 633
2020-06-27 19:38:49,323	INFO	Total steps: 2425003	Episode: 3900/587	Avg reward: 15.75	Avg steps: 648
2020-06-27 19:45:47,832	INFO	Total steps: 2438441	Episode: 3920/579	Avg reward: 14.50	Avg steps: 670
2020-06-27 19:52:45,725	INFO	Total steps: 2451750	Episode: 3940/612	Avg reward: 15.30	Avg steps: 664
2020-06-27 19:59:35,924	INFO	Total steps: 2465044	Episode: 3960/753	Avg reward: 15.20	Avg steps: 663
2020-06-27 20:06:05,882	INFO	Total steps: 2477621	Episode: 3980/787	Avg reward: 16.60	Avg steps: 627
2020-06-27 20:12:37,512	INFO	Total steps: 2490263	Episode: 4000/526	Avg reward: 15.30	Avg steps: 631
