2020-07-14 20:54:35,932	INFO	--width 160 --height 160 --ball 1.0 --ball-size 2.0 --snell 2.0 --snell-width 80.0 --snell-change 0.0 --snell-visible none --paddle-speed 1.0 --paddle-angle 60.0 --paddle-length 20.0 --update-prob 0.4 --state binary --learning-rate 0.0001 --network dqn_pong_model --render False --epsdecay 1000 --episodes 4000 --replay 10000 --checkpoint dqn_pong_model --history history.p --store-dir ../experiments/paddle_angle.60.0-update_prob.0.4-snell.2.0 
2020-07-14 20:54:35,932	INFO	Device: cuda
2020-07-14 20:56:11,369	INFO	Total steps: 11385	Episode: 20/609	Avg reward: -17.90	Avg steps: 568
2020-07-14 21:01:01,538	INFO	Total steps: 22331	Episode: 40/608	Avg reward: -18.10	Avg steps: 546
2020-07-14 21:05:59,940	INFO	Total steps: 33578	Episode: 60/448	Avg reward: -17.70	Avg steps: 561
2020-07-14 21:11:33,334	INFO	Total steps: 46137	Episode: 80/524	Avg reward: -17.65	Avg steps: 626
2020-07-14 21:17:58,365	INFO	Total steps: 60632	Episode: 100/861	Avg reward: -16.45	Avg steps: 723
2020-07-14 21:24:27,247	INFO	Total steps: 75236	Episode: 120/847	Avg reward: -17.55	Avg steps: 729
2020-07-14 21:30:22,522	INFO	Total steps: 88590	Episode: 140/709	Avg reward: -17.30	Avg steps: 666
2020-07-14 21:36:57,852	INFO	Total steps: 103408	Episode: 160/990	Avg reward: -16.00	Avg steps: 739
2020-07-14 21:42:55,374	INFO	Total steps: 116749	Episode: 180/990	Avg reward: -16.90	Avg steps: 666
2020-07-14 21:49:25,834	INFO	Total steps: 131292	Episode: 200/926	Avg reward: -16.20	Avg steps: 726
2020-07-14 21:56:30,541	INFO	Total steps: 147082	Episode: 220/1258	Avg reward: -15.85	Avg steps: 788
2020-07-14 22:02:59,077	INFO	Total steps: 161514	Episode: 240/876	Avg reward: -16.15	Avg steps: 720
2020-07-14 22:09:04,002	INFO	Total steps: 175034	Episode: 260/490	Avg reward: -16.30	Avg steps: 675
2020-07-14 22:15:16,063	INFO	Total steps: 188816	Episode: 280/791	Avg reward: -17.15	Avg steps: 688
2020-07-14 22:21:46,547	INFO	Total steps: 203255	Episode: 300/640	Avg reward: -15.75	Avg steps: 720
2020-07-14 22:28:37,309	INFO	Total steps: 218307	Episode: 320/1065	Avg reward: -15.90	Avg steps: 751
2020-07-14 22:36:17,519	INFO	Total steps: 235173	Episode: 340/804	Avg reward: -14.30	Avg steps: 842
2020-07-14 22:43:16,821	INFO	Total steps: 250545	Episode: 360/575	Avg reward: -16.00	Avg steps: 767
2020-07-14 22:50:18,329	INFO	Total steps: 266056	Episode: 380/504	Avg reward: -15.95	Avg steps: 774
2020-07-14 22:57:43,266	INFO	Total steps: 282591	Episode: 400/1030	Avg reward: -15.15	Avg steps: 825
2020-07-14 23:04:42,012	INFO	Total steps: 298171	Episode: 420/944	Avg reward: -15.75	Avg steps: 778
2020-07-14 23:12:29,782	INFO	Total steps: 315498	Episode: 440/731	Avg reward: -14.95	Avg steps: 865
2020-07-14 23:20:08,669	INFO	Total steps: 331677	Episode: 460/702	Avg reward: -14.75	Avg steps: 807
2020-07-14 23:28:34,821	INFO	Total steps: 348510	Episode: 480/815	Avg reward: -15.25	Avg steps: 840
2020-07-14 23:37:45,065	INFO	Total steps: 366816	Episode: 500/910	Avg reward: -14.55	Avg steps: 914
2020-07-14 23:47:37,975	INFO	Total steps: 386644	Episode: 520/1231	Avg reward: -13.40	Avg steps: 990
2020-07-14 23:55:48,170	INFO	Total steps: 403036	Episode: 540/1059	Avg reward: -14.20	Avg steps: 818
2020-07-15 00:04:55,225	INFO	Total steps: 421380	Episode: 560/1002	Avg reward: -14.05	Avg steps: 916
2020-07-15 00:13:46,102	INFO	Total steps: 439239	Episode: 580/722	Avg reward: -13.95	Avg steps: 891
2020-07-15 00:23:51,289	INFO	Total steps: 459474	Episode: 600/1144	Avg reward: -13.35	Avg steps: 1010
2020-07-15 00:35:45,851	INFO	Total steps: 483478	Episode: 620/967	Avg reward: -11.25	Avg steps: 1199
2020-07-15 00:45:16,894	INFO	Total steps: 502512	Episode: 640/1367	Avg reward: -12.95	Avg steps: 950
2020-07-15 00:54:49,882	INFO	Total steps: 521734	Episode: 660/838	Avg reward: -13.35	Avg steps: 960
2020-07-15 01:05:19,926	INFO	Total steps: 542727	Episode: 680/992	Avg reward: -11.80	Avg steps: 1048
2020-07-15 01:17:19,561	INFO	Total steps: 566819	Episode: 700/918	Avg reward: -11.75	Avg steps: 1203
2020-07-15 01:28:02,850	INFO	Total steps: 588109	Episode: 720/771	Avg reward: -12.45	Avg steps: 1063
2020-07-15 01:37:47,127	INFO	Total steps: 607591	Episode: 740/1808	Avg reward: -14.00	Avg steps: 973
2020-07-15 01:49:05,717	INFO	Total steps: 630229	Episode: 760/995	Avg reward: -11.05	Avg steps: 1130
2020-07-15 02:01:42,994	INFO	Total steps: 655415	Episode: 780/885	Avg reward: -10.10	Avg steps: 1258
2020-07-15 02:11:57,622	INFO	Total steps: 675800	Episode: 800/1375	Avg reward: -12.90	Avg steps: 1018
2020-07-15 02:23:34,189	INFO	Total steps: 698568	Episode: 820/910	Avg reward: -11.20	Avg steps: 1137
2020-07-15 02:35:53,129	INFO	Total steps: 722766	Episode: 840/1294	Avg reward: -10.85	Avg steps: 1208
2020-07-15 02:48:44,901	INFO	Total steps: 748206	Episode: 860/1425	Avg reward: -9.70	Avg steps: 1271
2020-07-15 03:03:15,289	INFO	Total steps: 777019	Episode: 880/2390	Avg reward: -8.25	Avg steps: 1439
2020-07-15 03:15:19,109	INFO	Total steps: 801028	Episode: 900/909	Avg reward: -10.70	Avg steps: 1199
2020-07-15 03:29:59,930	INFO	Total steps: 830058	Episode: 920/2068	Avg reward: -7.20	Avg steps: 1450
2020-07-15 03:42:39,034	INFO	Total steps: 855188	Episode: 940/1296	Avg reward: -9.80	Avg steps: 1255
2020-07-15 03:57:39,674	INFO	Total steps: 884945	Episode: 960/1463	Avg reward: -7.30	Avg steps: 1486
2020-07-15 04:13:04,962	INFO	Total steps: 915488	Episode: 980/1158	Avg reward: -5.25	Avg steps: 1526
2020-07-15 04:27:04,673	INFO	Total steps: 943211	Episode: 1000/1086	Avg reward: -8.20	Avg steps: 1385
2020-07-15 04:42:31,993	INFO	Total steps: 973891	Episode: 1020/1534	Avg reward: -6.35	Avg steps: 1533
2020-07-15 04:57:36,600	INFO	Total steps: 1003856	Episode: 1040/1017	Avg reward: -6.60	Avg steps: 1497
2020-07-15 05:14:30,227	INFO	Total steps: 1037155	Episode: 1060/1940	Avg reward: -6.00	Avg steps: 1663
2020-07-15 05:29:53,160	INFO	Total steps: 1067639	Episode: 1080/1972	Avg reward: -4.20	Avg steps: 1523
2020-07-15 05:46:59,766	INFO	Total steps: 1101685	Episode: 1100/1646	Avg reward: -1.70	Avg steps: 1701
2020-07-15 06:01:45,132	INFO	Total steps: 1130860	Episode: 1120/1898	Avg reward: -5.40	Avg steps: 1457
2020-07-15 06:19:55,807	INFO	Total steps: 1166835	Episode: 1140/1960	Avg reward: -0.75	Avg steps: 1797
2020-07-15 06:36:37,688	INFO	Total steps: 1199950	Episode: 1160/1407	Avg reward: -3.20	Avg steps: 1654
2020-07-15 06:54:37,029	INFO	Total steps: 1235534	Episode: 1180/1491	Avg reward: -0.15	Avg steps: 1778
2020-07-15 07:12:51,586	INFO	Total steps: 1271535	Episode: 1200/1927	Avg reward: 0.65	Avg steps: 1799
2020-07-15 07:31:20,368	INFO	Total steps: 1307930	Episode: 1220/1355	Avg reward: 4.55	Avg steps: 1818
2020-07-15 07:48:40,857	INFO	Total steps: 1342023	Episode: 1240/1669	Avg reward: -0.75	Avg steps: 1703
2020-07-15 08:06:04,088	INFO	Total steps: 1376272	Episode: 1260/1908	Avg reward: -2.50	Avg steps: 1711
2020-07-15 08:23:19,483	INFO	Total steps: 1410352	Episode: 1280/1263	Avg reward: -1.60	Avg steps: 1703
2020-07-15 08:42:16,676	INFO	Total steps: 1447697	Episode: 1300/2525	Avg reward: 4.45	Avg steps: 1866
2020-07-15 09:01:26,219	INFO	Total steps: 1485398	Episode: 1320/1479	Avg reward: 2.10	Avg steps: 1884
2020-07-15 09:19:34,245	INFO	Total steps: 1521200	Episode: 1340/2209	Avg reward: 5.40	Avg steps: 1789
2020-07-15 09:36:56,955	INFO	Total steps: 1555533	Episode: 1360/1332	Avg reward: 7.05	Avg steps: 1715
2020-07-15 09:56:37,858	INFO	Total steps: 1594100	Episode: 1380/1788	Avg reward: 6.70	Avg steps: 1927
2020-07-15 10:16:15,227	INFO	Total steps: 1632759	Episode: 1400/1913	Avg reward: 4.10	Avg steps: 1931
2020-07-15 10:34:54,123	INFO	Total steps: 1669444	Episode: 1420/2034	Avg reward: 6.60	Avg steps: 1833
2020-07-15 10:53:16,729	INFO	Total steps: 1705488	Episode: 1440/1602	Avg reward: 7.90	Avg steps: 1801
2020-07-15 11:10:34,100	INFO	Total steps: 1739555	Episode: 1460/1682	Avg reward: 7.90	Avg steps: 1702
2020-07-15 11:28:33,784	INFO	Total steps: 1774956	Episode: 1480/1823	Avg reward: 7.30	Avg steps: 1769
2020-07-15 11:45:53,100	INFO	Total steps: 1809001	Episode: 1500/1881	Avg reward: 10.95	Avg steps: 1701
2020-07-15 12:03:17,093	INFO	Total steps: 1843135	Episode: 1520/1185	Avg reward: 10.35	Avg steps: 1705
2020-07-15 12:21:04,211	INFO	Total steps: 1878204	Episode: 1540/1646	Avg reward: 11.25	Avg steps: 1752
2020-07-15 12:39:14,047	INFO	Total steps: 1913779	Episode: 1560/1611	Avg reward: 9.95	Avg steps: 1777
2020-07-15 12:58:07,891	INFO	Total steps: 1950854	Episode: 1580/1589	Avg reward: 10.30	Avg steps: 1852
2020-07-15 13:15:26,512	INFO	Total steps: 1985921	Episode: 1600/1476	Avg reward: 11.70	Avg steps: 1752
2020-07-15 13:31:54,115	INFO	Total steps: 2021675	Episode: 1620/2412	Avg reward: 10.50	Avg steps: 1786
2020-07-15 13:46:38,162	INFO	Total steps: 2053671	Episode: 1640/2152	Avg reward: 12.60	Avg steps: 1598
2020-07-15 14:02:34,853	INFO	Total steps: 2088205	Episode: 1660/1464	Avg reward: 12.15	Avg steps: 1725
2020-07-15 14:18:07,289	INFO	Total steps: 2121790	Episode: 1680/1550	Avg reward: 11.30	Avg steps: 1678
2020-07-15 14:33:00,447	INFO	Total steps: 2153979	Episode: 1700/1452	Avg reward: 13.10	Avg steps: 1608
2020-07-15 14:47:38,943	INFO	Total steps: 2185607	Episode: 1720/1590	Avg reward: 12.90	Avg steps: 1580
2020-07-15 15:03:23,899	INFO	Total steps: 2219654	Episode: 1740/1792	Avg reward: 12.10	Avg steps: 1701
2020-07-15 15:18:40,729	INFO	Total steps: 2252630	Episode: 1760/1837	Avg reward: 12.90	Avg steps: 1647
2020-07-15 15:34:16,754	INFO	Total steps: 2286274	Episode: 1780/1424	Avg reward: 12.35	Avg steps: 1681
2020-07-15 15:49:28,381	INFO	Total steps: 2318940	Episode: 1800/1519	Avg reward: 13.25	Avg steps: 1632
2020-07-15 16:04:36,752	INFO	Total steps: 2351318	Episode: 1820/1514	Avg reward: 13.20	Avg steps: 1617
2020-07-15 16:18:17,630	INFO	Total steps: 2380731	Episode: 1840/1185	Avg reward: 16.00	Avg steps: 1469
2020-07-16 15:25:34,546	INFO	--width 160 --height 160 --ball 1.0 --ball-size 2.0 --snell 2.0 --snell-width 80.0 --snell-change 0.0 --snell-visible none --paddle-speed 1.0 --paddle-angle 60.0 --paddle-length 20.0 --update-prob 0.4 --state binary --learning-rate 0.0001 --network dqn_pong_model --render False --epsdecay 1000 --episodes 4000 --replay 10000 --checkpoint dqn_pong_model --history history.p --store-dir ../experiments/paddle_angle.60.0-update_prob.0.4-snell.2.0 
2020-07-16 15:25:34,668	INFO	Device: cuda
2020-07-16 15:26:33,697	INFO	Total steps: 9689	Episode: 20/494	Avg reward: -18.60	Avg steps: 483
2020-07-16 15:32:27,469	INFO	Total steps: 20451	Episode: 40/597	Avg reward: -18.50	Avg steps: 537
2020-07-16 15:38:46,019	INFO	Total steps: 31593	Episode: 60/327	Avg reward: -18.40	Avg steps: 556
2020-07-16 15:45:33,471	INFO	Total steps: 43571	Episode: 80/1039	Avg reward: -17.75	Avg steps: 597
2020-07-16 15:52:57,267	INFO	Total steps: 56654	Episode: 100/670	Avg reward: -17.85	Avg steps: 653
2020-07-16 16:00:31,774	INFO	Total steps: 70092	Episode: 120/541	Avg reward: -17.30	Avg steps: 670
2020-07-16 16:07:39,351	INFO	Total steps: 82721	Episode: 140/660	Avg reward: -17.75	Avg steps: 630
2020-07-16 16:15:38,242	INFO	Total steps: 97092	Episode: 160/543	Avg reward: -17.30	Avg steps: 717
2020-07-16 16:21:32,224	INFO	Total steps: 109976	Episode: 180/394	Avg reward: -17.35	Avg steps: 643
2020-07-16 16:27:32,235	INFO	Total steps: 123024	Episode: 200/768	Avg reward: -17.05	Avg steps: 651
2020-07-16 16:33:23,603	INFO	Total steps: 135714	Episode: 220/536	Avg reward: -17.25	Avg steps: 633
2020-07-16 16:40:33,763	INFO	Total steps: 151223	Episode: 240/829	Avg reward: -15.85	Avg steps: 774
2020-07-16 16:47:09,755	INFO	Total steps: 165607	Episode: 260/553	Avg reward: -15.75	Avg steps: 718
2020-07-16 16:53:19,715	INFO	Total steps: 179081	Episode: 280/537	Avg reward: -17.20	Avg steps: 672
2020-07-16 17:00:14,833	INFO	Total steps: 193997	Episode: 300/962	Avg reward: -15.30	Avg steps: 744
2020-07-16 17:06:52,348	INFO	Total steps: 208387	Episode: 320/499	Avg reward: -16.10	Avg steps: 718
2020-07-16 17:13:51,090	INFO	Total steps: 223544	Episode: 340/711	Avg reward: -15.50	Avg steps: 756
2020-07-16 17:20:21,243	INFO	Total steps: 237535	Episode: 360/661	Avg reward: -16.65	Avg steps: 698
2020-07-16 17:27:17,419	INFO	Total steps: 252368	Episode: 380/594	Avg reward: -16.20	Avg steps: 740
2020-07-16 17:34:14,805	INFO	Total steps: 267243	Episode: 400/890	Avg reward: -16.25	Avg steps: 742
2020-07-16 17:41:54,728	INFO	Total steps: 283870	Episode: 420/687	Avg reward: -15.40	Avg steps: 830
2020-07-16 17:50:08,184	INFO	Total steps: 301741	Episode: 440/882	Avg reward: -14.65	Avg steps: 892
2020-07-16 17:57:28,191	INFO	Total steps: 317574	Episode: 460/939	Avg reward: -15.35	Avg steps: 790
2020-07-16 18:05:00,708	INFO	Total steps: 333957	Episode: 480/1016	Avg reward: -14.90	Avg steps: 818
2020-07-16 18:12:52,532	INFO	Total steps: 351012	Episode: 500/722	Avg reward: -14.85	Avg steps: 851
2020-07-16 18:20:40,052	INFO	Total steps: 367851	Episode: 520/821	Avg reward: -15.00	Avg steps: 840
2020-07-16 18:28:55,732	INFO	Total steps: 385728	Episode: 540/855	Avg reward: -13.45	Avg steps: 892
2020-07-16 18:37:18,825	INFO	Total steps: 403565	Episode: 560/704	Avg reward: -13.85	Avg steps: 890
2020-07-16 18:45:36,581	INFO	Total steps: 421108	Episode: 580/689	Avg reward: -14.35	Avg steps: 876
2020-07-16 18:54:49,836	INFO	Total steps: 440552	Episode: 600/972	Avg reward: -14.10	Avg steps: 971
2020-07-16 19:05:05,966	INFO	Total steps: 462278	Episode: 620/1026	Avg reward: -12.00	Avg steps: 1085
2020-07-16 19:13:39,123	INFO	Total steps: 480426	Episode: 640/730	Avg reward: -13.65	Avg steps: 906
2020-07-16 19:23:17,813	INFO	Total steps: 501066	Episode: 660/658	Avg reward: -12.25	Avg steps: 1031
2020-07-16 19:33:39,949	INFO	Total steps: 523202	Episode: 680/1520	Avg reward: -11.45	Avg steps: 1105
2020-07-16 19:44:28,220	INFO	Total steps: 546371	Episode: 700/1056	Avg reward: -11.70	Avg steps: 1157
2020-07-16 19:54:57,511	INFO	Total steps: 568797	Episode: 720/958	Avg reward: -11.95	Avg steps: 1120
2020-07-16 20:06:01,863	INFO	Total steps: 592510	Episode: 740/1083	Avg reward: -10.95	Avg steps: 1184
2020-07-16 20:18:07,119	INFO	Total steps: 618313	Episode: 760/1102	Avg reward: -9.35	Avg steps: 1289
2020-07-16 20:29:49,537	INFO	Total steps: 643166	Episode: 780/693	Avg reward: -10.25	Avg steps: 1241
2020-07-16 20:41:00,164	INFO	Total steps: 666958	Episode: 800/1139	Avg reward: -11.35	Avg steps: 1188
2020-07-16 20:52:47,399	INFO	Total steps: 691994	Episode: 820/1579	Avg reward: -10.70	Avg steps: 1250
2020-07-16 21:04:22,035	INFO	Total steps: 716399	Episode: 840/1485	Avg reward: -9.65	Avg steps: 1219
2020-07-16 21:17:04,573	INFO	Total steps: 743285	Episode: 860/2042	Avg reward: -8.70	Avg steps: 1343
2020-07-16 21:30:22,069	INFO	Total steps: 771654	Episode: 880/1088	Avg reward: -9.30	Avg steps: 1417
2020-07-16 21:43:24,335	INFO	Total steps: 799469	Episode: 900/1997	Avg reward: -7.50	Avg steps: 1389
2020-07-16 21:57:59,634	INFO	Total steps: 830103	Episode: 920/1802	Avg reward: -5.80	Avg steps: 1530
2020-07-16 22:11:57,966	INFO	Total steps: 859408	Episode: 940/1749	Avg reward: -8.00	Avg steps: 1464
2020-07-16 22:25:42,520	INFO	Total steps: 888245	Episode: 960/2092	Avg reward: -8.25	Avg steps: 1440
2020-07-16 22:40:42,298	INFO	Total steps: 920052	Episode: 980/1419	Avg reward: -4.45	Avg steps: 1589
2020-07-16 22:56:46,930	INFO	Total steps: 954221	Episode: 1000/1689	Avg reward: -4.10	Avg steps: 1707
2020-07-16 23:12:22,162	INFO	Total steps: 987377	Episode: 1020/1956	Avg reward: -5.15	Avg steps: 1656
2020-07-16 23:26:00,252	INFO	Total steps: 1016298	Episode: 1040/1421	Avg reward: -6.70	Avg steps: 1445
2020-07-16 23:42:59,077	INFO	Total steps: 1052531	Episode: 1060/2079	Avg reward: -3.70	Avg steps: 1810
2020-07-16 23:59:07,760	INFO	Total steps: 1086770	Episode: 1080/2109	Avg reward: -4.05	Avg steps: 1710
2020-07-17 00:15:17,932	INFO	Total steps: 1120776	Episode: 1100/1947	Avg reward: -2.35	Avg steps: 1699
2020-07-17 00:32:28,056	INFO	Total steps: 1156948	Episode: 1120/1670	Avg reward: -0.05	Avg steps: 1807
2020-07-17 00:49:33,771	INFO	Total steps: 1192959	Episode: 1140/1562	Avg reward: 1.00	Avg steps: 1799
2020-07-17 01:06:37,410	INFO	Total steps: 1229064	Episode: 1160/1975	Avg reward: 0.50	Avg steps: 1804
2020-07-17 01:22:26,930	INFO	Total steps: 1262578	Episode: 1180/1887	Avg reward: -2.20	Avg steps: 1674
2020-07-17 01:38:02,668	INFO	Total steps: 1295688	Episode: 1200/1489	Avg reward: -4.55	Avg steps: 1654
2020-07-17 01:54:44,861	INFO	Total steps: 1330893	Episode: 1220/1446	Avg reward: 1.65	Avg steps: 1759
2020-07-17 02:11:24,364	INFO	Total steps: 1366030	Episode: 1240/1399	Avg reward: 2.90	Avg steps: 1755
2020-07-17 02:28:28,185	INFO	Total steps: 1402128	Episode: 1260/1796	Avg reward: 3.35	Avg steps: 1803
2020-07-17 02:46:07,752	INFO	Total steps: 1439528	Episode: 1280/1828	Avg reward: 4.25	Avg steps: 1869
2020-07-17 03:04:46,148	INFO	Total steps: 1478951	Episode: 1300/2163	Avg reward: 3.05	Avg steps: 1970
2020-07-17 03:22:55,910	INFO	Total steps: 1517138	Episode: 1320/1779	Avg reward: 3.60	Avg steps: 1908
2020-07-17 03:40:51,825	INFO	Total steps: 1554438	Episode: 1340/1967	Avg reward: 5.30	Avg steps: 1864
2020-07-17 03:59:47,789	INFO	Total steps: 1593325	Episode: 1360/1819	Avg reward: 5.65	Avg steps: 1943
2020-07-17 04:17:28,062	INFO	Total steps: 1629829	Episode: 1380/1806	Avg reward: 7.55	Avg steps: 1824
2020-07-17 04:35:25,758	INFO	Total steps: 1667102	Episode: 1400/1384	Avg reward: 7.85	Avg steps: 1862
2020-07-17 04:52:21,995	INFO	Total steps: 1702019	Episode: 1420/1903	Avg reward: 9.65	Avg steps: 1744
2020-07-17 05:08:31,480	INFO	Total steps: 1735078	Episode: 1440/1751	Avg reward: 12.65	Avg steps: 1651
2020-07-17 05:24:04,932	INFO	Total steps: 1767129	Episode: 1460/1249	Avg reward: 10.25	Avg steps: 1601
2020-07-17 05:40:15,414	INFO	Total steps: 1800380	Episode: 1480/2027	Avg reward: 10.35	Avg steps: 1661
2020-07-17 05:56:52,426	INFO	Total steps: 1834216	Episode: 1500/1578	Avg reward: 10.70	Avg steps: 1690
2020-07-17 06:13:29,431	INFO	Total steps: 1867760	Episode: 1520/1286	Avg reward: 10.95	Avg steps: 1676
2020-07-17 06:29:36,568	INFO	Total steps: 1900390	Episode: 1540/1788	Avg reward: 11.65	Avg steps: 1630
2020-07-17 06:45:24,387	INFO	Total steps: 1932309	Episode: 1560/1618	Avg reward: 11.35	Avg steps: 1594
2020-07-17 07:01:46,368	INFO	Total steps: 1965304	Episode: 1580/1577	Avg reward: 12.15	Avg steps: 1648
2020-07-17 07:19:11,880	INFO	Total steps: 2000471	Episode: 1600/1731	Avg reward: 12.30	Avg steps: 1757
2020-07-17 07:34:39,653	INFO	Total steps: 2031595	Episode: 1620/1893	Avg reward: 13.70	Avg steps: 1555
2020-07-17 07:50:47,616	INFO	Total steps: 2064089	Episode: 1640/1973	Avg reward: 12.45	Avg steps: 1623
2020-07-17 08:06:08,997	INFO	Total steps: 2094924	Episode: 1660/1705	Avg reward: 13.25	Avg steps: 1540
2020-07-17 08:21:56,462	INFO	Total steps: 2126693	Episode: 1680/1718	Avg reward: 13.70	Avg steps: 1587
2020-07-17 08:37:15,059	INFO	Total steps: 2157496	Episode: 1700/1719	Avg reward: 13.40	Avg steps: 1539
2020-07-17 08:53:09,608	INFO	Total steps: 2189576	Episode: 1720/1520	Avg reward: 13.90	Avg steps: 1603
2020-07-17 09:08:57,430	INFO	Total steps: 2220950	Episode: 1740/1429	Avg reward: 14.60	Avg steps: 1567
2020-07-17 09:25:51,475	INFO	Total steps: 2254541	Episode: 1760/1968	Avg reward: 11.40	Avg steps: 1678
2020-07-17 09:41:26,131	INFO	Total steps: 2285678	Episode: 1780/1371	Avg reward: 14.55	Avg steps: 1555
2020-07-17 09:56:22,376	INFO	Total steps: 2315677	Episode: 1800/1405	Avg reward: 14.50	Avg steps: 1498
2020-07-17 10:12:21,477	INFO	Total steps: 2347656	Episode: 1820/1952	Avg reward: 14.45	Avg steps: 1597
2020-07-17 10:30:11,247	INFO	Total steps: 2383346	Episode: 1840/1689	Avg reward: 12.25	Avg steps: 1783
2020-07-17 10:44:51,059	INFO	Total steps: 2412761	Episode: 1860/1608	Avg reward: 15.60	Avg steps: 1469
2020-07-17 11:00:53,399	INFO	Total steps: 2444890	Episode: 1880/1874	Avg reward: 13.50	Avg steps: 1605
2020-07-17 11:17:08,042	INFO	Total steps: 2477381	Episode: 1900/2017	Avg reward: 13.75	Avg steps: 1623
2020-07-17 11:31:34,624	INFO	Total steps: 2506335	Episode: 1920/1894	Avg reward: 15.20	Avg steps: 1446
2020-07-17 11:46:39,066	INFO	Total steps: 2536444	Episode: 1940/1081	Avg reward: 15.50	Avg steps: 1504
2020-07-17 12:02:17,296	INFO	Total steps: 2567662	Episode: 1960/1457	Avg reward: 15.15	Avg steps: 1559
2020-07-17 12:18:03,051	INFO	Total steps: 2599253	Episode: 1980/1764	Avg reward: 14.10	Avg steps: 1578
2020-07-17 12:33:01,847	INFO	Total steps: 2629389	Episode: 2000/1473	Avg reward: 14.75	Avg steps: 1505
2020-07-17 12:47:04,674	INFO	Total steps: 2657521	Episode: 2020/1661	Avg reward: 15.60	Avg steps: 1405
2020-07-17 13:02:52,262	INFO	Total steps: 2689005	Episode: 2040/1075	Avg reward: 14.75	Avg steps: 1573
2020-07-17 13:19:07,880	INFO	Total steps: 2721365	Episode: 2060/1492	Avg reward: 15.20	Avg steps: 1617
2020-07-17 13:33:28,693	INFO	Total steps: 2749985	Episode: 2080/1560	Avg reward: 16.60	Avg steps: 1430
2020-07-17 13:49:23,528	INFO	Total steps: 2781674	Episode: 2100/1676	Avg reward: 15.85	Avg steps: 1583
2020-07-17 14:04:34,765	INFO	Total steps: 2811875	Episode: 2120/1693	Avg reward: 14.65	Avg steps: 1509
2020-07-17 14:20:09,019	INFO	Total steps: 2842990	Episode: 2140/1812	Avg reward: 15.30	Avg steps: 1554
2020-07-17 14:34:57,421	INFO	Total steps: 2872459	Episode: 2160/1239	Avg reward: 15.90	Avg steps: 1472
2020-07-17 14:49:28,575	INFO	Total steps: 2901545	Episode: 2180/1182	Avg reward: 16.35	Avg steps: 1453
2020-07-17 15:04:33,617	INFO	Total steps: 2931868	Episode: 2200/1723	Avg reward: 16.30	Avg steps: 1515
2020-07-17 15:19:15,515	INFO	Total steps: 2961371	Episode: 2220/1404	Avg reward: 15.90	Avg steps: 1474
2020-07-17 15:33:27,044	INFO	Total steps: 2989760	Episode: 2240/1599	Avg reward: 16.45	Avg steps: 1418
2020-07-17 15:48:18,955	INFO	Total steps: 3019414	Episode: 2260/1842	Avg reward: 16.25	Avg steps: 1481
2020-07-17 16:01:46,298	INFO	Total steps: 3046251	Episode: 2280/1404	Avg reward: 17.35	Avg steps: 1340
2020-07-17 16:16:00,876	INFO	Total steps: 3074525	Episode: 2300/1289	Avg reward: 16.35	Avg steps: 1412
2020-07-17 16:30:23,419	INFO	Total steps: 3103166	Episode: 2320/1089	Avg reward: 16.15	Avg steps: 1431
2020-07-17 16:44:13,655	INFO	Total steps: 3130805	Episode: 2340/1300	Avg reward: 16.60	Avg steps: 1380
2020-07-17 16:58:21,661	INFO	Total steps: 3158953	Episode: 2360/1296	Avg reward: 17.10	Avg steps: 1406
2020-07-17 17:12:44,175	INFO	Total steps: 3187363	Episode: 2380/1416	Avg reward: 17.30	Avg steps: 1419
2020-07-17 17:26:47,303	INFO	Total steps: 3215442	Episode: 2400/1478	Avg reward: 16.85	Avg steps: 1402
2020-07-17 17:41:39,964	INFO	Total steps: 3245066	Episode: 2420/1610	Avg reward: 16.25	Avg steps: 1480
2020-07-17 17:56:16,321	INFO	Total steps: 3274375	Episode: 2440/1503	Avg reward: 16.75	Avg steps: 1464
2020-07-17 18:10:55,012	INFO	Total steps: 3303693	Episode: 2460/1223	Avg reward: 16.40	Avg steps: 1464
2020-07-17 18:24:50,194	INFO	Total steps: 3331518	Episode: 2480/1658	Avg reward: 17.70	Avg steps: 1390
2020-07-17 18:39:16,414	INFO	Total steps: 3360418	Episode: 2500/1403	Avg reward: 16.20	Avg steps: 1444
2020-07-17 18:54:23,597	INFO	Total steps: 3390376	Episode: 2520/1469	Avg reward: 17.05	Avg steps: 1496
2020-07-17 19:08:04,405	INFO	Total steps: 3418078	Episode: 2540/1419	Avg reward: 18.05	Avg steps: 1384
2020-07-17 19:21:57,432	INFO	Total steps: 3446166	Episode: 2560/1488	Avg reward: 17.95	Avg steps: 1403
2020-07-17 19:35:34,104	INFO	Total steps: 3473808	Episode: 2580/1830	Avg reward: 17.15	Avg steps: 1381
2020-07-17 19:49:28,751	INFO	Total steps: 3502118	Episode: 2600/1416	Avg reward: 18.30	Avg steps: 1414
2020-07-17 20:02:13,989	INFO	Total steps: 3528089	Episode: 2620/1338	Avg reward: 17.90	Avg steps: 1297
2020-07-17 20:16:02,796	INFO	Total steps: 3556281	Episode: 2640/1220	Avg reward: 17.45	Avg steps: 1408
2020-07-17 20:29:26,175	INFO	Total steps: 3583603	Episode: 2660/1103	Avg reward: 17.85	Avg steps: 1365
2020-07-17 20:43:43,064	INFO	Total steps: 3612475	Episode: 2680/1531	Avg reward: 17.50	Avg steps: 1442
2020-07-17 20:57:14,666	INFO	Total steps: 3639543	Episode: 2700/1432	Avg reward: 18.05	Avg steps: 1352
2020-07-17 21:10:02,040	INFO	Total steps: 3665276	Episode: 2720/997	Avg reward: 18.15	Avg steps: 1285
2020-07-17 21:24:14,472	INFO	Total steps: 3694107	Episode: 2740/1198	Avg reward: 18.05	Avg steps: 1440
2020-07-17 21:38:07,516	INFO	Total steps: 3722692	Episode: 2760/1367	Avg reward: 17.95	Avg steps: 1428
2020-07-17 21:50:44,668	INFO	Total steps: 3748524	Episode: 2780/1403	Avg reward: 18.35	Avg steps: 1290
2020-07-17 22:04:19,138	INFO	Total steps: 3776042	Episode: 2800/1552	Avg reward: 18.25	Avg steps: 1374
2020-07-17 22:17:24,580	INFO	Total steps: 3802511	Episode: 2820/1151	Avg reward: 18.70	Avg steps: 1322
2020-07-17 22:30:31,845	INFO	Total steps: 3828703	Episode: 2840/1360	Avg reward: 18.20	Avg steps: 1308
2020-07-17 22:44:06,612	INFO	Total steps: 3855985	Episode: 2860/1184	Avg reward: 17.60	Avg steps: 1363
2020-07-17 22:57:17,611	INFO	Total steps: 3882808	Episode: 2880/1138	Avg reward: 17.90	Avg steps: 1340
2020-07-17 23:10:30,620	INFO	Total steps: 3909849	Episode: 2900/1220	Avg reward: 17.65	Avg steps: 1351
2020-07-17 23:24:04,920	INFO	Total steps: 3937508	Episode: 2920/1298	Avg reward: 18.50	Avg steps: 1381
2020-07-17 23:37:43,805	INFO	Total steps: 3965087	Episode: 2940/1438	Avg reward: 17.90	Avg steps: 1377
2020-07-17 23:51:45,682	INFO	Total steps: 3993312	Episode: 2960/1561	Avg reward: 18.30	Avg steps: 1410
2020-07-18 00:06:03,891	INFO	Total steps: 4022210	Episode: 2980/1637	Avg reward: 17.65	Avg steps: 1443
2020-07-18 00:20:19,185	INFO	Total steps: 4051130	Episode: 3000/1316	Avg reward: 17.65	Avg steps: 1445
2020-07-18 00:34:41,172	INFO	Total steps: 4080137	Episode: 3020/1543	Avg reward: 18.30	Avg steps: 1449
2020-07-18 00:48:20,321	INFO	Total steps: 4107645	Episode: 3040/1638	Avg reward: 18.60	Avg steps: 1374
2020-07-18 01:01:11,406	INFO	Total steps: 4133749	Episode: 3060/1057	Avg reward: 18.50	Avg steps: 1304
2020-07-18 01:13:49,653	INFO	Total steps: 4159080	Episode: 3080/1198	Avg reward: 18.80	Avg steps: 1265
2020-07-18 01:27:25,238	INFO	Total steps: 4186219	Episode: 3100/1350	Avg reward: 18.75	Avg steps: 1355
2020-07-18 01:40:21,399	INFO	Total steps: 4212223	Episode: 3120/1434	Avg reward: 18.65	Avg steps: 1299
2020-07-18 01:53:44,444	INFO	Total steps: 4239185	Episode: 3140/1662	Avg reward: 18.25	Avg steps: 1347
2020-07-18 02:06:54,815	INFO	Total steps: 4265724	Episode: 3160/1347	Avg reward: 17.80	Avg steps: 1325
2020-07-18 02:19:44,793	INFO	Total steps: 4291523	Episode: 3180/1196	Avg reward: 18.10	Avg steps: 1288
2020-07-18 02:33:07,621	INFO	Total steps: 4318447	Episode: 3200/1457	Avg reward: 19.00	Avg steps: 1345
2020-07-18 02:46:38,147	INFO	Total steps: 4345301	Episode: 3220/1060	Avg reward: 18.75	Avg steps: 1341
2020-07-18 02:59:31,531	INFO	Total steps: 4371192	Episode: 3240/1263	Avg reward: 18.45	Avg steps: 1293
2020-07-18 03:12:18,049	INFO	Total steps: 4396990	Episode: 3260/1074	Avg reward: 19.05	Avg steps: 1288
2020-07-18 03:25:30,031	INFO	Total steps: 4423602	Episode: 3280/1732	Avg reward: 18.60	Avg steps: 1329
2020-07-18 03:38:11,528	INFO	Total steps: 4449328	Episode: 3300/1043	Avg reward: 18.60	Avg steps: 1285
2020-07-18 03:50:56,288	INFO	Total steps: 4475069	Episode: 3320/1257	Avg reward: 18.95	Avg steps: 1286
2020-07-18 04:03:16,258	INFO	Total steps: 4500100	Episode: 3340/1359	Avg reward: 18.80	Avg steps: 1250
2020-07-18 04:15:48,034	INFO	Total steps: 4525798	Episode: 3360/1252	Avg reward: 18.90	Avg steps: 1283
2020-07-18 04:27:54,110	INFO	Total steps: 4550705	Episode: 3380/1429	Avg reward: 18.65	Avg steps: 1244
2020-07-18 04:40:38,384	INFO	Total steps: 4576676	Episode: 3400/1380	Avg reward: 19.00	Avg steps: 1297
2020-07-18 04:53:34,950	INFO	Total steps: 4602966	Episode: 3420/1247	Avg reward: 18.75	Avg steps: 1313
2020-07-18 05:05:41,622	INFO	Total steps: 4627670	Episode: 3440/1448	Avg reward: 18.95	Avg steps: 1234
2020-07-18 05:18:38,841	INFO	Total steps: 4654041	Episode: 3460/1136	Avg reward: 18.75	Avg steps: 1317
2020-07-18 05:31:59,235	INFO	Total steps: 4680860	Episode: 3480/1443	Avg reward: 18.45	Avg steps: 1339
2020-07-18 05:45:08,699	INFO	Total steps: 4707545	Episode: 3500/1424	Avg reward: 18.70	Avg steps: 1333
2020-07-18 05:58:29,006	INFO	Total steps: 4734558	Episode: 3520/1622	Avg reward: 18.95	Avg steps: 1349
2020-07-18 06:11:05,008	INFO	Total steps: 4760265	Episode: 3540/1194	Avg reward: 18.65	Avg steps: 1284
2020-07-18 06:23:55,901	INFO	Total steps: 4786654	Episode: 3560/1226	Avg reward: 19.15	Avg steps: 1318
2020-07-18 06:36:40,291	INFO	Total steps: 4812914	Episode: 3580/1630	Avg reward: 18.85	Avg steps: 1312
2020-07-18 06:49:40,221	INFO	Total steps: 4839759	Episode: 3600/1298	Avg reward: 18.05	Avg steps: 1341
2020-07-18 07:02:23,264	INFO	Total steps: 4866086	Episode: 3620/1071	Avg reward: 19.20	Avg steps: 1315
2020-07-18 07:14:54,679	INFO	Total steps: 4891988	Episode: 3640/1079	Avg reward: 19.10	Avg steps: 1294
2020-07-18 07:28:32,097	INFO	Total steps: 4919850	Episode: 3660/1401	Avg reward: 17.45	Avg steps: 1392
2020-07-18 07:41:43,614	INFO	Total steps: 4946794	Episode: 3680/1625	Avg reward: 18.25	Avg steps: 1346
2020-07-18 07:54:44,982	INFO	Total steps: 4973115	Episode: 3700/1560	Avg reward: 18.40	Avg steps: 1315
2020-07-18 08:08:10,438	INFO	Total steps: 5000310	Episode: 3720/1191	Avg reward: 18.25	Avg steps: 1358
2020-07-18 08:21:10,528	INFO	Total steps: 5026952	Episode: 3740/1231	Avg reward: 18.85	Avg steps: 1331
2020-07-18 08:34:10,154	INFO	Total steps: 5053586	Episode: 3760/1349	Avg reward: 18.75	Avg steps: 1330
2020-07-18 08:47:58,824	INFO	Total steps: 5082174	Episode: 3780/1474	Avg reward: 18.55	Avg steps: 1428
2020-07-18 09:01:01,852	INFO	Total steps: 5109075	Episode: 3800/1331	Avg reward: 18.30	Avg steps: 1344
2020-07-18 09:14:29,742	INFO	Total steps: 5136825	Episode: 3820/1824	Avg reward: 18.30	Avg steps: 1386
2020-07-18 09:27:12,433	INFO	Total steps: 5163071	Episode: 3840/1242	Avg reward: 18.85	Avg steps: 1311
2020-07-18 09:39:33,035	INFO	Total steps: 5188644	Episode: 3860/1027	Avg reward: 19.05	Avg steps: 1277
2020-07-18 09:51:55,949	INFO	Total steps: 5214459	Episode: 3880/1234	Avg reward: 18.20	Avg steps: 1289
2020-07-18 10:04:20,940	INFO	Total steps: 5240366	Episode: 3900/1132	Avg reward: 18.15	Avg steps: 1294
2020-07-18 10:17:54,821	INFO	Total steps: 5268448	Episode: 3920/1132	Avg reward: 17.70	Avg steps: 1403
2020-07-18 10:31:56,474	INFO	Total steps: 5297262	Episode: 3940/1422	Avg reward: 17.45	Avg steps: 1439
2020-07-18 10:45:09,150	INFO	Total steps: 5324809	Episode: 3960/1414	Avg reward: 17.65	Avg steps: 1376
2020-07-18 10:58:33,206	INFO	Total steps: 5352693	Episode: 3980/1014	Avg reward: 17.90	Avg steps: 1393
2020-07-18 11:11:43,299	INFO	Total steps: 5379816	Episode: 4000/1469	Avg reward: 18.70	Avg steps: 1355
2020-07-21 20:15:53,569	INFO	--width 160 --height 160 --ball 1.0 --ball-size 2.0 --snell 2.0 --snell-width 80.0 --snell-change 0.0 --snell-visible none --paddle-speed 1.0 --paddle-angle 60.0 --paddle-length 20.0 --update-prob 0.4 --state binary --learning-rate 0.0001 --network dqn_pong_model --render False --epsdecay 1000 --episodes 4000 --replay 10000 --batch-size 32 --checkpoint dqn_pong_model --history history.p --store-dir ../experiments/paddle_angle.60.0-update_prob.0.4-snell.2.0 
2020-07-21 20:15:53,607	INFO	Device: cuda
2020-07-21 20:20:02,570	INFO	Total steps: 10017	Episode: 20/329	Avg reward: -18.45	Avg steps: 499
2020-07-21 20:25:53,934	INFO	Total steps: 23197	Episode: 40/625	Avg reward: -16.95	Avg steps: 658
2020-07-21 20:31:01,720	INFO	Total steps: 34724	Episode: 60/324	Avg reward: -17.70	Avg steps: 575
2020-07-21 20:36:48,994	INFO	Total steps: 47709	Episode: 80/829	Avg reward: -17.60	Avg steps: 648
2020-07-21 20:41:56,191	INFO	Total steps: 59188	Episode: 100/555	Avg reward: -18.20	Avg steps: 572
2020-07-21 20:47:47,255	INFO	Total steps: 72235	Episode: 120/699	Avg reward: -17.00	Avg steps: 651
2020-07-21 20:54:01,821	INFO	Total steps: 86174	Episode: 140/739	Avg reward: -16.70	Avg steps: 695
2020-07-21 20:59:59,571	INFO	Total steps: 99466	Episode: 160/543	Avg reward: -17.30	Avg steps: 663
2020-07-21 21:05:41,801	INFO	Total steps: 112190	Episode: 180/524	Avg reward: -16.60	Avg steps: 635
2020-07-21 21:12:22,959	INFO	Total steps: 127114	Episode: 200/954	Avg reward: -16.25	Avg steps: 745
2020-07-21 21:19:16,141	INFO	Total steps: 142428	Episode: 220/897	Avg reward: -16.25	Avg steps: 764
2020-07-21 21:26:12,943	INFO	Total steps: 157883	Episode: 240/723	Avg reward: -16.20	Avg steps: 771
2020-07-21 21:34:03,888	INFO	Total steps: 175319	Episode: 260/857	Avg reward: -15.40	Avg steps: 870
2020-07-21 21:41:55,074	INFO	Total steps: 192742	Episode: 280/883	Avg reward: -14.95	Avg steps: 870
2020-07-21 21:48:56,083	INFO	Total steps: 208296	Episode: 300/1207	Avg reward: -15.30	Avg steps: 776
2020-07-21 21:57:17,100	INFO	Total steps: 226831	Episode: 320/1020	Avg reward: -14.00	Avg steps: 925
2020-07-21 22:06:49,637	INFO	Total steps: 247963	Episode: 340/1247	Avg reward: -14.35	Avg steps: 1055
2020-07-21 22:15:18,383	INFO	Total steps: 266703	Episode: 360/826	Avg reward: -14.85	Avg steps: 936
2020-07-21 22:25:00,674	INFO	Total steps: 288151	Episode: 380/1318	Avg reward: -13.45	Avg steps: 1071
2020-07-21 22:34:26,942	INFO	Total steps: 309012	Episode: 400/1298	Avg reward: -13.35	Avg steps: 1042
2020-07-21 22:43:18,317	INFO	Total steps: 328575	Episode: 420/1018	Avg reward: -13.85	Avg steps: 977
2020-07-21 22:52:41,719	INFO	Total steps: 349307	Episode: 440/1516	Avg reward: -13.70	Avg steps: 1035
2020-07-21 23:03:15,120	INFO	Total steps: 372619	Episode: 460/1011	Avg reward: -12.85	Avg steps: 1164
2020-07-21 23:11:58,424	INFO	Total steps: 391804	Episode: 480/1037	Avg reward: -14.25	Avg steps: 958
2020-07-21 23:21:16,272	INFO	Total steps: 412255	Episode: 500/1112	Avg reward: -13.75	Avg steps: 1021
2020-07-21 23:32:25,313	INFO	Total steps: 436748	Episode: 520/1430	Avg reward: -11.80	Avg steps: 1223
2020-07-21 23:44:49,329	INFO	Total steps: 464021	Episode: 540/1190	Avg reward: -11.25	Avg steps: 1362
2020-07-21 23:58:12,844	INFO	Total steps: 493428	Episode: 560/1295	Avg reward: -9.55	Avg steps: 1469
2020-07-22 00:10:34,782	INFO	Total steps: 520675	Episode: 580/1539	Avg reward: -11.70	Avg steps: 1361
2020-07-22 00:22:14,009	INFO	Total steps: 546451	Episode: 600/1921	Avg reward: -12.00	Avg steps: 1287
2020-07-22 00:35:59,359	INFO	Total steps: 576901	Episode: 620/1338	Avg reward: -9.35	Avg steps: 1521
2020-07-22 00:47:57,061	INFO	Total steps: 603321	Episode: 640/1287	Avg reward: -11.75	Avg steps: 1320
2020-07-22 01:00:56,073	INFO	Total steps: 631989	Episode: 660/1798	Avg reward: -9.80	Avg steps: 1432
2020-07-22 01:15:15,496	INFO	Total steps: 663584	Episode: 680/2308	Avg reward: -7.90	Avg steps: 1578
2020-07-22 01:28:19,108	INFO	Total steps: 692400	Episode: 700/1142	Avg reward: -8.80	Avg steps: 1439
2020-07-22 01:43:51,083	INFO	Total steps: 726690	Episode: 720/1583	Avg reward: -4.60	Avg steps: 1713
2020-07-22 01:57:30,053	INFO	Total steps: 756741	Episode: 740/1310	Avg reward: -9.25	Avg steps: 1501
2020-07-22 02:10:56,547	INFO	Total steps: 786347	Episode: 760/1947	Avg reward: -8.35	Avg steps: 1479
2020-07-22 02:25:24,823	INFO	Total steps: 818179	Episode: 780/1714	Avg reward: -8.60	Avg steps: 1590
2020-07-22 02:40:52,870	INFO	Total steps: 852176	Episode: 800/1598	Avg reward: -6.95	Avg steps: 1698
2020-07-22 02:54:07,410	INFO	Total steps: 881258	Episode: 820/960	Avg reward: -9.65	Avg steps: 1453
2020-07-22 03:08:10,616	INFO	Total steps: 912138	Episode: 840/1459	Avg reward: -7.25	Avg steps: 1543
2020-07-22 03:22:38,018	INFO	Total steps: 943854	Episode: 860/2505	Avg reward: -8.60	Avg steps: 1584
2020-07-22 03:37:22,762	INFO	Total steps: 976217	Episode: 880/1183	Avg reward: -7.85	Avg steps: 1617
2020-07-22 03:55:02,630	INFO	Total steps: 1014923	Episode: 900/1149	Avg reward: -4.05	Avg steps: 1934
2020-07-22 04:11:17,820	INFO	Total steps: 1050387	Episode: 920/1708	Avg reward: -6.65	Avg steps: 1772
2020-07-22 04:26:35,757	INFO	Total steps: 1083883	Episode: 940/1493	Avg reward: -6.65	Avg steps: 1673
2020-07-22 04:43:26,601	INFO	Total steps: 1120684	Episode: 960/1464	Avg reward: -4.30	Avg steps: 1839
2020-07-22 05:00:15,472	INFO	Total steps: 1157405	Episode: 980/2309	Avg reward: -4.90	Avg steps: 1835
2020-07-22 05:17:12,842	INFO	Total steps: 1194409	Episode: 1000/1679	Avg reward: -3.35	Avg steps: 1849
2020-07-22 05:34:02,417	INFO	Total steps: 1231141	Episode: 1020/1972	Avg reward: -4.35	Avg steps: 1835
2020-07-22 05:51:06,598	INFO	Total steps: 1268332	Episode: 1040/2339	Avg reward: -4.05	Avg steps: 1858
2020-07-22 06:08:21,605	INFO	Total steps: 1305967	Episode: 1060/1746	Avg reward: -3.35	Avg steps: 1880
2020-07-22 06:23:11,544	INFO	Total steps: 1338284	Episode: 1080/1772	Avg reward: -5.35	Avg steps: 1614
2020-07-22 06:39:38,896	INFO	Total steps: 1374100	Episode: 1100/1731	Avg reward: -3.85	Avg steps: 1789
2020-07-22 06:56:38,697	INFO	Total steps: 1410895	Episode: 1120/1675	Avg reward: -6.15	Avg steps: 1838
2020-07-22 07:13:40,130	INFO	Total steps: 1447936	Episode: 1140/1698	Avg reward: -1.45	Avg steps: 1851
2020-07-22 07:29:38,695	INFO	Total steps: 1482636	Episode: 1160/1875	Avg reward: -4.10	Avg steps: 1734
2020-07-22 07:47:21,261	INFO	Total steps: 1521088	Episode: 1180/1612	Avg reward: -2.20	Avg steps: 1921
2020-07-22 08:03:46,498	INFO	Total steps: 1556743	Episode: 1200/1345	Avg reward: -3.70	Avg steps: 1781
2020-07-22 08:21:55,168	INFO	Total steps: 1596128	Episode: 1220/2331	Avg reward: -1.00	Avg steps: 1968
2020-07-22 08:38:23,293	INFO	Total steps: 1631861	Episode: 1240/1936	Avg reward: -3.20	Avg steps: 1785
2020-07-22 08:56:21,143	INFO	Total steps: 1670820	Episode: 1260/1845	Avg reward: 1.20	Avg steps: 1946
2020-07-22 09:14:05,289	INFO	Total steps: 1709231	Episode: 1280/1980	Avg reward: 1.95	Avg steps: 1919
2020-07-22 09:31:26,178	INFO	Total steps: 1746782	Episode: 1300/2122	Avg reward: -0.25	Avg steps: 1876
2020-07-22 09:49:28,966	INFO	Total steps: 1785870	Episode: 1320/1234	Avg reward: 4.25	Avg steps: 1953
2020-07-22 10:07:54,223	INFO	Total steps: 1826004	Episode: 1340/2623	Avg reward: 2.15	Avg steps: 2005
2020-07-22 10:27:45,753	INFO	Total steps: 1869339	Episode: 1360/2045	Avg reward: 2.70	Avg steps: 2165
2020-07-22 10:46:48,489	INFO	Total steps: 1910731	Episode: 1380/2451	Avg reward: 4.35	Avg steps: 2068
2020-07-22 11:05:17,205	INFO	Total steps: 1950820	Episode: 1400/1958	Avg reward: 4.90	Avg steps: 2003
2020-07-22 11:22:11,339	INFO	Total steps: 1987508	Episode: 1420/2045	Avg reward: 4.60	Avg steps: 1833
2020-07-22 11:39:19,522	INFO	Total steps: 2024659	Episode: 1440/1456	Avg reward: 6.75	Avg steps: 1856
2020-07-22 11:58:58,452	INFO	Total steps: 2066951	Episode: 1460/2287	Avg reward: 3.60	Avg steps: 2113
2020-07-22 12:17:59,000	INFO	Total steps: 2107847	Episode: 1480/2138	Avg reward: 5.35	Avg steps: 2043
2020-07-22 12:36:24,829	INFO	Total steps: 2147525	Episode: 1500/1868	Avg reward: 6.20	Avg steps: 1982
2020-07-22 12:55:47,842	INFO	Total steps: 2189074	Episode: 1520/2632	Avg reward: 7.50	Avg steps: 2076
2020-07-22 13:13:23,222	INFO	Total steps: 2226862	Episode: 1540/1687	Avg reward: 8.05	Avg steps: 1888
2020-07-22 13:31:25,807	INFO	Total steps: 2265474	Episode: 1560/1808	Avg reward: 10.50	Avg steps: 1929
2020-07-22 13:50:31,942	INFO	Total steps: 2306317	Episode: 1580/2474	Avg reward: 9.15	Avg steps: 2041
2020-07-22 14:07:32,071	INFO	Total steps: 2342727	Episode: 1600/1671	Avg reward: 9.60	Avg steps: 1819
2020-07-22 14:26:43,860	INFO	Total steps: 2383877	Episode: 1620/2310	Avg reward: 8.05	Avg steps: 2056
2020-07-22 14:45:10,758	INFO	Total steps: 2423475	Episode: 1640/2484	Avg reward: 7.70	Avg steps: 1978
2020-07-22 15:02:59,168	INFO	Total steps: 2461653	Episode: 1660/1691	Avg reward: 9.45	Avg steps: 1907
2020-07-22 15:21:37,684	INFO	Total steps: 2501620	Episode: 1680/2135	Avg reward: 10.40	Avg steps: 1997
2020-07-22 15:39:16,074	INFO	Total steps: 2539525	Episode: 1700/1491	Avg reward: 11.80	Avg steps: 1894
2020-07-22 15:56:36,985	INFO	Total steps: 2576789	Episode: 1720/2011	Avg reward: 11.70	Avg steps: 1862
2020-07-22 16:16:07,659	INFO	Total steps: 2618650	Episode: 1740/2278	Avg reward: 8.60	Avg steps: 2092
2020-07-22 16:35:22,839	INFO	Total steps: 2659937	Episode: 1760/1941	Avg reward: 8.40	Avg steps: 2063
2020-07-22 16:53:10,198	INFO	Total steps: 2698054	Episode: 1780/2250	Avg reward: 10.60	Avg steps: 1904
2020-07-22 17:09:24,080	INFO	Total steps: 2732923	Episode: 1800/1963	Avg reward: 14.00	Avg steps: 1742
2020-07-22 17:26:59,635	INFO	Total steps: 2770811	Episode: 1820/1911	Avg reward: 10.85	Avg steps: 1893
2020-07-22 17:44:24,779	INFO	Total steps: 2808325	Episode: 1840/1562	Avg reward: 12.00	Avg steps: 1874
2020-07-22 17:49:06,903	INFO	--width 160 --height 160 --ball 1.0 --ball-size 2.0 --snell 2.0 --snell-width 80.0 --snell-change 0.0 --snell-visible none --paddle-speed 1.0 --paddle-angle 60.0 --paddle-length 20.0 --update-prob 0.4 --state binary --learning-rate 0.0001 --network dqn_pong_model --render False --epsdecay 1000 --episodes 4000 --replay 10000 --batch-size 32 --checkpoint dqn_pong_model --history history.p --store-dir ../experiments/paddle_angle.60.0-update_prob.0.4-snell.2.0 
2020-07-22 17:49:06,965	INFO	Device: cuda
2020-07-22 17:55:26,098	INFO	Total steps: 10442	Episode: 20/454	Avg reward: -18.10	Avg steps: 521
2020-07-22 18:02:27,588	INFO	Total steps: 21252	Episode: 40/429	Avg reward: -18.00	Avg steps: 539
2020-07-22 18:09:55,667	INFO	Total steps: 32937	Episode: 60/496	Avg reward: -18.05	Avg steps: 583
2020-07-22 18:17:37,776	INFO	Total steps: 44938	Episode: 80/571	Avg reward: -17.85	Avg steps: 599
2020-07-22 18:25:10,381	INFO	Total steps: 56740	Episode: 100/469	Avg reward: -17.95	Avg steps: 589
2020-07-22 18:34:57,054	INFO	Total steps: 70741	Episode: 120/862	Avg reward: -16.70	Avg steps: 699
2020-07-22 18:44:30,250	INFO	Total steps: 84683	Episode: 140/628	Avg reward: -17.50	Avg steps: 696
2020-07-22 18:52:56,247	INFO	Total steps: 96717	Episode: 160/512	Avg reward: -17.45	Avg steps: 600
2020-07-22 19:03:12,382	INFO	Total steps: 111527	Episode: 180/729	Avg reward: -16.45	Avg steps: 739
2020-07-22 19:13:08,331	INFO	Total steps: 125975	Episode: 200/851	Avg reward: -16.55	Avg steps: 721
2020-07-22 19:24:01,657	INFO	Total steps: 141559	Episode: 220/818	Avg reward: -16.35	Avg steps: 778
2020-07-22 19:34:21,482	INFO	Total steps: 156429	Episode: 240/654	Avg reward: -16.80	Avg steps: 742
2020-07-22 19:47:07,467	INFO	Total steps: 174834	Episode: 260/775	Avg reward: -14.60	Avg steps: 919
2020-07-22 19:59:29,815	INFO	Total steps: 192410	Episode: 280/620	Avg reward: -15.85	Avg steps: 877
2020-07-22 20:11:19,402	INFO	Total steps: 209088	Episode: 300/812	Avg reward: -16.05	Avg steps: 832
2020-07-22 20:23:53,628	INFO	Total steps: 226677	Episode: 320/617	Avg reward: -15.75	Avg steps: 878
2020-07-22 20:35:08,313	INFO	Total steps: 242749	Episode: 340/519	Avg reward: -16.20	Avg steps: 802
2020-07-22 20:47:44,795	INFO	Total steps: 261339	Episode: 360/1003	Avg reward: -14.15	Avg steps: 928
2020-07-22 21:00:38,672	INFO	Total steps: 280676	Episode: 380/1040	Avg reward: -14.40	Avg steps: 965
2020-07-22 21:13:09,072	INFO	Total steps: 299389	Episode: 400/755	Avg reward: -14.60	Avg steps: 934
2020-07-22 21:24:59,608	INFO	Total steps: 318313	Episode: 420/752	Avg reward: -15.55	Avg steps: 945
2020-07-22 21:38:11,558	INFO	Total steps: 338609	Episode: 440/990	Avg reward: -14.00	Avg steps: 1013
2020-07-22 21:53:59,559	INFO	Total steps: 362530	Episode: 460/1489	Avg reward: -11.85	Avg steps: 1195
2020-07-22 22:08:43,497	INFO	Total steps: 384605	Episode: 480/990	Avg reward: -13.65	Avg steps: 1102
2020-07-22 22:23:50,735	INFO	Total steps: 406987	Episode: 500/1355	Avg reward: -13.10	Avg steps: 1118
2020-07-22 22:39:59,548	INFO	Total steps: 431243	Episode: 520/856	Avg reward: -11.55	Avg steps: 1211
2020-07-22 22:56:43,341	INFO	Total steps: 457378	Episode: 540/1233	Avg reward: -12.55	Avg steps: 1305
2020-07-22 23:16:44,931	INFO	Total steps: 488285	Episode: 560/1846	Avg reward: -8.90	Avg steps: 1544
2020-07-22 23:33:25,097	INFO	Total steps: 513571	Episode: 580/1040	Avg reward: -12.10	Avg steps: 1263
2020-07-22 23:50:46,814	INFO	Total steps: 539833	Episode: 600/1204	Avg reward: -11.45	Avg steps: 1312
2020-07-23 00:10:22,472	INFO	Total steps: 569009	Episode: 620/1697	Avg reward: -10.60	Avg steps: 1457
2020-07-23 00:27:15,123	INFO	Total steps: 594703	Episode: 640/1528	Avg reward: -10.55	Avg steps: 1283
2020-07-23 00:46:37,458	INFO	Total steps: 623342	Episode: 660/1716	Avg reward: -9.65	Avg steps: 1430
2020-07-23 01:05:28,282	INFO	Total steps: 651921	Episode: 680/949	Avg reward: -9.70	Avg steps: 1427
2020-07-23 01:25:59,863	INFO	Total steps: 683190	Episode: 700/1276	Avg reward: -8.40	Avg steps: 1562
2020-07-23 01:46:50,688	INFO	Total steps: 714831	Episode: 720/1903	Avg reward: -9.65	Avg steps: 1581
2020-07-23 02:09:48,038	INFO	Total steps: 748944	Episode: 740/2014	Avg reward: -6.35	Avg steps: 1704
2020-07-23 02:27:44,662	INFO	Total steps: 776838	Episode: 760/1435	Avg reward: -10.15	Avg steps: 1393
2020-07-23 02:48:15,236	INFO	Total steps: 807722	Episode: 780/1391	Avg reward: -8.25	Avg steps: 1543
2020-07-23 03:08:32,219	INFO	Total steps: 838422	Episode: 800/1036	Avg reward: -9.50	Avg steps: 1534
2020-07-23 03:32:55,910	INFO	Total steps: 875068	Episode: 820/1699	Avg reward: -5.95	Avg steps: 1831
2020-07-23 03:55:04,214	INFO	Total steps: 908090	Episode: 840/1747	Avg reward: -7.15	Avg steps: 1650
2020-07-23 04:20:21,355	INFO	Total steps: 946212	Episode: 860/1560	Avg reward: -4.25	Avg steps: 1905
2020-07-23 04:45:10,096	INFO	Total steps: 984594	Episode: 880/1604	Avg reward: -6.20	Avg steps: 1918
2020-07-23 05:06:25,627	INFO	Total steps: 1017432	Episode: 900/1626	Avg reward: -6.05	Avg steps: 1640
2020-07-23 05:28:57,507	INFO	Total steps: 1051888	Episode: 920/1900	Avg reward: -5.30	Avg steps: 1721
2020-07-23 05:55:55,260	INFO	Total steps: 1093841	Episode: 940/2479	Avg reward: 0.65	Avg steps: 2096
2020-07-23 06:22:21,209	INFO	Total steps: 1135049	Episode: 960/1482	Avg reward: -1.45	Avg steps: 2059
2020-07-23 06:46:14,550	INFO	Total steps: 1172629	Episode: 980/2130	Avg reward: -0.75	Avg steps: 1878
2020-07-23 07:11:35,318	INFO	Total steps: 1212201	Episode: 1000/1201	Avg reward: -1.45	Avg steps: 1977
2020-07-23 07:38:27,836	INFO	Total steps: 1254022	Episode: 1020/2252	Avg reward: -0.45	Avg steps: 2090
2020-07-23 08:04:18,630	INFO	Total steps: 1294916	Episode: 1040/2188	Avg reward: -1.60	Avg steps: 2043
2020-07-23 08:30:26,339	INFO	Total steps: 1335716	Episode: 1060/1847	Avg reward: -0.80	Avg steps: 2039
2020-07-23 08:57:18,334	INFO	Total steps: 1377279	Episode: 1080/2502	Avg reward: 0.40	Avg steps: 2077
2020-07-23 09:24:59,652	INFO	Total steps: 1419992	Episode: 1100/1920	Avg reward: 2.85	Avg steps: 2134
2020-07-23 09:51:46,815	INFO	Total steps: 1461553	Episode: 1120/1668	Avg reward: -1.35	Avg steps: 2077
2020-07-23 10:18:03,100	INFO	Total steps: 1501983	Episode: 1140/1648	Avg reward: -1.70	Avg steps: 2020
2020-07-23 10:44:41,620	INFO	Total steps: 1542508	Episode: 1160/2236	Avg reward: 0.40	Avg steps: 2025
2020-07-23 11:08:05,568	INFO	Total steps: 1578655	Episode: 1180/2012	Avg reward: -0.65	Avg steps: 1806
2020-07-23 11:36:12,709	INFO	Total steps: 1622144	Episode: 1200/1564	Avg reward: -0.30	Avg steps: 2173
2020-07-23 12:02:07,036	INFO	Total steps: 1662389	Episode: 1220/2055	Avg reward: 3.10	Avg steps: 2011
2020-07-23 12:30:30,681	INFO	Total steps: 1705867	Episode: 1240/2884	Avg reward: 3.25	Avg steps: 2172
2020-07-23 12:58:18,120	INFO	Total steps: 1748137	Episode: 1260/1693	Avg reward: 1.85	Avg steps: 2112
2020-07-23 13:26:53,921	INFO	Total steps: 1791506	Episode: 1280/1987	Avg reward: 4.75	Avg steps: 2167
2020-07-23 13:54:34,402	INFO	Total steps: 1834204	Episode: 1300/1502	Avg reward: 3.20	Avg steps: 2133
2020-07-23 14:25:00,206	INFO	Total steps: 1880223	Episode: 1320/2196	Avg reward: 4.10	Avg steps: 2299
2020-07-23 14:52:24,708	INFO	Total steps: 1921543	Episode: 1340/1907	Avg reward: 5.40	Avg steps: 2065
2020-07-23 15:20:14,766	INFO	Total steps: 1963883	Episode: 1360/2392	Avg reward: 4.85	Avg steps: 2116
2020-07-23 15:49:03,043	INFO	Total steps: 2007475	Episode: 1380/2331	Avg reward: 4.95	Avg steps: 2178
2020-07-23 16:18:57,035	INFO	Total steps: 2051446	Episode: 1400/2538	Avg reward: 6.30	Avg steps: 2197
2020-07-23 16:47:26,513	INFO	Total steps: 2094972	Episode: 1420/2259	Avg reward: 5.65	Avg steps: 2175
2020-07-23 17:14:21,202	INFO	Total steps: 2135777	Episode: 1440/1859	Avg reward: 3.40	Avg steps: 2039
2020-07-23 17:42:08,810	INFO	Total steps: 2178197	Episode: 1460/2510	Avg reward: 6.30	Avg steps: 2120
2020-07-23 18:10:18,816	INFO	Total steps: 2220580	Episode: 1480/1833	Avg reward: 4.25	Avg steps: 2118
2020-07-23 18:36:32,522	INFO	Total steps: 2261147	Episode: 1500/2403	Avg reward: 4.45	Avg steps: 2027
2020-07-23 19:02:28,466	INFO	Total steps: 2301072	Episode: 1520/1941	Avg reward: 4.65	Avg steps: 1995
2020-07-23 19:29:37,767	INFO	Total steps: 2342525	Episode: 1540/1880	Avg reward: 6.00	Avg steps: 2071
2020-07-23 19:56:26,668	INFO	Total steps: 2381914	Episode: 1560/1830	Avg reward: 6.35	Avg steps: 1968
2020-07-23 20:22:26,162	INFO	Total steps: 2421509	Episode: 1580/1610	Avg reward: 7.40	Avg steps: 1978
2020-07-23 20:50:01,732	INFO	Total steps: 2461907	Episode: 1600/2140	Avg reward: 7.25	Avg steps: 2018
2020-07-23 21:16:02,492	INFO	Total steps: 2501211	Episode: 1620/1799	Avg reward: 9.50	Avg steps: 1964
2020-07-23 21:42:33,363	INFO	Total steps: 2541234	Episode: 1640/1913	Avg reward: 8.35	Avg steps: 2000
2020-07-23 22:09:43,479	INFO	Total steps: 2582889	Episode: 1660/1787	Avg reward: 7.70	Avg steps: 2081
2020-07-23 22:35:14,379	INFO	Total steps: 2622198	Episode: 1680/1373	Avg reward: 7.80	Avg steps: 1964
2020-07-23 23:00:45,006	INFO	Total steps: 2661139	Episode: 1700/2038	Avg reward: 10.40	Avg steps: 1946
2020-07-23 23:25:45,515	INFO	Total steps: 2698657	Episode: 1720/2008	Avg reward: 12.35	Avg steps: 1874
2020-07-23 23:51:55,491	INFO	Total steps: 2737918	Episode: 1740/1920	Avg reward: 9.25	Avg steps: 1962
2020-07-24 00:15:07,943	INFO	Total steps: 2773378	Episode: 1760/1399	Avg reward: 11.50	Avg steps: 1772
2020-07-24 00:39:59,082	INFO	Total steps: 2811735	Episode: 1780/2111	Avg reward: 10.30	Avg steps: 1916
2020-07-24 01:04:39,667	INFO	Total steps: 2847388	Episode: 1800/2038	Avg reward: 11.05	Avg steps: 1781
2020-07-24 01:30:55,932	INFO	Total steps: 2883746	Episode: 1820/1824	Avg reward: 13.25	Avg steps: 1816
2020-07-24 01:56:47,591	INFO	Total steps: 2920004	Episode: 1840/1943	Avg reward: 12.65	Avg steps: 1811
2020-07-24 02:24:15,899	INFO	Total steps: 2958559	Episode: 1860/1497	Avg reward: 11.40	Avg steps: 1926
2020-07-24 02:49:07,789	INFO	Total steps: 2994017	Episode: 1880/2090	Avg reward: 12.70	Avg steps: 1771
2020-07-24 03:15:29,108	INFO	Total steps: 3031086	Episode: 1900/1612	Avg reward: 12.30	Avg steps: 1852
2020-07-24 03:42:10,733	INFO	Total steps: 3068658	Episode: 1920/2284	Avg reward: 11.05	Avg steps: 1877
2020-07-24 04:09:16,213	INFO	Total steps: 3107269	Episode: 1940/3163	Avg reward: 10.05	Avg steps: 1929
2020-07-24 04:35:53,028	INFO	Total steps: 3145235	Episode: 1960/1491	Avg reward: 10.40	Avg steps: 1897
2020-07-24 05:01:31,466	INFO	Total steps: 3185857	Episode: 1980/2588	Avg reward: 9.70	Avg steps: 2030
2020-07-24 05:25:04,900	INFO	Total steps: 3225118	Episode: 2000/1620	Avg reward: 12.75	Avg steps: 1962
2020-07-24 05:48:26,270	INFO	Total steps: 3263529	Episode: 2020/1828	Avg reward: 12.25	Avg steps: 1919
2020-07-24 06:11:27,892	INFO	Total steps: 3301173	Episode: 2040/1733	Avg reward: 11.65	Avg steps: 1881
2020-07-24 06:37:25,597	INFO	Total steps: 3342352	Episode: 2060/1995	Avg reward: 10.00	Avg steps: 2057
2020-07-24 07:04:00,956	INFO	Total steps: 3384625	Episode: 2080/1819	Avg reward: 8.60	Avg steps: 2112
2020-07-24 07:26:12,986	INFO	Total steps: 3420217	Episode: 2100/1757	Avg reward: 11.50	Avg steps: 1778
2020-07-24 07:49:10,075	INFO	Total steps: 3457422	Episode: 2120/1537	Avg reward: 11.80	Avg steps: 1859
2020-07-24 08:12:58,438	INFO	Total steps: 3496347	Episode: 2140/1457	Avg reward: 12.35	Avg steps: 1945
2020-07-24 08:34:03,338	INFO	Total steps: 3531012	Episode: 2160/1765	Avg reward: 15.00	Avg steps: 1732
2020-07-24 08:57:54,465	INFO	Total steps: 3570130	Episode: 2180/2123	Avg reward: 11.90	Avg steps: 1954
2020-07-24 09:21:01,396	INFO	Total steps: 3608158	Episode: 2200/1737	Avg reward: 14.00	Avg steps: 1900
2020-07-24 09:44:56,976	INFO	Total steps: 3647160	Episode: 2220/2323	Avg reward: 14.30	Avg steps: 1949
2020-07-24 10:07:26,225	INFO	Total steps: 3683857	Episode: 2240/2124	Avg reward: 11.80	Avg steps: 1833
2020-07-24 10:29:41,439	INFO	Total steps: 3720235	Episode: 2260/1519	Avg reward: 12.80	Avg steps: 1817
2020-07-24 10:53:06,229	INFO	Total steps: 3758419	Episode: 2280/1543	Avg reward: 13.00	Avg steps: 1908
2020-07-24 11:15:43,559	INFO	Total steps: 3795292	Episode: 2300/1672	Avg reward: 9.05	Avg steps: 1842
2020-07-24 11:38:14,673	INFO	Total steps: 3831710	Episode: 2320/1469	Avg reward: 13.40	Avg steps: 1819
2020-07-24 12:02:13,565	INFO	Total steps: 3870754	Episode: 2340/2027	Avg reward: 13.60	Avg steps: 1951
2020-07-24 12:24:27,301	INFO	Total steps: 3907047	Episode: 2360/1779	Avg reward: 12.90	Avg steps: 1813
2020-07-24 12:47:35,922	INFO	Total steps: 3944213	Episode: 2380/1896	Avg reward: 11.40	Avg steps: 1857
2020-07-24 13:10:13,465	INFO	Total steps: 3979836	Episode: 2400/1666	Avg reward: 13.90	Avg steps: 1780
2020-07-24 13:33:14,098	INFO	Total steps: 4016662	Episode: 2420/1919	Avg reward: 14.85	Avg steps: 1840
2020-07-24 13:56:01,195	INFO	Total steps: 4052166	Episode: 2440/2056	Avg reward: 13.05	Avg steps: 1774
2020-07-24 14:19:49,749	INFO	Total steps: 4089986	Episode: 2460/1498	Avg reward: 10.70	Avg steps: 1890
2020-07-24 14:41:34,573	INFO	Total steps: 4124080	Episode: 2480/1719	Avg reward: 14.35	Avg steps: 1703
2020-07-24 15:03:02,572	INFO	Total steps: 4157680	Episode: 2500/1869	Avg reward: 13.10	Avg steps: 1679
2020-07-24 15:24:51,625	INFO	Total steps: 4192212	Episode: 2520/1413	Avg reward: 14.75	Avg steps: 1725
2020-07-24 15:45:40,058	INFO	Total steps: 4225380	Episode: 2540/1518	Avg reward: 14.00	Avg steps: 1657
2020-07-24 16:08:11,309	INFO	Total steps: 4261804	Episode: 2560/1758	Avg reward: 13.45	Avg steps: 1820
2020-07-24 16:31:37,942	INFO	Total steps: 4299366	Episode: 2580/1582	Avg reward: 12.25	Avg steps: 1877
2020-07-24 16:54:26,850	INFO	Total steps: 4335025	Episode: 2600/1519	Avg reward: 14.75	Avg steps: 1781
2020-07-24 17:19:13,620	INFO	Total steps: 4372418	Episode: 2620/1961	Avg reward: 13.25	Avg steps: 1868
2020-07-24 17:39:59,941	INFO	Total steps: 4404616	Episode: 2640/1874	Avg reward: 15.00	Avg steps: 1608
2020-07-24 18:01:56,936	INFO	Total steps: 4438426	Episode: 2660/1945	Avg reward: 14.55	Avg steps: 1689
2020-07-24 18:24:29,875	INFO	Total steps: 4473111	Episode: 2680/1617	Avg reward: 15.35	Avg steps: 1733
2020-07-24 18:48:10,429	INFO	Total steps: 4510074	Episode: 2700/2059	Avg reward: 13.55	Avg steps: 1847
2020-07-24 19:10:13,227	INFO	Total steps: 4544492	Episode: 2720/1487	Avg reward: 14.35	Avg steps: 1719
2020-07-24 19:31:03,995	INFO	Total steps: 4577176	Episode: 2740/1465	Avg reward: 15.60	Avg steps: 1633
2020-07-24 19:54:24,331	INFO	Total steps: 4613389	Episode: 2760/1851	Avg reward: 13.75	Avg steps: 1809
2020-07-24 20:16:24,623	INFO	Total steps: 4647524	Episode: 2780/1601	Avg reward: 13.45	Avg steps: 1705
2020-07-24 20:40:19,245	INFO	Total steps: 4684309	Episode: 2800/2106	Avg reward: 15.20	Avg steps: 1838
2020-07-24 21:01:49,253	INFO	Total steps: 4717537	Episode: 2820/1749	Avg reward: 15.65	Avg steps: 1660
2020-07-24 21:24:13,832	INFO	Total steps: 4751998	Episode: 2840/1915	Avg reward: 14.65	Avg steps: 1722
2020-07-24 21:46:14,142	INFO	Total steps: 4785496	Episode: 2860/1607	Avg reward: 15.50	Avg steps: 1673
2020-07-24 22:08:51,059	INFO	Total steps: 4819968	Episode: 2880/1424	Avg reward: 15.90	Avg steps: 1722
2020-07-24 22:30:54,192	INFO	Total steps: 4853954	Episode: 2900/2035	Avg reward: 13.40	Avg steps: 1698
2020-07-24 22:50:44,326	INFO	Total steps: 4885488	Episode: 2920/1787	Avg reward: 14.25	Avg steps: 1575
2020-07-24 23:12:42,492	INFO	Total steps: 4918790	Episode: 2940/1369	Avg reward: 15.50	Avg steps: 1664
2020-07-24 23:35:34,292	INFO	Total steps: 4953159	Episode: 2960/1763	Avg reward: 15.55	Avg steps: 1717
2020-07-24 23:58:34,234	INFO	Total steps: 4986434	Episode: 2980/1847	Avg reward: 15.00	Avg steps: 1662
2020-07-25 00:20:22,087	INFO	Total steps: 5019069	Episode: 3000/1404	Avg reward: 12.75	Avg steps: 1630
2020-07-25 00:42:04,747	INFO	Total steps: 5051417	Episode: 3020/1674	Avg reward: 15.55	Avg steps: 1616
2020-07-25 01:05:57,541	INFO	Total steps: 5086907	Episode: 3040/1681	Avg reward: 13.40	Avg steps: 1773
2020-07-25 01:30:54,984	INFO	Total steps: 5123052	Episode: 3060/1676	Avg reward: 13.75	Avg steps: 1806
2020-07-25 01:55:54,797	INFO	Total steps: 5159525	Episode: 3080/2063	Avg reward: 14.30	Avg steps: 1822
2020-07-25 02:17:03,617	INFO	Total steps: 5191155	Episode: 3100/436	Avg reward: 12.90	Avg steps: 1580
2020-07-25 02:38:51,106	INFO	Total steps: 5222168	Episode: 3120/1269	Avg reward: 16.40	Avg steps: 1549
2020-07-25 03:04:23,617	INFO	Total steps: 5260072	Episode: 3140/1629	Avg reward: 13.30	Avg steps: 1894
2020-07-25 03:28:34,490	INFO	Total steps: 5297206	Episode: 3160/1994	Avg reward: 14.20	Avg steps: 1855
2020-07-25 03:52:12,562	INFO	Total steps: 5333324	Episode: 3180/1570	Avg reward: 13.80	Avg steps: 1804
2020-07-25 04:16:34,398	INFO	Total steps: 5368215	Episode: 3200/1207	Avg reward: 14.60	Avg steps: 1743
2020-07-25 04:40:16,455	INFO	Total steps: 5401963	Episode: 3220/2007	Avg reward: 13.80	Avg steps: 1686
2020-07-25 05:05:30,285	INFO	Total steps: 5437889	Episode: 3240/1614	Avg reward: 14.40	Avg steps: 1795
2020-07-25 05:27:03,584	INFO	Total steps: 5470665	Episode: 3260/1240	Avg reward: 15.70	Avg steps: 1637
2020-07-25 05:47:06,017	INFO	Total steps: 5502078	Episode: 3280/2153	Avg reward: 13.80	Avg steps: 1569
2020-07-25 06:07:56,240	INFO	Total steps: 5534131	Episode: 3300/1713	Avg reward: 12.20	Avg steps: 1601
2020-07-25 06:30:58,984	INFO	Total steps: 5569646	Episode: 3320/1345	Avg reward: 15.95	Avg steps: 1774
2020-07-25 06:52:46,401	INFO	Total steps: 5604076	Episode: 3340/1924	Avg reward: 15.80	Avg steps: 1720
2020-07-25 07:16:33,420	INFO	Total steps: 5641117	Episode: 3360/2448	Avg reward: 15.95	Avg steps: 1851
2020-07-25 07:37:48,413	INFO	Total steps: 5673233	Episode: 3380/1390	Avg reward: 16.90	Avg steps: 1604
2020-07-25 07:59:51,157	INFO	Total steps: 5706252	Episode: 3400/1662	Avg reward: 15.40	Avg steps: 1649
2020-07-25 08:22:04,161	INFO	Total steps: 5739283	Episode: 3420/1512	Avg reward: 15.00	Avg steps: 1650
2020-07-25 08:42:02,347	INFO	Total steps: 5769204	Episode: 3440/1611	Avg reward: 17.00	Avg steps: 1495
2020-07-25 09:02:16,700	INFO	Total steps: 5800464	Episode: 3460/1818	Avg reward: 16.85	Avg steps: 1562
2020-07-25 09:21:31,528	INFO	Total steps: 5830335	Episode: 3480/1376	Avg reward: 13.90	Avg steps: 1492
2020-07-25 09:41:35,008	INFO	Total steps: 5861557	Episode: 3500/1671	Avg reward: 16.05	Avg steps: 1560
2020-07-25 10:01:12,613	INFO	Total steps: 5892201	Episode: 3520/1508	Avg reward: 15.90	Avg steps: 1531
2020-07-25 10:19:57,017	INFO	Total steps: 5921300	Episode: 3540/1795	Avg reward: 17.30	Avg steps: 1453
2020-07-25 10:41:43,248	INFO	Total steps: 5953898	Episode: 3560/1257	Avg reward: 15.15	Avg steps: 1628
2020-07-25 11:02:11,147	INFO	Total steps: 5984575	Episode: 3580/1620	Avg reward: 16.80	Avg steps: 1532
2020-07-25 11:22:42,318	INFO	Total steps: 6015145	Episode: 3600/1544	Avg reward: 16.70	Avg steps: 1527
2020-07-25 11:42:11,302	INFO	Total steps: 6044613	Episode: 3620/1508	Avg reward: 16.50	Avg steps: 1472
2020-07-25 12:03:01,634	INFO	Total steps: 6075737	Episode: 3640/1460	Avg reward: 17.15	Avg steps: 1555
2020-07-25 12:23:24,050	INFO	Total steps: 6106798	Episode: 3660/1198	Avg reward: 15.55	Avg steps: 1552
2020-07-25 12:42:54,006	INFO	Total steps: 6136283	Episode: 3680/1910	Avg reward: 16.30	Avg steps: 1473
2020-07-25 13:03:21,433	INFO	Total steps: 6167165	Episode: 3700/1579	Avg reward: 16.35	Avg steps: 1543
2020-07-25 13:23:13,578	INFO	Total steps: 6197369	Episode: 3720/1799	Avg reward: 16.70	Avg steps: 1509
2020-07-25 13:43:38,422	INFO	Total steps: 6228392	Episode: 3740/1897	Avg reward: 16.35	Avg steps: 1550
2020-07-25 14:04:37,208	INFO	Total steps: 6259493	Episode: 3760/1901	Avg reward: 17.05	Avg steps: 1554
2020-07-25 14:25:56,084	INFO	Total steps: 6291323	Episode: 3780/1590	Avg reward: 16.85	Avg steps: 1590
2020-07-25 14:46:35,003	INFO	Total steps: 6322566	Episode: 3800/1461	Avg reward: 17.25	Avg steps: 1561
2020-07-25 15:05:54,509	INFO	Total steps: 6351906	Episode: 3820/1421	Avg reward: 17.40	Avg steps: 1466
2020-07-25 15:25:03,401	INFO	Total steps: 6380798	Episode: 3840/1440	Avg reward: 15.00	Avg steps: 1443
2020-07-25 15:44:21,608	INFO	Total steps: 6409749	Episode: 3860/1275	Avg reward: 17.00	Avg steps: 1446
2020-07-25 16:04:26,353	INFO	Total steps: 6440128	Episode: 3880/1402	Avg reward: 17.10	Avg steps: 1517
2020-07-25 16:24:19,449	INFO	Total steps: 6470121	Episode: 3900/1638	Avg reward: 16.40	Avg steps: 1498
2020-07-25 16:43:58,064	INFO	Total steps: 6499721	Episode: 3920/1370	Avg reward: 16.70	Avg steps: 1479
2020-07-25 17:02:37,221	INFO	Total steps: 6527610	Episode: 3940/1092	Avg reward: 17.25	Avg steps: 1393
2020-07-25 17:22:24,972	INFO	Total steps: 6557254	Episode: 3960/1357	Avg reward: 16.60	Avg steps: 1481
2020-07-25 17:42:56,245	INFO	Total steps: 6588055	Episode: 3980/1973	Avg reward: 16.35	Avg steps: 1539
2020-07-25 18:02:54,765	INFO	Total steps: 6618371	Episode: 4000/1693	Avg reward: 17.20	Avg steps: 1514
