2020-07-14 20:49:20,846	INFO	--width 160 --height 160 --ball 1.0 --ball-size 2.0 --snell 1.0 --snell-width 80.0 --snell-change 0.0 --snell-visible none --paddle-speed 1.0 --paddle-angle 50.0 --paddle-length 20.0 --update-prob 0.5 --state binary --learning-rate 0.0001 --network dqn_pong_model --render False --epsdecay 1000 --episodes 4000 --replay 10000 --checkpoint dqn_pong_model --history history.p --store-dir ../experiments/paddle_angle.50.0-update_prob.0.5-snell.1.0 
2020-07-14 20:49:20,846	INFO	Device: cuda
2020-07-14 20:52:38,587	INFO	Total steps: 15046	Episode: 20/611	Avg reward: -19.85	Avg steps: 751
2020-07-14 20:59:02,418	INFO	Total steps: 29919	Episode: 40/697	Avg reward: -20.00	Avg steps: 742
2020-07-14 21:06:11,424	INFO	Total steps: 45971	Episode: 60/606	Avg reward: -20.00	Avg steps: 801
2020-07-14 21:12:47,467	INFO	Total steps: 61324	Episode: 80/760	Avg reward: -20.00	Avg steps: 766
2020-07-14 21:19:39,600	INFO	Total steps: 76817	Episode: 100/845	Avg reward: -20.00	Avg steps: 773
2020-07-14 21:26:30,421	INFO	Total steps: 91672	Episode: 120/1070	Avg reward: -20.00	Avg steps: 741
2020-07-14 21:33:31,617	INFO	Total steps: 107229	Episode: 140/837	Avg reward: -19.90	Avg steps: 776
2020-07-14 21:40:33,773	INFO	Total steps: 123829	Episode: 160/920	Avg reward: -20.00	Avg steps: 829
2020-07-14 21:47:12,351	INFO	Total steps: 139408	Episode: 180/914	Avg reward: -20.00	Avg steps: 777
2020-07-14 21:54:31,086	INFO	Total steps: 156547	Episode: 200/840	Avg reward: -19.95	Avg steps: 855
2020-07-14 22:02:47,474	INFO	Total steps: 175784	Episode: 220/853	Avg reward: -19.95	Avg steps: 960
2020-07-14 22:10:32,496	INFO	Total steps: 193675	Episode: 240/1310	Avg reward: -20.00	Avg steps: 893
2020-07-14 22:19:13,310	INFO	Total steps: 212786	Episode: 260/1074	Avg reward: -19.95	Avg steps: 954
2020-07-14 22:28:46,366	INFO	Total steps: 233139	Episode: 280/766	Avg reward: -19.90	Avg steps: 1016
2020-07-14 22:39:16,075	INFO	Total steps: 255497	Episode: 300/914	Avg reward: -20.00	Avg steps: 1116
2020-07-14 22:48:27,727	INFO	Total steps: 275213	Episode: 320/1063	Avg reward: -19.95	Avg steps: 984
2020-07-14 22:57:45,088	INFO	Total steps: 296510	Episode: 340/1078	Avg reward: -19.90	Avg steps: 1063
2020-07-14 23:05:51,742	INFO	Total steps: 315817	Episode: 360/846	Avg reward: -19.95	Avg steps: 964
2020-07-14 23:14:36,787	INFO	Total steps: 336572	Episode: 380/1145	Avg reward: -20.00	Avg steps: 1036
2020-07-14 23:24:19,510	INFO	Total steps: 357974	Episode: 400/990	Avg reward: -20.00	Avg steps: 1069
2020-07-14 23:33:30,189	INFO	Total steps: 378648	Episode: 420/914	Avg reward: -20.00	Avg steps: 1032
2020-07-14 23:42:34,827	INFO	Total steps: 399625	Episode: 440/1456	Avg reward: -19.95	Avg steps: 1047
2020-07-14 23:52:23,701	INFO	Total steps: 420544	Episode: 460/1158	Avg reward: -19.95	Avg steps: 1044
2020-07-15 00:03:32,675	INFO	Total steps: 444349	Episode: 480/919	Avg reward: -19.95	Avg steps: 1189
2020-07-15 00:13:43,085	INFO	Total steps: 466098	Episode: 500/1163	Avg reward: -19.95	Avg steps: 1086
2020-07-15 00:25:33,595	INFO	Total steps: 491547	Episode: 520/925	Avg reward: -20.00	Avg steps: 1271
2020-07-15 00:34:55,633	INFO	Total steps: 511551	Episode: 540/998	Avg reward: -20.00	Avg steps: 999
2020-07-15 00:46:03,432	INFO	Total steps: 534907	Episode: 560/1005	Avg reward: -19.95	Avg steps: 1166
2020-07-15 00:56:03,151	INFO	Total steps: 556046	Episode: 580/837	Avg reward: -19.95	Avg steps: 1055
2020-07-15 01:08:05,501	INFO	Total steps: 581402	Episode: 600/1462	Avg reward: -20.00	Avg steps: 1266
2020-07-15 01:19:33,885	INFO	Total steps: 605282	Episode: 620/1465	Avg reward: -20.00	Avg steps: 1193
2020-07-15 01:33:28,835	INFO	Total steps: 634068	Episode: 640/1385	Avg reward: -19.90	Avg steps: 1438
2020-07-15 01:46:20,341	INFO	Total steps: 660804	Episode: 660/2247	Avg reward: -19.95	Avg steps: 1335
2020-07-15 01:59:27,007	INFO	Total steps: 688023	Episode: 680/1786	Avg reward: -19.95	Avg steps: 1359
2020-07-15 02:13:35,832	INFO	Total steps: 717075	Episode: 700/457	Avg reward: -19.80	Avg steps: 1451
2020-07-15 02:26:45,444	INFO	Total steps: 744461	Episode: 720/1607	Avg reward: -19.95	Avg steps: 1368
2020-07-15 02:41:00,502	INFO	Total steps: 774084	Episode: 740/1162	Avg reward: -19.95	Avg steps: 1480
2020-07-15 02:53:04,849	INFO	Total steps: 799093	Episode: 760/991	Avg reward: -19.90	Avg steps: 1249
2020-07-15 03:05:24,931	INFO	Total steps: 824509	Episode: 780/1318	Avg reward: -19.95	Avg steps: 1269
2020-07-15 03:19:03,111	INFO	Total steps: 852376	Episode: 800/1929	Avg reward: -19.90	Avg steps: 1392
2020-07-15 03:35:26,295	INFO	Total steps: 885839	Episode: 820/1848	Avg reward: -19.90	Avg steps: 1672
2020-07-15 03:47:23,490	INFO	Total steps: 910149	Episode: 840/772	Avg reward: -19.95	Avg steps: 1214
2020-07-15 03:58:58,603	INFO	Total steps: 933748	Episode: 860/1159	Avg reward: -19.85	Avg steps: 1178
2020-07-15 04:11:24,116	INFO	Total steps: 958973	Episode: 880/1214	Avg reward: -19.75	Avg steps: 1260
2020-07-15 04:25:07,903	INFO	Total steps: 986769	Episode: 900/1247	Avg reward: -19.95	Avg steps: 1388
2020-07-15 04:39:01,560	INFO	Total steps: 1014963	Episode: 920/1151	Avg reward: -19.85	Avg steps: 1408
2020-07-15 04:55:40,398	INFO	Total steps: 1049082	Episode: 940/1596	Avg reward: -19.90	Avg steps: 1704
2020-07-15 05:07:39,640	INFO	Total steps: 1073896	Episode: 960/697	Avg reward: -19.95	Avg steps: 1239
2020-07-15 05:21:28,611	INFO	Total steps: 1102392	Episode: 980/1698	Avg reward: -19.75	Avg steps: 1423
2020-07-15 05:36:32,868	INFO	Total steps: 1133352	Episode: 1000/1316	Avg reward: -19.95	Avg steps: 1547
2020-07-15 05:51:57,510	INFO	Total steps: 1165301	Episode: 1020/2237	Avg reward: -19.75	Avg steps: 1596
2020-07-15 06:05:59,761	INFO	Total steps: 1194183	Episode: 1040/1852	Avg reward: -19.65	Avg steps: 1443
2020-07-15 06:21:51,956	INFO	Total steps: 1226597	Episode: 1060/1405	Avg reward: -19.85	Avg steps: 1619
2020-07-15 06:35:56,415	INFO	Total steps: 1255647	Episode: 1080/1717	Avg reward: -19.80	Avg steps: 1451
2020-07-15 06:52:20,608	INFO	Total steps: 1289274	Episode: 1100/934	Avg reward: -19.65	Avg steps: 1680
2020-07-15 07:07:15,360	INFO	Total steps: 1319602	Episode: 1120/1234	Avg reward: -19.60	Avg steps: 1515
2020-07-15 07:21:35,331	INFO	Total steps: 1348807	Episode: 1140/1461	Avg reward: -19.70	Avg steps: 1459
2020-07-15 07:35:54,630	INFO	Total steps: 1377867	Episode: 1160/1538	Avg reward: -19.60	Avg steps: 1452
2020-07-15 07:51:10,693	INFO	Total steps: 1408816	Episode: 1180/1930	Avg reward: -19.60	Avg steps: 1546
2020-07-15 08:10:42,435	INFO	Total steps: 1448481	Episode: 1200/1624	Avg reward: -19.35	Avg steps: 1982
2020-07-15 08:28:01,278	INFO	Total steps: 1483731	Episode: 1220/1063	Avg reward: -19.40	Avg steps: 1761
2020-07-15 08:45:43,068	INFO	Total steps: 1519700	Episode: 1240/1623	Avg reward: -19.35	Avg steps: 1797
2020-07-15 09:02:58,550	INFO	Total steps: 1554492	Episode: 1260/1470	Avg reward: -19.50	Avg steps: 1738
2020-07-15 09:20:07,857	INFO	Total steps: 1589262	Episode: 1280/1636	Avg reward: -19.45	Avg steps: 1737
2020-07-15 09:34:51,063	INFO	Total steps: 1619285	Episode: 1300/1561	Avg reward: -19.45	Avg steps: 1500
2020-07-15 09:52:18,907	INFO	Total steps: 1654724	Episode: 1320/1311	Avg reward: -19.25	Avg steps: 1770
2020-07-15 10:08:43,235	INFO	Total steps: 1688007	Episode: 1340/2843	Avg reward: -19.25	Avg steps: 1663
2020-07-15 10:27:06,461	INFO	Total steps: 1725228	Episode: 1360/2625	Avg reward: -19.50	Avg steps: 1860
2020-07-15 10:48:32,304	INFO	Total steps: 1768465	Episode: 1380/1744	Avg reward: -19.30	Avg steps: 2160
2020-07-15 11:07:32,138	INFO	Total steps: 1806449	Episode: 1400/1686	Avg reward: -19.55	Avg steps: 1898
2020-07-15 11:26:14,622	INFO	Total steps: 1843898	Episode: 1420/2086	Avg reward: -19.20	Avg steps: 1871
2020-07-15 11:46:25,191	INFO	Total steps: 1884106	Episode: 1440/3256	Avg reward: -19.30	Avg steps: 2009
2020-07-15 12:05:29,447	INFO	Total steps: 1922088	Episode: 1460/2552	Avg reward: -19.35	Avg steps: 1898
2020-07-15 12:25:23,973	INFO	Total steps: 1961485	Episode: 1480/2382	Avg reward: -18.80	Avg steps: 1968
2020-07-15 12:45:50,688	INFO	Total steps: 2002210	Episode: 1500/3064	Avg reward: -19.10	Avg steps: 2035
2020-07-15 13:07:17,865	INFO	Total steps: 2044830	Episode: 1520/1914	Avg reward: -19.30	Avg steps: 2130
2020-07-15 13:25:40,559	INFO	Total steps: 2081568	Episode: 1540/1828	Avg reward: -19.35	Avg steps: 1835
2020-07-15 13:43:43,358	INFO	Total steps: 2117391	Episode: 1560/2413	Avg reward: -18.95	Avg steps: 1790
2020-07-15 14:06:19,271	INFO	Total steps: 2162069	Episode: 1580/2692	Avg reward: -19.25	Avg steps: 2232
2020-07-15 14:25:29,818	INFO	Total steps: 2199959	Episode: 1600/2010	Avg reward: -19.55	Avg steps: 1893
2020-07-15 14:46:17,930	INFO	Total steps: 2241106	Episode: 1620/1711	Avg reward: -18.55	Avg steps: 2056
2020-07-15 15:06:06,797	INFO	Total steps: 2280449	Episode: 1640/2346	Avg reward: -18.85	Avg steps: 1966
2020-07-15 15:24:40,688	INFO	Total steps: 2317511	Episode: 1660/2662	Avg reward: -18.80	Avg steps: 1852
2020-07-15 15:45:20,523	INFO	Total steps: 2359067	Episode: 1680/1635	Avg reward: -19.00	Avg steps: 2076
2020-07-15 16:06:40,862	INFO	Total steps: 2401796	Episode: 1700/2698	Avg reward: -18.80	Avg steps: 2135
2020-07-15 16:28:05,237	INFO	Total steps: 2444739	Episode: 1720/2290	Avg reward: -18.90	Avg steps: 2146
2020-07-15 16:49:49,449	INFO	Total steps: 2488247	Episode: 1740/2232	Avg reward: -18.55	Avg steps: 2174
2020-07-15 17:12:36,447	INFO	Total steps: 2533448	Episode: 1760/2238	Avg reward: -18.45	Avg steps: 2259
2020-07-15 17:32:55,582	INFO	Total steps: 2574398	Episode: 1780/1767	Avg reward: -18.90	Avg steps: 2046
2020-07-15 17:55:00,061	INFO	Total steps: 2618980	Episode: 1800/2093	Avg reward: -18.65	Avg steps: 2228
2020-07-15 18:11:45,796	INFO	--width 160 --height 160 --ball 1.0 --ball-size 2.0 --snell 1.0 --snell-width 80.0 --snell-change 0.0 --snell-visible none --paddle-speed 1.0 --paddle-angle 50.0 --paddle-length 20.0 --update-prob 0.5 --state binary --learning-rate 0.0001 --network dqn_pong_model --render False --epsdecay 1000 --episodes 4000 --replay 10000 --checkpoint dqn_pong_model --history history.p --store-dir ../experiments/paddle_angle.50.0-update_prob.0.5-snell.1.0 
2020-07-15 18:11:45,859	INFO	Device: cuda
2020-07-15 18:15:01,711	INFO	Total steps: 14122	Episode: 20/1003	Avg reward: -20.00	Avg steps: 705
2020-07-15 18:23:34,350	INFO	Total steps: 29555	Episode: 40/848	Avg reward: -20.00	Avg steps: 770
2020-07-15 18:32:51,685	INFO	Total steps: 46259	Episode: 60/768	Avg reward: -20.00	Avg steps: 834
2020-07-15 18:41:57,877	INFO	Total steps: 62615	Episode: 80/919	Avg reward: -19.95	Avg steps: 816
2020-07-15 18:50:30,484	INFO	Total steps: 78019	Episode: 100/675	Avg reward: -20.00	Avg steps: 769
2020-07-15 18:58:13,295	INFO	Total steps: 91838	Episode: 120/610	Avg reward: -20.00	Avg steps: 689
2020-07-15 19:05:54,800	INFO	Total steps: 107658	Episode: 140/846	Avg reward: -19.95	Avg steps: 790
2020-07-15 19:13:47,415	INFO	Total steps: 125031	Episode: 160/916	Avg reward: -20.00	Avg steps: 867
2020-07-15 19:21:47,047	INFO	Total steps: 142771	Episode: 180/1078	Avg reward: -20.00	Avg steps: 886
2020-07-15 19:29:53,562	INFO	Total steps: 160853	Episode: 200/614	Avg reward: -20.00	Avg steps: 903
2020-07-15 19:38:59,680	INFO	Total steps: 181103	Episode: 220/830	Avg reward: -19.95	Avg steps: 1011
2020-07-15 19:47:35,385	INFO	Total steps: 200077	Episode: 240/1151	Avg reward: -19.85	Avg steps: 947
2020-07-15 19:57:08,066	INFO	Total steps: 220996	Episode: 260/534	Avg reward: -19.90	Avg steps: 1044
2020-07-15 20:06:00,673	INFO	Total steps: 240383	Episode: 280/993	Avg reward: -20.00	Avg steps: 968
2020-07-15 20:15:17,170	INFO	Total steps: 260761	Episode: 300/916	Avg reward: -20.00	Avg steps: 1017
2020-07-15 20:24:37,868	INFO	Total steps: 281411	Episode: 320/924	Avg reward: -19.95	Avg steps: 1031
2020-07-15 20:33:59,755	INFO	Total steps: 302041	Episode: 340/1389	Avg reward: -20.00	Avg steps: 1030
2020-07-15 20:45:14,094	INFO	Total steps: 326923	Episode: 360/1453	Avg reward: -19.80	Avg steps: 1243
2020-07-15 20:54:21,885	INFO	Total steps: 346985	Episode: 380/768	Avg reward: -20.00	Avg steps: 1002
2020-07-15 21:04:40,709	INFO	Total steps: 369662	Episode: 400/1070	Avg reward: -19.90	Avg steps: 1132
2020-07-15 21:15:23,669	INFO	Total steps: 393393	Episode: 420/914	Avg reward: -19.95	Avg steps: 1185
2020-07-15 21:25:01,179	INFO	Total steps: 414590	Episode: 440/1632	Avg reward: -20.00	Avg steps: 1058
2020-07-15 21:35:46,236	INFO	Total steps: 438270	Episode: 460/1558	Avg reward: -19.95	Avg steps: 1183
2020-07-15 21:46:55,495	INFO	Total steps: 462893	Episode: 480/1068	Avg reward: -19.95	Avg steps: 1230
2020-07-15 21:57:23,998	INFO	Total steps: 486061	Episode: 500/925	Avg reward: -19.80	Avg steps: 1157
2020-07-15 22:07:39,096	INFO	Total steps: 508811	Episode: 520/921	Avg reward: -19.85	Avg steps: 1136
2020-07-15 22:18:29,472	INFO	Total steps: 532974	Episode: 540/1467	Avg reward: -19.95	Avg steps: 1207
2020-07-15 22:29:04,197	INFO	Total steps: 556530	Episode: 560/1317	Avg reward: -19.90	Avg steps: 1176
2020-07-15 22:40:10,575	INFO	Total steps: 581245	Episode: 580/1535	Avg reward: -19.75	Avg steps: 1234
2020-07-15 22:50:43,525	INFO	Total steps: 604705	Episode: 600/999	Avg reward: -19.80	Avg steps: 1172
2020-07-15 23:03:11,868	INFO	Total steps: 631945	Episode: 620/1642	Avg reward: -19.80	Avg steps: 1361
2020-07-15 23:16:41,943	INFO	Total steps: 661652	Episode: 640/2075	Avg reward: -19.80	Avg steps: 1484
2020-07-15 23:29:50,936	INFO	Total steps: 690910	Episode: 660/1385	Avg reward: -19.80	Avg steps: 1461
2020-07-15 23:42:34,503	INFO	Total steps: 719231	Episode: 680/2545	Avg reward: -19.70	Avg steps: 1415
2020-07-15 23:57:07,419	INFO	Total steps: 751421	Episode: 700/2001	Avg reward: -19.65	Avg steps: 1608
2020-07-16 00:12:16,475	INFO	Total steps: 784793	Episode: 720/2087	Avg reward: -19.90	Avg steps: 1667
2020-07-16 00:25:55,180	INFO	Total steps: 814837	Episode: 740/1614	Avg reward: -19.80	Avg steps: 1501
2020-07-16 00:38:49,706	INFO	Total steps: 843071	Episode: 760/1378	Avg reward: -19.80	Avg steps: 1410
2020-07-16 00:51:30,564	INFO	Total steps: 870977	Episode: 780/1315	Avg reward: -19.70	Avg steps: 1394
2020-07-16 01:03:32,728	INFO	Total steps: 897197	Episode: 800/1136	Avg reward: -19.70	Avg steps: 1310
2020-07-16 01:14:58,562	INFO	Total steps: 922071	Episode: 820/1233	Avg reward: -19.65	Avg steps: 1242
2020-07-16 01:28:25,543	INFO	Total steps: 951449	Episode: 840/1846	Avg reward: -19.55	Avg steps: 1467
2020-07-16 01:42:45,756	INFO	Total steps: 983201	Episode: 860/1612	Avg reward: -19.45	Avg steps: 1586
2020-07-16 01:56:41,472	INFO	Total steps: 1014027	Episode: 880/2173	Avg reward: -19.65	Avg steps: 1540
2020-07-16 02:12:23,373	INFO	Total steps: 1048659	Episode: 900/1772	Avg reward: -19.50	Avg steps: 1730
2020-07-16 02:26:48,722	INFO	Total steps: 1080490	Episode: 920/934	Avg reward: -19.70	Avg steps: 1590
2020-07-16 02:40:46,666	INFO	Total steps: 1111110	Episode: 940/1372	Avg reward: -19.55	Avg steps: 1530
2020-07-16 02:54:20,038	INFO	Total steps: 1140610	Episode: 960/1472	Avg reward: -19.80	Avg steps: 1474
2020-07-16 03:09:05,091	INFO	Total steps: 1172935	Episode: 980/1815	Avg reward: -19.35	Avg steps: 1615
2020-07-16 03:23:06,493	INFO	Total steps: 1203856	Episode: 1000/1067	Avg reward: -19.30	Avg steps: 1545
2020-07-16 03:40:18,555	INFO	Total steps: 1241518	Episode: 1020/2242	Avg reward: -19.40	Avg steps: 1882
2020-07-16 03:57:24,980	INFO	Total steps: 1278551	Episode: 1040/1312	Avg reward: -19.45	Avg steps: 1850
2020-07-16 04:12:13,685	INFO	Total steps: 1310686	Episode: 1060/2290	Avg reward: -19.45	Avg steps: 1605
2020-07-16 04:28:41,622	INFO	Total steps: 1346446	Episode: 1080/1853	Avg reward: -19.65	Avg steps: 1787
2020-07-16 04:44:51,470	INFO	Total steps: 1381458	Episode: 1100/1627	Avg reward: -19.65	Avg steps: 1749
2020-07-16 04:59:28,103	INFO	Total steps: 1413198	Episode: 1120/2329	Avg reward: -19.50	Avg steps: 1586
2020-07-16 05:15:59,434	INFO	Total steps: 1448987	Episode: 1140/1158	Avg reward: -19.00	Avg steps: 1788
2020-07-16 05:30:57,436	INFO	Total steps: 1481222	Episode: 1160/1289	Avg reward: -19.30	Avg steps: 1610
2020-07-16 05:47:38,680	INFO	Total steps: 1517769	Episode: 1180/1924	Avg reward: -19.55	Avg steps: 1826
2020-07-16 06:01:08,255	INFO	Total steps: 1547460	Episode: 1200/1989	Avg reward: -19.40	Avg steps: 1483
2020-07-16 06:18:37,734	INFO	Total steps: 1585866	Episode: 1220/1551	Avg reward: -19.05	Avg steps: 1919
2020-07-16 06:34:58,099	INFO	Total steps: 1621688	Episode: 1240/1523	Avg reward: -19.15	Avg steps: 1790
2020-07-16 06:47:57,071	INFO	Total steps: 1650265	Episode: 1260/1351	Avg reward: -19.20	Avg steps: 1427
2020-07-16 07:03:07,672	INFO	Total steps: 1683571	Episode: 1280/1629	Avg reward: -19.40	Avg steps: 1664
2020-07-16 07:18:55,781	INFO	Total steps: 1718280	Episode: 1300/1946	Avg reward: -19.20	Avg steps: 1734
2020-07-16 07:35:20,692	INFO	Total steps: 1754192	Episode: 1320/2544	Avg reward: -19.25	Avg steps: 1794
2020-07-16 07:52:50,169	INFO	Total steps: 1792311	Episode: 1340/1994	Avg reward: -19.25	Avg steps: 1904
2020-07-16 08:12:07,736	INFO	Total steps: 1834403	Episode: 1360/1688	Avg reward: -19.05	Avg steps: 2103
2020-07-16 08:31:17,399	INFO	Total steps: 1876320	Episode: 1380/1859	Avg reward: -19.40	Avg steps: 2094
2020-07-16 08:50:42,020	INFO	Total steps: 1918927	Episode: 1400/2845	Avg reward: -19.40	Avg steps: 2129
2020-07-16 09:08:30,568	INFO	Total steps: 1957890	Episode: 1420/1758	Avg reward: -19.15	Avg steps: 1947
2020-07-16 09:24:16,875	INFO	Total steps: 1992215	Episode: 1440/2237	Avg reward: -19.25	Avg steps: 1715
2020-07-16 09:41:07,343	INFO	Total steps: 2028356	Episode: 1460/1537	Avg reward: -19.50	Avg steps: 1806
2020-07-16 09:59:33,662	INFO	Total steps: 2067631	Episode: 1480/1390	Avg reward: -19.05	Avg steps: 1962
2020-07-16 10:17:55,156	INFO	Total steps: 2107115	Episode: 1500/1456	Avg reward: -19.00	Avg steps: 1973
2020-07-16 10:35:00,810	INFO	Total steps: 2144174	Episode: 1520/1911	Avg reward: -19.05	Avg steps: 1851
2020-07-16 10:52:23,686	INFO	Total steps: 2181925	Episode: 1540/1787	Avg reward: -18.85	Avg steps: 1886
2020-07-16 11:09:33,749	INFO	Total steps: 2219157	Episode: 1560/1669	Avg reward: -19.05	Avg steps: 1860
2020-07-16 11:27:19,306	INFO	Total steps: 2257564	Episode: 1580/1692	Avg reward: -18.50	Avg steps: 1919
2020-07-16 11:45:25,877	INFO	Total steps: 2297062	Episode: 1600/1835	Avg reward: -18.85	Avg steps: 1973
2020-07-16 12:04:14,090	INFO	Total steps: 2337957	Episode: 1620/1635	Avg reward: -18.75	Avg steps: 2043
2020-07-16 12:23:40,949	INFO	Total steps: 2379932	Episode: 1640/1239	Avg reward: -18.65	Avg steps: 2097
2020-07-16 12:42:57,183	INFO	Total steps: 2421594	Episode: 1660/2160	Avg reward: -18.60	Avg steps: 2082
2020-07-16 13:05:09,695	INFO	Total steps: 2469956	Episode: 1680/2535	Avg reward: -18.75	Avg steps: 2417
2020-07-16 13:24:06,521	INFO	Total steps: 2510853	Episode: 1700/2336	Avg reward: -18.80	Avg steps: 2043
2020-07-16 13:44:01,538	INFO	Total steps: 2553596	Episode: 1720/1922	Avg reward: -18.70	Avg steps: 2136
2020-07-16 14:04:53,783	INFO	Total steps: 2599002	Episode: 1740/2420	Avg reward: -18.75	Avg steps: 2269
2020-07-16 14:23:43,198	INFO	Total steps: 2639788	Episode: 1760/1841	Avg reward: -18.50	Avg steps: 2038
2020-07-16 14:43:05,784	INFO	Total steps: 2681014	Episode: 1780/1855	Avg reward: -19.10	Avg steps: 2060
2020-07-16 15:02:47,958	INFO	Total steps: 2723498	Episode: 1800/2632	Avg reward: -18.90	Avg steps: 2123
2020-07-16 15:26:28,875	INFO	Total steps: 2774762	Episode: 1820/3176	Avg reward: -18.65	Avg steps: 2562
2020-07-16 15:46:31,250	INFO	Total steps: 2818352	Episode: 1840/1826	Avg reward: -18.75	Avg steps: 2178
2020-07-16 16:10:19,111	INFO	Total steps: 2869866	Episode: 1860/1985	Avg reward: -18.50	Avg steps: 2574
2020-07-16 16:36:24,946	INFO	Total steps: 2926351	Episode: 1880/3017	Avg reward: -18.90	Avg steps: 2823
2020-07-16 16:57:40,855	INFO	Total steps: 2972052	Episode: 1900/3135	Avg reward: -18.85	Avg steps: 2284
2020-07-16 17:19:12,242	INFO	Total steps: 3018187	Episode: 1920/1699	Avg reward: -18.60	Avg steps: 2305
2020-07-16 17:38:36,456	INFO	Total steps: 3059958	Episode: 1940/1612	Avg reward: -18.15	Avg steps: 2087
2020-07-16 18:00:01,130	INFO	Total steps: 3106380	Episode: 1960/2821	Avg reward: -18.30	Avg steps: 2320
2020-07-16 18:20:25,574	INFO	Total steps: 3150537	Episode: 1980/2926	Avg reward: -18.50	Avg steps: 2206
2020-07-16 18:46:28,916	INFO	Total steps: 3206377	Episode: 2000/2228	Avg reward: -18.30	Avg steps: 2791
2020-07-16 19:10:56,216	INFO	Total steps: 3259182	Episode: 2020/2633	Avg reward: -18.25	Avg steps: 2639
2020-07-16 19:30:57,365	INFO	Total steps: 3301898	Episode: 2040/1682	Avg reward: -18.75	Avg steps: 2134
2020-07-16 19:50:28,497	INFO	Total steps: 3343924	Episode: 2060/2007	Avg reward: -19.05	Avg steps: 2100
2020-07-16 20:17:38,668	INFO	Total steps: 3401922	Episode: 2080/3993	Avg reward: -18.70	Avg steps: 2898
2020-07-16 20:39:38,586	INFO	Total steps: 3448809	Episode: 2100/2304	Avg reward: -18.45	Avg steps: 2343
2020-07-16 21:04:22,946	INFO	Total steps: 3502033	Episode: 2120/3104	Avg reward: -18.90	Avg steps: 2660
2020-07-16 21:34:01,902	INFO	Total steps: 3565447	Episode: 2140/3777	Avg reward: -19.00	Avg steps: 3169
2020-07-16 21:57:28,419	INFO	Total steps: 3615671	Episode: 2160/3680	Avg reward: -18.90	Avg steps: 2510
2020-07-16 22:20:29,874	INFO	Total steps: 3665116	Episode: 2180/2928	Avg reward: -19.15	Avg steps: 2471
2020-07-16 22:45:41,567	INFO	Total steps: 3719462	Episode: 2200/2027	Avg reward: -18.60	Avg steps: 2716
2020-07-16 23:10:34,579	INFO	Total steps: 3773038	Episode: 2220/2850	Avg reward: -19.00	Avg steps: 2677
2020-07-16 23:41:34,327	INFO	Total steps: 3840091	Episode: 2240/2822	Avg reward: -19.40	Avg steps: 3351
2020-07-17 00:06:50,899	INFO	Total steps: 3894706	Episode: 2260/3381	Avg reward: -18.35	Avg steps: 2729
2020-07-17 00:31:47,422	INFO	Total steps: 3948780	Episode: 2280/2636	Avg reward: -18.95	Avg steps: 2702
2020-07-17 00:57:56,215	INFO	Total steps: 4004426	Episode: 2300/4252	Avg reward: -18.85	Avg steps: 2781
2020-07-17 01:25:56,424	INFO	Total steps: 4063833	Episode: 2320/2475	Avg reward: -18.65	Avg steps: 2969
2020-07-17 01:55:07,332	INFO	Total steps: 4125788	Episode: 2340/3466	Avg reward: -18.85	Avg steps: 3096
2020-07-17 02:22:58,372	INFO	Total steps: 4184279	Episode: 2360/4563	Avg reward: -18.85	Avg steps: 2923
2020-07-17 02:50:03,766	INFO	Total steps: 4242094	Episode: 2380/2364	Avg reward: -18.60	Avg steps: 2889
2020-07-17 03:20:41,756	INFO	Total steps: 4306302	Episode: 2400/2541	Avg reward: -19.00	Avg steps: 3209
2020-07-17 03:46:09,885	INFO	Total steps: 4360736	Episode: 2420/2358	Avg reward: -19.00	Avg steps: 2720
2020-07-17 04:14:19,375	INFO	Total steps: 4420748	Episode: 2440/3562	Avg reward: -18.80	Avg steps: 2999
2020-07-17 04:46:40,713	INFO	Total steps: 4489976	Episode: 2460/3895	Avg reward: -18.90	Avg steps: 3460
2020-07-17 05:12:52,997	INFO	Total steps: 4545951	Episode: 2480/3149	Avg reward: -19.05	Avg steps: 2797
2020-07-17 05:42:33,468	INFO	Total steps: 4609354	Episode: 2500/2029	Avg reward: -18.70	Avg steps: 3169
2020-07-17 06:12:58,059	INFO	Total steps: 4674451	Episode: 2520/3665	Avg reward: -18.45	Avg steps: 3253
2020-07-17 06:41:50,756	INFO	Total steps: 4736398	Episode: 2540/2866	Avg reward: -18.55	Avg steps: 3096
2020-07-17 07:08:59,981	INFO	Total steps: 4794501	Episode: 2560/2210	Avg reward: -18.35	Avg steps: 2904
2020-07-17 07:43:01,179	INFO	Total steps: 4867411	Episode: 2580/2834	Avg reward: -18.80	Avg steps: 3644
2020-07-17 08:10:46,717	INFO	Total steps: 4926978	Episode: 2600/3409	Avg reward: -18.80	Avg steps: 2977
2020-07-17 08:39:15,886	INFO	Total steps: 4988294	Episode: 2620/3974	Avg reward: -19.05	Avg steps: 3064
2020-07-17 09:09:23,998	INFO	Total steps: 5052383	Episode: 2640/3032	Avg reward: -18.85	Avg steps: 3203
2020-07-17 09:37:38,985	INFO	Total steps: 5112408	Episode: 2660/2857	Avg reward: -18.45	Avg steps: 3000
2020-07-17 10:09:04,350	INFO	Total steps: 5179137	Episode: 2680/1997	Avg reward: -18.20	Avg steps: 3335
2020-07-17 10:37:52,948	INFO	Total steps: 5240411	Episode: 2700/2704	Avg reward: -18.90	Avg steps: 3062
2020-07-17 11:05:03,771	INFO	Total steps: 5298640	Episode: 2720/2452	Avg reward: -18.45	Avg steps: 2910
2020-07-17 11:30:52,761	INFO	Total steps: 5353908	Episode: 2740/2999	Avg reward: -18.65	Avg steps: 2762
2020-07-17 12:03:19,629	INFO	Total steps: 5423305	Episode: 2760/2012	Avg reward: -19.15	Avg steps: 3468
2020-07-17 12:28:22,741	INFO	Total steps: 5476863	Episode: 2780/1780	Avg reward: -18.80	Avg steps: 2676
2020-07-17 13:05:35,767	INFO	Total steps: 5556704	Episode: 2800/3659	Avg reward: -18.45	Avg steps: 3991
2020-07-17 13:37:37,160	INFO	Total steps: 5624986	Episode: 2820/3212	Avg reward: -18.65	Avg steps: 3413
2020-07-17 14:14:50,164	INFO	Total steps: 5704505	Episode: 2840/3167	Avg reward: -18.70	Avg steps: 3974
2020-07-17 14:50:44,447	INFO	Total steps: 5780803	Episode: 2860/3896	Avg reward: -18.65	Avg steps: 3813
2020-07-17 15:28:43,040	INFO	Total steps: 5861799	Episode: 2880/3393	Avg reward: -18.65	Avg steps: 4048
2020-07-17 16:08:42,674	INFO	Total steps: 5947296	Episode: 2900/5179	Avg reward: -18.90	Avg steps: 4273
2020-07-17 16:36:36,005	INFO	Total steps: 6015912	Episode: 2920/4628	Avg reward: -18.30	Avg steps: 3429
2020-07-17 17:09:39,989	INFO	Total steps: 6101515	Episode: 2940/4297	Avg reward: -18.95	Avg steps: 4279
2020-07-17 17:44:00,039	INFO	Total steps: 6191848	Episode: 2960/3113	Avg reward: -19.15	Avg steps: 4515
2020-07-17 18:21:04,098	INFO	Total steps: 6288979	Episode: 2980/6449	Avg reward: -19.30	Avg steps: 4855
2020-07-17 18:51:37,606	INFO	Total steps: 6368435	Episode: 3000/4874	Avg reward: -18.45	Avg steps: 3971
2020-07-17 19:25:47,634	INFO	Total steps: 6456289	Episode: 3020/4257	Avg reward: -18.50	Avg steps: 4391
2020-07-17 19:54:26,614	INFO	Total steps: 6529901	Episode: 3040/2382	Avg reward: -19.10	Avg steps: 3679
2020-07-17 20:24:54,501	INFO	Total steps: 6610558	Episode: 3060/4408	Avg reward: -19.05	Avg steps: 4031
2020-07-17 20:53:49,093	INFO	Total steps: 6684920	Episode: 3080/5883	Avg reward: -18.60	Avg steps: 3717
2020-07-17 21:31:37,091	INFO	Total steps: 6781977	Episode: 3100/4550	Avg reward: -19.40	Avg steps: 4851
2020-07-17 22:04:15,238	INFO	Total steps: 6866234	Episode: 3120/4184	Avg reward: -19.50	Avg steps: 4211
2020-07-17 22:31:09,339	INFO	Total steps: 6956012	Episode: 3140/2952	Avg reward: -19.40	Avg steps: 4487
2020-07-17 22:55:45,699	INFO	Total steps: 7041006	Episode: 3160/5360	Avg reward: -19.25	Avg steps: 4248
2020-07-17 23:16:31,934	INFO	Total steps: 7113894	Episode: 3180/3149	Avg reward: -18.80	Avg steps: 3643
2020-07-17 23:37:42,309	INFO	Total steps: 7186626	Episode: 3200/2869	Avg reward: -19.30	Avg steps: 3635
2020-07-18 00:00:53,978	INFO	Total steps: 7266696	Episode: 3220/4595	Avg reward: -19.35	Avg steps: 4002
2020-07-18 00:28:18,334	INFO	Total steps: 7360827	Episode: 3240/3636	Avg reward: -19.45	Avg steps: 4705
2020-07-18 00:56:07,985	INFO	Total steps: 7456971	Episode: 3260/3692	Avg reward: -19.05	Avg steps: 4806
2020-07-18 01:18:00,102	INFO	Total steps: 7532599	Episode: 3280/5034	Avg reward: -19.20	Avg steps: 3780
2020-07-18 01:45:29,534	INFO	Total steps: 7627217	Episode: 3300/3488	Avg reward: -19.35	Avg steps: 4729
2020-07-18 02:11:31,999	INFO	Total steps: 7716446	Episode: 3320/4355	Avg reward: -19.45	Avg steps: 4460
2020-07-18 02:38:47,753	INFO	Total steps: 7810297	Episode: 3340/2228	Avg reward: -18.90	Avg steps: 4691
2020-07-18 03:03:54,191	INFO	Total steps: 7896873	Episode: 3360/3485	Avg reward: -18.90	Avg steps: 4327
2020-07-18 03:27:26,821	INFO	Total steps: 7977952	Episode: 3380/7183	Avg reward: -19.30	Avg steps: 4052
2020-07-18 03:57:13,355	INFO	Total steps: 8080454	Episode: 3400/5371	Avg reward: -19.20	Avg steps: 5124
2020-07-18 04:25:48,270	INFO	Total steps: 8178288	Episode: 3420/2171	Avg reward: -19.20	Avg steps: 4890
2020-07-18 04:50:40,049	INFO	Total steps: 8263102	Episode: 3440/8782	Avg reward: -18.80	Avg steps: 4239
2020-07-18 05:18:23,312	INFO	Total steps: 8357100	Episode: 3460/4382	Avg reward: -19.30	Avg steps: 4698
2020-07-18 05:46:01,244	INFO	Total steps: 8451084	Episode: 3480/6988	Avg reward: -19.45	Avg steps: 4698
2020-07-18 06:12:43,953	INFO	Total steps: 8543247	Episode: 3500/6050	Avg reward: -18.70	Avg steps: 4607
2020-07-18 06:40:00,462	INFO	Total steps: 8637351	Episode: 3520/6782	Avg reward: -18.85	Avg steps: 4704
2020-07-18 07:06:41,388	INFO	Total steps: 8729500	Episode: 3540/6801	Avg reward: -18.75	Avg steps: 4606
2020-07-18 07:37:09,169	INFO	Total steps: 8834615	Episode: 3560/6877	Avg reward: -18.65	Avg steps: 5254
2020-07-18 08:07:38,647	INFO	Total steps: 8940171	Episode: 3580/5826	Avg reward: -19.15	Avg steps: 5276
2020-07-18 08:40:05,801	INFO	Total steps: 9052025	Episode: 3600/4668	Avg reward: -19.15	Avg steps: 5591
2020-07-18 09:11:07,155	INFO	Total steps: 9159316	Episode: 3620/2395	Avg reward: -18.95	Avg steps: 5363
2020-07-18 09:44:22,607	INFO	Total steps: 9273937	Episode: 3640/4666	Avg reward: -19.20	Avg steps: 5730
2020-07-18 10:19:54,278	INFO	Total steps: 9395823	Episode: 3660/8856	Avg reward: -19.30	Avg steps: 6093
2020-07-18 10:55:03,127	INFO	Total steps: 9517433	Episode: 3680/7294	Avg reward: -19.40	Avg steps: 6079
2020-07-18 11:36:53,608	INFO	Total steps: 9662150	Episode: 3700/6368	Avg reward: -19.65	Avg steps: 7234
2020-07-18 12:13:30,934	INFO	Total steps: 9788552	Episode: 3720/6680	Avg reward: -19.70	Avg steps: 6319
2020-07-18 12:50:22,216	INFO	Total steps: 9915164	Episode: 3740/5844	Avg reward: -19.70	Avg steps: 6329
2020-07-18 13:21:04,356	INFO	Total steps: 10021992	Episode: 3760/5608	Avg reward: -19.55	Avg steps: 5340
2020-07-18 13:54:03,653	INFO	Total steps: 10136670	Episode: 3780/6522	Avg reward: -19.65	Avg steps: 5732
2020-07-18 14:28:12,735	INFO	Total steps: 10254886	Episode: 3800/5513	Avg reward: -19.75	Avg steps: 5909
2020-07-18 15:09:06,473	INFO	Total steps: 10395811	Episode: 3820/10397	Avg reward: -19.80	Avg steps: 7045
2020-07-18 15:52:12,884	INFO	Total steps: 10544117	Episode: 3840/7185	Avg reward: -19.50	Avg steps: 7414
2020-07-18 16:32:40,808	INFO	Total steps: 10684579	Episode: 3860/11520	Avg reward: -19.55	Avg steps: 7022
2020-07-18 17:14:25,008	INFO	Total steps: 10828015	Episode: 3880/6423	Avg reward: -19.30	Avg steps: 7170
2020-07-18 17:49:28,034	INFO	Total steps: 10949411	Episode: 3900/10852	Avg reward: -19.40	Avg steps: 6068
2020-07-18 18:17:34,100	INFO	Total steps: 11062081	Episode: 3920/6746	Avg reward: -19.55	Avg steps: 5632
2020-07-18 18:45:53,424	INFO	Total steps: 11179488	Episode: 3940/8584	Avg reward: -19.70	Avg steps: 5869
2020-07-18 19:18:48,363	INFO	Total steps: 11313900	Episode: 3960/7311	Avg reward: -19.45	Avg steps: 6719
2020-07-18 19:54:38,306	INFO	Total steps: 11459575	Episode: 3980/9882	Avg reward: -19.60	Avg steps: 7282
2020-07-18 20:26:43,054	INFO	Total steps: 11592003	Episode: 4000/8567	Avg reward: -19.60	Avg steps: 6620
2020-07-21 20:19:49,045	INFO	--width 160 --height 160 --ball 1.0 --ball-size 2.0 --snell 1.0 --snell-width 80.0 --snell-change 0.0 --snell-visible none --paddle-speed 1.0 --paddle-angle 50.0 --paddle-length 20.0 --update-prob 0.5 --state binary --learning-rate 0.0001 --network dqn_pong_model --render False --epsdecay 1000 --episodes 4000 --replay 10000 --batch-size 32 --checkpoint dqn_pong_model --history history.p --store-dir ../experiments/paddle_angle.50.0-update_prob.0.5-snell.1.0 
2020-07-21 20:19:49,260	INFO	Device: cuda
2020-07-21 20:26:50,343	INFO	Total steps: 14623	Episode: 20/765	Avg reward: -19.95	Avg steps: 730
2020-07-21 20:33:38,645	INFO	Total steps: 28560	Episode: 40/616	Avg reward: -20.00	Avg steps: 695
2020-07-21 20:40:51,406	INFO	Total steps: 43460	Episode: 60/925	Avg reward: -20.00	Avg steps: 744
2020-07-21 20:48:59,370	INFO	Total steps: 59878	Episode: 80/683	Avg reward: -20.00	Avg steps: 819
2020-07-21 20:57:30,516	INFO	Total steps: 76628	Episode: 100/533	Avg reward: -20.00	Avg steps: 836
2020-07-21 21:06:42,671	INFO	Total steps: 94492	Episode: 120/772	Avg reward: -20.00	Avg steps: 892
2020-07-21 21:15:35,121	INFO	Total steps: 112593	Episode: 140/1156	Avg reward: -20.00	Avg steps: 904
2020-07-21 21:25:20,267	INFO	Total steps: 131844	Episode: 160/921	Avg reward: -20.00	Avg steps: 961
2020-07-21 21:35:06,350	INFO	Total steps: 151037	Episode: 180/851	Avg reward: -19.95	Avg steps: 958
2020-07-21 21:45:14,220	INFO	Total steps: 170531	Episode: 200/1699	Avg reward: -19.95	Avg steps: 973
2020-07-21 21:55:04,847	INFO	Total steps: 190241	Episode: 220/1306	Avg reward: -19.90	Avg steps: 984
2020-07-21 22:05:44,230	INFO	Total steps: 212657	Episode: 240/849	Avg reward: -20.00	Avg steps: 1119
2020-07-21 22:16:29,006	INFO	Total steps: 235575	Episode: 260/1000	Avg reward: -19.90	Avg steps: 1144
2020-07-21 22:26:40,851	INFO	Total steps: 256851	Episode: 280/1313	Avg reward: -20.00	Avg steps: 1062
2020-07-21 22:37:42,555	INFO	Total steps: 279778	Episode: 300/1236	Avg reward: -19.95	Avg steps: 1145
2020-07-21 22:48:14,154	INFO	Total steps: 301995	Episode: 320/1223	Avg reward: -19.95	Avg steps: 1109
2020-07-21 22:59:04,393	INFO	Total steps: 324424	Episode: 340/996	Avg reward: -19.90	Avg steps: 1120
2020-07-21 23:11:04,563	INFO	Total steps: 349817	Episode: 360/1546	Avg reward: -19.95	Avg steps: 1268
2020-07-21 23:23:25,352	INFO	Total steps: 375669	Episode: 380/1235	Avg reward: -19.95	Avg steps: 1291
2020-07-21 23:36:04,485	INFO	Total steps: 402478	Episode: 400/1148	Avg reward: -20.00	Avg steps: 1339
2020-07-21 23:50:25,196	INFO	Total steps: 432612	Episode: 420/2004	Avg reward: -19.95	Avg steps: 1505
2020-07-22 00:03:49,226	INFO	Total steps: 461852	Episode: 440/2240	Avg reward: -20.00	Avg steps: 1461
2020-07-22 00:18:14,753	INFO	Total steps: 493698	Episode: 460/1305	Avg reward: -19.95	Avg steps: 1591
2020-07-22 00:30:28,856	INFO	Total steps: 519034	Episode: 480/1226	Avg reward: -19.80	Avg steps: 1265
2020-07-22 00:43:48,649	INFO	Total steps: 546632	Episode: 500/1154	Avg reward: -19.95	Avg steps: 1378
2020-07-22 00:57:45,664	INFO	Total steps: 575446	Episode: 520/1380	Avg reward: -19.85	Avg steps: 1439
2020-07-22 01:11:00,210	INFO	Total steps: 602987	Episode: 540/1860	Avg reward: -19.95	Avg steps: 1376
2020-07-22 01:23:43,288	INFO	Total steps: 629203	Episode: 560/1002	Avg reward: -19.75	Avg steps: 1309
2020-07-22 01:37:19,445	INFO	Total steps: 657248	Episode: 580/2477	Avg reward: -20.00	Avg steps: 1401
2020-07-22 01:53:05,669	INFO	Total steps: 690076	Episode: 600/999	Avg reward: -20.00	Avg steps: 1640
2020-07-22 02:10:17,565	INFO	Total steps: 725675	Episode: 620/1933	Avg reward: -19.95	Avg steps: 1778
2020-07-22 02:26:56,458	INFO	Total steps: 760098	Episode: 640/1305	Avg reward: -19.95	Avg steps: 1720
2020-07-22 02:41:01,071	INFO	Total steps: 789289	Episode: 660/1542	Avg reward: -19.95	Avg steps: 1458
2020-07-22 02:56:11,475	INFO	Total steps: 820572	Episode: 680/2944	Avg reward: -19.90	Avg steps: 1563
2020-07-22 03:10:38,639	INFO	Total steps: 850292	Episode: 700/1851	Avg reward: -19.85	Avg steps: 1485
2020-07-22 03:31:12,276	INFO	Total steps: 892262	Episode: 720/1469	Avg reward: -19.90	Avg steps: 2097
2020-07-22 03:52:33,997	INFO	Total steps: 935605	Episode: 740/1709	Avg reward: -19.90	Avg steps: 2166
2020-07-22 04:14:35,931	INFO	Total steps: 979801	Episode: 760/763	Avg reward: -19.80	Avg steps: 2208
2020-07-22 04:36:16,479	INFO	Total steps: 1021214	Episode: 780/2245	Avg reward: -19.90	Avg steps: 2069
2020-07-22 04:55:36,058	INFO	Total steps: 1056853	Episode: 800/1315	Avg reward: -19.65	Avg steps: 1780
2020-07-22 05:21:03,017	INFO	Total steps: 1103729	Episode: 820/3634	Avg reward: -19.90	Avg steps: 2342
2020-07-22 05:41:28,116	INFO	Total steps: 1144886	Episode: 840/2534	Avg reward: -19.85	Avg steps: 2056
2020-07-22 06:00:14,342	INFO	Total steps: 1183269	Episode: 860/2324	Avg reward: -19.90	Avg steps: 1918
2020-07-22 06:18:40,041	INFO	Total steps: 1220935	Episode: 880/1467	Avg reward: -19.90	Avg steps: 1882
2020-07-22 06:34:14,455	INFO	Total steps: 1252763	Episode: 900/1700	Avg reward: -19.85	Avg steps: 1590
2020-07-22 06:48:38,798	INFO	Total steps: 1282237	Episode: 920/1468	Avg reward: -19.85	Avg steps: 1472
2020-07-22 07:01:37,720	INFO	Total steps: 1308687	Episode: 940/1551	Avg reward: -19.90	Avg steps: 1321
2020-07-22 07:19:07,647	INFO	Total steps: 1344362	Episode: 960/1391	Avg reward: -19.90	Avg steps: 1782
2020-07-22 07:38:16,139	INFO	Total steps: 1383755	Episode: 980/2548	Avg reward: -19.90	Avg steps: 1968
2020-07-22 07:54:30,611	INFO	Total steps: 1417136	Episode: 1000/1621	Avg reward: -19.85	Avg steps: 1668
2020-07-22 08:12:15,459	INFO	Total steps: 1453413	Episode: 1020/1621	Avg reward: -19.70	Avg steps: 1812
2020-07-22 08:27:14,608	INFO	Total steps: 1483956	Episode: 1040/1621	Avg reward: -19.95	Avg steps: 1526
2020-07-22 08:45:12,038	INFO	Total steps: 1520599	Episode: 1060/1935	Avg reward: -19.75	Avg steps: 1831
2020-07-22 09:03:46,941	INFO	Total steps: 1558520	Episode: 1080/2551	Avg reward: -19.85	Avg steps: 1895
2020-07-22 09:22:12,585	INFO	Total steps: 1595717	Episode: 1100/1538	Avg reward: -19.90	Avg steps: 1858
2020-07-22 09:38:35,505	INFO	Total steps: 1629008	Episode: 1120/1526	Avg reward: -19.80	Avg steps: 1663
2020-07-22 09:55:00,142	INFO	Total steps: 1662466	Episode: 1140/1309	Avg reward: -19.80	Avg steps: 1671
2020-07-22 10:13:56,096	INFO	Total steps: 1700602	Episode: 1160/2402	Avg reward: -19.80	Avg steps: 1905
2020-07-22 10:30:36,389	INFO	Total steps: 1733474	Episode: 1180/1945	Avg reward: -19.55	Avg steps: 1642
2020-07-22 10:47:14,204	INFO	Total steps: 1767010	Episode: 1200/1989	Avg reward: -19.95	Avg steps: 1675
2020-07-22 11:08:58,010	INFO	Total steps: 1809844	Episode: 1220/2003	Avg reward: -19.70	Avg steps: 2140
2020-07-22 11:27:20,724	INFO	Total steps: 1847093	Episode: 1240/2093	Avg reward: -19.90	Avg steps: 1861
2020-07-22 11:47:04,320	INFO	Total steps: 1887174	Episode: 1260/1750	Avg reward: -19.80	Avg steps: 2003
2020-07-22 12:06:28,455	INFO	Total steps: 1926831	Episode: 1280/2339	Avg reward: -19.80	Avg steps: 1981
2020-07-22 12:27:25,460	INFO	Total steps: 1969423	Episode: 1300/2534	Avg reward: -19.85	Avg steps: 2128
2020-07-22 12:46:37,779	INFO	Total steps: 2008268	Episode: 1320/1784	Avg reward: -19.85	Avg steps: 1941
2020-07-22 13:07:42,984	INFO	Total steps: 2050934	Episode: 1340/1619	Avg reward: -19.65	Avg steps: 2132
2020-07-22 13:30:49,435	INFO	Total steps: 2097842	Episode: 1360/2174	Avg reward: -19.85	Avg steps: 2344
2020-07-22 13:53:10,602	INFO	Total steps: 2143792	Episode: 1380/3092	Avg reward: -19.90	Avg steps: 2296
2020-07-22 14:19:38,369	INFO	Total steps: 2197854	Episode: 1400/2785	Avg reward: -19.90	Avg steps: 2702
2020-07-22 14:43:41,929	INFO	Total steps: 2246730	Episode: 1420/4319	Avg reward: -19.95	Avg steps: 2442
2020-07-22 15:08:52,049	INFO	Total steps: 2298124	Episode: 1440/2645	Avg reward: -19.75	Avg steps: 2568
2020-07-22 15:36:16,197	INFO	Total steps: 2353640	Episode: 1460/2068	Avg reward: -19.65	Avg steps: 2774
2020-07-22 16:02:21,514	INFO	Total steps: 2406402	Episode: 1480/1542	Avg reward: -19.85	Avg steps: 2637
2020-07-22 16:25:24,597	INFO	Total steps: 2453205	Episode: 1500/2318	Avg reward: -19.90	Avg steps: 2339
2020-07-22 16:46:36,012	INFO	Total steps: 2496145	Episode: 1520/1167	Avg reward: -19.90	Avg steps: 2146
2020-07-22 17:10:43,497	INFO	Total steps: 2544293	Episode: 1540/2880	Avg reward: -19.75	Avg steps: 2406
2020-07-22 17:35:50,080	INFO	Total steps: 2594876	Episode: 1560/2305	Avg reward: -19.85	Avg steps: 2528
2020-07-22 18:00:35,317	INFO	Total steps: 2644526	Episode: 1580/2856	Avg reward: -19.65	Avg steps: 2481
2020-07-22 18:25:03,206	INFO	Total steps: 2693828	Episode: 1600/2316	Avg reward: -19.70	Avg steps: 2464
2020-07-22 18:48:38,465	INFO	Total steps: 2741568	Episode: 1620/3098	Avg reward: -19.85	Avg steps: 2386
2020-07-22 19:14:50,988	INFO	Total steps: 2794846	Episode: 1640/2480	Avg reward: -19.75	Avg steps: 2662
2020-07-22 19:39:27,866	INFO	Total steps: 2844742	Episode: 1660/3334	Avg reward: -19.95	Avg steps: 2493
2020-07-22 20:03:53,204	INFO	Total steps: 2894721	Episode: 1680/3229	Avg reward: -19.70	Avg steps: 2497
2020-07-22 20:30:43,917	INFO	Total steps: 2949758	Episode: 1700/3092	Avg reward: -19.60	Avg steps: 2750
2020-07-22 20:59:42,790	INFO	Total steps: 3009012	Episode: 1720/2481	Avg reward: -19.35	Avg steps: 2961
2020-07-22 21:26:28,450	INFO	Total steps: 3063781	Episode: 1740/3030	Avg reward: -19.65	Avg steps: 2737
2020-07-22 21:53:48,617	INFO	Total steps: 3119813	Episode: 1760/2915	Avg reward: -19.55	Avg steps: 2800
2020-07-22 22:24:37,106	INFO	Total steps: 3183180	Episode: 1780/2867	Avg reward: -19.75	Avg steps: 3167
2020-07-22 22:53:47,830	INFO	Total steps: 3242932	Episode: 1800/3860	Avg reward: -19.75	Avg steps: 2986
2020-07-22 23:25:00,431	INFO	Total steps: 3306776	Episode: 1820/3069	Avg reward: -19.65	Avg steps: 3191
2020-07-22 23:54:07,384	INFO	Total steps: 3366329	Episode: 1840/2159	Avg reward: -19.80	Avg steps: 2976
2020-07-23 00:22:06,971	INFO	Total steps: 3422761	Episode: 1860/1930	Avg reward: -19.70	Avg steps: 2820
2020-07-23 00:50:48,952	INFO	Total steps: 3481259	Episode: 1880/3545	Avg reward: -19.85	Avg steps: 2923
2020-07-23 01:27:59,264	INFO	Total steps: 3555816	Episode: 1900/2708	Avg reward: -19.70	Avg steps: 3726
2020-07-23 02:15:04,067	INFO	Total steps: 3649422	Episode: 1920/3635	Avg reward: -19.85	Avg steps: 4679
2020-07-23 02:59:13,827	INFO	Total steps: 3737119	Episode: 1940/5023	Avg reward: -19.80	Avg steps: 4383
2020-07-23 03:57:58,997	INFO	Total steps: 3852974	Episode: 1960/6861	Avg reward: -19.70	Avg steps: 5791
2020-07-23 04:52:10,765	INFO	Total steps: 3959963	Episode: 1980/3845	Avg reward: -19.80	Avg steps: 5348
2020-07-23 05:24:01,608	INFO	Total steps: 4022655	Episode: 2000/2536	Avg reward: -19.75	Avg steps: 3133
2020-07-23 05:58:02,127	INFO	Total steps: 4090873	Episode: 2020/6253	Avg reward: -19.55	Avg steps: 3409
2020-07-23 06:30:10,176	INFO	Total steps: 4155422	Episode: 2040/3223	Avg reward: -19.80	Avg steps: 3226
2020-07-23 07:14:33,187	INFO	Total steps: 4244869	Episode: 2060/4386	Avg reward: -19.75	Avg steps: 4471
2020-07-23 08:23:58,298	INFO	Total steps: 4383173	Episode: 2080/8347	Avg reward: -19.95	Avg steps: 6914
2020-07-23 09:05:30,422	INFO	Total steps: 4465590	Episode: 2100/1554	Avg reward: -19.80	Avg steps: 4119
2020-07-23 09:39:03,872	INFO	Total steps: 4532048	Episode: 2120/4326	Avg reward: -19.90	Avg steps: 3321
2020-07-23 10:16:10,230	INFO	Total steps: 4605871	Episode: 2140/3625	Avg reward: -19.80	Avg steps: 3690
2020-07-23 10:57:22,664	INFO	Total steps: 4687488	Episode: 2160/6360	Avg reward: -19.70	Avg steps: 4079
2020-07-23 11:48:23,707	INFO	Total steps: 4788592	Episode: 2180/7490	Avg reward: -20.00	Avg steps: 5054
2020-07-23 12:53:25,423	INFO	Total steps: 4917648	Episode: 2200/3778	Avg reward: -19.80	Avg steps: 6451
2020-07-23 13:58:06,707	INFO	Total steps: 5045745	Episode: 2220/5179	Avg reward: -19.80	Avg steps: 6403
2020-07-23 14:56:10,984	INFO	Total steps: 5160858	Episode: 2240/5081	Avg reward: -19.70	Avg steps: 5754
2020-07-23 15:48:05,609	INFO	Total steps: 5262841	Episode: 2260/4255	Avg reward: -19.80	Avg steps: 5098
2020-07-23 16:42:45,986	INFO	Total steps: 5369909	Episode: 2280/5974	Avg reward: -19.75	Avg steps: 5352
2020-07-23 17:34:59,458	INFO	Total steps: 5472642	Episode: 2300/6883	Avg reward: -19.75	Avg steps: 5135
2020-07-23 18:12:31,574	INFO	Total steps: 5546415	Episode: 2320/2521	Avg reward: -19.70	Avg steps: 3687
2020-07-23 18:48:43,145	INFO	Total steps: 5617323	Episode: 2340/2176	Avg reward: -19.85	Avg steps: 3544
2020-07-23 19:24:16,587	INFO	Total steps: 5686795	Episode: 2360/5616	Avg reward: -19.60	Avg steps: 3472
2020-07-23 20:03:58,906	INFO	Total steps: 5764707	Episode: 2380/3020	Avg reward: -19.75	Avg steps: 3894
2020-07-23 20:36:50,536	INFO	Total steps: 5829038	Episode: 2400/5066	Avg reward: -19.65	Avg steps: 3215
2020-07-23 21:12:20,604	INFO	Total steps: 5898757	Episode: 2420/2315	Avg reward: -19.65	Avg steps: 3484
2020-07-23 21:48:24,761	INFO	Total steps: 5969516	Episode: 2440/2309	Avg reward: -19.85	Avg steps: 3536
2020-07-23 22:26:05,984	INFO	Total steps: 6043494	Episode: 2460/6511	Avg reward: -19.90	Avg steps: 3697
2020-07-23 23:02:29,427	INFO	Total steps: 6114904	Episode: 2480/4334	Avg reward: -19.75	Avg steps: 3569
2020-07-24 00:10:51,656	INFO	Total steps: 6249317	Episode: 2500/14403	Avg reward: -19.85	Avg steps: 6719
2020-07-24 01:27:06,306	INFO	Total steps: 6397666	Episode: 2520/5455	Avg reward: -19.60	Avg steps: 7416
2020-07-24 02:32:28,042	INFO	Total steps: 6526650	Episode: 2540/4879	Avg reward: -19.70	Avg steps: 6448
2020-07-24 02:58:28,370	INFO	Total steps: 6577914	Episode: 2560/2473	Avg reward: -19.90	Avg steps: 2562
2020-07-24 03:25:45,840	INFO	Total steps: 6631833	Episode: 2580/4032	Avg reward: -19.85	Avg steps: 2694
2020-07-24 04:02:31,536	INFO	Total steps: 6704621	Episode: 2600/4065	Avg reward: -19.70	Avg steps: 3638
2020-07-24 04:36:52,958	INFO	Total steps: 6772402	Episode: 2620/3875	Avg reward: -19.60	Avg steps: 3388
2020-07-24 05:04:21,885	INFO	Total steps: 6826538	Episode: 2640/2404	Avg reward: -19.65	Avg steps: 2705
2020-07-24 05:36:28,892	INFO	Total steps: 6890067	Episode: 2660/2574	Avg reward: -19.75	Avg steps: 3175
2020-07-24 06:08:33,339	INFO	Total steps: 6953990	Episode: 2680/3949	Avg reward: -19.95	Avg steps: 3195
2020-07-24 06:37:54,659	INFO	Total steps: 7013065	Episode: 2700/2553	Avg reward: -19.95	Avg steps: 2952
2020-07-24 07:13:46,819	INFO	Total steps: 7085199	Episode: 2720/3882	Avg reward: -19.90	Avg steps: 3605
2020-07-24 07:51:10,210	INFO	Total steps: 7159829	Episode: 2740/3562	Avg reward: -19.80	Avg steps: 3730
2020-07-24 08:44:00,815	INFO	Total steps: 7265816	Episode: 2760/7015	Avg reward: -19.95	Avg steps: 5298
2020-07-24 09:20:54,964	INFO	Total steps: 7339254	Episode: 2780/3175	Avg reward: -19.85	Avg steps: 3670
2020-07-24 09:54:31,855	INFO	Total steps: 7406260	Episode: 2800/3773	Avg reward: -19.80	Avg steps: 3349
2020-07-24 10:35:56,359	INFO	Total steps: 7488977	Episode: 2820/3853	Avg reward: -19.95	Avg steps: 4134
2020-07-24 11:20:13,120	INFO	Total steps: 7577239	Episode: 2840/4175	Avg reward: -19.65	Avg steps: 4412
2020-07-24 12:14:38,623	INFO	Total steps: 7685393	Episode: 2860/5405	Avg reward: -19.80	Avg steps: 5406
2020-07-24 12:59:36,618	INFO	Total steps: 7782046	Episode: 2880/3239	Avg reward: -19.85	Avg steps: 4831
2020-07-24 13:32:59,118	INFO	Total steps: 7861840	Episode: 2900/2946	Avg reward: -19.70	Avg steps: 3988
2020-07-24 14:03:54,266	INFO	Total steps: 7935330	Episode: 2920/3494	Avg reward: -19.70	Avg steps: 3673
2020-07-24 14:36:12,392	INFO	Total steps: 8012634	Episode: 2940/2961	Avg reward: -19.70	Avg steps: 3864
2020-07-24 15:05:16,093	INFO	Total steps: 8082101	Episode: 2960/3705	Avg reward: -19.60	Avg steps: 3472
2020-07-24 15:37:46,313	INFO	Total steps: 8159880	Episode: 2980/3493	Avg reward: -19.60	Avg steps: 3887
2020-07-24 16:09:44,195	INFO	Total steps: 8236419	Episode: 3000/7260	Avg reward: -19.85	Avg steps: 3825
2020-07-24 16:53:36,251	INFO	Total steps: 8341222	Episode: 3020/3867	Avg reward: -19.45	Avg steps: 5239
2020-07-24 17:34:41,939	INFO	Total steps: 8439864	Episode: 3040/8109	Avg reward: -19.85	Avg steps: 4931
2020-07-24 18:16:59,542	INFO	Total steps: 8540859	Episode: 3060/4651	Avg reward: -19.65	Avg steps: 5048
2020-07-24 18:59:48,051	INFO	Total steps: 8642822	Episode: 3080/2308	Avg reward: -19.60	Avg steps: 5097
2020-07-24 20:01:04,148	INFO	Total steps: 8789095	Episode: 3100/7267	Avg reward: -19.80	Avg steps: 7312
2020-07-24 20:46:41,467	INFO	Total steps: 8898299	Episode: 3120/9025	Avg reward: -19.90	Avg steps: 5459
2020-07-24 21:36:59,356	INFO	Total steps: 9018965	Episode: 3140/4339	Avg reward: -19.75	Avg steps: 6032
2020-07-24 22:38:51,378	INFO	Total steps: 9167407	Episode: 3160/8022	Avg reward: -19.85	Avg steps: 7421
2020-07-24 23:41:46,749	INFO	Total steps: 9322234	Episode: 3180/2999	Avg reward: -19.80	Avg steps: 7740
2020-07-25 00:33:25,961	INFO	Total steps: 9449851	Episode: 3200/2157	Avg reward: -19.60	Avg steps: 6379
2020-07-25 01:10:40,341	INFO	Total steps: 9542308	Episode: 3220/6705	Avg reward: -19.75	Avg steps: 4621
2020-07-25 01:44:45,641	INFO	Total steps: 9627842	Episode: 3240/8083	Avg reward: -19.70	Avg steps: 4275
2020-07-25 02:34:56,550	INFO	Total steps: 9753839	Episode: 3260/5669	Avg reward: -19.70	Avg steps: 6298
2020-07-25 03:19:02,674	INFO	Total steps: 9864645	Episode: 3280/2462	Avg reward: -19.80	Avg steps: 5539
2020-07-25 04:12:41,017	INFO	Total steps: 9999226	Episode: 3300/7529	Avg reward: -20.00	Avg steps: 6728
2020-07-25 05:37:48,437	INFO	Total steps: 10213215	Episode: 3320/10520	Avg reward: -19.65	Avg steps: 10698
2020-07-25 06:55:53,042	INFO	Total steps: 10406132	Episode: 3340/13897	Avg reward: -19.85	Avg steps: 9644
2020-07-25 08:29:30,746	INFO	Total steps: 10640463	Episode: 3360/18148	Avg reward: -19.90	Avg steps: 11715
2020-07-25 09:33:25,370	INFO	Total steps: 10802832	Episode: 3380/3915	Avg reward: -19.75	Avg steps: 8117
2020-07-25 10:19:14,462	INFO	Total steps: 10918577	Episode: 3400/4699	Avg reward: -19.85	Avg steps: 5786
2020-07-25 10:53:10,617	INFO	Total steps: 11004363	Episode: 3420/5318	Avg reward: -19.95	Avg steps: 4288
2020-07-25 11:26:11,535	INFO	Total steps: 11088225	Episode: 3440/3252	Avg reward: -19.60	Avg steps: 4192
2020-07-25 12:04:31,149	INFO	Total steps: 11185053	Episode: 3460/5337	Avg reward: -19.90	Avg steps: 4840
2020-07-25 12:38:10,866	INFO	Total steps: 11270279	Episode: 3480/2909	Avg reward: -19.70	Avg steps: 4260
2020-07-25 13:13:28,101	INFO	Total steps: 11359326	Episode: 3500/2884	Avg reward: -19.80	Avg steps: 4451
2020-07-25 13:45:08,701	INFO	Total steps: 11439742	Episode: 3520/2866	Avg reward: -19.90	Avg steps: 4019
2020-07-25 14:17:25,818	INFO	Total steps: 11522505	Episode: 3540/1709	Avg reward: -19.70	Avg steps: 4137
2020-07-25 14:57:15,824	INFO	Total steps: 11624241	Episode: 3560/5102	Avg reward: -19.85	Avg steps: 5085
2020-07-25 15:35:50,169	INFO	Total steps: 11722628	Episode: 3580/3489	Avg reward: -19.85	Avg steps: 4918
2020-07-25 16:19:51,250	INFO	Total steps: 11834154	Episode: 3600/5976	Avg reward: -19.85	Avg steps: 5575
2020-07-25 16:50:18,205	INFO	Total steps: 11911264	Episode: 3620/2478	Avg reward: -19.75	Avg steps: 3854
2020-07-25 17:23:36,681	INFO	Total steps: 11995656	Episode: 3640/4413	Avg reward: -19.95	Avg steps: 4218
2020-07-25 17:52:22,668	INFO	Total steps: 12068057	Episode: 3660/2305	Avg reward: -19.80	Avg steps: 3619
2020-07-25 18:40:34,726	INFO	Total steps: 12190499	Episode: 3680/7180	Avg reward: -19.55	Avg steps: 6121
2020-07-25 19:29:41,861	INFO	Total steps: 12313558	Episode: 3700/4968	Avg reward: -19.85	Avg steps: 6151
2020-07-25 20:24:02,631	INFO	Total steps: 12447190	Episode: 3720/5305	Avg reward: -19.75	Avg steps: 6680
2020-07-25 21:18:09,058	INFO	Total steps: 12580562	Episode: 3740/6321	Avg reward: -19.70	Avg steps: 6667
2020-07-25 21:59:36,489	INFO	Total steps: 12685449	Episode: 3760/6262	Avg reward: -19.85	Avg steps: 5243
2020-07-25 22:54:37,431	INFO	Total steps: 12824745	Episode: 3780/4997	Avg reward: -19.80	Avg steps: 6963
2020-07-25 23:47:25,391	INFO	Total steps: 12956317	Episode: 3800/10116	Avg reward: -19.95	Avg steps: 6577
2020-07-26 00:36:46,169	INFO	Total steps: 13077747	Episode: 3820/5515	Avg reward: -19.60	Avg steps: 6070
2020-07-26 01:22:36,635	INFO	Total steps: 13190616	Episode: 3840/6554	Avg reward: -19.80	Avg steps: 5642
2020-07-26 01:56:25,677	INFO	Total steps: 13274422	Episode: 3860/2633	Avg reward: -19.90	Avg steps: 4189
2020-07-26 02:31:04,537	INFO	Total steps: 13360645	Episode: 3880/8315	Avg reward: -19.80	Avg steps: 4310
2020-07-26 03:13:49,526	INFO	Total steps: 13467071	Episode: 3900/10673	Avg reward: -19.75	Avg steps: 5320
2020-07-26 04:13:01,557	INFO	Total steps: 13612669	Episode: 3920/6143	Avg reward: -19.90	Avg steps: 7278
2020-07-26 05:05:27,297	INFO	Total steps: 13740773	Episode: 3940/7155	Avg reward: -19.95	Avg steps: 6404
2020-07-26 05:57:59,580	INFO	Total steps: 13871971	Episode: 3960/5935	Avg reward: -19.75	Avg steps: 6558
2020-07-26 06:13:14,193	INFO	Total steps: 13909889	Episode: 3980/6854	Avg reward: -20.00	Avg steps: 1894
2020-07-26 07:02:02,771	INFO	Total steps: 14031069	Episode: 4000/2837	Avg reward: -19.80	Avg steps: 6058
