2020-07-01 22:19:27,909	INFO	--width 160 --height 160 --ball 1.0 --ball-size 2.0 --snell 1.0 --snell-width 80.0 --snell-change 0.0 --snell-visible none --paddle-speed 1.0 --paddle-angle 45.0 --paddle-length 10.0 --update-prob 0.2 --state binary --learning-rate 0.0001 --network dqn_pong_model --render False --epsdecay 1000 --episodes 4000 --replay 10000 --checkpoint dqn_pong_model --history history.p --store-dir ../experiments/snell_width.80.0-paddle_length.10.0-paddle_angle.45.0-update_prob.0.2 
2020-07-01 22:19:27,909	INFO	Device: cuda
2020-07-01 23:27:37,976	INFO	--width 160 --height 160 --ball 1.0 --ball-size 2.0 --snell 1.0 --snell-width 80.0 --snell-change 0.0 --snell-visible none --paddle-speed 1.0 --paddle-angle 45.0 --paddle-length 10.0 --update-prob 0.2 --state binary --learning-rate 0.0001 --network dqn_pong_model --render False --epsdecay 1000 --episodes 4000 --replay 10000 --checkpoint dqn_pong_model --history history.p --store-dir ../experiments/snell_width.80.0-paddle_length.10.0-paddle_angle.45.0-update_prob.0.2 
2020-07-01 23:27:38,108	INFO	Device: cuda
2020-07-01 23:29:13,988	INFO	Total steps: 10951	Episode: 20/447	Avg reward: -18.65	Avg steps: 546
2020-07-01 23:36:05,061	INFO	Total steps: 22614	Episode: 40/509	Avg reward: -18.40	Avg steps: 582
2020-07-01 23:42:45,002	INFO	Total steps: 33828	Episode: 60/443	Avg reward: -18.75	Avg steps: 559
2020-07-01 23:50:45,634	INFO	Total steps: 47247	Episode: 80/660	Avg reward: -18.10	Avg steps: 669
2020-07-01 23:58:26,041	INFO	Total steps: 60264	Episode: 100/515	Avg reward: -18.30	Avg steps: 649
2020-07-02 00:05:51,811	INFO	Total steps: 72752	Episode: 120/442	Avg reward: -18.50	Avg steps: 623
2020-07-02 00:13:20,431	INFO	Total steps: 85359	Episode: 140/572	Avg reward: -17.75	Avg steps: 629
2020-07-02 00:31:44,171	INFO	Total steps: 97970	Episode: 160/637	Avg reward: -18.10	Avg steps: 629
2020-07-02 00:38:15,270	INFO	Total steps: 111099	Episode: 180/913	Avg reward: -17.95	Avg steps: 655
2020-07-02 00:44:41,351	INFO	Total steps: 123682	Episode: 200/516	Avg reward: -18.50	Avg steps: 628
2020-07-02 00:51:21,200	INFO	Total steps: 137124	Episode: 220/696	Avg reward: -17.85	Avg steps: 671
2020-07-02 00:57:35,628	INFO	Total steps: 150696	Episode: 240/540	Avg reward: -17.75	Avg steps: 677
2020-07-02 01:04:20,061	INFO	Total steps: 164641	Episode: 260/592	Avg reward: -17.15	Avg steps: 696
2020-07-02 01:11:09,503	INFO	Total steps: 178922	Episode: 280/435	Avg reward: -17.85	Avg steps: 713
2020-07-02 01:18:58,990	INFO	Total steps: 195125	Episode: 300/1006	Avg reward: -16.90	Avg steps: 809
2020-07-02 01:26:11,185	INFO	Total steps: 210239	Episode: 320/607	Avg reward: -17.20	Avg steps: 754
2020-07-02 01:33:23,224	INFO	Total steps: 225226	Episode: 340/717	Avg reward: -17.05	Avg steps: 748
2020-07-02 01:40:13,545	INFO	Total steps: 239893	Episode: 360/605	Avg reward: -17.70	Avg steps: 732
2020-07-02 01:46:52,333	INFO	Total steps: 254176	Episode: 380/667	Avg reward: -17.40	Avg steps: 713
2020-07-02 01:53:58,848	INFO	Total steps: 269440	Episode: 400/595	Avg reward: -17.15	Avg steps: 762
2020-07-02 02:01:55,924	INFO	Total steps: 286361	Episode: 420/1240	Avg reward: -16.60	Avg steps: 845
2020-07-02 02:09:15,700	INFO	Total steps: 302206	Episode: 440/860	Avg reward: -15.80	Avg steps: 791
2020-07-02 02:17:16,862	INFO	Total steps: 319431	Episode: 460/1290	Avg reward: -16.25	Avg steps: 860
2020-07-02 02:24:34,800	INFO	Total steps: 335108	Episode: 480/1123	Avg reward: -16.70	Avg steps: 782
2020-07-02 02:32:16,404	INFO	Total steps: 351866	Episode: 500/773	Avg reward: -16.00	Avg steps: 836
2020-07-02 02:40:50,811	INFO	Total steps: 369835	Episode: 520/1210	Avg reward: -16.20	Avg steps: 897
2020-07-02 02:49:59,463	INFO	Total steps: 388892	Episode: 540/1137	Avg reward: -15.90	Avg steps: 951
2020-07-02 02:59:48,906	INFO	Total steps: 407662	Episode: 560/1080	Avg reward: -15.15	Avg steps: 937
2020-07-02 03:09:42,706	INFO	Total steps: 426662	Episode: 580/777	Avg reward: -15.60	Avg steps: 949
2020-07-02 03:20:29,520	INFO	Total steps: 447451	Episode: 600/1144	Avg reward: -14.80	Avg steps: 1038
2020-07-02 03:30:40,782	INFO	Total steps: 467242	Episode: 620/873	Avg reward: -15.25	Avg steps: 988
2020-07-02 03:41:41,933	INFO	Total steps: 488636	Episode: 640/1140	Avg reward: -13.70	Avg steps: 1068
2020-07-02 03:54:36,686	INFO	Total steps: 513323	Episode: 660/1602	Avg reward: -12.35	Avg steps: 1233
2020-07-02 04:06:40,965	INFO	Total steps: 536673	Episode: 680/1146	Avg reward: -13.40	Avg steps: 1166
2020-07-02 04:17:35,538	INFO	Total steps: 558001	Episode: 700/1080	Avg reward: -14.70	Avg steps: 1065
2020-07-02 04:28:55,498	INFO	Total steps: 580233	Episode: 720/1143	Avg reward: -14.15	Avg steps: 1110
2020-07-02 04:41:28,076	INFO	Total steps: 604960	Episode: 740/1432	Avg reward: -13.30	Avg steps: 1235
2020-07-02 04:53:17,742	INFO	Total steps: 628333	Episode: 760/1976	Avg reward: -13.25	Avg steps: 1167
2020-07-02 05:04:46,529	INFO	Total steps: 650992	Episode: 780/1187	Avg reward: -12.85	Avg steps: 1131
2020-07-02 05:17:38,908	INFO	Total steps: 676428	Episode: 800/1305	Avg reward: -12.00	Avg steps: 1270
2020-07-02 05:32:39,392	INFO	Total steps: 705721	Episode: 820/1522	Avg reward: -10.80	Avg steps: 1463
2020-07-02 05:45:13,080	INFO	Total steps: 730565	Episode: 840/1468	Avg reward: -11.05	Avg steps: 1241
2020-07-02 05:57:33,941	INFO	Total steps: 754750	Episode: 860/1354	Avg reward: -11.20	Avg steps: 1208
2020-07-02 06:11:08,259	INFO	Total steps: 781059	Episode: 880/1118	Avg reward: -10.60	Avg steps: 1314
2020-07-02 06:24:20,985	INFO	Total steps: 806562	Episode: 900/1231	Avg reward: -11.65	Avg steps: 1274
2020-07-02 06:39:55,420	INFO	Total steps: 837199	Episode: 920/1824	Avg reward: -9.85	Avg steps: 1530
2020-07-02 06:54:34,720	INFO	Total steps: 866498	Episode: 940/1260	Avg reward: -9.90	Avg steps: 1463
2020-07-02 07:08:40,759	INFO	Total steps: 894693	Episode: 960/1101	Avg reward: -10.95	Avg steps: 1408
2020-07-02 07:23:00,579	INFO	Total steps: 922362	Episode: 980/1984	Avg reward: -9.25	Avg steps: 1382
2020-07-02 07:38:48,215	INFO	Total steps: 953252	Episode: 1000/1354	Avg reward: -8.95	Avg steps: 1543
2020-07-02 07:52:53,409	INFO	Total steps: 980988	Episode: 1020/1169	Avg reward: -10.55	Avg steps: 1385
2020-07-02 08:07:20,694	INFO	Total steps: 1009635	Episode: 1040/1229	Avg reward: -9.65	Avg steps: 1431
2020-07-02 08:22:47,345	INFO	Total steps: 1040100	Episode: 1060/1261	Avg reward: -8.05	Avg steps: 1522
2020-07-02 08:38:04,885	INFO	Total steps: 1070547	Episode: 1080/1370	Avg reward: -9.10	Avg steps: 1521
2020-07-02 08:55:26,823	INFO	Total steps: 1105771	Episode: 1100/1967	Avg reward: -7.65	Avg steps: 1760
2020-07-02 09:10:44,050	INFO	Total steps: 1135573	Episode: 1120/1180	Avg reward: -9.35	Avg steps: 1489
2020-07-02 09:26:07,500	INFO	Total steps: 1165454	Episode: 1140/1365	Avg reward: -8.55	Avg steps: 1493
2020-07-02 09:42:59,785	INFO	Total steps: 1197748	Episode: 1160/1289	Avg reward: -6.95	Avg steps: 1613
2020-07-02 10:00:33,972	INFO	Total steps: 1231759	Episode: 1180/1626	Avg reward: -6.95	Avg steps: 1699
2020-07-02 10:17:25,031	INFO	Total steps: 1264646	Episode: 1200/2129	Avg reward: -7.05	Avg steps: 1643
2020-07-02 10:34:50,492	INFO	Total steps: 1298282	Episode: 1220/2205	Avg reward: -7.70	Avg steps: 1680
2020-07-02 10:52:40,789	INFO	Total steps: 1332671	Episode: 1240/1379	Avg reward: -6.65	Avg steps: 1718
2020-07-02 11:12:45,820	INFO	Total steps: 1371292	Episode: 1260/2305	Avg reward: -3.05	Avg steps: 1930
2020-07-02 11:31:52,487	INFO	Total steps: 1408755	Episode: 1280/1363	Avg reward: -2.20	Avg steps: 1872
2020-07-02 11:50:19,883	INFO	Total steps: 1445009	Episode: 1300/1961	Avg reward: -3.90	Avg steps: 1811
2020-07-02 12:08:47,557	INFO	Total steps: 1482499	Episode: 1320/1652	Avg reward: -4.25	Avg steps: 1873
2020-07-02 12:27:52,668	INFO	Total steps: 1521226	Episode: 1340/2392	Avg reward: -4.60	Avg steps: 1935
2020-07-02 12:47:22,412	INFO	Total steps: 1560188	Episode: 1360/1089	Avg reward: -2.95	Avg steps: 1947
2020-07-02 13:06:02,925	INFO	Total steps: 1597882	Episode: 1380/1957	Avg reward: -3.65	Avg steps: 1883
2020-07-02 13:25:24,010	INFO	Total steps: 1636178	Episode: 1400/1940	Avg reward: -0.80	Avg steps: 1913
2020-07-02 13:44:22,577	INFO	Total steps: 1673959	Episode: 1420/2179	Avg reward: -2.90	Avg steps: 1888
2020-07-02 14:05:00,674	INFO	Total steps: 1715532	Episode: 1440/2290	Avg reward: -0.40	Avg steps: 2077
2020-07-02 14:23:18,501	INFO	Total steps: 1752278	Episode: 1460/1640	Avg reward: -0.80	Avg steps: 1836
2020-07-02 14:41:09,903	INFO	Total steps: 1788224	Episode: 1480/1999	Avg reward: -1.00	Avg steps: 1796
2020-07-02 15:02:33,114	INFO	Total steps: 1831088	Episode: 1500/1402	Avg reward: -0.25	Avg steps: 2142
2020-07-02 15:23:13,833	INFO	Total steps: 1872287	Episode: 1520/1480	Avg reward: 0.85	Avg steps: 2058
2020-07-02 15:44:08,566	INFO	Total steps: 1914170	Episode: 1540/2544	Avg reward: -0.65	Avg steps: 2093
2020-07-02 16:04:13,972	INFO	Total steps: 1953932	Episode: 1560/2294	Avg reward: 2.55	Avg steps: 1987
2020-07-02 16:25:19,839	INFO	Total steps: 1996554	Episode: 1580/1823	Avg reward: 2.35	Avg steps: 2130
2020-07-02 16:45:43,728	INFO	Total steps: 2037702	Episode: 1600/1717	Avg reward: 0.75	Avg steps: 2056
2020-07-02 17:06:49,398	INFO	Total steps: 2079943	Episode: 1620/1876	Avg reward: 4.10	Avg steps: 2111
2020-07-02 17:26:41,458	INFO	Total steps: 2119704	Episode: 1640/2261	Avg reward: 5.15	Avg steps: 1987
2020-07-02 17:47:58,598	INFO	Total steps: 2162748	Episode: 1660/2405	Avg reward: 3.15	Avg steps: 2151
2020-07-02 18:09:06,654	INFO	Total steps: 2205722	Episode: 1680/2687	Avg reward: 3.10	Avg steps: 2147
2020-07-02 18:30:54,971	INFO	Total steps: 2250017	Episode: 1700/2609	Avg reward: 5.70	Avg steps: 2213
2020-07-02 18:52:56,048	INFO	Total steps: 2293654	Episode: 1720/1852	Avg reward: 3.15	Avg steps: 2180
2020-07-02 19:14:04,109	INFO	Total steps: 2335791	Episode: 1740/1948	Avg reward: 3.65	Avg steps: 2105
2020-07-02 19:35:19,386	INFO	Total steps: 2377816	Episode: 1760/1677	Avg reward: 5.30	Avg steps: 2100
2020-07-02 19:55:45,503	INFO	Total steps: 2418755	Episode: 1780/2027	Avg reward: 7.80	Avg steps: 2045
2020-07-02 20:17:12,369	INFO	Total steps: 2461905	Episode: 1800/2246	Avg reward: 8.60	Avg steps: 2156
2020-07-02 20:38:10,671	INFO	Total steps: 2503776	Episode: 1820/2013	Avg reward: 8.15	Avg steps: 2092
2020-07-02 20:57:08,229	INFO	Total steps: 2541339	Episode: 1840/2035	Avg reward: 8.50	Avg steps: 1877
2020-07-02 21:18:09,889	INFO	Total steps: 2583202	Episode: 1860/2222	Avg reward: 7.65	Avg steps: 2092
2020-07-02 21:38:43,136	INFO	Total steps: 2624068	Episode: 1880/2360	Avg reward: 7.80	Avg steps: 2042
2020-07-02 21:58:26,849	INFO	Total steps: 2663813	Episode: 1900/2980	Avg reward: 7.10	Avg steps: 1986
2020-07-02 22:18:37,349	INFO	Total steps: 2704666	Episode: 1920/2111	Avg reward: 8.95	Avg steps: 2041
2020-07-02 22:36:42,237	INFO	Total steps: 2741588	Episode: 1940/2087	Avg reward: 9.30	Avg steps: 1845
2020-07-02 22:55:16,483	INFO	Total steps: 2779834	Episode: 1960/1751	Avg reward: 7.35	Avg steps: 1911
2020-07-02 23:14:26,743	INFO	Total steps: 2818846	Episode: 1980/1581	Avg reward: 9.00	Avg steps: 1949
2020-07-02 23:34:30,221	INFO	Total steps: 2859763	Episode: 2000/2221	Avg reward: 9.55	Avg steps: 2044
2020-07-02 23:54:25,866	INFO	Total steps: 2900521	Episode: 2020/2350	Avg reward: 8.80	Avg steps: 2036
2020-07-03 00:13:31,611	INFO	Total steps: 2939257	Episode: 2040/1872	Avg reward: 10.25	Avg steps: 1935
2020-07-03 00:33:38,771	INFO	Total steps: 2979175	Episode: 2060/2850	Avg reward: 10.85	Avg steps: 1994
2020-07-03 00:54:22,698	INFO	Total steps: 3019433	Episode: 2080/1695	Avg reward: 8.45	Avg steps: 2011
2020-07-03 01:13:28,807	INFO	Total steps: 3056848	Episode: 2100/1647	Avg reward: 11.45	Avg steps: 1869
2020-07-03 01:33:00,462	INFO	Total steps: 3095701	Episode: 2120/1960	Avg reward: 10.35	Avg steps: 1941
2020-07-03 01:52:59,812	INFO	Total steps: 3135036	Episode: 2140/1815	Avg reward: 10.95	Avg steps: 1965
2020-07-03 02:11:20,943	INFO	Total steps: 3171937	Episode: 2160/1645	Avg reward: 10.90	Avg steps: 1844
2020-07-03 02:31:04,361	INFO	Total steps: 3211887	Episode: 2180/1477	Avg reward: 9.80	Avg steps: 1996
2020-07-03 02:50:09,948	INFO	Total steps: 3250369	Episode: 2200/2170	Avg reward: 10.75	Avg steps: 1923
2020-07-03 03:10:03,090	INFO	Total steps: 3290261	Episode: 2220/2303	Avg reward: 10.25	Avg steps: 1993
2020-07-03 03:29:36,606	INFO	Total steps: 3329239	Episode: 2240/1539	Avg reward: 11.35	Avg steps: 1947
2020-07-03 03:48:25,112	INFO	Total steps: 3367451	Episode: 2260/2139	Avg reward: 11.45	Avg steps: 1909
2020-07-03 04:05:43,887	INFO	Total steps: 3402912	Episode: 2280/1451	Avg reward: 12.30	Avg steps: 1772
2020-07-03 04:25:04,634	INFO	Total steps: 3441370	Episode: 2300/2832	Avg reward: 11.40	Avg steps: 1921
2020-07-03 04:43:31,017	INFO	Total steps: 3477671	Episode: 2320/1471	Avg reward: 12.25	Avg steps: 1814
2020-07-03 05:02:49,428	INFO	Total steps: 3515618	Episode: 2340/1938	Avg reward: 11.95	Avg steps: 1896
2020-07-03 05:23:33,015	INFO	Total steps: 3556743	Episode: 2360/2050	Avg reward: 13.70	Avg steps: 2055
2020-07-03 05:43:33,338	INFO	Total steps: 3596846	Episode: 2380/2933	Avg reward: 12.20	Avg steps: 2004
2020-07-03 06:03:36,024	INFO	Total steps: 3635937	Episode: 2400/2000	Avg reward: 11.95	Avg steps: 1953
2020-07-03 06:23:17,969	INFO	Total steps: 3674707	Episode: 2420/2284	Avg reward: 11.70	Avg steps: 1937
2020-07-03 06:42:17,615	INFO	Total steps: 3711811	Episode: 2440/1664	Avg reward: 11.00	Avg steps: 1854
2020-07-03 07:02:22,942	INFO	Total steps: 3750849	Episode: 2460/1950	Avg reward: 12.65	Avg steps: 1950
2020-07-03 07:21:33,422	INFO	Total steps: 3789537	Episode: 2480/1598	Avg reward: 11.90	Avg steps: 1933
2020-07-03 07:40:46,247	INFO	Total steps: 3829024	Episode: 2500/1725	Avg reward: 13.05	Avg steps: 1973
2020-07-03 07:58:34,000	INFO	Total steps: 3865508	Episode: 2520/1774	Avg reward: 13.95	Avg steps: 1823
2020-07-03 08:17:31,585	INFO	Total steps: 3901921	Episode: 2540/2117	Avg reward: 14.10	Avg steps: 1819
2020-07-03 08:39:26,875	INFO	Total steps: 3943190	Episode: 2560/2734	Avg reward: 11.40	Avg steps: 2062
2020-07-03 09:00:31,049	INFO	Total steps: 3983343	Episode: 2580/1834	Avg reward: 12.00	Avg steps: 2006
2020-07-03 09:19:58,556	INFO	Total steps: 4020314	Episode: 2600/1899	Avg reward: 12.70	Avg steps: 1847
2020-07-03 09:39:54,187	INFO	Total steps: 4057601	Episode: 2620/2081	Avg reward: 13.65	Avg steps: 1863
2020-07-03 09:59:15,979	INFO	Total steps: 4094014	Episode: 2640/2035	Avg reward: 12.75	Avg steps: 1819
2020-07-03 10:19:54,923	INFO	Total steps: 4132233	Episode: 2660/1856	Avg reward: 13.00	Avg steps: 1909
2020-07-03 10:39:47,362	INFO	Total steps: 4169439	Episode: 2680/1898	Avg reward: 13.65	Avg steps: 1859
2020-07-03 11:00:27,363	INFO	Total steps: 4207990	Episode: 2700/1661	Avg reward: 12.80	Avg steps: 1926
2020-07-03 11:19:50,095	INFO	Total steps: 4244182	Episode: 2720/1480	Avg reward: 12.55	Avg steps: 1808
2020-07-03 11:39:23,051	INFO	Total steps: 4280985	Episode: 2740/1770	Avg reward: 13.90	Avg steps: 1839
2020-07-03 11:59:58,881	INFO	Total steps: 4319587	Episode: 2760/2058	Avg reward: 13.50	Avg steps: 1929
2020-07-03 12:20:16,661	INFO	Total steps: 4357982	Episode: 2780/1957	Avg reward: 13.75	Avg steps: 1918
2020-07-03 12:39:24,224	INFO	Total steps: 4394955	Episode: 2800/1764	Avg reward: 13.05	Avg steps: 1847
2020-07-03 12:59:06,262	INFO	Total steps: 4432336	Episode: 2820/1862	Avg reward: 13.50	Avg steps: 1868
2020-07-03 13:17:48,087	INFO	Total steps: 4467660	Episode: 2840/1745	Avg reward: 14.70	Avg steps: 1765
2020-07-03 13:37:05,163	INFO	Total steps: 4504092	Episode: 2860/1828	Avg reward: 14.65	Avg steps: 1820
2020-07-03 13:56:06,545	INFO	Total steps: 4539827	Episode: 2880/1981	Avg reward: 13.80	Avg steps: 1785
2020-07-03 14:15:31,609	INFO	Total steps: 4576959	Episode: 2900/2246	Avg reward: 13.40	Avg steps: 1855
2020-07-03 14:34:53,917	INFO	Total steps: 4613437	Episode: 2920/1895	Avg reward: 15.60	Avg steps: 1822
2020-07-03 14:53:32,406	INFO	Total steps: 4648446	Episode: 2940/1314	Avg reward: 15.15	Avg steps: 1749
2020-07-03 15:11:32,307	INFO	Total steps: 4682544	Episode: 2960/2225	Avg reward: 14.85	Avg steps: 1703
2020-07-03 15:31:39,732	INFO	Total steps: 4720397	Episode: 2980/1876	Avg reward: 14.20	Avg steps: 1891
2020-07-03 15:50:04,502	INFO	Total steps: 4755374	Episode: 3000/1852	Avg reward: 14.45	Avg steps: 1747
2020-07-03 16:10:40,091	INFO	Total steps: 4794482	Episode: 3020/1345	Avg reward: 13.80	Avg steps: 1954
2020-07-03 16:30:14,067	INFO	Total steps: 4831981	Episode: 3040/1780	Avg reward: 14.20	Avg steps: 1873
2020-07-03 16:51:07,642	INFO	Total steps: 4871475	Episode: 3060/2279	Avg reward: 14.95	Avg steps: 1973
2020-07-03 17:09:25,124	INFO	Total steps: 4906369	Episode: 3080/1902	Avg reward: 13.95	Avg steps: 1743
2020-07-03 17:29:19,994	INFO	Total steps: 4943970	Episode: 3100/1479	Avg reward: 14.00	Avg steps: 1879
2020-07-03 17:48:31,056	INFO	Total steps: 4980397	Episode: 3120/1812	Avg reward: 13.70	Avg steps: 1820
2020-07-03 18:07:32,578	INFO	Total steps: 5016470	Episode: 3140/3005	Avg reward: 13.95	Avg steps: 1802
2020-07-03 18:25:15,796	INFO	Total steps: 5050309	Episode: 3160/1591	Avg reward: 14.85	Avg steps: 1690
2020-07-03 18:43:14,918	INFO	Total steps: 5084806	Episode: 3180/1713	Avg reward: 15.10	Avg steps: 1723
2020-07-03 19:02:01,538	INFO	Total steps: 5120429	Episode: 3200/1664	Avg reward: 15.80	Avg steps: 1780
2020-07-03 19:19:52,967	INFO	Total steps: 5154353	Episode: 3220/1452	Avg reward: 14.60	Avg steps: 1695
2020-07-03 19:37:49,825	INFO	Total steps: 5188723	Episode: 3240/2081	Avg reward: 14.55	Avg steps: 1717
2020-07-03 19:55:54,269	INFO	Total steps: 5223178	Episode: 3260/1814	Avg reward: 15.15	Avg steps: 1721
2020-07-03 20:14:27,796	INFO	Total steps: 5258698	Episode: 3280/1749	Avg reward: 15.15	Avg steps: 1775
2020-07-03 20:34:40,507	INFO	Total steps: 5297227	Episode: 3300/1918	Avg reward: 13.20	Avg steps: 1925
2020-07-03 20:54:21,622	INFO	Total steps: 5334158	Episode: 3320/1654	Avg reward: 15.65	Avg steps: 1845
2020-07-03 21:12:42,915	INFO	Total steps: 5369435	Episode: 3340/1926	Avg reward: 16.20	Avg steps: 1762
2020-07-03 21:30:56,532	INFO	Total steps: 5404176	Episode: 3360/1903	Avg reward: 15.45	Avg steps: 1736
2020-07-03 21:51:04,046	INFO	Total steps: 5443837	Episode: 3380/2688	Avg reward: 14.40	Avg steps: 1982
2020-07-03 22:08:15,055	INFO	Total steps: 5477646	Episode: 3400/1696	Avg reward: 16.15	Avg steps: 1689
2020-07-03 22:27:32,307	INFO	Total steps: 5514502	Episode: 3420/2289	Avg reward: 14.45	Avg steps: 1841
2020-07-03 22:45:34,756	INFO	Total steps: 5550179	Episode: 3440/1796	Avg reward: 15.50	Avg steps: 1782
2020-07-03 23:02:36,878	INFO	Total steps: 5583919	Episode: 3460/1353	Avg reward: 16.05	Avg steps: 1686
2020-07-03 23:20:31,705	INFO	Total steps: 5619366	Episode: 3480/1634	Avg reward: 15.95	Avg steps: 1771
2020-07-03 23:39:17,031	INFO	Total steps: 5655387	Episode: 3500/1880	Avg reward: 15.05	Avg steps: 1800
2020-07-03 23:56:48,184	INFO	Total steps: 5689556	Episode: 3520/1384	Avg reward: 15.20	Avg steps: 1707
2020-07-04 00:16:55,505	INFO	Total steps: 5728069	Episode: 3540/1444	Avg reward: 15.70	Avg steps: 1924
2020-07-04 00:34:40,394	INFO	Total steps: 5762154	Episode: 3560/1640	Avg reward: 15.85	Avg steps: 1703
2020-07-04 00:53:41,501	INFO	Total steps: 5798530	Episode: 3580/2176	Avg reward: 15.50	Avg steps: 1817
2020-07-04 01:12:40,250	INFO	Total steps: 5833872	Episode: 3600/1458	Avg reward: 16.30	Avg steps: 1766
2020-07-04 01:31:27,159	INFO	Total steps: 5869167	Episode: 3620/1835	Avg reward: 15.65	Avg steps: 1763
2020-07-04 01:50:31,346	INFO	Total steps: 5905162	Episode: 3640/1585	Avg reward: 14.55	Avg steps: 1798
2020-07-04 02:09:49,768	INFO	Total steps: 5942102	Episode: 3660/2476	Avg reward: 14.65	Avg steps: 1846
2020-07-04 02:28:00,813	INFO	Total steps: 5978188	Episode: 3680/1645	Avg reward: 14.55	Avg steps: 1803
2020-07-04 02:46:19,119	INFO	Total steps: 6013687	Episode: 3700/1440	Avg reward: 16.25	Avg steps: 1773
2020-07-04 03:04:55,554	INFO	Total steps: 6049724	Episode: 3720/1902	Avg reward: 14.50	Avg steps: 1800
2020-07-04 03:26:11,943	INFO	Total steps: 6091011	Episode: 3740/1912	Avg reward: 14.60	Avg steps: 2063
2020-07-04 03:45:37,338	INFO	Total steps: 6127873	Episode: 3760/1792	Avg reward: 15.75	Avg steps: 1842
2020-07-04 04:03:54,484	INFO	Total steps: 6163472	Episode: 3780/1460	Avg reward: 15.20	Avg steps: 1778
2020-07-04 04:24:33,146	INFO	Total steps: 6202393	Episode: 3800/2326	Avg reward: 13.25	Avg steps: 1945
2020-07-04 04:45:05,152	INFO	Total steps: 6241540	Episode: 3820/1613	Avg reward: 13.80	Avg steps: 1956
2020-07-04 05:05:49,813	INFO	Total steps: 6281192	Episode: 3840/1214	Avg reward: 13.80	Avg steps: 1981
2020-07-04 05:24:12,735	INFO	Total steps: 6316085	Episode: 3860/1577	Avg reward: 14.55	Avg steps: 1743
2020-07-04 05:43:08,653	INFO	Total steps: 6352346	Episode: 3880/1315	Avg reward: 14.40	Avg steps: 1812
2020-07-04 06:02:55,920	INFO	Total steps: 6391894	Episode: 3900/2017	Avg reward: 12.55	Avg steps: 1976
2020-07-04 06:23:01,126	INFO	Total steps: 6430311	Episode: 3920/2434	Avg reward: 14.10	Avg steps: 1919
2020-07-04 06:39:36,481	INFO	Total steps: 6467103	Episode: 3940/1769	Avg reward: 15.30	Avg steps: 1838
2020-07-04 06:56:13,652	INFO	Total steps: 6503869	Episode: 3960/1824	Avg reward: 14.55	Avg steps: 1837
2020-07-04 07:13:40,283	INFO	Total steps: 6542239	Episode: 3980/2161	Avg reward: 13.75	Avg steps: 1917
2020-07-04 07:30:00,892	INFO	Total steps: 6579566	Episode: 4000/1329	Avg reward: 13.80	Avg steps: 1865
2020-07-06 17:19:49,069	INFO	--width 160 --height 160 --ball 1.0 --ball-size 2.0 --snell 1.0 --snell-width 80.0 --snell-change 0.0 --snell-visible none --paddle-speed 1.0 --paddle-angle 45.0 --paddle-length 10.0 --update-prob 0.2 --state binary --learning-rate 0.0001 --network dqn_pong_model --render False --epsdecay 1000 --episodes 4000 --replay 10000 --checkpoint dqn_pong_model --history history.p --store-dir ../experiments/snell_width.80.0-paddle_length.10.0-paddle_angle.45.0-update_prob.0.2 
2020-07-06 17:19:49,150	INFO	Device: cuda
2020-07-06 17:21:21,081	INFO	Total steps: 10419	Episode: 20/458	Avg reward: -19.20	Avg steps: 519
2020-07-06 17:27:30,915	INFO	Total steps: 22459	Episode: 40/457	Avg reward: -18.65	Avg steps: 601
2020-07-06 17:33:56,324	INFO	Total steps: 34889	Episode: 60/670	Avg reward: -18.10	Avg steps: 620
2020-07-06 17:40:30,828	INFO	Total steps: 47585	Episode: 80/592	Avg reward: -18.00	Avg steps: 633
2020-07-06 17:47:18,852	INFO	Total steps: 60708	Episode: 100/737	Avg reward: -17.95	Avg steps: 655
2020-07-06 17:53:49,915	INFO	Total steps: 73284	Episode: 120/573	Avg reward: -18.55	Avg steps: 627
2020-07-06 18:00:16,926	INFO	Total steps: 85680	Episode: 140/632	Avg reward: -18.40	Avg steps: 618
2020-07-06 18:07:13,314	INFO	Total steps: 99103	Episode: 160/655	Avg reward: -17.90	Avg steps: 670
2020-07-06 18:14:15,733	INFO	Total steps: 112566	Episode: 180/727	Avg reward: -17.90	Avg steps: 672
2020-07-06 18:21:18,715	INFO	Total steps: 126089	Episode: 200/727	Avg reward: -17.85	Avg steps: 675
2020-07-06 18:28:05,894	INFO	Total steps: 139021	Episode: 220/577	Avg reward: -18.05	Avg steps: 645
2020-07-06 18:36:16,076	INFO	Total steps: 154494	Episode: 240/598	Avg reward: -17.00	Avg steps: 772
2020-07-06 18:43:45,947	INFO	Total steps: 168778	Episode: 260/513	Avg reward: -17.70	Avg steps: 713
2020-07-06 18:50:59,482	INFO	Total steps: 182524	Episode: 280/853	Avg reward: -18.05	Avg steps: 686
2020-07-06 18:57:55,358	INFO	Total steps: 195683	Episode: 300/944	Avg reward: -18.40	Avg steps: 656
2020-07-06 19:05:17,262	INFO	Total steps: 209576	Episode: 320/604	Avg reward: -17.90	Avg steps: 693
2020-07-06 19:12:29,090	INFO	Total steps: 223149	Episode: 340/1071	Avg reward: -17.55	Avg steps: 677
2020-07-06 19:20:48,492	INFO	Total steps: 238858	Episode: 360/744	Avg reward: -17.35	Avg steps: 784
2020-07-06 19:29:24,049	INFO	Total steps: 255070	Episode: 380/693	Avg reward: -16.75	Avg steps: 809
2020-07-06 19:36:42,896	INFO	Total steps: 268868	Episode: 400/751	Avg reward: -17.85	Avg steps: 688
2020-07-06 19:44:41,159	INFO	Total steps: 283870	Episode: 420/862	Avg reward: -17.45	Avg steps: 749
2020-07-06 19:53:36,946	INFO	Total steps: 300806	Episode: 440/945	Avg reward: -16.45	Avg steps: 845
2020-07-06 20:01:46,054	INFO	Total steps: 316192	Episode: 460/745	Avg reward: -16.85	Avg steps: 768
2020-07-06 20:10:18,038	INFO	Total steps: 332247	Episode: 480/717	Avg reward: -16.95	Avg steps: 801
2020-07-06 20:19:27,555	INFO	Total steps: 349545	Episode: 500/1029	Avg reward: -16.15	Avg steps: 863
2020-07-06 20:29:16,554	INFO	Total steps: 367941	Episode: 520/1033	Avg reward: -16.40	Avg steps: 918
2020-07-06 20:37:55,418	INFO	Total steps: 384191	Episode: 540/591	Avg reward: -16.75	Avg steps: 811
2020-07-06 20:47:05,174	INFO	Total steps: 401414	Episode: 560/916	Avg reward: -15.75	Avg steps: 860
2020-07-06 20:58:18,628	INFO	Total steps: 422207	Episode: 580/1271	Avg reward: -15.55	Avg steps: 1038
2020-07-06 21:09:19,709	INFO	Total steps: 442730	Episode: 600/1434	Avg reward: -15.40	Avg steps: 1025
2020-07-06 21:20:01,235	INFO	Total steps: 462751	Episode: 620/869	Avg reward: -15.60	Avg steps: 1000
2020-07-06 21:31:06,294	INFO	Total steps: 483485	Episode: 640/993	Avg reward: -15.00	Avg steps: 1035
2020-07-06 21:42:51,201	INFO	Total steps: 505461	Episode: 660/905	Avg reward: -13.95	Avg steps: 1097
2020-07-06 21:54:57,289	INFO	Total steps: 528081	Episode: 680/1127	Avg reward: -14.00	Avg steps: 1130
2020-07-06 22:08:05,052	INFO	Total steps: 552602	Episode: 700/1159	Avg reward: -13.00	Avg steps: 1225
2020-07-06 22:19:49,667	INFO	Total steps: 574548	Episode: 720/1173	Avg reward: -13.60	Avg steps: 1096
2020-07-06 22:32:18,886	INFO	Total steps: 598012	Episode: 740/1041	Avg reward: -12.50	Avg steps: 1172
2020-07-06 22:45:22,169	INFO	Total steps: 622459	Episode: 760/1403	Avg reward: -11.70	Avg steps: 1221
2020-07-06 22:58:31,428	INFO	Total steps: 647033	Episode: 780/1550	Avg reward: -12.20	Avg steps: 1227
2020-07-06 23:11:11,212	INFO	Total steps: 670626	Episode: 800/926	Avg reward: -13.50	Avg steps: 1178
2020-07-06 23:24:23,740	INFO	Total steps: 695307	Episode: 820/1365	Avg reward: -11.70	Avg steps: 1233
2020-07-06 23:39:16,713	INFO	Total steps: 722958	Episode: 840/1740	Avg reward: -11.40	Avg steps: 1381
2020-07-06 23:52:39,177	INFO	Total steps: 747795	Episode: 860/1379	Avg reward: -12.50	Avg steps: 1240
2020-07-07 00:06:20,104	INFO	Total steps: 773210	Episode: 880/1414	Avg reward: -11.60	Avg steps: 1269
2020-07-07 00:19:16,667	INFO	Total steps: 797261	Episode: 900/852	Avg reward: -12.30	Avg steps: 1201
2020-07-07 00:33:21,327	INFO	Total steps: 823444	Episode: 920/1446	Avg reward: -12.25	Avg steps: 1308
2020-07-07 00:47:25,700	INFO	Total steps: 849582	Episode: 940/1866	Avg reward: -11.55	Avg steps: 1305
2020-07-07 01:03:56,103	INFO	Total steps: 880308	Episode: 960/1461	Avg reward: -8.75	Avg steps: 1535
2020-07-07 01:19:56,577	INFO	Total steps: 910008	Episode: 980/1307	Avg reward: -9.75	Avg steps: 1484
2020-07-07 01:35:02,429	INFO	Total steps: 936576	Episode: 1000/1663	Avg reward: -10.95	Avg steps: 1327
2020-07-07 01:52:42,232	INFO	Total steps: 967636	Episode: 1020/1219	Avg reward: -9.00	Avg steps: 1552
2020-07-07 02:11:00,497	INFO	Total steps: 999801	Episode: 1040/1634	Avg reward: -7.55	Avg steps: 1607
2020-07-07 02:29:41,065	INFO	Total steps: 1032555	Episode: 1060/1803	Avg reward: -8.10	Avg steps: 1636
2020-07-07 02:49:30,489	INFO	Total steps: 1066692	Episode: 1080/1726	Avg reward: -6.10	Avg steps: 1705
2020-07-07 03:10:02,714	INFO	Total steps: 1102286	Episode: 1100/1564	Avg reward: -5.90	Avg steps: 1778
2020-07-07 03:28:54,464	INFO	Total steps: 1134857	Episode: 1120/2169	Avg reward: -7.05	Avg steps: 1627
2020-07-07 03:49:14,225	INFO	Total steps: 1167836	Episode: 1140/1523	Avg reward: -7.25	Avg steps: 1647
2020-07-07 04:09:41,146	INFO	Total steps: 1200593	Episode: 1160/2176	Avg reward: -7.40	Avg steps: 1636
2020-07-07 04:30:17,514	INFO	Total steps: 1233801	Episode: 1180/1908	Avg reward: -6.15	Avg steps: 1659
2020-07-07 04:52:13,530	INFO	Total steps: 1269232	Episode: 1200/1669	Avg reward: -6.50	Avg steps: 1770
2020-07-07 05:13:58,503	INFO	Total steps: 1304192	Episode: 1220/1729	Avg reward: -5.90	Avg steps: 1747
2020-07-07 05:36:43,398	INFO	Total steps: 1340857	Episode: 1240/1171	Avg reward: -6.50	Avg steps: 1832
2020-07-07 05:58:21,585	INFO	Total steps: 1375730	Episode: 1260/1963	Avg reward: -4.80	Avg steps: 1742
2020-07-07 06:21:08,653	INFO	Total steps: 1412544	Episode: 1280/2089	Avg reward: -5.80	Avg steps: 1839
2020-07-07 06:41:41,741	INFO	Total steps: 1445604	Episode: 1300/2055	Avg reward: -8.40	Avg steps: 1652
2020-07-07 07:04:12,522	INFO	Total steps: 1481777	Episode: 1320/1235	Avg reward: -5.10	Avg steps: 1807
2020-07-07 07:27:01,766	INFO	Total steps: 1518402	Episode: 1340/1835	Avg reward: -4.70	Avg steps: 1830
2020-07-07 07:48:00,462	INFO	Total steps: 1552350	Episode: 1360/1252	Avg reward: -3.80	Avg steps: 1696
2020-07-07 08:09:54,782	INFO	Total steps: 1587437	Episode: 1380/930	Avg reward: -5.55	Avg steps: 1753
2020-07-07 08:32:11,543	INFO	Total steps: 1622581	Episode: 1400/2255	Avg reward: -2.55	Avg steps: 1756
2020-07-07 08:57:09,279	INFO	Total steps: 1662147	Episode: 1420/2126	Avg reward: -4.30	Avg steps: 1977
2020-07-07 09:21:02,319	INFO	Total steps: 1699767	Episode: 1440/1768	Avg reward: -1.10	Avg steps: 1880
2020-07-07 09:45:50,815	INFO	Total steps: 1739051	Episode: 1460/1764	Avg reward: -1.25	Avg steps: 1963
2020-07-07 10:11:05,436	INFO	Total steps: 1779161	Episode: 1480/1693	Avg reward: -0.45	Avg steps: 2004
2020-07-07 10:34:35,244	INFO	Total steps: 1816709	Episode: 1500/1858	Avg reward: -0.95	Avg steps: 1876
2020-07-07 10:59:09,373	INFO	Total steps: 1855770	Episode: 1520/2216	Avg reward: 2.40	Avg steps: 1952
2020-07-07 11:24:32,066	INFO	Total steps: 1895758	Episode: 1540/2088	Avg reward: 0.25	Avg steps: 1998
2020-07-07 11:48:04,337	INFO	Total steps: 1933808	Episode: 1560/1738	Avg reward: 3.25	Avg steps: 1901
2020-07-07 12:12:16,807	INFO	Total steps: 1972799	Episode: 1580/2183	Avg reward: 2.05	Avg steps: 1948
2020-07-07 12:38:09,813	INFO	Total steps: 2014570	Episode: 1600/2030	Avg reward: -1.95	Avg steps: 2087
2020-07-07 13:02:47,305	INFO	Total steps: 2054313	Episode: 1620/1937	Avg reward: 2.20	Avg steps: 1986
2020-07-07 13:28:42,816	INFO	Total steps: 2096212	Episode: 1640/2057	Avg reward: 2.85	Avg steps: 2093
2020-07-07 13:53:50,779	INFO	Total steps: 2137152	Episode: 1660/2654	Avg reward: 5.70	Avg steps: 2046
2020-07-07 14:19:48,455	INFO	Total steps: 2179416	Episode: 1680/2106	Avg reward: 4.45	Avg steps: 2112
2020-07-07 14:45:38,846	INFO	Total steps: 2221325	Episode: 1700/1956	Avg reward: 3.00	Avg steps: 2094
2020-07-07 15:12:24,325	INFO	Total steps: 2264848	Episode: 1720/1445	Avg reward: 4.25	Avg steps: 2175
2020-07-07 15:37:19,617	INFO	Total steps: 2305320	Episode: 1740/1947	Avg reward: 4.55	Avg steps: 2022
2020-07-07 16:02:15,121	INFO	Total steps: 2345307	Episode: 1760/1810	Avg reward: 2.95	Avg steps: 1998
2020-07-07 16:27:16,189	INFO	Total steps: 2385132	Episode: 1780/1955	Avg reward: 8.70	Avg steps: 1990
2020-07-07 16:53:19,146	INFO	Total steps: 2426777	Episode: 1800/2470	Avg reward: 5.20	Avg steps: 2081
2020-07-07 17:18:36,765	INFO	Total steps: 2466957	Episode: 1820/1754	Avg reward: 6.60	Avg steps: 2008
2020-07-07 17:44:44,909	INFO	Total steps: 2508706	Episode: 1840/2262	Avg reward: 5.90	Avg steps: 2086
2020-07-07 18:09:31,168	INFO	Total steps: 2548169	Episode: 1860/2234	Avg reward: 10.60	Avg steps: 1972
2020-07-07 18:35:57,116	INFO	Total steps: 2590247	Episode: 1880/2851	Avg reward: 6.00	Avg steps: 2102
2020-07-07 19:00:51,974	INFO	Total steps: 2630029	Episode: 1900/1960	Avg reward: 8.75	Avg steps: 1988
2020-07-07 19:23:41,130	INFO	Total steps: 2666721	Episode: 1920/1954	Avg reward: 8.90	Avg steps: 1833
2020-07-07 19:45:31,790	INFO	Total steps: 2701552	Episode: 1940/2116	Avg reward: 9.60	Avg steps: 1740
2020-07-07 20:08:20,598	INFO	Total steps: 2738405	Episode: 1960/1780	Avg reward: 9.70	Avg steps: 1841
2020-07-07 20:32:57,375	INFO	Total steps: 2777634	Episode: 1980/2426	Avg reward: 7.80	Avg steps: 1960
2020-07-07 20:58:03,949	INFO	Total steps: 2817490	Episode: 2000/1808	Avg reward: 8.55	Avg steps: 1991
2020-07-07 21:25:05,969	INFO	Total steps: 2860082	Episode: 2020/2469	Avg reward: 7.70	Avg steps: 2128
2020-07-07 21:48:29,988	INFO	Total steps: 2897717	Episode: 2040/2075	Avg reward: 9.85	Avg steps: 1880
2020-07-07 22:11:55,261	INFO	Total steps: 2934967	Episode: 2060/1906	Avg reward: 8.50	Avg steps: 1861
2020-07-07 22:36:31,821	INFO	Total steps: 2975234	Episode: 2080/2393	Avg reward: 9.25	Avg steps: 2012
2020-07-07 23:00:59,224	INFO	Total steps: 3016941	Episode: 2100/2022	Avg reward: 10.85	Avg steps: 2084
2020-07-07 23:23:46,885	INFO	Total steps: 3056191	Episode: 2120/1688	Avg reward: 10.10	Avg steps: 1961
2020-07-07 23:47:36,865	INFO	Total steps: 3097297	Episode: 2140/1910	Avg reward: 10.00	Avg steps: 2054
2020-07-08 00:09:01,165	INFO	Total steps: 3134202	Episode: 2160/1807	Avg reward: 11.45	Avg steps: 1844
2020-07-08 00:30:47,677	INFO	Total steps: 3171744	Episode: 2180/2499	Avg reward: 11.60	Avg steps: 1876
2020-07-08 00:53:03,420	INFO	Total steps: 3210191	Episode: 2200/2213	Avg reward: 10.35	Avg steps: 1921
2020-07-08 01:16:08,922	INFO	Total steps: 3250126	Episode: 2220/2451	Avg reward: 10.30	Avg steps: 1995
2020-07-08 01:38:53,228	INFO	Total steps: 3289391	Episode: 2240/2250	Avg reward: 11.30	Avg steps: 1962
2020-07-08 02:01:04,203	INFO	Total steps: 3327756	Episode: 2260/1743	Avg reward: 11.15	Avg steps: 1917
2020-07-08 02:23:19,825	INFO	Total steps: 3366246	Episode: 2280/2202	Avg reward: 11.50	Avg steps: 1923
2020-07-08 02:45:06,179	INFO	Total steps: 3403874	Episode: 2300/1598	Avg reward: 11.25	Avg steps: 1880
2020-07-08 03:07:37,720	INFO	Total steps: 3442797	Episode: 2320/2351	Avg reward: 10.10	Avg steps: 1945
2020-07-08 03:29:38,898	INFO	Total steps: 3480815	Episode: 2340/1827	Avg reward: 10.45	Avg steps: 1899
2020-07-08 03:51:05,869	INFO	Total steps: 3517880	Episode: 2360/1982	Avg reward: 13.25	Avg steps: 1852
2020-07-08 04:12:21,022	INFO	Total steps: 3554621	Episode: 2380/1505	Avg reward: 11.65	Avg steps: 1836
2020-07-08 04:33:22,180	INFO	Total steps: 3590968	Episode: 2400/1952	Avg reward: 12.25	Avg steps: 1816
2020-07-08 04:54:30,921	INFO	Total steps: 3627107	Episode: 2420/1459	Avg reward: 12.75	Avg steps: 1805
2020-07-08 05:16:47,886	INFO	Total steps: 3664963	Episode: 2440/1678	Avg reward: 11.55	Avg steps: 1891
2020-07-08 05:38:40,933	INFO	Total steps: 3702650	Episode: 2460/1757	Avg reward: 14.25	Avg steps: 1883
2020-07-08 05:59:30,099	INFO	Total steps: 3738656	Episode: 2480/2301	Avg reward: 12.95	Avg steps: 1799
2020-07-08 06:21:29,141	INFO	Total steps: 3776562	Episode: 2500/1764	Avg reward: 13.15	Avg steps: 1894
2020-07-08 06:42:36,139	INFO	Total steps: 3813021	Episode: 2520/1412	Avg reward: 12.20	Avg steps: 1821
2020-07-08 07:03:27,850	INFO	Total steps: 3849088	Episode: 2540/1623	Avg reward: 11.75	Avg steps: 1802
2020-07-08 07:23:09,970	INFO	Total steps: 3883404	Episode: 2560/1308	Avg reward: 13.50	Avg steps: 1714
2020-07-08 07:44:23,724	INFO	Total steps: 3920360	Episode: 2580/1756	Avg reward: 11.90	Avg steps: 1846
2020-07-08 08:06:33,194	INFO	Total steps: 3958879	Episode: 2600/1930	Avg reward: 12.10	Avg steps: 1924
2020-07-08 08:29:39,193	INFO	Total steps: 3999106	Episode: 2620/1895	Avg reward: 11.60	Avg steps: 2010
2020-07-08 08:50:13,208	INFO	Total steps: 4034856	Episode: 2640/1548	Avg reward: 15.30	Avg steps: 1786
2020-07-08 09:12:00,923	INFO	Total steps: 4072769	Episode: 2660/2215	Avg reward: 12.20	Avg steps: 1894
2020-07-08 09:34:24,237	INFO	Total steps: 4111716	Episode: 2680/2209	Avg reward: 12.40	Avg steps: 1946
2020-07-08 09:55:18,083	INFO	Total steps: 4148108	Episode: 2700/2145	Avg reward: 13.40	Avg steps: 1818
2020-07-08 10:16:43,149	INFO	Total steps: 4185343	Episode: 2720/2576	Avg reward: 12.10	Avg steps: 1860
2020-07-08 10:38:41,918	INFO	Total steps: 4223410	Episode: 2740/1729	Avg reward: 11.60	Avg steps: 1902
2020-07-08 10:58:49,811	INFO	Total steps: 4258321	Episode: 2760/2236	Avg reward: 13.95	Avg steps: 1744
2020-07-08 11:19:56,507	INFO	Total steps: 4295024	Episode: 2780/1878	Avg reward: 12.00	Avg steps: 1834
2020-07-08 11:41:25,867	INFO	Total steps: 4332375	Episode: 2800/2130	Avg reward: 12.75	Avg steps: 1866
2020-07-08 12:03:52,488	INFO	Total steps: 4370942	Episode: 2820/2332	Avg reward: 11.80	Avg steps: 1927
2020-07-08 12:25:53,710	INFO	Total steps: 4408652	Episode: 2840/1595	Avg reward: 11.80	Avg steps: 1884
2020-07-08 12:47:14,089	INFO	Total steps: 4445686	Episode: 2860/2070	Avg reward: 12.60	Avg steps: 1850
2020-07-08 13:11:12,510	INFO	Total steps: 4487508	Episode: 2880/1754	Avg reward: 10.60	Avg steps: 2090
2020-07-08 13:32:34,518	INFO	Total steps: 4524737	Episode: 2900/1680	Avg reward: 12.80	Avg steps: 1860
2020-07-08 14:51:28,236	INFO	Total steps: 4564214	Episode: 2920/1977	Avg reward: 12.30	Avg steps: 1972
2020-07-08 15:13:12,602	INFO	Total steps: 4601603	Episode: 2940/1583	Avg reward: 11.85	Avg steps: 1868
2020-07-08 15:34:32,602	INFO	Total steps: 4638411	Episode: 2960/1455	Avg reward: 12.70	Avg steps: 1839
2020-07-08 15:56:12,394	INFO	Total steps: 4675638	Episode: 2980/1620	Avg reward: 12.85	Avg steps: 1860
2020-07-08 16:17:08,567	INFO	Total steps: 4711582	Episode: 3000/1886	Avg reward: 13.60	Avg steps: 1796
2020-07-08 16:38:00,147	INFO	Total steps: 4747437	Episode: 3020/2001	Avg reward: 12.50	Avg steps: 1791
2020-07-08 16:59:47,821	INFO	Total steps: 4784917	Episode: 3040/1910	Avg reward: 11.35	Avg steps: 1873
2020-07-08 17:21:30,579	INFO	Total steps: 4822217	Episode: 3060/1947	Avg reward: 13.25	Avg steps: 1864
2020-07-08 17:44:33,929	INFO	Total steps: 4861659	Episode: 3080/2235	Avg reward: 13.85	Avg steps: 1971
2020-07-08 18:05:30,328	INFO	Total steps: 4897314	Episode: 3100/1859	Avg reward: 12.65	Avg steps: 1781
2020-07-08 18:27:50,627	INFO	Total steps: 4935477	Episode: 3120/1259	Avg reward: 12.85	Avg steps: 1907
2020-07-08 18:49:47,282	INFO	Total steps: 4972745	Episode: 3140/1739	Avg reward: 14.50	Avg steps: 1862
2020-07-08 19:10:09,223	INFO	Total steps: 5007518	Episode: 3160/1883	Avg reward: 13.65	Avg steps: 1737
2020-07-08 19:30:05,538	INFO	Total steps: 5041688	Episode: 3180/1302	Avg reward: 13.85	Avg steps: 1707
2020-07-08 19:51:26,986	INFO	Total steps: 5078473	Episode: 3200/1553	Avg reward: 14.15	Avg steps: 1838
2020-07-08 20:11:42,423	INFO	Total steps: 5113360	Episode: 3220/2265	Avg reward: 14.65	Avg steps: 1743
2020-07-08 20:32:28,923	INFO	Total steps: 5149191	Episode: 3240/1800	Avg reward: 13.05	Avg steps: 1790
2020-07-08 20:53:33,176	INFO	Total steps: 5185529	Episode: 3260/1929	Avg reward: 14.20	Avg steps: 1815
2020-07-08 21:13:08,924	INFO	Total steps: 5219405	Episode: 3280/2248	Avg reward: 14.35	Avg steps: 1692
2020-07-08 21:33:32,566	INFO	Total steps: 5254721	Episode: 3300/1893	Avg reward: 14.00	Avg steps: 1764
2020-07-08 21:53:28,383	INFO	Total steps: 5289147	Episode: 3320/1457	Avg reward: 14.65	Avg steps: 1720
2020-07-08 22:15:45,375	INFO	Total steps: 5326626	Episode: 3340/1566	Avg reward: 14.80	Avg steps: 1872
2020-07-08 22:39:23,124	INFO	Total steps: 5364848	Episode: 3360/2109	Avg reward: 12.25	Avg steps: 1910
2020-07-08 23:01:52,948	INFO	Total steps: 5402559	Episode: 3380/1719	Avg reward: 15.10	Avg steps: 1884
2020-07-08 23:21:38,678	INFO	Total steps: 5436836	Episode: 3400/1453	Avg reward: 14.45	Avg steps: 1712
2020-07-08 23:42:43,436	INFO	Total steps: 5473446	Episode: 3420/1800	Avg reward: 13.35	Avg steps: 1829
2020-07-09 00:03:09,121	INFO	Total steps: 5508799	Episode: 3440/1935	Avg reward: 13.05	Avg steps: 1766
2020-07-09 00:23:57,698	INFO	Total steps: 5544689	Episode: 3460/1786	Avg reward: 13.90	Avg steps: 1793
2020-07-09 00:45:57,080	INFO	Total steps: 5582608	Episode: 3480/2157	Avg reward: 13.50	Avg steps: 1894
2020-07-09 01:07:21,060	INFO	Total steps: 5619608	Episode: 3500/2006	Avg reward: 14.35	Avg steps: 1849
2020-07-09 01:28:58,554	INFO	Total steps: 5657095	Episode: 3520/1734	Avg reward: 13.95	Avg steps: 1873
2020-07-09 01:48:45,894	INFO	Total steps: 5691410	Episode: 3540/1933	Avg reward: 14.60	Avg steps: 1714
2020-07-09 02:09:17,222	INFO	Total steps: 5726761	Episode: 3560/1343	Avg reward: 15.10	Avg steps: 1766
2020-07-09 02:30:20,887	INFO	Total steps: 5762972	Episode: 3580/2052	Avg reward: 14.45	Avg steps: 1809
2020-07-09 02:51:07,201	INFO	Total steps: 5798633	Episode: 3600/1657	Avg reward: 14.80	Avg steps: 1782
2020-07-09 03:11:05,019	INFO	Total steps: 5832826	Episode: 3620/1246	Avg reward: 15.25	Avg steps: 1708
2020-07-09 03:30:04,444	INFO	Total steps: 5865167	Episode: 3640/2411	Avg reward: 15.00	Avg steps: 1616
2020-07-09 03:51:00,699	INFO	Total steps: 5902138	Episode: 3660/1438	Avg reward: 14.60	Avg steps: 1847
2020-07-09 04:10:11,716	INFO	Total steps: 5937824	Episode: 3680/1798	Avg reward: 15.75	Avg steps: 1783
2020-07-09 04:29:37,517	INFO	Total steps: 5973673	Episode: 3700/1775	Avg reward: 14.40	Avg steps: 1791
2020-07-09 04:48:23,600	INFO	Total steps: 6008627	Episode: 3720/2318	Avg reward: 14.85	Avg steps: 1746
2020-07-09 05:07:31,402	INFO	Total steps: 6044063	Episode: 3740/1374	Avg reward: 15.65	Avg steps: 1770
2020-07-09 05:26:41,118	INFO	Total steps: 6079580	Episode: 3760/1466	Avg reward: 16.10	Avg steps: 1774
2020-07-09 05:44:46,329	INFO	Total steps: 6113179	Episode: 3780/1707	Avg reward: 16.30	Avg steps: 1678
2020-07-09 06:02:40,534	INFO	Total steps: 6146641	Episode: 3800/1858	Avg reward: 15.40	Avg steps: 1672
2020-07-09 06:21:55,095	INFO	Total steps: 6182582	Episode: 3820/1695	Avg reward: 15.65	Avg steps: 1796
2020-07-09 06:40:38,363	INFO	Total steps: 6217552	Episode: 3840/1755	Avg reward: 16.05	Avg steps: 1747
2020-07-09 06:59:19,240	INFO	Total steps: 6252378	Episode: 3860/1598	Avg reward: 15.40	Avg steps: 1740
2020-07-09 07:17:33,020	INFO	Total steps: 6286493	Episode: 3880/1817	Avg reward: 15.30	Avg steps: 1704
2020-07-09 07:36:42,120	INFO	Total steps: 6322301	Episode: 3900/1450	Avg reward: 14.90	Avg steps: 1789
2020-07-09 07:56:29,992	INFO	Total steps: 6359328	Episode: 3920/1696	Avg reward: 16.15	Avg steps: 1850
2020-07-09 08:15:18,121	INFO	Total steps: 6394511	Episode: 3940/1533	Avg reward: 16.15	Avg steps: 1758
2020-07-09 08:34:29,798	INFO	Total steps: 6430534	Episode: 3960/1781	Avg reward: 14.55	Avg steps: 1800
2020-07-09 08:54:49,429	INFO	Total steps: 6468876	Episode: 3980/1862	Avg reward: 14.40	Avg steps: 1916
2020-07-09 09:12:36,062	INFO	Total steps: 6502348	Episode: 4000/1758	Avg reward: 15.80	Avg steps: 1672
