2020-07-14 20:54:36,299	INFO	--width 160 --height 160 --ball 1.0 --ball-size 2.0 --snell 0.6 --snell-width 80.0 --snell-change 0.0 --snell-visible none --paddle-speed 1.0 --paddle-angle 60.0 --paddle-length 20.0 --update-prob 0.5 --state binary --learning-rate 0.0001 --network dqn_pong_model --render False --epsdecay 1000 --episodes 4000 --replay 10000 --checkpoint dqn_pong_model --history history.p --store-dir ../experiments/paddle_angle.60.0-update_prob.0.5-snell.0.6 
2020-07-14 20:54:36,299	INFO	Device: cuda
2020-07-14 20:59:54,430	INFO	Total steps: 19817	Episode: 20/614	Avg reward: -19.75	Avg steps: 989
2020-07-14 21:08:17,329	INFO	Total steps: 38826	Episode: 40/650	Avg reward: -19.85	Avg steps: 949
2020-07-14 21:18:06,337	INFO	Total steps: 61049	Episode: 60/1042	Avg reward: -19.70	Avg steps: 1110
2020-07-14 21:27:29,400	INFO	Total steps: 82272	Episode: 80/731	Avg reward: -19.85	Avg steps: 1060
2020-07-14 21:37:40,538	INFO	Total steps: 105279	Episode: 100/1269	Avg reward: -19.90	Avg steps: 1149
2020-07-14 21:47:28,615	INFO	Total steps: 127306	Episode: 120/956	Avg reward: -19.70	Avg steps: 1100
2020-07-14 21:56:37,849	INFO	Total steps: 147803	Episode: 140/740	Avg reward: -19.55	Avg steps: 1023
2020-07-14 22:06:26,654	INFO	Total steps: 169748	Episode: 160/1087	Avg reward: -19.85	Avg steps: 1096
2020-07-14 22:17:08,945	INFO	Total steps: 193649	Episode: 180/1174	Avg reward: -19.90	Avg steps: 1194
2020-07-14 22:27:46,524	INFO	Total steps: 217411	Episode: 200/1271	Avg reward: -19.75	Avg steps: 1187
2020-07-14 22:38:02,060	INFO	Total steps: 240332	Episode: 220/1194	Avg reward: -19.70	Avg steps: 1145
2020-07-14 22:49:51,968	INFO	Total steps: 266741	Episode: 240/1368	Avg reward: -19.90	Avg steps: 1319
2020-07-14 23:00:52,770	INFO	Total steps: 291549	Episode: 260/1165	Avg reward: -19.85	Avg steps: 1239
2020-07-14 23:13:10,439	INFO	Total steps: 319268	Episode: 280/1666	Avg reward: -19.90	Avg steps: 1384
2020-07-14 23:24:25,726	INFO	Total steps: 342532	Episode: 300/1250	Avg reward: -19.85	Avg steps: 1162
2020-07-14 23:37:30,599	INFO	Total steps: 368603	Episode: 320/1260	Avg reward: -19.90	Avg steps: 1302
2020-07-14 23:50:41,732	INFO	Total steps: 394920	Episode: 340/1064	Avg reward: -19.75	Avg steps: 1314
2020-07-15 00:02:39,177	INFO	Total steps: 418821	Episode: 360/933	Avg reward: -19.85	Avg steps: 1194
2020-07-15 00:16:32,003	INFO	Total steps: 446684	Episode: 380/1276	Avg reward: -19.70	Avg steps: 1392
2020-07-15 00:30:54,163	INFO	Total steps: 475503	Episode: 400/1483	Avg reward: -19.95	Avg steps: 1439
2020-07-15 00:44:35,229	INFO	Total steps: 503094	Episode: 420/1251	Avg reward: -19.75	Avg steps: 1378
2020-07-15 00:58:41,155	INFO	Total steps: 531648	Episode: 440/1601	Avg reward: -19.95	Avg steps: 1426
2020-07-15 01:14:04,332	INFO	Total steps: 562775	Episode: 460/1356	Avg reward: -20.00	Avg steps: 1555
2020-07-15 01:28:46,079	INFO	Total steps: 592308	Episode: 480/1019	Avg reward: -19.70	Avg steps: 1475
2020-07-15 01:42:17,364	INFO	Total steps: 619507	Episode: 500/1399	Avg reward: -19.65	Avg steps: 1358
2020-07-15 01:55:16,967	INFO	Total steps: 645630	Episode: 520/866	Avg reward: -19.65	Avg steps: 1305
2020-07-15 02:10:14,464	INFO	Total steps: 675779	Episode: 540/1684	Avg reward: -19.75	Avg steps: 1506
2020-07-15 02:25:54,037	INFO	Total steps: 707307	Episode: 560/1472	Avg reward: -19.65	Avg steps: 1575
2020-07-15 02:39:28,254	INFO	Total steps: 734608	Episode: 580/1467	Avg reward: -19.75	Avg steps: 1364
2020-07-15 02:53:36,720	INFO	Total steps: 763091	Episode: 600/1378	Avg reward: -19.90	Avg steps: 1423
2020-07-15 03:10:01,605	INFO	Total steps: 795905	Episode: 620/1906	Avg reward: -19.75	Avg steps: 1639
2020-07-15 03:26:16,802	INFO	Total steps: 828518	Episode: 640/1166	Avg reward: -19.80	Avg steps: 1629
2020-07-15 03:44:43,478	INFO	Total steps: 865441	Episode: 660/1071	Avg reward: -19.80	Avg steps: 1845
2020-07-15 03:58:52,647	INFO	Total steps: 893753	Episode: 680/1168	Avg reward: -19.65	Avg steps: 1414
2020-07-15 04:12:49,834	INFO	Total steps: 921680	Episode: 700/1076	Avg reward: -19.75	Avg steps: 1395
2020-07-15 04:27:15,091	INFO	Total steps: 950396	Episode: 720/1169	Avg reward: -19.75	Avg steps: 1434
2020-07-15 04:42:51,354	INFO	Total steps: 981495	Episode: 740/1891	Avg reward: -19.95	Avg steps: 1553
2020-07-15 04:57:13,456	INFO	Total steps: 1010159	Episode: 760/1799	Avg reward: -19.75	Avg steps: 1432
2020-07-15 05:11:17,111	INFO	Total steps: 1038265	Episode: 780/1691	Avg reward: -19.75	Avg steps: 1404
2020-07-15 05:25:08,772	INFO	Total steps: 1065876	Episode: 800/933	Avg reward: -19.80	Avg steps: 1379
2020-07-15 05:40:11,297	INFO	Total steps: 1095772	Episode: 820/951	Avg reward: -19.80	Avg steps: 1493
2020-07-15 05:55:14,713	INFO	Total steps: 1125819	Episode: 840/1252	Avg reward: -19.65	Avg steps: 1501
2020-07-15 06:10:38,771	INFO	Total steps: 1156358	Episode: 860/1563	Avg reward: -19.75	Avg steps: 1525
2020-07-15 06:26:44,040	INFO	Total steps: 1188413	Episode: 880/1473	Avg reward: -19.90	Avg steps: 1601
2020-07-15 06:42:04,796	INFO	Total steps: 1218919	Episode: 900/1478	Avg reward: -19.65	Avg steps: 1524
2020-07-15 06:56:56,592	INFO	Total steps: 1248340	Episode: 920/1053	Avg reward: -19.90	Avg steps: 1470
2020-07-15 07:14:06,327	INFO	Total steps: 1282361	Episode: 940/1687	Avg reward: -19.65	Avg steps: 1700
2020-07-15 07:30:35,819	INFO	Total steps: 1315167	Episode: 960/1166	Avg reward: -19.75	Avg steps: 1639
2020-07-15 07:45:35,958	INFO	Total steps: 1344985	Episode: 980/855	Avg reward: -19.80	Avg steps: 1489
2020-07-15 08:00:33,498	INFO	Total steps: 1374508	Episode: 1000/2101	Avg reward: -19.65	Avg steps: 1475
2020-07-15 08:15:37,516	INFO	Total steps: 1404424	Episode: 1020/1665	Avg reward: -19.85	Avg steps: 1494
2020-07-15 08:30:24,244	INFO	Total steps: 1433774	Episode: 1040/2849	Avg reward: -19.80	Avg steps: 1466
2020-07-15 08:47:51,761	INFO	Total steps: 1468336	Episode: 1060/1901	Avg reward: -20.00	Avg steps: 1727
2020-07-15 09:06:47,855	INFO	Total steps: 1505826	Episode: 1080/1253	Avg reward: -19.90	Avg steps: 1873
2020-07-15 09:28:34,849	INFO	Total steps: 1548988	Episode: 1100/2018	Avg reward: -19.70	Avg steps: 2157
2020-07-15 09:47:39,616	INFO	Total steps: 1586692	Episode: 1120/2256	Avg reward: -19.70	Avg steps: 1884
2020-07-15 10:05:59,233	INFO	Total steps: 1622865	Episode: 1140/1056	Avg reward: -19.85	Avg steps: 1807
2020-07-15 10:24:14,311	INFO	Total steps: 1659015	Episode: 1160/1470	Avg reward: -19.70	Avg steps: 1806
2020-07-15 10:43:44,368	INFO	Total steps: 1697470	Episode: 1180/2221	Avg reward: -19.95	Avg steps: 1921
2020-07-15 11:03:30,100	INFO	Total steps: 1736414	Episode: 1200/1587	Avg reward: -19.80	Avg steps: 1946
2020-07-15 11:21:48,903	INFO	Total steps: 1772617	Episode: 1220/2808	Avg reward: -19.80	Avg steps: 1809
2020-07-15 11:40:18,056	INFO	Total steps: 1809114	Episode: 1240/1282	Avg reward: -19.75	Avg steps: 1823
2020-07-15 12:00:53,928	INFO	Total steps: 1849762	Episode: 1260/1690	Avg reward: -19.75	Avg steps: 2031
2020-07-15 12:19:50,914	INFO	Total steps: 1887249	Episode: 1280/2005	Avg reward: -19.75	Avg steps: 1873
2020-07-15 12:39:37,048	INFO	Total steps: 1926070	Episode: 1300/1596	Avg reward: -19.85	Avg steps: 1940
2020-07-15 13:00:26,153	INFO	Total steps: 1967230	Episode: 1320/2965	Avg reward: -19.90	Avg steps: 2057
2020-07-15 13:21:36,360	INFO	Total steps: 2011260	Episode: 1340/2015	Avg reward: -19.65	Avg steps: 2200
2020-07-15 13:40:21,605	INFO	Total steps: 2052171	Episode: 1360/2756	Avg reward: -19.70	Avg steps: 2044
2020-07-15 14:00:15,717	INFO	Total steps: 2095598	Episode: 1380/2223	Avg reward: -19.70	Avg steps: 2170
2020-07-15 14:19:42,792	INFO	Total steps: 2137856	Episode: 1400/1825	Avg reward: -19.65	Avg steps: 2111
2020-07-15 14:41:04,777	INFO	Total steps: 2184277	Episode: 1420/1565	Avg reward: -19.80	Avg steps: 2320
2020-07-15 15:01:16,853	INFO	Total steps: 2228130	Episode: 1440/1678	Avg reward: -19.80	Avg steps: 2191
2020-07-15 15:22:27,879	INFO	Total steps: 2274155	Episode: 1460/2450	Avg reward: -19.80	Avg steps: 2300
2020-07-15 15:45:02,196	INFO	Total steps: 2323002	Episode: 1480/2233	Avg reward: -19.60	Avg steps: 2441
2020-07-15 16:05:57,453	INFO	Total steps: 2367944	Episode: 1500/3610	Avg reward: -19.75	Avg steps: 2246
2020-07-16 15:25:34,546	INFO	--width 160 --height 160 --ball 1.0 --ball-size 2.0 --snell 0.6 --snell-width 80.0 --snell-change 0.0 --snell-visible none --paddle-speed 1.0 --paddle-angle 60.0 --paddle-length 20.0 --update-prob 0.5 --state binary --learning-rate 0.0001 --network dqn_pong_model --render False --epsdecay 1000 --episodes 4000 --replay 10000 --checkpoint dqn_pong_model --history history.p --store-dir ../experiments/paddle_angle.60.0-update_prob.0.5-snell.0.6 
2020-07-16 15:25:34,648	INFO	Device: cuda
2020-07-16 15:32:36,476	INFO	Total steps: 20651	Episode: 20/723	Avg reward: -19.80	Avg steps: 1031
2020-07-16 15:43:08,475	INFO	Total steps: 39206	Episode: 40/1150	Avg reward: -19.75	Avg steps: 926
2020-07-16 15:56:02,364	INFO	Total steps: 62163	Episode: 60/843	Avg reward: -19.75	Avg steps: 1146
2020-07-16 16:07:49,451	INFO	Total steps: 83090	Episode: 80/1175	Avg reward: -19.80	Avg steps: 1045
2020-07-16 16:20:14,796	INFO	Total steps: 107251	Episode: 100/1671	Avg reward: -19.85	Avg steps: 1207
2020-07-16 16:29:42,807	INFO	Total steps: 127883	Episode: 120/849	Avg reward: -19.80	Avg steps: 1030
2020-07-16 16:40:09,559	INFO	Total steps: 150509	Episode: 140/1156	Avg reward: -19.80	Avg steps: 1130
2020-07-16 16:49:31,909	INFO	Total steps: 170970	Episode: 160/741	Avg reward: -19.60	Avg steps: 1022
2020-07-16 16:59:35,548	INFO	Total steps: 192925	Episode: 180/861	Avg reward: -19.85	Avg steps: 1096
2020-07-16 17:10:47,732	INFO	Total steps: 217456	Episode: 200/1563	Avg reward: -19.75	Avg steps: 1225
2020-07-16 17:22:04,425	INFO	Total steps: 241998	Episode: 220/1305	Avg reward: -19.80	Avg steps: 1226
2020-07-16 17:34:45,012	INFO	Total steps: 269569	Episode: 240/1999	Avg reward: -19.75	Avg steps: 1377
2020-07-16 17:46:48,197	INFO	Total steps: 295745	Episode: 260/1692	Avg reward: -19.90	Avg steps: 1307
2020-07-16 17:58:36,179	INFO	Total steps: 321242	Episode: 280/1511	Avg reward: -19.95	Avg steps: 1273
2020-07-16 18:10:13,723	INFO	Total steps: 346414	Episode: 300/1577	Avg reward: -19.90	Avg steps: 1257
2020-07-16 18:23:56,490	INFO	Total steps: 376072	Episode: 320/2097	Avg reward: -19.95	Avg steps: 1481
2020-07-16 18:38:22,341	INFO	Total steps: 406902	Episode: 340/1481	Avg reward: -19.75	Avg steps: 1540
2020-07-16 18:49:32,873	INFO	Total steps: 430382	Episode: 360/1162	Avg reward: -19.95	Avg steps: 1173
2020-07-16 19:02:20,506	INFO	Total steps: 457257	Episode: 380/1288	Avg reward: -19.80	Avg steps: 1342
2020-07-16 19:14:00,828	INFO	Total steps: 481945	Episode: 400/1152	Avg reward: -19.80	Avg steps: 1233
2020-07-16 19:26:45,861	INFO	Total steps: 508820	Episode: 420/1588	Avg reward: -20.00	Avg steps: 1342
2020-07-16 19:39:34,470	INFO	Total steps: 536000	Episode: 440/1482	Avg reward: -19.95	Avg steps: 1358
2020-07-16 19:52:55,371	INFO	Total steps: 564412	Episode: 460/1166	Avg reward: -19.90	Avg steps: 1419
2020-07-16 20:07:06,022	INFO	Total steps: 594805	Episode: 480/1474	Avg reward: -19.80	Avg steps: 1518
2020-07-16 20:20:12,814	INFO	Total steps: 622845	Episode: 500/1546	Avg reward: -19.75	Avg steps: 1401
2020-07-16 20:31:45,894	INFO	Total steps: 647357	Episode: 520/1681	Avg reward: -19.80	Avg steps: 1224
2020-07-16 20:43:31,021	INFO	Total steps: 672445	Episode: 540/1479	Avg reward: -20.00	Avg steps: 1253
2020-07-16 20:56:26,617	INFO	Total steps: 700031	Episode: 560/1795	Avg reward: -19.90	Avg steps: 1378
2020-07-16 21:09:51,150	INFO	Total steps: 728781	Episode: 580/1468	Avg reward: -19.80	Avg steps: 1436
2020-07-16 21:23:16,696	INFO	Total steps: 757821	Episode: 600/1571	Avg reward: -19.80	Avg steps: 1451
2020-07-16 21:36:40,835	INFO	Total steps: 786748	Episode: 620/1677	Avg reward: -19.70	Avg steps: 1445
2020-07-16 21:49:45,324	INFO	Total steps: 814496	Episode: 640/1266	Avg reward: -19.85	Avg steps: 1386
2020-07-16 22:02:00,754	INFO	Total steps: 840388	Episode: 660/1062	Avg reward: -19.75	Avg steps: 1293
2020-07-16 22:16:46,180	INFO	Total steps: 871628	Episode: 680/1981	Avg reward: -19.80	Avg steps: 1561
2020-07-16 22:30:00,414	INFO	Total steps: 899659	Episode: 700/1785	Avg reward: -19.95	Avg steps: 1400
2020-07-16 22:45:06,223	INFO	Total steps: 931727	Episode: 720/1581	Avg reward: -19.80	Avg steps: 1602
2020-07-16 22:59:16,162	INFO	Total steps: 961963	Episode: 740/1290	Avg reward: -19.90	Avg steps: 1510
2020-07-16 23:12:01,096	INFO	Total steps: 989149	Episode: 760/1082	Avg reward: -19.85	Avg steps: 1358
2020-07-16 23:26:59,521	INFO	Total steps: 1021108	Episode: 780/1040	Avg reward: -19.65	Avg steps: 1596
2020-07-16 23:40:51,278	INFO	Total steps: 1050759	Episode: 800/1168	Avg reward: -19.60	Avg steps: 1481
2020-07-16 23:56:08,909	INFO	Total steps: 1083341	Episode: 820/1922	Avg reward: -19.80	Avg steps: 1628
2020-07-17 00:10:56,905	INFO	Total steps: 1114840	Episode: 840/1261	Avg reward: -19.90	Avg steps: 1573
2020-07-17 00:25:27,278	INFO	Total steps: 1145508	Episode: 860/1892	Avg reward: -19.80	Avg steps: 1532
2020-07-17 00:39:29,226	INFO	Total steps: 1175233	Episode: 880/1286	Avg reward: -19.75	Avg steps: 1485
2020-07-17 00:55:13,085	INFO	Total steps: 1208578	Episode: 900/1807	Avg reward: -19.75	Avg steps: 1666
2020-07-17 01:10:43,548	INFO	Total steps: 1241292	Episode: 920/2017	Avg reward: -19.90	Avg steps: 1634
2020-07-17 01:26:13,763	INFO	Total steps: 1274142	Episode: 940/3048	Avg reward: -19.80	Avg steps: 1641
2020-07-17 01:43:09,443	INFO	Total steps: 1309981	Episode: 960/1710	Avg reward: -20.00	Avg steps: 1790
2020-07-17 01:59:18,245	INFO	Total steps: 1344061	Episode: 980/1696	Avg reward: -19.95	Avg steps: 1703
2020-07-17 02:15:23,073	INFO	Total steps: 1377975	Episode: 1000/1076	Avg reward: -19.85	Avg steps: 1694
2020-07-17 02:31:16,089	INFO	Total steps: 1411450	Episode: 1020/2225	Avg reward: -19.75	Avg steps: 1672
2020-07-17 02:48:17,016	INFO	Total steps: 1447352	Episode: 1040/1356	Avg reward: -19.70	Avg steps: 1794
2020-07-17 03:05:14,947	INFO	Total steps: 1482431	Episode: 1060/1073	Avg reward: -19.80	Avg steps: 1752
2020-07-17 03:24:37,407	INFO	Total steps: 1522248	Episode: 1080/2527	Avg reward: -19.85	Avg steps: 1989
2020-07-17 03:42:28,608	INFO	Total steps: 1558850	Episode: 1100/1796	Avg reward: -19.75	Avg steps: 1829
2020-07-17 04:00:57,684	INFO	Total steps: 1596607	Episode: 1120/1607	Avg reward: -20.00	Avg steps: 1886
2020-07-17 04:20:48,861	INFO	Total steps: 1637676	Episode: 1140/2019	Avg reward: -19.75	Avg steps: 2052
2020-07-17 04:41:55,532	INFO	Total steps: 1681386	Episode: 1160/1271	Avg reward: -19.90	Avg steps: 2184
2020-07-17 04:59:39,822	INFO	Total steps: 1717885	Episode: 1180/1999	Avg reward: -19.85	Avg steps: 1823
2020-07-17 05:18:58,473	INFO	Total steps: 1757645	Episode: 1200/1795	Avg reward: -19.90	Avg steps: 1987
2020-07-17 05:41:32,802	INFO	Total steps: 1804152	Episode: 1220/3237	Avg reward: -19.85	Avg steps: 2324
2020-07-17 06:03:21,871	INFO	Total steps: 1848459	Episode: 1240/1720	Avg reward: -19.80	Avg steps: 2214
2020-07-17 06:23:12,515	INFO	Total steps: 1888388	Episode: 1260/2005	Avg reward: -19.85	Avg steps: 1995
2020-07-17 06:42:46,404	INFO	Total steps: 1927756	Episode: 1280/1141	Avg reward: -19.90	Avg steps: 1967
2020-07-17 07:01:47,289	INFO	Total steps: 1965797	Episode: 1300/1607	Avg reward: -19.85	Avg steps: 1901
2020-07-17 07:22:23,258	INFO	Total steps: 2007130	Episode: 1320/1472	Avg reward: -19.75	Avg steps: 2065
2020-07-17 07:43:07,561	INFO	Total steps: 2048640	Episode: 1340/1684	Avg reward: -19.95	Avg steps: 2074
2020-07-17 08:06:11,791	INFO	Total steps: 2095115	Episode: 1360/2110	Avg reward: -19.90	Avg steps: 2322
2020-07-17 08:26:45,372	INFO	Total steps: 2136636	Episode: 1380/1816	Avg reward: -19.80	Avg steps: 2075
2020-07-17 08:47:16,286	INFO	Total steps: 2177944	Episode: 1400/2089	Avg reward: -19.75	Avg steps: 2064
2020-07-17 09:11:13,283	INFO	Total steps: 2225876	Episode: 1420/1809	Avg reward: -19.70	Avg steps: 2395
2020-07-17 09:34:36,488	INFO	Total steps: 2272274	Episode: 1440/2843	Avg reward: -19.75	Avg steps: 2318
2020-07-17 10:01:27,360	INFO	Total steps: 2325877	Episode: 1460/3284	Avg reward: -19.75	Avg steps: 2679
2020-07-17 10:25:36,376	INFO	Total steps: 2374343	Episode: 1480/2951	Avg reward: -19.75	Avg steps: 2422
2020-07-17 10:49:57,542	INFO	Total steps: 2423104	Episode: 1500/2326	Avg reward: -19.75	Avg steps: 2437
2020-07-17 11:13:57,356	INFO	Total steps: 2470929	Episode: 1520/1792	Avg reward: -19.75	Avg steps: 2390
2020-07-17 11:39:00,366	INFO	Total steps: 2520963	Episode: 1540/2399	Avg reward: -19.85	Avg steps: 2500
2020-07-17 12:03:30,178	INFO	Total steps: 2569981	Episode: 1560/1999	Avg reward: -19.75	Avg steps: 2449
2020-07-17 12:28:05,712	INFO	Total steps: 2619612	Episode: 1580/2532	Avg reward: -19.70	Avg steps: 2480
2020-07-17 12:54:17,816	INFO	Total steps: 2672260	Episode: 1600/3071	Avg reward: -19.95	Avg steps: 2631
2020-07-17 13:20:22,731	INFO	Total steps: 2724278	Episode: 1620/2556	Avg reward: -19.80	Avg steps: 2599
2020-07-17 13:47:10,899	INFO	Total steps: 2777768	Episode: 1640/2616	Avg reward: -19.90	Avg steps: 2673
2020-07-17 14:14:47,189	INFO	Total steps: 2833010	Episode: 1660/4632	Avg reward: -19.85	Avg steps: 2761
2020-07-17 14:40:17,701	INFO	Total steps: 2883840	Episode: 1680/2025	Avg reward: -19.95	Avg steps: 2540
2020-07-17 15:10:22,603	INFO	Total steps: 2944228	Episode: 1700/3299	Avg reward: -19.90	Avg steps: 3018
2020-07-17 15:41:08,582	INFO	Total steps: 3005669	Episode: 1720/1797	Avg reward: -19.75	Avg steps: 3071
2020-07-17 16:08:06,836	INFO	Total steps: 3059534	Episode: 1740/2420	Avg reward: -19.75	Avg steps: 2692
2020-07-17 16:36:25,154	INFO	Total steps: 3115847	Episode: 1760/3058	Avg reward: -19.75	Avg steps: 2814
2020-07-17 17:06:02,185	INFO	Total steps: 3174198	Episode: 1780/2543	Avg reward: -19.80	Avg steps: 2916
2020-07-17 17:36:25,365	INFO	Total steps: 3234987	Episode: 1800/5392	Avg reward: -19.85	Avg steps: 3038
2020-07-17 18:07:18,875	INFO	Total steps: 3297214	Episode: 1820/2741	Avg reward: -19.75	Avg steps: 3110
2020-07-17 18:37:30,957	INFO	Total steps: 3357821	Episode: 1840/1591	Avg reward: -19.75	Avg steps: 3029
2020-07-17 19:04:15,001	INFO	Total steps: 3412262	Episode: 1860/2325	Avg reward: -19.80	Avg steps: 2721
2020-07-17 19:34:48,460	INFO	Total steps: 3474260	Episode: 1880/2956	Avg reward: -19.85	Avg steps: 3098
2020-07-17 20:02:26,687	INFO	Total steps: 3530356	Episode: 1900/1796	Avg reward: -19.75	Avg steps: 2803
2020-07-17 20:36:34,026	INFO	Total steps: 3599793	Episode: 1920/4037	Avg reward: -19.75	Avg steps: 3470
2020-07-17 21:14:00,795	INFO	Total steps: 3677329	Episode: 1940/4158	Avg reward: -19.70	Avg steps: 3875
2020-07-17 21:47:30,437	INFO	Total steps: 3745955	Episode: 1960/3191	Avg reward: -19.80	Avg steps: 3430
2020-07-17 22:18:46,186	INFO	Total steps: 3810205	Episode: 1980/3377	Avg reward: -20.00	Avg steps: 3211
2020-07-17 22:51:07,006	INFO	Total steps: 3876870	Episode: 2000/4751	Avg reward: -19.85	Avg steps: 3332
2020-07-17 23:21:21,879	INFO	Total steps: 3938148	Episode: 2020/4320	Avg reward: -19.85	Avg steps: 3062
2020-07-17 23:53:49,057	INFO	Total steps: 4004020	Episode: 2040/3176	Avg reward: -19.75	Avg steps: 3292
2020-07-18 00:31:56,778	INFO	Total steps: 4080972	Episode: 2060/4524	Avg reward: -19.90	Avg steps: 3846
2020-07-18 01:11:14,748	INFO	Total steps: 4161016	Episode: 2080/8813	Avg reward: -19.75	Avg steps: 4001
2020-07-18 01:44:44,375	INFO	Total steps: 4229013	Episode: 2100/3060	Avg reward: -19.85	Avg steps: 3398
2020-07-18 02:20:58,206	INFO	Total steps: 4302865	Episode: 2120/2841	Avg reward: -19.80	Avg steps: 3691
2020-07-18 02:59:24,042	INFO	Total steps: 4380991	Episode: 2140/6631	Avg reward: -19.80	Avg steps: 3905
2020-07-18 03:43:19,060	INFO	Total steps: 4470440	Episode: 2160/6120	Avg reward: -19.90	Avg steps: 4471
2020-07-18 04:25:12,090	INFO	Total steps: 4556613	Episode: 2180/6753	Avg reward: -19.85	Avg steps: 4307
2020-07-18 05:09:04,092	INFO	Total steps: 4647592	Episode: 2200/4231	Avg reward: -19.80	Avg steps: 4547
2020-07-18 05:51:35,360	INFO	Total steps: 4735466	Episode: 2220/4130	Avg reward: -19.70	Avg steps: 4392
2020-07-18 06:32:13,391	INFO	Total steps: 4820217	Episode: 2240/3161	Avg reward: -19.75	Avg steps: 4236
2020-07-18 07:12:04,151	INFO	Total steps: 4903069	Episode: 2260/3627	Avg reward: -19.80	Avg steps: 4141
2020-07-18 08:00:35,245	INFO	Total steps: 5003777	Episode: 2280/4432	Avg reward: -19.80	Avg steps: 5034
2020-07-18 08:44:30,242	INFO	Total steps: 5095183	Episode: 2300/3573	Avg reward: -19.75	Avg steps: 4569
2020-07-18 09:26:52,189	INFO	Total steps: 5182976	Episode: 2320/5392	Avg reward: -19.75	Avg steps: 4388
2020-07-18 10:07:04,464	INFO	Total steps: 5267083	Episode: 2340/2749	Avg reward: -19.75	Avg steps: 4204
2020-07-18 10:47:41,421	INFO	Total steps: 5350780	Episode: 2360/3059	Avg reward: -19.80	Avg steps: 4183
2020-07-18 11:27:53,485	INFO	Total steps: 5443128	Episode: 2380/5286	Avg reward: -19.85	Avg steps: 4616
2020-07-18 12:03:29,722	INFO	Total steps: 5536959	Episode: 2400/5889	Avg reward: -19.75	Avg steps: 4690
2020-07-18 12:37:44,219	INFO	Total steps: 5635612	Episode: 2420/3480	Avg reward: -19.70	Avg steps: 4931
2020-07-18 13:04:43,448	INFO	Total steps: 5727495	Episode: 2440/5150	Avg reward: -19.65	Avg steps: 4593
2020-07-18 13:29:26,354	INFO	Total steps: 5818539	Episode: 2460/4106	Avg reward: -19.90	Avg steps: 4551
2020-07-18 13:51:25,164	INFO	Total steps: 5909632	Episode: 2480/6133	Avg reward: -19.80	Avg steps: 4553
2020-07-18 14:13:15,901	INFO	Total steps: 6000674	Episode: 2500/2960	Avg reward: -19.95	Avg steps: 4551
2020-07-18 14:38:59,910	INFO	Total steps: 6107117	Episode: 2520/6361	Avg reward: -19.90	Avg steps: 5321
2020-07-18 15:07:13,238	INFO	Total steps: 6225025	Episode: 2540/7476	Avg reward: -19.95	Avg steps: 5894
2020-07-18 15:34:40,995	INFO	Total steps: 6338109	Episode: 2560/2867	Avg reward: -19.75	Avg steps: 5653
2020-07-18 16:02:21,438	INFO	Total steps: 6452300	Episode: 2580/4124	Avg reward: -19.80	Avg steps: 5708
2020-07-18 16:29:36,897	INFO	Total steps: 6564586	Episode: 2600/5170	Avg reward: -19.55	Avg steps: 5613
2020-07-18 16:52:29,027	INFO	Total steps: 6657303	Episode: 2620/5805	Avg reward: -19.85	Avg steps: 4634
2020-07-18 17:18:40,935	INFO	Total steps: 6763735	Episode: 2640/8924	Avg reward: -19.85	Avg steps: 5320
2020-07-18 17:43:07,458	INFO	Total steps: 6862021	Episode: 2660/3691	Avg reward: -19.75	Avg steps: 4913
2020-07-18 18:10:52,752	INFO	Total steps: 6973229	Episode: 2680/4185	Avg reward: -19.90	Avg steps: 5559
2020-07-18 18:40:23,107	INFO	Total steps: 7092481	Episode: 2700/3600	Avg reward: -19.90	Avg steps: 5961
2020-07-18 19:06:51,935	INFO	Total steps: 7199831	Episode: 2720/6330	Avg reward: -19.70	Avg steps: 5366
2020-07-18 19:32:59,258	INFO	Total steps: 7306044	Episode: 2740/5591	Avg reward: -19.70	Avg steps: 5309
2020-07-18 20:00:29,535	INFO	Total steps: 7418281	Episode: 2760/6744	Avg reward: -19.80	Avg steps: 5610
2020-07-18 20:25:58,164	INFO	Total steps: 7521973	Episode: 2780/4339	Avg reward: -19.80	Avg steps: 5183
2020-07-18 20:51:38,604	INFO	Total steps: 7626508	Episode: 2800/4720	Avg reward: -19.80	Avg steps: 5225
2020-07-18 21:18:54,646	INFO	Total steps: 7737383	Episode: 2820/7073	Avg reward: -19.90	Avg steps: 5542
2020-07-18 21:43:37,148	INFO	Total steps: 7839508	Episode: 2840/7403	Avg reward: -19.60	Avg steps: 5105
2020-07-18 22:14:06,744	INFO	Total steps: 7965675	Episode: 2860/6030	Avg reward: -19.85	Avg steps: 6307
2020-07-18 22:42:41,965	INFO	Total steps: 8084546	Episode: 2880/6101	Avg reward: -19.90	Avg steps: 5942
2020-07-18 23:16:52,722	INFO	Total steps: 8225872	Episode: 2900/6644	Avg reward: -19.85	Avg steps: 7065
2020-07-18 23:49:49,117	INFO	Total steps: 8362472	Episode: 2920/7456	Avg reward: -19.75	Avg steps: 6829
2020-07-19 00:19:14,321	INFO	Total steps: 8484492	Episode: 2940/5784	Avg reward: -19.85	Avg steps: 6100
2020-07-19 00:48:43,739	INFO	Total steps: 8606684	Episode: 2960/6739	Avg reward: -19.90	Avg steps: 6108
2020-07-19 01:12:43,627	INFO	Total steps: 8707572	Episode: 2980/4750	Avg reward: -19.85	Avg steps: 5043
2020-07-19 01:41:41,566	INFO	Total steps: 8827326	Episode: 3000/6829	Avg reward: -19.70	Avg steps: 5986
2020-07-19 02:09:56,613	INFO	Total steps: 8942841	Episode: 3020/6192	Avg reward: -19.80	Avg steps: 5774
2020-07-19 02:38:48,725	INFO	Total steps: 9061812	Episode: 3040/6962	Avg reward: -19.80	Avg steps: 5947
2020-07-19 03:09:21,885	INFO	Total steps: 9186746	Episode: 3060/4316	Avg reward: -20.00	Avg steps: 6245
2020-07-19 03:43:07,302	INFO	Total steps: 9324842	Episode: 3080/9858	Avg reward: -19.90	Avg steps: 6903
2020-07-19 04:15:13,116	INFO	Total steps: 9456701	Episode: 3100/7079	Avg reward: -19.75	Avg steps: 6591
2020-07-19 04:45:08,386	INFO	Total steps: 9578177	Episode: 3120/6773	Avg reward: -19.80	Avg steps: 6072
2020-07-19 05:12:03,033	INFO	Total steps: 9690104	Episode: 3140/7819	Avg reward: -19.65	Avg steps: 5595
2020-07-19 05:44:16,106	INFO	Total steps: 9823582	Episode: 3160/4226	Avg reward: -19.85	Avg steps: 6672
2020-07-19 06:15:01,176	INFO	Total steps: 9951264	Episode: 3180/4749	Avg reward: -19.75	Avg steps: 6383
2020-07-19 06:45:01,141	INFO	Total steps: 10075173	Episode: 3200/9164	Avg reward: -19.60	Avg steps: 6194
2020-07-19 07:23:20,177	INFO	Total steps: 10234772	Episode: 3220/8478	Avg reward: -19.80	Avg steps: 7978
2020-07-19 07:53:51,446	INFO	Total steps: 10362710	Episode: 3240/5799	Avg reward: -19.90	Avg steps: 6395
2020-07-19 08:21:06,972	INFO	Total steps: 10477401	Episode: 3260/4220	Avg reward: -19.85	Avg steps: 5733
2020-07-19 08:47:58,361	INFO	Total steps: 10588547	Episode: 3280/6405	Avg reward: -19.80	Avg steps: 5556
2020-07-19 09:18:01,028	INFO	Total steps: 10713596	Episode: 3300/5483	Avg reward: -19.65	Avg steps: 6251
2020-07-19 09:46:04,513	INFO	Total steps: 10827732	Episode: 3320/5920	Avg reward: -19.75	Avg steps: 5705
2020-07-19 10:16:31,593	INFO	Total steps: 10954120	Episode: 3340/9377	Avg reward: -19.70	Avg steps: 6318
2020-07-19 10:49:25,331	INFO	Total steps: 11092078	Episode: 3360/10401	Avg reward: -19.95	Avg steps: 6896
2020-07-19 11:21:55,785	INFO	Total steps: 11225484	Episode: 3380/7924	Avg reward: -19.80	Avg steps: 6669
2020-07-19 11:52:23,541	INFO	Total steps: 11351435	Episode: 3400/6637	Avg reward: -19.80	Avg steps: 6296
2020-07-19 12:27:01,068	INFO	Total steps: 11495585	Episode: 3420/8831	Avg reward: -19.75	Avg steps: 7206
2020-07-19 13:00:29,550	INFO	Total steps: 11634322	Episode: 3440/8266	Avg reward: -19.90	Avg steps: 6935
2020-07-19 13:33:21,887	INFO	Total steps: 11769809	Episode: 3460/6117	Avg reward: -19.95	Avg steps: 6773
2020-07-19 14:03:38,125	INFO	Total steps: 11895540	Episode: 3480/5170	Avg reward: -19.80	Avg steps: 6285
2020-07-19 14:37:04,170	INFO	Total steps: 12033867	Episode: 3500/5383	Avg reward: -19.90	Avg steps: 6915
2020-07-19 15:15:41,107	INFO	Total steps: 12194620	Episode: 3520/8625	Avg reward: -19.70	Avg steps: 8036
2020-07-19 15:57:52,531	INFO	Total steps: 12370253	Episode: 3540/5065	Avg reward: -19.85	Avg steps: 8780
2020-07-19 16:34:40,935	INFO	Total steps: 12524312	Episode: 3560/6135	Avg reward: -19.65	Avg steps: 7701
2020-07-19 17:08:27,520	INFO	Total steps: 12664849	Episode: 3580/8544	Avg reward: -19.80	Avg steps: 7025
2020-07-19 17:37:09,415	INFO	Total steps: 12785423	Episode: 3600/8960	Avg reward: -19.90	Avg steps: 6027
2020-07-19 18:08:45,423	INFO	Total steps: 12918345	Episode: 3620/6001	Avg reward: -19.70	Avg steps: 6645
2020-07-19 18:40:44,039	INFO	Total steps: 13051300	Episode: 3640/6337	Avg reward: -19.95	Avg steps: 6646
2020-07-19 19:15:12,480	INFO	Total steps: 13188489	Episode: 3660/6871	Avg reward: -19.85	Avg steps: 6858
2020-07-19 19:48:23,918	INFO	Total steps: 13318478	Episode: 3680/6061	Avg reward: -19.80	Avg steps: 6498
2020-07-19 20:17:10,363	INFO	Total steps: 13432299	Episode: 3700/5480	Avg reward: -19.75	Avg steps: 5690
2020-07-19 20:48:52,553	INFO	Total steps: 13560093	Episode: 3720/4107	Avg reward: -19.55	Avg steps: 6388
2020-07-19 21:23:49,032	INFO	Total steps: 13700102	Episode: 3740/7288	Avg reward: -19.75	Avg steps: 6999
2020-07-19 21:55:14,561	INFO	Total steps: 13827463	Episode: 3760/5578	Avg reward: -19.75	Avg steps: 6367
2020-07-19 22:24:18,585	INFO	Total steps: 13946681	Episode: 3780/6751	Avg reward: -19.85	Avg steps: 5959
2020-07-19 22:59:42,059	INFO	Total steps: 14091433	Episode: 3800/10843	Avg reward: -19.85	Avg steps: 7236
2020-07-19 23:32:14,111	INFO	Total steps: 14223159	Episode: 3820/4654	Avg reward: -19.90	Avg steps: 6585
2020-07-20 00:07:15,513	INFO	Total steps: 14364915	Episode: 3840/4420	Avg reward: -19.60	Avg steps: 7086
2020-07-20 00:44:57,203	INFO	Total steps: 14516290	Episode: 3860/10402	Avg reward: -19.75	Avg steps: 7567
2020-07-20 01:23:29,104	INFO	Total steps: 14668297	Episode: 3880/7868	Avg reward: -19.80	Avg steps: 7599
2020-07-20 02:02:27,943	INFO	Total steps: 14822117	Episode: 3900/9244	Avg reward: -19.80	Avg steps: 7690
2020-07-20 02:40:20,552	INFO	Total steps: 14975063	Episode: 3920/4015	Avg reward: -19.85	Avg steps: 7646
2020-07-20 03:21:04,096	INFO	Total steps: 15138727	Episode: 3940/6413	Avg reward: -19.80	Avg steps: 8182
2020-07-20 03:56:44,278	INFO	Total steps: 15283403	Episode: 3960/6439	Avg reward: -19.75	Avg steps: 7232
2020-07-20 04:39:21,118	INFO	Total steps: 15456242	Episode: 3980/9901	Avg reward: -19.90	Avg steps: 8640
2020-07-20 05:22:32,862	INFO	Total steps: 15630177	Episode: 4000/6948	Avg reward: -19.95	Avg steps: 8695
2020-07-21 20:15:53,636	INFO	--width 160 --height 160 --ball 1.0 --ball-size 2.0 --snell 0.6 --snell-width 80.0 --snell-change 0.0 --snell-visible none --paddle-speed 1.0 --paddle-angle 60.0 --paddle-length 20.0 --update-prob 0.5 --state binary --learning-rate 0.0001 --network dqn_pong_model --render False --epsdecay 1000 --episodes 4000 --replay 10000 --batch-size 32 --checkpoint dqn_pong_model --history history.p --store-dir ../experiments/paddle_angle.60.0-update_prob.0.5-snell.0.6 
2020-07-21 20:15:53,712	INFO	Device: cuda
2020-07-21 20:23:43,869	INFO	Total steps: 18355	Episode: 20/731	Avg reward: -19.80	Avg steps: 916
2020-07-21 20:32:33,114	INFO	Total steps: 38296	Episode: 40/927	Avg reward: -19.75	Avg steps: 996
2020-07-21 20:42:28,220	INFO	Total steps: 60602	Episode: 60/848	Avg reward: -19.85	Avg steps: 1114
2020-07-21 20:51:56,921	INFO	Total steps: 81857	Episode: 80/965	Avg reward: -19.65	Avg steps: 1061
2020-07-21 21:01:48,850	INFO	Total steps: 103950	Episode: 100/619	Avg reward: -19.85	Avg steps: 1103
2020-07-21 21:11:56,159	INFO	Total steps: 126612	Episode: 120/1273	Avg reward: -19.85	Avg steps: 1132
2020-07-21 21:23:54,004	INFO	Total steps: 153374	Episode: 140/1583	Avg reward: -19.70	Avg steps: 1337
2020-07-21 21:35:22,203	INFO	Total steps: 179004	Episode: 160/1357	Avg reward: -19.70	Avg steps: 1280
2020-07-21 21:46:50,459	INFO	Total steps: 204618	Episode: 180/1499	Avg reward: -19.80	Avg steps: 1279
2020-07-21 21:59:26,870	INFO	Total steps: 232749	Episode: 200/952	Avg reward: -19.80	Avg steps: 1405
2020-07-21 22:13:31,324	INFO	Total steps: 264095	Episode: 220/1565	Avg reward: -19.85	Avg steps: 1566
2020-07-21 22:28:51,444	INFO	Total steps: 298223	Episode: 240/1589	Avg reward: -19.80	Avg steps: 1705
2020-07-21 22:45:05,125	INFO	Total steps: 334348	Episode: 260/1072	Avg reward: -19.90	Avg steps: 1805
2020-07-21 23:00:05,373	INFO	Total steps: 367876	Episode: 280/1476	Avg reward: -19.75	Avg steps: 1675
2020-07-21 23:15:41,041	INFO	Total steps: 402845	Episode: 300/1268	Avg reward: -19.85	Avg steps: 1747
2020-07-21 23:32:07,580	INFO	Total steps: 439682	Episode: 320/1389	Avg reward: -19.90	Avg steps: 1840
2020-07-21 23:47:53,605	INFO	Total steps: 474989	Episode: 340/2013	Avg reward: -19.75	Avg steps: 1764
2020-07-22 00:05:47,168	INFO	Total steps: 514910	Episode: 360/2327	Avg reward: -19.70	Avg steps: 1995
2020-07-22 00:21:42,716	INFO	Total steps: 550438	Episode: 380/2125	Avg reward: -19.80	Avg steps: 1775
2020-07-22 00:37:00,733	INFO	Total steps: 584540	Episode: 400/889	Avg reward: -19.75	Avg steps: 1704
2020-07-22 00:57:13,643	INFO	Total steps: 629443	Episode: 420/2734	Avg reward: -19.65	Avg steps: 2244
2020-07-22 01:16:54,819	INFO	Total steps: 673068	Episode: 440/2353	Avg reward: -19.65	Avg steps: 2180
2020-07-22 01:38:00,075	INFO	Total steps: 719571	Episode: 460/2648	Avg reward: -19.70	Avg steps: 2324
2020-07-22 01:59:13,135	INFO	Total steps: 766737	Episode: 480/1685	Avg reward: -19.80	Avg steps: 2357
2020-07-22 02:20:42,408	INFO	Total steps: 814440	Episode: 500/3036	Avg reward: -19.70	Avg steps: 2384
2020-07-22 02:41:21,345	INFO	Total steps: 860243	Episode: 520/2208	Avg reward: -19.70	Avg steps: 2289
2020-07-22 03:02:32,861	INFO	Total steps: 907176	Episode: 540/2210	Avg reward: -19.80	Avg steps: 2345
2020-07-22 03:24:51,016	INFO	Total steps: 956603	Episode: 560/3778	Avg reward: -19.75	Avg steps: 2470
2020-07-22 03:47:18,282	INFO	Total steps: 1006306	Episode: 580/2305	Avg reward: -19.90	Avg steps: 2484
2020-07-22 04:10:50,829	INFO	Total steps: 1058322	Episode: 600/3027	Avg reward: -19.70	Avg steps: 2599
2020-07-22 04:32:51,453	INFO	Total steps: 1106947	Episode: 620/2416	Avg reward: -19.80	Avg steps: 2430
2020-07-22 04:57:42,535	INFO	Total steps: 1161631	Episode: 640/2514	Avg reward: -19.70	Avg steps: 2733
2020-07-22 05:23:54,359	INFO	Total steps: 1218933	Episode: 660/3077	Avg reward: -19.85	Avg steps: 2864
2020-07-22 05:47:56,279	INFO	Total steps: 1271686	Episode: 680/2828	Avg reward: -19.95	Avg steps: 2636
2020-07-22 06:16:07,519	INFO	Total steps: 1333658	Episode: 700/2014	Avg reward: -19.80	Avg steps: 3097
2020-07-22 06:41:01,971	INFO	Total steps: 1388432	Episode: 720/2859	Avg reward: -19.85	Avg steps: 2737
2020-07-22 07:04:36,596	INFO	Total steps: 1440172	Episode: 740/1700	Avg reward: -19.60	Avg steps: 2586
2020-07-22 07:30:02,196	INFO	Total steps: 1495967	Episode: 760/2460	Avg reward: -19.80	Avg steps: 2788
2020-07-22 08:00:12,034	INFO	Total steps: 1562132	Episode: 780/3024	Avg reward: -19.70	Avg steps: 3307
2020-07-22 08:22:34,303	INFO	Total steps: 1611159	Episode: 800/1787	Avg reward: -19.70	Avg steps: 2450
2020-07-22 08:42:48,643	INFO	Total steps: 1655411	Episode: 820/3686	Avg reward: -19.80	Avg steps: 2211
2020-07-22 09:03:44,086	INFO	Total steps: 1701198	Episode: 840/1903	Avg reward: -19.75	Avg steps: 2288
2020-07-22 09:23:42,643	INFO	Total steps: 1744888	Episode: 860/1587	Avg reward: -19.65	Avg steps: 2183
2020-07-22 09:45:03,505	INFO	Total steps: 1791569	Episode: 880/2107	Avg reward: -19.90	Avg steps: 2333
2020-07-22 10:06:58,858	INFO	Total steps: 1839694	Episode: 900/2634	Avg reward: -19.85	Avg steps: 2405
2020-07-22 10:32:43,103	INFO	Total steps: 1896340	Episode: 920/1778	Avg reward: -19.95	Avg steps: 2831
2020-07-22 10:59:03,875	INFO	Total steps: 1954058	Episode: 940/2833	Avg reward: -19.85	Avg steps: 2884
2020-07-22 11:21:10,831	INFO	Total steps: 2002485	Episode: 960/2209	Avg reward: -19.85	Avg steps: 2420
2020-07-22 11:44:05,835	INFO	Total steps: 2052620	Episode: 980/2530	Avg reward: -19.75	Avg steps: 2505
2020-07-22 12:07:23,961	INFO	Total steps: 2103297	Episode: 1000/4186	Avg reward: -19.75	Avg steps: 2532
2020-07-22 12:30:05,896	INFO	Total steps: 2152582	Episode: 1020/1914	Avg reward: -19.75	Avg steps: 2463
2020-07-22 12:56:48,932	INFO	Total steps: 2210579	Episode: 1040/3157	Avg reward: -19.90	Avg steps: 2898
2020-07-22 13:23:05,242	INFO	Total steps: 2267635	Episode: 1060/2307	Avg reward: -19.75	Avg steps: 2851
2020-07-22 13:49:41,297	INFO	Total steps: 2325370	Episode: 1080/2669	Avg reward: -19.85	Avg steps: 2885
2020-07-22 14:14:28,938	INFO	Total steps: 2379177	Episode: 1100/2238	Avg reward: -19.85	Avg steps: 2689
2020-07-22 14:41:13,976	INFO	Total steps: 2437179	Episode: 1120/2537	Avg reward: -19.80	Avg steps: 2899
2020-07-22 15:04:14,055	INFO	Total steps: 2487018	Episode: 1140/2856	Avg reward: -19.80	Avg steps: 2490
2020-07-22 15:32:18,668	INFO	Total steps: 2547817	Episode: 1160/2645	Avg reward: -19.70	Avg steps: 3038
2020-07-22 15:56:40,894	INFO	Total steps: 2600565	Episode: 1180/2409	Avg reward: -19.70	Avg steps: 2636
2020-07-22 16:20:26,518	INFO	Total steps: 2651998	Episode: 1200/1489	Avg reward: -19.85	Avg steps: 2570
2020-07-22 16:43:13,149	INFO	Total steps: 2701219	Episode: 1220/2047	Avg reward: -19.95	Avg steps: 2460
2020-07-22 17:09:32,706	INFO	Total steps: 2758252	Episode: 1240/3694	Avg reward: -19.80	Avg steps: 2850
2020-07-22 17:33:52,779	INFO	Total steps: 2811126	Episode: 1260/4130	Avg reward: -19.90	Avg steps: 2642
2020-07-22 17:49:06,903	INFO	--width 160 --height 160 --ball 1.0 --ball-size 2.0 --snell 0.6 --snell-width 80.0 --snell-change 0.0 --snell-visible none --paddle-speed 1.0 --paddle-angle 60.0 --paddle-length 20.0 --update-prob 0.5 --state binary --learning-rate 0.0001 --network dqn_pong_model --render False --epsdecay 1000 --episodes 4000 --replay 10000 --batch-size 32 --checkpoint dqn_pong_model --history history.p --store-dir ../experiments/paddle_angle.60.0-update_prob.0.5-snell.0.6 
2020-07-22 17:49:06,981	INFO	Device: cuda
2020-07-22 18:00:15,638	INFO	Total steps: 17814	Episode: 20/948	Avg reward: -19.70	Avg steps: 889
2020-07-22 18:13:09,753	INFO	Total steps: 37780	Episode: 40/1677	Avg reward: -19.90	Avg steps: 997
2020-07-22 18:27:45,802	INFO	Total steps: 60171	Episode: 60/715	Avg reward: -19.80	Avg steps: 1118
2020-07-22 18:42:00,547	INFO	Total steps: 81862	Episode: 80/1069	Avg reward: -19.80	Avg steps: 1083
2020-07-22 18:57:57,180	INFO	Total steps: 105930	Episode: 100/1158	Avg reward: -19.75	Avg steps: 1202
2020-07-22 19:14:35,463	INFO	Total steps: 131232	Episode: 120/1051	Avg reward: -19.70	Avg steps: 1264
2020-07-22 19:30:42,727	INFO	Total steps: 154940	Episode: 140/1166	Avg reward: -19.75	Avg steps: 1184
2020-07-22 19:45:36,251	INFO	Total steps: 177133	Episode: 160/1284	Avg reward: -19.75	Avg steps: 1108
2020-07-22 20:03:41,859	INFO	Total steps: 203830	Episode: 180/1276	Avg reward: -19.75	Avg steps: 1333
2020-07-22 20:21:23,227	INFO	Total steps: 229639	Episode: 200/954	Avg reward: -19.85	Avg steps: 1289
2020-07-22 20:40:49,722	INFO	Total steps: 258078	Episode: 220/1778	Avg reward: -19.80	Avg steps: 1420
2020-07-22 21:00:28,152	INFO	Total steps: 286524	Episode: 240/1148	Avg reward: -19.80	Avg steps: 1421
2020-07-22 21:22:21,107	INFO	Total steps: 318400	Episode: 260/1362	Avg reward: -19.80	Avg steps: 1592
2020-07-22 21:44:10,750	INFO	Total steps: 350194	Episode: 280/1801	Avg reward: -19.90	Avg steps: 1588
2020-07-22 22:04:25,430	INFO	Total steps: 379100	Episode: 300/1278	Avg reward: -19.95	Avg steps: 1444
2020-07-22 22:30:20,078	INFO	Total steps: 416794	Episode: 320/1714	Avg reward: -19.65	Avg steps: 1883
2020-07-22 22:54:42,004	INFO	Total steps: 452186	Episode: 340/2504	Avg reward: -19.65	Avg steps: 1768
2020-07-22 23:22:33,662	INFO	Total steps: 492348	Episode: 360/3244	Avg reward: -20.00	Avg steps: 2007
2020-07-22 23:54:51,064	INFO	Total steps: 539099	Episode: 380/3013	Avg reward: -19.80	Avg steps: 2336
2020-07-23 00:29:19,002	INFO	Total steps: 591710	Episode: 400/2002	Avg reward: -19.90	Avg steps: 2629
2020-07-23 00:56:34,450	INFO	Total steps: 632904	Episode: 420/1973	Avg reward: -19.85	Avg steps: 2058
2020-07-23 01:28:47,747	INFO	Total steps: 681342	Episode: 440/1092	Avg reward: -19.75	Avg steps: 2420
2020-07-23 01:58:34,946	INFO	Total steps: 726432	Episode: 460/2330	Avg reward: -19.85	Avg steps: 2253
2020-07-23 02:30:20,821	INFO	Total steps: 774414	Episode: 480/1771	Avg reward: -19.70	Avg steps: 2398
2020-07-23 02:58:44,688	INFO	Total steps: 817047	Episode: 500/1693	Avg reward: -19.80	Avg steps: 2130
2020-07-23 03:34:19,314	INFO	Total steps: 870467	Episode: 520/3432	Avg reward: -19.85	Avg steps: 2670
2020-07-23 04:06:04,089	INFO	Total steps: 918746	Episode: 540/1396	Avg reward: -19.70	Avg steps: 2412
2020-07-23 04:41:30,598	INFO	Total steps: 973621	Episode: 560/4626	Avg reward: -19.85	Avg steps: 2742
2020-07-23 05:13:28,140	INFO	Total steps: 1023839	Episode: 580/1590	Avg reward: -19.85	Avg steps: 2509
2020-07-23 05:41:50,848	INFO	Total steps: 1068815	Episode: 600/2109	Avg reward: -19.80	Avg steps: 2247
2020-07-23 06:10:53,778	INFO	Total steps: 1114613	Episode: 620/2525	Avg reward: -19.90	Avg steps: 2288
2020-07-23 06:41:22,601	INFO	Total steps: 1163102	Episode: 640/1692	Avg reward: -19.75	Avg steps: 2423
2020-07-23 07:15:38,859	INFO	Total steps: 1217142	Episode: 660/2832	Avg reward: -19.90	Avg steps: 2701
2020-07-23 07:47:46,760	INFO	Total steps: 1267041	Episode: 680/3060	Avg reward: -19.75	Avg steps: 2493
2020-07-23 08:17:53,974	INFO	Total steps: 1314649	Episode: 700/2194	Avg reward: -19.75	Avg steps: 2379
2020-07-23 08:50:16,481	INFO	Total steps: 1365410	Episode: 720/2098	Avg reward: -19.80	Avg steps: 2537
2020-07-23 09:25:00,866	INFO	Total steps: 1419500	Episode: 740/2317	Avg reward: -19.85	Avg steps: 2703
2020-07-23 10:00:05,796	INFO	Total steps: 1474111	Episode: 760/2873	Avg reward: -19.80	Avg steps: 2729
2020-07-23 10:29:55,865	INFO	Total steps: 1520536	Episode: 780/3275	Avg reward: -19.85	Avg steps: 2320
2020-07-23 11:01:11,160	INFO	Total steps: 1569457	Episode: 800/1169	Avg reward: -19.75	Avg steps: 2445
2020-07-23 11:29:58,563	INFO	Total steps: 1614579	Episode: 820/2752	Avg reward: -19.90	Avg steps: 2255
2020-07-23 11:58:06,370	INFO	Total steps: 1658594	Episode: 840/2953	Avg reward: -19.85	Avg steps: 2199
2020-07-23 12:27:31,384	INFO	Total steps: 1704282	Episode: 860/2523	Avg reward: -19.85	Avg steps: 2283
2020-07-23 13:02:16,107	INFO	Total steps: 1757795	Episode: 880/2818	Avg reward: -19.85	Avg steps: 2674
2020-07-23 13:34:11,039	INFO	Total steps: 1806761	Episode: 900/3162	Avg reward: -19.70	Avg steps: 2447
2020-07-23 14:09:48,761	INFO	Total steps: 1862311	Episode: 920/3999	Avg reward: -19.90	Avg steps: 2776
2020-07-23 14:40:25,375	INFO	Total steps: 1908963	Episode: 940/2741	Avg reward: -19.60	Avg steps: 2331
2020-07-23 15:20:03,273	INFO	Total steps: 1969745	Episode: 960/2535	Avg reward: -19.85	Avg steps: 3038
2020-07-23 16:01:08,147	INFO	Total steps: 2032629	Episode: 980/3681	Avg reward: -19.90	Avg steps: 3143
2020-07-23 16:41:07,745	INFO	Total steps: 2092781	Episode: 1000/2643	Avg reward: -19.65	Avg steps: 3006
2020-07-23 17:21:54,230	INFO	Total steps: 2154961	Episode: 1020/3060	Avg reward: -19.95	Avg steps: 3108
2020-07-23 17:55:53,681	INFO	Total steps: 2207201	Episode: 1040/3891	Avg reward: -19.75	Avg steps: 2611
2020-07-23 18:36:13,372	INFO	Total steps: 2269523	Episode: 1060/3028	Avg reward: -19.90	Avg steps: 3115
2020-07-23 19:12:23,219	INFO	Total steps: 2324525	Episode: 1080/3707	Avg reward: -19.85	Avg steps: 2749
2020-07-23 19:44:47,400	INFO	Total steps: 2374641	Episode: 1100/1902	Avg reward: -19.85	Avg steps: 2504
2020-07-23 20:18:41,321	INFO	Total steps: 2426415	Episode: 1120/3910	Avg reward: -19.85	Avg steps: 2587
2020-07-23 20:47:44,091	INFO	Total steps: 2469915	Episode: 1140/1592	Avg reward: -19.85	Avg steps: 2174
2020-07-23 21:22:17,996	INFO	Total steps: 2522383	Episode: 1160/1698	Avg reward: -19.80	Avg steps: 2622
2020-07-23 21:53:21,124	INFO	Total steps: 2569377	Episode: 1180/2459	Avg reward: -19.75	Avg steps: 2348
2020-07-23 22:24:43,741	INFO	Total steps: 2617399	Episode: 1200/2136	Avg reward: -19.70	Avg steps: 2400
2020-07-23 23:01:52,775	INFO	Total steps: 2674739	Episode: 1220/2549	Avg reward: -19.75	Avg steps: 2866
2020-07-23 23:39:00,855	INFO	Total steps: 2732484	Episode: 1240/2839	Avg reward: -19.95	Avg steps: 2886
2020-07-24 00:16:31,573	INFO	Total steps: 2790512	Episode: 1260/3301	Avg reward: -19.85	Avg steps: 2900
2020-07-24 00:54:07,068	INFO	Total steps: 2848717	Episode: 1280/2400	Avg reward: -19.85	Avg steps: 2909
2020-07-24 01:28:19,195	INFO	Total steps: 2902576	Episode: 1300/2431	Avg reward: -19.80	Avg steps: 2691
2020-07-24 02:01:36,568	INFO	Total steps: 2954676	Episode: 1320/2651	Avg reward: -19.80	Avg steps: 2604
2020-07-24 02:33:46,602	INFO	Total steps: 3006223	Episode: 1340/2654	Avg reward: -19.70	Avg steps: 2576
2020-07-24 03:05:08,228	INFO	Total steps: 3055783	Episode: 1360/3724	Avg reward: -19.85	Avg steps: 2477
2020-07-24 03:37:41,999	INFO	Total steps: 3106611	Episode: 1380/2199	Avg reward: -19.85	Avg steps: 2540
2020-07-24 04:08:37,591	INFO	Total steps: 3154965	Episode: 1400/1784	Avg reward: -19.85	Avg steps: 2416
2020-07-24 04:37:59,138	INFO	Total steps: 3201721	Episode: 1420/1904	Avg reward: -19.75	Avg steps: 2336
2020-07-24 05:07:27,599	INFO	Total steps: 3254338	Episode: 1440/1809	Avg reward: -19.85	Avg steps: 2629
2020-07-24 05:39:01,926	INFO	Total steps: 3309464	Episode: 1460/4223	Avg reward: -19.80	Avg steps: 2755
2020-07-24 06:10:45,580	INFO	Total steps: 3363143	Episode: 1480/1272	Avg reward: -19.90	Avg steps: 2682
2020-07-24 06:46:04,346	INFO	Total steps: 3421514	Episode: 1500/3045	Avg reward: -19.75	Avg steps: 2917
2020-07-24 07:19:10,351	INFO	Total steps: 3476218	Episode: 1520/4027	Avg reward: -19.85	Avg steps: 2734
2020-07-24 07:55:41,560	INFO	Total steps: 3537543	Episode: 1540/2932	Avg reward: -19.80	Avg steps: 3065
2020-07-24 08:27:51,086	INFO	Total steps: 3591374	Episode: 1560/2452	Avg reward: -19.80	Avg steps: 2690
2020-07-24 09:01:23,625	INFO	Total steps: 3647590	Episode: 1580/2832	Avg reward: -19.75	Avg steps: 2809
2020-07-24 09:33:57,237	INFO	Total steps: 3701780	Episode: 1600/2940	Avg reward: -19.95	Avg steps: 2708
2020-07-24 10:13:07,936	INFO	Total steps: 3766520	Episode: 1620/2529	Avg reward: -19.85	Avg steps: 3236
2020-07-24 10:53:37,365	INFO	Total steps: 3833494	Episode: 1640/2953	Avg reward: -19.85	Avg steps: 3347
2020-07-24 11:30:23,415	INFO	Total steps: 3894265	Episode: 1660/3896	Avg reward: -19.75	Avg steps: 3037
2020-07-24 12:25:39,815	INFO	Total steps: 3985118	Episode: 1680/3901	Avg reward: -19.90	Avg steps: 4541
2020-07-24 13:07:12,188	INFO	Total steps: 4052225	Episode: 1700/3112	Avg reward: -19.80	Avg steps: 3354
2020-07-24 14:01:31,437	INFO	Total steps: 4138989	Episode: 1720/4111	Avg reward: -19.85	Avg steps: 4337
2020-07-24 14:46:14,601	INFO	Total steps: 4210374	Episode: 1740/5558	Avg reward: -19.70	Avg steps: 3568
2020-07-24 15:35:12,601	INFO	Total steps: 4289641	Episode: 1760/6426	Avg reward: -19.85	Avg steps: 3962
2020-07-24 16:28:27,244	INFO	Total steps: 4376668	Episode: 1780/3743	Avg reward: -19.95	Avg steps: 4350
2020-07-24 17:41:14,855	INFO	Total steps: 4489706	Episode: 1800/8476	Avg reward: -19.70	Avg steps: 5650
2020-07-24 18:56:45,730	INFO	Total steps: 4608939	Episode: 1820/9449	Avg reward: -19.85	Avg steps: 5960
2020-07-24 20:13:45,622	INFO	Total steps: 4730875	Episode: 1840/3160	Avg reward: -19.80	Avg steps: 6095
2020-07-24 21:23:30,849	INFO	Total steps: 4839564	Episode: 1860/5060	Avg reward: -19.80	Avg steps: 5433
2020-07-24 22:35:12,266	INFO	Total steps: 4951488	Episode: 1880/3473	Avg reward: -19.85	Avg steps: 5595
2020-07-24 23:50:08,685	INFO	Total steps: 5067467	Episode: 1900/7683	Avg reward: -19.80	Avg steps: 5797
2020-07-25 01:13:23,223	INFO	Total steps: 5196926	Episode: 1920/4954	Avg reward: -19.70	Avg steps: 6471
2020-07-25 02:33:42,471	INFO	Total steps: 5323560	Episode: 1940/2856	Avg reward: -19.80	Avg steps: 6330
2020-07-25 03:30:18,180	INFO	Total steps: 5412519	Episode: 1960/4707	Avg reward: -19.85	Avg steps: 4446
2020-07-25 04:35:16,014	INFO	Total steps: 5511345	Episode: 1980/3697	Avg reward: -19.90	Avg steps: 4940
2020-07-25 05:45:58,868	INFO	Total steps: 5619452	Episode: 2000/3469	Avg reward: -19.65	Avg steps: 5404
2020-07-25 07:02:42,712	INFO	Total steps: 5740165	Episode: 2020/5151	Avg reward: -19.75	Avg steps: 6034
2020-07-25 08:20:33,038	INFO	Total steps: 5858992	Episode: 2040/7161	Avg reward: -19.70	Avg steps: 5940
2020-07-25 09:46:14,742	INFO	Total steps: 5991796	Episode: 2060/5538	Avg reward: -19.75	Avg steps: 6639
2020-07-25 11:10:25,603	INFO	Total steps: 6120573	Episode: 2080/6210	Avg reward: -19.85	Avg steps: 6437
2020-07-25 12:14:15,686	INFO	Total steps: 6217535	Episode: 2100/5072	Avg reward: -19.85	Avg steps: 4847
2020-07-25 13:22:02,039	INFO	Total steps: 6321535	Episode: 2120/5682	Avg reward: -19.80	Avg steps: 5199
2020-07-25 14:47:05,709	INFO	Total steps: 6451334	Episode: 2140/5679	Avg reward: -19.75	Avg steps: 6488
2020-07-25 16:17:56,541	INFO	Total steps: 6590442	Episode: 2160/10480	Avg reward: -19.75	Avg steps: 6954
2020-07-25 17:36:23,556	INFO	Total steps: 6709811	Episode: 2180/5272	Avg reward: -19.55	Avg steps: 5967
2020-07-25 18:51:57,992	INFO	Total steps: 6846538	Episode: 2200/5453	Avg reward: -19.90	Avg steps: 6835
2020-07-25 20:02:12,975	INFO	Total steps: 6988737	Episode: 2220/6938	Avg reward: -19.95	Avg steps: 7108
2020-07-25 21:00:44,757	INFO	Total steps: 7107583	Episode: 2240/4327	Avg reward: -19.80	Avg steps: 5941
2020-07-25 22:13:46,974	INFO	Total steps: 7254375	Episode: 2260/7750	Avg reward: -19.80	Avg steps: 7338
2020-07-25 23:12:52,898	INFO	Total steps: 7392010	Episode: 2280/12565	Avg reward: -19.85	Avg steps: 6880
2020-07-26 00:20:03,426	INFO	Total steps: 7558812	Episode: 2300/16781	Avg reward: -19.95	Avg steps: 8339
2020-07-26 01:36:00,299	INFO	Total steps: 7737922	Episode: 2320/11499	Avg reward: -19.80	Avg steps: 8954
2020-07-26 02:54:04,101	INFO	Total steps: 7920168	Episode: 2340/4745	Avg reward: -19.85	Avg steps: 9111
2020-07-26 04:26:45,282	INFO	Total steps: 8125677	Episode: 2360/13756	Avg reward: -19.70	Avg steps: 10274
2020-07-26 05:53:25,106	INFO	Total steps: 8316272	Episode: 2380/9039	Avg reward: -19.80	Avg steps: 9528
2020-07-26 06:23:45,955	INFO	Total steps: 8382901	Episode: 2400/1462	Avg reward: -19.80	Avg steps: 3330
2020-07-26 06:55:26,756	INFO	Total steps: 8452948	Episode: 2420/4135	Avg reward: -19.95	Avg steps: 3501
2020-07-26 07:28:58,212	INFO	Total steps: 8526266	Episode: 2440/3156	Avg reward: -19.75	Avg steps: 3664
2020-07-26 07:57:39,740	INFO	Total steps: 8590860	Episode: 2460/2737	Avg reward: -19.75	Avg steps: 3228
2020-07-26 08:23:57,409	INFO	Total steps: 8650814	Episode: 2480/2934	Avg reward: -19.90	Avg steps: 2996
2020-07-26 08:52:07,886	INFO	Total steps: 8715932	Episode: 2500/3357	Avg reward: -19.75	Avg steps: 3254
2020-07-26 09:20:34,716	INFO	Total steps: 8783046	Episode: 2520/4828	Avg reward: -19.80	Avg steps: 3354
2020-07-26 09:50:32,554	INFO	Total steps: 8852026	Episode: 2540/2527	Avg reward: -19.75	Avg steps: 3448
2020-07-26 10:22:12,896	INFO	Total steps: 8925917	Episode: 2560/2026	Avg reward: -19.85	Avg steps: 3693
2020-07-26 10:54:37,756	INFO	Total steps: 9000536	Episode: 2580/2678	Avg reward: -19.80	Avg steps: 3729
2020-07-26 11:23:01,857	INFO	Total steps: 9063112	Episode: 2600/3175	Avg reward: -19.70	Avg steps: 3127
2020-07-26 11:55:14,581	INFO	Total steps: 9132862	Episode: 2620/4008	Avg reward: -19.90	Avg steps: 3486
2020-07-26 12:26:03,375	INFO	Total steps: 9203147	Episode: 2640/3808	Avg reward: -19.80	Avg steps: 3513
2020-07-26 13:00:04,057	INFO	Total steps: 9279549	Episode: 2660/1690	Avg reward: -19.60	Avg steps: 3819
2020-07-26 13:22:34,301	INFO	Total steps: 9329529	Episode: 2680/2201	Avg reward: -19.70	Avg steps: 2498
2020-07-26 13:46:02,969	INFO	Total steps: 9381488	Episode: 2700/2936	Avg reward: -19.95	Avg steps: 2596
2020-07-26 14:12:15,689	INFO	Total steps: 9440533	Episode: 2720/2527	Avg reward: -19.85	Avg steps: 2951
2020-07-26 14:41:24,442	INFO	Total steps: 9505266	Episode: 2740/3077	Avg reward: -19.85	Avg steps: 3235
2020-07-26 15:07:12,832	INFO	Total steps: 9563419	Episode: 2760/2499	Avg reward: -19.95	Avg steps: 2906
2020-07-26 15:54:42,615	INFO	Total steps: 9668579	Episode: 2780/4924	Avg reward: -19.95	Avg steps: 5257
2020-07-26 16:41:50,984	INFO	Total steps: 9773415	Episode: 2800/5930	Avg reward: -19.80	Avg steps: 5240
2020-07-26 17:40:18,101	INFO	Total steps: 9903581	Episode: 2820/3662	Avg reward: -19.65	Avg steps: 6507
2020-07-26 18:33:28,833	INFO	Total steps: 10021338	Episode: 2840/5168	Avg reward: -19.90	Avg steps: 5886
2020-07-26 19:37:57,787	INFO	Total steps: 10164467	Episode: 2860/7222	Avg reward: -19.85	Avg steps: 7155
2020-07-26 20:36:59,572	INFO	Total steps: 10295718	Episode: 2880/6309	Avg reward: -19.50	Avg steps: 6561
2020-07-26 22:11:07,442	INFO	Total steps: 10505152	Episode: 2900/13840	Avg reward: -19.90	Avg steps: 10470
2020-07-26 23:36:27,908	INFO	Total steps: 10695344	Episode: 2920/15448	Avg reward: -19.85	Avg steps: 9508
2020-07-27 00:43:55,713	INFO	Total steps: 10847226	Episode: 2940/15404	Avg reward: -19.85	Avg steps: 7593
2020-07-27 01:51:10,689	INFO	Total steps: 10997918	Episode: 2960/7966	Avg reward: -19.90	Avg steps: 7533
2020-07-27 02:54:16,208	INFO	Total steps: 11136863	Episode: 2980/7351	Avg reward: -19.85	Avg steps: 6946
2020-07-27 03:43:31,879	INFO	Total steps: 11248216	Episode: 3000/3688	Avg reward: -19.80	Avg steps: 5566
2020-07-27 04:24:54,146	INFO	Total steps: 11340487	Episode: 3020/3880	Avg reward: -19.75	Avg steps: 4612
2020-07-27 05:11:17,006	INFO	Total steps: 11444761	Episode: 3040/6163	Avg reward: -19.75	Avg steps: 5212
2020-07-27 06:04:30,957	INFO	Total steps: 11561702	Episode: 3060/7244	Avg reward: -19.85	Avg steps: 5846
2020-07-27 06:48:17,704	INFO	Total steps: 11660530	Episode: 3080/6981	Avg reward: -19.80	Avg steps: 4940
2020-07-27 07:31:14,611	INFO	Total steps: 11754606	Episode: 3100/3989	Avg reward: -19.90	Avg steps: 4702
2020-07-27 08:22:20,776	INFO	Total steps: 11869310	Episode: 3120/3363	Avg reward: -19.80	Avg steps: 5734
2020-07-27 09:18:25,338	INFO	Total steps: 11994888	Episode: 3140/1593	Avg reward: -19.85	Avg steps: 6277
2020-07-27 10:28:33,986	INFO	Total steps: 12150751	Episode: 3160/12967	Avg reward: -19.75	Avg steps: 7792
2020-07-27 11:47:18,388	INFO	Total steps: 12327207	Episode: 3180/14767	Avg reward: -19.70	Avg steps: 8821
2020-07-27 13:04:03,692	INFO	Total steps: 12497585	Episode: 3200/11417	Avg reward: -19.85	Avg steps: 8517
2020-07-27 14:48:03,882	INFO	Total steps: 12727526	Episode: 3220/10564	Avg reward: -19.80	Avg steps: 11496
2020-07-27 16:15:07,066	INFO	Total steps: 12927259	Episode: 3240/6474	Avg reward: -19.90	Avg steps: 9985
2020-07-27 17:08:53,627	INFO	Total steps: 13049175	Episode: 3260/11532	Avg reward: -19.70	Avg steps: 6094
2020-07-27 18:27:23,496	INFO	Total steps: 13232106	Episode: 3280/12259	Avg reward: -19.95	Avg steps: 9145
2020-07-27 19:44:31,764	INFO	Total steps: 13455364	Episode: 3300/18039	Avg reward: -19.55	Avg steps: 11161
2020-07-27 20:43:39,104	INFO	Total steps: 13633765	Episode: 3320/8584	Avg reward: -19.80	Avg steps: 8919
2020-07-27 21:33:00,017	INFO	Total steps: 13781337	Episode: 3340/6543	Avg reward: -20.00	Avg steps: 7377
2020-07-27 22:21:55,779	INFO	Total steps: 13930371	Episode: 3360/14987	Avg reward: -19.65	Avg steps: 7450
2020-07-27 23:23:35,763	INFO	Total steps: 14115016	Episode: 3380/5392	Avg reward: -19.75	Avg steps: 9231
2020-07-28 00:21:13,076	INFO	Total steps: 14288816	Episode: 3400/10814	Avg reward: -19.90	Avg steps: 8689
2020-07-28 01:10:14,456	INFO	Total steps: 14438840	Episode: 3420/7342	Avg reward: -19.75	Avg steps: 7500
2020-07-28 01:56:26,954	INFO	Total steps: 14578668	Episode: 3440/2619	Avg reward: -19.60	Avg steps: 6990
2020-07-28 02:34:15,726	INFO	Total steps: 14693458	Episode: 3460/2738	Avg reward: -19.90	Avg steps: 5738
2020-07-28 03:12:01,266	INFO	Total steps: 14807890	Episode: 3480/3773	Avg reward: -20.00	Avg steps: 5720
2020-07-28 03:56:46,388	INFO	Total steps: 14943001	Episode: 3500/7423	Avg reward: -19.70	Avg steps: 6754
2020-07-28 04:32:09,491	INFO	Total steps: 15045732	Episode: 3520/4860	Avg reward: -19.80	Avg steps: 5135
2020-07-28 05:10:52,571	INFO	Total steps: 15156975	Episode: 3540/1706	Avg reward: -19.90	Avg steps: 5561
2020-07-28 05:53:13,389	INFO	Total steps: 15278987	Episode: 3560/7867	Avg reward: -19.85	Avg steps: 6099
2020-07-28 06:32:07,059	INFO	Total steps: 15390963	Episode: 3580/5460	Avg reward: -19.75	Avg steps: 5597
2020-07-28 07:05:59,411	INFO	Total steps: 15488388	Episode: 3600/6389	Avg reward: -19.95	Avg steps: 4870
2020-07-28 07:50:17,975	INFO	Total steps: 15616601	Episode: 3620/7879	Avg reward: -19.70	Avg steps: 6409
2020-07-28 08:43:47,304	INFO	Total steps: 15770259	Episode: 3640/9451	Avg reward: -19.75	Avg steps: 7681
2020-07-28 09:39:03,308	INFO	Total steps: 15928839	Episode: 3660/4512	Avg reward: -19.75	Avg steps: 7928
2020-07-28 10:27:49,344	INFO	Total steps: 16072073	Episode: 3680/8808	Avg reward: -19.80	Avg steps: 7160
2020-07-28 11:33:25,526	INFO	Total steps: 16258006	Episode: 3700/3052	Avg reward: -19.80	Avg steps: 9295
2020-07-28 12:19:32,157	INFO	Total steps: 16387190	Episode: 3720/3899	Avg reward: -19.70	Avg steps: 6458
2020-07-28 13:12:46,217	INFO	Total steps: 16536635	Episode: 3740/3903	Avg reward: -19.75	Avg steps: 7471
2020-07-28 13:54:04,734	INFO	Total steps: 16652322	Episode: 3760/5986	Avg reward: -19.65	Avg steps: 5783
2020-07-28 14:42:09,246	INFO	Total steps: 16785839	Episode: 3780/7740	Avg reward: -19.80	Avg steps: 6674
2020-07-28 15:35:45,570	INFO	Total steps: 16935500	Episode: 3800/3374	Avg reward: -19.70	Avg steps: 7482
2020-07-28 16:38:55,941	INFO	Total steps: 17113503	Episode: 3820/5751	Avg reward: -19.65	Avg steps: 8899
2020-07-28 17:27:16,373	INFO	Total steps: 17250897	Episode: 3840/3900	Avg reward: -19.65	Avg steps: 6868
2020-07-28 18:18:49,269	INFO	Total steps: 17399918	Episode: 3860/7323	Avg reward: -19.95	Avg steps: 7450
2020-07-28 19:04:35,031	INFO	Total steps: 17534328	Episode: 3880/3966	Avg reward: -19.85	Avg steps: 6719
2020-07-28 20:01:26,848	INFO	Total steps: 17699621	Episode: 3900/15971	Avg reward: -19.85	Avg steps: 8263
2020-07-28 20:55:43,683	INFO	Total steps: 17855365	Episode: 3920/10549	Avg reward: -19.70	Avg steps: 7786
2020-07-28 21:57:24,515	INFO	Total steps: 18028948	Episode: 3940/3670	Avg reward: -19.70	Avg steps: 8678
2020-07-28 22:34:30,609	INFO	Total steps: 18134581	Episode: 3960/4608	Avg reward: -19.85	Avg steps: 5280
2020-07-28 23:46:46,355	INFO	Total steps: 18343099	Episode: 3980/12628	Avg reward: -19.80	Avg steps: 10424
2020-07-29 01:00:57,431	INFO	Total steps: 18562070	Episode: 4000/5969	Avg reward: -19.95	Avg steps: 10947
