2020-07-01 22:19:37,052	INFO	--width 160 --height 160 --ball 1.0 --ball-size 2.0 --snell 1.0 --snell-width 60.0 --snell-change 0.0 --snell-visible none --paddle-speed 1.0 --paddle-angle 60.0 --paddle-length 40.0 --update-prob 0.2 --state binary --learning-rate 0.0001 --network dqn_pong_model --render False --epsdecay 1000 --episodes 4000 --replay 10000 --checkpoint dqn_pong_model --history history.p --store-dir ../experiments/snell_width.60.0-paddle_length.40.0-paddle_angle.60.0-update_prob.0.2 
2020-07-01 22:19:37,052	INFO	Device: cuda
2020-07-01 22:26:56,865	INFO	Total steps: 20959	Episode: 20/598	Avg reward: -16.60	Avg steps: 1046
2020-07-01 22:40:35,023	INFO	Total steps: 44680	Episode: 40/1169	Avg reward: -15.95	Avg steps: 1185
2020-07-01 22:55:30,302	INFO	Total steps: 70604	Episode: 60/1447	Avg reward: -15.70	Avg steps: 1295
2020-07-01 23:08:18,110	INFO	Total steps: 93167	Episode: 80/1432	Avg reward: -15.80	Avg steps: 1127
2020-07-01 23:20:24,997	INFO	Total steps: 118310	Episode: 100/1201	Avg reward: -15.20	Avg steps: 1256
2020-07-01 23:32:45,701	INFO	Total steps: 143798	Episode: 120/1119	Avg reward: -15.50	Avg steps: 1273
2020-07-01 23:45:10,204	INFO	Total steps: 169399	Episode: 140/1614	Avg reward: -14.20	Avg steps: 1279
2020-07-01 23:57:12,879	INFO	Total steps: 194163	Episode: 160/893	Avg reward: -15.15	Avg steps: 1237
2020-07-02 00:10:48,495	INFO	Total steps: 222224	Episode: 180/1380	Avg reward: -12.60	Avg steps: 1402
2020-07-02 00:24:53,963	INFO	Total steps: 251247	Episode: 200/1374	Avg reward: -12.70	Avg steps: 1450
2020-07-02 00:38:43,241	INFO	Total steps: 279605	Episode: 220/1707	Avg reward: -13.95	Avg steps: 1416
2020-07-02 00:53:50,056	INFO	Total steps: 310776	Episode: 240/1531	Avg reward: -12.55	Avg steps: 1557
2020-07-02 01:10:43,932	INFO	Total steps: 345542	Episode: 260/2409	Avg reward: -10.80	Avg steps: 1737
2020-07-02 01:25:21,421	INFO	Total steps: 375709	Episode: 280/1103	Avg reward: -12.20	Avg steps: 1507
2020-07-02 01:40:18,481	INFO	Total steps: 406502	Episode: 300/1708	Avg reward: -12.50	Avg steps: 1538
2020-07-02 01:55:25,005	INFO	Total steps: 437528	Episode: 320/1587	Avg reward: -11.75	Avg steps: 1550
2020-07-02 02:11:33,416	INFO	Total steps: 470800	Episode: 340/1420	Avg reward: -10.70	Avg steps: 1662
2020-07-02 02:30:15,779	INFO	Total steps: 509423	Episode: 360/1399	Avg reward: -7.60	Avg steps: 1930
2020-07-02 02:49:49,823	INFO	Total steps: 549848	Episode: 380/2183	Avg reward: -7.05	Avg steps: 2020
2020-07-02 03:06:10,705	INFO	Total steps: 583615	Episode: 400/1443	Avg reward: -9.55	Avg steps: 1687
2020-07-02 03:26:01,523	INFO	Total steps: 624715	Episode: 420/2570	Avg reward: -5.45	Avg steps: 2054
2020-07-02 03:45:45,864	INFO	Total steps: 665404	Episode: 440/2245	Avg reward: -6.50	Avg steps: 2033
2020-07-02 04:04:09,092	INFO	Total steps: 702770	Episode: 460/2355	Avg reward: -6.40	Avg steps: 1867
2020-07-02 04:24:24,527	INFO	Total steps: 743978	Episode: 480/2414	Avg reward: -4.50	Avg steps: 2059
2020-07-02 04:45:49,818	INFO	Total steps: 787632	Episode: 500/1718	Avg reward: -4.65	Avg steps: 2181
2020-07-02 05:06:58,444	INFO	Total steps: 830878	Episode: 520/1827	Avg reward: -3.60	Avg steps: 2161
2020-07-02 05:25:52,178	INFO	Total steps: 869642	Episode: 540/2203	Avg reward: -4.70	Avg steps: 1937
2020-07-02 05:47:04,991	INFO	Total steps: 913267	Episode: 560/2302	Avg reward: -2.10	Avg steps: 2180
2020-07-02 06:09:46,931	INFO	Total steps: 959885	Episode: 580/2096	Avg reward: -1.00	Avg steps: 2329
2020-07-02 06:31:01,954	INFO	Total steps: 1003193	Episode: 600/1279	Avg reward: -0.75	Avg steps: 2164
2020-07-02 06:53:10,706	INFO	Total steps: 1048372	Episode: 620/2086	Avg reward: -0.40	Avg steps: 2257
2020-07-02 07:14:09,303	INFO	Total steps: 1091246	Episode: 640/2173	Avg reward: -1.50	Avg steps: 2142
2020-07-02 07:35:32,637	INFO	Total steps: 1135386	Episode: 660/2306	Avg reward: -0.20	Avg steps: 2206
2020-07-02 07:58:56,421	INFO	Total steps: 1183509	Episode: 680/2380	Avg reward: 3.35	Avg steps: 2405
2020-07-02 08:19:47,501	INFO	Total steps: 1226427	Episode: 700/2296	Avg reward: -0.45	Avg steps: 2144
2020-07-02 08:42:32,959	INFO	Total steps: 1273243	Episode: 720/2699	Avg reward: 1.80	Avg steps: 2339
2020-07-02 09:04:07,268	INFO	Total steps: 1317467	Episode: 740/1760	Avg reward: 3.45	Avg steps: 2210
2020-07-02 09:26:16,444	INFO	Total steps: 1362805	Episode: 760/2564	Avg reward: 4.25	Avg steps: 2265
2020-07-02 09:47:18,512	INFO	Total steps: 1406154	Episode: 780/2602	Avg reward: 2.85	Avg steps: 2166
2020-07-02 10:08:44,753	INFO	Total steps: 1450144	Episode: 800/2418	Avg reward: 3.25	Avg steps: 2198
2020-07-02 10:31:02,855	INFO	Total steps: 1495929	Episode: 820/1895	Avg reward: 5.40	Avg steps: 2288
2020-07-02 10:54:19,644	INFO	Total steps: 1543657	Episode: 840/2701	Avg reward: 6.65	Avg steps: 2385
2020-07-02 11:16:55,747	INFO	Total steps: 1589320	Episode: 860/2549	Avg reward: 5.05	Avg steps: 2282
2020-07-02 11:39:09,345	INFO	Total steps: 1634093	Episode: 880/2108	Avg reward: 7.95	Avg steps: 2237
2020-07-02 12:00:40,059	INFO	Total steps: 1677356	Episode: 900/1560	Avg reward: 8.05	Avg steps: 2162
2020-07-02 12:22:31,474	INFO	Total steps: 1721960	Episode: 920/2078	Avg reward: 8.00	Avg steps: 2229
2020-07-02 12:43:27,115	INFO	Total steps: 1766709	Episode: 940/2253	Avg reward: 6.65	Avg steps: 2236
2020-07-02 13:03:27,024	INFO	Total steps: 1809625	Episode: 960/2034	Avg reward: 10.60	Avg steps: 2144
2020-07-02 13:25:03,865	INFO	Total steps: 1855992	Episode: 980/2010	Avg reward: 7.60	Avg steps: 2317
2020-07-02 13:45:23,179	INFO	Total steps: 1899375	Episode: 1000/2093	Avg reward: 9.40	Avg steps: 2168
2020-07-02 14:05:39,130	INFO	Total steps: 1941846	Episode: 1020/2088	Avg reward: 10.65	Avg steps: 2122
2020-07-02 14:25:36,652	INFO	Total steps: 1984070	Episode: 1040/1751	Avg reward: 12.00	Avg steps: 2110
2020-07-02 14:45:40,231	INFO	Total steps: 2026654	Episode: 1060/2850	Avg reward: 10.90	Avg steps: 2128
2020-07-02 15:06:11,088	INFO	Total steps: 2070542	Episode: 1080/2176	Avg reward: 11.45	Avg steps: 2193
2020-07-02 15:26:30,357	INFO	Total steps: 2113674	Episode: 1100/2252	Avg reward: 11.65	Avg steps: 2155
2020-07-02 15:46:25,085	INFO	Total steps: 2155768	Episode: 1120/2497	Avg reward: 11.30	Avg steps: 2103
2020-07-02 16:04:24,203	INFO	Total steps: 2194117	Episode: 1140/1822	Avg reward: 13.00	Avg steps: 1916
2020-07-02 16:22:23,273	INFO	Total steps: 2232464	Episode: 1160/1506	Avg reward: 13.45	Avg steps: 1916
2020-07-02 16:41:11,514	INFO	Total steps: 2272629	Episode: 1180/1677	Avg reward: 13.55	Avg steps: 2007
2020-07-02 17:00:22,159	INFO	Total steps: 2313505	Episode: 1200/2531	Avg reward: 12.85	Avg steps: 2042
2020-07-02 17:19:27,852	INFO	Total steps: 2354194	Episode: 1220/1905	Avg reward: 12.55	Avg steps: 2033
2020-07-02 17:38:21,978	INFO	Total steps: 2394353	Episode: 1240/2423	Avg reward: 13.20	Avg steps: 2006
2020-07-02 17:57:23,981	INFO	Total steps: 2434671	Episode: 1260/2394	Avg reward: 13.05	Avg steps: 2014
2020-07-02 18:16:11,173	INFO	Total steps: 2474540	Episode: 1280/1934	Avg reward: 13.05	Avg steps: 1992
2020-07-02 18:32:33,092	INFO	Total steps: 2509506	Episode: 1300/1661	Avg reward: 14.85	Avg steps: 1747
2020-07-02 18:50:34,316	INFO	Total steps: 2548012	Episode: 1320/1568	Avg reward: 13.05	Avg steps: 1924
2020-07-02 19:07:52,303	INFO	Total steps: 2584941	Episode: 1340/2255	Avg reward: 13.90	Avg steps: 1845
2020-07-02 19:25:02,794	INFO	Total steps: 2621668	Episode: 1360/1935	Avg reward: 14.15	Avg steps: 1835
2020-07-02 19:42:01,425	INFO	Total steps: 2657725	Episode: 1380/1980	Avg reward: 15.20	Avg steps: 1801
2020-07-02 20:00:11,899	INFO	Total steps: 2696107	Episode: 1400/1614	Avg reward: 14.25	Avg steps: 1918
2020-07-02 20:17:39,418	INFO	Total steps: 2732950	Episode: 1420/1728	Avg reward: 15.30	Avg steps: 1841
2020-07-02 20:34:29,497	INFO	Total steps: 2768430	Episode: 1440/2143	Avg reward: 15.50	Avg steps: 1773
2020-07-02 20:50:51,742	INFO	Total steps: 2803158	Episode: 1460/1721	Avg reward: 15.10	Avg steps: 1735
2020-07-02 21:07:37,438	INFO	Total steps: 2838369	Episode: 1480/1640	Avg reward: 15.80	Avg steps: 1759
2020-07-02 21:25:04,043	INFO	Total steps: 2875167	Episode: 1500/2450	Avg reward: 15.95	Avg steps: 1838
2020-07-02 21:42:42,699	INFO	Total steps: 2912902	Episode: 1520/1878	Avg reward: 14.80	Avg steps: 1885
2020-07-02 22:00:32,309	INFO	Total steps: 2950607	Episode: 1540/2064	Avg reward: 15.15	Avg steps: 1884
2020-07-02 22:17:44,306	INFO	Total steps: 2987134	Episode: 1560/1782	Avg reward: 14.95	Avg steps: 1825
2020-07-02 22:34:30,756	INFO	Total steps: 3022711	Episode: 1580/1508	Avg reward: 14.75	Avg steps: 1777
2020-07-02 22:51:40,616	INFO	Total steps: 3059000	Episode: 1600/1662	Avg reward: 15.30	Avg steps: 1813
2020-07-02 23:09:35,389	INFO	Total steps: 3096784	Episode: 1620/1894	Avg reward: 14.30	Avg steps: 1888
2020-07-02 23:26:49,282	INFO	Total steps: 3133252	Episode: 1640/1728	Avg reward: 15.60	Avg steps: 1822
2020-07-02 23:42:43,289	INFO	Total steps: 3167031	Episode: 1660/1868	Avg reward: 16.85	Avg steps: 1687
2020-07-02 23:59:48,347	INFO	Total steps: 3202717	Episode: 1680/1733	Avg reward: 15.95	Avg steps: 1783
2020-07-03 00:16:10,772	INFO	Total steps: 3237076	Episode: 1700/1662	Avg reward: 15.35	Avg steps: 1716
2020-07-03 00:32:58,978	INFO	Total steps: 3272141	Episode: 1720/1384	Avg reward: 15.90	Avg steps: 1752
2020-07-03 00:49:41,929	INFO	Total steps: 3307344	Episode: 1740/2056	Avg reward: 15.35	Avg steps: 1759
2020-07-03 01:06:54,915	INFO	Total steps: 3343814	Episode: 1760/2058	Avg reward: 16.70	Avg steps: 1822
2020-07-03 01:23:23,596	INFO	Total steps: 3378548	Episode: 1780/2321	Avg reward: 16.50	Avg steps: 1735
2020-07-03 01:40:45,803	INFO	Total steps: 3415070	Episode: 1800/1615	Avg reward: 15.55	Avg steps: 1825
2020-07-03 01:57:16,221	INFO	Total steps: 3449997	Episode: 1820/1768	Avg reward: 16.45	Avg steps: 1745
2020-07-03 02:13:18,718	INFO	Total steps: 3483478	Episode: 1840/1735	Avg reward: 16.65	Avg steps: 1673
2020-07-03 02:30:23,072	INFO	Total steps: 3519054	Episode: 1860/1781	Avg reward: 16.45	Avg steps: 1777
2020-07-03 02:49:11,265	INFO	Total steps: 3558426	Episode: 1880/1895	Avg reward: 14.85	Avg steps: 1967
2020-07-03 03:06:40,398	INFO	Total steps: 3595036	Episode: 1900/1798	Avg reward: 15.65	Avg steps: 1829
2020-07-03 03:24:47,959	INFO	Total steps: 3633155	Episode: 1920/2278	Avg reward: 17.35	Avg steps: 1904
2020-07-03 03:43:31,625	INFO	Total steps: 3672587	Episode: 1940/2135	Avg reward: 16.75	Avg steps: 1970
2020-07-03 04:01:18,931	INFO	Total steps: 3709974	Episode: 1960/1748	Avg reward: 17.00	Avg steps: 1868
2020-07-03 04:17:00,429	INFO	Total steps: 3742911	Episode: 1980/1617	Avg reward: 16.00	Avg steps: 1645
2020-07-03 04:33:52,765	INFO	Total steps: 3778094	Episode: 2000/1544	Avg reward: 17.00	Avg steps: 1758
2020-07-03 04:50:21,958	INFO	Total steps: 3812896	Episode: 2020/1640	Avg reward: 17.15	Avg steps: 1739
2020-07-03 05:08:14,390	INFO	Total steps: 3850554	Episode: 2040/1505	Avg reward: 16.80	Avg steps: 1881
2020-07-03 05:25:22,831	INFO	Total steps: 3886549	Episode: 2060/2165	Avg reward: 17.15	Avg steps: 1798
2020-07-03 05:42:05,556	INFO	Total steps: 3920636	Episode: 2080/2461	Avg reward: 17.45	Avg steps: 1703
2020-07-03 05:57:39,783	INFO	Total steps: 3953505	Episode: 2100/1430	Avg reward: 17.45	Avg steps: 1642
2020-07-03 06:14:35,019	INFO	Total steps: 3988502	Episode: 2120/1848	Avg reward: 16.95	Avg steps: 1748
2020-07-03 06:30:30,716	INFO	Total steps: 4020991	Episode: 2140/1912	Avg reward: 17.90	Avg steps: 1623
2020-07-03 06:47:17,546	INFO	Total steps: 4055242	Episode: 2160/1549	Avg reward: 17.55	Avg steps: 1711
2020-07-03 07:03:42,849	INFO	Total steps: 4089231	Episode: 2180/1829	Avg reward: 17.15	Avg steps: 1698
2020-07-03 07:20:31,559	INFO	Total steps: 4124355	Episode: 2200/1420	Avg reward: 16.30	Avg steps: 1755
2020-07-03 07:36:09,960	INFO	Total steps: 4156253	Episode: 2220/1725	Avg reward: 17.70	Avg steps: 1593
2020-07-03 07:53:18,178	INFO	Total steps: 4191075	Episode: 2240/1497	Avg reward: 16.70	Avg steps: 1740
2020-07-03 08:09:56,083	INFO	Total steps: 4224927	Episode: 2260/1897	Avg reward: 18.05	Avg steps: 1691
2020-07-03 08:26:42,753	INFO	Total steps: 4258913	Episode: 2280/1655	Avg reward: 17.45	Avg steps: 1698
2020-07-03 08:42:50,703	INFO	Total steps: 4292334	Episode: 2300/1881	Avg reward: 17.10	Avg steps: 1670
2020-07-03 09:00:04,322	INFO	Total steps: 4327378	Episode: 2320/1783	Avg reward: 16.40	Avg steps: 1751
2020-07-03 09:16:51,148	INFO	Total steps: 4361961	Episode: 2340/1995	Avg reward: 16.90	Avg steps: 1728
2020-07-03 09:33:21,879	INFO	Total steps: 4395336	Episode: 2360/1617	Avg reward: 18.15	Avg steps: 1667
2020-07-03 09:51:11,467	INFO	Total steps: 4431862	Episode: 2380/2397	Avg reward: 17.15	Avg steps: 1825
2020-07-03 10:08:42,179	INFO	Total steps: 4467494	Episode: 2400/2209	Avg reward: 17.90	Avg steps: 1780
2020-07-03 10:25:05,274	INFO	Total steps: 4500934	Episode: 2420/2097	Avg reward: 17.60	Avg steps: 1671
2020-07-03 10:42:18,382	INFO	Total steps: 4536432	Episode: 2440/2312	Avg reward: 18.15	Avg steps: 1773
2020-07-03 10:58:19,976	INFO	Total steps: 4569240	Episode: 2460/1638	Avg reward: 18.65	Avg steps: 1639
2020-07-03 11:14:37,859	INFO	Total steps: 4602221	Episode: 2480/1463	Avg reward: 18.40	Avg steps: 1648
2020-07-03 11:31:22,725	INFO	Total steps: 4636245	Episode: 2500/1307	Avg reward: 17.25	Avg steps: 1700
2020-07-03 11:48:34,147	INFO	Total steps: 4670828	Episode: 2520/1590	Avg reward: 18.60	Avg steps: 1728
2020-07-03 12:05:11,729	INFO	Total steps: 4704399	Episode: 2540/1667	Avg reward: 18.05	Avg steps: 1677
2020-07-03 12:21:43,982	INFO	Total steps: 4737717	Episode: 2560/1913	Avg reward: 17.85	Avg steps: 1664
2020-07-03 12:38:42,208	INFO	Total steps: 4773032	Episode: 2580/1959	Avg reward: 16.25	Avg steps: 1764
2020-07-03 12:55:39,741	INFO	Total steps: 4807488	Episode: 2600/1279	Avg reward: 18.00	Avg steps: 1721
2020-07-03 13:12:13,595	INFO	Total steps: 4841149	Episode: 2620/1799	Avg reward: 18.00	Avg steps: 1682
2020-07-03 13:28:06,100	INFO	Total steps: 4873745	Episode: 2640/1664	Avg reward: 17.65	Avg steps: 1628
2020-07-03 13:43:13,165	INFO	Total steps: 4904744	Episode: 2660/1357	Avg reward: 18.35	Avg steps: 1548
2020-07-03 14:00:05,037	INFO	Total steps: 4938803	Episode: 2680/1618	Avg reward: 18.35	Avg steps: 1701
2020-07-03 14:16:47,862	INFO	Total steps: 4973180	Episode: 2700/1761	Avg reward: 17.05	Avg steps: 1717
2020-07-03 14:32:15,359	INFO	Total steps: 5005267	Episode: 2720/1527	Avg reward: 18.50	Avg steps: 1603
2020-07-03 14:49:05,688	INFO	Total steps: 5039505	Episode: 2740/2056	Avg reward: 18.00	Avg steps: 1710
2020-07-03 15:05:56,609	INFO	Total steps: 5074083	Episode: 2760/2122	Avg reward: 18.25	Avg steps: 1727
2020-07-03 15:22:52,521	INFO	Total steps: 5108433	Episode: 2780/1978	Avg reward: 18.25	Avg steps: 1716
2020-07-03 15:39:33,425	INFO	Total steps: 5142539	Episode: 2800/1648	Avg reward: 17.85	Avg steps: 1704
2020-07-03 15:56:47,217	INFO	Total steps: 5177616	Episode: 2820/1925	Avg reward: 17.85	Avg steps: 1752
2020-07-03 16:14:24,006	INFO	Total steps: 5213307	Episode: 2840/1715	Avg reward: 18.00	Avg steps: 1783
2020-07-03 16:30:33,668	INFO	Total steps: 5246013	Episode: 2860/1915	Avg reward: 18.00	Avg steps: 1634
2020-07-03 16:47:43,465	INFO	Total steps: 5280891	Episode: 2880/2452	Avg reward: 17.90	Avg steps: 1742
2020-07-03 17:03:47,896	INFO	Total steps: 5314165	Episode: 2900/1387	Avg reward: 18.75	Avg steps: 1662
2020-07-03 17:19:24,211	INFO	Total steps: 5346239	Episode: 2920/1650	Avg reward: 17.95	Avg steps: 1602
2020-07-03 17:35:48,722	INFO	Total steps: 5379997	Episode: 2940/1773	Avg reward: 19.05	Avg steps: 1686
2020-07-03 17:54:04,026	INFO	Total steps: 5417201	Episode: 2960/2017	Avg reward: 18.30	Avg steps: 1859
2020-07-03 18:11:41,380	INFO	Total steps: 5452827	Episode: 2980/1726	Avg reward: 18.10	Avg steps: 1780
2020-07-03 18:28:11,392	INFO	Total steps: 5486126	Episode: 3000/1651	Avg reward: 18.25	Avg steps: 1663
2020-07-03 18:43:56,672	INFO	Total steps: 5518142	Episode: 3020/1527	Avg reward: 17.80	Avg steps: 1599
2020-07-03 19:00:32,357	INFO	Total steps: 5552084	Episode: 3040/1366	Avg reward: 18.35	Avg steps: 1696
2020-07-03 19:18:45,650	INFO	Total steps: 5589437	Episode: 3060/1943	Avg reward: 17.75	Avg steps: 1866
2020-07-03 19:36:57,629	INFO	Total steps: 5626290	Episode: 3080/1800	Avg reward: 17.45	Avg steps: 1841
2020-07-03 19:54:22,228	INFO	Total steps: 5661906	Episode: 3100/1408	Avg reward: 17.45	Avg steps: 1779
2020-07-03 20:11:13,863	INFO	Total steps: 5696142	Episode: 3120/2048	Avg reward: 18.40	Avg steps: 1710
2020-07-03 20:28:29,458	INFO	Total steps: 5731898	Episode: 3140/1487	Avg reward: 18.10	Avg steps: 1786
2020-07-03 20:47:55,759	INFO	Total steps: 5771544	Episode: 3160/1545	Avg reward: 17.45	Avg steps: 1981
2020-07-03 21:04:56,220	INFO	Total steps: 5806104	Episode: 3180/1545	Avg reward: 18.20	Avg steps: 1727
2020-07-03 21:22:53,179	INFO	Total steps: 5842397	Episode: 3200/1967	Avg reward: 18.25	Avg steps: 1813
2020-07-03 21:40:07,710	INFO	Total steps: 5877827	Episode: 3220/2016	Avg reward: 17.85	Avg steps: 1770
2020-07-03 21:57:29,254	INFO	Total steps: 5913651	Episode: 3240/1843	Avg reward: 17.60	Avg steps: 1790
2020-07-03 22:14:27,594	INFO	Total steps: 5948711	Episode: 3260/1699	Avg reward: 17.35	Avg steps: 1752
2020-07-03 22:31:54,462	INFO	Total steps: 5984701	Episode: 3280/1661	Avg reward: 17.70	Avg steps: 1798
2020-07-03 22:49:33,518	INFO	Total steps: 6020803	Episode: 3300/2046	Avg reward: 17.95	Avg steps: 1804
2020-07-03 23:09:36,376	INFO	Total steps: 6060368	Episode: 3320/1305	Avg reward: 18.00	Avg steps: 1977
2020-07-03 23:26:36,330	INFO	Total steps: 6094294	Episode: 3340/1816	Avg reward: 17.90	Avg steps: 1695
2020-07-03 23:43:23,323	INFO	Total steps: 6127858	Episode: 3360/1482	Avg reward: 17.55	Avg steps: 1677
2020-07-04 00:00:59,667	INFO	Total steps: 6162988	Episode: 3380/1514	Avg reward: 17.55	Avg steps: 1755
2020-07-04 00:17:54,584	INFO	Total steps: 6196611	Episode: 3400/1641	Avg reward: 17.85	Avg steps: 1680
2020-07-04 00:34:36,882	INFO	Total steps: 6229984	Episode: 3420/1512	Avg reward: 17.70	Avg steps: 1667
2020-07-04 00:52:39,582	INFO	Total steps: 6266102	Episode: 3440/1777	Avg reward: 17.60	Avg steps: 1804
2020-07-04 01:10:18,022	INFO	Total steps: 6301264	Episode: 3460/1935	Avg reward: 17.85	Avg steps: 1757
2020-07-04 01:29:05,931	INFO	Total steps: 6338947	Episode: 3480/1947	Avg reward: 17.00	Avg steps: 1883
2020-07-04 01:47:07,289	INFO	Total steps: 6374902	Episode: 3500/1946	Avg reward: 18.10	Avg steps: 1796
2020-07-04 02:05:13,728	INFO	Total steps: 6411011	Episode: 3520/1770	Avg reward: 17.80	Avg steps: 1804
2020-07-04 02:22:28,156	INFO	Total steps: 6445325	Episode: 3540/1484	Avg reward: 17.85	Avg steps: 1714
2020-07-04 02:38:26,539	INFO	Total steps: 6477287	Episode: 3560/1448	Avg reward: 17.85	Avg steps: 1597
2020-07-04 02:54:46,161	INFO	Total steps: 6510035	Episode: 3580/1868	Avg reward: 18.10	Avg steps: 1636
2020-07-04 03:12:00,996	INFO	Total steps: 6544097	Episode: 3600/2028	Avg reward: 17.10	Avg steps: 1702
2020-07-04 03:30:23,054	INFO	Total steps: 6580490	Episode: 3620/1590	Avg reward: 17.95	Avg steps: 1818
2020-07-04 03:46:40,429	INFO	Total steps: 6612938	Episode: 3640/1853	Avg reward: 18.75	Avg steps: 1621
2020-07-04 04:01:55,884	INFO	Total steps: 6643276	Episode: 3660/1439	Avg reward: 18.25	Avg steps: 1515
2020-07-04 04:18:40,432	INFO	Total steps: 6676264	Episode: 3680/1380	Avg reward: 17.95	Avg steps: 1648
2020-07-04 04:37:00,144	INFO	Total steps: 6712134	Episode: 3700/1407	Avg reward: 17.60	Avg steps: 1792
2020-07-04 04:54:58,399	INFO	Total steps: 6747734	Episode: 3720/1647	Avg reward: 18.40	Avg steps: 1779
2020-07-04 05:13:22,731	INFO	Total steps: 6784352	Episode: 3740/2060	Avg reward: 18.50	Avg steps: 1829
2020-07-04 05:31:43,986	INFO	Total steps: 6820686	Episode: 3760/1832	Avg reward: 17.80	Avg steps: 1815
2020-07-04 05:50:26,531	INFO	Total steps: 6857635	Episode: 3780/1885	Avg reward: 18.40	Avg steps: 1846
2020-07-04 06:07:20,283	INFO	Total steps: 6891090	Episode: 3800/1411	Avg reward: 19.30	Avg steps: 1671
2020-07-04 06:24:28,326	INFO	Total steps: 6925097	Episode: 3820/1850	Avg reward: 18.40	Avg steps: 1699
2020-07-04 06:41:22,491	INFO	Total steps: 6958530	Episode: 3840/1394	Avg reward: 18.75	Avg steps: 1670
2020-07-04 06:58:52,214	INFO	Total steps: 6993006	Episode: 3860/2207	Avg reward: 18.00	Avg steps: 1722
2020-07-04 07:15:47,493	INFO	Total steps: 7026955	Episode: 3880/1532	Avg reward: 18.45	Avg steps: 1696
2020-07-04 07:32:38,429	INFO	Total steps: 7060613	Episode: 3900/1844	Avg reward: 18.35	Avg steps: 1681
2020-07-04 07:51:20,638	INFO	Total steps: 7098066	Episode: 3920/2343	Avg reward: 18.55	Avg steps: 1871
2020-07-04 08:07:43,865	INFO	Total steps: 7131012	Episode: 3940/1537	Avg reward: 18.65	Avg steps: 1646
2020-07-04 08:25:26,519	INFO	Total steps: 7166473	Episode: 3960/1460	Avg reward: 18.10	Avg steps: 1772
2020-07-04 08:41:43,220	INFO	Total steps: 7198828	Episode: 3980/1538	Avg reward: 18.40	Avg steps: 1616
2020-07-04 09:00:03,814	INFO	Total steps: 7235389	Episode: 4000/1451	Avg reward: 18.20	Avg steps: 1827
2020-07-06 17:20:39,598	INFO	--width 160 --height 160 --ball 1.0 --ball-size 2.0 --snell 1.0 --snell-width 60.0 --snell-change 0.0 --snell-visible none --paddle-speed 1.0 --paddle-angle 60.0 --paddle-length 40.0 --update-prob 0.2 --state binary --learning-rate 0.0001 --network dqn_pong_model --render False --epsdecay 1000 --episodes 4000 --replay 10000 --checkpoint dqn_pong_model --history history.p --store-dir ../experiments/snell_width.60.0-paddle_length.40.0-paddle_angle.60.0-update_prob.0.2 
2020-07-06 17:20:39,662	INFO	Device: cuda
2020-07-06 17:26:09,983	INFO	Total steps: 22017	Episode: 20/1179	Avg reward: -17.10	Avg steps: 1099
2020-07-06 17:35:53,938	INFO	Total steps: 46438	Episode: 40/1175	Avg reward: -15.60	Avg steps: 1220
2020-07-06 17:45:25,009	INFO	Total steps: 70150	Episode: 60/938	Avg reward: -15.35	Avg steps: 1184
2020-07-06 17:55:50,465	INFO	Total steps: 96122	Episode: 80/1138	Avg reward: -15.10	Avg steps: 1297
2020-07-06 18:05:54,206	INFO	Total steps: 120929	Episode: 100/1417	Avg reward: -15.10	Avg steps: 1239
2020-07-06 18:15:59,882	INFO	Total steps: 145925	Episode: 120/1250	Avg reward: -14.15	Avg steps: 1248
2020-07-06 18:26:29,589	INFO	Total steps: 171931	Episode: 140/1403	Avg reward: -13.35	Avg steps: 1299
2020-07-06 18:37:26,948	INFO	Total steps: 198900	Episode: 160/1330	Avg reward: -14.15	Avg steps: 1347
2020-07-06 18:49:27,661	INFO	Total steps: 228710	Episode: 180/1528	Avg reward: -13.50	Avg steps: 1489
2020-07-06 19:02:04,624	INFO	Total steps: 259772	Episode: 200/1407	Avg reward: -12.30	Avg steps: 1552
2020-07-06 19:14:38,854	INFO	Total steps: 290350	Episode: 220/1864	Avg reward: -12.25	Avg steps: 1527
2020-07-06 19:27:03,215	INFO	Total steps: 320572	Episode: 240/1790	Avg reward: -12.00	Avg steps: 1510
2020-07-06 19:40:46,304	INFO	Total steps: 354015	Episode: 260/1460	Avg reward: -11.15	Avg steps: 1671
2020-07-06 19:52:51,412	INFO	Total steps: 383694	Episode: 280/1580	Avg reward: -11.80	Avg steps: 1482
2020-07-06 20:06:42,160	INFO	Total steps: 417609	Episode: 300/2030	Avg reward: -11.25	Avg steps: 1694
2020-07-06 20:20:57,332	INFO	Total steps: 452435	Episode: 320/2033	Avg reward: -10.10	Avg steps: 1740
2020-07-06 20:36:53,868	INFO	Total steps: 491272	Episode: 340/1458	Avg reward: -7.70	Avg steps: 1940
2020-07-06 20:52:31,482	INFO	Total steps: 529373	Episode: 360/1560	Avg reward: -9.15	Avg steps: 1904
2020-07-06 21:08:13,060	INFO	Total steps: 567706	Episode: 380/2218	Avg reward: -6.40	Avg steps: 1915
2020-07-06 21:23:19,810	INFO	Total steps: 604633	Episode: 400/2203	Avg reward: -7.75	Avg steps: 1845
2020-07-06 21:39:35,600	INFO	Total steps: 644865	Episode: 420/2460	Avg reward: -6.30	Avg steps: 2010
2020-07-06 21:55:34,865	INFO	Total steps: 684392	Episode: 440/2297	Avg reward: -8.05	Avg steps: 1975
2020-07-06 22:15:02,353	INFO	Total steps: 732736	Episode: 460/2236	Avg reward: -3.05	Avg steps: 2416
2020-07-06 22:33:18,928	INFO	Total steps: 777889	Episode: 480/2387	Avg reward: -2.60	Avg steps: 2256
2020-07-06 22:52:45,152	INFO	Total steps: 825640	Episode: 500/2112	Avg reward: -0.65	Avg steps: 2386
2020-07-06 23:12:06,264	INFO	Total steps: 872640	Episode: 520/1975	Avg reward: -2.50	Avg steps: 2349
2020-07-06 23:31:16,243	INFO	Total steps: 918986	Episode: 540/3133	Avg reward: -3.25	Avg steps: 2316
2020-07-06 23:50:58,774	INFO	Total steps: 966441	Episode: 560/2101	Avg reward: -1.45	Avg steps: 2371
2020-07-07 00:10:55,378	INFO	Total steps: 1013906	Episode: 580/2303	Avg reward: -0.85	Avg steps: 2372
2020-07-07 00:29:40,985	INFO	Total steps: 1058762	Episode: 600/2172	Avg reward: -0.10	Avg steps: 2241
2020-07-07 00:48:26,244	INFO	Total steps: 1103259	Episode: 620/2101	Avg reward: 2.95	Avg steps: 2223
2020-07-07 01:06:46,090	INFO	Total steps: 1146961	Episode: 640/2257	Avg reward: 2.25	Avg steps: 2184
2020-07-07 01:26:33,080	INFO	Total steps: 1193907	Episode: 660/1755	Avg reward: 2.30	Avg steps: 2346
2020-07-07 01:46:32,150	INFO	Total steps: 1241278	Episode: 680/3263	Avg reward: 1.25	Avg steps: 2367
2020-07-07 02:06:30,309	INFO	Total steps: 1288756	Episode: 700/2453	Avg reward: 3.95	Avg steps: 2372
2020-07-07 02:26:37,850	INFO	Total steps: 1336270	Episode: 720/2007	Avg reward: 3.90	Avg steps: 2374
2020-07-07 02:46:55,688	INFO	Total steps: 1384320	Episode: 740/2089	Avg reward: 6.05	Avg steps: 2401
2020-07-07 03:05:07,607	INFO	Total steps: 1427470	Episode: 760/2400	Avg reward: 6.15	Avg steps: 2156
2020-07-07 03:25:12,339	INFO	Total steps: 1474977	Episode: 780/2024	Avg reward: 8.00	Avg steps: 2374
2020-07-07 03:44:30,690	INFO	Total steps: 1520309	Episode: 800/2001	Avg reward: 7.95	Avg steps: 2265
2020-07-07 04:03:22,724	INFO	Total steps: 1564854	Episode: 820/1752	Avg reward: 6.90	Avg steps: 2226
2020-07-07 04:23:09,410	INFO	Total steps: 1611553	Episode: 840/2213	Avg reward: 9.40	Avg steps: 2333
2020-07-07 04:42:34,816	INFO	Total steps: 1657576	Episode: 860/2310	Avg reward: 7.85	Avg steps: 2300
2020-07-07 05:01:37,046	INFO	Total steps: 1702495	Episode: 880/2574	Avg reward: 8.00	Avg steps: 2244
2020-07-07 05:20:17,997	INFO	Total steps: 1746787	Episode: 900/3144	Avg reward: 9.70	Avg steps: 2213
2020-07-07 05:38:47,635	INFO	Total steps: 1790341	Episode: 920/1695	Avg reward: 8.70	Avg steps: 2176
2020-07-07 05:57:23,157	INFO	Total steps: 1833967	Episode: 940/1984	Avg reward: 7.70	Avg steps: 2180
2020-07-07 06:15:45,318	INFO	Total steps: 1876956	Episode: 960/2430	Avg reward: 10.30	Avg steps: 2148
2020-07-07 06:35:34,955	INFO	Total steps: 1923323	Episode: 980/3066	Avg reward: 7.65	Avg steps: 2317
2020-07-07 06:53:35,146	INFO	Total steps: 1965659	Episode: 1000/2412	Avg reward: 11.00	Avg steps: 2115
2020-07-07 07:11:24,834	INFO	Total steps: 2007814	Episode: 1020/1961	Avg reward: 11.70	Avg steps: 2106
2020-07-07 07:28:46,345	INFO	Total steps: 2048548	Episode: 1040/2501	Avg reward: 10.20	Avg steps: 2035
2020-07-07 07:45:33,906	INFO	Total steps: 2088023	Episode: 1060/1731	Avg reward: 12.25	Avg steps: 1972
2020-07-07 08:03:05,090	INFO	Total steps: 2129433	Episode: 1080/2168	Avg reward: 10.65	Avg steps: 2069
2020-07-07 08:20:44,298	INFO	Total steps: 2170773	Episode: 1100/2042	Avg reward: 12.45	Avg steps: 2066
2020-07-07 08:38:38,051	INFO	Total steps: 2212746	Episode: 1120/1992	Avg reward: 12.80	Avg steps: 2097
2020-07-07 08:55:58,583	INFO	Total steps: 2253326	Episode: 1140/1922	Avg reward: 13.15	Avg steps: 2028
2020-07-07 09:14:01,590	INFO	Total steps: 2295528	Episode: 1160/2670	Avg reward: 11.55	Avg steps: 2109
2020-07-07 09:31:41,270	INFO	Total steps: 2337130	Episode: 1180/1959	Avg reward: 12.00	Avg steps: 2079
2020-07-07 09:48:59,746	INFO	Total steps: 2377549	Episode: 1200/1643	Avg reward: 13.45	Avg steps: 2019
2020-07-07 10:05:09,173	INFO	Total steps: 2415479	Episode: 1220/1888	Avg reward: 14.25	Avg steps: 1895
2020-07-07 10:21:46,905	INFO	Total steps: 2454234	Episode: 1240/2018	Avg reward: 12.45	Avg steps: 1936
2020-07-07 10:38:23,576	INFO	Total steps: 2492911	Episode: 1260/1905	Avg reward: 14.35	Avg steps: 1932
2020-07-07 10:57:15,579	INFO	Total steps: 2536853	Episode: 1280/2705	Avg reward: 10.70	Avg steps: 2196
2020-07-07 11:14:43,304	INFO	Total steps: 2577477	Episode: 1300/1876	Avg reward: 13.40	Avg steps: 2030
2020-07-07 11:31:00,715	INFO	Total steps: 2615454	Episode: 1320/1775	Avg reward: 13.15	Avg steps: 1897
2020-07-07 11:46:42,607	INFO	Total steps: 2651906	Episode: 1340/1693	Avg reward: 15.10	Avg steps: 1821
2020-07-07 12:03:23,822	INFO	Total steps: 2690601	Episode: 1360/2391	Avg reward: 14.00	Avg steps: 1933
2020-07-07 12:19:53,126	INFO	Total steps: 2728952	Episode: 1380/2400	Avg reward: 12.60	Avg steps: 1916
2020-07-07 12:36:09,675	INFO	Total steps: 2766634	Episode: 1400/1552	Avg reward: 14.20	Avg steps: 1883
2020-07-07 12:53:35,065	INFO	Total steps: 2807091	Episode: 1420/2272	Avg reward: 14.65	Avg steps: 2021
2020-07-07 13:09:15,603	INFO	Total steps: 2843636	Episode: 1440/1516	Avg reward: 14.80	Avg steps: 1826
2020-07-07 13:26:07,493	INFO	Total steps: 2882927	Episode: 1460/1954	Avg reward: 14.75	Avg steps: 1963
2020-07-07 13:42:38,416	INFO	Total steps: 2921360	Episode: 1480/1978	Avg reward: 14.85	Avg steps: 1920
2020-07-07 13:59:21,085	INFO	Total steps: 2960181	Episode: 1500/2309	Avg reward: 13.45	Avg steps: 1940
2020-07-07 14:15:30,341	INFO	Total steps: 2997858	Episode: 1520/1592	Avg reward: 15.55	Avg steps: 1882
2020-07-07 14:30:42,153	INFO	Total steps: 3033191	Episode: 1540/2014	Avg reward: 16.00	Avg steps: 1765
2020-07-07 14:46:29,147	INFO	Total steps: 3069787	Episode: 1560/1768	Avg reward: 14.90	Avg steps: 1828
2020-07-07 15:02:54,629	INFO	Total steps: 3108082	Episode: 1580/1961	Avg reward: 15.15	Avg steps: 1913
2020-07-07 15:18:11,291	INFO	Total steps: 3143371	Episode: 1600/1923	Avg reward: 15.20	Avg steps: 1763
2020-07-07 15:33:41,030	INFO	Total steps: 3179285	Episode: 1620/2614	Avg reward: 15.65	Avg steps: 1794
2020-07-07 15:49:21,799	INFO	Total steps: 3215378	Episode: 1640/1787	Avg reward: 15.20	Avg steps: 1803
2020-07-07 16:04:40,147	INFO	Total steps: 3250889	Episode: 1660/2063	Avg reward: 16.05	Avg steps: 1774
2020-07-07 16:20:55,564	INFO	Total steps: 3288444	Episode: 1680/1570	Avg reward: 15.30	Avg steps: 1876
2020-07-07 16:37:18,014	INFO	Total steps: 3326208	Episode: 1700/2082	Avg reward: 14.45	Avg steps: 1887
2020-07-07 16:53:07,802	INFO	Total steps: 3362855	Episode: 1720/1640	Avg reward: 15.45	Avg steps: 1831
2020-07-07 17:09:15,588	INFO	Total steps: 3400457	Episode: 1740/1732	Avg reward: 16.25	Avg steps: 1879
2020-07-07 17:24:38,256	INFO	Total steps: 3435576	Episode: 1760/1992	Avg reward: 16.90	Avg steps: 1754
2020-07-07 17:40:28,771	INFO	Total steps: 3471592	Episode: 1780/2015	Avg reward: 17.25	Avg steps: 1799
2020-07-07 17:56:23,463	INFO	Total steps: 3507703	Episode: 1800/1693	Avg reward: 16.00	Avg steps: 1804
2020-07-07 18:12:11,654	INFO	Total steps: 3543917	Episode: 1820/1824	Avg reward: 16.00	Avg steps: 1809
2020-07-07 18:26:23,276	INFO	Total steps: 3576986	Episode: 1840/1437	Avg reward: 17.40	Avg steps: 1652
2020-07-07 18:42:30,086	INFO	Total steps: 3614268	Episode: 1860/1975	Avg reward: 17.30	Avg steps: 1863
2020-07-07 18:57:36,965	INFO	Total steps: 3649213	Episode: 1880/1734	Avg reward: 16.80	Avg steps: 1746
2020-07-07 19:13:35,327	INFO	Total steps: 3686172	Episode: 1900/1940	Avg reward: 16.60	Avg steps: 1846
2020-07-07 19:28:45,088	INFO	Total steps: 3721185	Episode: 1920/1589	Avg reward: 16.40	Avg steps: 1749
2020-07-07 19:43:39,389	INFO	Total steps: 3755704	Episode: 1940/2299	Avg reward: 16.10	Avg steps: 1724
2020-07-07 19:58:13,149	INFO	Total steps: 3789463	Episode: 1960/1720	Avg reward: 16.45	Avg steps: 1686
2020-07-07 20:12:35,103	INFO	Total steps: 3822926	Episode: 1980/1722	Avg reward: 16.75	Avg steps: 1672
2020-07-07 20:27:21,798	INFO	Total steps: 3858207	Episode: 2000/1557	Avg reward: 16.25	Avg steps: 1763
2020-07-07 20:41:45,793	INFO	Total steps: 3892588	Episode: 2020/1624	Avg reward: 17.05	Avg steps: 1718
2020-07-07 20:56:57,710	INFO	Total steps: 3927810	Episode: 2040/1570	Avg reward: 17.30	Avg steps: 1760
2020-07-07 21:12:12,727	INFO	Total steps: 3962885	Episode: 2060/2368	Avg reward: 17.25	Avg steps: 1752
2020-07-07 21:28:33,358	INFO	Total steps: 4000432	Episode: 2080/1477	Avg reward: 16.00	Avg steps: 1876
2020-07-07 21:43:59,025	INFO	Total steps: 4036086	Episode: 2100/1879	Avg reward: 16.20	Avg steps: 1781
2020-07-07 21:58:41,027	INFO	Total steps: 4069784	Episode: 2120/1926	Avg reward: 17.25	Avg steps: 1683
2020-07-07 22:14:25,799	INFO	Total steps: 4105938	Episode: 2140/1856	Avg reward: 16.80	Avg steps: 1806
2020-07-07 22:29:59,919	INFO	Total steps: 4141171	Episode: 2160/2360	Avg reward: 17.25	Avg steps: 1760
2020-07-07 22:45:40,753	INFO	Total steps: 4176531	Episode: 2180/1394	Avg reward: 17.40	Avg steps: 1767
2020-07-07 23:01:08,403	INFO	Total steps: 4211423	Episode: 2200/2052	Avg reward: 17.05	Avg steps: 1743
2020-07-07 23:16:59,855	INFO	Total steps: 4247244	Episode: 2220/1773	Avg reward: 17.95	Avg steps: 1790
2020-07-07 23:32:11,378	INFO	Total steps: 4281594	Episode: 2240/1582	Avg reward: 17.50	Avg steps: 1716
2020-07-07 23:48:26,445	INFO	Total steps: 4318246	Episode: 2260/1853	Avg reward: 16.75	Avg steps: 1831
2020-07-08 00:03:35,315	INFO	Total steps: 4352332	Episode: 2280/1456	Avg reward: 17.95	Avg steps: 1703
2020-07-08 00:19:13,290	INFO	Total steps: 4387474	Episode: 2300/2096	Avg reward: 17.90	Avg steps: 1756
2020-07-08 00:35:08,809	INFO	Total steps: 4423746	Episode: 2320/1486	Avg reward: 17.35	Avg steps: 1812
2020-07-08 00:50:55,969	INFO	Total steps: 4459973	Episode: 2340/1570	Avg reward: 16.90	Avg steps: 1810
2020-07-08 01:05:58,506	INFO	Total steps: 4494485	Episode: 2360/1513	Avg reward: 17.10	Avg steps: 1724
2020-07-08 01:19:43,692	INFO	Total steps: 4526107	Episode: 2380/1278	Avg reward: 18.25	Avg steps: 1580
2020-07-08 01:34:22,133	INFO	Total steps: 4559637	Episode: 2400/2255	Avg reward: 17.80	Avg steps: 1675
2020-07-08 01:48:52,266	INFO	Total steps: 4592802	Episode: 2420/1500	Avg reward: 17.50	Avg steps: 1657
2020-07-08 02:04:55,025	INFO	Total steps: 4629407	Episode: 2440/1522	Avg reward: 17.80	Avg steps: 1829
2020-07-08 02:19:59,936	INFO	Total steps: 4663887	Episode: 2460/1518	Avg reward: 16.85	Avg steps: 1723
2020-07-08 02:34:45,670	INFO	Total steps: 4697725	Episode: 2480/1680	Avg reward: 17.55	Avg steps: 1690
2020-07-08 02:50:45,226	INFO	Total steps: 4734566	Episode: 2500/1607	Avg reward: 17.70	Avg steps: 1841
2020-07-08 03:06:54,474	INFO	Total steps: 4771539	Episode: 2520/1959	Avg reward: 16.90	Avg steps: 1847
2020-07-08 03:22:05,010	INFO	Total steps: 4806414	Episode: 2540/1718	Avg reward: 17.80	Avg steps: 1742
2020-07-08 03:37:35,981	INFO	Total steps: 4841942	Episode: 2560/2173	Avg reward: 17.95	Avg steps: 1775
2020-07-08 03:52:33,510	INFO	Total steps: 4876169	Episode: 2580/1804	Avg reward: 17.85	Avg steps: 1710
2020-07-08 04:07:53,878	INFO	Total steps: 4911311	Episode: 2600/2113	Avg reward: 18.25	Avg steps: 1756
2020-07-08 04:23:05,710	INFO	Total steps: 4946201	Episode: 2620/1476	Avg reward: 17.65	Avg steps: 1743
2020-07-08 04:37:13,303	INFO	Total steps: 4978645	Episode: 2640/1595	Avg reward: 17.95	Avg steps: 1621
2020-07-08 04:51:53,668	INFO	Total steps: 5012198	Episode: 2660/1976	Avg reward: 17.10	Avg steps: 1676
2020-07-08 05:07:40,808	INFO	Total steps: 5048234	Episode: 2680/1742	Avg reward: 17.65	Avg steps: 1800
2020-07-08 05:22:20,802	INFO	Total steps: 5081713	Episode: 2700/1780	Avg reward: 18.25	Avg steps: 1672
2020-07-08 05:37:17,346	INFO	Total steps: 5115814	Episode: 2720/1848	Avg reward: 17.80	Avg steps: 1704
2020-07-08 05:52:59,462	INFO	Total steps: 5151548	Episode: 2740/1555	Avg reward: 17.50	Avg steps: 1785
2020-07-08 06:07:26,436	INFO	Total steps: 5185301	Episode: 2760/1548	Avg reward: 17.85	Avg steps: 1686
2020-07-08 06:21:55,985	INFO	Total steps: 5219175	Episode: 2780/1462	Avg reward: 17.75	Avg steps: 1692
2020-07-08 06:37:23,312	INFO	Total steps: 5255138	Episode: 2800/2436	Avg reward: 17.45	Avg steps: 1797
2020-07-08 06:51:43,595	INFO	Total steps: 5288515	Episode: 2820/2086	Avg reward: 17.75	Avg steps: 1667
2020-07-08 07:05:51,856	INFO	Total steps: 5321547	Episode: 2840/1494	Avg reward: 17.60	Avg steps: 1650
2020-07-08 07:19:59,867	INFO	Total steps: 5354582	Episode: 2860/2177	Avg reward: 17.70	Avg steps: 1650
2020-07-08 07:35:13,257	INFO	Total steps: 5389826	Episode: 2880/2047	Avg reward: 17.70	Avg steps: 1761
2020-07-08 07:50:05,227	INFO	Total steps: 5424252	Episode: 2900/1823	Avg reward: 17.75	Avg steps: 1720
2020-07-08 08:04:14,354	INFO	Total steps: 5457290	Episode: 2920/1610	Avg reward: 17.60	Avg steps: 1650
2020-07-08 08:19:00,452	INFO	Total steps: 5491713	Episode: 2940/1405	Avg reward: 17.80	Avg steps: 1720
2020-07-08 08:33:45,880	INFO	Total steps: 5526121	Episode: 2960/1462	Avg reward: 17.00	Avg steps: 1719
2020-07-08 08:48:05,688	INFO	Total steps: 5559311	Episode: 2980/1295	Avg reward: 17.95	Avg steps: 1658
2020-07-08 09:02:28,983	INFO	Total steps: 5592919	Episode: 3000/1665	Avg reward: 18.35	Avg steps: 1679
2020-07-08 09:17:16,269	INFO	Total steps: 5627385	Episode: 3020/1586	Avg reward: 17.95	Avg steps: 1722
2020-07-08 09:31:25,763	INFO	Total steps: 5660339	Episode: 3040/1544	Avg reward: 18.40	Avg steps: 1646
2020-07-08 09:45:36,905	INFO	Total steps: 5693404	Episode: 3060/1283	Avg reward: 18.25	Avg steps: 1652
2020-07-08 09:59:33,345	INFO	Total steps: 5725909	Episode: 3080/1441	Avg reward: 18.45	Avg steps: 1624
2020-07-08 10:13:43,985	INFO	Total steps: 5758846	Episode: 3100/1457	Avg reward: 18.70	Avg steps: 1645
2020-07-08 10:27:38,036	INFO	Total steps: 5791171	Episode: 3120/1654	Avg reward: 18.40	Avg steps: 1615
2020-07-08 10:41:49,867	INFO	Total steps: 5824475	Episode: 3140/2241	Avg reward: 18.10	Avg steps: 1664
2020-07-08 10:55:54,755	INFO	Total steps: 5857392	Episode: 3160/1777	Avg reward: 18.10	Avg steps: 1644
2020-07-08 11:10:54,671	INFO	Total steps: 5892653	Episode: 3180/1780	Avg reward: 18.05	Avg steps: 1762
2020-07-08 11:24:45,829	INFO	Total steps: 5924804	Episode: 3200/1358	Avg reward: 18.95	Avg steps: 1606
2020-07-08 11:37:49,478	INFO	Total steps: 5955426	Episode: 3220/1603	Avg reward: 18.85	Avg steps: 1530
2020-07-08 11:51:27,501	INFO	Total steps: 5987056	Episode: 3240/2124	Avg reward: 17.95	Avg steps: 1580
2020-07-08 12:05:19,851	INFO	Total steps: 6019248	Episode: 3260/1833	Avg reward: 18.35	Avg steps: 1608
2020-07-08 12:19:13,443	INFO	Total steps: 6051646	Episode: 3280/1382	Avg reward: 18.55	Avg steps: 1618
2020-07-08 12:33:16,169	INFO	Total steps: 6084270	Episode: 3300/1609	Avg reward: 19.10	Avg steps: 1630
2020-07-08 12:46:53,850	INFO	Total steps: 6115172	Episode: 3320/1472	Avg reward: 18.70	Avg steps: 1544
2020-07-08 13:01:07,259	INFO	Total steps: 6148247	Episode: 3340/1630	Avg reward: 18.45	Avg steps: 1652
2020-07-08 13:14:18,452	INFO	Total steps: 6179900	Episode: 3360/1294	Avg reward: 18.60	Avg steps: 1581
2020-07-08 13:26:45,636	INFO	Total steps: 6209767	Episode: 3380/1517	Avg reward: 18.80	Avg steps: 1492
2020-07-08 13:41:56,216	INFO	Total steps: 6245126	Episode: 3400/2551	Avg reward: 18.60	Avg steps: 1766
2020-07-08 14:44:02,969	INFO	Total steps: 6280787	Episode: 3420/1507	Avg reward: 19.00	Avg steps: 1782
2020-07-08 14:58:34,639	INFO	Total steps: 6314180	Episode: 3440/1272	Avg reward: 19.15	Avg steps: 1668
2020-07-08 15:13:31,703	INFO	Total steps: 6348907	Episode: 3460/1467	Avg reward: 18.40	Avg steps: 1735
2020-07-08 15:27:08,591	INFO	Total steps: 6380532	Episode: 3480/1566	Avg reward: 18.90	Avg steps: 1580
2020-07-08 15:40:42,419	INFO	Total steps: 6412089	Episode: 3500/1627	Avg reward: 19.00	Avg steps: 1576
2020-07-08 15:55:07,616	INFO	Total steps: 6445611	Episode: 3520/1722	Avg reward: 18.75	Avg steps: 1675
2020-07-08 16:09:47,577	INFO	Total steps: 6479562	Episode: 3540/1619	Avg reward: 18.95	Avg steps: 1696
2020-07-08 16:23:53,429	INFO	Total steps: 6512360	Episode: 3560/1507	Avg reward: 19.15	Avg steps: 1638
2020-07-08 16:36:41,448	INFO	Total steps: 6541908	Episode: 3580/1364	Avg reward: 19.30	Avg steps: 1476
2020-07-08 16:50:30,195	INFO	Total steps: 6573412	Episode: 3600/2104	Avg reward: 18.75	Avg steps: 1574
2020-07-08 17:05:11,646	INFO	Total steps: 6606825	Episode: 3620/1523	Avg reward: 18.70	Avg steps: 1669
2020-07-08 17:19:53,311	INFO	Total steps: 6640517	Episode: 3640/2113	Avg reward: 18.85	Avg steps: 1683
2020-07-08 17:35:14,855	INFO	Total steps: 6675622	Episode: 3660/1610	Avg reward: 18.70	Avg steps: 1754
2020-07-08 17:49:09,852	INFO	Total steps: 6707129	Episode: 3680/1320	Avg reward: 18.85	Avg steps: 1574
2020-07-08 18:03:42,161	INFO	Total steps: 6740404	Episode: 3700/1390	Avg reward: 19.15	Avg steps: 1662
2020-07-08 18:18:42,929	INFO	Total steps: 6775121	Episode: 3720/1532	Avg reward: 19.05	Avg steps: 1734
2020-07-08 18:33:58,541	INFO	Total steps: 6810389	Episode: 3740/2758	Avg reward: 19.05	Avg steps: 1762
2020-07-08 18:48:56,085	INFO	Total steps: 6844634	Episode: 3760/1769	Avg reward: 19.20	Avg steps: 1711
2020-07-08 19:04:02,048	INFO	Total steps: 6879019	Episode: 3780/1430	Avg reward: 19.15	Avg steps: 1718
2020-07-08 19:19:24,288	INFO	Total steps: 6913973	Episode: 3800/1457	Avg reward: 18.55	Avg steps: 1746
2020-07-08 19:35:06,525	INFO	Total steps: 6949839	Episode: 3820/2047	Avg reward: 18.25	Avg steps: 1792
2020-07-08 19:49:48,934	INFO	Total steps: 6983024	Episode: 3840/1788	Avg reward: 18.55	Avg steps: 1658
2020-07-08 20:04:59,607	INFO	Total steps: 7017647	Episode: 3860/1862	Avg reward: 18.45	Avg steps: 1730
2020-07-08 20:19:56,131	INFO	Total steps: 7051561	Episode: 3880/1453	Avg reward: 19.10	Avg steps: 1694
2020-07-08 20:36:04,206	INFO	Total steps: 7087958	Episode: 3900/2545	Avg reward: 18.75	Avg steps: 1818
2020-07-08 20:52:15,540	INFO	Total steps: 7124480	Episode: 3920/1441	Avg reward: 18.50	Avg steps: 1825
2020-07-08 21:07:32,014	INFO	Total steps: 7159349	Episode: 3940/1802	Avg reward: 18.20	Avg steps: 1742
2020-07-08 21:22:48,361	INFO	Total steps: 7193454	Episode: 3960/1737	Avg reward: 18.80	Avg steps: 1704
2020-07-08 21:38:13,222	INFO	Total steps: 7227250	Episode: 3980/1430	Avg reward: 18.80	Avg steps: 1688
2020-07-08 21:53:16,576	INFO	Total steps: 7260404	Episode: 4000/1694	Avg reward: 19.10	Avg steps: 1656
