2020-07-07 21:54:46,302	INFO	--width 160 --height 160 --ball 3.0 --ball-size 2.0 --snell 3.0 --snell-width 40.0 --snell-change 0.0 --snell-visible none --paddle-speed 3.0 --paddle-angle 45.0 --paddle-length 45.0 --update-prob 0.2 --state binary --learning-rate 0.0001 --network dqn_pong_model --render False --epsdecay 1000 --episodes 4000 --replay 10000 --checkpoint ../experiments/58/dqn_pong_model --history ../experiments/58/history.p --store-dir ../experiments/97 
2020-07-07 21:54:46,303	INFO	Device: cuda
2020-07-13 05:16:21,778	INFO	--width 160 --height 160 --ball 3.0 --ball-size 2.0 --snell 3.0 --snell-width 40.0 --snell-change 0.0 --snell-visible none --paddle-speed 3.0 --paddle-angle 45.0 --paddle-length 45.0 --update-prob 0.2 --state binary --learning-rate 0.0001 --network dqn_pong_model --render False --epsdecay 1000 --episodes 4000 --replay 10000 --checkpoint ../experiments/58/dqn_pong_model --history ../experiments/58/history.p --store-dir ../experiments/97 
2020-07-13 05:16:21,885	INFO	Device: cuda
2020-07-13 05:16:30,389	INFO	Loading the trained model
2020-07-13 05:24:56,826	INFO	Total steps: 8777415	Episode: 12020/737	Avg reward: -0.20	Avg steps: 956
2020-07-13 05:33:45,108	INFO	Total steps: 8796885	Episode: 12040/1051	Avg reward: 4.05	Avg steps: 972
2020-07-13 05:42:14,887	INFO	Total steps: 8815740	Episode: 12060/995	Avg reward: 5.55	Avg steps: 941
2020-07-13 05:50:29,633	INFO	Total steps: 8834063	Episode: 12080/914	Avg reward: 6.20	Avg steps: 915
2020-07-13 05:59:09,436	INFO	Total steps: 8853485	Episode: 12100/897	Avg reward: 6.90	Avg steps: 970
2020-07-13 06:07:27,337	INFO	Total steps: 8873142	Episode: 12120/1033	Avg reward: 9.10	Avg steps: 981
2020-07-13 06:16:51,868	INFO	Total steps: 8894312	Episode: 12140/1202	Avg reward: 7.00	Avg steps: 1057
2020-07-13 06:25:26,102	INFO	Total steps: 8912898	Episode: 12160/924	Avg reward: 8.80	Avg steps: 928
2020-07-13 06:32:35,384	INFO	Total steps: 8929939	Episode: 12180/603	Avg reward: 10.40	Avg steps: 851
2020-07-13 06:39:58,552	INFO	Total steps: 8947312	Episode: 12200/679	Avg reward: 8.30	Avg steps: 867
2020-07-13 06:47:56,852	INFO	Total steps: 8965041	Episode: 12220/868	Avg reward: 9.75	Avg steps: 885
2020-07-13 06:55:46,982	INFO	Total steps: 8982162	Episode: 12240/974	Avg reward: 10.65	Avg steps: 855
2020-07-13 07:03:28,002	INFO	Total steps: 8998897	Episode: 12260/1078	Avg reward: 12.75	Avg steps: 835
2020-07-13 07:11:50,984	INFO	Total steps: 9017153	Episode: 12280/489	Avg reward: 9.05	Avg steps: 911
2020-07-13 07:20:19,099	INFO	Total steps: 9035601	Episode: 12300/738	Avg reward: 10.85	Avg steps: 921
2020-07-13 07:29:06,003	INFO	Total steps: 9054240	Episode: 12320/743	Avg reward: 10.10	Avg steps: 930
2020-07-13 07:38:05,426	INFO	Total steps: 9073232	Episode: 12340/914	Avg reward: 9.35	Avg steps: 948
2020-07-13 07:46:00,431	INFO	Total steps: 9091099	Episode: 12360/910	Avg reward: 10.75	Avg steps: 892
2020-07-13 07:54:17,780	INFO	Total steps: 9108279	Episode: 12380/559	Avg reward: 11.05	Avg steps: 858
2020-07-13 08:02:58,727	INFO	Total steps: 9126207	Episode: 12400/1008	Avg reward: 9.55	Avg steps: 895
2020-07-13 08:11:39,913	INFO	Total steps: 9144044	Episode: 12420/825	Avg reward: 9.80	Avg steps: 890
2020-07-13 08:20:14,395	INFO	Total steps: 9162129	Episode: 12440/838	Avg reward: 10.15	Avg steps: 903
2020-07-13 08:29:18,361	INFO	Total steps: 9181193	Episode: 12460/1301	Avg reward: 9.80	Avg steps: 952
2020-07-13 08:38:21,654	INFO	Total steps: 9200352	Episode: 12480/1019	Avg reward: 10.60	Avg steps: 956
2020-07-13 08:46:00,259	INFO	Total steps: 9217251	Episode: 12500/869	Avg reward: 12.45	Avg steps: 843
2020-07-13 08:54:26,710	INFO	Total steps: 9235750	Episode: 12520/985	Avg reward: 10.85	Avg steps: 923
2020-07-13 09:02:28,278	INFO	Total steps: 9253389	Episode: 12540/756	Avg reward: 10.70	Avg steps: 880
2020-07-13 09:10:32,799	INFO	Total steps: 9271187	Episode: 12560/812	Avg reward: 12.10	Avg steps: 888
2020-07-13 09:18:16,096	INFO	Total steps: 9288247	Episode: 12580/778	Avg reward: 11.25	Avg steps: 852
2020-07-13 09:25:56,690	INFO	Total steps: 9305241	Episode: 12600/700	Avg reward: 10.85	Avg steps: 848
2020-07-13 09:35:00,390	INFO	Total steps: 9324396	Episode: 12620/931	Avg reward: 10.25	Avg steps: 956
2020-07-13 09:43:45,921	INFO	Total steps: 9343137	Episode: 12640/823	Avg reward: 10.60	Avg steps: 936
2020-07-13 09:52:51,836	INFO	Total steps: 9362529	Episode: 12660/1032	Avg reward: 9.70	Avg steps: 968
2020-07-13 10:01:26,520	INFO	Total steps: 9380580	Episode: 12680/937	Avg reward: 10.40	Avg steps: 901
2020-07-13 10:10:26,336	INFO	Total steps: 9399444	Episode: 12700/1122	Avg reward: 10.70	Avg steps: 942
2020-07-13 10:19:10,812	INFO	Total steps: 9417907	Episode: 12720/789	Avg reward: 12.30	Avg steps: 922
2020-07-13 10:28:05,694	INFO	Total steps: 9436795	Episode: 12740/977	Avg reward: 10.05	Avg steps: 943
2020-07-13 10:37:27,439	INFO	Total steps: 9456581	Episode: 12760/911	Avg reward: 10.05	Avg steps: 988
2020-07-13 10:46:36,076	INFO	Total steps: 9475946	Episode: 12780/1118	Avg reward: 10.30	Avg steps: 967
2020-07-13 10:55:17,404	INFO	Total steps: 9494270	Episode: 12800/1021	Avg reward: 10.55	Avg steps: 915
2020-07-13 11:03:28,143	INFO	Total steps: 9511409	Episode: 12820/751	Avg reward: 11.90	Avg steps: 855
2020-07-13 11:11:44,406	INFO	Total steps: 9528788	Episode: 12840/908	Avg reward: 12.35	Avg steps: 867
2020-07-13 11:20:29,238	INFO	Total steps: 9547247	Episode: 12860/832	Avg reward: 10.15	Avg steps: 921
2020-07-13 11:29:05,124	INFO	Total steps: 9565378	Episode: 12880/794	Avg reward: 11.35	Avg steps: 905
2020-07-13 11:38:32,042	INFO	Total steps: 9585408	Episode: 12900/1045	Avg reward: 10.10	Avg steps: 1000
2020-07-13 11:46:48,078	INFO	Total steps: 9602749	Episode: 12920/791	Avg reward: 10.00	Avg steps: 866
2020-07-13 11:55:35,883	INFO	Total steps: 9621354	Episode: 12940/1209	Avg reward: 9.75	Avg steps: 929
2020-07-13 12:05:03,223	INFO	Total steps: 9641282	Episode: 12960/992	Avg reward: 10.45	Avg steps: 995
2020-07-13 12:13:35,578	INFO	Total steps: 9659306	Episode: 12980/1215	Avg reward: 12.70	Avg steps: 900
2020-07-13 12:22:40,057	INFO	Total steps: 9678500	Episode: 13000/1042	Avg reward: 12.05	Avg steps: 958
2020-07-13 12:32:40,561	INFO	Total steps: 9699659	Episode: 13020/919	Avg reward: 11.45	Avg steps: 1056
2020-07-13 12:41:43,385	INFO	Total steps: 9718723	Episode: 13040/1033	Avg reward: 12.65	Avg steps: 952
2020-07-13 12:50:45,867	INFO	Total steps: 9737819	Episode: 13060/689	Avg reward: 12.00	Avg steps: 953
2020-07-13 12:59:32,599	INFO	Total steps: 9756379	Episode: 13080/664	Avg reward: 12.80	Avg steps: 927
2020-07-13 13:09:08,711	INFO	Total steps: 9776694	Episode: 13100/812	Avg reward: 11.00	Avg steps: 1014
2020-07-13 13:19:01,102	INFO	Total steps: 9797009	Episode: 13120/580	Avg reward: 9.90	Avg steps: 1014
2020-07-13 13:28:08,109	INFO	Total steps: 9815724	Episode: 13140/750	Avg reward: 12.60	Avg steps: 934
2020-07-13 13:37:48,625	INFO	Total steps: 9835630	Episode: 13160/645	Avg reward: 12.30	Avg steps: 994
2020-07-13 13:47:11,082	INFO	Total steps: 9854980	Episode: 13180/798	Avg reward: 12.20	Avg steps: 966
2020-07-13 13:56:31,124	INFO	Total steps: 9873876	Episode: 13200/803	Avg reward: 10.40	Avg steps: 943
2020-07-13 14:05:59,193	INFO	Total steps: 9892807	Episode: 13220/830	Avg reward: 10.10	Avg steps: 945
2020-07-13 14:15:38,401	INFO	Total steps: 9912243	Episode: 13240/858	Avg reward: 10.95	Avg steps: 970
2020-07-13 14:24:48,180	INFO	Total steps: 9930699	Episode: 13260/887	Avg reward: 10.45	Avg steps: 921
2020-07-13 14:33:50,003	INFO	Total steps: 9948939	Episode: 13280/687	Avg reward: 11.50	Avg steps: 911
2020-07-13 14:43:48,815	INFO	Total steps: 9969115	Episode: 13300/871	Avg reward: 11.15	Avg steps: 1007
2020-07-13 14:53:37,048	INFO	Total steps: 9989005	Episode: 13320/576	Avg reward: 11.75	Avg steps: 993
2020-07-13 15:02:41,680	INFO	Total steps: 10007481	Episode: 13340/1711	Avg reward: 9.90	Avg steps: 922
2020-07-13 15:11:55,244	INFO	Total steps: 10026162	Episode: 13360/952	Avg reward: 11.00	Avg steps: 933
2020-07-13 15:21:31,599	INFO	Total steps: 10045658	Episode: 13380/1071	Avg reward: 11.05	Avg steps: 973
2020-07-13 15:30:19,300	INFO	Total steps: 10063507	Episode: 13400/1073	Avg reward: 11.80	Avg steps: 891
2020-07-13 15:39:37,204	INFO	Total steps: 10082223	Episode: 13420/972	Avg reward: 10.20	Avg steps: 934
2020-07-13 15:48:44,769	INFO	Total steps: 10100742	Episode: 13440/996	Avg reward: 9.75	Avg steps: 924
2020-07-13 15:57:49,259	INFO	Total steps: 10119634	Episode: 13460/994	Avg reward: 10.80	Avg steps: 943
2020-07-13 16:06:50,278	INFO	Total steps: 10138337	Episode: 13480/942	Avg reward: 11.00	Avg steps: 934
2020-07-13 16:16:31,259	INFO	Total steps: 10158311	Episode: 13500/540	Avg reward: 10.40	Avg steps: 997
2020-07-13 16:26:26,341	INFO	Total steps: 10179019	Episode: 13520/766	Avg reward: 10.35	Avg steps: 1034
2020-07-13 16:35:28,006	INFO	Total steps: 10198105	Episode: 13540/922	Avg reward: 13.10	Avg steps: 953
2020-07-13 16:45:23,661	INFO	Total steps: 10218681	Episode: 13560/960	Avg reward: 11.50	Avg steps: 1027
2020-07-13 16:55:05,143	INFO	Total steps: 10238606	Episode: 13580/977	Avg reward: 12.10	Avg steps: 995
2020-07-13 17:04:28,933	INFO	Total steps: 10258005	Episode: 13600/1356	Avg reward: 11.55	Avg steps: 968
2020-07-13 17:14:11,053	INFO	Total steps: 10277932	Episode: 13620/1196	Avg reward: 11.55	Avg steps: 995
2020-07-13 17:22:35,304	INFO	Total steps: 10295308	Episode: 13640/860	Avg reward: 11.05	Avg steps: 867
2020-07-13 17:31:40,208	INFO	Total steps: 10314129	Episode: 13660/1173	Avg reward: 12.30	Avg steps: 940
2020-07-13 17:41:14,978	INFO	Total steps: 10333985	Episode: 13680/1333	Avg reward: 10.70	Avg steps: 991
2020-07-13 17:51:01,261	INFO	Total steps: 10354197	Episode: 13700/870	Avg reward: 11.05	Avg steps: 1009
2020-07-13 18:00:07,428	INFO	Total steps: 10372893	Episode: 13720/831	Avg reward: 11.40	Avg steps: 933
2020-07-13 18:09:41,608	INFO	Total steps: 10392839	Episode: 13740/835	Avg reward: 9.60	Avg steps: 996
2020-07-13 18:19:09,905	INFO	Total steps: 10412499	Episode: 13760/901	Avg reward: 10.60	Avg steps: 982
2020-07-13 18:28:23,142	INFO	Total steps: 10431574	Episode: 13780/1062	Avg reward: 11.05	Avg steps: 952
2020-07-13 18:38:09,552	INFO	Total steps: 10451199	Episode: 13800/1204	Avg reward: 10.50	Avg steps: 980
2020-07-13 18:47:22,536	INFO	Total steps: 10470414	Episode: 13820/823	Avg reward: 10.85	Avg steps: 959
2020-07-13 18:56:51,221	INFO	Total steps: 10490092	Episode: 13840/706	Avg reward: 11.25	Avg steps: 982
2020-07-13 19:07:11,804	INFO	Total steps: 10511477	Episode: 13860/1139	Avg reward: 9.80	Avg steps: 1068
2020-07-13 19:16:41,581	INFO	Total steps: 10531277	Episode: 13880/1093	Avg reward: 11.20	Avg steps: 989
2020-07-13 19:25:59,417	INFO	Total steps: 10550644	Episode: 13900/1468	Avg reward: 12.15	Avg steps: 967
2020-07-13 19:34:59,412	INFO	Total steps: 10569231	Episode: 13920/1016	Avg reward: 10.60	Avg steps: 928
2020-07-13 19:43:25,602	INFO	Total steps: 10586710	Episode: 13940/1155	Avg reward: 10.25	Avg steps: 872
2020-07-13 19:52:11,643	INFO	Total steps: 10604892	Episode: 13960/712	Avg reward: 10.25	Avg steps: 908
2020-07-13 20:00:22,587	INFO	Total steps: 10621862	Episode: 13980/839	Avg reward: 11.90	Avg steps: 847
2020-07-13 20:09:05,526	INFO	Total steps: 10639830	Episode: 14000/719	Avg reward: 11.15	Avg steps: 897
2020-07-13 20:17:36,726	INFO	Total steps: 10657516	Episode: 14020/1015	Avg reward: 13.10	Avg steps: 883
2020-07-13 20:26:22,668	INFO	Total steps: 10675694	Episode: 14040/930	Avg reward: 11.95	Avg steps: 907
2020-07-13 20:34:49,745	INFO	Total steps: 10693204	Episode: 14060/586	Avg reward: 12.10	Avg steps: 874
2020-07-13 20:43:16,800	INFO	Total steps: 10710679	Episode: 14080/933	Avg reward: 10.70	Avg steps: 872
2020-07-13 20:52:17,504	INFO	Total steps: 10729240	Episode: 14100/797	Avg reward: 9.30	Avg steps: 927
2020-07-13 21:01:31,203	INFO	Total steps: 10748270	Episode: 14120/799	Avg reward: 11.10	Avg steps: 950
2020-07-13 21:10:24,939	INFO	Total steps: 10766584	Episode: 14140/926	Avg reward: 11.95	Avg steps: 914
2020-07-13 21:19:49,807	INFO	Total steps: 10785993	Episode: 14160/1465	Avg reward: 11.30	Avg steps: 969
2020-07-13 21:29:13,430	INFO	Total steps: 10805396	Episode: 14180/1026	Avg reward: 12.25	Avg steps: 969
2020-07-13 21:37:49,623	INFO	Total steps: 10823161	Episode: 14200/675	Avg reward: 12.30	Avg steps: 887
2020-07-13 21:46:52,135	INFO	Total steps: 10841753	Episode: 14220/720	Avg reward: 11.65	Avg steps: 928
2020-07-13 21:56:00,667	INFO	Total steps: 10860685	Episode: 14240/619	Avg reward: 10.50	Avg steps: 945
2020-07-13 22:04:28,037	INFO	Total steps: 10878247	Episode: 14260/1034	Avg reward: 11.80	Avg steps: 877
2020-07-13 22:13:06,900	INFO	Total steps: 10896225	Episode: 14280/1002	Avg reward: 11.40	Avg steps: 897
2020-07-13 22:22:31,625	INFO	Total steps: 10915868	Episode: 14300/909	Avg reward: 9.30	Avg steps: 981
2020-07-13 22:32:11,620	INFO	Total steps: 10935801	Episode: 14320/737	Avg reward: 10.75	Avg steps: 995
2020-07-13 22:41:59,805	INFO	Total steps: 10956072	Episode: 14340/662	Avg reward: 11.80	Avg steps: 1012
2020-07-13 22:50:58,139	INFO	Total steps: 10974636	Episode: 14360/615	Avg reward: 11.80	Avg steps: 927
2020-07-13 23:00:00,096	INFO	Total steps: 10993297	Episode: 14380/954	Avg reward: 11.05	Avg steps: 932
2020-07-13 23:09:21,509	INFO	Total steps: 11012465	Episode: 14400/803	Avg reward: 11.35	Avg steps: 957
2020-07-13 23:18:19,082	INFO	Total steps: 11030932	Episode: 14420/664	Avg reward: 11.95	Avg steps: 922
2020-07-13 23:27:07,507	INFO	Total steps: 11049221	Episode: 14440/917	Avg reward: 11.95	Avg steps: 913
2020-07-13 23:36:46,204	INFO	Total steps: 11069104	Episode: 14460/1162	Avg reward: 9.70	Avg steps: 993
2020-07-13 23:46:19,357	INFO	Total steps: 11088651	Episode: 14480/1230	Avg reward: 10.75	Avg steps: 976
2020-07-13 23:55:03,233	INFO	Total steps: 11106473	Episode: 14500/926	Avg reward: 12.50	Avg steps: 890
2020-07-14 00:04:05,783	INFO	Total steps: 11125050	Episode: 14520/656	Avg reward: 9.65	Avg steps: 927
2020-07-14 00:12:45,728	INFO	Total steps: 11142870	Episode: 14540/966	Avg reward: 12.65	Avg steps: 890
2020-07-14 00:21:54,655	INFO	Total steps: 11161565	Episode: 14560/766	Avg reward: 12.30	Avg steps: 933
2020-07-14 00:30:30,832	INFO	Total steps: 11179222	Episode: 14580/1391	Avg reward: 10.90	Avg steps: 881
2020-07-14 00:39:12,387	INFO	Total steps: 11196988	Episode: 14600/716	Avg reward: 12.75	Avg steps: 887
2020-07-14 00:47:22,010	INFO	Total steps: 11213717	Episode: 14620/908	Avg reward: 13.80	Avg steps: 835
2020-07-14 00:56:50,014	INFO	Total steps: 11233068	Episode: 14640/911	Avg reward: 11.05	Avg steps: 966
2020-07-14 01:06:53,302	INFO	Total steps: 11254062	Episode: 14660/1146	Avg reward: 9.75	Avg steps: 1048
2020-07-14 01:15:11,161	INFO	Total steps: 11271898	Episode: 14680/876	Avg reward: 11.30	Avg steps: 890
2020-07-14 01:23:21,946	INFO	Total steps: 11289403	Episode: 14700/880	Avg reward: 10.75	Avg steps: 874
2020-07-14 01:32:25,049	INFO	Total steps: 11308841	Episode: 14720/1018	Avg reward: 9.30	Avg steps: 970
2020-07-14 01:41:17,353	INFO	Total steps: 11327931	Episode: 14740/976	Avg reward: 10.80	Avg steps: 953
2020-07-14 01:50:17,559	INFO	Total steps: 11347188	Episode: 14760/1043	Avg reward: 11.20	Avg steps: 961
2020-07-14 01:59:06,004	INFO	Total steps: 11365957	Episode: 14780/726	Avg reward: 11.55	Avg steps: 937
2020-07-14 02:07:37,521	INFO	Total steps: 11384047	Episode: 14800/1061	Avg reward: 11.40	Avg steps: 903
2020-07-14 02:16:31,276	INFO	Total steps: 11402946	Episode: 14820/576	Avg reward: 11.85	Avg steps: 943
2020-07-14 02:24:46,138	INFO	Total steps: 11420528	Episode: 14840/858	Avg reward: 11.75	Avg steps: 878
2020-07-14 02:33:13,815	INFO	Total steps: 11438471	Episode: 14860/1034	Avg reward: 12.80	Avg steps: 896
2020-07-14 02:42:04,313	INFO	Total steps: 11457345	Episode: 14880/807	Avg reward: 12.90	Avg steps: 942
2020-07-14 02:52:04,201	INFO	Total steps: 11478380	Episode: 14900/1227	Avg reward: 10.40	Avg steps: 1050
2020-07-14 03:00:08,338	INFO	Total steps: 11495442	Episode: 14920/830	Avg reward: 13.35	Avg steps: 852
2020-07-14 03:09:02,580	INFO	Total steps: 11514240	Episode: 14940/443	Avg reward: 11.75	Avg steps: 938
2020-07-14 03:18:46,231	INFO	Total steps: 11534839	Episode: 14960/1156	Avg reward: 10.55	Avg steps: 1028
2020-07-14 03:26:58,712	INFO	Total steps: 11552432	Episode: 14980/845	Avg reward: 11.65	Avg steps: 878
2020-07-14 03:36:15,378	INFO	Total steps: 11572042	Episode: 15000/1382	Avg reward: 11.70	Avg steps: 979
2020-07-14 03:45:26,991	INFO	Total steps: 11591436	Episode: 15020/971	Avg reward: 12.10	Avg steps: 968
2020-07-14 03:55:46,031	INFO	Total steps: 11613181	Episode: 15040/827	Avg reward: 11.65	Avg steps: 1086
2020-07-14 04:05:37,245	INFO	Total steps: 11634032	Episode: 15060/935	Avg reward: 11.65	Avg steps: 1041
2020-07-14 04:14:43,698	INFO	Total steps: 11653196	Episode: 15080/761	Avg reward: 12.00	Avg steps: 957
2020-07-14 04:24:20,910	INFO	Total steps: 11673593	Episode: 15100/953	Avg reward: 10.90	Avg steps: 1018
2020-07-14 04:32:34,299	INFO	Total steps: 11690975	Episode: 15120/1259	Avg reward: 12.75	Avg steps: 868
2020-07-14 04:41:09,741	INFO	Total steps: 11709193	Episode: 15140/1195	Avg reward: 11.50	Avg steps: 909
2020-07-14 04:49:19,743	INFO	Total steps: 11726454	Episode: 15160/684	Avg reward: 12.55	Avg steps: 862
2020-07-14 04:58:09,027	INFO	Total steps: 11745185	Episode: 15180/922	Avg reward: 11.90	Avg steps: 935
2020-07-14 05:07:27,412	INFO	Total steps: 11764752	Episode: 15200/1127	Avg reward: 12.50	Avg steps: 977
2020-07-14 05:16:14,469	INFO	Total steps: 11783119	Episode: 15220/1045	Avg reward: 13.65	Avg steps: 917
2020-07-14 05:25:51,417	INFO	Total steps: 11802864	Episode: 15240/979	Avg reward: 11.70	Avg steps: 986
2020-07-14 05:35:29,560	INFO	Total steps: 11822547	Episode: 15260/732	Avg reward: 11.90	Avg steps: 983
2020-07-14 05:44:24,319	INFO	Total steps: 11840680	Episode: 15280/969	Avg reward: 11.95	Avg steps: 905
2020-07-14 05:53:31,707	INFO	Total steps: 11859314	Episode: 15300/783	Avg reward: 11.90	Avg steps: 930
2020-07-14 06:03:02,266	INFO	Total steps: 11878706	Episode: 15320/842	Avg reward: 10.35	Avg steps: 968
2020-07-14 06:11:42,172	INFO	Total steps: 11896611	Episode: 15340/1127	Avg reward: 11.00	Avg steps: 894
2020-07-14 06:20:36,507	INFO	Total steps: 11914913	Episode: 15360/764	Avg reward: 11.30	Avg steps: 914
2020-07-14 06:30:50,100	INFO	Total steps: 11935965	Episode: 15380/1322	Avg reward: 10.80	Avg steps: 1051
2020-07-14 06:40:52,279	INFO	Total steps: 11956714	Episode: 15400/1247	Avg reward: 12.20	Avg steps: 1036
2020-07-14 06:51:20,426	INFO	Total steps: 11978414	Episode: 15420/624	Avg reward: 11.60	Avg steps: 1084
2020-07-14 07:00:23,139	INFO	Total steps: 11997402	Episode: 15440/1043	Avg reward: 10.70	Avg steps: 948
2020-07-14 07:08:54,408	INFO	Total steps: 12015203	Episode: 15460/737	Avg reward: 9.65	Avg steps: 889
2020-07-14 07:17:34,840	INFO	Total steps: 12033263	Episode: 15480/1073	Avg reward: 10.65	Avg steps: 902
2020-07-14 07:25:53,221	INFO	Total steps: 12050664	Episode: 15500/895	Avg reward: 11.95	Avg steps: 869
2020-07-14 07:35:09,458	INFO	Total steps: 12070030	Episode: 15520/890	Avg reward: 10.80	Avg steps: 967
2020-07-14 07:44:18,562	INFO	Total steps: 12089270	Episode: 15540/886	Avg reward: 11.05	Avg steps: 961
2020-07-14 07:53:26,724	INFO	Total steps: 12108446	Episode: 15560/852	Avg reward: 10.10	Avg steps: 957
2020-07-14 08:01:19,955	INFO	Total steps: 12124978	Episode: 15580/658	Avg reward: 11.90	Avg steps: 825
2020-07-14 08:10:34,515	INFO	Total steps: 12144351	Episode: 15600/785	Avg reward: 11.95	Avg steps: 967
2020-07-14 08:20:38,553	INFO	Total steps: 12165465	Episode: 15620/1386	Avg reward: 10.90	Avg steps: 1054
2020-07-14 08:29:13,475	INFO	Total steps: 12183842	Episode: 15640/838	Avg reward: 12.25	Avg steps: 917
2020-07-14 08:37:10,354	INFO	Total steps: 12200877	Episode: 15660/730	Avg reward: 11.95	Avg steps: 850
2020-07-14 08:46:45,537	INFO	Total steps: 12221052	Episode: 15680/932	Avg reward: 11.20	Avg steps: 1007
2020-07-14 08:55:15,343	INFO	Total steps: 12239082	Episode: 15700/634	Avg reward: 12.05	Avg steps: 900
2020-07-14 09:04:00,986	INFO	Total steps: 12257485	Episode: 15720/1183	Avg reward: 11.55	Avg steps: 919
2020-07-14 09:13:03,501	INFO	Total steps: 12276503	Episode: 15740/1388	Avg reward: 12.10	Avg steps: 949
2020-07-14 09:23:01,088	INFO	Total steps: 12297177	Episode: 15760/1196	Avg reward: 10.15	Avg steps: 1032
2020-07-14 09:31:42,898	INFO	Total steps: 12315596	Episode: 15780/875	Avg reward: 12.35	Avg steps: 919
2020-07-14 09:40:29,364	INFO	Total steps: 12334612	Episode: 15800/1343	Avg reward: 11.55	Avg steps: 949
2020-07-14 09:49:11,436	INFO	Total steps: 12353527	Episode: 15820/890	Avg reward: 12.00	Avg steps: 944
2020-07-14 09:58:43,971	INFO	Total steps: 12374294	Episode: 15840/945	Avg reward: 10.00	Avg steps: 1037
2020-07-14 10:07:47,853	INFO	Total steps: 12394063	Episode: 15860/1086	Avg reward: 11.65	Avg steps: 987
2020-07-14 10:16:34,314	INFO	Total steps: 12413135	Episode: 15880/787	Avg reward: 11.40	Avg steps: 952
2020-07-14 10:25:06,021	INFO	Total steps: 12431668	Episode: 15900/791	Avg reward: 11.85	Avg steps: 925
2020-07-14 10:33:57,632	INFO	Total steps: 12450931	Episode: 15920/805	Avg reward: 11.85	Avg steps: 962
2020-07-14 10:42:48,520	INFO	Total steps: 12470077	Episode: 15940/996	Avg reward: 11.60	Avg steps: 956
2020-07-14 10:51:13,799	INFO	Total steps: 12488666	Episode: 15960/770	Avg reward: 11.35	Avg steps: 928
2020-07-14 10:58:58,279	INFO	Total steps: 12507392	Episode: 15980/587	Avg reward: 11.25	Avg steps: 935
2020-07-14 11:07:16,712	INFO	Total steps: 12527543	Episode: 16000/1123	Avg reward: 11.05	Avg steps: 1006
