2020-07-14 20:54:36,299	INFO	--width 160 --height 160 --ball 1.0 --ball-size 2.0 --snell 1.8 --snell-width 80.0 --snell-change 0.0 --snell-visible none --paddle-speed 1.0 --paddle-angle 60.0 --paddle-length 20.0 --update-prob 0.4 --state binary --learning-rate 0.0001 --network dqn_pong_model --render False --epsdecay 1000 --episodes 4000 --replay 10000 --checkpoint dqn_pong_model --history history.p --store-dir ../experiments/paddle_angle.60.0-update_prob.0.4-snell.1.8 
2020-07-14 20:54:36,299	INFO	Device: cuda
2020-07-14 20:55:49,998	INFO	Total steps: 10561	Episode: 20/558	Avg reward: -18.60	Avg steps: 527
2020-07-14 21:01:05,946	INFO	Total steps: 22473	Episode: 40/820	Avg reward: -18.25	Avg steps: 594
2020-07-14 21:06:02,374	INFO	Total steps: 33632	Episode: 60/804	Avg reward: -18.25	Avg steps: 556
2020-07-14 21:11:41,389	INFO	Total steps: 46401	Episode: 80/496	Avg reward: -17.45	Avg steps: 637
2020-07-14 21:17:27,177	INFO	Total steps: 59384	Episode: 100/847	Avg reward: -18.10	Avg steps: 648
2020-07-14 21:23:11,108	INFO	Total steps: 72269	Episode: 120/569	Avg reward: -17.90	Avg steps: 643
2020-07-14 21:29:39,441	INFO	Total steps: 86796	Episode: 140/747	Avg reward: -16.85	Avg steps: 725
2020-07-14 21:35:53,120	INFO	Total steps: 100756	Episode: 160/646	Avg reward: -17.20	Avg steps: 697
2020-07-14 21:41:23,937	INFO	Total steps: 113117	Episode: 180/723	Avg reward: -18.15	Avg steps: 617
2020-07-14 21:48:03,616	INFO	Total steps: 128019	Episode: 200/662	Avg reward: -16.50	Avg steps: 744
2020-07-14 21:54:35,063	INFO	Total steps: 142575	Episode: 220/740	Avg reward: -16.50	Avg steps: 726
2020-07-14 22:01:14,603	INFO	Total steps: 157420	Episode: 240/840	Avg reward: -16.85	Avg steps: 741
2020-07-14 22:07:40,079	INFO	Total steps: 171756	Episode: 260/938	Avg reward: -16.80	Avg steps: 715
2020-07-14 22:13:44,150	INFO	Total steps: 185267	Episode: 280/787	Avg reward: -16.75	Avg steps: 674
2020-07-14 22:20:29,838	INFO	Total steps: 200312	Episode: 300/673	Avg reward: -15.75	Avg steps: 751
2020-07-14 22:27:51,913	INFO	Total steps: 216677	Episode: 320/948	Avg reward: -16.20	Avg steps: 817
2020-07-14 22:35:30,464	INFO	Total steps: 233654	Episode: 340/681	Avg reward: -15.95	Avg steps: 847
2020-07-14 22:42:35,830	INFO	Total steps: 249367	Episode: 360/661	Avg reward: -16.00	Avg steps: 784
2020-07-14 22:50:49,983	INFO	Total steps: 267585	Episode: 380/891	Avg reward: -14.30	Avg steps: 909
2020-07-14 22:58:51,001	INFO	Total steps: 285426	Episode: 400/668	Avg reward: -15.35	Avg steps: 891
2020-07-14 23:06:24,929	INFO	Total steps: 302257	Episode: 420/730	Avg reward: -14.25	Avg steps: 840
2020-07-14 23:14:18,881	INFO	Total steps: 319800	Episode: 440/792	Avg reward: -14.65	Avg steps: 876
2020-07-14 23:22:12,274	INFO	Total steps: 336129	Episode: 460/900	Avg reward: -16.00	Avg steps: 815
2020-07-14 23:30:21,615	INFO	Total steps: 352427	Episode: 480/729	Avg reward: -15.85	Avg steps: 813
2020-07-14 23:38:59,405	INFO	Total steps: 369717	Episode: 500/858	Avg reward: -15.00	Avg steps: 863
2020-07-14 23:47:12,968	INFO	Total steps: 386043	Episode: 520/1209	Avg reward: -15.05	Avg steps: 815
2020-07-14 23:56:18,940	INFO	Total steps: 404085	Episode: 540/548	Avg reward: -14.25	Avg steps: 901
2020-07-15 00:05:57,004	INFO	Total steps: 423302	Episode: 560/583	Avg reward: -13.15	Avg steps: 959
2020-07-15 00:14:52,131	INFO	Total steps: 441070	Episode: 580/616	Avg reward: -15.10	Avg steps: 887
2020-07-15 00:25:17,475	INFO	Total steps: 461785	Episode: 600/759	Avg reward: -12.70	Avg steps: 1034
2020-07-15 00:35:01,388	INFO	Total steps: 481073	Episode: 620/923	Avg reward: -12.75	Avg steps: 963
2020-07-15 00:45:11,289	INFO	Total steps: 501156	Episode: 640/957	Avg reward: -12.65	Avg steps: 1003
2020-07-15 00:55:53,877	INFO	Total steps: 522465	Episode: 660/997	Avg reward: -13.00	Avg steps: 1064
2020-07-15 01:07:19,835	INFO	Total steps: 545393	Episode: 680/1361	Avg reward: -11.05	Avg steps: 1145
2020-07-15 01:18:15,584	INFO	Total steps: 567347	Episode: 700/790	Avg reward: -12.65	Avg steps: 1096
2020-07-15 01:27:14,214	INFO	Total steps: 585356	Episode: 720/1202	Avg reward: -13.60	Avg steps: 899
2020-07-15 01:39:14,915	INFO	Total steps: 609584	Episode: 740/2062	Avg reward: -11.05	Avg steps: 1210
2020-07-15 01:51:53,991	INFO	Total steps: 634954	Episode: 760/1371	Avg reward: -10.85	Avg steps: 1267
2020-07-15 02:05:20,629	INFO	Total steps: 661987	Episode: 780/1251	Avg reward: -10.35	Avg steps: 1350
2020-07-15 02:17:14,877	INFO	Total steps: 685925	Episode: 800/936	Avg reward: -10.20	Avg steps: 1195
2020-07-15 02:31:03,056	INFO	Total steps: 713579	Episode: 820/1042	Avg reward: -8.45	Avg steps: 1381
2020-07-15 02:43:57,508	INFO	Total steps: 739575	Episode: 840/1197	Avg reward: -9.10	Avg steps: 1298
2020-07-15 02:57:23,834	INFO	Total steps: 766454	Episode: 860/819	Avg reward: -8.70	Avg steps: 1342
2020-07-15 03:10:08,992	INFO	Total steps: 791982	Episode: 880/1203	Avg reward: -10.55	Avg steps: 1275
2020-07-15 03:25:19,690	INFO	Total steps: 822263	Episode: 900/2258	Avg reward: -8.65	Avg steps: 1513
2020-07-15 03:38:15,250	INFO	Total steps: 847966	Episode: 920/1118	Avg reward: -10.45	Avg steps: 1284
2020-07-15 03:54:14,447	INFO	Total steps: 880017	Episode: 940/1422	Avg reward: -5.55	Avg steps: 1601
2020-07-15 04:09:08,417	INFO	Total steps: 909763	Episode: 960/1000	Avg reward: -8.00	Avg steps: 1486
2020-07-15 04:23:10,196	INFO	Total steps: 937656	Episode: 980/1393	Avg reward: -8.30	Avg steps: 1393
2020-07-15 04:38:24,735	INFO	Total steps: 967968	Episode: 1000/1815	Avg reward: -8.25	Avg steps: 1514
2020-07-15 04:55:08,159	INFO	Total steps: 1001377	Episode: 1020/2023	Avg reward: -6.50	Avg steps: 1669
2020-07-15 05:10:52,781	INFO	Total steps: 1032653	Episode: 1040/767	Avg reward: -6.05	Avg steps: 1562
2020-07-15 05:26:03,880	INFO	Total steps: 1062835	Episode: 1060/1763	Avg reward: -6.50	Avg steps: 1508
2020-07-15 05:43:52,880	INFO	Total steps: 1098233	Episode: 1080/1403	Avg reward: -3.60	Avg steps: 1768
2020-07-15 06:00:06,349	INFO	Total steps: 1130400	Episode: 1100/1586	Avg reward: -3.70	Avg steps: 1607
2020-07-15 06:17:15,701	INFO	Total steps: 1164520	Episode: 1120/1888	Avg reward: -3.15	Avg steps: 1705
2020-07-15 06:33:31,977	INFO	Total steps: 1196762	Episode: 1140/1393	Avg reward: -4.60	Avg steps: 1611
2020-07-15 06:50:43,759	INFO	Total steps: 1231035	Episode: 1160/1985	Avg reward: 0.35	Avg steps: 1712
2020-07-15 07:09:04,739	INFO	Total steps: 1267434	Episode: 1180/1723	Avg reward: -0.80	Avg steps: 1818
2020-07-15 07:27:04,089	INFO	Total steps: 1303233	Episode: 1200/2053	Avg reward: 0.05	Avg steps: 1788
2020-07-15 07:44:45,601	INFO	Total steps: 1338365	Episode: 1220/2151	Avg reward: -0.70	Avg steps: 1755
2020-07-15 08:02:59,361	INFO	Total steps: 1374532	Episode: 1240/1826	Avg reward: 1.45	Avg steps: 1807
2020-07-15 08:21:28,591	INFO	Total steps: 1411079	Episode: 1260/1729	Avg reward: -0.90	Avg steps: 1826
2020-07-15 08:39:49,325	INFO	Total steps: 1447347	Episode: 1280/1475	Avg reward: -1.10	Avg steps: 1812
2020-07-15 08:58:24,085	INFO	Total steps: 1484172	Episode: 1300/1862	Avg reward: -0.55	Avg steps: 1840
2020-07-15 09:17:09,975	INFO	Total steps: 1521327	Episode: 1320/2380	Avg reward: 0.10	Avg steps: 1856
2020-07-15 09:36:04,379	INFO	Total steps: 1558752	Episode: 1340/1578	Avg reward: 1.40	Avg steps: 1870
2020-07-15 09:54:58,026	INFO	Total steps: 1596164	Episode: 1360/1914	Avg reward: 1.50	Avg steps: 1869
2020-07-15 10:12:34,310	INFO	Total steps: 1630991	Episode: 1380/1475	Avg reward: 5.90	Avg steps: 1740
2020-07-15 10:30:54,132	INFO	Total steps: 1667355	Episode: 1400/1779	Avg reward: -0.80	Avg steps: 1817
2020-07-15 10:50:22,777	INFO	Total steps: 1705862	Episode: 1420/2046	Avg reward: 4.50	Avg steps: 1924
2020-07-15 11:09:18,135	INFO	Total steps: 1743178	Episode: 1440/1954	Avg reward: 2.85	Avg steps: 1864
2020-07-15 11:28:28,799	INFO	Total steps: 1781030	Episode: 1460/2268	Avg reward: 5.10	Avg steps: 1891
2020-07-15 11:47:26,916	INFO	Total steps: 1818462	Episode: 1480/1652	Avg reward: 5.60	Avg steps: 1870
2020-07-15 12:04:46,996	INFO	Total steps: 1852750	Episode: 1500/1633	Avg reward: 8.65	Avg steps: 1713
2020-07-15 12:23:00,209	INFO	Total steps: 1888727	Episode: 1520/1620	Avg reward: 7.15	Avg steps: 1797
2020-07-15 12:41:45,189	INFO	Total steps: 1925703	Episode: 1540/1761	Avg reward: 8.30	Avg steps: 1847
2020-07-15 13:01:22,497	INFO	Total steps: 1964431	Episode: 1560/2168	Avg reward: 7.95	Avg steps: 1935
2020-07-15 13:19:27,764	INFO	Total steps: 2001792	Episode: 1580/1940	Avg reward: 8.65	Avg steps: 1867
2020-07-15 13:35:20,048	INFO	Total steps: 2036124	Episode: 1600/2150	Avg reward: 11.95	Avg steps: 1715
2020-07-15 13:51:48,667	INFO	Total steps: 2071764	Episode: 1620/1557	Avg reward: 10.35	Avg steps: 1781
2020-07-15 14:07:07,392	INFO	Total steps: 2104776	Episode: 1640/1942	Avg reward: 10.35	Avg steps: 1649
2020-07-15 14:22:58,564	INFO	Total steps: 2138978	Episode: 1660/1098	Avg reward: 11.95	Avg steps: 1709
2020-07-15 14:39:48,074	INFO	Total steps: 2175252	Episode: 1680/1568	Avg reward: 12.15	Avg steps: 1812
2020-07-15 14:56:37,539	INFO	Total steps: 2211503	Episode: 1700/2576	Avg reward: 10.00	Avg steps: 1811
2020-07-15 15:12:43,568	INFO	Total steps: 2246172	Episode: 1720/1669	Avg reward: 13.05	Avg steps: 1732
2020-07-15 15:28:19,988	INFO	Total steps: 2279791	Episode: 1740/2031	Avg reward: 11.85	Avg steps: 1679
2020-07-15 15:43:57,288	INFO	Total steps: 2313253	Episode: 1760/1426	Avg reward: 13.40	Avg steps: 1672
2020-07-15 16:00:06,668	INFO	Total steps: 2347763	Episode: 1780/1701	Avg reward: 13.85	Avg steps: 1724
2020-07-15 16:16:12,639	INFO	Total steps: 2382280	Episode: 1800/1790	Avg reward: 13.05	Avg steps: 1724
2020-07-16 15:25:34,547	INFO	--width 160 --height 160 --ball 1.0 --ball-size 2.0 --snell 1.8 --snell-width 80.0 --snell-change 0.0 --snell-visible none --paddle-speed 1.0 --paddle-angle 60.0 --paddle-length 20.0 --update-prob 0.4 --state binary --learning-rate 0.0001 --network dqn_pong_model --render False --epsdecay 1000 --episodes 4000 --replay 10000 --checkpoint dqn_pong_model --history history.p --store-dir ../experiments/paddle_angle.60.0-update_prob.0.4-snell.1.8 
2020-07-16 15:25:34,576	INFO	Device: cuda
2020-07-16 15:27:20,453	INFO	Total steps: 11349	Episode: 20/524	Avg reward: -18.65	Avg steps: 566
2020-07-16 15:33:40,937	INFO	Total steps: 22585	Episode: 40/611	Avg reward: -18.10	Avg steps: 560
2020-07-16 15:41:07,472	INFO	Total steps: 35768	Episode: 60/629	Avg reward: -18.15	Avg steps: 658
2020-07-16 15:48:49,877	INFO	Total steps: 49340	Episode: 80/731	Avg reward: -17.25	Avg steps: 677
2020-07-16 15:55:31,215	INFO	Total steps: 61334	Episode: 100/449	Avg reward: -17.30	Avg steps: 598
2020-07-16 16:02:04,501	INFO	Total steps: 72918	Episode: 120/833	Avg reward: -18.55	Avg steps: 578
2020-07-16 16:09:00,785	INFO	Total steps: 85194	Episode: 140/463	Avg reward: -17.95	Avg steps: 612
2020-07-16 16:15:36,516	INFO	Total steps: 97056	Episode: 160/595	Avg reward: -18.55	Avg steps: 592
2020-07-16 16:22:03,356	INFO	Total steps: 111125	Episode: 180/844	Avg reward: -17.10	Avg steps: 702
2020-07-16 16:27:55,935	INFO	Total steps: 123859	Episode: 200/586	Avg reward: -17.85	Avg steps: 635
2020-07-16 16:34:21,613	INFO	Total steps: 137876	Episode: 220/609	Avg reward: -17.15	Avg steps: 699
2020-07-16 16:41:41,334	INFO	Total steps: 153866	Episode: 240/905	Avg reward: -17.00	Avg steps: 798
2020-07-16 16:48:58,721	INFO	Total steps: 169638	Episode: 260/944	Avg reward: -16.50	Avg steps: 787
2020-07-16 16:55:52,295	INFO	Total steps: 184578	Episode: 280/867	Avg reward: -16.05	Avg steps: 746
2020-07-16 17:03:09,225	INFO	Total steps: 200370	Episode: 300/1177	Avg reward: -15.90	Avg steps: 788
2020-07-16 17:10:18,000	INFO	Total steps: 215921	Episode: 320/965	Avg reward: -16.30	Avg steps: 776
2020-07-16 17:16:16,614	INFO	Total steps: 228983	Episode: 340/668	Avg reward: -16.95	Avg steps: 652
2020-07-16 17:22:13,275	INFO	Total steps: 241991	Episode: 360/621	Avg reward: -17.55	Avg steps: 649
2020-07-16 17:28:11,220	INFO	Total steps: 255063	Episode: 380/729	Avg reward: -17.15	Avg steps: 652
2020-07-16 17:34:49,269	INFO	Total steps: 269567	Episode: 400/452	Avg reward: -15.80	Avg steps: 724
2020-07-16 17:41:32,596	INFO	Total steps: 284150	Episode: 420/824	Avg reward: -16.20	Avg steps: 728
2020-07-16 17:48:53,481	INFO	Total steps: 299930	Episode: 440/714	Avg reward: -16.20	Avg steps: 788
2020-07-16 17:55:32,266	INFO	Total steps: 314380	Episode: 460/677	Avg reward: -16.15	Avg steps: 721
2020-07-16 18:03:37,236	INFO	Total steps: 331890	Episode: 480/627	Avg reward: -15.00	Avg steps: 874
2020-07-16 18:12:04,029	INFO	Total steps: 350211	Episode: 500/924	Avg reward: -14.80	Avg steps: 915
2020-07-16 18:21:02,378	INFO	Total steps: 369541	Episode: 520/1059	Avg reward: -13.30	Avg steps: 965
2020-07-16 18:30:39,104	INFO	Total steps: 390376	Episode: 540/857	Avg reward: -14.10	Avg steps: 1040
2020-07-16 18:38:28,820	INFO	Total steps: 407175	Episode: 560/1240	Avg reward: -15.35	Avg steps: 838
2020-07-16 18:47:46,243	INFO	Total steps: 427134	Episode: 580/898	Avg reward: -14.05	Avg steps: 996
2020-07-16 18:57:19,287	INFO	Total steps: 447775	Episode: 600/1088	Avg reward: -13.65	Avg steps: 1031
2020-07-16 19:07:45,982	INFO	Total steps: 470152	Episode: 620/1128	Avg reward: -12.35	Avg steps: 1117
2020-07-16 19:16:36,954	INFO	Total steps: 489286	Episode: 640/790	Avg reward: -13.85	Avg steps: 955
2020-07-16 19:26:55,844	INFO	Total steps: 511615	Episode: 660/684	Avg reward: -12.25	Avg steps: 1115
2020-07-16 19:34:47,232	INFO	Total steps: 528748	Episode: 680/911	Avg reward: -15.00	Avg steps: 855
2020-07-16 19:43:36,656	INFO	Total steps: 547919	Episode: 700/1039	Avg reward: -13.75	Avg steps: 957
2020-07-16 19:53:34,187	INFO	Total steps: 569510	Episode: 720/1325	Avg reward: -11.40	Avg steps: 1078
2020-07-16 20:03:41,260	INFO	Total steps: 591159	Episode: 740/1329	Avg reward: -12.60	Avg steps: 1081
2020-07-16 20:14:10,550	INFO	Total steps: 613841	Episode: 760/1197	Avg reward: -11.35	Avg steps: 1133
2020-07-16 20:24:26,111	INFO	Total steps: 636133	Episode: 780/890	Avg reward: -12.25	Avg steps: 1113
2020-07-16 20:35:23,783	INFO	Total steps: 659946	Episode: 800/1305	Avg reward: -11.25	Avg steps: 1189
2020-07-16 20:47:25,235	INFO	Total steps: 685849	Episode: 820/1109	Avg reward: -9.50	Avg steps: 1294
2020-07-16 20:58:38,190	INFO	Total steps: 710175	Episode: 840/1520	Avg reward: -11.05	Avg steps: 1215
2020-07-16 21:12:18,288	INFO	Total steps: 739883	Episode: 860/998	Avg reward: -8.05	Avg steps: 1484
2020-07-16 21:25:54,772	INFO	Total steps: 768844	Episode: 880/1277	Avg reward: -7.95	Avg steps: 1447
2020-07-16 21:39:27,207	INFO	Total steps: 797785	Episode: 900/864	Avg reward: -8.80	Avg steps: 1446
2020-07-16 21:53:51,737	INFO	Total steps: 828640	Episode: 920/1304	Avg reward: -6.30	Avg steps: 1541
2020-07-16 22:07:46,436	INFO	Total steps: 858035	Episode: 940/1716	Avg reward: -7.85	Avg steps: 1468
2020-07-16 22:23:02,523	INFO	Total steps: 890087	Episode: 960/2144	Avg reward: -5.70	Avg steps: 1601
2020-07-16 22:37:07,279	INFO	Total steps: 919881	Episode: 980/1744	Avg reward: -6.95	Avg steps: 1488
2020-07-16 22:53:38,700	INFO	Total steps: 955016	Episode: 1000/2014	Avg reward: -1.25	Avg steps: 1755
2020-07-16 23:10:07,401	INFO	Total steps: 989620	Episode: 1020/1655	Avg reward: -3.30	Avg steps: 1729
2020-07-16 23:26:58,370	INFO	Total steps: 1024638	Episode: 1040/1811	Avg reward: -2.05	Avg steps: 1749
2020-07-16 23:42:19,488	INFO	Total steps: 1056529	Episode: 1060/1857	Avg reward: -5.85	Avg steps: 1593
2020-07-16 23:59:36,993	INFO	Total steps: 1092810	Episode: 1080/1160	Avg reward: -1.35	Avg steps: 1813
2020-07-17 00:16:16,080	INFO	Total steps: 1127655	Episode: 1100/1446	Avg reward: 0.00	Avg steps: 1741
2020-07-17 00:33:04,994	INFO	Total steps: 1163197	Episode: 1120/1641	Avg reward: -0.85	Avg steps: 1776
2020-07-17 00:50:25,952	INFO	Total steps: 1199754	Episode: 1140/1933	Avg reward: 0.35	Avg steps: 1826
2020-07-17 01:07:24,161	INFO	Total steps: 1235685	Episode: 1160/1881	Avg reward: -0.70	Avg steps: 1795
2020-07-17 01:23:50,813	INFO	Total steps: 1270396	Episode: 1180/1268	Avg reward: 1.20	Avg steps: 1734
2020-07-17 01:40:58,071	INFO	Total steps: 1306422	Episode: 1200/1539	Avg reward: 2.25	Avg steps: 1800
2020-07-17 01:57:32,786	INFO	Total steps: 1341386	Episode: 1220/1630	Avg reward: 2.50	Avg steps: 1747
2020-07-17 02:15:59,372	INFO	Total steps: 1380385	Episode: 1240/1480	Avg reward: 2.75	Avg steps: 1948
2020-07-17 02:33:51,704	INFO	Total steps: 1417720	Episode: 1260/1581	Avg reward: 1.05	Avg steps: 1865
2020-07-17 02:50:38,608	INFO	Total steps: 1452792	Episode: 1280/1786	Avg reward: 4.65	Avg steps: 1752
2020-07-17 03:08:02,203	INFO	Total steps: 1489224	Episode: 1300/1690	Avg reward: 3.20	Avg steps: 1820
2020-07-17 03:25:11,485	INFO	Total steps: 1524831	Episode: 1320/2130	Avg reward: 1.45	Avg steps: 1779
2020-07-17 03:42:37,316	INFO	Total steps: 1560936	Episode: 1340/1609	Avg reward: -0.85	Avg steps: 1804
2020-07-17 04:00:10,616	INFO	Total steps: 1597070	Episode: 1360/1773	Avg reward: 3.75	Avg steps: 1805
2020-07-17 04:17:47,315	INFO	Total steps: 1633330	Episode: 1380/2069	Avg reward: 3.50	Avg steps: 1812
2020-07-17 04:35:54,031	INFO	Total steps: 1670832	Episode: 1400/1897	Avg reward: 5.30	Avg steps: 1874
2020-07-17 04:54:52,081	INFO	Total steps: 1709806	Episode: 1420/1750	Avg reward: 5.80	Avg steps: 1947
2020-07-17 05:12:02,747	INFO	Total steps: 1745200	Episode: 1440/1817	Avg reward: 5.45	Avg steps: 1768
2020-07-17 05:29:37,350	INFO	Total steps: 1781294	Episode: 1460/1879	Avg reward: 5.20	Avg steps: 1803
2020-07-17 05:48:22,359	INFO	Total steps: 1820029	Episode: 1480/1846	Avg reward: 7.50	Avg steps: 1935
2020-07-17 06:06:15,346	INFO	Total steps: 1856069	Episode: 1500/1758	Avg reward: 7.80	Avg steps: 1801
2020-07-17 06:24:32,916	INFO	Total steps: 1892779	Episode: 1520/1808	Avg reward: 4.75	Avg steps: 1834
2020-07-17 06:42:13,192	INFO	Total steps: 1928416	Episode: 1540/1881	Avg reward: 7.30	Avg steps: 1780
2020-07-17 06:58:44,393	INFO	Total steps: 1961728	Episode: 1560/1536	Avg reward: 10.85	Avg steps: 1664
2020-07-17 07:17:14,167	INFO	Total steps: 1999045	Episode: 1580/1687	Avg reward: 6.80	Avg steps: 1864
2020-07-17 07:36:46,107	INFO	Total steps: 2038390	Episode: 1600/1461	Avg reward: 8.60	Avg steps: 1966
2020-07-17 07:54:27,000	INFO	Total steps: 2074131	Episode: 1620/1925	Avg reward: 10.30	Avg steps: 1786
2020-07-17 08:13:09,762	INFO	Total steps: 2111745	Episode: 1640/1613	Avg reward: 7.95	Avg steps: 1879
2020-07-17 08:30:45,913	INFO	Total steps: 2147149	Episode: 1660/1456	Avg reward: 11.60	Avg steps: 1769
2020-07-17 08:48:03,493	INFO	Total steps: 2182020	Episode: 1680/1614	Avg reward: 11.85	Avg steps: 1742
2020-07-17 09:05:15,167	INFO	Total steps: 2216427	Episode: 1700/1942	Avg reward: 12.75	Avg steps: 1719
2020-07-17 09:21:55,979	INFO	Total steps: 2249441	Episode: 1720/1990	Avg reward: 11.80	Avg steps: 1649
2020-07-17 09:38:41,456	INFO	Total steps: 2282743	Episode: 1740/2112	Avg reward: 12.25	Avg steps: 1664
2020-07-17 09:56:00,824	INFO	Total steps: 2317568	Episode: 1760/1502	Avg reward: 12.50	Avg steps: 1740
2020-07-17 10:12:44,422	INFO	Total steps: 2351086	Episode: 1780/1418	Avg reward: 12.85	Avg steps: 1674
2020-07-17 10:29:37,287	INFO	Total steps: 2384892	Episode: 1800/1538	Avg reward: 12.25	Avg steps: 1689
2020-07-17 10:45:23,303	INFO	Total steps: 2416587	Episode: 1820/1496	Avg reward: 13.30	Avg steps: 1583
2020-07-17 11:00:59,351	INFO	Total steps: 2447879	Episode: 1840/1655	Avg reward: 14.10	Avg steps: 1563
2020-07-17 11:16:51,250	INFO	Total steps: 2479485	Episode: 1860/1100	Avg reward: 14.60	Avg steps: 1579
2020-07-17 11:32:16,217	INFO	Total steps: 2510259	Episode: 1880/2184	Avg reward: 15.05	Avg steps: 1537
2020-07-17 11:47:51,508	INFO	Total steps: 2541391	Episode: 1900/1717	Avg reward: 14.00	Avg steps: 1555
2020-07-17 12:04:08,579	INFO	Total steps: 2573844	Episode: 1920/1313	Avg reward: 14.60	Avg steps: 1621
2020-07-17 12:20:22,064	INFO	Total steps: 2606391	Episode: 1940/1392	Avg reward: 14.85	Avg steps: 1626
2020-07-17 12:35:28,787	INFO	Total steps: 2636757	Episode: 1960/1216	Avg reward: 15.05	Avg steps: 1517
2020-07-17 12:50:40,947	INFO	Total steps: 2667031	Episode: 1980/1437	Avg reward: 15.05	Avg steps: 1512
2020-07-17 13:05:30,089	INFO	Total steps: 2696326	Episode: 2000/1804	Avg reward: 15.75	Avg steps: 1463
2020-07-17 13:19:44,704	INFO	Total steps: 2724587	Episode: 2020/2035	Avg reward: 16.15	Avg steps: 1412
2020-07-17 13:34:19,019	INFO	Total steps: 2753542	Episode: 2040/1636	Avg reward: 15.75	Avg steps: 1446
2020-07-17 13:49:08,543	INFO	Total steps: 2782951	Episode: 2060/1287	Avg reward: 15.90	Avg steps: 1469
2020-07-17 14:04:51,538	INFO	Total steps: 2814085	Episode: 2080/1619	Avg reward: 14.95	Avg steps: 1555
2020-07-17 14:20:21,547	INFO	Total steps: 2845008	Episode: 2100/1125	Avg reward: 13.40	Avg steps: 1545
2020-07-17 14:35:03,903	INFO	Total steps: 2874408	Episode: 2120/1608	Avg reward: 16.00	Avg steps: 1469
2020-07-17 14:52:08,795	INFO	Total steps: 2908291	Episode: 2140/1557	Avg reward: 14.05	Avg steps: 1693
2020-07-17 15:07:57,668	INFO	Total steps: 2939459	Episode: 2160/1218	Avg reward: 15.65	Avg steps: 1557
2020-07-17 15:23:01,067	INFO	Total steps: 2968932	Episode: 2180/1788	Avg reward: 16.20	Avg steps: 1472
2020-07-17 15:38:25,902	INFO	Total steps: 2999604	Episode: 2200/1868	Avg reward: 15.00	Avg steps: 1532
2020-07-17 15:53:01,521	INFO	Total steps: 3028713	Episode: 2220/1481	Avg reward: 15.40	Avg steps: 1454
2020-07-17 16:08:04,710	INFO	Total steps: 3058700	Episode: 2240/1288	Avg reward: 15.45	Avg steps: 1498
2020-07-17 16:23:52,954	INFO	Total steps: 3090209	Episode: 2260/1684	Avg reward: 15.10	Avg steps: 1574
2020-07-17 16:38:30,099	INFO	Total steps: 3119183	Episode: 2280/1749	Avg reward: 16.10	Avg steps: 1447
2020-07-17 16:53:25,040	INFO	Total steps: 3148917	Episode: 2300/1644	Avg reward: 16.50	Avg steps: 1485
2020-07-17 17:09:20,279	INFO	Total steps: 3180661	Episode: 2320/1422	Avg reward: 14.95	Avg steps: 1586
2020-07-17 17:23:42,567	INFO	Total steps: 3209218	Episode: 2340/1257	Avg reward: 17.15	Avg steps: 1426
2020-07-17 17:38:11,263	INFO	Total steps: 3238081	Episode: 2360/1522	Avg reward: 17.30	Avg steps: 1442
2020-07-17 17:53:24,469	INFO	Total steps: 3268479	Episode: 2380/1505	Avg reward: 16.30	Avg steps: 1518
2020-07-17 18:07:33,996	INFO	Total steps: 3296824	Episode: 2400/1661	Avg reward: 16.30	Avg steps: 1416
2020-07-17 18:21:36,890	INFO	Total steps: 3324896	Episode: 2420/1434	Avg reward: 16.10	Avg steps: 1402
2020-07-17 18:36:28,740	INFO	Total steps: 3354591	Episode: 2440/1285	Avg reward: 16.70	Avg steps: 1483
2020-07-17 18:51:28,874	INFO	Total steps: 3384853	Episode: 2460/1408	Avg reward: 15.60	Avg steps: 1512
2020-07-17 19:06:05,196	INFO	Total steps: 3414887	Episode: 2480/1712	Avg reward: 17.20	Avg steps: 1500
2020-07-17 19:20:43,220	INFO	Total steps: 3444865	Episode: 2500/1357	Avg reward: 16.30	Avg steps: 1497
2020-07-17 19:35:33,609	INFO	Total steps: 3475027	Episode: 2520/1577	Avg reward: 15.25	Avg steps: 1507
2020-07-17 19:50:15,983	INFO	Total steps: 3504799	Episode: 2540/1321	Avg reward: 16.50	Avg steps: 1487
2020-07-17 20:05:00,135	INFO	Total steps: 3534784	Episode: 2560/1667	Avg reward: 15.85	Avg steps: 1498
2020-07-17 20:19:41,516	INFO	Total steps: 3564611	Episode: 2580/1536	Avg reward: 16.55	Avg steps: 1490
2020-07-17 20:34:09,235	INFO	Total steps: 3594026	Episode: 2600/1147	Avg reward: 16.20	Avg steps: 1469
2020-07-17 20:48:33,210	INFO	Total steps: 3623442	Episode: 2620/1200	Avg reward: 16.80	Avg steps: 1469
2020-07-17 21:01:56,220	INFO	Total steps: 3651087	Episode: 2640/1282	Avg reward: 17.80	Avg steps: 1381
2020-07-17 21:15:57,342	INFO	Total steps: 3679942	Episode: 2660/1206	Avg reward: 16.85	Avg steps: 1441
2020-07-17 21:29:55,227	INFO	Total steps: 3708373	Episode: 2680/1327	Avg reward: 18.10	Avg steps: 1420
2020-07-17 21:44:06,335	INFO	Total steps: 3737269	Episode: 2700/1384	Avg reward: 16.35	Avg steps: 1443
2020-07-17 21:57:42,701	INFO	Total steps: 3764847	Episode: 2720/1441	Avg reward: 17.80	Avg steps: 1377
2020-07-17 22:11:09,842	INFO	Total steps: 3792203	Episode: 2740/1185	Avg reward: 17.10	Avg steps: 1366
2020-07-17 22:25:28,049	INFO	Total steps: 3821478	Episode: 2760/1339	Avg reward: 17.45	Avg steps: 1462
2020-07-17 22:39:58,630	INFO	Total steps: 3851000	Episode: 2780/1335	Avg reward: 16.85	Avg steps: 1475
2020-07-17 22:54:49,755	INFO	Total steps: 3881080	Episode: 2800/1350	Avg reward: 16.85	Avg steps: 1503
2020-07-17 23:08:42,030	INFO	Total steps: 3909132	Episode: 2820/1433	Avg reward: 17.50	Avg steps: 1401
2020-07-17 23:23:06,910	INFO	Total steps: 3938067	Episode: 2840/1303	Avg reward: 17.90	Avg steps: 1445
2020-07-17 23:37:53,064	INFO	Total steps: 3967905	Episode: 2860/1321	Avg reward: 17.40	Avg steps: 1490
2020-07-17 23:52:29,679	INFO	Total steps: 3997714	Episode: 2880/1358	Avg reward: 16.65	Avg steps: 1489
2020-07-18 00:06:08,196	INFO	Total steps: 4025337	Episode: 2900/1128	Avg reward: 16.95	Avg steps: 1380
2020-07-18 00:19:52,657	INFO	Total steps: 4053172	Episode: 2920/1137	Avg reward: 17.45	Avg steps: 1390
2020-07-18 00:33:59,628	INFO	Total steps: 4081724	Episode: 2940/1169	Avg reward: 18.00	Avg steps: 1426
2020-07-18 00:48:30,896	INFO	Total steps: 4111328	Episode: 2960/1594	Avg reward: 17.90	Avg steps: 1479
2020-07-18 01:02:45,910	INFO	Total steps: 4140367	Episode: 2980/1298	Avg reward: 16.30	Avg steps: 1450
2020-07-18 01:16:07,632	INFO	Total steps: 4167315	Episode: 3000/1077	Avg reward: 17.95	Avg steps: 1346
2020-07-18 01:30:12,796	INFO	Total steps: 4195825	Episode: 3020/1372	Avg reward: 17.55	Avg steps: 1424
2020-07-18 01:44:35,926	INFO	Total steps: 4224720	Episode: 3040/1198	Avg reward: 17.05	Avg steps: 1443
2020-07-18 01:59:27,347	INFO	Total steps: 4254696	Episode: 3060/1720	Avg reward: 17.00	Avg steps: 1497
2020-07-18 02:13:48,335	INFO	Total steps: 4283574	Episode: 3080/1486	Avg reward: 17.65	Avg steps: 1442
2020-07-18 02:29:04,669	INFO	Total steps: 4314345	Episode: 3100/1422	Avg reward: 16.80	Avg steps: 1537
2020-07-18 02:43:02,439	INFO	Total steps: 4342631	Episode: 3120/1279	Avg reward: 17.30	Avg steps: 1413
2020-07-18 02:57:09,308	INFO	Total steps: 4370952	Episode: 3140/1569	Avg reward: 17.60	Avg steps: 1415
2020-07-18 03:11:32,263	INFO	Total steps: 4399827	Episode: 3160/1371	Avg reward: 17.75	Avg steps: 1442
2020-07-18 03:26:01,876	INFO	Total steps: 4429040	Episode: 3180/1129	Avg reward: 17.35	Avg steps: 1459
2020-07-18 03:40:31,041	INFO	Total steps: 4458488	Episode: 3200/1310	Avg reward: 17.75	Avg steps: 1471
2020-07-18 03:54:59,893	INFO	Total steps: 4487863	Episode: 3220/1558	Avg reward: 17.00	Avg steps: 1467
2020-07-18 04:09:44,040	INFO	Total steps: 4518009	Episode: 3240/1274	Avg reward: 16.55	Avg steps: 1506
2020-07-18 04:23:25,273	INFO	Total steps: 4546090	Episode: 3260/1135	Avg reward: 17.95	Avg steps: 1403
2020-07-18 04:38:31,400	INFO	Total steps: 4576553	Episode: 3280/1268	Avg reward: 17.40	Avg steps: 1522
2020-07-18 04:53:00,829	INFO	Total steps: 4605636	Episode: 3300/1616	Avg reward: 18.00	Avg steps: 1453
2020-07-18 05:07:20,197	INFO	Total steps: 4634603	Episode: 3320/1352	Avg reward: 17.25	Avg steps: 1447
2020-07-18 05:21:04,606	INFO	Total steps: 4662496	Episode: 3340/1212	Avg reward: 17.80	Avg steps: 1393
2020-07-18 05:34:57,360	INFO	Total steps: 4690978	Episode: 3360/1485	Avg reward: 17.95	Avg steps: 1423
2020-07-18 05:49:01,862	INFO	Total steps: 4719950	Episode: 3380/1589	Avg reward: 17.85	Avg steps: 1447
2020-07-18 06:02:29,356	INFO	Total steps: 4747491	Episode: 3400/1742	Avg reward: 18.50	Avg steps: 1376
2020-07-18 06:16:10,335	INFO	Total steps: 4775337	Episode: 3420/1702	Avg reward: 18.40	Avg steps: 1391
2020-07-18 06:29:34,583	INFO	Total steps: 4802920	Episode: 3440/1134	Avg reward: 18.05	Avg steps: 1378
2020-07-18 06:42:42,841	INFO	Total steps: 4830061	Episode: 3460/1188	Avg reward: 18.15	Avg steps: 1356
2020-07-18 06:56:07,959	INFO	Total steps: 4857868	Episode: 3480/1437	Avg reward: 18.35	Avg steps: 1389
2020-07-18 07:09:55,249	INFO	Total steps: 4885938	Episode: 3500/1384	Avg reward: 17.55	Avg steps: 1402
2020-07-18 07:23:12,132	INFO	Total steps: 4913470	Episode: 3520/1934	Avg reward: 18.80	Avg steps: 1375
2020-07-18 07:36:26,677	INFO	Total steps: 4940791	Episode: 3540/1304	Avg reward: 18.05	Avg steps: 1365
2020-07-18 07:49:20,866	INFO	Total steps: 4967651	Episode: 3560/1320	Avg reward: 17.95	Avg steps: 1342
2020-07-18 08:03:00,904	INFO	Total steps: 4995937	Episode: 3580/1338	Avg reward: 16.85	Avg steps: 1413
2020-07-18 08:15:16,902	INFO	Total steps: 5021501	Episode: 3600/1172	Avg reward: 18.50	Avg steps: 1277
2020-07-18 08:28:55,646	INFO	Total steps: 5049932	Episode: 3620/1722	Avg reward: 17.20	Avg steps: 1420
2020-07-18 08:42:04,380	INFO	Total steps: 5077047	Episode: 3640/1256	Avg reward: 18.15	Avg steps: 1354
2020-07-18 08:55:09,790	INFO	Total steps: 5104165	Episode: 3660/1213	Avg reward: 18.40	Avg steps: 1354
2020-07-18 09:09:09,171	INFO	Total steps: 5132796	Episode: 3680/1348	Avg reward: 18.25	Avg steps: 1430
2020-07-18 09:22:21,648	INFO	Total steps: 5159712	Episode: 3700/1173	Avg reward: 17.80	Avg steps: 1344
2020-07-18 09:35:41,393	INFO	Total steps: 5187375	Episode: 3720/1580	Avg reward: 17.70	Avg steps: 1382
2020-07-18 09:48:21,870	INFO	Total steps: 5213432	Episode: 3740/1630	Avg reward: 18.05	Avg steps: 1301
2020-07-18 10:01:50,280	INFO	Total steps: 5241023	Episode: 3760/1820	Avg reward: 18.70	Avg steps: 1378
2020-07-18 10:15:18,911	INFO	Total steps: 5268681	Episode: 3780/1326	Avg reward: 18.80	Avg steps: 1381
2020-07-18 10:29:03,989	INFO	Total steps: 5297379	Episode: 3800/1407	Avg reward: 17.80	Avg steps: 1433
2020-07-18 10:41:43,176	INFO	Total steps: 5323898	Episode: 3820/1255	Avg reward: 18.00	Avg steps: 1324
2020-07-18 10:55:08,599	INFO	Total steps: 5351780	Episode: 3840/1404	Avg reward: 17.80	Avg steps: 1393
2020-07-18 11:08:22,733	INFO	Total steps: 5379417	Episode: 3860/1308	Avg reward: 17.55	Avg steps: 1380
2020-07-18 11:19:01,243	INFO	Total steps: 5405836	Episode: 3880/1203	Avg reward: 18.60	Avg steps: 1319
2020-07-18 11:29:22,576	INFO	Total steps: 5433040	Episode: 3900/1163	Avg reward: 18.20	Avg steps: 1359
2020-07-18 11:40:30,520	INFO	Total steps: 5461620	Episode: 3920/1341	Avg reward: 18.10	Avg steps: 1428
2020-07-18 11:51:47,371	INFO	Total steps: 5490230	Episode: 3940/1216	Avg reward: 18.15	Avg steps: 1429
2020-07-18 12:02:35,035	INFO	Total steps: 5518661	Episode: 3960/1310	Avg reward: 18.05	Avg steps: 1420
2020-07-18 12:13:20,264	INFO	Total steps: 5545762	Episode: 3980/1394	Avg reward: 18.85	Avg steps: 1354
2020-07-18 12:24:22,719	INFO	Total steps: 5574332	Episode: 4000/1537	Avg reward: 18.65	Avg steps: 1427
2020-07-21 20:15:53,612	INFO	--width 160 --height 160 --ball 1.0 --ball-size 2.0 --snell 1.8 --snell-width 80.0 --snell-change 0.0 --snell-visible none --paddle-speed 1.0 --paddle-angle 60.0 --paddle-length 20.0 --update-prob 0.4 --state binary --learning-rate 0.0001 --network dqn_pong_model --render False --epsdecay 1000 --episodes 4000 --replay 10000 --batch-size 32 --checkpoint dqn_pong_model --history history.p --store-dir ../experiments/paddle_angle.60.0-update_prob.0.4-snell.1.8 
2020-07-21 20:15:53,676	INFO	Device: cuda
2020-07-21 20:20:11,396	INFO	Total steps: 10367	Episode: 20/529	Avg reward: -18.60	Avg steps: 517
2020-07-21 20:25:13,029	INFO	Total steps: 21715	Episode: 40/458	Avg reward: -18.65	Avg steps: 566
2020-07-21 20:31:03,131	INFO	Total steps: 34852	Episode: 60/851	Avg reward: -17.45	Avg steps: 655
2020-07-21 20:36:32,933	INFO	Total steps: 47245	Episode: 80/669	Avg reward: -17.80	Avg steps: 618
2020-07-21 20:42:29,849	INFO	Total steps: 60607	Episode: 100/516	Avg reward: -16.85	Avg steps: 667
2020-07-21 20:48:25,178	INFO	Total steps: 73797	Episode: 120/634	Avg reward: -18.15	Avg steps: 658
2020-07-21 20:54:09,157	INFO	Total steps: 86617	Episode: 140/641	Avg reward: -17.80	Avg steps: 640
2020-07-21 21:00:38,261	INFO	Total steps: 101120	Episode: 160/932	Avg reward: -17.50	Avg steps: 724
2020-07-21 21:06:08,179	INFO	Total steps: 113313	Episode: 180/399	Avg reward: -17.85	Avg steps: 608
2020-07-21 21:12:45,178	INFO	Total steps: 128058	Episode: 200/690	Avg reward: -17.20	Avg steps: 736
2020-07-21 21:19:47,017	INFO	Total steps: 143702	Episode: 220/892	Avg reward: -17.00	Avg steps: 781
2020-07-21 21:26:23,026	INFO	Total steps: 158320	Episode: 240/947	Avg reward: -16.70	Avg steps: 729
2020-07-21 21:33:29,294	INFO	Total steps: 174120	Episode: 260/393	Avg reward: -16.55	Avg steps: 789
2020-07-21 21:41:08,937	INFO	Total steps: 191106	Episode: 280/1022	Avg reward: -15.90	Avg steps: 848
2020-07-21 21:49:08,499	INFO	Total steps: 208848	Episode: 300/809	Avg reward: -16.20	Avg steps: 886
2020-07-21 21:57:29,370	INFO	Total steps: 227315	Episode: 320/1217	Avg reward: -16.40	Avg steps: 922
2020-07-21 22:04:42,803	INFO	Total steps: 243303	Episode: 340/801	Avg reward: -16.10	Avg steps: 798
2020-07-21 22:12:31,593	INFO	Total steps: 260568	Episode: 360/811	Avg reward: -15.80	Avg steps: 862
2020-07-21 22:20:03,739	INFO	Total steps: 277234	Episode: 380/574	Avg reward: -16.35	Avg steps: 832
2020-07-21 22:28:30,796	INFO	Total steps: 295943	Episode: 400/1620	Avg reward: -15.65	Avg steps: 934
2020-07-21 22:37:36,319	INFO	Total steps: 316042	Episode: 420/1355	Avg reward: -15.20	Avg steps: 1003
2020-07-21 22:47:19,731	INFO	Total steps: 337480	Episode: 440/922	Avg reward: -15.45	Avg steps: 1070
2020-07-21 22:56:45,509	INFO	Total steps: 358292	Episode: 460/1060	Avg reward: -14.15	Avg steps: 1039
2020-07-21 23:06:57,074	INFO	Total steps: 380734	Episode: 480/1682	Avg reward: -13.85	Avg steps: 1121
2020-07-21 23:17:18,815	INFO	Total steps: 403523	Episode: 500/1327	Avg reward: -14.10	Avg steps: 1138
2020-07-21 23:27:41,701	INFO	Total steps: 426406	Episode: 520/1060	Avg reward: -13.10	Avg steps: 1143
2020-07-21 23:39:34,990	INFO	Total steps: 452748	Episode: 540/1171	Avg reward: -11.30	Avg steps: 1316
2020-07-21 23:49:33,043	INFO	Total steps: 474866	Episode: 560/1094	Avg reward: -13.65	Avg steps: 1104
2020-07-21 23:59:28,363	INFO	Total steps: 496835	Episode: 580/924	Avg reward: -12.95	Avg steps: 1097
2020-07-22 00:10:22,567	INFO	Total steps: 521016	Episode: 600/1670	Avg reward: -13.15	Avg steps: 1208
2020-07-22 00:23:08,894	INFO	Total steps: 549257	Episode: 620/1792	Avg reward: -11.25	Avg steps: 1411
2020-07-22 00:36:38,325	INFO	Total steps: 578911	Episode: 640/965	Avg reward: -11.05	Avg steps: 1481
2020-07-22 00:50:38,938	INFO	Total steps: 609746	Episode: 660/1318	Avg reward: -10.85	Avg steps: 1540
2020-07-22 01:04:02,107	INFO	Total steps: 639354	Episode: 680/1834	Avg reward: -10.70	Avg steps: 1479
2020-07-22 01:18:37,335	INFO	Total steps: 671565	Episode: 700/1776	Avg reward: -9.05	Avg steps: 1609
2020-07-22 01:32:46,182	INFO	Total steps: 702758	Episode: 720/1142	Avg reward: -8.25	Avg steps: 1558
2020-07-22 01:45:13,902	INFO	Total steps: 730341	Episode: 740/1334	Avg reward: -10.20	Avg steps: 1378
2020-07-22 01:59:23,348	INFO	Total steps: 761518	Episode: 760/1636	Avg reward: -8.15	Avg steps: 1557
2020-07-22 02:15:57,766	INFO	Total steps: 798008	Episode: 780/2183	Avg reward: -7.70	Avg steps: 1823
2020-07-22 02:32:33,503	INFO	Total steps: 834549	Episode: 800/2344	Avg reward: -6.55	Avg steps: 1826
2020-07-22 02:48:26,314	INFO	Total steps: 869397	Episode: 820/2107	Avg reward: -8.05	Avg steps: 1741
2020-07-22 03:07:07,239	INFO	Total steps: 910475	Episode: 840/2809	Avg reward: -4.55	Avg steps: 2052
2020-07-22 03:22:36,531	INFO	Total steps: 944434	Episode: 860/1293	Avg reward: -6.15	Avg steps: 1696
2020-07-22 03:38:51,656	INFO	Total steps: 980104	Episode: 880/1111	Avg reward: -6.90	Avg steps: 1782
2020-07-22 03:52:01,365	INFO	Total steps: 1008962	Episode: 900/1727	Avg reward: -8.95	Avg steps: 1441
2020-07-22 04:08:00,553	INFO	Total steps: 1043919	Episode: 920/1258	Avg reward: -7.15	Avg steps: 1746
2020-07-22 04:25:16,753	INFO	Total steps: 1081753	Episode: 940/2255	Avg reward: -5.15	Avg steps: 1890
2020-07-22 04:42:42,030	INFO	Total steps: 1119848	Episode: 960/1815	Avg reward: -6.65	Avg steps: 1903
2020-07-22 05:00:57,545	INFO	Total steps: 1159712	Episode: 980/2165	Avg reward: -5.00	Avg steps: 1992
2020-07-22 05:20:22,423	INFO	Total steps: 1202094	Episode: 1000/1912	Avg reward: -3.50	Avg steps: 2118
2020-07-22 05:39:18,676	INFO	Total steps: 1243418	Episode: 1020/1520	Avg reward: -3.15	Avg steps: 2065
2020-07-22 05:57:21,247	INFO	Total steps: 1282801	Episode: 1040/2597	Avg reward: -0.40	Avg steps: 1968
2020-07-22 06:15:04,315	INFO	Total steps: 1321439	Episode: 1060/1958	Avg reward: -2.40	Avg steps: 1930
2020-07-22 06:33:43,413	INFO	Total steps: 1362077	Episode: 1080/2360	Avg reward: -1.80	Avg steps: 2030
2020-07-22 06:54:38,717	INFO	Total steps: 1407664	Episode: 1100/2152	Avg reward: -0.50	Avg steps: 2278
2020-07-22 07:14:46,925	INFO	Total steps: 1451414	Episode: 1120/1875	Avg reward: -1.30	Avg steps: 2186
2020-07-22 07:34:22,401	INFO	Total steps: 1493957	Episode: 1140/1956	Avg reward: -0.50	Avg steps: 2126
2020-07-22 07:54:29,676	INFO	Total steps: 1537700	Episode: 1160/1842	Avg reward: -0.30	Avg steps: 2186
2020-07-22 08:13:32,288	INFO	Total steps: 1579068	Episode: 1180/1884	Avg reward: -1.35	Avg steps: 2067
2020-07-22 08:33:48,011	INFO	Total steps: 1623049	Episode: 1200/2137	Avg reward: 1.15	Avg steps: 2198
2020-07-22 08:53:48,938	INFO	Total steps: 1666474	Episode: 1220/2082	Avg reward: 1.65	Avg steps: 2170
2020-07-22 09:13:55,083	INFO	Total steps: 1710079	Episode: 1240/1925	Avg reward: 4.90	Avg steps: 2179
2020-07-22 09:33:51,918	INFO	Total steps: 1753280	Episode: 1260/2428	Avg reward: 1.65	Avg steps: 2159
2020-07-22 09:52:52,369	INFO	Total steps: 1794473	Episode: 1280/2165	Avg reward: 5.00	Avg steps: 2058
2020-07-22 10:12:29,305	INFO	Total steps: 1837387	Episode: 1300/1918	Avg reward: 7.35	Avg steps: 2144
2020-07-22 10:32:17,186	INFO	Total steps: 1880700	Episode: 1320/2518	Avg reward: 4.80	Avg steps: 2164
2020-07-22 10:51:39,771	INFO	Total steps: 1922850	Episode: 1340/2280	Avg reward: 7.90	Avg steps: 2106
2020-07-22 11:11:32,352	INFO	Total steps: 1966081	Episode: 1360/2243	Avg reward: 4.40	Avg steps: 2160
2020-07-22 11:31:15,518	INFO	Total steps: 2009070	Episode: 1380/1992	Avg reward: 6.50	Avg steps: 2148
2020-07-22 11:50:49,342	INFO	Total steps: 2051383	Episode: 1400/1914	Avg reward: 4.75	Avg steps: 2114
2020-07-22 12:10:58,751	INFO	Total steps: 2094832	Episode: 1420/3150	Avg reward: 5.40	Avg steps: 2171
2020-07-22 12:31:43,950	INFO	Total steps: 2139559	Episode: 1440/2054	Avg reward: 6.45	Avg steps: 2235
2020-07-22 12:52:49,203	INFO	Total steps: 2185024	Episode: 1460/2129	Avg reward: 4.20	Avg steps: 2272
2020-07-22 13:13:00,360	INFO	Total steps: 2228580	Episode: 1480/2189	Avg reward: 5.20	Avg steps: 2176
2020-07-22 13:33:16,531	INFO	Total steps: 2272243	Episode: 1500/1523	Avg reward: 6.90	Avg steps: 2182
2020-07-22 13:52:45,403	INFO	Total steps: 2314212	Episode: 1520/1934	Avg reward: 6.75	Avg steps: 2097
2020-07-22 14:10:57,172	INFO	Total steps: 2353381	Episode: 1540/2216	Avg reward: 8.40	Avg steps: 1957
2020-07-22 14:30:32,323	INFO	Total steps: 2395575	Episode: 1560/2887	Avg reward: 8.45	Avg steps: 2108
2020-07-22 14:47:15,940	INFO	Total steps: 2431581	Episode: 1580/1419	Avg reward: 8.05	Avg steps: 1799
2020-07-22 15:07:22,384	INFO	Total steps: 2474819	Episode: 1600/2179	Avg reward: 7.45	Avg steps: 2160
2020-07-22 15:27:04,578	INFO	Total steps: 2517138	Episode: 1620/2141	Avg reward: 6.75	Avg steps: 2114
2020-07-22 15:48:31,802	INFO	Total steps: 2563049	Episode: 1640/2056	Avg reward: 5.50	Avg steps: 2294
2020-07-22 16:09:43,636	INFO	Total steps: 2608345	Episode: 1660/2110	Avg reward: 7.15	Avg steps: 2263
2020-07-22 16:27:27,774	INFO	Total steps: 2646406	Episode: 1680/1674	Avg reward: 10.75	Avg steps: 1902
2020-07-22 16:47:04,696	INFO	Total steps: 2688512	Episode: 1700/2627	Avg reward: 10.15	Avg steps: 2104
2020-07-22 17:05:58,485	INFO	Total steps: 2729106	Episode: 1720/1376	Avg reward: 9.70	Avg steps: 2028
2020-07-22 17:25:24,741	INFO	Total steps: 2771094	Episode: 1740/2477	Avg reward: 10.25	Avg steps: 2098
2020-07-22 17:44:23,244	INFO	Total steps: 2812043	Episode: 1760/2249	Avg reward: 8.80	Avg steps: 2046
2020-07-22 17:49:06,903	INFO	--width 160 --height 160 --ball 1.0 --ball-size 2.0 --snell 1.8 --snell-width 80.0 --snell-change 0.0 --snell-visible none --paddle-speed 1.0 --paddle-angle 60.0 --paddle-length 20.0 --update-prob 0.4 --state binary --learning-rate 0.0001 --network dqn_pong_model --render False --epsdecay 1000 --episodes 4000 --replay 10000 --batch-size 32 --checkpoint dqn_pong_model --history history.p --store-dir ../experiments/paddle_angle.60.0-update_prob.0.4-snell.1.8 
2020-07-22 17:49:07,013	INFO	Device: cuda
2020-07-22 17:55:45,419	INFO	Total steps: 10777	Episode: 20/339	Avg reward: -18.65	Avg steps: 537
2020-07-22 18:02:54,855	INFO	Total steps: 22488	Episode: 40/412	Avg reward: -17.65	Avg steps: 584
2020-07-22 18:10:13,884	INFO	Total steps: 34040	Episode: 60/732	Avg reward: -18.75	Avg steps: 576
2020-07-22 18:18:04,623	INFO	Total steps: 46391	Episode: 80/512	Avg reward: -17.90	Avg steps: 616
2020-07-22 18:26:02,466	INFO	Total steps: 58901	Episode: 100/500	Avg reward: -18.05	Avg steps: 624
2020-07-22 18:33:56,462	INFO	Total steps: 70966	Episode: 120/776	Avg reward: -18.10	Avg steps: 602
2020-07-22 18:41:49,518	INFO	Total steps: 82732	Episode: 140/506	Avg reward: -18.55	Avg steps: 587
2020-07-22 18:50:44,185	INFO	Total steps: 96513	Episode: 160/466	Avg reward: -17.70	Avg steps: 688
2020-07-22 19:01:23,479	INFO	Total steps: 112599	Episode: 180/742	Avg reward: -16.65	Avg steps: 803
2020-07-22 19:11:00,795	INFO	Total steps: 126857	Episode: 200/460	Avg reward: -17.05	Avg steps: 711
2020-07-22 19:20:02,366	INFO	Total steps: 140488	Episode: 220/709	Avg reward: -17.60	Avg steps: 680
2020-07-22 19:29:33,081	INFO	Total steps: 154904	Episode: 240/609	Avg reward: -16.85	Avg steps: 719
2020-07-22 19:39:24,073	INFO	Total steps: 170334	Episode: 260/718	Avg reward: -16.75	Avg steps: 770
2020-07-22 19:50:15,926	INFO	Total steps: 187059	Episode: 280/938	Avg reward: -16.45	Avg steps: 835
2020-07-22 20:01:12,599	INFO	Total steps: 204119	Episode: 300/797	Avg reward: -15.85	Avg steps: 852
2020-07-22 20:13:21,945	INFO	Total steps: 222799	Episode: 320/1331	Avg reward: -14.95	Avg steps: 933
2020-07-22 20:25:36,638	INFO	Total steps: 241439	Episode: 340/746	Avg reward: -15.40	Avg steps: 931
2020-07-22 20:36:10,336	INFO	Total steps: 257979	Episode: 360/907	Avg reward: -16.40	Avg steps: 826
2020-07-22 20:49:00,090	INFO	Total steps: 277882	Episode: 380/1045	Avg reward: -15.05	Avg steps: 994
2020-07-22 21:02:08,615	INFO	Total steps: 298238	Episode: 400/821	Avg reward: -15.35	Avg steps: 1016
2020-07-22 21:15:18,881	INFO	Total steps: 319128	Episode: 420/967	Avg reward: -14.40	Avg steps: 1043
2020-07-22 21:29:04,440	INFO	Total steps: 340401	Episode: 440/1127	Avg reward: -14.90	Avg steps: 1062
2020-07-22 21:42:07,244	INFO	Total steps: 359976	Episode: 460/972	Avg reward: -15.00	Avg steps: 977
2020-07-22 21:57:45,980	INFO	Total steps: 383569	Episode: 480/1280	Avg reward: -14.05	Avg steps: 1178
2020-07-22 22:12:54,382	INFO	Total steps: 407136	Episode: 500/1414	Avg reward: -13.75	Avg steps: 1177
2020-07-22 22:28:35,946	INFO	Total steps: 431469	Episode: 520/1345	Avg reward: -13.10	Avg steps: 1215
2020-07-22 22:45:29,673	INFO	Total steps: 456956	Episode: 540/1588	Avg reward: -12.40	Avg steps: 1273
2020-07-22 23:03:44,267	INFO	Total steps: 484223	Episode: 560/932	Avg reward: -12.30	Avg steps: 1362
2020-07-22 23:22:00,097	INFO	Total steps: 511818	Episode: 580/1086	Avg reward: -12.65	Avg steps: 1378
2020-07-22 23:40:59,098	INFO	Total steps: 540013	Episode: 600/899	Avg reward: -11.55	Avg steps: 1408
2020-07-23 00:00:15,731	INFO	Total steps: 568635	Episode: 620/1687	Avg reward: -12.10	Avg steps: 1430
2020-07-23 00:18:34,682	INFO	Total steps: 595920	Episode: 640/1235	Avg reward: -12.40	Avg steps: 1363
2020-07-23 00:35:37,160	INFO	Total steps: 621354	Episode: 660/1989	Avg reward: -12.55	Avg steps: 1270
2020-07-23 00:54:49,919	INFO	Total steps: 649058	Episode: 680/1736	Avg reward: -11.30	Avg steps: 1384
2020-07-23 01:14:38,294	INFO	Total steps: 677686	Episode: 700/1860	Avg reward: -10.40	Avg steps: 1430
2020-07-23 01:34:54,631	INFO	Total steps: 707461	Episode: 720/1528	Avg reward: -10.95	Avg steps: 1487
2020-07-23 01:55:05,199	INFO	Total steps: 737121	Episode: 740/1463	Avg reward: -9.90	Avg steps: 1482
2020-07-23 02:18:28,806	INFO	Total steps: 771721	Episode: 760/2351	Avg reward: -9.35	Avg steps: 1729
2020-07-23 02:45:49,224	INFO	Total steps: 811950	Episode: 780/2196	Avg reward: -6.70	Avg steps: 2010
2020-07-23 03:10:01,333	INFO	Total steps: 847213	Episode: 800/1610	Avg reward: -7.45	Avg steps: 1762
2020-07-23 03:32:40,791	INFO	Total steps: 880983	Episode: 820/1909	Avg reward: -8.55	Avg steps: 1687
2020-07-23 03:55:17,442	INFO	Total steps: 914620	Episode: 840/1971	Avg reward: -8.50	Avg steps: 1680
2020-07-23 04:19:38,907	INFO	Total steps: 951029	Episode: 860/1859	Avg reward: -6.45	Avg steps: 1819
2020-07-23 04:44:43,405	INFO	Total steps: 988289	Episode: 880/2104	Avg reward: -5.45	Avg steps: 1862
2020-07-23 05:07:54,793	INFO	Total steps: 1023177	Episode: 900/1453	Avg reward: -7.80	Avg steps: 1743
2020-07-23 05:32:50,766	INFO	Total steps: 1061038	Episode: 920/1712	Avg reward: -3.60	Avg steps: 1892
2020-07-23 05:58:21,449	INFO	Total steps: 1099977	Episode: 940/2147	Avg reward: -6.00	Avg steps: 1945
2020-07-23 06:26:23,847	INFO	Total steps: 1142236	Episode: 960/2049	Avg reward: -1.35	Avg steps: 2111
2020-07-23 06:53:20,723	INFO	Total steps: 1183028	Episode: 980/2290	Avg reward: -2.65	Avg steps: 2038
2020-07-23 07:20:39,933	INFO	Total steps: 1224552	Episode: 1000/1793	Avg reward: -1.30	Avg steps: 2075
2020-07-23 07:49:30,744	INFO	Total steps: 1268571	Episode: 1020/2239	Avg reward: 0.70	Avg steps: 2199
2020-07-23 08:17:05,962	INFO	Total steps: 1310252	Episode: 1040/2041	Avg reward: -0.25	Avg steps: 2083
2020-07-23 08:44:22,419	INFO	Total steps: 1351658	Episode: 1060/2446	Avg reward: -2.60	Avg steps: 2069
2020-07-23 09:13:08,177	INFO	Total steps: 1395781	Episode: 1080/2841	Avg reward: 2.90	Avg steps: 2205
2020-07-23 09:42:58,099	INFO	Total steps: 1441013	Episode: 1100/2317	Avg reward: 2.50	Avg steps: 2260
2020-07-23 10:12:23,795	INFO	Total steps: 1484754	Episode: 1120/2674	Avg reward: 0.50	Avg steps: 2186
2020-07-23 10:39:57,657	INFO	Total steps: 1526092	Episode: 1140/2663	Avg reward: -0.25	Avg steps: 2065
2020-07-23 11:09:29,038	INFO	Total steps: 1571207	Episode: 1160/2860	Avg reward: 3.70	Avg steps: 2254
2020-07-23 11:37:39,108	INFO	Total steps: 1614566	Episode: 1180/2196	Avg reward: 2.20	Avg steps: 2166
2020-07-23 12:06:30,616	INFO	Total steps: 1658786	Episode: 1200/2470	Avg reward: -0.40	Avg steps: 2210
2020-07-23 12:36:37,679	INFO	Total steps: 1704342	Episode: 1220/2325	Avg reward: 3.50	Avg steps: 2276
2020-07-23 13:04:08,007	INFO	Total steps: 1746513	Episode: 1240/1768	Avg reward: 1.15	Avg steps: 2107
2020-07-23 13:30:29,249	INFO	Total steps: 1786208	Episode: 1260/2049	Avg reward: 4.55	Avg steps: 1983
2020-07-23 14:00:55,043	INFO	Total steps: 1832346	Episode: 1280/2854	Avg reward: 3.40	Avg steps: 2305
2020-07-23 14:31:18,163	INFO	Total steps: 1877178	Episode: 1300/2487	Avg reward: 4.75	Avg steps: 2240
2020-07-23 15:02:13,343	INFO	Total steps: 1923307	Episode: 1320/2128	Avg reward: 1.15	Avg steps: 2305
2020-07-23 15:32:26,233	INFO	Total steps: 1968223	Episode: 1340/2447	Avg reward: 2.95	Avg steps: 2244
2020-07-23 16:00:15,623	INFO	Total steps: 2009789	Episode: 1360/2397	Avg reward: 1.80	Avg steps: 2077
2020-07-23 16:29:38,282	INFO	Total steps: 2053794	Episode: 1380/2277	Avg reward: 5.70	Avg steps: 2199
2020-07-23 16:59:20,157	INFO	Total steps: 2097987	Episode: 1400/1614	Avg reward: 3.20	Avg steps: 2208
2020-07-23 17:28:00,828	INFO	Total steps: 2141176	Episode: 1420/1764	Avg reward: 4.95	Avg steps: 2158
2020-07-23 17:56:53,089	INFO	Total steps: 2184391	Episode: 1440/1792	Avg reward: 4.70	Avg steps: 2159
2020-07-23 18:22:50,823	INFO	Total steps: 2224197	Episode: 1460/2194	Avg reward: 4.35	Avg steps: 1989
2020-07-23 18:50:03,071	INFO	Total steps: 2265589	Episode: 1480/1480	Avg reward: 6.40	Avg steps: 2068
2020-07-23 19:18:13,098	INFO	Total steps: 2307861	Episode: 1500/2043	Avg reward: 6.45	Avg steps: 2112
2020-07-23 19:48:44,821	INFO	Total steps: 2352740	Episode: 1520/2500	Avg reward: 0.60	Avg steps: 2242
2020-07-23 20:17:40,798	INFO	Total steps: 2396064	Episode: 1540/1529	Avg reward: 4.75	Avg steps: 2165
2020-07-23 20:45:20,541	INFO	Total steps: 2437638	Episode: 1560/1586	Avg reward: 6.30	Avg steps: 2077
2020-07-23 21:14:33,065	INFO	Total steps: 2482133	Episode: 1580/1885	Avg reward: 6.50	Avg steps: 2223
2020-07-23 21:43:13,434	INFO	Total steps: 2524533	Episode: 1600/1807	Avg reward: 6.95	Avg steps: 2119
2020-07-23 22:11:40,869	INFO	Total steps: 2565964	Episode: 1620/2097	Avg reward: 6.55	Avg steps: 2070
2020-07-23 22:39:05,126	INFO	Total steps: 2607715	Episode: 1640/2037	Avg reward: 5.60	Avg steps: 2086
2020-07-23 23:05:09,443	INFO	Total steps: 2646895	Episode: 1660/2112	Avg reward: 8.25	Avg steps: 1958
2020-07-23 23:33:21,169	INFO	Total steps: 2687748	Episode: 1680/1483	Avg reward: 7.20	Avg steps: 2041
2020-07-24 00:01:51,815	INFO	Total steps: 2730121	Episode: 1700/2041	Avg reward: 8.20	Avg steps: 2117
2020-07-24 00:27:11,914	INFO	Total steps: 2769157	Episode: 1720/2052	Avg reward: 9.55	Avg steps: 1950
2020-07-24 00:53:47,767	INFO	Total steps: 2808870	Episode: 1740/1902	Avg reward: 8.70	Avg steps: 1984
2020-07-24 01:20:14,029	INFO	Total steps: 2849575	Episode: 1760/2230	Avg reward: 7.15	Avg steps: 2034
2020-07-24 01:45:53,056	INFO	Total steps: 2888936	Episode: 1780/2287	Avg reward: 9.45	Avg steps: 1967
2020-07-24 02:12:54,894	INFO	Total steps: 2929614	Episode: 1800/2302	Avg reward: 9.10	Avg steps: 2032
2020-07-24 02:39:48,802	INFO	Total steps: 2970249	Episode: 1820/1609	Avg reward: 11.55	Avg steps: 2030
2020-07-24 03:04:24,303	INFO	Total steps: 3007569	Episode: 1840/2514	Avg reward: 11.95	Avg steps: 1865
2020-07-24 03:30:08,502	INFO	Total steps: 3046825	Episode: 1860/1817	Avg reward: 12.20	Avg steps: 1961
2020-07-24 03:55:41,261	INFO	Total steps: 3085099	Episode: 1880/1729	Avg reward: 12.75	Avg steps: 1912
2020-07-24 04:20:51,150	INFO	Total steps: 3122284	Episode: 1900/1482	Avg reward: 12.90	Avg steps: 1858
2020-07-24 04:41:33,342	INFO	Total steps: 3155322	Episode: 1920/2042	Avg reward: 14.85	Avg steps: 1650
2020-07-24 05:04:34,660	INFO	Total steps: 3195257	Episode: 1940/1743	Avg reward: 12.15	Avg steps: 1995
2020-07-24 05:26:54,268	INFO	Total steps: 3233615	Episode: 1960/1920	Avg reward: 11.65	Avg steps: 1916
2020-07-24 05:48:10,183	INFO	Total steps: 3269392	Episode: 1980/1519	Avg reward: 12.50	Avg steps: 1787
2020-07-24 06:09:24,045	INFO	Total steps: 3304888	Episode: 2000/2033	Avg reward: 13.35	Avg steps: 1773
2020-07-24 06:31:21,554	INFO	Total steps: 3340480	Episode: 2020/1271	Avg reward: 14.25	Avg steps: 1778
2020-07-24 06:53:30,707	INFO	Total steps: 3376345	Episode: 2040/2034	Avg reward: 15.10	Avg steps: 1792
2020-07-24 07:17:45,023	INFO	Total steps: 3416062	Episode: 2060/1811	Avg reward: 12.75	Avg steps: 1984
2020-07-24 07:40:29,392	INFO	Total steps: 3453163	Episode: 2080/2551	Avg reward: 12.70	Avg steps: 1854
2020-07-24 08:02:02,409	INFO	Total steps: 3488716	Episode: 2100/2081	Avg reward: 13.75	Avg steps: 1776
2020-07-24 08:23:39,509	INFO	Total steps: 3523988	Episode: 2120/1653	Avg reward: 13.65	Avg steps: 1762
2020-07-24 08:46:11,032	INFO	Total steps: 3561287	Episode: 2140/1858	Avg reward: 12.50	Avg steps: 1863
2020-07-24 09:08:39,182	INFO	Total steps: 3598085	Episode: 2160/1733	Avg reward: 13.40	Avg steps: 1838
2020-07-24 09:34:03,492	INFO	Total steps: 3639491	Episode: 2180/2450	Avg reward: 11.25	Avg steps: 2069
2020-07-24 09:59:03,415	INFO	Total steps: 3680021	Episode: 2200/1660	Avg reward: 13.20	Avg steps: 2025
2020-07-24 10:24:47,547	INFO	Total steps: 3721894	Episode: 2220/2279	Avg reward: 10.55	Avg steps: 2092
2020-07-24 10:47:27,576	INFO	Total steps: 3758444	Episode: 2240/1799	Avg reward: 13.95	Avg steps: 1826
2020-07-24 11:09:17,803	INFO	Total steps: 3793933	Episode: 2260/1716	Avg reward: 13.90	Avg steps: 1773
2020-07-24 11:30:23,914	INFO	Total steps: 3828238	Episode: 2280/1440	Avg reward: 14.15	Avg steps: 1714
2020-07-24 11:51:49,460	INFO	Total steps: 3863088	Episode: 2300/1669	Avg reward: 12.90	Avg steps: 1741
2020-07-24 12:14:32,409	INFO	Total steps: 3899976	Episode: 2320/1645	Avg reward: 13.45	Avg steps: 1843
2020-07-24 12:35:41,061	INFO	Total steps: 3933555	Episode: 2340/1977	Avg reward: 15.45	Avg steps: 1677
2020-07-24 12:58:36,850	INFO	Total steps: 3970143	Episode: 2360/1402	Avg reward: 12.95	Avg steps: 1828
2020-07-24 13:22:16,796	INFO	Total steps: 4007907	Episode: 2380/2115	Avg reward: 14.85	Avg steps: 1887
2020-07-24 13:44:49,717	INFO	Total steps: 4044462	Episode: 2400/1778	Avg reward: 12.00	Avg steps: 1826
2020-07-24 14:08:37,036	INFO	Total steps: 4081784	Episode: 2420/1615	Avg reward: 12.15	Avg steps: 1865
2020-07-24 14:31:32,092	INFO	Total steps: 4118316	Episode: 2440/1851	Avg reward: 13.45	Avg steps: 1825
2020-07-24 14:55:00,017	INFO	Total steps: 4155189	Episode: 2460/1775	Avg reward: 12.40	Avg steps: 1842
2020-07-24 15:19:03,503	INFO	Total steps: 4193815	Episode: 2480/1880	Avg reward: 11.75	Avg steps: 1930
2020-07-24 15:40:15,856	INFO	Total steps: 4227904	Episode: 2500/1384	Avg reward: 14.60	Avg steps: 1703
2020-07-24 16:02:13,402	INFO	Total steps: 4263631	Episode: 2520/2303	Avg reward: 12.60	Avg steps: 1785
2020-07-24 16:21:45,751	INFO	Total steps: 4295063	Episode: 2540/2376	Avg reward: 11.25	Avg steps: 1570
2020-07-24 16:44:14,212	INFO	Total steps: 4330337	Episode: 2560/1712	Avg reward: 14.40	Avg steps: 1762
2020-07-24 17:04:58,188	INFO	Total steps: 4362311	Episode: 2580/1521	Avg reward: 16.65	Avg steps: 1597
2020-07-24 17:27:09,837	INFO	Total steps: 4396913	Episode: 2600/1538	Avg reward: 15.25	Avg steps: 1729
2020-07-24 17:47:38,965	INFO	Total steps: 4428327	Episode: 2620/1642	Avg reward: 14.60	Avg steps: 1569
2020-07-24 18:08:33,807	INFO	Total steps: 4461152	Episode: 2640/1901	Avg reward: 16.40	Avg steps: 1640
2020-07-24 18:31:09,539	INFO	Total steps: 4495785	Episode: 2660/2031	Avg reward: 14.85	Avg steps: 1730
2020-07-24 18:51:49,679	INFO	Total steps: 4527741	Episode: 2680/1288	Avg reward: 13.45	Avg steps: 1596
2020-07-24 19:12:24,093	INFO	Total steps: 4560051	Episode: 2700/1893	Avg reward: 14.30	Avg steps: 1614
2020-07-24 19:33:39,425	INFO	Total steps: 4593395	Episode: 2720/1370	Avg reward: 13.75	Avg steps: 1666
2020-07-24 19:55:58,860	INFO	Total steps: 4627716	Episode: 2740/1492	Avg reward: 13.90	Avg steps: 1715
2020-07-24 20:16:02,007	INFO	Total steps: 4658547	Episode: 2760/1616	Avg reward: 16.10	Avg steps: 1540
2020-07-24 20:38:19,170	INFO	Total steps: 4691846	Episode: 2780/1861	Avg reward: 14.85	Avg steps: 1663
2020-07-24 21:01:22,165	INFO	Total steps: 4726251	Episode: 2800/1765	Avg reward: 14.05	Avg steps: 1719
2020-07-24 21:22:09,287	INFO	Total steps: 4757583	Episode: 2820/1752	Avg reward: 16.55	Avg steps: 1565
2020-07-24 21:43:58,766	INFO	Total steps: 4789796	Episode: 2840/1461	Avg reward: 16.00	Avg steps: 1609
2020-07-24 22:05:29,225	INFO	Total steps: 4821383	Episode: 2860/1481	Avg reward: 15.70	Avg steps: 1578
2020-07-24 22:27:32,261	INFO	Total steps: 4853622	Episode: 2880/1675	Avg reward: 16.25	Avg steps: 1610
2020-07-24 22:47:43,244	INFO	Total steps: 4884093	Episode: 2900/1773	Avg reward: 15.40	Avg steps: 1522
2020-07-24 23:08:53,042	INFO	Total steps: 4915408	Episode: 2920/1515	Avg reward: 16.95	Avg steps: 1564
2020-07-24 23:30:58,414	INFO	Total steps: 4948280	Episode: 2940/1928	Avg reward: 14.90	Avg steps: 1642
2020-07-24 23:52:04,749	INFO	Total steps: 4979224	Episode: 2960/2024	Avg reward: 14.75	Avg steps: 1546
2020-07-25 00:13:56,380	INFO	Total steps: 5011263	Episode: 2980/1530	Avg reward: 14.90	Avg steps: 1600
2020-07-25 00:34:50,015	INFO	Total steps: 5041970	Episode: 3000/1509	Avg reward: 15.50	Avg steps: 1534
2020-07-25 00:56:26,915	INFO	Total steps: 5074218	Episode: 3020/1899	Avg reward: 15.30	Avg steps: 1611
2020-07-25 01:19:10,560	INFO	Total steps: 5107995	Episode: 3040/1518	Avg reward: 15.80	Avg steps: 1687
2020-07-25 01:39:21,979	INFO	Total steps: 5138010	Episode: 3060/1567	Avg reward: 17.25	Avg steps: 1499
2020-07-25 02:00:21,778	INFO	Total steps: 5169401	Episode: 3080/1392	Avg reward: 16.15	Avg steps: 1568
2020-07-25 02:19:28,755	INFO	Total steps: 5198353	Episode: 3100/1248	Avg reward: 17.10	Avg steps: 1446
2020-07-25 02:38:55,661	INFO	Total steps: 5226900	Episode: 3120/1469	Avg reward: 17.15	Avg steps: 1426
2020-07-25 02:59:24,787	INFO	Total steps: 5257283	Episode: 3140/1379	Avg reward: 16.80	Avg steps: 1518
2020-07-25 03:19:00,672	INFO	Total steps: 5286678	Episode: 3160/1193	Avg reward: 17.40	Avg steps: 1468
2020-07-25 03:40:04,298	INFO	Total steps: 5318487	Episode: 3180/1583	Avg reward: 15.40	Avg steps: 1589
2020-07-25 04:00:39,472	INFO	Total steps: 5348145	Episode: 3200/1925	Avg reward: 16.15	Avg steps: 1481
2020-07-25 04:24:47,712	INFO	Total steps: 5381764	Episode: 3220/2148	Avg reward: 14.20	Avg steps: 1679
2020-07-25 04:48:58,759	INFO	Total steps: 5415333	Episode: 3240/1760	Avg reward: 14.40	Avg steps: 1677
2020-07-25 05:12:58,164	INFO	Total steps: 5449850	Episode: 3260/1435	Avg reward: 15.90	Avg steps: 1724
2020-07-25 05:33:43,066	INFO	Total steps: 5480822	Episode: 3280/1582	Avg reward: 15.50	Avg steps: 1547
2020-07-25 05:55:15,683	INFO	Total steps: 5513615	Episode: 3300/1727	Avg reward: 16.05	Avg steps: 1638
2020-07-25 06:12:46,082	INFO	Total steps: 5540933	Episode: 3320/1442	Avg reward: 15.35	Avg steps: 1364
2020-07-25 06:34:36,951	INFO	Total steps: 5574782	Episode: 3340/1748	Avg reward: 15.50	Avg steps: 1691
2020-07-25 06:54:00,311	INFO	Total steps: 5605294	Episode: 3360/1390	Avg reward: 15.40	Avg steps: 1524
2020-07-25 07:14:47,081	INFO	Total steps: 5637919	Episode: 3380/1874	Avg reward: 15.60	Avg steps: 1630
2020-07-25 07:37:05,796	INFO	Total steps: 5671315	Episode: 3400/1441	Avg reward: 14.85	Avg steps: 1668
2020-07-25 07:58:49,974	INFO	Total steps: 5703254	Episode: 3420/1762	Avg reward: 15.45	Avg steps: 1595
2020-07-25 08:21:11,987	INFO	Total steps: 5736707	Episode: 3440/1863	Avg reward: 14.15	Avg steps: 1671
2020-07-25 08:44:09,647	INFO	Total steps: 5770996	Episode: 3460/1305	Avg reward: 13.20	Avg steps: 1713
2020-07-25 09:04:27,182	INFO	Total steps: 5802573	Episode: 3480/1194	Avg reward: 16.05	Avg steps: 1577
2020-07-25 09:24:53,794	INFO	Total steps: 5834476	Episode: 3500/1598	Avg reward: 15.15	Avg steps: 1594
2020-07-25 09:44:53,489	INFO	Total steps: 5865158	Episode: 3520/1444	Avg reward: 16.10	Avg steps: 1533
2020-07-25 10:05:33,617	INFO	Total steps: 5897278	Episode: 3540/1294	Avg reward: 16.10	Avg steps: 1605
2020-07-25 10:27:37,635	INFO	Total steps: 5930805	Episode: 3560/1693	Avg reward: 14.20	Avg steps: 1675
2020-07-25 10:49:08,369	INFO	Total steps: 5962875	Episode: 3580/1245	Avg reward: 14.60	Avg steps: 1602
2020-07-25 11:09:29,482	INFO	Total steps: 5992853	Episode: 3600/1382	Avg reward: 16.15	Avg steps: 1497
2020-07-25 11:30:28,830	INFO	Total steps: 6024139	Episode: 3620/1141	Avg reward: 16.65	Avg steps: 1563
2020-07-25 11:52:03,453	INFO	Total steps: 6056813	Episode: 3640/1474	Avg reward: 16.35	Avg steps: 1632
2020-07-25 12:12:57,226	INFO	Total steps: 6088501	Episode: 3660/1564	Avg reward: 15.05	Avg steps: 1583
2020-07-25 12:34:47,062	INFO	Total steps: 6121239	Episode: 3680/1585	Avg reward: 15.45	Avg steps: 1635
2020-07-25 12:53:58,057	INFO	Total steps: 6150193	Episode: 3700/1379	Avg reward: 16.25	Avg steps: 1446
2020-07-25 13:14:04,197	INFO	Total steps: 6180317	Episode: 3720/1651	Avg reward: 16.65	Avg steps: 1505
2020-07-25 13:34:09,182	INFO	Total steps: 6210690	Episode: 3740/1781	Avg reward: 12.60	Avg steps: 1517
2020-07-25 13:54:32,964	INFO	Total steps: 6240995	Episode: 3760/1719	Avg reward: 16.00	Avg steps: 1514
2020-07-25 14:14:28,404	INFO	Total steps: 6270735	Episode: 3780/1427	Avg reward: 16.00	Avg steps: 1486
2020-07-25 14:36:24,074	INFO	Total steps: 6303852	Episode: 3800/1473	Avg reward: 16.00	Avg steps: 1654
2020-07-25 14:59:57,652	INFO	Total steps: 6339597	Episode: 3820/1614	Avg reward: 14.85	Avg steps: 1786
2020-07-25 15:21:27,210	INFO	Total steps: 6372044	Episode: 3840/1861	Avg reward: 15.20	Avg steps: 1621
2020-07-25 15:41:49,324	INFO	Total steps: 6402296	Episode: 3860/1258	Avg reward: 16.40	Avg steps: 1511
2020-07-25 16:05:09,820	INFO	Total steps: 6436678	Episode: 3880/2341	Avg reward: 15.95	Avg steps: 1718
2020-07-25 16:27:10,322	INFO	Total steps: 6469121	Episode: 3900/1622	Avg reward: 15.55	Avg steps: 1621
2020-07-25 16:50:18,538	INFO	Total steps: 6503744	Episode: 3920/1890	Avg reward: 15.50	Avg steps: 1730
2020-07-25 17:09:55,659	INFO	Total steps: 6533470	Episode: 3940/1125	Avg reward: 16.80	Avg steps: 1485
2020-07-25 17:32:38,809	INFO	Total steps: 6567674	Episode: 3960/2089	Avg reward: 15.35	Avg steps: 1709
2020-07-25 17:53:21,708	INFO	Total steps: 6599010	Episode: 3980/1626	Avg reward: 16.25	Avg steps: 1565
2020-07-25 18:13:22,472	INFO	Total steps: 6631113	Episode: 4000/1531	Avg reward: 14.00	Avg steps: 1604
