2020-07-07 21:54:46,260	INFO	--width 160 --height 160 --ball 3.0 --ball-size 2.0 --snell 3.0 --snell-width 40.0 --snell-change 0.0 --snell-visible none --paddle-speed 3.0 --paddle-angle 45.0 --paddle-length 45.0 --update-prob 0.2 --state binary --learning-rate 0.0001 --network dqn_pong_model --render False --epsdecay 1000 --episodes 4000 --replay 10000 --checkpoint ../experiments/59/dqn_pong_model --history ../experiments/59/history.p --store-dir ../experiments/98 
2020-07-07 21:54:46,260	INFO	Device: cuda
2020-07-13 05:16:21,813	INFO	--width 160 --height 160 --ball 3.0 --ball-size 2.0 --snell 3.0 --snell-width 40.0 --snell-change 0.0 --snell-visible none --paddle-speed 3.0 --paddle-angle 45.0 --paddle-length 45.0 --update-prob 0.2 --state binary --learning-rate 0.0001 --network dqn_pong_model --render False --epsdecay 1000 --episodes 4000 --replay 10000 --checkpoint ../experiments/59/dqn_pong_model --history ../experiments/59/history.p --store-dir ../experiments/98 
2020-07-13 05:16:21,868	INFO	Device: cuda
2020-07-13 05:16:30,486	INFO	Loading the trained model
2020-07-13 05:27:20,928	INFO	Total steps: 14139222	Episode: 12020/621	Avg reward: -4.35	Avg steps: 1234
2020-07-13 05:35:34,120	INFO	Total steps: 14157556	Episode: 12040/885	Avg reward: -6.65	Avg steps: 915
2020-07-13 05:50:48,709	INFO	Total steps: 14191508	Episode: 12060/1637	Avg reward: 2.05	Avg steps: 1696
2020-07-13 06:04:22,203	INFO	Total steps: 14221741	Episode: 12080/1923	Avg reward: 1.05	Avg steps: 1510
2020-07-13 06:15:20,562	INFO	Total steps: 14245742	Episode: 12100/917	Avg reward: 1.75	Avg steps: 1199
2020-07-13 06:24:34,130	INFO	Total steps: 14267948	Episode: 12120/1055	Avg reward: 2.20	Avg steps: 1109
2020-07-13 06:33:47,821	INFO	Total steps: 14288088	Episode: 12140/840	Avg reward: 4.85	Avg steps: 1006
2020-07-13 06:42:52,167	INFO	Total steps: 14308879	Episode: 12160/1264	Avg reward: 1.50	Avg steps: 1038
2020-07-13 06:51:53,076	INFO	Total steps: 14328337	Episode: 12180/1042	Avg reward: 1.25	Avg steps: 971
2020-07-13 07:01:27,441	INFO	Total steps: 14348727	Episode: 12200/1304	Avg reward: 5.45	Avg steps: 1018
2020-07-13 07:11:20,634	INFO	Total steps: 14369955	Episode: 12220/1194	Avg reward: -0.25	Avg steps: 1060
2020-07-13 07:21:54,459	INFO	Total steps: 14392653	Episode: 12240/1029	Avg reward: 3.65	Avg steps: 1133
2020-07-13 07:31:46,352	INFO	Total steps: 14413132	Episode: 12260/743	Avg reward: 4.35	Avg steps: 1022
2020-07-13 07:40:26,892	INFO	Total steps: 14431012	Episode: 12280/1047	Avg reward: 4.90	Avg steps: 893
2020-07-13 07:48:32,352	INFO	Total steps: 14449964	Episode: 12300/987	Avg reward: 2.85	Avg steps: 946
2020-07-13 07:56:00,604	INFO	Total steps: 14467416	Episode: 12320/1113	Avg reward: 2.75	Avg steps: 871
2020-07-13 08:03:38,256	INFO	Total steps: 14485314	Episode: 12340/895	Avg reward: 3.20	Avg steps: 893
2020-07-13 08:11:24,357	INFO	Total steps: 14503272	Episode: 12360/951	Avg reward: 4.55	Avg steps: 896
2020-07-13 08:19:36,089	INFO	Total steps: 14520841	Episode: 12380/888	Avg reward: 2.50	Avg steps: 877
2020-07-13 08:28:21,444	INFO	Total steps: 14539124	Episode: 12400/1023	Avg reward: 1.25	Avg steps: 913
2020-07-13 08:36:45,981	INFO	Total steps: 14556682	Episode: 12420/1368	Avg reward: 3.95	Avg steps: 876
2020-07-13 08:45:23,110	INFO	Total steps: 14575592	Episode: 12440/830	Avg reward: 5.55	Avg steps: 944
2020-07-13 08:55:01,907	INFO	Total steps: 14596677	Episode: 12460/743	Avg reward: 5.90	Avg steps: 1053
2020-07-13 09:04:18,046	INFO	Total steps: 14617122	Episode: 12480/905	Avg reward: 3.30	Avg steps: 1021
2020-07-13 09:13:41,146	INFO	Total steps: 14637758	Episode: 12500/986	Avg reward: 4.35	Avg steps: 1030
2020-07-13 09:21:43,809	INFO	Total steps: 14655432	Episode: 12520/1070	Avg reward: -1.45	Avg steps: 882
2020-07-13 09:30:20,029	INFO	Total steps: 14673795	Episode: 12540/962	Avg reward: 4.50	Avg steps: 917
2020-07-13 09:39:56,562	INFO	Total steps: 14694025	Episode: 12560/948	Avg reward: 1.10	Avg steps: 1010
2020-07-13 09:48:45,261	INFO	Total steps: 14712665	Episode: 12580/1167	Avg reward: 4.75	Avg steps: 931
2020-07-13 09:58:07,501	INFO	Total steps: 14732455	Episode: 12600/1064	Avg reward: 4.45	Avg steps: 988
2020-07-13 10:06:35,638	INFO	Total steps: 14750385	Episode: 12620/795	Avg reward: 5.15	Avg steps: 895
2020-07-13 10:14:51,678	INFO	Total steps: 14767996	Episode: 12640/896	Avg reward: 3.50	Avg steps: 879
2020-07-13 10:23:51,771	INFO	Total steps: 14787009	Episode: 12660/954	Avg reward: 2.85	Avg steps: 949
2020-07-13 10:33:04,299	INFO	Total steps: 14806532	Episode: 12680/1118	Avg reward: 4.50	Avg steps: 975
2020-07-13 10:42:14,421	INFO	Total steps: 14825930	Episode: 12700/826	Avg reward: 1.30	Avg steps: 968
2020-07-13 10:51:15,347	INFO	Total steps: 14844976	Episode: 12720/856	Avg reward: 3.40	Avg steps: 951
2020-07-13 11:00:03,101	INFO	Total steps: 14863566	Episode: 12740/920	Avg reward: 4.20	Avg steps: 928
2020-07-13 11:09:38,885	INFO	Total steps: 14883787	Episode: 12760/943	Avg reward: 3.30	Avg steps: 1010
2020-07-13 11:19:05,097	INFO	Total steps: 14903786	Episode: 12780/708	Avg reward: 3.20	Avg steps: 998
2020-07-13 11:28:38,886	INFO	Total steps: 14923868	Episode: 12800/1070	Avg reward: 4.55	Avg steps: 1003
2020-07-13 11:37:01,698	INFO	Total steps: 14941564	Episode: 12820/957	Avg reward: 0.80	Avg steps: 883
2020-07-13 11:45:18,589	INFO	Total steps: 14958977	Episode: 12840/1006	Avg reward: 4.55	Avg steps: 869
2020-07-13 11:53:47,232	INFO	Total steps: 14976860	Episode: 12860/922	Avg reward: 5.60	Avg steps: 893
2020-07-13 12:03:34,826	INFO	Total steps: 14997619	Episode: 12880/1368	Avg reward: 3.75	Avg steps: 1036
2020-07-13 12:13:06,929	INFO	Total steps: 15017862	Episode: 12900/930	Avg reward: 5.15	Avg steps: 1011
2020-07-13 12:23:17,880	INFO	Total steps: 15039315	Episode: 12920/1376	Avg reward: 5.10	Avg steps: 1071
2020-07-13 12:32:29,146	INFO	Total steps: 15058624	Episode: 12940/950	Avg reward: 3.75	Avg steps: 964
2020-07-13 12:41:01,276	INFO	Total steps: 15076585	Episode: 12960/947	Avg reward: 5.25	Avg steps: 897
2020-07-13 12:49:17,257	INFO	Total steps: 15093996	Episode: 12980/729	Avg reward: 5.35	Avg steps: 869
2020-07-13 12:58:04,072	INFO	Total steps: 15112622	Episode: 13000/1122	Avg reward: 4.50	Avg steps: 930
2020-07-13 13:06:50,729	INFO	Total steps: 15131178	Episode: 13020/1008	Avg reward: 5.05	Avg steps: 926
2020-07-13 13:15:14,245	INFO	Total steps: 15148751	Episode: 13040/960	Avg reward: 7.40	Avg steps: 877
2020-07-13 13:23:40,223	INFO	Total steps: 15165840	Episode: 13060/671	Avg reward: 7.40	Avg steps: 853
2020-07-13 13:32:13,879	INFO	Total steps: 15183396	Episode: 13080/994	Avg reward: 7.45	Avg steps: 876
2020-07-13 13:40:51,395	INFO	Total steps: 15200926	Episode: 13100/839	Avg reward: 7.45	Avg steps: 875
2020-07-13 13:49:35,935	INFO	Total steps: 15218756	Episode: 13120/795	Avg reward: 6.75	Avg steps: 890
2020-07-13 13:58:57,184	INFO	Total steps: 15237707	Episode: 13140/1031	Avg reward: 6.00	Avg steps: 946
2020-07-13 14:08:01,367	INFO	Total steps: 15256140	Episode: 13160/964	Avg reward: 6.50	Avg steps: 920
2020-07-13 14:16:36,206	INFO	Total steps: 15273564	Episode: 13180/1062	Avg reward: 6.25	Avg steps: 870
2020-07-13 14:26:08,649	INFO	Total steps: 15292949	Episode: 13200/677	Avg reward: 6.30	Avg steps: 968
2020-07-13 14:34:59,836	INFO	Total steps: 15310930	Episode: 13220/725	Avg reward: 5.15	Avg steps: 898
2020-07-13 14:43:26,780	INFO	Total steps: 15328087	Episode: 13240/897	Avg reward: 7.75	Avg steps: 856
2020-07-13 14:52:15,897	INFO	Total steps: 15346003	Episode: 13260/863	Avg reward: 5.15	Avg steps: 894
2020-07-13 15:00:45,794	INFO	Total steps: 15363371	Episode: 13280/1097	Avg reward: 4.80	Avg steps: 867
2020-07-13 15:09:22,418	INFO	Total steps: 15380816	Episode: 13300/1044	Avg reward: 6.50	Avg steps: 871
2020-07-13 15:18:02,467	INFO	Total steps: 15398360	Episode: 13320/857	Avg reward: 6.35	Avg steps: 876
2020-07-13 15:26:49,325	INFO	Total steps: 15416132	Episode: 13340/863	Avg reward: 6.35	Avg steps: 887
2020-07-13 15:35:47,871	INFO	Total steps: 15434317	Episode: 13360/1310	Avg reward: 4.75	Avg steps: 908
2020-07-13 15:44:09,583	INFO	Total steps: 15451260	Episode: 13380/809	Avg reward: 7.50	Avg steps: 846
2020-07-13 15:52:47,967	INFO	Total steps: 15469185	Episode: 13400/789	Avg reward: 5.35	Avg steps: 895
2020-07-13 16:01:36,683	INFO	Total steps: 15487513	Episode: 13420/964	Avg reward: 3.35	Avg steps: 915
2020-07-13 16:10:05,242	INFO	Total steps: 15505295	Episode: 13440/776	Avg reward: 4.45	Avg steps: 888
2020-07-13 16:18:21,999	INFO	Total steps: 15522497	Episode: 13460/911	Avg reward: 3.85	Avg steps: 859
2020-07-13 16:26:26,481	INFO	Total steps: 15539531	Episode: 13480/779	Avg reward: 5.20	Avg steps: 850
2020-07-13 16:34:30,029	INFO	Total steps: 15556678	Episode: 13500/944	Avg reward: 6.95	Avg steps: 856
2020-07-13 16:42:21,029	INFO	Total steps: 15572883	Episode: 13520/998	Avg reward: 7.80	Avg steps: 809
2020-07-13 16:50:40,105	INFO	Total steps: 15589945	Episode: 13540/800	Avg reward: 4.65	Avg steps: 852
2020-07-13 16:59:23,137	INFO	Total steps: 15607948	Episode: 13560/786	Avg reward: 4.80	Avg steps: 899
2020-07-13 17:08:03,651	INFO	Total steps: 15625774	Episode: 13580/1103	Avg reward: 4.70	Avg steps: 890
2020-07-13 17:17:33,598	INFO	Total steps: 15645373	Episode: 13600/961	Avg reward: 4.45	Avg steps: 978
2020-07-13 17:26:08,152	INFO	Total steps: 15663006	Episode: 13620/832	Avg reward: 7.00	Avg steps: 880
2020-07-13 17:35:16,020	INFO	Total steps: 15681717	Episode: 13640/937	Avg reward: 5.35	Avg steps: 934
2020-07-13 17:43:43,655	INFO	Total steps: 15699267	Episode: 13660/963	Avg reward: 8.55	Avg steps: 876
2020-07-13 17:53:08,160	INFO	Total steps: 15718513	Episode: 13680/847	Avg reward: 4.90	Avg steps: 961
2020-07-13 18:01:52,239	INFO	Total steps: 15736449	Episode: 13700/827	Avg reward: 5.70	Avg steps: 895
2020-07-13 18:10:43,304	INFO	Total steps: 15754745	Episode: 13720/849	Avg reward: 3.80	Avg steps: 913
2020-07-13 18:19:33,358	INFO	Total steps: 15773023	Episode: 13740/1065	Avg reward: 5.80	Avg steps: 912
2020-07-13 18:27:40,543	INFO	Total steps: 15789715	Episode: 13760/1096	Avg reward: 7.25	Avg steps: 833
2020-07-13 18:36:49,869	INFO	Total steps: 15808051	Episode: 13780/1247	Avg reward: 6.55	Avg steps: 915
2020-07-13 18:46:33,020	INFO	Total steps: 15828086	Episode: 13800/878	Avg reward: 5.00	Avg steps: 1000
2020-07-13 18:55:19,989	INFO	Total steps: 15846113	Episode: 13820/1141	Avg reward: 5.75	Avg steps: 900
2020-07-13 19:03:59,999	INFO	Total steps: 15863899	Episode: 13840/1018	Avg reward: 7.75	Avg steps: 888
2020-07-13 19:13:14,082	INFO	Total steps: 15883183	Episode: 13860/895	Avg reward: 5.85	Avg steps: 963
2020-07-13 19:21:42,807	INFO	Total steps: 15900648	Episode: 13880/895	Avg reward: 7.35	Avg steps: 872
2020-07-13 19:30:42,752	INFO	Total steps: 15919288	Episode: 13900/787	Avg reward: 6.85	Avg steps: 931
2020-07-13 19:39:50,475	INFO	Total steps: 15938075	Episode: 13920/895	Avg reward: 6.60	Avg steps: 938
2020-07-13 19:48:12,576	INFO	Total steps: 15955266	Episode: 13940/757	Avg reward: 5.80	Avg steps: 858
2020-07-13 19:56:30,224	INFO	Total steps: 15972337	Episode: 13960/970	Avg reward: 8.50	Avg steps: 852
2020-07-13 20:04:21,432	INFO	Total steps: 15988478	Episode: 13980/1012	Avg reward: 6.95	Avg steps: 806
2020-07-13 20:12:58,734	INFO	Total steps: 16006240	Episode: 14000/832	Avg reward: 3.60	Avg steps: 887
2020-07-13 20:21:56,173	INFO	Total steps: 16024746	Episode: 14020/1140	Avg reward: 7.40	Avg steps: 924
2020-07-13 20:31:51,485	INFO	Total steps: 16045178	Episode: 14040/1386	Avg reward: 7.05	Avg steps: 1020
2020-07-13 20:40:46,610	INFO	Total steps: 16063537	Episode: 14060/990	Avg reward: 6.50	Avg steps: 916
2020-07-13 20:49:31,483	INFO	Total steps: 16081468	Episode: 14080/792	Avg reward: 6.25	Avg steps: 895
2020-07-13 20:58:19,531	INFO	Total steps: 16099652	Episode: 14100/855	Avg reward: 8.15	Avg steps: 908
2020-07-13 21:07:27,630	INFO	Total steps: 16118387	Episode: 14120/831	Avg reward: 7.00	Avg steps: 935
2020-07-13 21:16:00,380	INFO	Total steps: 16135969	Episode: 14140/815	Avg reward: 7.15	Avg steps: 878
2020-07-13 21:24:30,827	INFO	Total steps: 16153366	Episode: 14160/972	Avg reward: 8.60	Avg steps: 868
2020-07-13 21:32:57,431	INFO	Total steps: 16170682	Episode: 14180/719	Avg reward: 8.05	Avg steps: 864
2020-07-13 21:41:58,815	INFO	Total steps: 16189310	Episode: 14200/1025	Avg reward: 9.30	Avg steps: 930
2020-07-13 21:50:40,857	INFO	Total steps: 16207265	Episode: 14220/800	Avg reward: 8.45	Avg steps: 896
2020-07-13 22:00:11,322	INFO	Total steps: 16226814	Episode: 14240/902	Avg reward: 8.15	Avg steps: 976
2020-07-13 22:09:58,839	INFO	Total steps: 16246973	Episode: 14260/790	Avg reward: 8.60	Avg steps: 1006
2020-07-13 22:18:36,638	INFO	Total steps: 16264692	Episode: 14280/715	Avg reward: 9.40	Avg steps: 884
2020-07-13 22:27:26,359	INFO	Total steps: 16282850	Episode: 14300/695	Avg reward: 9.00	Avg steps: 906
2020-07-13 22:36:33,212	INFO	Total steps: 16301391	Episode: 14320/846	Avg reward: 7.40	Avg steps: 926
2020-07-13 22:45:44,630	INFO	Total steps: 16320207	Episode: 14340/787	Avg reward: 6.80	Avg steps: 939
2020-07-13 22:54:24,655	INFO	Total steps: 16337935	Episode: 14360/913	Avg reward: 8.05	Avg steps: 885
2020-07-13 23:02:56,061	INFO	Total steps: 16355408	Episode: 14380/921	Avg reward: 8.00	Avg steps: 872
2020-07-13 23:11:15,324	INFO	Total steps: 16372483	Episode: 14400/700	Avg reward: 8.60	Avg steps: 852
2020-07-13 23:19:30,014	INFO	Total steps: 16389452	Episode: 14420/944	Avg reward: 9.45	Avg steps: 847
2020-07-13 23:28:35,436	INFO	Total steps: 16408077	Episode: 14440/684	Avg reward: 6.50	Avg steps: 930
2020-07-13 23:37:17,932	INFO	Total steps: 16426071	Episode: 14460/816	Avg reward: 7.15	Avg steps: 898
2020-07-13 23:45:38,164	INFO	Total steps: 16443197	Episode: 14480/668	Avg reward: 9.00	Avg steps: 855
2020-07-13 23:53:48,798	INFO	Total steps: 16459945	Episode: 14500/926	Avg reward: 9.35	Avg steps: 836
2020-07-14 00:02:33,726	INFO	Total steps: 16477939	Episode: 14520/959	Avg reward: 9.20	Avg steps: 898
2020-07-14 00:12:02,093	INFO	Total steps: 16497397	Episode: 14540/1227	Avg reward: 7.70	Avg steps: 971
2020-07-14 00:21:16,588	INFO	Total steps: 16516378	Episode: 14560/890	Avg reward: 8.85	Avg steps: 948
2020-07-14 00:31:01,798	INFO	Total steps: 16536450	Episode: 14580/1152	Avg reward: 8.95	Avg steps: 1002
2020-07-14 00:40:22,996	INFO	Total steps: 16555697	Episode: 14600/1517	Avg reward: 9.80	Avg steps: 961
2020-07-14 00:49:50,971	INFO	Total steps: 16575171	Episode: 14620/791	Avg reward: 9.40	Avg steps: 972
2020-07-14 00:59:04,708	INFO	Total steps: 16594170	Episode: 14640/733	Avg reward: 7.95	Avg steps: 948
2020-07-14 01:07:41,084	INFO	Total steps: 16612281	Episode: 14660/902	Avg reward: 8.85	Avg steps: 904
2020-07-14 01:16:19,309	INFO	Total steps: 16630818	Episode: 14680/954	Avg reward: 7.50	Avg steps: 925
2020-07-14 01:25:40,241	INFO	Total steps: 16650740	Episode: 14700/1437	Avg reward: 6.45	Avg steps: 995
2020-07-14 01:34:04,347	INFO	Total steps: 16668753	Episode: 14720/699	Avg reward: 7.10	Avg steps: 899
2020-07-14 01:42:53,888	INFO	Total steps: 16687589	Episode: 14740/1032	Avg reward: 7.80	Avg steps: 940
2020-07-14 01:50:45,820	INFO	Total steps: 16704249	Episode: 14760/733	Avg reward: 9.35	Avg steps: 832
2020-07-14 01:59:25,739	INFO	Total steps: 16722518	Episode: 14780/667	Avg reward: 7.15	Avg steps: 912
2020-07-14 02:08:07,684	INFO	Total steps: 16740976	Episode: 14800/815	Avg reward: 7.95	Avg steps: 921
2020-07-14 02:16:40,884	INFO	Total steps: 16759108	Episode: 14820/661	Avg reward: 8.35	Avg steps: 905
2020-07-14 02:25:53,910	INFO	Total steps: 16778600	Episode: 14840/947	Avg reward: 9.45	Avg steps: 973
2020-07-14 02:34:09,756	INFO	Total steps: 16796105	Episode: 14860/886	Avg reward: 10.55	Avg steps: 874
2020-07-14 02:42:18,268	INFO	Total steps: 16813369	Episode: 14880/590	Avg reward: 9.50	Avg steps: 862
2020-07-14 02:51:30,933	INFO	Total steps: 16832926	Episode: 14900/1329	Avg reward: 8.90	Avg steps: 976
2020-07-14 03:02:06,811	INFO	Total steps: 16855540	Episode: 14920/1181	Avg reward: 9.15	Avg steps: 1129
2020-07-14 03:11:56,477	INFO	Total steps: 16876434	Episode: 14940/694	Avg reward: 10.45	Avg steps: 1043
2020-07-14 03:21:24,056	INFO	Total steps: 16896713	Episode: 14960/1324	Avg reward: 8.45	Avg steps: 1012
2020-07-14 03:30:04,681	INFO	Total steps: 16915478	Episode: 14980/671	Avg reward: 9.10	Avg steps: 937
2020-07-14 03:38:42,034	INFO	Total steps: 16933789	Episode: 15000/631	Avg reward: 10.65	Avg steps: 914
2020-07-14 03:48:11,180	INFO	Total steps: 16953968	Episode: 15020/848	Avg reward: 8.75	Avg steps: 1007
2020-07-14 03:56:44,631	INFO	Total steps: 16972148	Episode: 15040/880	Avg reward: 9.75	Avg steps: 908
2020-07-14 04:05:20,794	INFO	Total steps: 16990528	Episode: 15060/718	Avg reward: 11.10	Avg steps: 918
2020-07-14 04:14:31,182	INFO	Total steps: 17010092	Episode: 15080/646	Avg reward: 11.00	Avg steps: 977
2020-07-14 04:24:05,358	INFO	Total steps: 17030436	Episode: 15100/1283	Avg reward: 9.45	Avg steps: 1016
2020-07-14 04:34:02,921	INFO	Total steps: 17051566	Episode: 15120/1666	Avg reward: 11.45	Avg steps: 1055
2020-07-14 04:43:08,630	INFO	Total steps: 17070963	Episode: 15140/1018	Avg reward: 11.00	Avg steps: 968
2020-07-14 04:52:24,553	INFO	Total steps: 17090667	Episode: 15160/1254	Avg reward: 10.40	Avg steps: 984
2020-07-14 05:01:47,132	INFO	Total steps: 17110630	Episode: 15180/1294	Avg reward: 11.80	Avg steps: 997
2020-07-14 05:11:13,802	INFO	Total steps: 17130719	Episode: 15200/953	Avg reward: 10.30	Avg steps: 1003
2020-07-14 05:20:49,758	INFO	Total steps: 17151326	Episode: 15220/1088	Avg reward: 10.75	Avg steps: 1029
2020-07-14 05:30:23,037	INFO	Total steps: 17171889	Episode: 15240/907	Avg reward: 10.75	Avg steps: 1027
2020-07-14 05:38:52,410	INFO	Total steps: 17190034	Episode: 15260/702	Avg reward: 10.85	Avg steps: 906
2020-07-14 05:48:56,071	INFO	Total steps: 17211523	Episode: 15280/997	Avg reward: 8.05	Avg steps: 1073
2020-07-14 05:58:16,140	INFO	Total steps: 17231371	Episode: 15300/890	Avg reward: 9.70	Avg steps: 991
2020-07-14 06:07:27,115	INFO	Total steps: 17251259	Episode: 15320/839	Avg reward: 9.10	Avg steps: 993
2020-07-14 06:16:19,231	INFO	Total steps: 17270532	Episode: 15340/859	Avg reward: 8.25	Avg steps: 962
2020-07-14 06:25:14,696	INFO	Total steps: 17289943	Episode: 15360/1009	Avg reward: 7.55	Avg steps: 969
2020-07-14 06:34:02,333	INFO	Total steps: 17309039	Episode: 15380/1096	Avg reward: 9.05	Avg steps: 953
2020-07-14 06:42:47,594	INFO	Total steps: 17328115	Episode: 15400/1092	Avg reward: 8.30	Avg steps: 952
2020-07-14 06:51:03,391	INFO	Total steps: 17346140	Episode: 15420/994	Avg reward: 8.65	Avg steps: 900
2020-07-14 06:58:43,674	INFO	Total steps: 17363086	Episode: 15440/755	Avg reward: 8.55	Avg steps: 846
2020-07-14 07:06:54,760	INFO	Total steps: 17381161	Episode: 15460/1002	Avg reward: 8.25	Avg steps: 902
2020-07-14 07:15:18,905	INFO	Total steps: 17399702	Episode: 15480/902	Avg reward: 8.70	Avg steps: 926
2020-07-14 07:23:15,256	INFO	Total steps: 17417291	Episode: 15500/747	Avg reward: 10.05	Avg steps: 878
2020-07-14 07:31:24,525	INFO	Total steps: 17435280	Episode: 15520/888	Avg reward: 7.65	Avg steps: 898
2020-07-14 07:40:12,191	INFO	Total steps: 17454798	Episode: 15540/756	Avg reward: 7.40	Avg steps: 974
2020-07-14 07:48:38,541	INFO	Total steps: 17473518	Episode: 15560/932	Avg reward: 9.05	Avg steps: 935
2020-07-14 07:57:16,754	INFO	Total steps: 17492615	Episode: 15580/1335	Avg reward: 7.90	Avg steps: 953
2020-07-14 08:06:46,472	INFO	Total steps: 17513582	Episode: 15600/1026	Avg reward: 7.00	Avg steps: 1047
2020-07-14 08:15:07,227	INFO	Total steps: 17532039	Episode: 15620/989	Avg reward: 9.65	Avg steps: 921
2020-07-14 08:23:45,808	INFO	Total steps: 17551426	Episode: 15640/1032	Avg reward: 8.75	Avg steps: 968
2020-07-14 08:32:14,287	INFO	Total steps: 17570648	Episode: 15660/853	Avg reward: 7.70	Avg steps: 960
2020-07-14 08:39:52,971	INFO	Total steps: 17587652	Episode: 15680/774	Avg reward: 9.90	Avg steps: 849
2020-07-14 08:47:52,433	INFO	Total steps: 17605460	Episode: 15700/1057	Avg reward: 8.80	Avg steps: 889
2020-07-14 08:55:49,689	INFO	Total steps: 17623260	Episode: 15720/602	Avg reward: 6.45	Avg steps: 889
2020-07-14 09:03:33,307	INFO	Total steps: 17640347	Episode: 15740/975	Avg reward: 7.40	Avg steps: 853
2020-07-14 09:11:41,727	INFO	Total steps: 17658362	Episode: 15760/742	Avg reward: 6.90	Avg steps: 899
2020-07-14 09:20:13,952	INFO	Total steps: 17677166	Episode: 15780/973	Avg reward: 6.95	Avg steps: 939
2020-07-14 09:28:41,072	INFO	Total steps: 17695743	Episode: 15800/829	Avg reward: 5.15	Avg steps: 927
2020-07-14 09:36:56,370	INFO	Total steps: 17714747	Episode: 15820/1454	Avg reward: 7.65	Avg steps: 949
2020-07-14 09:45:11,369	INFO	Total steps: 17733659	Episode: 15840/568	Avg reward: 7.50	Avg steps: 944
2020-07-14 09:53:32,099	INFO	Total steps: 17752870	Episode: 15860/908	Avg reward: 8.60	Avg steps: 959
2020-07-14 10:01:55,269	INFO	Total steps: 17772127	Episode: 15880/961	Avg reward: 7.10	Avg steps: 961
2020-07-14 10:10:03,472	INFO	Total steps: 17790813	Episode: 15900/731	Avg reward: 7.65	Avg steps: 933
2020-07-14 10:17:54,775	INFO	Total steps: 17808850	Episode: 15920/840	Avg reward: 8.35	Avg steps: 900
2020-07-14 10:25:55,771	INFO	Total steps: 17827342	Episode: 15940/847	Avg reward: 5.85	Avg steps: 923
2020-07-14 10:33:46,808	INFO	Total steps: 17845375	Episode: 15960/1307	Avg reward: 7.40	Avg steps: 900
2020-07-14 10:42:03,107	INFO	Total steps: 17864316	Episode: 15980/1040	Avg reward: 8.00	Avg steps: 946
2020-07-14 10:50:11,908	INFO	Total steps: 17882948	Episode: 16000/911	Avg reward: 8.05	Avg steps: 930
