2020-07-14 20:49:20,861	INFO	--width 160 --height 160 --ball 1.0 --ball-size 2.0 --snell 1.6 --snell-width 80.0 --snell-change 0.0 --snell-visible none --paddle-speed 1.0 --paddle-angle 50.0 --paddle-length 20.0 --update-prob 0.5 --state binary --learning-rate 0.0001 --network dqn_pong_model --render False --epsdecay 1000 --episodes 4000 --replay 10000 --checkpoint dqn_pong_model --history history.p --store-dir ../experiments/paddle_angle.50.0-update_prob.0.5-snell.1.6 
2020-07-14 20:49:20,861	INFO	Device: cuda
2020-07-14 20:50:42,453	INFO	Total steps: 10690	Episode: 20/548	Avg reward: -19.85	Avg steps: 533
2020-07-14 20:56:02,366	INFO	Total steps: 22539	Episode: 40/538	Avg reward: -19.25	Avg steps: 591
2020-07-14 21:02:19,025	INFO	Total steps: 35977	Episode: 60/590	Avg reward: -19.40	Avg steps: 670
2020-07-14 21:08:05,745	INFO	Total steps: 48901	Episode: 80/849	Avg reward: -19.05	Avg steps: 645
2020-07-14 21:14:02,318	INFO	Total steps: 62119	Episode: 100/835	Avg reward: -19.05	Avg steps: 659
2020-07-14 21:19:54,795	INFO	Total steps: 75191	Episode: 120/423	Avg reward: -19.15	Avg steps: 652
2020-07-14 21:25:43,314	INFO	Total steps: 88307	Episode: 140/828	Avg reward: -19.10	Avg steps: 654
2020-07-14 21:31:52,581	INFO	Total steps: 102007	Episode: 160/476	Avg reward: -18.80	Avg steps: 684
2020-07-14 21:38:42,711	INFO	Total steps: 116154	Episode: 180/913	Avg reward: -18.30	Avg steps: 706
2020-07-14 21:45:35,575	INFO	Total steps: 130368	Episode: 200/764	Avg reward: -18.60	Avg steps: 709
2020-07-14 21:53:19,196	INFO	Total steps: 146161	Episode: 220/724	Avg reward: -19.15	Avg steps: 788
2020-07-14 22:00:59,101	INFO	Total steps: 161933	Episode: 240/778	Avg reward: -18.45	Avg steps: 787
2020-07-14 22:08:21,404	INFO	Total steps: 177023	Episode: 260/673	Avg reward: -19.05	Avg steps: 753
2020-07-14 22:15:21,695	INFO	Total steps: 191904	Episode: 280/852	Avg reward: -18.80	Avg steps: 743
2020-07-14 22:22:48,828	INFO	Total steps: 208802	Episode: 300/1015	Avg reward: -18.50	Avg steps: 843
2020-07-14 22:29:42,205	INFO	Total steps: 224710	Episode: 320/585	Avg reward: -18.50	Avg steps: 794
2020-07-14 22:37:14,947	INFO	Total steps: 242113	Episode: 340/847	Avg reward: -18.05	Avg steps: 869
2020-07-14 22:44:06,635	INFO	Total steps: 257928	Episode: 360/920	Avg reward: -17.95	Avg steps: 789
2020-07-14 22:51:26,876	INFO	Total steps: 274784	Episode: 380/546	Avg reward: -18.70	Avg steps: 841
2020-07-14 22:59:20,026	INFO	Total steps: 292052	Episode: 400/799	Avg reward: -17.65	Avg steps: 862
2020-07-14 23:08:58,213	INFO	Total steps: 311240	Episode: 420/1053	Avg reward: -17.50	Avg steps: 958
2020-07-14 23:18:17,240	INFO	Total steps: 329978	Episode: 440/1478	Avg reward: -16.95	Avg steps: 935
2020-07-14 23:27:18,669	INFO	Total steps: 348358	Episode: 460/996	Avg reward: -17.20	Avg steps: 918
2020-07-14 23:38:27,667	INFO	Total steps: 370661	Episode: 480/948	Avg reward: -16.25	Avg steps: 1114
2020-07-14 23:50:36,518	INFO	Total steps: 395115	Episode: 500/948	Avg reward: -15.50	Avg steps: 1221
2020-07-15 00:00:46,646	INFO	Total steps: 415822	Episode: 520/1183	Avg reward: -15.80	Avg steps: 1034
2020-07-15 00:09:57,263	INFO	Total steps: 434383	Episode: 540/1276	Avg reward: -16.50	Avg steps: 927
2020-07-15 00:20:23,117	INFO	Total steps: 455422	Episode: 560/1448	Avg reward: -15.55	Avg steps: 1050
2020-07-15 00:32:16,858	INFO	Total steps: 479512	Episode: 580/1405	Avg reward: -14.85	Avg steps: 1203
2020-07-15 00:45:08,507	INFO	Total steps: 505642	Episode: 600/2184	Avg reward: -14.40	Avg steps: 1305
2020-07-15 00:59:02,893	INFO	Total steps: 533599	Episode: 620/1604	Avg reward: -14.60	Avg steps: 1396
2020-07-15 01:13:28,637	INFO	Total steps: 562468	Episode: 640/1369	Avg reward: -13.20	Avg steps: 1442
2020-07-15 01:28:14,449	INFO	Total steps: 592004	Episode: 660/1464	Avg reward: -14.30	Avg steps: 1475
2020-07-15 01:43:04,269	INFO	Total steps: 621424	Episode: 680/1596	Avg reward: -12.55	Avg steps: 1470
2020-07-15 01:57:10,508	INFO	Total steps: 649633	Episode: 700/1634	Avg reward: -13.75	Avg steps: 1409
2020-07-15 02:10:20,218	INFO	Total steps: 675837	Episode: 720/1498	Avg reward: -13.10	Avg steps: 1309
2020-07-15 02:25:46,213	INFO	Total steps: 706758	Episode: 740/1109	Avg reward: -11.25	Avg steps: 1545
2020-07-15 02:40:26,700	INFO	Total steps: 736265	Episode: 760/1105	Avg reward: -11.85	Avg steps: 1474
2020-07-15 02:54:27,309	INFO	Total steps: 764218	Episode: 780/1243	Avg reward: -12.70	Avg steps: 1396
2020-07-15 03:09:57,938	INFO	Total steps: 795283	Episode: 800/1211	Avg reward: -11.20	Avg steps: 1552
2020-07-15 03:26:24,422	INFO	Total steps: 827775	Episode: 820/1983	Avg reward: -11.60	Avg steps: 1623
2020-07-15 03:44:38,957	INFO	Total steps: 864171	Episode: 840/2702	Avg reward: -9.80	Avg steps: 1818
2020-07-15 04:02:20,053	INFO	Total steps: 899342	Episode: 860/1565	Avg reward: -10.65	Avg steps: 1757
2020-07-15 04:19:16,516	INFO	Total steps: 935203	Episode: 880/2800	Avg reward: -9.75	Avg steps: 1792
2020-07-15 04:38:27,441	INFO	Total steps: 976240	Episode: 900/1227	Avg reward: -9.20	Avg steps: 2050
2020-07-15 04:58:34,803	INFO	Total steps: 1017785	Episode: 920/2392	Avg reward: -6.55	Avg steps: 2076
2020-07-15 05:16:06,512	INFO	Total steps: 1052712	Episode: 940/1971	Avg reward: -8.45	Avg steps: 1745
2020-07-15 05:32:09,001	INFO	Total steps: 1084981	Episode: 960/1866	Avg reward: -9.35	Avg steps: 1612
2020-07-15 05:52:32,578	INFO	Total steps: 1125497	Episode: 980/1767	Avg reward: -5.00	Avg steps: 2024
2020-07-15 06:11:24,119	INFO	Total steps: 1163107	Episode: 1000/2354	Avg reward: -7.80	Avg steps: 1879
2020-07-15 06:32:02,169	INFO	Total steps: 1204779	Episode: 1020/2351	Avg reward: -4.40	Avg steps: 2082
2020-07-15 06:52:53,556	INFO	Total steps: 1246302	Episode: 1040/2339	Avg reward: -2.80	Avg steps: 2075
2020-07-15 07:13:18,737	INFO	Total steps: 1286926	Episode: 1060/1820	Avg reward: -4.80	Avg steps: 2030
2020-07-15 07:33:40,269	INFO	Total steps: 1327872	Episode: 1080/1865	Avg reward: -4.05	Avg steps: 2046
2020-07-15 07:54:02,753	INFO	Total steps: 1368653	Episode: 1100/1439	Avg reward: -3.50	Avg steps: 2038
2020-07-15 08:16:41,310	INFO	Total steps: 1413847	Episode: 1120/1850	Avg reward: -2.05	Avg steps: 2258
2020-07-15 08:39:10,940	INFO	Total steps: 1458705	Episode: 1140/2742	Avg reward: -0.85	Avg steps: 2241
2020-07-15 09:02:15,001	INFO	Total steps: 1504627	Episode: 1160/2095	Avg reward: 1.15	Avg steps: 2295
2020-07-15 09:24:06,624	INFO	Total steps: 1547871	Episode: 1180/1656	Avg reward: 0.75	Avg steps: 2161
2020-07-15 09:48:06,269	INFO	Total steps: 1595308	Episode: 1200/2778	Avg reward: 3.05	Avg steps: 2370
2020-07-15 10:11:09,410	INFO	Total steps: 1640854	Episode: 1220/1915	Avg reward: -0.10	Avg steps: 2276
2020-07-15 10:31:41,024	INFO	Total steps: 1681444	Episode: 1240/1842	Avg reward: -0.60	Avg steps: 2028
2020-07-15 10:54:39,695	INFO	Total steps: 1727062	Episode: 1260/1986	Avg reward: 2.45	Avg steps: 2279
2020-07-15 11:16:21,946	INFO	Total steps: 1770232	Episode: 1280/1792	Avg reward: 1.55	Avg steps: 2157
2020-07-15 11:37:51,080	INFO	Total steps: 1814090	Episode: 1300/2715	Avg reward: 1.20	Avg steps: 2191
2020-07-15 11:59:37,946	INFO	Total steps: 1857683	Episode: 1320/1989	Avg reward: 3.05	Avg steps: 2178
2020-07-15 12:22:31,825	INFO	Total steps: 1902702	Episode: 1340/2159	Avg reward: 5.20	Avg steps: 2249
2020-07-15 12:45:51,648	INFO	Total steps: 1948916	Episode: 1360/2549	Avg reward: 4.15	Avg steps: 2309
2020-07-15 13:09:09,123	INFO	Total steps: 1995810	Episode: 1380/2247	Avg reward: 4.50	Avg steps: 2343
2020-07-15 13:30:36,925	INFO	Total steps: 2038697	Episode: 1400/2227	Avg reward: 4.15	Avg steps: 2143
2020-07-15 13:51:34,956	INFO	Total steps: 2080684	Episode: 1420/2046	Avg reward: 5.55	Avg steps: 2098
2020-07-15 14:12:38,095	INFO	Total steps: 2122907	Episode: 1440/2914	Avg reward: 7.55	Avg steps: 2110
2020-07-15 14:35:23,738	INFO	Total steps: 2168161	Episode: 1460/2131	Avg reward: 6.55	Avg steps: 2261
2020-07-15 14:56:07,415	INFO	Total steps: 2209430	Episode: 1480/2409	Avg reward: 9.25	Avg steps: 2062
2020-07-15 15:18:55,602	INFO	Total steps: 2254851	Episode: 1500/2540	Avg reward: 7.85	Avg steps: 2270
2020-07-15 15:42:42,665	INFO	Total steps: 2302359	Episode: 1520/2000	Avg reward: 7.10	Avg steps: 2374
2020-07-15 16:04:59,904	INFO	Total steps: 2347152	Episode: 1540/2644	Avg reward: 7.75	Avg steps: 2238
2020-07-15 16:26:03,389	INFO	Total steps: 2389279	Episode: 1560/2195	Avg reward: 8.60	Avg steps: 2105
2020-07-15 16:48:55,291	INFO	Total steps: 2434713	Episode: 1580/2263	Avg reward: 9.30	Avg steps: 2270
2020-07-15 17:10:14,329	INFO	Total steps: 2476994	Episode: 1600/1657	Avg reward: 8.60	Avg steps: 2113
2020-07-15 17:32:34,410	INFO	Total steps: 2521501	Episode: 1620/1976	Avg reward: 7.75	Avg steps: 2224
2020-07-15 17:53:57,786	INFO	Total steps: 2564279	Episode: 1640/2296	Avg reward: 7.05	Avg steps: 2137
2020-07-15 18:11:45,803	INFO	--width 160 --height 160 --ball 1.0 --ball-size 2.0 --snell 1.6 --snell-width 80.0 --snell-change 0.0 --snell-visible none --paddle-speed 1.0 --paddle-angle 50.0 --paddle-length 20.0 --update-prob 0.5 --state binary --learning-rate 0.0001 --network dqn_pong_model --render False --epsdecay 1000 --episodes 4000 --replay 10000 --checkpoint dqn_pong_model --history history.p --store-dir ../experiments/paddle_angle.50.0-update_prob.0.5-snell.1.6 
2020-07-15 18:11:45,862	INFO	Device: cuda
2020-07-15 18:13:40,526	INFO	Total steps: 11677	Episode: 20/614	Avg reward: -19.45	Avg steps: 582
2020-07-15 18:19:57,278	INFO	Total steps: 23013	Episode: 40/545	Avg reward: -19.50	Avg steps: 565
2020-07-15 18:27:22,932	INFO	Total steps: 36355	Episode: 60/816	Avg reward: -18.95	Avg steps: 666
2020-07-15 18:35:19,727	INFO	Total steps: 50617	Episode: 80/601	Avg reward: -18.55	Avg steps: 712
2020-07-15 18:42:10,548	INFO	Total steps: 62951	Episode: 100/479	Avg reward: -19.10	Avg steps: 615
2020-07-15 18:48:33,622	INFO	Total steps: 74456	Episode: 120/462	Avg reward: -18.95	Avg steps: 574
2020-07-15 18:54:57,184	INFO	Total steps: 85964	Episode: 140/407	Avg reward: -19.40	Avg steps: 574
2020-07-15 19:01:57,401	INFO	Total steps: 98886	Episode: 160/834	Avg reward: -18.70	Avg steps: 645
2020-07-15 19:07:41,294	INFO	Total steps: 111605	Episode: 180/664	Avg reward: -19.15	Avg steps: 634
2020-07-15 19:13:37,014	INFO	Total steps: 124748	Episode: 200/486	Avg reward: -18.90	Avg steps: 656
2020-07-15 19:20:20,310	INFO	Total steps: 139635	Episode: 220/837	Avg reward: -18.75	Avg steps: 743
2020-07-15 19:27:13,814	INFO	Total steps: 154977	Episode: 240/657	Avg reward: -18.70	Avg steps: 766
2020-07-15 19:34:17,796	INFO	Total steps: 170736	Episode: 260/1070	Avg reward: -18.25	Avg steps: 786
2020-07-15 19:41:51,441	INFO	Total steps: 187542	Episode: 280/905	Avg reward: -18.50	Avg steps: 839
2020-07-15 19:49:06,898	INFO	Total steps: 203586	Episode: 300/829	Avg reward: -17.90	Avg steps: 801
2020-07-15 19:56:10,179	INFO	Total steps: 219271	Episode: 320/1210	Avg reward: -18.65	Avg steps: 783
2020-07-15 20:03:53,541	INFO	Total steps: 236475	Episode: 340/783	Avg reward: -18.50	Avg steps: 859
2020-07-15 20:10:32,335	INFO	Total steps: 251271	Episode: 360/671	Avg reward: -18.40	Avg steps: 738
2020-07-15 20:19:18,204	INFO	Total steps: 270825	Episode: 380/836	Avg reward: -16.90	Avg steps: 976
2020-07-15 20:27:08,755	INFO	Total steps: 288198	Episode: 400/652	Avg reward: -17.35	Avg steps: 867
2020-07-15 20:35:17,302	INFO	Total steps: 306178	Episode: 420/677	Avg reward: -17.75	Avg steps: 898
2020-07-15 20:43:24,781	INFO	Total steps: 324352	Episode: 440/987	Avg reward: -17.70	Avg steps: 907
2020-07-15 20:51:51,416	INFO	Total steps: 342974	Episode: 460/1155	Avg reward: -16.35	Avg steps: 930
2020-07-15 21:00:39,395	INFO	Total steps: 362484	Episode: 480/668	Avg reward: -16.60	Avg steps: 974
2020-07-15 21:10:00,260	INFO	Total steps: 383278	Episode: 500/1308	Avg reward: -16.35	Avg steps: 1038
2020-07-15 21:17:47,293	INFO	Total steps: 400713	Episode: 520/713	Avg reward: -16.50	Avg steps: 870
2020-07-15 21:26:49,492	INFO	Total steps: 420777	Episode: 540/1298	Avg reward: -16.45	Avg steps: 1002
2020-07-15 21:37:13,307	INFO	Total steps: 443822	Episode: 560/1115	Avg reward: -15.60	Avg steps: 1151
2020-07-15 21:46:33,609	INFO	Total steps: 464582	Episode: 580/725	Avg reward: -16.45	Avg steps: 1037
2020-07-15 21:56:29,826	INFO	Total steps: 486610	Episode: 600/891	Avg reward: -16.15	Avg steps: 1100
2020-07-15 22:06:00,466	INFO	Total steps: 507767	Episode: 620/948	Avg reward: -15.80	Avg steps: 1056
2020-07-15 22:16:41,315	INFO	Total steps: 531210	Episode: 640/997	Avg reward: -14.25	Avg steps: 1171
2020-07-15 22:27:19,331	INFO	Total steps: 554651	Episode: 660/1163	Avg reward: -14.95	Avg steps: 1171
2020-07-15 22:39:22,146	INFO	Total steps: 581323	Episode: 680/1089	Avg reward: -14.05	Avg steps: 1332
2020-07-15 22:50:58,921	INFO	Total steps: 607162	Episode: 700/1426	Avg reward: -14.50	Avg steps: 1290
2020-07-15 23:02:51,891	INFO	Total steps: 633464	Episode: 720/1564	Avg reward: -13.65	Avg steps: 1314
2020-07-15 23:15:13,098	INFO	Total steps: 660922	Episode: 740/1198	Avg reward: -13.65	Avg steps: 1371
2020-07-15 23:26:56,299	INFO	Total steps: 686931	Episode: 760/1188	Avg reward: -13.75	Avg steps: 1299
2020-07-15 23:40:47,017	INFO	Total steps: 717708	Episode: 780/1828	Avg reward: -11.40	Avg steps: 1537
2020-07-15 23:54:11,208	INFO	Total steps: 747496	Episode: 800/1528	Avg reward: -12.40	Avg steps: 1488
2020-07-16 00:09:52,319	INFO	Total steps: 782111	Episode: 820/1259	Avg reward: -11.55	Avg steps: 1729
2020-07-16 00:23:32,108	INFO	Total steps: 812304	Episode: 840/1924	Avg reward: -11.40	Avg steps: 1508
2020-07-16 00:39:49,214	INFO	Total steps: 848385	Episode: 860/1803	Avg reward: -8.35	Avg steps: 1803
2020-07-16 00:56:57,688	INFO	Total steps: 886256	Episode: 880/2873	Avg reward: -6.85	Avg steps: 1892
2020-07-16 01:12:44,612	INFO	Total steps: 921009	Episode: 900/1570	Avg reward: -10.65	Avg steps: 1736
2020-07-16 01:29:24,259	INFO	Total steps: 957840	Episode: 920/2503	Avg reward: -9.15	Avg steps: 1840
2020-07-16 01:46:16,801	INFO	Total steps: 995160	Episode: 940/2180	Avg reward: -7.20	Avg steps: 1865
2020-07-16 02:04:01,460	INFO	Total steps: 1034040	Episode: 960/2780	Avg reward: -7.80	Avg steps: 1943
2020-07-16 02:21:51,248	INFO	Total steps: 1073182	Episode: 980/1346	Avg reward: -8.30	Avg steps: 1956
2020-07-16 02:39:36,407	INFO	Total steps: 1112461	Episode: 1000/2259	Avg reward: -4.75	Avg steps: 1962
2020-07-16 02:57:31,258	INFO	Total steps: 1151973	Episode: 1020/2571	Avg reward: -7.45	Avg steps: 1974
2020-07-16 03:16:18,954	INFO	Total steps: 1193613	Episode: 1040/2392	Avg reward: -3.05	Avg steps: 2081
2020-07-16 03:36:32,403	INFO	Total steps: 1237870	Episode: 1060/2794	Avg reward: -5.45	Avg steps: 2211
2020-07-16 03:56:21,991	INFO	Total steps: 1281144	Episode: 1080/2059	Avg reward: -2.90	Avg steps: 2162
2020-07-16 04:16:29,037	INFO	Total steps: 1325390	Episode: 1100/1833	Avg reward: -3.40	Avg steps: 2211
2020-07-16 04:35:01,368	INFO	Total steps: 1366265	Episode: 1120/2325	Avg reward: -2.55	Avg steps: 2042
2020-07-16 04:56:02,346	INFO	Total steps: 1412574	Episode: 1140/1513	Avg reward: -1.65	Avg steps: 2314
2020-07-16 05:17:13,955	INFO	Total steps: 1459155	Episode: 1160/2317	Avg reward: 1.35	Avg steps: 2328
2020-07-16 05:38:30,801	INFO	Total steps: 1505599	Episode: 1180/2595	Avg reward: -0.35	Avg steps: 2321
2020-07-16 05:59:38,996	INFO	Total steps: 1551902	Episode: 1200/2272	Avg reward: 1.75	Avg steps: 2314
2020-07-16 06:20:55,550	INFO	Total steps: 1598886	Episode: 1220/2332	Avg reward: 1.25	Avg steps: 2348
2020-07-16 06:43:12,217	INFO	Total steps: 1647014	Episode: 1240/2287	Avg reward: 0.05	Avg steps: 2405
2020-07-16 07:05:12,044	INFO	Total steps: 1694748	Episode: 1260/2194	Avg reward: 1.40	Avg steps: 2385
2020-07-16 07:26:45,115	INFO	Total steps: 1741614	Episode: 1280/1542	Avg reward: 1.45	Avg steps: 2342
2020-07-16 07:48:55,542	INFO	Total steps: 1789751	Episode: 1300/2773	Avg reward: 3.90	Avg steps: 2405
2020-07-16 08:10:25,234	INFO	Total steps: 1836555	Episode: 1320/1782	Avg reward: 4.15	Avg steps: 2339
2020-07-16 08:31:19,580	INFO	Total steps: 1882426	Episode: 1340/2521	Avg reward: 4.85	Avg steps: 2292
2020-07-16 08:52:01,554	INFO	Total steps: 1927441	Episode: 1360/2531	Avg reward: 7.05	Avg steps: 2249
2020-07-16 09:13:50,648	INFO	Total steps: 1974970	Episode: 1380/2109	Avg reward: 4.75	Avg steps: 2375
2020-07-16 09:37:06,750	INFO	Total steps: 2025916	Episode: 1400/2679	Avg reward: 4.80	Avg steps: 2546
2020-07-16 09:57:20,051	INFO	Total steps: 2069976	Episode: 1420/2087	Avg reward: 8.75	Avg steps: 2202
2020-07-16 10:19:05,001	INFO	Total steps: 2117501	Episode: 1440/2913	Avg reward: 5.60	Avg steps: 2375
2020-07-16 10:39:50,035	INFO	Total steps: 2162572	Episode: 1460/2271	Avg reward: 6.70	Avg steps: 2252
2020-07-16 11:01:04,553	INFO	Total steps: 2208875	Episode: 1480/2317	Avg reward: 7.25	Avg steps: 2314
2020-07-16 11:21:55,839	INFO	Total steps: 2254406	Episode: 1500/1938	Avg reward: 6.85	Avg steps: 2275
2020-07-16 11:42:36,276	INFO	Total steps: 2299447	Episode: 1520/1845	Avg reward: 9.05	Avg steps: 2251
2020-07-16 12:03:58,947	INFO	Total steps: 2345892	Episode: 1540/2424	Avg reward: 6.85	Avg steps: 2321
2020-07-16 12:24:54,079	INFO	Total steps: 2391016	Episode: 1560/2097	Avg reward: 8.80	Avg steps: 2255
2020-07-16 12:45:41,744	INFO	Total steps: 2435939	Episode: 1580/1986	Avg reward: 6.40	Avg steps: 2245
2020-07-16 13:05:01,891	INFO	Total steps: 2478473	Episode: 1600/2174	Avg reward: 9.45	Avg steps: 2125
2020-07-16 13:25:42,925	INFO	Total steps: 2523709	Episode: 1620/1942	Avg reward: 8.20	Avg steps: 2260
2020-07-16 13:46:52,904	INFO	Total steps: 2570163	Episode: 1640/2023	Avg reward: 7.60	Avg steps: 2321
2020-07-16 14:06:34,210	INFO	Total steps: 2613177	Episode: 1660/2838	Avg reward: 10.65	Avg steps: 2149
2020-07-16 14:26:49,094	INFO	Total steps: 2656990	Episode: 1680/2121	Avg reward: 10.05	Avg steps: 2189
2020-07-16 14:46:59,020	INFO	Total steps: 2700332	Episode: 1700/2973	Avg reward: 10.85	Avg steps: 2166
2020-07-16 15:07:16,688	INFO	Total steps: 2743646	Episode: 1720/2110	Avg reward: 10.20	Avg steps: 2164
2020-07-16 15:26:55,863	INFO	Total steps: 2786526	Episode: 1740/2169	Avg reward: 11.20	Avg steps: 2143
2020-07-16 15:46:10,901	INFO	Total steps: 2828394	Episode: 1760/1994	Avg reward: 11.35	Avg steps: 2092
2020-07-16 16:03:48,728	INFO	Total steps: 2866455	Episode: 1780/1762	Avg reward: 10.45	Avg steps: 1902
2020-07-16 16:20:50,120	INFO	Total steps: 2903217	Episode: 1800/1841	Avg reward: 12.45	Avg steps: 1837
2020-07-16 16:39:09,377	INFO	Total steps: 2942890	Episode: 1820/1875	Avg reward: 10.95	Avg steps: 1982
2020-07-16 16:56:28,530	INFO	Total steps: 2979937	Episode: 1840/2212	Avg reward: 12.60	Avg steps: 1851
2020-07-16 17:15:03,446	INFO	Total steps: 3020381	Episode: 1860/1717	Avg reward: 10.50	Avg steps: 2021
2020-07-16 17:34:33,832	INFO	Total steps: 3062665	Episode: 1880/1890	Avg reward: 10.10	Avg steps: 2113
2020-07-16 17:52:52,487	INFO	Total steps: 3101448	Episode: 1900/1881	Avg reward: 12.55	Avg steps: 1938
2020-07-16 18:12:37,313	INFO	Total steps: 3143327	Episode: 1920/1579	Avg reward: 11.30	Avg steps: 2092
2020-07-16 18:30:28,352	INFO	Total steps: 3181775	Episode: 1940/1470	Avg reward: 12.45	Avg steps: 1921
2020-07-16 18:48:48,197	INFO	Total steps: 3221238	Episode: 1960/2277	Avg reward: 11.45	Avg steps: 1972
2020-07-16 19:06:54,126	INFO	Total steps: 3259896	Episode: 1980/1593	Avg reward: 12.70	Avg steps: 1931
2020-07-16 19:26:04,159	INFO	Total steps: 3301424	Episode: 2000/2201	Avg reward: 11.80	Avg steps: 2075
2020-07-16 19:43:32,225	INFO	Total steps: 3339156	Episode: 2020/1538	Avg reward: 13.85	Avg steps: 1885
2020-07-16 20:02:53,318	INFO	Total steps: 3380903	Episode: 2040/1860	Avg reward: 11.95	Avg steps: 2086
2020-07-16 20:21:55,962	INFO	Total steps: 3421987	Episode: 2060/1920	Avg reward: 13.05	Avg steps: 2053
2020-07-16 20:39:38,410	INFO	Total steps: 3460269	Episode: 2080/2019	Avg reward: 14.70	Avg steps: 1913
2020-07-16 20:57:24,987	INFO	Total steps: 3498259	Episode: 2100/1790	Avg reward: 13.65	Avg steps: 1898
2020-07-16 21:15:22,612	INFO	Total steps: 3536948	Episode: 2120/1512	Avg reward: 13.45	Avg steps: 1933
2020-07-16 21:34:27,034	INFO	Total steps: 3577825	Episode: 2140/2356	Avg reward: 12.75	Avg steps: 2042
2020-07-16 21:51:55,086	INFO	Total steps: 3615276	Episode: 2160/1818	Avg reward: 14.65	Avg steps: 1871
2020-07-16 22:09:10,011	INFO	Total steps: 3652482	Episode: 2180/2143	Avg reward: 13.35	Avg steps: 1859
2020-07-16 22:26:44,774	INFO	Total steps: 3690383	Episode: 2200/2190	Avg reward: 14.80	Avg steps: 1894
2020-07-16 22:43:00,196	INFO	Total steps: 3725427	Episode: 2220/1585	Avg reward: 14.70	Avg steps: 1751
2020-07-16 23:00:32,191	INFO	Total steps: 3763283	Episode: 2240/1977	Avg reward: 14.75	Avg steps: 1891
2020-07-16 23:17:59,035	INFO	Total steps: 3801592	Episode: 2260/1618	Avg reward: 13.50	Avg steps: 1914
2020-07-16 23:35:20,414	INFO	Total steps: 3839416	Episode: 2280/1936	Avg reward: 14.20	Avg steps: 1890
2020-07-16 23:54:06,531	INFO	Total steps: 3880047	Episode: 2300/1989	Avg reward: 13.90	Avg steps: 2030
2020-07-17 00:11:07,074	INFO	Total steps: 3916737	Episode: 2320/2386	Avg reward: 15.60	Avg steps: 1833
2020-07-17 00:28:11,998	INFO	Total steps: 3953791	Episode: 2340/2171	Avg reward: 14.50	Avg steps: 1851
2020-07-17 00:46:01,001	INFO	Total steps: 3991618	Episode: 2360/1954	Avg reward: 13.80	Avg steps: 1890
2020-07-17 01:03:19,630	INFO	Total steps: 4029097	Episode: 2380/1989	Avg reward: 16.05	Avg steps: 1872
2020-07-17 01:20:36,862	INFO	Total steps: 4065556	Episode: 2400/2202	Avg reward: 14.95	Avg steps: 1821
2020-07-17 01:37:58,068	INFO	Total steps: 4102369	Episode: 2420/2246	Avg reward: 14.90	Avg steps: 1839
2020-07-17 01:56:19,940	INFO	Total steps: 4141119	Episode: 2440/1447	Avg reward: 14.85	Avg steps: 1936
2020-07-17 02:13:58,642	INFO	Total steps: 4178769	Episode: 2460/2210	Avg reward: 15.10	Avg steps: 1881
2020-07-17 02:30:56,670	INFO	Total steps: 4215288	Episode: 2480/1537	Avg reward: 15.55	Avg steps: 1824
2020-07-17 02:47:13,539	INFO	Total steps: 4250552	Episode: 2500/1947	Avg reward: 15.85	Avg steps: 1762
2020-07-17 03:04:41,216	INFO	Total steps: 4287481	Episode: 2520/1401	Avg reward: 14.30	Avg steps: 1845
2020-07-17 03:19:57,484	INFO	Total steps: 4320288	Episode: 2540/1632	Avg reward: 15.90	Avg steps: 1639
2020-07-17 03:35:16,055	INFO	Total steps: 4353052	Episode: 2560/1296	Avg reward: 16.95	Avg steps: 1637
2020-07-17 03:51:15,007	INFO	Total steps: 4387571	Episode: 2580/1660	Avg reward: 15.55	Avg steps: 1724
2020-07-17 04:07:33,482	INFO	Total steps: 4422684	Episode: 2600/1885	Avg reward: 15.40	Avg steps: 1754
2020-07-17 04:25:06,867	INFO	Total steps: 4460271	Episode: 2620/2011	Avg reward: 14.90	Avg steps: 1878
2020-07-17 04:41:48,227	INFO	Total steps: 4495999	Episode: 2640/1756	Avg reward: 14.30	Avg steps: 1785
2020-07-17 04:58:17,882	INFO	Total steps: 4531278	Episode: 2660/1923	Avg reward: 15.40	Avg steps: 1762
2020-07-17 05:14:39,658	INFO	Total steps: 4566363	Episode: 2680/1881	Avg reward: 15.35	Avg steps: 1753
2020-07-17 05:33:04,083	INFO	Total steps: 4605318	Episode: 2700/1553	Avg reward: 15.25	Avg steps: 1946
2020-07-17 05:49:06,304	INFO	Total steps: 4639423	Episode: 2720/1352	Avg reward: 14.80	Avg steps: 1704
2020-07-17 06:06:02,872	INFO	Total steps: 4675469	Episode: 2740/1390	Avg reward: 14.40	Avg steps: 1801
2020-07-17 06:23:07,267	INFO	Total steps: 4711735	Episode: 2760/2046	Avg reward: 14.95	Avg steps: 1812
2020-07-17 06:40:43,070	INFO	Total steps: 4749099	Episode: 2780/1736	Avg reward: 15.85	Avg steps: 1867
2020-07-17 06:57:18,793	INFO	Total steps: 4784207	Episode: 2800/1148	Avg reward: 15.40	Avg steps: 1754
2020-07-17 07:13:44,489	INFO	Total steps: 4819379	Episode: 2820/2200	Avg reward: 14.60	Avg steps: 1757
2020-07-17 07:30:39,572	INFO	Total steps: 4855693	Episode: 2840/1776	Avg reward: 15.05	Avg steps: 1814
2020-07-17 07:47:14,237	INFO	Total steps: 4891327	Episode: 2860/1757	Avg reward: 15.95	Avg steps: 1780
2020-07-17 08:03:28,309	INFO	Total steps: 4926111	Episode: 2880/1360	Avg reward: 15.65	Avg steps: 1738
2020-07-17 08:20:28,788	INFO	Total steps: 4962329	Episode: 2900/1607	Avg reward: 15.00	Avg steps: 1809
2020-07-17 08:37:00,878	INFO	Total steps: 4997368	Episode: 2920/1526	Avg reward: 14.90	Avg steps: 1750
2020-07-17 08:53:09,440	INFO	Total steps: 5031671	Episode: 2940/1831	Avg reward: 15.70	Avg steps: 1714
2020-07-17 09:11:16,575	INFO	Total steps: 5070155	Episode: 2960/1665	Avg reward: 14.85	Avg steps: 1923
2020-07-17 09:29:03,851	INFO	Total steps: 5108011	Episode: 2980/2201	Avg reward: 14.80	Avg steps: 1891
2020-07-17 09:46:12,014	INFO	Total steps: 5144541	Episode: 3000/1825	Avg reward: 14.65	Avg steps: 1825
2020-07-17 10:02:16,324	INFO	Total steps: 5178945	Episode: 3020/1587	Avg reward: 16.35	Avg steps: 1719
2020-07-17 10:20:08,987	INFO	Total steps: 5216861	Episode: 3040/2032	Avg reward: 14.55	Avg steps: 1894
2020-07-17 10:37:37,798	INFO	Total steps: 5253497	Episode: 3060/1802	Avg reward: 15.60	Avg steps: 1830
2020-07-17 10:52:54,178	INFO	Total steps: 5285772	Episode: 3080/1520	Avg reward: 15.90	Avg steps: 1612
2020-07-17 11:10:15,556	INFO	Total steps: 5322491	Episode: 3100/1953	Avg reward: 15.00	Avg steps: 1834
2020-07-17 11:26:23,147	INFO	Total steps: 5356720	Episode: 3120/1395	Avg reward: 16.60	Avg steps: 1710
2020-07-17 11:44:16,659	INFO	Total steps: 5394811	Episode: 3140/1786	Avg reward: 15.30	Avg steps: 1903
2020-07-17 12:02:00,716	INFO	Total steps: 5432390	Episode: 3160/1796	Avg reward: 14.75	Avg steps: 1877
2020-07-17 12:18:47,211	INFO	Total steps: 5467861	Episode: 3180/2208	Avg reward: 16.25	Avg steps: 1772
2020-07-17 12:35:31,903	INFO	Total steps: 5503410	Episode: 3200/2290	Avg reward: 16.00	Avg steps: 1776
2020-07-17 12:51:42,675	INFO	Total steps: 5538207	Episode: 3220/1552	Avg reward: 15.75	Avg steps: 1738
2020-07-17 13:07:27,802	INFO	Total steps: 5572098	Episode: 3240/1477	Avg reward: 14.75	Avg steps: 1693
2020-07-17 13:24:52,365	INFO	Total steps: 5609184	Episode: 3260/1719	Avg reward: 15.40	Avg steps: 1853
2020-07-17 13:40:40,744	INFO	Total steps: 5642605	Episode: 3280/1595	Avg reward: 15.20	Avg steps: 1670
2020-07-17 13:56:57,641	INFO	Total steps: 5677257	Episode: 3300/1816	Avg reward: 15.55	Avg steps: 1731
2020-07-17 14:13:22,143	INFO	Total steps: 5712196	Episode: 3320/2101	Avg reward: 15.70	Avg steps: 1745
2020-07-17 14:29:22,077	INFO	Total steps: 5746121	Episode: 3340/2044	Avg reward: 15.95	Avg steps: 1695
2020-07-17 14:46:05,345	INFO	Total steps: 5781596	Episode: 3360/1999	Avg reward: 16.35	Avg steps: 1772
2020-07-17 15:02:34,670	INFO	Total steps: 5816404	Episode: 3380/1555	Avg reward: 15.85	Avg steps: 1739
2020-07-17 15:20:19,204	INFO	Total steps: 5853905	Episode: 3400/1730	Avg reward: 15.15	Avg steps: 1874
2020-07-17 15:36:14,332	INFO	Total steps: 5887535	Episode: 3420/1435	Avg reward: 16.90	Avg steps: 1680
2020-07-17 15:53:21,396	INFO	Total steps: 5924093	Episode: 3440/3065	Avg reward: 15.00	Avg steps: 1826
2020-07-17 16:09:17,174	INFO	Total steps: 5957823	Episode: 3460/1443	Avg reward: 16.20	Avg steps: 1685
2020-07-17 16:23:16,695	INFO	Total steps: 5991911	Episode: 3480/1277	Avg reward: 16.05	Avg steps: 1703
2020-07-17 16:36:24,804	INFO	Total steps: 6026636	Episode: 3500/2122	Avg reward: 16.50	Avg steps: 1735
2020-07-17 16:49:06,722	INFO	Total steps: 6060179	Episode: 3520/1612	Avg reward: 16.00	Avg steps: 1676
2020-07-17 17:02:56,566	INFO	Total steps: 6096001	Episode: 3540/2235	Avg reward: 15.60	Avg steps: 1790
2020-07-17 17:15:33,986	INFO	Total steps: 6129708	Episode: 3560/1781	Avg reward: 15.60	Avg steps: 1684
2020-07-17 17:28:15,040	INFO	Total steps: 6163056	Episode: 3580/1580	Avg reward: 15.95	Avg steps: 1666
2020-07-17 17:40:43,386	INFO	Total steps: 6194561	Episode: 3600/1699	Avg reward: 16.70	Avg steps: 1574
2020-07-17 17:54:19,584	INFO	Total steps: 6229200	Episode: 3620/1719	Avg reward: 15.50	Avg steps: 1730
2020-07-17 18:06:29,633	INFO	Total steps: 6260530	Episode: 3640/1425	Avg reward: 16.70	Avg steps: 1565
2020-07-17 18:20:24,078	INFO	Total steps: 6295550	Episode: 3660/1785	Avg reward: 15.65	Avg steps: 1750
2020-07-17 18:33:41,268	INFO	Total steps: 6329272	Episode: 3680/1609	Avg reward: 16.25	Avg steps: 1685
2020-07-17 18:48:06,113	INFO	Total steps: 6366355	Episode: 3700/1857	Avg reward: 15.00	Avg steps: 1853
2020-07-17 19:00:53,009	INFO	Total steps: 6399659	Episode: 3720/1463	Avg reward: 16.00	Avg steps: 1664
2020-07-17 19:13:48,260	INFO	Total steps: 6432653	Episode: 3740/2071	Avg reward: 16.25	Avg steps: 1648
2020-07-17 19:27:36,809	INFO	Total steps: 6468554	Episode: 3760/1867	Avg reward: 15.10	Avg steps: 1794
2020-07-17 19:41:03,890	INFO	Total steps: 6503826	Episode: 3780/2000	Avg reward: 16.35	Avg steps: 1762
2020-07-17 19:54:16,855	INFO	Total steps: 6538450	Episode: 3800/1453	Avg reward: 16.30	Avg steps: 1730
2020-07-17 20:08:00,626	INFO	Total steps: 6573074	Episode: 3820/1555	Avg reward: 16.05	Avg steps: 1730
2020-07-17 20:21:13,220	INFO	Total steps: 6606329	Episode: 3840/1439	Avg reward: 17.35	Avg steps: 1661
2020-07-17 20:33:25,522	INFO	Total steps: 6637490	Episode: 3860/1369	Avg reward: 17.25	Avg steps: 1557
2020-07-17 20:46:25,075	INFO	Total steps: 6671667	Episode: 3880/1786	Avg reward: 16.40	Avg steps: 1707
2020-07-17 20:59:21,519	INFO	Total steps: 6705496	Episode: 3900/2019	Avg reward: 15.65	Avg steps: 1690
2020-07-17 21:13:18,258	INFO	Total steps: 6741602	Episode: 3920/2085	Avg reward: 15.45	Avg steps: 1804
2020-07-17 21:26:44,755	INFO	Total steps: 6776034	Episode: 3940/2075	Avg reward: 15.85	Avg steps: 1720
2020-07-17 21:40:29,327	INFO	Total steps: 6811938	Episode: 3960/2533	Avg reward: 15.85	Avg steps: 1794
2020-07-17 21:54:24,218	INFO	Total steps: 6848565	Episode: 3980/1762	Avg reward: 15.15	Avg steps: 1830
2020-07-17 22:07:42,649	INFO	Total steps: 6883675	Episode: 4000/1395	Avg reward: 16.35	Avg steps: 1754
2020-07-21 20:19:49,041	INFO	--width 160 --height 160 --ball 1.0 --ball-size 2.0 --snell 1.6 --snell-width 80.0 --snell-change 0.0 --snell-visible none --paddle-speed 1.0 --paddle-angle 50.0 --paddle-length 20.0 --update-prob 0.5 --state binary --learning-rate 0.0001 --network dqn_pong_model --render False --epsdecay 1000 --episodes 4000 --replay 10000 --batch-size 32 --checkpoint dqn_pong_model --history history.p --store-dir ../experiments/paddle_angle.50.0-update_prob.0.5-snell.1.6 
2020-07-21 20:19:49,285	INFO	Device: cuda
2020-07-21 20:25:41,061	INFO	Total steps: 12528	Episode: 20/790	Avg reward: -19.55	Avg steps: 625
2020-07-21 20:31:51,543	INFO	Total steps: 24749	Episode: 40/482	Avg reward: -19.40	Avg steps: 610
2020-07-21 20:38:08,556	INFO	Total steps: 37092	Episode: 60/479	Avg reward: -19.60	Avg steps: 616
2020-07-21 20:44:53,717	INFO	Total steps: 50122	Episode: 80/479	Avg reward: -19.55	Avg steps: 650
2020-07-21 20:52:32,840	INFO	Total steps: 64754	Episode: 100/664	Avg reward: -18.75	Avg steps: 730
2020-07-21 20:59:24,711	INFO	Total steps: 77763	Episode: 120/730	Avg reward: -19.45	Avg steps: 649
2020-07-21 21:07:11,197	INFO	Total steps: 92455	Episode: 140/531	Avg reward: -19.35	Avg steps: 733
2020-07-21 21:13:36,994	INFO	Total steps: 105535	Episode: 160/547	Avg reward: -18.85	Avg steps: 653
2020-07-21 21:20:59,460	INFO	Total steps: 121636	Episode: 180/709	Avg reward: -18.25	Avg steps: 804
2020-07-21 21:28:16,218	INFO	Total steps: 136705	Episode: 200/1078	Avg reward: -18.55	Avg steps: 752
2020-07-21 21:35:12,979	INFO	Total steps: 151082	Episode: 220/1066	Avg reward: -18.95	Avg steps: 717
2020-07-21 21:43:20,846	INFO	Total steps: 166342	Episode: 240/804	Avg reward: -19.10	Avg steps: 762
2020-07-21 21:50:25,928	INFO	Total steps: 181571	Episode: 260/609	Avg reward: -18.40	Avg steps: 760
2020-07-21 21:58:38,030	INFO	Total steps: 199000	Episode: 280/602	Avg reward: -18.00	Avg steps: 870
2020-07-21 22:04:44,709	INFO	Total steps: 211708	Episode: 300/537	Avg reward: -19.40	Avg steps: 634
2020-07-21 22:10:57,830	INFO	Total steps: 223316	Episode: 320/542	Avg reward: -19.50	Avg steps: 579
2020-07-21 22:15:38,183	INFO	Total steps: 233203	Episode: 340/489	Avg reward: -19.70	Avg steps: 493
2020-07-21 22:23:04,291	INFO	Total steps: 248815	Episode: 360/1263	Avg reward: -19.00	Avg steps: 779
2020-07-21 22:32:51,490	INFO	Total steps: 269463	Episode: 380/1169	Avg reward: -18.90	Avg steps: 1031
2020-07-21 22:41:55,915	INFO	Total steps: 288654	Episode: 400/679	Avg reward: -18.40	Avg steps: 958
2020-07-21 22:51:06,922	INFO	Total steps: 307946	Episode: 420/1271	Avg reward: -18.65	Avg steps: 963
2020-07-21 23:03:49,317	INFO	Total steps: 333501	Episode: 440/1943	Avg reward: -18.20	Avg steps: 1276
2020-07-21 23:16:25,474	INFO	Total steps: 360078	Episode: 460/1291	Avg reward: -17.95	Avg steps: 1327
2020-07-21 23:29:43,859	INFO	Total steps: 388050	Episode: 480/1472	Avg reward: -17.80	Avg steps: 1397
2020-07-21 23:45:23,646	INFO	Total steps: 419410	Episode: 500/1214	Avg reward: -16.60	Avg steps: 1567
2020-07-21 23:59:04,842	INFO	Total steps: 448501	Episode: 520/2347	Avg reward: -17.45	Avg steps: 1453
2020-07-22 00:13:41,352	INFO	Total steps: 480754	Episode: 540/1217	Avg reward: -17.45	Avg steps: 1611
2020-07-22 00:28:19,566	INFO	Total steps: 512364	Episode: 560/2038	Avg reward: -17.00	Avg steps: 1579
2020-07-22 00:43:27,507	INFO	Total steps: 543511	Episode: 580/1436	Avg reward: -17.60	Avg steps: 1556
2020-07-22 00:57:25,896	INFO	Total steps: 572112	Episode: 600/1456	Avg reward: -17.05	Avg steps: 1429
2020-07-22 01:12:05,565	INFO	Total steps: 602483	Episode: 620/1217	Avg reward: -17.05	Avg steps: 1517
2020-07-22 01:27:35,920	INFO	Total steps: 634404	Episode: 640/1908	Avg reward: -16.65	Avg steps: 1595
2020-07-22 01:41:36,382	INFO	Total steps: 663208	Episode: 660/1064	Avg reward: -15.45	Avg steps: 1439
2020-07-22 01:52:48,602	INFO	Total steps: 686252	Episode: 680/1367	Avg reward: -16.90	Avg steps: 1151
2020-07-22 02:07:16,126	INFO	Total steps: 715909	Episode: 700/1336	Avg reward: -15.15	Avg steps: 1481
2020-07-22 02:23:16,740	INFO	Total steps: 748840	Episode: 720/1250	Avg reward: -15.75	Avg steps: 1645
2020-07-22 02:37:56,286	INFO	Total steps: 779057	Episode: 740/1237	Avg reward: -15.90	Avg steps: 1509
2020-07-22 02:57:19,545	INFO	Total steps: 819009	Episode: 760/1913	Avg reward: -14.25	Avg steps: 1996
2020-07-22 03:14:05,640	INFO	Total steps: 853356	Episode: 780/1586	Avg reward: -14.60	Avg steps: 1716
2020-07-22 03:31:30,563	INFO	Total steps: 889062	Episode: 800/2165	Avg reward: -15.85	Avg steps: 1784
2020-07-22 03:50:02,703	INFO	Total steps: 927235	Episode: 820/1702	Avg reward: -15.45	Avg steps: 1907
2020-07-22 04:08:11,974	INFO	Total steps: 964582	Episode: 840/2622	Avg reward: -14.30	Avg steps: 1866
2020-07-22 04:28:05,082	INFO	Total steps: 1005520	Episode: 860/2298	Avg reward: -12.50	Avg steps: 2045
2020-07-22 04:46:18,436	INFO	Total steps: 1043644	Episode: 880/1866	Avg reward: -12.40	Avg steps: 1905
2020-07-22 05:02:17,499	INFO	Total steps: 1077005	Episode: 900/1762	Avg reward: -13.75	Avg steps: 1667
2020-07-22 05:19:35,092	INFO	Total steps: 1112195	Episode: 920/1925	Avg reward: -13.30	Avg steps: 1758
2020-07-22 05:36:57,151	INFO	Total steps: 1147786	Episode: 940/1687	Avg reward: -12.00	Avg steps: 1778
2020-07-22 05:53:46,466	INFO	Total steps: 1182089	Episode: 960/1307	Avg reward: -13.25	Avg steps: 1714
2020-07-22 06:10:58,322	INFO	Total steps: 1217245	Episode: 980/1225	Avg reward: -13.05	Avg steps: 1756
2020-07-22 06:29:18,328	INFO	Total steps: 1254639	Episode: 1000/1376	Avg reward: -11.45	Avg steps: 1868
2020-07-22 06:46:50,324	INFO	Total steps: 1290496	Episode: 1020/2664	Avg reward: -12.65	Avg steps: 1791
2020-07-22 07:04:02,757	INFO	Total steps: 1325688	Episode: 1040/1103	Avg reward: -11.40	Avg steps: 1758
2020-07-22 07:24:17,023	INFO	Total steps: 1367023	Episode: 1060/1915	Avg reward: -12.10	Avg steps: 2065
2020-07-22 07:42:30,520	INFO	Total steps: 1404115	Episode: 1080/1089	Avg reward: -12.60	Avg steps: 1853
2020-07-22 08:07:25,975	INFO	Total steps: 1454707	Episode: 1100/2231	Avg reward: -9.40	Avg steps: 2528
2020-07-22 08:26:32,736	INFO	Total steps: 1493576	Episode: 1120/1733	Avg reward: -12.05	Avg steps: 1942
2020-07-22 08:49:37,004	INFO	Total steps: 1540571	Episode: 1140/2547	Avg reward: -11.75	Avg steps: 2348
2020-07-22 09:15:02,080	INFO	Total steps: 1592371	Episode: 1160/2342	Avg reward: -12.35	Avg steps: 2589
2020-07-22 09:43:07,183	INFO	Total steps: 1649604	Episode: 1180/3070	Avg reward: -11.15	Avg steps: 2860
2020-07-22 10:04:11,754	INFO	Total steps: 1692578	Episode: 1200/2201	Avg reward: -11.25	Avg steps: 2147
2020-07-22 10:26:39,871	INFO	Total steps: 1738270	Episode: 1220/2249	Avg reward: -11.80	Avg steps: 2283
2020-07-22 10:51:38,878	INFO	Total steps: 1789067	Episode: 1240/2739	Avg reward: -9.80	Avg steps: 2538
2020-07-22 11:19:30,282	INFO	Total steps: 1845923	Episode: 1260/2398	Avg reward: -9.25	Avg steps: 2841
2020-07-22 11:45:30,923	INFO	Total steps: 1898752	Episode: 1280/2138	Avg reward: -9.60	Avg steps: 2640
2020-07-22 12:11:34,904	INFO	Total steps: 1951607	Episode: 1300/3127	Avg reward: -8.60	Avg steps: 2641
2020-07-22 12:38:35,041	INFO	Total steps: 2006492	Episode: 1320/4303	Avg reward: -7.85	Avg steps: 2743
2020-07-22 13:03:15,376	INFO	Total steps: 2056679	Episode: 1340/2341	Avg reward: -9.75	Avg steps: 2508
2020-07-22 13:30:07,091	INFO	Total steps: 2111699	Episode: 1360/2838	Avg reward: -9.30	Avg steps: 2750
2020-07-22 13:53:11,257	INFO	Total steps: 2158865	Episode: 1380/2795	Avg reward: -7.40	Avg steps: 2357
2020-07-22 14:16:36,165	INFO	Total steps: 2206583	Episode: 1400/2957	Avg reward: -9.30	Avg steps: 2384
2020-07-22 14:43:54,403	INFO	Total steps: 2262315	Episode: 1420/4844	Avg reward: -8.30	Avg steps: 2785
2020-07-22 15:09:56,736	INFO	Total steps: 2315436	Episode: 1440/2346	Avg reward: -8.90	Avg steps: 2655
2020-07-22 15:37:50,515	INFO	Total steps: 2372486	Episode: 1460/3938	Avg reward: -5.75	Avg steps: 2851
2020-07-22 16:10:05,319	INFO	Total steps: 2437718	Episode: 1480/3080	Avg reward: -8.25	Avg steps: 3260
2020-07-22 16:43:37,982	INFO	Total steps: 2505178	Episode: 1500/2903	Avg reward: -5.20	Avg steps: 3372
2020-07-22 17:10:40,313	INFO	Total steps: 2559736	Episode: 1520/2560	Avg reward: -7.10	Avg steps: 2726
2020-07-22 17:37:11,786	INFO	Total steps: 2613416	Episode: 1540/1759	Avg reward: -8.90	Avg steps: 2683
2020-07-22 18:01:08,218	INFO	Total steps: 2661627	Episode: 1560/3068	Avg reward: -8.05	Avg steps: 2409
2020-07-22 18:31:54,717	INFO	Total steps: 2724496	Episode: 1580/4162	Avg reward: -5.90	Avg steps: 3142
2020-07-22 19:05:17,504	INFO	Total steps: 2792668	Episode: 1600/2636	Avg reward: -3.90	Avg steps: 3407
2020-07-22 19:33:05,600	INFO	Total steps: 2849294	Episode: 1620/3729	Avg reward: -7.60	Avg steps: 2830
2020-07-22 20:04:00,467	INFO	Total steps: 2912053	Episode: 1640/3149	Avg reward: -1.70	Avg steps: 3136
2020-07-22 20:30:29,367	INFO	Total steps: 2966394	Episode: 1660/2824	Avg reward: -5.25	Avg steps: 2716
2020-07-22 20:58:07,027	INFO	Total steps: 3022913	Episode: 1680/2223	Avg reward: -2.90	Avg steps: 2824
2020-07-22 21:25:34,484	INFO	Total steps: 3078925	Episode: 1700/3495	Avg reward: -2.35	Avg steps: 2799
2020-07-22 21:54:09,020	INFO	Total steps: 3137485	Episode: 1720/3105	Avg reward: -1.05	Avg steps: 2927
2020-07-22 22:24:49,657	INFO	Total steps: 3200282	Episode: 1740/3375	Avg reward: -2.45	Avg steps: 3138
2020-07-22 22:56:05,360	INFO	Total steps: 3264229	Episode: 1760/1765	Avg reward: -0.40	Avg steps: 3196
2020-07-22 23:22:32,178	INFO	Total steps: 3318749	Episode: 1780/3431	Avg reward: -3.90	Avg steps: 2725
2020-07-22 23:49:09,348	INFO	Total steps: 3373156	Episode: 1800/1387	Avg reward: -7.50	Avg steps: 2719
2020-07-23 00:10:44,351	INFO	Total steps: 3417638	Episode: 1820/1826	Avg reward: -8.60	Avg steps: 2223
2020-07-23 00:28:01,356	INFO	Total steps: 3453220	Episode: 1840/1620	Avg reward: -12.40	Avg steps: 1778
2020-07-23 00:46:17,807	INFO	Total steps: 3490637	Episode: 1860/1456	Avg reward: -11.75	Avg steps: 1869
2020-07-23 01:03:38,865	INFO	Total steps: 3526041	Episode: 1880/1936	Avg reward: -11.05	Avg steps: 1769
2020-07-23 01:21:36,150	INFO	Total steps: 3561917	Episode: 1900/1447	Avg reward: -11.20	Avg steps: 1792
2020-07-23 01:36:06,812	INFO	Total steps: 3590975	Episode: 1920/2673	Avg reward: -13.40	Avg steps: 1451
2020-07-23 01:52:24,125	INFO	Total steps: 3623625	Episode: 1940/1784	Avg reward: -14.60	Avg steps: 1631
2020-07-23 02:06:55,516	INFO	Total steps: 3652513	Episode: 1960/1245	Avg reward: -15.75	Avg steps: 1443
2020-07-23 02:24:19,521	INFO	Total steps: 3686903	Episode: 1980/1693	Avg reward: -14.45	Avg steps: 1718
2020-07-23 02:38:10,799	INFO	Total steps: 3714484	Episode: 2000/1238	Avg reward: -15.15	Avg steps: 1378
2020-07-23 02:56:18,374	INFO	Total steps: 3750502	Episode: 2020/1593	Avg reward: -14.90	Avg steps: 1799
2020-07-23 03:08:52,040	INFO	Total steps: 3775348	Episode: 2040/1345	Avg reward: -16.30	Avg steps: 1241
2020-07-23 03:26:20,591	INFO	Total steps: 3810136	Episode: 2060/1360	Avg reward: -15.15	Avg steps: 1738
2020-07-23 03:40:53,451	INFO	Total steps: 3839058	Episode: 2080/1628	Avg reward: -14.70	Avg steps: 1445
2020-07-23 03:58:40,181	INFO	Total steps: 3874443	Episode: 2100/617	Avg reward: -14.60	Avg steps: 1768
2020-07-23 04:20:08,455	INFO	Total steps: 3917019	Episode: 2120/3016	Avg reward: -13.90	Avg steps: 2127
2020-07-23 04:41:19,308	INFO	Total steps: 3959107	Episode: 2140/2108	Avg reward: -13.20	Avg steps: 2103
2020-07-23 05:02:16,200	INFO	Total steps: 4000642	Episode: 2160/1915	Avg reward: -14.25	Avg steps: 2075
2020-07-23 05:18:28,618	INFO	Total steps: 4033022	Episode: 2180/1216	Avg reward: -14.85	Avg steps: 1618
2020-07-23 05:37:03,371	INFO	Total steps: 4070361	Episode: 2200/1376	Avg reward: -13.50	Avg steps: 1865
2020-07-23 05:52:17,586	INFO	Total steps: 4101116	Episode: 2220/1982	Avg reward: -14.45	Avg steps: 1536
2020-07-23 06:05:47,460	INFO	Total steps: 4128236	Episode: 2240/961	Avg reward: -15.20	Avg steps: 1355
2020-07-23 06:21:17,351	INFO	Total steps: 4159129	Episode: 2260/1646	Avg reward: -14.50	Avg steps: 1543
2020-07-23 06:38:07,265	INFO	Total steps: 4192808	Episode: 2280/1449	Avg reward: -13.75	Avg steps: 1682
2020-07-23 06:53:30,049	INFO	Total steps: 4223444	Episode: 2300/1240	Avg reward: -15.10	Avg steps: 1530
2020-07-23 07:10:24,058	INFO	Total steps: 4257193	Episode: 2320/1136	Avg reward: -13.50	Avg steps: 1686
2020-07-23 07:28:02,075	INFO	Total steps: 4292448	Episode: 2340/1607	Avg reward: -11.70	Avg steps: 1761
2020-07-23 07:47:28,589	INFO	Total steps: 4331453	Episode: 2360/1731	Avg reward: -11.35	Avg steps: 1949
2020-07-23 08:04:02,729	INFO	Total steps: 4364151	Episode: 2380/1397	Avg reward: -13.50	Avg steps: 1633
2020-07-23 08:18:32,652	INFO	Total steps: 4392901	Episode: 2400/1353	Avg reward: -12.80	Avg steps: 1436
2020-07-23 08:32:00,880	INFO	Total steps: 4419436	Episode: 2420/1644	Avg reward: -14.60	Avg steps: 1325
2020-07-23 08:47:00,806	INFO	Total steps: 4449140	Episode: 2440/2046	Avg reward: -13.75	Avg steps: 1484
2020-07-23 09:04:05,053	INFO	Total steps: 4483068	Episode: 2460/2213	Avg reward: -12.80	Avg steps: 1695
2020-07-23 09:21:53,718	INFO	Total steps: 4518358	Episode: 2480/2215	Avg reward: -12.75	Avg steps: 1763
2020-07-23 09:39:12,224	INFO	Total steps: 4552631	Episode: 2500/2179	Avg reward: -13.70	Avg steps: 1712
2020-07-23 09:55:44,897	INFO	Total steps: 4585240	Episode: 2520/1316	Avg reward: -13.85	Avg steps: 1629
2020-07-23 10:12:42,760	INFO	Total steps: 4618855	Episode: 2540/1480	Avg reward: -12.10	Avg steps: 1679
2020-07-23 10:29:49,060	INFO	Total steps: 4652500	Episode: 2560/1780	Avg reward: -14.25	Avg steps: 1681
2020-07-23 10:44:44,020	INFO	Total steps: 4681920	Episode: 2580/1213	Avg reward: -14.30	Avg steps: 1470
2020-07-23 11:01:47,639	INFO	Total steps: 4715720	Episode: 2600/1506	Avg reward: -12.95	Avg steps: 1689
2020-07-23 11:22:00,069	INFO	Total steps: 4755546	Episode: 2620/1298	Avg reward: -11.40	Avg steps: 1990
2020-07-23 11:35:03,073	INFO	Total steps: 4781255	Episode: 2640/1231	Avg reward: -14.70	Avg steps: 1284
2020-07-23 11:58:50,716	INFO	Total steps: 4828279	Episode: 2660/3323	Avg reward: -11.40	Avg steps: 2350
2020-07-23 12:21:39,942	INFO	Total steps: 4873425	Episode: 2680/3146	Avg reward: -12.25	Avg steps: 2256
2020-07-23 12:40:55,582	INFO	Total steps: 4911474	Episode: 2700/1802	Avg reward: -11.55	Avg steps: 1901
2020-07-23 13:00:42,751	INFO	Total steps: 4950623	Episode: 2720/1619	Avg reward: -12.20	Avg steps: 1956
2020-07-23 13:19:20,833	INFO	Total steps: 4987531	Episode: 2740/2097	Avg reward: -11.40	Avg steps: 1844
2020-07-23 13:36:48,503	INFO	Total steps: 5022091	Episode: 2760/2318	Avg reward: -11.95	Avg steps: 1727
2020-07-23 13:52:32,635	INFO	Total steps: 5053412	Episode: 2780/2395	Avg reward: -11.90	Avg steps: 1565
2020-07-23 14:09:26,722	INFO	Total steps: 5086983	Episode: 2800/1853	Avg reward: -12.40	Avg steps: 1677
2020-07-23 14:25:38,456	INFO	Total steps: 5119166	Episode: 2820/1835	Avg reward: -14.00	Avg steps: 1608
2020-07-23 14:40:49,566	INFO	Total steps: 5149204	Episode: 2840/1222	Avg reward: -11.95	Avg steps: 1500
2020-07-23 15:01:13,641	INFO	Total steps: 5189578	Episode: 2860/2139	Avg reward: -9.10	Avg steps: 2017
2020-07-23 15:17:08,273	INFO	Total steps: 5220699	Episode: 2880/1769	Avg reward: -12.25	Avg steps: 1555
2020-07-23 15:36:12,843	INFO	Total steps: 5258181	Episode: 2900/2112	Avg reward: -12.25	Avg steps: 1873
2020-07-23 15:58:44,677	INFO	Total steps: 5302577	Episode: 2920/2269	Avg reward: -11.30	Avg steps: 2218
2020-07-23 16:22:38,368	INFO	Total steps: 5349325	Episode: 2940/2001	Avg reward: -11.65	Avg steps: 2336
2020-07-23 16:46:14,729	INFO	Total steps: 5395505	Episode: 2960/2709	Avg reward: -7.50	Avg steps: 2308
2020-07-23 17:06:23,420	INFO	Total steps: 5435102	Episode: 2980/1176	Avg reward: -8.00	Avg steps: 1978
2020-07-23 17:24:18,862	INFO	Total steps: 5470207	Episode: 3000/1544	Avg reward: -11.85	Avg steps: 1754
2020-07-23 17:44:04,705	INFO	Total steps: 5509031	Episode: 3020/1073	Avg reward: -8.95	Avg steps: 1940
2020-07-23 18:03:36,623	INFO	Total steps: 5547250	Episode: 3040/1554	Avg reward: -9.75	Avg steps: 1909
2020-07-23 18:22:31,626	INFO	Total steps: 5584424	Episode: 3060/1829	Avg reward: -10.40	Avg steps: 1857
2020-07-23 18:43:57,789	INFO	Total steps: 5626510	Episode: 3080/1848	Avg reward: -8.80	Avg steps: 2103
2020-07-23 19:02:26,085	INFO	Total steps: 5662838	Episode: 3100/2343	Avg reward: -10.70	Avg steps: 1815
2020-07-23 19:23:45,926	INFO	Total steps: 5704732	Episode: 3120/1876	Avg reward: -8.50	Avg steps: 2093
2020-07-23 19:42:58,611	INFO	Total steps: 5742510	Episode: 3140/1821	Avg reward: -10.15	Avg steps: 1887
2020-07-23 20:08:34,254	INFO	Total steps: 5792598	Episode: 3160/2120	Avg reward: -5.60	Avg steps: 2503
2020-07-23 20:32:44,908	INFO	Total steps: 5840098	Episode: 3180/1802	Avg reward: -4.80	Avg steps: 2374
2020-07-23 20:52:58,157	INFO	Total steps: 5879651	Episode: 3200/1703	Avg reward: -7.75	Avg steps: 1976
2020-07-23 21:12:13,627	INFO	Total steps: 5917435	Episode: 3220/1405	Avg reward: -8.20	Avg steps: 1888
2020-07-23 21:29:30,651	INFO	Total steps: 5951279	Episode: 3240/1264	Avg reward: -9.90	Avg steps: 1691
2020-07-23 21:48:37,549	INFO	Total steps: 5988804	Episode: 3260/1799	Avg reward: -8.50	Avg steps: 1875
2020-07-23 22:06:29,698	INFO	Total steps: 6023843	Episode: 3280/1697	Avg reward: -11.40	Avg steps: 1750
2020-07-23 22:28:47,198	INFO	Total steps: 6067513	Episode: 3300/2346	Avg reward: -6.50	Avg steps: 2182
2020-07-23 22:50:25,578	INFO	Total steps: 6109814	Episode: 3320/2061	Avg reward: -8.15	Avg steps: 2114
2020-07-23 23:11:18,732	INFO	Total steps: 6150677	Episode: 3340/2255	Avg reward: -7.40	Avg steps: 2042
2020-07-23 23:29:54,455	INFO	Total steps: 6187095	Episode: 3360/1890	Avg reward: -9.90	Avg steps: 1819
2020-07-23 23:54:15,082	INFO	Total steps: 6234747	Episode: 3380/2643	Avg reward: -5.10	Avg steps: 2381
2020-07-24 00:16:30,489	INFO	Total steps: 6278676	Episode: 3400/2488	Avg reward: -6.05	Avg steps: 2195
2020-07-24 00:35:51,172	INFO	Total steps: 6316474	Episode: 3420/1610	Avg reward: -6.95	Avg steps: 1888
2020-07-24 00:55:55,750	INFO	Total steps: 6355523	Episode: 3440/1285	Avg reward: -4.40	Avg steps: 1951
2020-07-24 01:13:06,145	INFO	Total steps: 6389534	Episode: 3460/2323	Avg reward: -9.45	Avg steps: 1699
2020-07-24 01:39:09,909	INFO	Total steps: 6440792	Episode: 3480/2588	Avg reward: -1.30	Avg steps: 2561
2020-07-24 02:05:52,464	INFO	Total steps: 6493555	Episode: 3500/2504	Avg reward: 3.15	Avg steps: 2637
2020-07-24 02:32:06,250	INFO	Total steps: 6545433	Episode: 3520/2058	Avg reward: 2.25	Avg steps: 2592
2020-07-24 02:58:31,100	INFO	Total steps: 6597450	Episode: 3540/2065	Avg reward: 4.90	Avg steps: 2599
2020-07-24 03:24:53,951	INFO	Total steps: 6649521	Episode: 3560/3297	Avg reward: 1.05	Avg steps: 2602
2020-07-24 03:49:49,758	INFO	Total steps: 6698609	Episode: 3580/2181	Avg reward: -0.45	Avg steps: 2453
2020-07-24 04:14:28,075	INFO	Total steps: 6747129	Episode: 3600/2789	Avg reward: -2.00	Avg steps: 2425
2020-07-24 04:35:53,529	INFO	Total steps: 6789305	Episode: 3620/2746	Avg reward: -8.10	Avg steps: 2107
2020-07-24 05:01:18,897	INFO	Total steps: 6839542	Episode: 3640/2086	Avg reward: 3.30	Avg steps: 2510
2020-07-24 05:26:58,947	INFO	Total steps: 6890400	Episode: 3660/2883	Avg reward: 1.80	Avg steps: 2541
2020-07-24 05:50:26,157	INFO	Total steps: 6936541	Episode: 3680/2019	Avg reward: -1.85	Avg steps: 2306
2020-07-24 06:15:12,596	INFO	Total steps: 6985803	Episode: 3700/3069	Avg reward: -3.20	Avg steps: 2462
2020-07-24 06:38:59,618	INFO	Total steps: 7033292	Episode: 3720/2915	Avg reward: -4.85	Avg steps: 2373
2020-07-24 07:03:48,277	INFO	Total steps: 7082655	Episode: 3740/1745	Avg reward: -1.60	Avg steps: 2467
2020-07-24 07:27:26,859	INFO	Total steps: 7130107	Episode: 3760/2050	Avg reward: -3.60	Avg steps: 2371
2020-07-24 07:51:56,228	INFO	Total steps: 7179364	Episode: 3780/2592	Avg reward: -3.05	Avg steps: 2461
2020-07-24 08:16:12,640	INFO	Total steps: 7228001	Episode: 3800/2225	Avg reward: 2.70	Avg steps: 2430
2020-07-24 08:42:31,983	INFO	Total steps: 7280250	Episode: 3820/3030	Avg reward: 2.15	Avg steps: 2611
2020-07-24 09:10:34,673	INFO	Total steps: 7336143	Episode: 3840/2779	Avg reward: -0.45	Avg steps: 2793
2020-07-24 09:38:14,854	INFO	Total steps: 7391282	Episode: 3860/2819	Avg reward: -2.30	Avg steps: 2755
2020-07-24 10:05:40,135	INFO	Total steps: 7445971	Episode: 3880/3244	Avg reward: -3.70	Avg steps: 2733
2020-07-24 10:31:17,279	INFO	Total steps: 7497462	Episode: 3900/2119	Avg reward: -3.80	Avg steps: 2573
2020-07-24 10:57:29,617	INFO	Total steps: 7549739	Episode: 3920/2809	Avg reward: -0.50	Avg steps: 2612
2020-07-24 11:24:34,587	INFO	Total steps: 7603484	Episode: 3940/2164	Avg reward: 2.60	Avg steps: 2686
2020-07-24 11:50:41,208	INFO	Total steps: 7655601	Episode: 3960/2311	Avg reward: 3.75	Avg steps: 2604
2020-07-24 12:16:46,138	INFO	Total steps: 7707657	Episode: 3980/2636	Avg reward: 2.30	Avg steps: 2601
2020-07-24 12:41:01,394	INFO	Total steps: 7756105	Episode: 4000/2446	Avg reward: 2.15	Avg steps: 2421
