2020-07-01 22:18:57,265	INFO	--width 160 --height 160 --ball 1.0 --ball-size 2.0 --snell 1.0 --snell-width 80.0 --snell-change 0.0 --snell-visible none --paddle-speed 1.0 --paddle-angle 75.0 --paddle-length 10.0 --update-prob 0.4 --state binary --learning-rate 0.0001 --network dqn_pong_model --render False --epsdecay 1000 --episodes 4000 --replay 10000 --checkpoint dqn_pong_model --history history.p --store-dir ../experiments/snell_width.80.0-paddle_length.10.0-paddle_angle.75.0-update_prob.0.4 
2020-07-01 22:18:57,266	INFO	Device: cuda
2020-07-01 22:21:04,502	INFO	Total steps: 11578	Episode: 20/610	Avg reward: -19.30	Avg steps: 577
2020-07-01 22:28:14,683	INFO	Total steps: 23564	Episode: 40/600	Avg reward: -19.45	Avg steps: 598
2020-07-01 22:36:07,304	INFO	Total steps: 36674	Episode: 60/744	Avg reward: -18.70	Avg steps: 654
2020-07-01 22:43:26,159	INFO	Total steps: 48644	Episode: 80/740	Avg reward: -19.15	Avg steps: 597
2020-07-01 22:51:55,457	INFO	Total steps: 62651	Episode: 100/1082	Avg reward: -18.90	Avg steps: 699
2020-07-01 22:59:17,941	INFO	Total steps: 74791	Episode: 120/603	Avg reward: -19.20	Avg steps: 606
2020-07-01 23:06:59,784	INFO	Total steps: 87380	Episode: 140/509	Avg reward: -19.40	Avg steps: 628
2020-07-01 23:14:37,144	INFO	Total steps: 100838	Episode: 160/608	Avg reward: -19.05	Avg steps: 671
2020-07-01 23:21:34,248	INFO	Total steps: 114433	Episode: 180/679	Avg reward: -19.25	Avg steps: 678
2020-07-01 23:29:08,046	INFO	Total steps: 129135	Episode: 200/660	Avg reward: -19.15	Avg steps: 734
2020-07-01 23:35:46,221	INFO	Total steps: 141899	Episode: 220/814	Avg reward: -19.55	Avg steps: 637
2020-07-01 23:42:56,055	INFO	Total steps: 155738	Episode: 240/608	Avg reward: -18.85	Avg steps: 690
2020-07-01 23:50:23,704	INFO	Total steps: 170601	Episode: 260/783	Avg reward: -19.15	Avg steps: 742
2020-07-01 23:57:40,169	INFO	Total steps: 184946	Episode: 280/733	Avg reward: -18.95	Avg steps: 716
2020-07-02 00:05:26,152	INFO	Total steps: 199973	Episode: 300/991	Avg reward: -18.70	Avg steps: 750
2020-07-02 00:13:47,146	INFO	Total steps: 216129	Episode: 320/685	Avg reward: -18.90	Avg steps: 806
2020-07-02 00:21:38,878	INFO	Total steps: 231086	Episode: 340/455	Avg reward: -18.60	Avg steps: 746
2020-07-02 00:30:19,524	INFO	Total steps: 248027	Episode: 360/920	Avg reward: -18.70	Avg steps: 846
2020-07-02 00:39:12,338	INFO	Total steps: 264827	Episode: 380/1212	Avg reward: -18.50	Avg steps: 839
2020-07-02 00:47:20,044	INFO	Total steps: 280027	Episode: 400/768	Avg reward: -18.70	Avg steps: 759
2020-07-02 00:56:33,403	INFO	Total steps: 297064	Episode: 420/1069	Avg reward: -18.40	Avg steps: 850
2020-07-02 01:05:16,534	INFO	Total steps: 313070	Episode: 440/680	Avg reward: -17.90	Avg steps: 799
2020-07-02 01:13:44,527	INFO	Total steps: 328650	Episode: 460/605	Avg reward: -18.70	Avg steps: 778
2020-07-02 01:22:04,889	INFO	Total steps: 344186	Episode: 480/951	Avg reward: -18.70	Avg steps: 775
2020-07-02 01:31:27,798	INFO	Total steps: 362067	Episode: 500/1054	Avg reward: -17.55	Avg steps: 893
2020-07-02 01:40:48,964	INFO	Total steps: 379562	Episode: 520/973	Avg reward: -17.75	Avg steps: 873
2020-07-02 01:51:00,304	INFO	Total steps: 398669	Episode: 540/1021	Avg reward: -17.50	Avg steps: 954
2020-07-02 02:01:02,512	INFO	Total steps: 417324	Episode: 560/812	Avg reward: -17.55	Avg steps: 931
2020-07-02 02:11:33,254	INFO	Total steps: 436951	Episode: 580/1374	Avg reward: -17.40	Avg steps: 980
2020-07-02 02:21:47,921	INFO	Total steps: 456150	Episode: 600/692	Avg reward: -17.65	Avg steps: 958
2020-07-02 02:31:26,743	INFO	Total steps: 474929	Episode: 620/975	Avg reward: -17.90	Avg steps: 937
2020-07-02 02:42:18,500	INFO	Total steps: 496318	Episode: 640/1147	Avg reward: -16.95	Avg steps: 1068
2020-07-02 02:54:06,537	INFO	Total steps: 518756	Episode: 660/1203	Avg reward: -16.30	Avg steps: 1120
2020-07-02 03:06:25,546	INFO	Total steps: 543324	Episode: 680/896	Avg reward: -16.45	Avg steps: 1227
2020-07-02 03:18:47,020	INFO	Total steps: 567146	Episode: 700/1112	Avg reward: -16.50	Avg steps: 1190
2020-07-02 03:31:54,637	INFO	Total steps: 591942	Episode: 720/1646	Avg reward: -15.90	Avg steps: 1238
2020-07-02 03:45:06,373	INFO	Total steps: 617425	Episode: 740/1465	Avg reward: -16.25	Avg steps: 1273
2020-07-02 03:58:34,347	INFO	Total steps: 642116	Episode: 760/869	Avg reward: -15.85	Avg steps: 1233
2020-07-02 04:13:07,872	INFO	Total steps: 669076	Episode: 780/2008	Avg reward: -15.40	Avg steps: 1347
2020-07-02 04:27:37,191	INFO	Total steps: 696264	Episode: 800/1681	Avg reward: -14.90	Avg steps: 1358
2020-07-02 04:42:39,255	INFO	Total steps: 724209	Episode: 820/1265	Avg reward: -15.65	Avg steps: 1396
2020-07-02 04:59:55,782	INFO	Total steps: 756260	Episode: 840/1299	Avg reward: -14.55	Avg steps: 1601
2020-07-02 05:17:09,130	INFO	Total steps: 788138	Episode: 860/1056	Avg reward: -13.90	Avg steps: 1592
2020-07-02 05:34:41,266	INFO	Total steps: 820740	Episode: 880/987	Avg reward: -13.30	Avg steps: 1629
2020-07-02 05:51:28,252	INFO	Total steps: 851712	Episode: 900/1452	Avg reward: -15.20	Avg steps: 1547
2020-07-02 06:06:29,722	INFO	Total steps: 879673	Episode: 920/1448	Avg reward: -15.60	Avg steps: 1397
2020-07-02 06:22:25,992	INFO	Total steps: 909056	Episode: 940/1292	Avg reward: -15.05	Avg steps: 1468
2020-07-02 06:39:44,151	INFO	Total steps: 941045	Episode: 960/1161	Avg reward: -14.05	Avg steps: 1598
2020-07-02 06:56:32,066	INFO	Total steps: 972101	Episode: 980/1649	Avg reward: -14.80	Avg steps: 1551
2020-07-02 07:13:47,166	INFO	Total steps: 1003654	Episode: 1000/1270	Avg reward: -14.10	Avg steps: 1576
2020-07-02 07:29:16,208	INFO	Total steps: 1032128	Episode: 1020/1621	Avg reward: -14.60	Avg steps: 1422
2020-07-02 07:44:52,360	INFO	Total steps: 1060986	Episode: 1040/1152	Avg reward: -14.60	Avg steps: 1441
2020-07-02 08:02:38,470	INFO	Total steps: 1093615	Episode: 1060/1163	Avg reward: -13.30	Avg steps: 1630
2020-07-02 08:17:49,641	INFO	Total steps: 1121388	Episode: 1080/1828	Avg reward: -14.30	Avg steps: 1387
2020-07-02 08:34:45,508	INFO	Total steps: 1152614	Episode: 1100/1131	Avg reward: -13.75	Avg steps: 1560
2020-07-02 08:52:15,696	INFO	Total steps: 1184789	Episode: 1120/1243	Avg reward: -14.05	Avg steps: 1607
2020-07-02 09:11:18,597	INFO	Total steps: 1219768	Episode: 1140/1802	Avg reward: -11.90	Avg steps: 1747
2020-07-02 09:32:34,160	INFO	Total steps: 1258857	Episode: 1160/3317	Avg reward: -10.45	Avg steps: 1953
2020-07-02 09:53:01,438	INFO	Total steps: 1297500	Episode: 1180/2728	Avg reward: -12.00	Avg steps: 1931
2020-07-02 10:15:27,912	INFO	Total steps: 1338895	Episode: 1200/2357	Avg reward: -10.90	Avg steps: 2068
2020-07-02 10:39:04,652	INFO	Total steps: 1382385	Episode: 1220/1928	Avg reward: -10.50	Avg steps: 2173
2020-07-02 11:00:52,308	INFO	Total steps: 1422308	Episode: 1240/1624	Avg reward: -11.55	Avg steps: 1995
2020-07-02 11:25:03,024	INFO	Total steps: 1466384	Episode: 1260/1991	Avg reward: -9.70	Avg steps: 2202
2020-07-02 11:51:55,242	INFO	Total steps: 1515440	Episode: 1280/2227	Avg reward: -8.80	Avg steps: 2451
2020-07-02 12:17:33,120	INFO	Total steps: 1561981	Episode: 1300/2362	Avg reward: -9.00	Avg steps: 2326
2020-07-02 12:42:13,466	INFO	Total steps: 1606730	Episode: 1320/2465	Avg reward: -8.90	Avg steps: 2236
2020-07-02 13:05:54,978	INFO	Total steps: 1650056	Episode: 1340/2888	Avg reward: -11.65	Avg steps: 2165
2020-07-02 13:30:18,015	INFO	Total steps: 1694676	Episode: 1360/1897	Avg reward: -9.90	Avg steps: 2230
2020-07-02 13:54:32,921	INFO	Total steps: 1739065	Episode: 1380/1996	Avg reward: -10.15	Avg steps: 2218
2020-07-02 14:21:00,072	INFO	Total steps: 1787395	Episode: 1400/3227	Avg reward: -8.35	Avg steps: 2415
2020-07-02 14:48:42,869	INFO	Total steps: 1837969	Episode: 1420/2691	Avg reward: -6.35	Avg steps: 2527
2020-07-02 15:15:55,795	INFO	Total steps: 1887513	Episode: 1440/3167	Avg reward: -7.00	Avg steps: 2476
2020-07-02 15:49:28,857	INFO	Total steps: 1948308	Episode: 1460/3131	Avg reward: -6.30	Avg steps: 3038
2020-07-02 16:20:28,415	INFO	Total steps: 2004594	Episode: 1480/3004	Avg reward: -7.25	Avg steps: 2813
2020-07-02 16:48:40,754	INFO	Total steps: 2055758	Episode: 1500/1477	Avg reward: -6.85	Avg steps: 2557
2020-07-02 17:18:06,863	INFO	Total steps: 2109124	Episode: 1520/1908	Avg reward: -6.20	Avg steps: 2667
2020-07-02 17:45:36,890	INFO	Total steps: 2159165	Episode: 1540/2880	Avg reward: -7.60	Avg steps: 2501
2020-07-02 18:16:20,764	INFO	Total steps: 2216173	Episode: 1560/2881	Avg reward: -5.15	Avg steps: 2849
2020-07-02 18:43:36,918	INFO	Total steps: 2266053	Episode: 1580/1622	Avg reward: -6.75	Avg steps: 2493
2020-07-02 19:15:03,866	INFO	Total steps: 2323549	Episode: 1600/3779	Avg reward: -3.75	Avg steps: 2873
2020-07-02 19:49:45,014	INFO	Total steps: 2387319	Episode: 1620/2368	Avg reward: -0.55	Avg steps: 3187
2020-07-02 20:21:42,442	INFO	Total steps: 2446551	Episode: 1640/3272	Avg reward: -0.70	Avg steps: 2960
2020-07-02 20:54:14,575	INFO	Total steps: 2506357	Episode: 1660/3217	Avg reward: -2.95	Avg steps: 2989
2020-07-02 21:29:04,277	INFO	Total steps: 2569859	Episode: 1680/3553	Avg reward: -2.10	Avg steps: 3174
2020-07-02 22:02:05,307	INFO	Total steps: 2630254	Episode: 1700/3300	Avg reward: -0.85	Avg steps: 3018
2020-07-02 22:37:56,866	INFO	Total steps: 2697161	Episode: 1720/3340	Avg reward: 0.35	Avg steps: 3344
2020-07-02 23:10:11,075	INFO	Total steps: 2758498	Episode: 1740/3568	Avg reward: 0.70	Avg steps: 3065
2020-07-02 23:43:48,361	INFO	Total steps: 2820644	Episode: 1760/3747	Avg reward: -0.90	Avg steps: 3106
2020-07-03 00:22:35,946	INFO	Total steps: 2891209	Episode: 1780/3988	Avg reward: -0.30	Avg steps: 3527
2020-07-03 00:56:51,636	INFO	Total steps: 2954174	Episode: 1800/3159	Avg reward: 0.40	Avg steps: 3147
2020-07-03 01:36:51,535	INFO	Total steps: 3027154	Episode: 1820/3433	Avg reward: -0.95	Avg steps: 3648
2020-07-03 02:12:11,491	INFO	Total steps: 3091234	Episode: 1840/3683	Avg reward: 0.00	Avg steps: 3203
2020-07-03 02:45:28,107	INFO	Total steps: 3152227	Episode: 1860/2571	Avg reward: 2.75	Avg steps: 3048
2020-07-03 03:21:08,599	INFO	Total steps: 3217460	Episode: 1880/3849	Avg reward: -0.25	Avg steps: 3260
2020-07-03 03:57:29,274	INFO	Total steps: 3284821	Episode: 1900/3616	Avg reward: 2.45	Avg steps: 3367
2020-07-03 04:28:48,472	INFO	Total steps: 3343691	Episode: 1920/2575	Avg reward: 4.10	Avg steps: 2942
2020-07-03 05:03:48,535	INFO	Total steps: 3409135	Episode: 1940/2506	Avg reward: 2.35	Avg steps: 3271
2020-07-03 05:41:14,319	INFO	Total steps: 3478365	Episode: 1960/3420	Avg reward: 3.45	Avg steps: 3460
2020-07-03 06:15:01,931	INFO	Total steps: 3541029	Episode: 1980/3623	Avg reward: 1.10	Avg steps: 3132
2020-07-03 06:49:37,603	INFO	Total steps: 3606311	Episode: 2000/3807	Avg reward: 3.80	Avg steps: 3263
2020-07-03 07:23:42,609	INFO	Total steps: 3669711	Episode: 2020/2900	Avg reward: 2.15	Avg steps: 3169
2020-07-03 07:56:06,014	INFO	Total steps: 3731186	Episode: 2040/3925	Avg reward: 3.85	Avg steps: 3072
2020-07-03 08:28:43,936	INFO	Total steps: 3792405	Episode: 2060/2592	Avg reward: 4.30	Avg steps: 3059
2020-07-03 09:01:43,010	INFO	Total steps: 3853970	Episode: 2080/5105	Avg reward: 0.95	Avg steps: 3077
2020-07-03 09:38:11,979	INFO	Total steps: 3921210	Episode: 2100/3197	Avg reward: 2.05	Avg steps: 3361
2020-07-03 10:11:37,805	INFO	Total steps: 3983315	Episode: 2120/3985	Avg reward: 4.00	Avg steps: 3104
2020-07-03 10:47:18,472	INFO	Total steps: 4050097	Episode: 2140/3604	Avg reward: 3.35	Avg steps: 3338
2020-07-03 11:25:04,722	INFO	Total steps: 4119979	Episode: 2160/3818	Avg reward: 4.35	Avg steps: 3493
2020-07-03 11:57:50,240	INFO	Total steps: 4181255	Episode: 2180/3707	Avg reward: 6.10	Avg steps: 3062
2020-07-03 12:30:12,787	INFO	Total steps: 4242963	Episode: 2200/2759	Avg reward: 4.45	Avg steps: 3084
2020-07-03 13:01:30,101	INFO	Total steps: 4302577	Episode: 2220/2793	Avg reward: 9.00	Avg steps: 2979
2020-07-03 13:37:13,301	INFO	Total steps: 4369507	Episode: 2240/3446	Avg reward: 5.40	Avg steps: 3345
2020-07-03 14:10:35,775	INFO	Total steps: 4431852	Episode: 2260/3613	Avg reward: 4.80	Avg steps: 3116
2020-07-03 14:44:01,954	INFO	Total steps: 4494221	Episode: 2280/3202	Avg reward: 8.50	Avg steps: 3117
2020-07-03 15:18:50,089	INFO	Total steps: 4560285	Episode: 2300/3667	Avg reward: 6.05	Avg steps: 3302
2020-07-03 15:52:36,299	INFO	Total steps: 4625045	Episode: 2320/3077	Avg reward: 6.25	Avg steps: 3237
2020-07-03 16:26:05,936	INFO	Total steps: 4688628	Episode: 2340/3432	Avg reward: 3.65	Avg steps: 3178
2020-07-03 17:04:39,832	INFO	Total steps: 4760482	Episode: 2360/3050	Avg reward: 3.45	Avg steps: 3591
2020-07-03 17:38:51,336	INFO	Total steps: 4826018	Episode: 2380/2617	Avg reward: 4.05	Avg steps: 3275
2020-07-03 18:14:57,450	INFO	Total steps: 4894035	Episode: 2400/3637	Avg reward: 5.50	Avg steps: 3399
2020-07-03 18:51:31,522	INFO	Total steps: 4961032	Episode: 2420/3808	Avg reward: 6.30	Avg steps: 3348
2020-07-03 19:28:32,838	INFO	Total steps: 5029993	Episode: 2440/4531	Avg reward: 4.10	Avg steps: 3447
2020-07-03 20:09:05,597	INFO	Total steps: 5105937	Episode: 2460/3885	Avg reward: 4.70	Avg steps: 3796
2020-07-03 20:44:42,196	INFO	Total steps: 5172135	Episode: 2480/3284	Avg reward: 3.35	Avg steps: 3308
2020-07-03 21:17:16,188	INFO	Total steps: 5235140	Episode: 2500/2824	Avg reward: 7.80	Avg steps: 3149
2020-07-03 21:50:15,434	INFO	Total steps: 5300868	Episode: 2520/3606	Avg reward: 6.85	Avg steps: 3285
2020-07-03 22:25:43,310	INFO	Total steps: 5367518	Episode: 2540/2880	Avg reward: 5.20	Avg steps: 3331
2020-07-03 22:59:39,916	INFO	Total steps: 5432488	Episode: 2560/2888	Avg reward: 7.20	Avg steps: 3247
2020-07-03 23:37:59,979	INFO	Total steps: 5505171	Episode: 2580/4773	Avg reward: 6.50	Avg steps: 3633
2020-07-04 00:12:58,194	INFO	Total steps: 5572267	Episode: 2600/2977	Avg reward: 6.85	Avg steps: 3353
2020-07-04 00:49:34,034	INFO	Total steps: 5640362	Episode: 2620/3341	Avg reward: 7.85	Avg steps: 3403
2020-07-04 01:25:39,127	INFO	Total steps: 5708424	Episode: 2640/4115	Avg reward: 7.25	Avg steps: 3402
2020-07-04 02:01:10,867	INFO	Total steps: 5776592	Episode: 2660/2966	Avg reward: 6.70	Avg steps: 3407
2020-07-04 02:34:19,493	INFO	Total steps: 5842080	Episode: 2680/3222	Avg reward: 8.65	Avg steps: 3273
2020-07-04 03:09:17,431	INFO	Total steps: 5912029	Episode: 2700/2976	Avg reward: 8.00	Avg steps: 3496
2020-07-04 03:41:26,598	INFO	Total steps: 5976708	Episode: 2720/3299	Avg reward: 8.65	Avg steps: 3232
2020-07-04 04:15:38,535	INFO	Total steps: 6044737	Episode: 2740/3876	Avg reward: 8.10	Avg steps: 3400
2020-07-04 04:49:03,191	INFO	Total steps: 6114145	Episode: 2760/2946	Avg reward: 8.75	Avg steps: 3469
2020-07-04 05:18:24,006	INFO	Total steps: 6184618	Episode: 2780/3086	Avg reward: 6.50	Avg steps: 3522
2020-07-04 05:45:53,470	INFO	Total steps: 6250033	Episode: 2800/3141	Avg reward: 7.45	Avg steps: 3269
2020-07-04 06:13:41,868	INFO	Total steps: 6315511	Episode: 2820/3137	Avg reward: 9.95	Avg steps: 3272
2020-07-04 06:40:29,759	INFO	Total steps: 6379103	Episode: 2840/2660	Avg reward: 7.40	Avg steps: 3178
2020-07-04 07:06:44,427	INFO	Total steps: 6441209	Episode: 2860/3201	Avg reward: 7.80	Avg steps: 3104
2020-07-04 07:33:46,286	INFO	Total steps: 6502497	Episode: 2880/2831	Avg reward: 8.15	Avg steps: 3063
2020-07-04 08:00:03,216	INFO	Total steps: 6566773	Episode: 2900/2660	Avg reward: 8.45	Avg steps: 3212
2020-07-04 08:27:38,001	INFO	Total steps: 6634001	Episode: 2920/2786	Avg reward: 8.20	Avg steps: 3360
2020-07-04 08:54:14,127	INFO	Total steps: 6698874	Episode: 2940/2862	Avg reward: 9.95	Avg steps: 3242
2020-07-04 09:23:37,754	INFO	Total steps: 6771157	Episode: 2960/3679	Avg reward: 6.40	Avg steps: 3613
2020-07-04 09:49:26,625	INFO	Total steps: 6835379	Episode: 2980/3246	Avg reward: 8.80	Avg steps: 3210
2020-07-04 10:15:59,217	INFO	Total steps: 6901691	Episode: 3000/3704	Avg reward: 8.50	Avg steps: 3314
2020-07-04 10:42:27,026	INFO	Total steps: 6970580	Episode: 3020/2992	Avg reward: 8.90	Avg steps: 3443
2020-07-04 11:08:54,457	INFO	Total steps: 7038719	Episode: 3040/4526	Avg reward: 7.10	Avg steps: 3405
2020-07-04 11:34:58,553	INFO	Total steps: 7106303	Episode: 3060/4032	Avg reward: 9.20	Avg steps: 3378
2020-07-04 12:00:22,667	INFO	Total steps: 7171848	Episode: 3080/4095	Avg reward: 9.80	Avg steps: 3276
2020-07-04 12:25:18,544	INFO	Total steps: 7236381	Episode: 3100/3882	Avg reward: 10.25	Avg steps: 3225
2020-07-04 12:49:07,623	INFO	Total steps: 7298023	Episode: 3120/3160	Avg reward: 9.95	Avg steps: 3081
2020-07-04 13:14:15,912	INFO	Total steps: 7363663	Episode: 3140/3103	Avg reward: 10.45	Avg steps: 3281
2020-07-04 13:41:25,629	INFO	Total steps: 7434029	Episode: 3160/3556	Avg reward: 7.15	Avg steps: 3517
2020-07-04 14:07:29,593	INFO	Total steps: 7501086	Episode: 3180/3541	Avg reward: 8.10	Avg steps: 3351
2020-07-04 14:31:26,947	INFO	Total steps: 7563372	Episode: 3200/3743	Avg reward: 9.90	Avg steps: 3113
2020-07-04 14:56:33,668	INFO	Total steps: 7628651	Episode: 3220/3170	Avg reward: 10.85	Avg steps: 3262
2020-07-04 15:24:14,428	INFO	Total steps: 7700090	Episode: 3240/2868	Avg reward: 9.35	Avg steps: 3570
2020-07-04 15:49:59,512	INFO	Total steps: 7768456	Episode: 3260/3891	Avg reward: 8.15	Avg steps: 3417
2020-07-04 16:11:29,178	INFO	Total steps: 7826749	Episode: 3280/3337	Avg reward: 12.50	Avg steps: 2913
2020-07-04 16:34:19,380	INFO	Total steps: 7888500	Episode: 3300/3023	Avg reward: 11.10	Avg steps: 3086
2020-07-04 16:59:50,453	INFO	Total steps: 7957416	Episode: 3320/3654	Avg reward: 9.05	Avg steps: 3444
2020-07-04 17:21:53,632	INFO	Total steps: 8020030	Episode: 3340/2372	Avg reward: 11.80	Avg steps: 3129
2020-07-04 17:41:15,569	INFO	Total steps: 8087007	Episode: 3360/2561	Avg reward: 8.60	Avg steps: 3347
2020-07-04 17:59:21,782	INFO	Total steps: 8150846	Episode: 3380/3953	Avg reward: 9.55	Avg steps: 3190
2020-07-04 18:17:15,132	INFO	Total steps: 8213991	Episode: 3400/2445	Avg reward: 10.55	Avg steps: 3156
2020-07-04 18:36:01,686	INFO	Total steps: 8280952	Episode: 3420/2664	Avg reward: 9.95	Avg steps: 3347
2020-07-04 18:54:23,930	INFO	Total steps: 8345563	Episode: 3440/2403	Avg reward: 9.05	Avg steps: 3229
2020-07-04 19:13:19,686	INFO	Total steps: 8411693	Episode: 3460/3607	Avg reward: 8.50	Avg steps: 3305
2020-07-04 19:33:37,585	INFO	Total steps: 8482912	Episode: 3480/3339	Avg reward: 8.75	Avg steps: 3559
2020-07-04 19:53:09,123	INFO	Total steps: 8549780	Episode: 3500/3229	Avg reward: 10.05	Avg steps: 3342
2020-07-04 20:12:17,763	INFO	Total steps: 8615833	Episode: 3520/4691	Avg reward: 10.05	Avg steps: 3301
2020-07-04 20:31:54,019	INFO	Total steps: 8684852	Episode: 3540/3609	Avg reward: 7.50	Avg steps: 3449
2020-07-04 20:52:10,600	INFO	Total steps: 8756529	Episode: 3560/4170	Avg reward: 8.65	Avg steps: 3582
2020-07-04 21:12:20,241	INFO	Total steps: 8826056	Episode: 3580/3988	Avg reward: 7.20	Avg steps: 3475
2020-07-04 21:31:55,031	INFO	Total steps: 8895606	Episode: 3600/3444	Avg reward: 6.85	Avg steps: 3476
2020-07-04 21:52:14,988	INFO	Total steps: 8968119	Episode: 3620/3661	Avg reward: 7.95	Avg steps: 3624
2020-07-04 22:12:30,980	INFO	Total steps: 9039258	Episode: 3640/3520	Avg reward: 6.40	Avg steps: 3555
2020-07-04 22:32:12,694	INFO	Total steps: 9107867	Episode: 3660/3511	Avg reward: 7.10	Avg steps: 3429
2020-07-04 22:49:48,807	INFO	Total steps: 9170174	Episode: 3680/2380	Avg reward: 8.45	Avg steps: 3114
2020-07-04 23:07:38,352	INFO	Total steps: 9232973	Episode: 3700/3534	Avg reward: 8.30	Avg steps: 3138
2020-07-04 23:26:02,617	INFO	Total steps: 9297690	Episode: 3720/4083	Avg reward: 8.25	Avg steps: 3234
2020-07-04 23:46:01,696	INFO	Total steps: 9366007	Episode: 3740/3551	Avg reward: 4.00	Avg steps: 3414
2020-07-05 00:06:27,623	INFO	Total steps: 9434471	Episode: 3760/2659	Avg reward: 6.05	Avg steps: 3422
2020-07-05 00:26:24,699	INFO	Total steps: 9501801	Episode: 3780/3468	Avg reward: 5.85	Avg steps: 3365
2020-07-05 00:46:40,764	INFO	Total steps: 9569820	Episode: 3800/3448	Avg reward: 7.75	Avg steps: 3399
2020-07-05 01:07:45,912	INFO	Total steps: 9640159	Episode: 3820/3084	Avg reward: 6.20	Avg steps: 3515
2020-07-05 01:27:39,758	INFO	Total steps: 9706704	Episode: 3840/3414	Avg reward: 5.85	Avg steps: 3326
2020-07-05 01:47:23,677	INFO	Total steps: 9772790	Episode: 3860/3559	Avg reward: 6.20	Avg steps: 3303
2020-07-05 02:07:45,271	INFO	Total steps: 9840588	Episode: 3880/3157	Avg reward: 7.75	Avg steps: 3388
2020-07-05 02:26:58,730	INFO	Total steps: 9904026	Episode: 3900/2796	Avg reward: 4.90	Avg steps: 3170
2020-07-05 02:45:49,318	INFO	Total steps: 9965860	Episode: 3920/2795	Avg reward: 6.60	Avg steps: 3090
2020-07-05 03:05:30,707	INFO	Total steps: 10030544	Episode: 3940/2881	Avg reward: 7.05	Avg steps: 3233
2020-07-05 03:24:53,083	INFO	Total steps: 10094276	Episode: 3960/2971	Avg reward: 4.55	Avg steps: 3185
2020-07-05 03:45:49,771	INFO	Total steps: 10162253	Episode: 3980/3346	Avg reward: 5.75	Avg steps: 3397
2020-07-05 04:05:17,338	INFO	Total steps: 10224691	Episode: 4000/3486	Avg reward: 6.25	Avg steps: 3120
2020-07-06 17:22:55,438	INFO	--width 160 --height 160 --ball 1.0 --ball-size 2.0 --snell 1.0 --snell-width 80.0 --snell-change 0.0 --snell-visible none --paddle-speed 1.0 --paddle-angle 75.0 --paddle-length 10.0 --update-prob 0.4 --state binary --learning-rate 0.0001 --network dqn_pong_model --render False --epsdecay 1000 --episodes 4000 --replay 10000 --checkpoint dqn_pong_model --history history.p --store-dir ../experiments/snell_width.80.0-paddle_length.10.0-paddle_angle.75.0-update_prob.0.4 
2020-07-06 17:22:55,558	INFO	Device: cuda
2020-07-06 17:24:25,667	INFO	Total steps: 10858	Episode: 20/453	Avg reward: -19.50	Avg steps: 541
2020-07-06 17:29:28,435	INFO	Total steps: 21754	Episode: 40/597	Avg reward: -19.60	Avg steps: 543
2020-07-06 17:34:52,990	INFO	Total steps: 33299	Episode: 60/615	Avg reward: -19.50	Avg steps: 576
2020-07-06 17:41:03,630	INFO	Total steps: 46077	Episode: 80/591	Avg reward: -19.45	Avg steps: 637
2020-07-06 17:48:13,175	INFO	Total steps: 61126	Episode: 100/817	Avg reward: -18.40	Avg steps: 751
2020-07-06 17:54:16,907	INFO	Total steps: 74904	Episode: 120/666	Avg reward: -19.05	Avg steps: 687
2020-07-06 18:00:32,240	INFO	Total steps: 88530	Episode: 140/751	Avg reward: -18.80	Avg steps: 680
2020-07-06 18:06:40,722	INFO	Total steps: 101783	Episode: 160/823	Avg reward: -19.20	Avg steps: 661
2020-07-06 18:12:51,994	INFO	Total steps: 115592	Episode: 180/789	Avg reward: -18.80	Avg steps: 689
2020-07-06 18:18:50,852	INFO	Total steps: 129327	Episode: 200/597	Avg reward: -18.95	Avg steps: 685
2020-07-06 18:24:32,185	INFO	Total steps: 142570	Episode: 220/671	Avg reward: -19.25	Avg steps: 661
2020-07-06 18:30:36,073	INFO	Total steps: 156622	Episode: 240/755	Avg reward: -18.90	Avg steps: 701
2020-07-06 18:36:16,589	INFO	Total steps: 169905	Episode: 260/757	Avg reward: -18.85	Avg steps: 663
2020-07-06 18:42:08,555	INFO	Total steps: 183593	Episode: 280/607	Avg reward: -18.90	Avg steps: 683
2020-07-06 18:48:48,475	INFO	Total steps: 199206	Episode: 300/537	Avg reward: -19.05	Avg steps: 779
2020-07-06 18:55:14,033	INFO	Total steps: 214123	Episode: 320/915	Avg reward: -18.75	Avg steps: 744
2020-07-06 19:01:36,840	INFO	Total steps: 228801	Episode: 340/691	Avg reward: -19.30	Avg steps: 732
2020-07-06 19:09:08,473	INFO	Total steps: 246614	Episode: 360/831	Avg reward: -18.40	Avg steps: 889
2020-07-06 19:16:08,910	INFO	Total steps: 262522	Episode: 380/797	Avg reward: -18.70	Avg steps: 794
2020-07-06 19:23:38,788	INFO	Total steps: 279468	Episode: 400/733	Avg reward: -18.25	Avg steps: 846
2020-07-06 19:31:07,901	INFO	Total steps: 296325	Episode: 420/1100	Avg reward: -18.60	Avg steps: 841
2020-07-06 19:39:48,701	INFO	Total steps: 314537	Episode: 440/808	Avg reward: -17.65	Avg steps: 909
2020-07-06 19:48:48,994	INFO	Total steps: 333087	Episode: 460/989	Avg reward: -18.00	Avg steps: 926
2020-07-06 19:58:46,869	INFO	Total steps: 352946	Episode: 480/1291	Avg reward: -18.30	Avg steps: 991
2020-07-06 20:07:53,869	INFO	Total steps: 372327	Episode: 500/1213	Avg reward: -17.90	Avg steps: 968
2020-07-06 20:15:46,925	INFO	Total steps: 390580	Episode: 520/1191	Avg reward: -17.60	Avg steps: 911
2020-07-06 20:23:27,839	INFO	Total steps: 408086	Episode: 540/734	Avg reward: -17.95	Avg steps: 874
2020-07-06 20:32:02,569	INFO	Total steps: 427052	Episode: 560/1017	Avg reward: -17.70	Avg steps: 947
2020-07-06 20:41:11,573	INFO	Total steps: 447334	Episode: 580/1097	Avg reward: -17.50	Avg steps: 1013
2020-07-06 20:49:48,740	INFO	Total steps: 466598	Episode: 600/892	Avg reward: -17.95	Avg steps: 962
2020-07-06 20:58:56,602	INFO	Total steps: 486680	Episode: 620/1055	Avg reward: -17.50	Avg steps: 1003
2020-07-06 21:09:40,720	INFO	Total steps: 509556	Episode: 640/1496	Avg reward: -15.80	Avg steps: 1142
2020-07-06 21:21:15,309	INFO	Total steps: 532005	Episode: 660/908	Avg reward: -16.65	Avg steps: 1121
2020-07-06 21:32:39,759	INFO	Total steps: 554338	Episode: 680/1228	Avg reward: -16.90	Avg steps: 1115
2020-07-06 21:43:41,737	INFO	Total steps: 575926	Episode: 700/1190	Avg reward: -17.10	Avg steps: 1078
2020-07-06 21:53:58,498	INFO	Total steps: 596407	Episode: 720/1044	Avg reward: -17.00	Avg steps: 1023
2020-07-06 22:06:11,111	INFO	Total steps: 620479	Episode: 740/771	Avg reward: -16.70	Avg steps: 1202
2020-07-06 22:19:50,217	INFO	Total steps: 647059	Episode: 760/1128	Avg reward: -15.50	Avg steps: 1328
2020-07-06 22:31:43,296	INFO	Total steps: 670212	Episode: 780/1516	Avg reward: -16.50	Avg steps: 1156
2020-07-06 22:45:49,739	INFO	Total steps: 698070	Episode: 800/999	Avg reward: -15.15	Avg steps: 1391
2020-07-06 22:59:09,892	INFO	Total steps: 724539	Episode: 820/1043	Avg reward: -15.10	Avg steps: 1322
2020-07-06 23:13:05,659	INFO	Total steps: 752477	Episode: 840/1626	Avg reward: -14.60	Avg steps: 1395
2020-07-06 23:28:34,469	INFO	Total steps: 783030	Episode: 860/1766	Avg reward: -15.35	Avg steps: 1526
2020-07-06 23:42:13,665	INFO	Total steps: 809856	Episode: 880/1538	Avg reward: -15.45	Avg steps: 1340
2020-07-06 23:57:42,129	INFO	Total steps: 840441	Episode: 900/2477	Avg reward: -13.40	Avg steps: 1528
2020-07-07 00:12:00,885	INFO	Total steps: 869018	Episode: 920/1126	Avg reward: -14.65	Avg steps: 1427
2020-07-07 00:25:51,793	INFO	Total steps: 896785	Episode: 940/2130	Avg reward: -15.05	Avg steps: 1387
2020-07-07 00:39:45,321	INFO	Total steps: 924693	Episode: 960/1524	Avg reward: -14.85	Avg steps: 1394
2020-07-07 00:55:55,072	INFO	Total steps: 956829	Episode: 980/2001	Avg reward: -14.40	Avg steps: 1605
2020-07-07 01:11:57,544	INFO	Total steps: 988478	Episode: 1000/1479	Avg reward: -13.85	Avg steps: 1581
2020-07-07 01:29:17,213	INFO	Total steps: 1021126	Episode: 1020/1914	Avg reward: -14.10	Avg steps: 1631
2020-07-07 01:45:32,621	INFO	Total steps: 1052439	Episode: 1040/1531	Avg reward: -13.85	Avg steps: 1564
2020-07-07 02:03:36,266	INFO	Total steps: 1087310	Episode: 1060/2047	Avg reward: -12.40	Avg steps: 1742
2020-07-07 02:20:58,293	INFO	Total steps: 1120609	Episode: 1080/2075	Avg reward: -12.20	Avg steps: 1663
2020-07-07 02:39:48,834	INFO	Total steps: 1156121	Episode: 1100/1728	Avg reward: -12.30	Avg steps: 1774
2020-07-07 02:59:02,059	INFO	Total steps: 1192313	Episode: 1120/2498	Avg reward: -12.80	Avg steps: 1808
2020-07-07 03:21:08,569	INFO	Total steps: 1233707	Episode: 1140/2211	Avg reward: -10.65	Avg steps: 2068
2020-07-07 03:42:35,561	INFO	Total steps: 1273539	Episode: 1160/2804	Avg reward: -11.60	Avg steps: 1990
2020-07-07 04:03:42,268	INFO	Total steps: 1312783	Episode: 1180/2328	Avg reward: -10.95	Avg steps: 1961
2020-07-07 04:24:46,006	INFO	Total steps: 1351802	Episode: 1200/1963	Avg reward: -11.85	Avg steps: 1949
2020-07-07 04:45:09,419	INFO	Total steps: 1389586	Episode: 1220/1052	Avg reward: -12.00	Avg steps: 1888
2020-07-07 05:10:07,562	INFO	Total steps: 1436278	Episode: 1240/2681	Avg reward: -9.25	Avg steps: 2333
2020-07-07 05:35:22,849	INFO	Total steps: 1483330	Episode: 1260/2085	Avg reward: -9.60	Avg steps: 2351
2020-07-07 05:58:43,902	INFO	Total steps: 1526752	Episode: 1280/2150	Avg reward: -10.60	Avg steps: 2170
2020-07-07 06:22:46,130	INFO	Total steps: 1571253	Episode: 1300/2329	Avg reward: -9.90	Avg steps: 2224
2020-07-07 06:46:13,410	INFO	Total steps: 1614855	Episode: 1320/1651	Avg reward: -9.65	Avg steps: 2179
2020-07-07 07:08:00,929	INFO	Total steps: 1655248	Episode: 1340/1299	Avg reward: -10.30	Avg steps: 2018
2020-07-07 07:33:16,444	INFO	Total steps: 1702029	Episode: 1360/2543	Avg reward: -7.15	Avg steps: 2338
2020-07-07 07:59:22,034	INFO	Total steps: 1750207	Episode: 1380/3049	Avg reward: -9.10	Avg steps: 2407
2020-07-07 08:24:05,718	INFO	Total steps: 1796219	Episode: 1400/2332	Avg reward: -8.90	Avg steps: 2299
2020-07-07 08:47:35,593	INFO	Total steps: 1840154	Episode: 1420/2037	Avg reward: -9.60	Avg steps: 2195
2020-07-07 09:10:45,752	INFO	Total steps: 1883936	Episode: 1440/2572	Avg reward: -9.15	Avg steps: 2188
2020-07-07 09:36:15,847	INFO	Total steps: 1932109	Episode: 1460/3299	Avg reward: -8.15	Avg steps: 2407
2020-07-07 10:03:54,638	INFO	Total steps: 1984328	Episode: 1480/1758	Avg reward: -8.35	Avg steps: 2609
2020-07-07 10:32:41,216	INFO	Total steps: 2038708	Episode: 1500/2579	Avg reward: -6.15	Avg steps: 2718
2020-07-07 11:01:00,516	INFO	Total steps: 2092087	Episode: 1520/2561	Avg reward: -5.95	Avg steps: 2667
2020-07-07 11:31:25,394	INFO	Total steps: 2148562	Episode: 1540/2369	Avg reward: -4.75	Avg steps: 2822
2020-07-07 12:00:17,924	INFO	Total steps: 2201874	Episode: 1560/3177	Avg reward: -4.80	Avg steps: 2664
2020-07-07 12:27:36,305	INFO	Total steps: 2252343	Episode: 1580/2780	Avg reward: -6.80	Avg steps: 2522
2020-07-07 12:53:12,610	INFO	Total steps: 2299806	Episode: 1600/2326	Avg reward: -8.70	Avg steps: 2372
2020-07-07 13:21:13,254	INFO	Total steps: 2351389	Episode: 1620/1941	Avg reward: -7.35	Avg steps: 2578
2020-07-07 13:49:34,579	INFO	Total steps: 2403647	Episode: 1640/2864	Avg reward: -7.20	Avg steps: 2611
2020-07-07 14:24:51,541	INFO	Total steps: 2468294	Episode: 1660/2269	Avg reward: -1.95	Avg steps: 3231
2020-07-07 14:55:46,340	INFO	Total steps: 2527471	Episode: 1680/2783	Avg reward: -3.55	Avg steps: 2957
2020-07-07 15:25:08,385	INFO	Total steps: 2588553	Episode: 1700/2771	Avg reward: -2.60	Avg steps: 3053
2020-07-07 15:57:14,156	INFO	Total steps: 2649166	Episode: 1720/2629	Avg reward: -2.80	Avg steps: 3029
2020-07-07 16:30:53,851	INFO	Total steps: 2711578	Episode: 1740/3077	Avg reward: -1.65	Avg steps: 3119
2020-07-07 16:58:38,822	INFO	Total steps: 2770105	Episode: 1760/2755	Avg reward: -0.90	Avg steps: 2925
2020-07-07 17:25:40,666	INFO	Total steps: 2827562	Episode: 1780/3008	Avg reward: -2.15	Avg steps: 2871
2020-07-07 17:52:29,689	INFO	Total steps: 2884896	Episode: 1800/2018	Avg reward: -3.90	Avg steps: 2865
2020-07-07 18:19:10,982	INFO	Total steps: 2942767	Episode: 1820/3484	Avg reward: -1.45	Avg steps: 2892
2020-07-07 18:47:30,357	INFO	Total steps: 3003955	Episode: 1840/3773	Avg reward: -1.85	Avg steps: 3058
2020-07-07 19:14:47,203	INFO	Total steps: 3063262	Episode: 1860/2448	Avg reward: -0.20	Avg steps: 2964
2020-07-07 19:42:23,554	INFO	Total steps: 3121983	Episode: 1880/2381	Avg reward: -2.75	Avg steps: 2935
2020-07-07 20:10:18,480	INFO	Total steps: 3181369	Episode: 1900/3436	Avg reward: -0.50	Avg steps: 2968
2020-07-07 20:40:37,669	INFO	Total steps: 3246062	Episode: 1920/3943	Avg reward: 1.50	Avg steps: 3233
2020-07-07 21:09:44,847	INFO	Total steps: 3308432	Episode: 1940/3207	Avg reward: -0.60	Avg steps: 3117
2020-07-07 21:37:23,954	INFO	Total steps: 3368227	Episode: 1960/3008	Avg reward: 2.30	Avg steps: 2988
2020-07-07 22:08:16,085	INFO	Total steps: 3432965	Episode: 1980/2796	Avg reward: 2.85	Avg steps: 3235
2020-07-07 22:39:58,570	INFO	Total steps: 3497497	Episode: 2000/2711	Avg reward: 2.90	Avg steps: 3225
2020-07-07 23:09:02,548	INFO	Total steps: 3557451	Episode: 2020/3407	Avg reward: 1.75	Avg steps: 2996
2020-07-07 23:39:15,675	INFO	Total steps: 3620419	Episode: 2040/3738	Avg reward: 0.10	Avg steps: 3147
2020-07-08 00:08:27,543	INFO	Total steps: 3681346	Episode: 2060/3389	Avg reward: 1.50	Avg steps: 3045
2020-07-08 00:40:56,169	INFO	Total steps: 3748822	Episode: 2080/3435	Avg reward: 1.05	Avg steps: 3372
2020-07-08 01:10:36,289	INFO	Total steps: 3810674	Episode: 2100/3303	Avg reward: 1.65	Avg steps: 3091
2020-07-08 01:40:47,927	INFO	Total steps: 3873574	Episode: 2120/2673	Avg reward: 4.65	Avg steps: 3144
2020-07-08 02:11:53,966	INFO	Total steps: 3938095	Episode: 2140/3223	Avg reward: 5.60	Avg steps: 3225
2020-07-08 02:41:14,579	INFO	Total steps: 3999573	Episode: 2160/2683	Avg reward: 3.85	Avg steps: 3072
2020-07-08 03:14:38,182	INFO	Total steps: 4065419	Episode: 2180/3286	Avg reward: 3.75	Avg steps: 3291
2020-07-08 03:45:52,814	INFO	Total steps: 4126540	Episode: 2200/3083	Avg reward: 3.70	Avg steps: 3055
2020-07-08 04:16:59,254	INFO	Total steps: 4187474	Episode: 2220/2488	Avg reward: 5.55	Avg steps: 3045
2020-07-08 04:51:29,918	INFO	Total steps: 4254846	Episode: 2240/2434	Avg reward: 5.70	Avg steps: 3367
2020-07-08 05:22:03,581	INFO	Total steps: 4314742	Episode: 2260/2858	Avg reward: 5.05	Avg steps: 2993
2020-07-08 05:54:17,394	INFO	Total steps: 4377975	Episode: 2280/2949	Avg reward: 7.00	Avg steps: 3160
2020-07-08 06:23:54,513	INFO	Total steps: 4435786	Episode: 2300/2071	Avg reward: 6.00	Avg steps: 2889
2020-07-08 06:55:54,550	INFO	Total steps: 4498476	Episode: 2320/2941	Avg reward: 2.90	Avg steps: 3133
2020-07-08 07:27:24,233	INFO	Total steps: 4559864	Episode: 2340/2417	Avg reward: 6.20	Avg steps: 3068
2020-07-08 07:57:25,204	INFO	Total steps: 4618471	Episode: 2360/3345	Avg reward: 4.75	Avg steps: 2929
2020-07-08 08:28:55,187	INFO	Total steps: 4679921	Episode: 2380/2507	Avg reward: 5.70	Avg steps: 3071
2020-07-08 09:02:57,038	INFO	Total steps: 4746381	Episode: 2400/3121	Avg reward: 6.25	Avg steps: 3322
2020-07-08 09:38:42,337	INFO	Total steps: 4816042	Episode: 2420/4931	Avg reward: 4.15	Avg steps: 3482
2020-07-08 10:09:53,562	INFO	Total steps: 4877060	Episode: 2440/3017	Avg reward: 7.15	Avg steps: 3049
2020-07-08 10:45:30,438	INFO	Total steps: 4946382	Episode: 2460/3197	Avg reward: 4.50	Avg steps: 3465
2020-07-08 11:17:45,147	INFO	Total steps: 5009290	Episode: 2480/2622	Avg reward: 8.55	Avg steps: 3144
2020-07-08 11:54:13,570	INFO	Total steps: 5078904	Episode: 2500/3434	Avg reward: 7.50	Avg steps: 3479
2020-07-08 12:27:38,205	INFO	Total steps: 5143772	Episode: 2520/3912	Avg reward: 6.35	Avg steps: 3242
2020-07-08 12:59:48,352	INFO	Total steps: 5207890	Episode: 2540/4038	Avg reward: 7.55	Avg steps: 3204
2020-07-08 13:31:24,184	INFO	Total steps: 5270952	Episode: 2560/3079	Avg reward: 6.50	Avg steps: 3152
2020-07-08 13:58:48,655	INFO	Total steps: 5332195	Episode: 2580/2837	Avg reward: 6.30	Avg steps: 3061
2020-07-08 14:19:15,717	INFO	Total steps: 5392983	Episode: 2600/4782	Avg reward: 8.30	Avg steps: 3038
2020-07-08 14:58:54,897	INFO	Total steps: 5456055	Episode: 2620/3074	Avg reward: 4.75	Avg steps: 3152
2020-07-08 15:30:19,238	INFO	Total steps: 5521906	Episode: 2640/3202	Avg reward: 7.25	Avg steps: 3291
2020-07-08 16:04:13,919	INFO	Total steps: 5581744	Episode: 2660/3993	Avg reward: 8.50	Avg steps: 2990
2020-07-08 16:35:31,232	INFO	Total steps: 5646932	Episode: 2680/2987	Avg reward: 6.40	Avg steps: 3258
2020-07-08 17:07:27,193	INFO	Total steps: 5713393	Episode: 2700/2976	Avg reward: 7.20	Avg steps: 3322
2020-07-08 17:37:19,781	INFO	Total steps: 5775796	Episode: 2720/3072	Avg reward: 8.80	Avg steps: 3119
2020-07-08 18:05:52,119	INFO	Total steps: 5835221	Episode: 2740/2894	Avg reward: 9.05	Avg steps: 2970
2020-07-08 18:39:02,177	INFO	Total steps: 5904086	Episode: 2760/4693	Avg reward: 5.50	Avg steps: 3442
2020-07-08 19:09:00,179	INFO	Total steps: 5966852	Episode: 2780/3038	Avg reward: 9.90	Avg steps: 3137
2020-07-08 19:38:41,077	INFO	Total steps: 6029589	Episode: 2800/3244	Avg reward: 7.00	Avg steps: 3135
2020-07-08 20:10:20,410	INFO	Total steps: 6096904	Episode: 2820/3442	Avg reward: 5.10	Avg steps: 3364
2020-07-08 20:40:48,973	INFO	Total steps: 6165125	Episode: 2840/3835	Avg reward: 6.90	Avg steps: 3410
2020-07-08 21:09:07,287	INFO	Total steps: 6230657	Episode: 2860/3625	Avg reward: 8.20	Avg steps: 3275
2020-07-08 21:34:47,366	INFO	Total steps: 6290745	Episode: 2880/2891	Avg reward: 8.70	Avg steps: 3003
2020-07-08 22:02:34,330	INFO	Total steps: 6354679	Episode: 2900/3062	Avg reward: 8.70	Avg steps: 3195
2020-07-08 22:29:01,864	INFO	Total steps: 6415768	Episode: 2920/2862	Avg reward: 8.60	Avg steps: 3053
2020-07-08 22:57:46,804	INFO	Total steps: 6482279	Episode: 2940/3486	Avg reward: 5.00	Avg steps: 3324
2020-07-08 23:25:56,493	INFO	Total steps: 6547207	Episode: 2960/2100	Avg reward: 6.75	Avg steps: 3245
2020-07-08 23:54:32,797	INFO	Total steps: 6613050	Episode: 2980/3230	Avg reward: 5.65	Avg steps: 3291
2020-07-09 00:23:49,734	INFO	Total steps: 6680291	Episode: 3000/2827	Avg reward: 7.20	Avg steps: 3361
2020-07-09 00:51:23,847	INFO	Total steps: 6743467	Episode: 3020/3472	Avg reward: 7.85	Avg steps: 3157
2020-07-09 01:20:40,526	INFO	Total steps: 6810222	Episode: 3040/3098	Avg reward: 7.35	Avg steps: 3336
2020-07-09 01:47:12,684	INFO	Total steps: 6870693	Episode: 3060/2950	Avg reward: 10.60	Avg steps: 3022
2020-07-09 02:14:30,502	INFO	Total steps: 6931459	Episode: 3080/3299	Avg reward: 9.50	Avg steps: 3037
2020-07-09 02:41:40,236	INFO	Total steps: 6992161	Episode: 3100/3046	Avg reward: 9.45	Avg steps: 3034
2020-07-09 03:10:36,486	INFO	Total steps: 7056456	Episode: 3120/2614	Avg reward: 7.35	Avg steps: 3213
2020-07-09 03:36:15,067	INFO	Total steps: 7115481	Episode: 3140/2874	Avg reward: 6.45	Avg steps: 2950
2020-07-09 04:05:05,631	INFO	Total steps: 7181687	Episode: 3160/3915	Avg reward: 7.45	Avg steps: 3309
2020-07-09 04:30:34,249	INFO	Total steps: 7245934	Episode: 3180/3245	Avg reward: 6.45	Avg steps: 3211
2020-07-09 04:53:11,745	INFO	Total steps: 7304101	Episode: 3200/3761	Avg reward: 8.05	Avg steps: 2907
2020-07-09 05:16:38,696	INFO	Total steps: 7364510	Episode: 3220/3427	Avg reward: 10.00	Avg steps: 3019
2020-07-09 05:40:28,496	INFO	Total steps: 7425932	Episode: 3240/2904	Avg reward: 7.60	Avg steps: 3070
2020-07-09 06:03:39,831	INFO	Total steps: 7485571	Episode: 3260/2774	Avg reward: 9.90	Avg steps: 2980
2020-07-09 06:29:06,208	INFO	Total steps: 7551311	Episode: 3280/3788	Avg reward: 7.45	Avg steps: 3286
2020-07-09 06:53:50,883	INFO	Total steps: 7614689	Episode: 3300/3017	Avg reward: 8.85	Avg steps: 3167
2020-07-09 07:18:05,054	INFO	Total steps: 7676186	Episode: 3320/3009	Avg reward: 8.40	Avg steps: 3073
2020-07-09 07:41:24,067	INFO	Total steps: 7736464	Episode: 3340/3650	Avg reward: 11.00	Avg steps: 3012
2020-07-09 08:05:14,057	INFO	Total steps: 7797919	Episode: 3360/3717	Avg reward: 9.20	Avg steps: 3071
2020-07-09 08:27:34,729	INFO	Total steps: 7855009	Episode: 3380/3829	Avg reward: 9.30	Avg steps: 2853
2020-07-09 08:50:42,699	INFO	Total steps: 7914200	Episode: 3400/2598	Avg reward: 11.15	Avg steps: 2958
2020-07-09 09:15:17,615	INFO	Total steps: 7975643	Episode: 3420/2408	Avg reward: 6.60	Avg steps: 3071
2020-07-09 09:39:48,332	INFO	Total steps: 8037392	Episode: 3440/4373	Avg reward: 9.60	Avg steps: 3086
2020-07-09 10:05:20,649	INFO	Total steps: 8101553	Episode: 3460/2356	Avg reward: 8.20	Avg steps: 3207
2020-07-09 10:29:13,631	INFO	Total steps: 8161882	Episode: 3480/2839	Avg reward: 10.40	Avg steps: 3015
2020-07-09 10:54:09,960	INFO	Total steps: 8224014	Episode: 3500/3331	Avg reward: 8.05	Avg steps: 3105
2020-07-09 11:16:31,607	INFO	Total steps: 8280491	Episode: 3520/3369	Avg reward: 11.15	Avg steps: 2822
2020-07-09 11:40:09,843	INFO	Total steps: 8340258	Episode: 3540/2633	Avg reward: 8.80	Avg steps: 2987
2020-07-09 12:04:24,864	INFO	Total steps: 8401661	Episode: 3560/3647	Avg reward: 8.30	Avg steps: 3069
2020-07-09 12:27:23,726	INFO	Total steps: 8460667	Episode: 3580/2836	Avg reward: 8.25	Avg steps: 2949
2020-07-09 12:48:48,220	INFO	Total steps: 8521066	Episode: 3600/2164	Avg reward: 8.20	Avg steps: 3018
2020-07-09 13:10:15,692	INFO	Total steps: 8581531	Episode: 3620/2634	Avg reward: 10.30	Avg steps: 3022
2020-07-09 13:32:56,439	INFO	Total steps: 8645348	Episode: 3640/2637	Avg reward: 8.20	Avg steps: 3189
2020-07-09 13:55:33,266	INFO	Total steps: 8709306	Episode: 3660/2670	Avg reward: 8.15	Avg steps: 3196
2020-07-09 14:16:10,926	INFO	Total steps: 8767210	Episode: 3680/2484	Avg reward: 9.05	Avg steps: 2894
2020-07-09 14:37:37,895	INFO	Total steps: 8827908	Episode: 3700/2420	Avg reward: 7.80	Avg steps: 3033
2020-07-09 14:58:58,298	INFO	Total steps: 8887577	Episode: 3720/3091	Avg reward: 7.40	Avg steps: 2982
2020-07-09 15:20:36,553	INFO	Total steps: 8948528	Episode: 3740/3490	Avg reward: 7.00	Avg steps: 3046
2020-07-09 15:41:36,030	INFO	Total steps: 9007319	Episode: 3760/3464	Avg reward: 6.45	Avg steps: 2938
2020-07-09 16:02:18,662	INFO	Total steps: 9064830	Episode: 3780/2706	Avg reward: 8.80	Avg steps: 2874
2020-07-09 16:23:41,199	INFO	Total steps: 9125337	Episode: 3800/2598	Avg reward: 8.55	Avg steps: 3024
2020-07-09 16:43:46,468	INFO	Total steps: 9182647	Episode: 3820/3744	Avg reward: 7.10	Avg steps: 2864
2020-07-09 17:05:33,809	INFO	Total steps: 9244292	Episode: 3840/3560	Avg reward: 8.90	Avg steps: 3081
2020-07-09 17:27:30,271	INFO	Total steps: 9304652	Episode: 3860/3895	Avg reward: 8.20	Avg steps: 3017
2020-07-09 17:48:17,358	INFO	Total steps: 9360847	Episode: 3880/1807	Avg reward: 8.50	Avg steps: 2808
2020-07-09 18:09:50,858	INFO	Total steps: 9419053	Episode: 3900/3077	Avg reward: 9.55	Avg steps: 2909
2020-07-09 18:31:37,735	INFO	Total steps: 9477734	Episode: 3920/4043	Avg reward: 10.35	Avg steps: 2933
2020-07-09 18:54:36,734	INFO	Total steps: 9539599	Episode: 3940/2630	Avg reward: 6.75	Avg steps: 3092
2020-07-09 19:20:00,960	INFO	Total steps: 9607972	Episode: 3960/3316	Avg reward: 5.20	Avg steps: 3417
2020-07-09 19:41:36,429	INFO	Total steps: 9666050	Episode: 3980/2415	Avg reward: 7.35	Avg steps: 2902
2020-07-09 20:03:25,840	INFO	Total steps: 9725027	Episode: 4000/2654	Avg reward: 9.05	Avg steps: 2947
