2020-06-30 21:22:36,623	INFO	--width 160 --height 160 --ball 3.0 --ball-size 2.0 --snell 3.0 --snell-width 40.0 --snell-change 0.0 --snell-visible none --paddle-speed 3.0 --paddle-angle 45.0 --paddle-length 45 --update-prob 0.2 --state binary --learning-rate 0.0001 --network dqn_pong_model --render False --epsdecay 1000 --episodes 4000 --replay 10000 --checkpoint ../experiments/4-t2/dqn_pong_model --history ../experiments/4-t2/history.p --store-dir ../experiments/60 
2020-06-30 21:22:36,624	INFO	Device: cuda
2020-06-30 21:22:41,747	INFO	Loading the trained model
2020-06-30 21:28:56,410	INFO	--width 160 --height 160 --ball 3.0 --ball-size 2.0 --snell 3.0 --snell-width 40.0 --snell-change 0.0 --snell-visible none --paddle-speed 3.0 --paddle-angle 45.0 --paddle-length 45.0 --update-prob 0.2 --state binary --learning-rate 0.0001 --network dqn_pong_model --render False --epsdecay 1000 --episodes 4000 --replay 10000 --checkpoint ../experiments/4-t2/dqn_pong_model --history ../experiments/4-t2/history.p --store-dir ../experiments/60 
2020-06-30 21:28:56,610	INFO	Device: cuda
2020-06-30 21:29:01,872	INFO	Loading the trained model
2020-06-30 21:31:21,919	INFO	--width 160 --height 160 --ball 3.0 --ball-size 2.0 --snell 3.0 --snell-width 40.0 --snell-change 0.0 --snell-visible none --paddle-speed 3.0 --paddle-angle 45.0 --paddle-length 45.0 --update-prob 0.2 --state binary --learning-rate 0.0001 --network dqn_pong_model --render False --epsdecay 1000 --episodes 4000 --replay 10000 --checkpoint ../experiments/4-t2/dqn_pong_model --history ../experiments/4-t2/history.p --store-dir ../experiments/60 
2020-06-30 21:31:22,035	INFO	Device: cuda
2020-06-30 21:31:28,785	INFO	Loading the trained model
2020-06-30 21:39:31,097	INFO	Total steps: 4849312	Episode: 8020/1072	Avg reward: 6.05	Avg steps: 983
2020-06-30 21:47:26,035	INFO	Total steps: 4868216	Episode: 8040/1027	Avg reward: 8.40	Avg steps: 944
2020-06-30 21:54:51,066	INFO	Total steps: 4885988	Episode: 8060/780	Avg reward: 9.95	Avg steps: 887
2020-06-30 22:01:58,661	INFO	Total steps: 4903147	Episode: 8080/1125	Avg reward: 9.10	Avg steps: 856
2020-06-30 22:09:26,504	INFO	Total steps: 4921084	Episode: 8100/883	Avg reward: 9.30	Avg steps: 895
2020-06-30 22:17:33,699	INFO	Total steps: 4940537	Episode: 8120/948	Avg reward: 10.00	Avg steps: 971
2020-06-30 22:25:47,726	INFO	Total steps: 4960321	Episode: 8140/1169	Avg reward: 10.35	Avg steps: 988
2020-06-30 22:33:48,191	INFO	Total steps: 4980047	Episode: 8160/724	Avg reward: 12.10	Avg steps: 985
2020-06-30 22:42:41,006	INFO	Total steps: 5001756	Episode: 8180/1432	Avg reward: 10.60	Avg steps: 1084
2020-06-30 22:50:28,127	INFO	Total steps: 5020515	Episode: 8200/1150	Avg reward: 11.85	Avg steps: 936
2020-06-30 22:59:11,186	INFO	Total steps: 5039883	Episode: 8220/1123	Avg reward: 12.30	Avg steps: 967
2020-06-30 23:07:32,019	INFO	Total steps: 5058349	Episode: 8240/749	Avg reward: 11.60	Avg steps: 922
2020-06-30 23:16:40,099	INFO	Total steps: 5078431	Episode: 8260/1040	Avg reward: 11.35	Avg steps: 1003
2020-06-30 23:25:36,615	INFO	Total steps: 5098250	Episode: 8280/983	Avg reward: 12.05	Avg steps: 989
2020-06-30 23:34:09,479	INFO	Total steps: 5117362	Episode: 8300/1019	Avg reward: 10.75	Avg steps: 954
2020-06-30 23:42:04,343	INFO	Total steps: 5135079	Episode: 8320/806	Avg reward: 12.60	Avg steps: 884
2020-06-30 23:50:31,907	INFO	Total steps: 5154031	Episode: 8340/678	Avg reward: 12.25	Avg steps: 946
2020-06-30 23:58:33,490	INFO	Total steps: 5172217	Episode: 8360/744	Avg reward: 11.65	Avg steps: 908
2020-07-01 00:05:45,693	INFO	Total steps: 5188573	Episode: 8380/946	Avg reward: 12.40	Avg steps: 816
2020-07-01 00:13:02,415	INFO	Total steps: 5205342	Episode: 8400/1029	Avg reward: 12.50	Avg steps: 837
2020-07-01 00:20:21,104	INFO	Total steps: 5223598	Episode: 8420/1069	Avg reward: 12.80	Avg steps: 911
2020-07-01 00:27:46,022	INFO	Total steps: 5242246	Episode: 8440/881	Avg reward: 12.05	Avg steps: 931
2020-07-01 00:35:21,581	INFO	Total steps: 5260838	Episode: 8460/948	Avg reward: 13.35	Avg steps: 928
2020-07-01 00:44:06,703	INFO	Total steps: 5281918	Episode: 8480/1627	Avg reward: 11.20	Avg steps: 1053
2020-07-01 00:51:50,542	INFO	Total steps: 5300680	Episode: 8500/927	Avg reward: 13.30	Avg steps: 937
2020-07-01 00:59:08,481	INFO	Total steps: 5317992	Episode: 8520/718	Avg reward: 11.95	Avg steps: 864
2020-07-01 01:06:31,081	INFO	Total steps: 5335912	Episode: 8540/866	Avg reward: 11.65	Avg steps: 895
2020-07-01 01:14:12,294	INFO	Total steps: 5354656	Episode: 8560/611	Avg reward: 11.10	Avg steps: 936
2020-07-01 01:22:02,233	INFO	Total steps: 5373670	Episode: 8580/724	Avg reward: 12.45	Avg steps: 949
2020-07-01 01:29:55,753	INFO	Total steps: 5392944	Episode: 8600/1196	Avg reward: 13.55	Avg steps: 962
2020-07-01 01:37:20,126	INFO	Total steps: 5410548	Episode: 8620/1194	Avg reward: 13.80	Avg steps: 879
2020-07-01 01:44:48,913	INFO	Total steps: 5428630	Episode: 8640/1012	Avg reward: 12.50	Avg steps: 903
2020-07-01 01:51:56,112	INFO	Total steps: 5446300	Episode: 8660/935	Avg reward: 13.30	Avg steps: 882
2020-07-01 01:59:58,563	INFO	Total steps: 5465797	Episode: 8680/1119	Avg reward: 11.45	Avg steps: 973
2020-07-01 02:07:40,696	INFO	Total steps: 5484473	Episode: 8700/943	Avg reward: 11.50	Avg steps: 932
2020-07-01 02:15:19,481	INFO	Total steps: 5503151	Episode: 8720/876	Avg reward: 9.40	Avg steps: 932
2020-07-01 02:23:13,909	INFO	Total steps: 5522359	Episode: 8740/895	Avg reward: 8.55	Avg steps: 959
2020-07-01 02:31:31,167	INFO	Total steps: 5542257	Episode: 8760/968	Avg reward: 10.75	Avg steps: 993
2020-07-01 02:39:37,421	INFO	Total steps: 5561433	Episode: 8780/1118	Avg reward: 12.00	Avg steps: 957
2020-07-01 02:47:04,761	INFO	Total steps: 5579119	Episode: 8800/889	Avg reward: 11.30	Avg steps: 883
2020-07-01 02:55:23,982	INFO	Total steps: 5598729	Episode: 8820/993	Avg reward: 10.80	Avg steps: 979
2020-07-01 03:02:31,992	INFO	Total steps: 5616200	Episode: 8840/731	Avg reward: 11.40	Avg steps: 872
2020-07-01 03:10:25,136	INFO	Total steps: 5635215	Episode: 8860/939	Avg reward: 9.45	Avg steps: 949
2020-07-01 03:17:40,312	INFO	Total steps: 5652857	Episode: 8880/867	Avg reward: 10.20	Avg steps: 881
2020-07-01 03:24:44,037	INFO	Total steps: 5670390	Episode: 8900/1448	Avg reward: 11.65	Avg steps: 875
2020-07-01 03:31:52,091	INFO	Total steps: 5688076	Episode: 8920/779	Avg reward: 12.20	Avg steps: 883
2020-07-01 03:38:52,924	INFO	Total steps: 5704866	Episode: 8940/1100	Avg reward: 12.40	Avg steps: 838
2020-07-01 03:46:34,681	INFO	Total steps: 5723780	Episode: 8960/622	Avg reward: 10.95	Avg steps: 944
2020-07-01 03:53:28,065	INFO	Total steps: 5740643	Episode: 8980/773	Avg reward: 11.45	Avg steps: 842
2020-07-01 04:00:46,028	INFO	Total steps: 5758567	Episode: 9000/794	Avg reward: 12.10	Avg steps: 895
2020-07-01 04:07:36,484	INFO	Total steps: 5775613	Episode: 9020/1396	Avg reward: 10.95	Avg steps: 851
2020-07-01 04:14:33,388	INFO	Total steps: 5793004	Episode: 9040/840	Avg reward: 10.95	Avg steps: 868
2020-07-01 04:21:36,136	INFO	Total steps: 5810606	Episode: 9060/1135	Avg reward: 10.45	Avg steps: 879
2020-07-01 04:28:16,943	INFO	Total steps: 5827073	Episode: 9080/757	Avg reward: 12.50	Avg steps: 822
2020-07-01 04:35:03,325	INFO	Total steps: 5843777	Episode: 9100/580	Avg reward: 12.25	Avg steps: 834
2020-07-01 04:41:53,803	INFO	Total steps: 5860768	Episode: 9120/627	Avg reward: 10.65	Avg steps: 848
2020-07-01 04:48:30,195	INFO	Total steps: 5876688	Episode: 9140/834	Avg reward: 11.40	Avg steps: 795
2020-07-01 04:55:14,792	INFO	Total steps: 5892926	Episode: 9160/848	Avg reward: 11.25	Avg steps: 810
2020-07-01 05:02:29,709	INFO	Total steps: 5910617	Episode: 9180/820	Avg reward: 11.50	Avg steps: 883
2020-07-01 05:09:26,748	INFO	Total steps: 5927940	Episode: 9200/583	Avg reward: 12.30	Avg steps: 865
2020-07-01 05:16:35,699	INFO	Total steps: 5945677	Episode: 9220/850	Avg reward: 10.95	Avg steps: 885
2020-07-01 05:23:00,289	INFO	Total steps: 5961956	Episode: 9240/886	Avg reward: 12.30	Avg steps: 812
2020-07-01 05:29:08,543	INFO	Total steps: 5977564	Episode: 9260/880	Avg reward: 11.95	Avg steps: 779
2020-07-01 05:35:53,453	INFO	Total steps: 5994709	Episode: 9280/737	Avg reward: 9.85	Avg steps: 856
2020-07-01 05:42:52,655	INFO	Total steps: 6012222	Episode: 9300/935	Avg reward: 10.85	Avg steps: 874
2020-07-01 05:49:37,713	INFO	Total steps: 6028981	Episode: 9320/887	Avg reward: 10.85	Avg steps: 836
2020-07-01 05:56:42,503	INFO	Total steps: 6046720	Episode: 9340/690	Avg reward: 10.20	Avg steps: 885
2020-07-01 06:03:05,782	INFO	Total steps: 6062893	Episode: 9360/756	Avg reward: 11.40	Avg steps: 807
2020-07-01 06:10:37,007	INFO	Total steps: 6082127	Episode: 9380/815	Avg reward: 10.65	Avg steps: 960
2020-07-01 06:17:56,233	INFO	Total steps: 6100341	Episode: 9400/797	Avg reward: 8.50	Avg steps: 909
2020-07-01 06:24:51,822	INFO	Total steps: 6117543	Episode: 9420/1073	Avg reward: 12.15	Avg steps: 859
2020-07-01 06:31:40,956	INFO	Total steps: 6134317	Episode: 9440/900	Avg reward: 10.40	Avg steps: 837
2020-07-01 06:38:43,060	INFO	Total steps: 6152030	Episode: 9460/978	Avg reward: 10.70	Avg steps: 884
2020-07-01 06:45:55,459	INFO	Total steps: 6170202	Episode: 9480/855	Avg reward: 10.70	Avg steps: 907
2020-07-01 06:52:44,384	INFO	Total steps: 6187413	Episode: 9500/616	Avg reward: 11.10	Avg steps: 859
2020-07-01 07:00:00,053	INFO	Total steps: 6205744	Episode: 9520/787	Avg reward: 10.75	Avg steps: 915
2020-07-01 07:06:49,768	INFO	Total steps: 6223362	Episode: 9540/861	Avg reward: 10.90	Avg steps: 879
2020-07-01 07:12:51,947	INFO	Total steps: 6239309	Episode: 9560/1040	Avg reward: 11.00	Avg steps: 796
2020-07-01 07:18:56,428	INFO	Total steps: 6255282	Episode: 9580/710	Avg reward: 13.15	Avg steps: 797
2020-07-01 07:25:46,162	INFO	Total steps: 6273316	Episode: 9600/762	Avg reward: 8.95	Avg steps: 900
2020-07-01 07:32:38,366	INFO	Total steps: 6290196	Episode: 9620/841	Avg reward: 11.40	Avg steps: 843
2020-07-01 07:39:31,408	INFO	Total steps: 6307503	Episode: 9640/1036	Avg reward: 12.35	Avg steps: 864
2020-07-01 07:46:59,908	INFO	Total steps: 6326656	Episode: 9660/1397	Avg reward: 9.45	Avg steps: 956
2020-07-01 07:53:54,594	INFO	Total steps: 6344571	Episode: 9680/758	Avg reward: 9.75	Avg steps: 894
2020-07-01 08:00:51,216	INFO	Total steps: 6362610	Episode: 9700/842	Avg reward: 11.10	Avg steps: 900
2020-07-01 08:07:41,307	INFO	Total steps: 6380414	Episode: 9720/806	Avg reward: 11.90	Avg steps: 889
2020-07-01 08:14:36,372	INFO	Total steps: 6398315	Episode: 9740/675	Avg reward: 10.85	Avg steps: 894
2020-07-01 08:21:02,343	INFO	Total steps: 6414813	Episode: 9760/701	Avg reward: 12.35	Avg steps: 823
2020-07-01 08:27:24,802	INFO	Total steps: 6431512	Episode: 9780/871	Avg reward: 11.60	Avg steps: 833
2020-07-01 08:34:19,292	INFO	Total steps: 6449596	Episode: 9800/581	Avg reward: 11.70	Avg steps: 903
2020-07-01 08:41:27,875	INFO	Total steps: 6467848	Episode: 9820/882	Avg reward: 10.75	Avg steps: 911
2020-07-01 08:48:04,655	INFO	Total steps: 6484389	Episode: 9840/539	Avg reward: 11.45	Avg steps: 826
2020-07-01 08:54:59,090	INFO	Total steps: 6501462	Episode: 9860/1206	Avg reward: 12.00	Avg steps: 852
2020-07-01 09:01:05,851	INFO	Total steps: 6517109	Episode: 9880/752	Avg reward: 11.65	Avg steps: 781
2020-07-01 09:07:22,839	INFO	Total steps: 6533171	Episode: 9900/696	Avg reward: 11.70	Avg steps: 802
2020-07-01 09:14:13,793	INFO	Total steps: 6550937	Episode: 9920/618	Avg reward: 12.35	Avg steps: 887
2020-07-01 09:21:41,445	INFO	Total steps: 6570113	Episode: 9940/777	Avg reward: 11.45	Avg steps: 957
2020-07-01 09:28:45,410	INFO	Total steps: 6588275	Episode: 9960/829	Avg reward: 11.25	Avg steps: 907
2020-07-01 09:35:19,688	INFO	Total steps: 6605024	Episode: 9980/791	Avg reward: 12.40	Avg steps: 836
2020-07-01 09:42:06,875	INFO	Total steps: 6622123	Episode: 10000/996	Avg reward: 10.85	Avg steps: 853
2020-07-01 09:49:44,059	INFO	Total steps: 6640841	Episode: 10020/717	Avg reward: 11.45	Avg steps: 934
2020-07-01 09:56:13,844	INFO	Total steps: 6657188	Episode: 10040/631	Avg reward: 12.75	Avg steps: 816
2020-07-01 10:02:53,760	INFO	Total steps: 6674016	Episode: 10060/892	Avg reward: 12.35	Avg steps: 840
2020-07-01 10:09:54,619	INFO	Total steps: 6691577	Episode: 10080/774	Avg reward: 12.05	Avg steps: 877
2020-07-01 10:16:32,687	INFO	Total steps: 6708032	Episode: 10100/758	Avg reward: 11.40	Avg steps: 821
2020-07-01 10:23:41,803	INFO	Total steps: 6724990	Episode: 10120/600	Avg reward: 11.20	Avg steps: 846
2020-07-01 10:31:47,279	INFO	Total steps: 6743587	Episode: 10140/882	Avg reward: 11.15	Avg steps: 928
2020-07-01 10:39:53,860	INFO	Total steps: 6761447	Episode: 10160/653	Avg reward: 11.30	Avg steps: 892
2020-07-01 10:48:13,911	INFO	Total steps: 6780031	Episode: 10180/1098	Avg reward: 10.40	Avg steps: 928
2020-07-01 10:55:45,092	INFO	Total steps: 6796884	Episode: 10200/853	Avg reward: 11.35	Avg steps: 841
2020-07-01 11:03:30,230	INFO	Total steps: 6814807	Episode: 10220/784	Avg reward: 12.30	Avg steps: 895
2020-07-01 11:10:53,487	INFO	Total steps: 6833539	Episode: 10240/818	Avg reward: 10.60	Avg steps: 935
2020-07-01 11:17:26,358	INFO	Total steps: 6850161	Episode: 10260/677	Avg reward: 10.95	Avg steps: 830
2020-07-01 11:24:37,523	INFO	Total steps: 6868360	Episode: 10280/752	Avg reward: 11.50	Avg steps: 908
2020-07-01 11:31:25,745	INFO	Total steps: 6885522	Episode: 10300/825	Avg reward: 11.90	Avg steps: 857
2020-07-01 11:38:18,121	INFO	Total steps: 6902938	Episode: 10320/682	Avg reward: 12.35	Avg steps: 869
2020-07-01 11:45:25,842	INFO	Total steps: 6920426	Episode: 10340/958	Avg reward: 11.25	Avg steps: 873
2020-07-01 11:52:33,003	INFO	Total steps: 6938135	Episode: 10360/870	Avg reward: 11.65	Avg steps: 884
2020-07-01 11:59:21,214	INFO	Total steps: 6955678	Episode: 10380/684	Avg reward: 11.70	Avg steps: 876
2020-07-01 12:06:13,800	INFO	Total steps: 6973511	Episode: 10400/789	Avg reward: 11.55	Avg steps: 890
2020-07-01 12:12:55,714	INFO	Total steps: 6990900	Episode: 10420/791	Avg reward: 10.85	Avg steps: 868
2020-07-01 12:19:57,273	INFO	Total steps: 7008961	Episode: 10440/781	Avg reward: 12.20	Avg steps: 902
2020-07-01 12:27:53,616	INFO	Total steps: 7028956	Episode: 10460/1277	Avg reward: 10.80	Avg steps: 998
2020-07-01 12:34:56,984	INFO	Total steps: 7046861	Episode: 10480/1355	Avg reward: 10.55	Avg steps: 894
2020-07-01 12:42:05,499	INFO	Total steps: 7064879	Episode: 10500/883	Avg reward: 10.80	Avg steps: 899
2020-07-01 12:49:08,054	INFO	Total steps: 7082826	Episode: 10520/997	Avg reward: 9.70	Avg steps: 896
2020-07-01 12:56:00,632	INFO	Total steps: 7100343	Episode: 10540/859	Avg reward: 10.15	Avg steps: 874
2020-07-01 13:03:07,429	INFO	Total steps: 7118557	Episode: 10560/725	Avg reward: 9.95	Avg steps: 909
2020-07-01 13:09:52,401	INFO	Total steps: 7135089	Episode: 10580/1040	Avg reward: 11.40	Avg steps: 825
2020-07-01 13:16:32,821	INFO	Total steps: 7152225	Episode: 10600/748	Avg reward: 9.95	Avg steps: 855
2020-07-01 13:23:41,807	INFO	Total steps: 7170332	Episode: 10620/680	Avg reward: 12.15	Avg steps: 904
2020-07-01 13:30:26,171	INFO	Total steps: 7187285	Episode: 10640/936	Avg reward: 11.20	Avg steps: 846
2020-07-01 13:37:15,343	INFO	Total steps: 7204411	Episode: 10660/678	Avg reward: 9.35	Avg steps: 855
2020-07-01 13:44:33,186	INFO	Total steps: 7221948	Episode: 10680/690	Avg reward: 10.10	Avg steps: 875
2020-07-01 13:51:49,243	INFO	Total steps: 7239784	Episode: 10700/831	Avg reward: 9.85	Avg steps: 890
2020-07-01 13:58:57,884	INFO	Total steps: 7257757	Episode: 10720/957	Avg reward: 10.55	Avg steps: 897
2020-07-01 14:05:33,149	INFO	Total steps: 7274646	Episode: 10740/906	Avg reward: 11.75	Avg steps: 843
2020-07-01 14:12:44,660	INFO	Total steps: 7293241	Episode: 10760/808	Avg reward: 11.00	Avg steps: 928
2020-07-01 14:19:23,328	INFO	Total steps: 7310267	Episode: 10780/617	Avg reward: 11.45	Avg steps: 850
2020-07-01 14:26:08,674	INFO	Total steps: 7327461	Episode: 10800/779	Avg reward: 10.95	Avg steps: 858
2020-07-01 14:33:05,108	INFO	Total steps: 7345047	Episode: 10820/749	Avg reward: 12.10	Avg steps: 878
2020-07-01 14:39:46,691	INFO	Total steps: 7361999	Episode: 10840/1246	Avg reward: 11.40	Avg steps: 846
2020-07-01 14:46:07,093	INFO	Total steps: 7377610	Episode: 10860/822	Avg reward: 12.35	Avg steps: 779
2020-07-01 14:53:08,115	INFO	Total steps: 7395148	Episode: 10880/622	Avg reward: 11.00	Avg steps: 875
2020-07-01 14:59:37,552	INFO	Total steps: 7411501	Episode: 10900/592	Avg reward: 11.20	Avg steps: 816
2020-07-01 15:06:23,045	INFO	Total steps: 7429184	Episode: 10920/946	Avg reward: 11.00	Avg steps: 883
2020-07-01 15:12:30,146	INFO	Total steps: 7447162	Episode: 10940/1053	Avg reward: 12.30	Avg steps: 897
2020-07-01 15:18:34,710	INFO	Total steps: 7465289	Episode: 10960/843	Avg reward: 9.40	Avg steps: 905
2020-07-01 15:24:42,592	INFO	Total steps: 7481973	Episode: 10980/971	Avg reward: 10.20	Avg steps: 833
2020-07-01 15:30:20,815	INFO	Total steps: 7497371	Episode: 11000/896	Avg reward: 12.65	Avg steps: 768
2020-07-01 15:36:44,729	INFO	Total steps: 7514757	Episode: 11020/1140	Avg reward: 10.50	Avg steps: 868
2020-07-01 15:43:27,249	INFO	Total steps: 7532987	Episode: 11040/911	Avg reward: 9.90	Avg steps: 910
2020-07-01 15:50:23,404	INFO	Total steps: 7551700	Episode: 11060/799	Avg reward: 10.75	Avg steps: 934
2020-07-01 15:56:49,804	INFO	Total steps: 7569097	Episode: 11080/745	Avg reward: 12.45	Avg steps: 868
2020-07-01 16:04:04,510	INFO	Total steps: 7588617	Episode: 11100/915	Avg reward: 11.95	Avg steps: 975
2020-07-01 16:10:57,036	INFO	Total steps: 7606966	Episode: 11120/687	Avg reward: 11.30	Avg steps: 916
2020-07-01 16:18:04,486	INFO	Total steps: 7625917	Episode: 11140/788	Avg reward: 10.95	Avg steps: 946
2020-07-01 16:25:22,705	INFO	Total steps: 7645617	Episode: 11160/672	Avg reward: 10.30	Avg steps: 984
2020-07-01 16:32:19,922	INFO	Total steps: 7664392	Episode: 11180/979	Avg reward: 11.35	Avg steps: 937
2020-07-01 16:38:50,478	INFO	Total steps: 7681904	Episode: 11200/964	Avg reward: 11.40	Avg steps: 874
2020-07-01 16:45:12,471	INFO	Total steps: 7699058	Episode: 11220/1071	Avg reward: 12.00	Avg steps: 856
2020-07-01 16:51:17,040	INFO	Total steps: 7715443	Episode: 11240/710	Avg reward: 11.00	Avg steps: 818
2020-07-01 16:57:55,091	INFO	Total steps: 7733335	Episode: 11260/948	Avg reward: 10.55	Avg steps: 893
2020-07-01 17:03:55,921	INFO	Total steps: 7749648	Episode: 11280/791	Avg reward: 12.80	Avg steps: 814
2020-07-01 17:10:51,227	INFO	Total steps: 7768169	Episode: 11300/902	Avg reward: 10.60	Avg steps: 925
2020-07-01 17:17:34,915	INFO	Total steps: 7786000	Episode: 11320/1036	Avg reward: 12.00	Avg steps: 890
2020-07-01 17:24:38,575	INFO	Total steps: 7804768	Episode: 11340/744	Avg reward: 10.95	Avg steps: 937
2020-07-01 17:31:16,475	INFO	Total steps: 7822296	Episode: 11360/1182	Avg reward: 11.85	Avg steps: 875
2020-07-01 17:38:37,917	INFO	Total steps: 7841018	Episode: 11380/867	Avg reward: 11.60	Avg steps: 935
2020-07-01 17:46:37,756	INFO	Total steps: 7860993	Episode: 11400/711	Avg reward: 10.80	Avg steps: 997
2020-07-01 17:54:15,223	INFO	Total steps: 7879738	Episode: 11420/1139	Avg reward: 12.05	Avg steps: 936
2020-07-01 18:01:25,234	INFO	Total steps: 7897594	Episode: 11440/888	Avg reward: 11.90	Avg steps: 891
2020-07-01 18:08:32,836	INFO	Total steps: 7915457	Episode: 11460/1121	Avg reward: 11.50	Avg steps: 892
2020-07-01 18:15:37,577	INFO	Total steps: 7933543	Episode: 11480/852	Avg reward: 10.80	Avg steps: 903
2020-07-01 18:23:05,539	INFO	Total steps: 7953445	Episode: 11500/908	Avg reward: 9.00	Avg steps: 994
2020-07-01 18:30:31,991	INFO	Total steps: 7973321	Episode: 11520/781	Avg reward: 9.90	Avg steps: 992
2020-07-01 18:37:26,624	INFO	Total steps: 7991828	Episode: 11540/700	Avg reward: 10.50	Avg steps: 924
2020-07-01 18:43:53,824	INFO	Total steps: 8009298	Episode: 11560/1085	Avg reward: 11.65	Avg steps: 872
2020-07-01 18:51:01,762	INFO	Total steps: 8028521	Episode: 11580/1117	Avg reward: 10.15	Avg steps: 960
2020-07-01 18:57:45,168	INFO	Total steps: 8046665	Episode: 11600/764	Avg reward: 9.30	Avg steps: 906
2020-07-01 19:03:44,609	INFO	Total steps: 8062644	Episode: 11620/1013	Avg reward: 11.10	Avg steps: 797
2020-07-01 19:10:10,987	INFO	Total steps: 8080197	Episode: 11640/675	Avg reward: 9.45	Avg steps: 876
2020-07-01 19:17:06,862	INFO	Total steps: 8098928	Episode: 11660/1183	Avg reward: 10.55	Avg steps: 935
2020-07-01 19:23:58,777	INFO	Total steps: 8116982	Episode: 11680/1059	Avg reward: 12.15	Avg steps: 901
2020-07-01 19:30:55,049	INFO	Total steps: 8135244	Episode: 11700/920	Avg reward: 10.80	Avg steps: 912
2020-07-01 19:37:51,275	INFO	Total steps: 8152981	Episode: 11720/826	Avg reward: 10.70	Avg steps: 885
2020-07-01 19:44:56,301	INFO	Total steps: 8170786	Episode: 11740/971	Avg reward: 11.95	Avg steps: 889
2020-07-01 19:52:20,208	INFO	Total steps: 8188886	Episode: 11760/855	Avg reward: 10.35	Avg steps: 904
2020-07-01 19:59:45,642	INFO	Total steps: 8206985	Episode: 11780/1062	Avg reward: 10.25	Avg steps: 903
2020-07-01 20:06:30,103	INFO	Total steps: 8223695	Episode: 11800/880	Avg reward: 11.55	Avg steps: 834
2020-07-01 20:13:26,868	INFO	Total steps: 8240786	Episode: 11820/928	Avg reward: 10.10	Avg steps: 853
2020-07-01 20:20:01,703	INFO	Total steps: 8257361	Episode: 11840/644	Avg reward: 11.15	Avg steps: 827
2020-07-01 20:27:07,354	INFO	Total steps: 8274682	Episode: 11860/1064	Avg reward: 11.00	Avg steps: 865
2020-07-01 20:33:48,138	INFO	Total steps: 8291159	Episode: 11880/837	Avg reward: 10.55	Avg steps: 822
2020-07-01 20:40:54,996	INFO	Total steps: 8309093	Episode: 11900/698	Avg reward: 10.30	Avg steps: 895
2020-07-01 20:47:51,638	INFO	Total steps: 8326364	Episode: 11920/940	Avg reward: 10.45	Avg steps: 862
2020-07-01 20:55:04,064	INFO	Total steps: 8344329	Episode: 11940/915	Avg reward: 9.55	Avg steps: 897
2020-07-01 21:01:53,830	INFO	Total steps: 8361319	Episode: 11960/953	Avg reward: 11.60	Avg steps: 848
2020-07-01 21:08:31,558	INFO	Total steps: 8378132	Episode: 11980/735	Avg reward: 11.05	Avg steps: 839
2020-07-01 21:14:12,131	INFO	Total steps: 8395525	Episode: 12000/637	Avg reward: 10.30	Avg steps: 868
