2020-08-01 04:04:41,229	INFO	--width 160 --height 160 --ball 3.0 --ball-size 2.0 --snell 3.0 --snell-width 40.0 --snell-change 0 --snell-visible none --paddle-speed 3.0 --paddle-angle 45.0 --paddle-length 45.0 --update-prob 0.2 --state binary --learning-rate 0.0001 --network dqn_pong_model --render False --epsdecay 10000 --episodes 6000 --replay 1000 --checkpoint dqn_pong_model --history history.p --store-dir ../experiments/actorcritic-exp 
2020-08-01 04:04:41,229	INFO	Device: cuda
2020-08-01 04:04:44,080	INFO	Training the Policy gradient model
2020-08-01 04:06:13,502	INFO	Total steps: 7270	Episode: 20/223	Avg reward: -18.20	Avg steps: 362
2020-08-01 04:08:11,142	INFO	Total steps: 15682	Episode: 40/295	Avg reward: -17.85	Avg steps: 419
2020-08-01 04:09:49,623	INFO	Total steps: 22814	Episode: 60/270	Avg reward: -18.30	Avg steps: 355
2020-08-01 04:11:36,711	INFO	Total steps: 30331	Episode: 80/373	Avg reward: -18.65	Avg steps: 374
2020-08-01 04:13:21,693	INFO	Total steps: 37950	Episode: 100/322	Avg reward: -18.50	Avg steps: 379
2020-08-01 04:15:11,751	INFO	Total steps: 45672	Episode: 120/313	Avg reward: -18.10	Avg steps: 385
2020-08-01 04:17:02,453	INFO	Total steps: 53591	Episode: 140/467	Avg reward: -17.90	Avg steps: 394
2020-08-01 04:18:52,650	INFO	Total steps: 61202	Episode: 160/292	Avg reward: -17.70	Avg steps: 379
2020-08-01 04:20:53,146	INFO	Total steps: 69869	Episode: 180/311	Avg reward: -17.30	Avg steps: 432
2020-08-01 04:22:38,556	INFO	Total steps: 77389	Episode: 200/321	Avg reward: -17.60	Avg steps: 375
2020-08-01 04:24:39,033	INFO	Total steps: 85805	Episode: 220/414	Avg reward: -16.80	Avg steps: 419
2020-08-01 04:26:59,527	INFO	Total steps: 95767	Episode: 240/415	Avg reward: -17.25	Avg steps: 497
2020-08-01 04:29:14,422	INFO	Total steps: 105428	Episode: 260/398	Avg reward: -17.55	Avg steps: 482
2020-08-01 04:31:38,072	INFO	Total steps: 115572	Episode: 280/552	Avg reward: -17.10	Avg steps: 506
2020-08-01 04:34:10,695	INFO	Total steps: 126576	Episode: 300/636	Avg reward: -17.20	Avg steps: 549
2020-08-01 04:36:43,570	INFO	Total steps: 137488	Episode: 320/518	Avg reward: -17.10	Avg steps: 544
2020-08-01 04:39:20,926	INFO	Total steps: 148764	Episode: 340/771	Avg reward: -16.95	Avg steps: 562
2020-08-01 04:42:24,964	INFO	Total steps: 162407	Episode: 360/728	Avg reward: -15.15	Avg steps: 681
2020-08-01 04:45:24,856	INFO	Total steps: 175252	Episode: 380/621	Avg reward: -16.20	Avg steps: 641
2020-08-01 04:48:51,314	INFO	Total steps: 189778	Episode: 400/869	Avg reward: -15.45	Avg steps: 725
2020-08-01 04:52:31,494	INFO	Total steps: 205254	Episode: 420/707	Avg reward: -14.90	Avg steps: 772
2020-08-01 04:55:59,469	INFO	Total steps: 219769	Episode: 440/703	Avg reward: -14.70	Avg steps: 724
2020-08-01 05:00:10,254	INFO	Total steps: 237266	Episode: 460/1251	Avg reward: -14.60	Avg steps: 873
2020-08-01 05:03:35,286	INFO	Total steps: 251688	Episode: 480/598	Avg reward: -15.20	Avg steps: 720
2020-08-01 05:07:23,872	INFO	Total steps: 267751	Episode: 500/566	Avg reward: -13.45	Avg steps: 802
2020-08-01 05:11:06,612	INFO	Total steps: 283485	Episode: 520/1085	Avg reward: -14.10	Avg steps: 785
2020-08-01 05:16:30,771	INFO	Total steps: 306576	Episode: 540/968	Avg reward: -12.75	Avg steps: 1153
2020-08-01 05:21:36,237	INFO	Total steps: 328857	Episode: 560/597	Avg reward: -13.75	Avg steps: 1113
2020-08-01 05:27:14,975	INFO	Total steps: 353399	Episode: 580/1573	Avg reward: -11.55	Avg steps: 1226
2020-08-01 05:33:15,151	INFO	Total steps: 381293	Episode: 600/2035	Avg reward: -10.50	Avg steps: 1393
2020-08-01 05:38:35,183	INFO	Total steps: 406661	Episode: 620/993	Avg reward: -11.80	Avg steps: 1267
2020-08-01 05:44:02,906	INFO	Total steps: 432854	Episode: 640/1482	Avg reward: -12.10	Avg steps: 1308
2020-08-01 05:49:57,000	INFO	Total steps: 461180	Episode: 660/1117	Avg reward: -9.90	Avg steps: 1415
2020-08-01 05:54:49,420	INFO	Total steps: 484541	Episode: 680/1108	Avg reward: -11.35	Avg steps: 1167
2020-08-01 06:00:03,873	INFO	Total steps: 509905	Episode: 700/1631	Avg reward: -11.20	Avg steps: 1267
2020-08-01 06:06:01,645	INFO	Total steps: 539313	Episode: 720/792	Avg reward: -10.35	Avg steps: 1469
2020-08-01 06:12:59,485	INFO	Total steps: 574063	Episode: 740/3281	Avg reward: -9.50	Avg steps: 1736
2020-08-01 06:20:11,909	INFO	Total steps: 609910	Episode: 760/827	Avg reward: -9.05	Avg steps: 1791
2020-08-01 06:24:43,494	INFO	Total steps: 632292	Episode: 780/1469	Avg reward: -11.40	Avg steps: 1118
2020-08-01 06:30:05,818	INFO	Total steps: 658976	Episode: 800/1045	Avg reward: -10.50	Avg steps: 1333
2020-08-01 06:33:52,186	INFO	Total steps: 677401	Episode: 820/847	Avg reward: -13.35	Avg steps: 920
2020-08-01 06:42:26,305	INFO	Total steps: 719498	Episode: 840/3540	Avg reward: -9.15	Avg steps: 2103
2020-08-01 06:49:53,653	INFO	Total steps: 756253	Episode: 860/1741	Avg reward: -10.80	Avg steps: 1836
2020-08-01 06:59:31,958	INFO	Total steps: 803481	Episode: 880/2709	Avg reward: -6.25	Avg steps: 2360
2020-08-01 07:03:33,446	INFO	Total steps: 823636	Episode: 900/762	Avg reward: -14.45	Avg steps: 1006
2020-08-01 07:07:21,073	INFO	Total steps: 842443	Episode: 920/1089	Avg reward: -12.75	Avg steps: 939
2020-08-01 07:12:00,643	INFO	Total steps: 865876	Episode: 940/1017	Avg reward: -12.35	Avg steps: 1170
2020-08-01 07:17:40,186	INFO	Total steps: 893867	Episode: 960/1539	Avg reward: -11.15	Avg steps: 1398
2020-08-01 07:25:51,936	INFO	Total steps: 934245	Episode: 980/1454	Avg reward: -11.30	Avg steps: 2017
2020-08-01 07:31:26,747	INFO	Total steps: 961869	Episode: 1000/1369	Avg reward: -14.20	Avg steps: 1380
2020-08-01 07:38:17,559	INFO	Total steps: 995692	Episode: 1020/1592	Avg reward: -12.75	Avg steps: 1690
2020-08-01 07:43:05,955	INFO	Total steps: 1019418	Episode: 1040/902	Avg reward: -15.20	Avg steps: 1185
2020-08-01 07:47:32,358	INFO	Total steps: 1041579	Episode: 1060/1233	Avg reward: -14.65	Avg steps: 1107
2020-08-01 07:52:12,693	INFO	Total steps: 1064708	Episode: 1080/1214	Avg reward: -13.95	Avg steps: 1155
2020-08-01 07:59:23,740	INFO	Total steps: 1099801	Episode: 1100/2582	Avg reward: -12.00	Avg steps: 1753
2020-08-01 08:07:24,271	INFO	Total steps: 1138828	Episode: 1120/2943	Avg reward: -11.75	Avg steps: 1950
2020-08-01 08:13:39,435	INFO	Total steps: 1169748	Episode: 1140/1130	Avg reward: -13.80	Avg steps: 1545
2020-08-01 08:28:31,906	INFO	Total steps: 1242672	Episode: 1160/2781	Avg reward: -4.15	Avg steps: 3645
2020-08-01 08:38:20,323	INFO	Total steps: 1291390	Episode: 1180/2329	Avg reward: -8.30	Avg steps: 2434
2020-08-01 08:47:09,424	INFO	Total steps: 1334882	Episode: 1200/2200	Avg reward: -7.55	Avg steps: 2173
2020-08-01 08:58:37,975	INFO	Total steps: 1391186	Episode: 1220/3418	Avg reward: -7.50	Avg steps: 2814
2020-08-01 09:10:07,722	INFO	Total steps: 1445710	Episode: 1240/4450	Avg reward: -8.35	Avg steps: 2725
2020-08-01 09:36:51,750	INFO	Total steps: 1561963	Episode: 1260/3621	Avg reward: 2.45	Avg steps: 5811
2020-08-01 10:04:56,199	INFO	Total steps: 1679638	Episode: 1280/9559	Avg reward: -2.45	Avg steps: 5882
2020-08-01 10:34:25,068	INFO	Total steps: 1803214	Episode: 1300/4118	Avg reward: 0.95	Avg steps: 6177
2020-08-01 10:56:54,617	INFO	Total steps: 1897583	Episode: 1320/4308	Avg reward: -0.95	Avg steps: 4717
2020-08-01 11:21:24,632	INFO	Total steps: 1999765	Episode: 1340/8541	Avg reward: 1.00	Avg steps: 5108
2020-08-01 11:57:39,341	INFO	Total steps: 2151555	Episode: 1360/4871	Avg reward: -0.90	Avg steps: 7588
2020-08-01 12:17:12,751	INFO	Total steps: 2233854	Episode: 1380/3212	Avg reward: -4.85	Avg steps: 4113
2020-08-01 12:26:43,234	INFO	Total steps: 2273455	Episode: 1400/1564	Avg reward: -8.95	Avg steps: 1979
2020-08-01 12:32:59,797	INFO	Total steps: 2300051	Episode: 1420/734	Avg reward: -13.60	Avg steps: 1328
2020-08-01 12:39:17,114	INFO	Total steps: 2326069	Episode: 1440/1723	Avg reward: -13.55	Avg steps: 1299
2020-08-01 12:50:21,571	INFO	Total steps: 2372466	Episode: 1460/1806	Avg reward: -10.20	Avg steps: 2318
2020-08-01 13:00:01,384	INFO	Total steps: 2412772	Episode: 1480/1466	Avg reward: -12.10	Avg steps: 2014
2020-08-01 13:09:20,212	INFO	Total steps: 2452267	Episode: 1500/1776	Avg reward: -11.45	Avg steps: 1973
2020-08-01 13:18:02,926	INFO	Total steps: 2489109	Episode: 1520/1895	Avg reward: -11.00	Avg steps: 1841
2020-08-01 13:27:37,602	INFO	Total steps: 2529250	Episode: 1540/3135	Avg reward: -9.90	Avg steps: 2006
2020-08-01 13:41:28,763	INFO	Total steps: 2586939	Episode: 1560/2731	Avg reward: -8.70	Avg steps: 2883
2020-08-01 14:02:44,351	INFO	Total steps: 2675939	Episode: 1580/5433	Avg reward: -5.85	Avg steps: 4449
2020-08-01 14:21:46,577	INFO	Total steps: 2755807	Episode: 1600/3102	Avg reward: -5.45	Avg steps: 3992
2020-08-01 14:35:47,437	INFO	Total steps: 2814481	Episode: 1620/4087	Avg reward: -7.95	Avg steps: 2932
2020-08-01 14:51:46,768	INFO	Total steps: 2881237	Episode: 1640/3718	Avg reward: -5.05	Avg steps: 3336
2020-08-01 15:25:51,600	INFO	Total steps: 3022273	Episode: 1660/6823	Avg reward: 5.50	Avg steps: 7050
2020-08-01 16:00:35,378	INFO	Total steps: 3166346	Episode: 1680/7089	Avg reward: 7.80	Avg steps: 7202
2020-08-01 16:40:04,080	INFO	Total steps: 3330056	Episode: 1700/10806	Avg reward: 1.10	Avg steps: 8184
2020-08-01 17:12:19,014	INFO	Total steps: 3463536	Episode: 1720/4038	Avg reward: 3.25	Avg steps: 6673
2020-08-01 17:43:30,335	INFO	Total steps: 3594337	Episode: 1740/6520	Avg reward: 9.55	Avg steps: 6539
2020-08-01 18:31:55,040	INFO	Total steps: 3797624	Episode: 1760/8838	Avg reward: 11.00	Avg steps: 10163
2020-08-01 19:27:07,806	INFO	Total steps: 4029152	Episode: 1780/9352	Avg reward: 6.45	Avg steps: 11575
2020-08-01 20:21:22,963	INFO	Total steps: 4255628	Episode: 1800/14727	Avg reward: 4.00	Avg steps: 11322
2020-08-01 21:33:32,295	INFO	Total steps: 4558308	Episode: 1820/14112	Avg reward: 7.15	Avg steps: 15133
2020-08-01 22:27:51,550	INFO	Total steps: 4790162	Episode: 1840/7050	Avg reward: 3.40	Avg steps: 11591
2020-08-01 23:30:10,589	INFO	Total steps: 5068741	Episode: 1860/8249	Avg reward: 4.35	Avg steps: 13927
2020-08-02 00:42:52,235	INFO	Total steps: 5361509	Episode: 1880/9801	Avg reward: 1.70	Avg steps: 14637
2020-08-02 01:37:02,511	INFO	Total steps: 5579742	Episode: 1900/14768	Avg reward: 1.40	Avg steps: 10910
2020-08-02 02:53:49,885	INFO	Total steps: 5884386	Episode: 1920/15531	Avg reward: 7.70	Avg steps: 15231
2020-08-02 04:12:48,211	INFO	Total steps: 6196802	Episode: 1940/14773	Avg reward: 12.45	Avg steps: 15619
2020-08-02 05:12:54,025	INFO	Total steps: 6434793	Episode: 1960/5232	Avg reward: 8.00	Avg steps: 11898
2020-08-02 05:29:32,719	INFO	Total steps: 6501169	Episode: 1980/10440	Avg reward: -10.25	Avg steps: 3317
2020-08-02 06:09:27,950	INFO	Total steps: 6660617	Episode: 2000/3662	Avg reward: 9.45	Avg steps: 7971
2020-08-02 07:00:16,501	INFO	Total steps: 6864208	Episode: 2020/7884	Avg reward: 10.95	Avg steps: 10178
2020-08-02 07:55:29,619	INFO	Total steps: 7084727	Episode: 2040/11173	Avg reward: 6.90	Avg steps: 11024
2020-08-02 08:56:24,021	INFO	Total steps: 7324333	Episode: 2060/6521	Avg reward: 8.10	Avg steps: 11979
2020-08-02 09:44:41,844	INFO	Total steps: 7515742	Episode: 2080/10775	Avg reward: 6.05	Avg steps: 9569
2020-08-02 10:28:29,657	INFO	Total steps: 7690802	Episode: 2100/7220	Avg reward: 4.90	Avg steps: 8752
2020-08-02 11:19:34,121	INFO	Total steps: 7894260	Episode: 2120/7248	Avg reward: 6.65	Avg steps: 10171
2020-08-02 12:03:12,419	INFO	Total steps: 8067868	Episode: 2140/9253	Avg reward: 13.65	Avg steps: 8679
2020-08-02 12:54:07,301	INFO	Total steps: 8270979	Episode: 2160/14837	Avg reward: 15.25	Avg steps: 10154
2020-08-02 13:36:23,036	INFO	Total steps: 8437807	Episode: 2180/8606	Avg reward: 10.40	Avg steps: 8340
2020-08-02 14:15:05,594	INFO	Total steps: 8591467	Episode: 2200/12946	Avg reward: 12.45	Avg steps: 7682
2020-08-02 14:54:38,052	INFO	Total steps: 8748290	Episode: 2220/7539	Avg reward: 1.95	Avg steps: 7840
2020-08-02 15:40:11,363	INFO	Total steps: 8929722	Episode: 2240/12580	Avg reward: 9.45	Avg steps: 9070
2020-08-02 16:23:38,678	INFO	Total steps: 9101530	Episode: 2260/5570	Avg reward: 3.55	Avg steps: 8589
2020-08-02 17:03:15,813	INFO	Total steps: 9259464	Episode: 2280/9534	Avg reward: 5.30	Avg steps: 7895
2020-08-02 17:52:44,782	INFO	Total steps: 9459702	Episode: 2300/9996	Avg reward: 7.40	Avg steps: 10010
2020-08-02 18:28:59,924	INFO	Total steps: 9606425	Episode: 2320/5074	Avg reward: 4.30	Avg steps: 7335
2020-08-02 19:19:21,949	INFO	Total steps: 9809650	Episode: 2340/11500	Avg reward: 5.20	Avg steps: 10160
2020-08-02 19:51:05,206	INFO	Total steps: 9937410	Episode: 2360/931	Avg reward: 2.60	Avg steps: 6387
2020-08-02 19:57:01,084	INFO	Total steps: 9961294	Episode: 2380/2900	Avg reward: -13.45	Avg steps: 1193
2020-08-02 20:40:43,505	INFO	Total steps: 10137930	Episode: 2400/12795	Avg reward: 11.05	Avg steps: 8830
2020-08-02 21:42:32,363	INFO	Total steps: 10386687	Episode: 2420/11420	Avg reward: 4.25	Avg steps: 12436
2020-08-02 22:56:54,984	INFO	Total steps: 10687176	Episode: 2440/18850	Avg reward: 9.05	Avg steps: 15023
2020-08-02 23:39:00,674	INFO	Total steps: 10856203	Episode: 2460/2530	Avg reward: -1.75	Avg steps: 8450
2020-08-02 23:49:13,901	INFO	Total steps: 10897688	Episode: 2480/1275	Avg reward: -8.90	Avg steps: 2073
2020-08-02 23:55:47,320	INFO	Total steps: 10923917	Episode: 2500/1497	Avg reward: -11.30	Avg steps: 1310
2020-08-03 00:02:27,678	INFO	Total steps: 10951061	Episode: 2520/1520	Avg reward: -10.10	Avg steps: 1356
2020-08-03 00:09:28,589	INFO	Total steps: 10979593	Episode: 2540/1384	Avg reward: -10.45	Avg steps: 1425
2020-08-03 00:17:44,000	INFO	Total steps: 11012828	Episode: 2560/1451	Avg reward: -9.80	Avg steps: 1660
2020-08-03 00:39:04,056	INFO	Total steps: 11099424	Episode: 2580/11771	Avg reward: -7.90	Avg steps: 4328
2020-08-03 01:33:47,946	INFO	Total steps: 11320751	Episode: 2600/8460	Avg reward: 8.65	Avg steps: 11065
2020-08-03 02:48:28,293	INFO	Total steps: 11621498	Episode: 2620/15145	Avg reward: 2.65	Avg steps: 15036
2020-08-03 04:17:04,846	INFO	Total steps: 11978783	Episode: 2640/26370	Avg reward: 3.35	Avg steps: 17863
2020-08-03 06:02:30,986	INFO	Total steps: 12405360	Episode: 2660/17975	Avg reward: 13.95	Avg steps: 21327
2020-08-03 07:43:17,299	INFO	Total steps: 12812985	Episode: 2680/18721	Avg reward: 8.45	Avg steps: 20380
2020-08-03 09:08:18,102	INFO	Total steps: 13155593	Episode: 2700/8187	Avg reward: 11.45	Avg steps: 17129
2020-08-03 10:16:34,424	INFO	Total steps: 13431641	Episode: 2720/8079	Avg reward: 9.55	Avg steps: 13801
2020-08-03 11:31:50,136	INFO	Total steps: 13747236	Episode: 2740/19734	Avg reward: 6.45	Avg steps: 15778
2020-08-03 12:23:01,289	INFO	Total steps: 13968087	Episode: 2760/7106	Avg reward: -4.25	Avg steps: 11041
2020-08-03 13:47:31,719	INFO	Total steps: 14318947	Episode: 2780/23307	Avg reward: 2.40	Avg steps: 17542
2020-08-03 15:40:58,000	INFO	Total steps: 14788091	Episode: 2800/27039	Avg reward: 9.20	Avg steps: 23456
